 110000: system.cpu: T0 : 0x4014c0 @_start    : hint	                     
 110000: system.cpu: T0 : 0x4014c4 @_start+4    : xor	ebp                   
 110000: system.cpu: T0 : 0x4014c6 @_start+6    : mov	rdx                   
 110000: system.cpu: T0 : 0x4014c9 @_start+9    : pop	rsi                   
 110000: system.cpu: T0 : 0x4014ca @_start+10    : mov	rsp                   
 110000: system.cpu: T0 : 0x4014cd @_start+13    : and	rsp, 0xfffffffffffffff0
 111000: system.cpu: T0 : 0x4014d1 @_start+17    : push	rax                  
 111000: system.cpu: T0 : 0x4014d2 @_start+18    : push	rsp                  
 111000: system.cpu: T0 : 0x4014d3 @_start+19    : xor	r8d                   
 111000: system.cpu: T0 : 0x4014d6 @_start+22    : xor	ecx                   
 111000: system.cpu: T0 : 0x4014d8 @_start+24    : mov	rdi, 0x40161b         
 112000: system.cpu: T0 : 0x4014df @_start+31    : call	0x140b               
 230000: system.cpu: T0 : 0x4028f0 @__libc_start_main    : hint	                     
 230000: system.cpu: T0 : 0x4028f4 @__libc_start_main+4    : push	r15                  
 230000: system.cpu: T0 : 0x4028f6 @__libc_start_main+6    : movsxd	rax                
 230000: system.cpu: T0 : 0x4028f9 @__libc_start_main+9    : push	r14                  
 230000: system.cpu: T0 : 0x4028fb @__libc_start_main+11    : push	r13                  
 231000: system.cpu: T0 : 0x4028fd @__libc_start_main+13    : mov	rdx                   
 326000: system.cpu: T0 : 0x402900 @__libc_start_main+16    : push	r12                  
 326000: system.cpu: T0 : 0x402902 @__libc_start_main+18    : mov	rax                   
 326000: system.cpu: T0 : 0x402905 @__libc_start_main+21    : push	rbp                  
 326000: system.cpu: T0 : 0x402906 @__libc_start_main+22    : push	rbx                  
 326000: system.cpu: T0 : 0x402907 @__libc_start_main+23    : sub	rsp, 0xe8             
 327000: system.cpu: T0 : 0x40290e @__libc_start_main+30    : mov	SS:[t0 + rsp + 0x70], rdi
 327000: system.cpu: T0 : 0x402913 @__libc_start_main+35    : lea	rdi, DS:[8*rax + rdx + 0x8]
 327000: system.cpu: T0 : 0x402918 @__libc_start_main+40    : mov	rax, SS:[t0 + rsp + 0x120]
 327000: system.cpu: T0 : 0x402920 @__libc_start_main+48    : mov	SS:[t0 + rsp + 0x78], r9
 327000: system.cpu: T0 : 0x402925 @__libc_start_main+53    : mov	DS:[rip + 0xc8914], rdi
 327000: system.cpu: T0 : 0x40292c @__libc_start_main+60    : mov	DS:[rip + 0xc112d], rax
 328000: system.cpu: T0 : 0x402933 @__libc_start_main+67    : hint	                     
 328000: system.cpu: T0 : 0x402938 @__libc_start_main+72    : add	rdi, 0x8              
 423000: system.cpu: T0 : 0x40293c @__libc_start_main+76    : cmp	DS:[rdi + 0xfffffffffffffff8], 0
 423000: system.cpu: T0 : 0x402941 @__libc_start_main+81    : jnz	0xfffffffffffffff5    
 423000: system.cpu: T0 : 0x402943 @__libc_start_main+83    : call	0x510a8              
 536000: system.cpu: T0 : 0x4539f0 @_dl_aux_init    : hint	                     
 536000: system.cpu: T0 : 0x4539f4 @_dl_aux_init+4    : mov	rax, DS:[rdi]         
 536000: system.cpu: T0 : 0x4539f7 @_dl_aux_init+7    : mov	DS:[rip + 0x7793a], rdi
 631000: system.cpu: T0 : 0x4539fe @_dl_aux_init+14    : test	rax                  
 631000: system.cpu: T0 : 0x453a01 @_dl_aux_init+17    : jz	0x3d1                  
 631000: system.cpu: T0 : 0x453a07 @_dl_aux_init+23    : push	r15                  
 631000: system.cpu: T0 : 0x453a09 @_dl_aux_init+25    : mov	rdi                   
 631000: system.cpu: T0 : 0x453a0c @_dl_aux_init+28    : xor	r9d                   
 632000: system.cpu: T0 : 0x453a0f @_dl_aux_init+31    : xor	r11d                  
 632000: system.cpu: T0 : 0x453a12 @_dl_aux_init+34    : push	r14                  
 632000: system.cpu: T0 : 0x453a14 @_dl_aux_init+36    : xor	r15d                  
 632000: system.cpu: T0 : 0x453a17 @_dl_aux_init+39    : xor	r14d                  
 632000: system.cpu: T0 : 0x453a1a @_dl_aux_init+42    : xor	r10d                  
 632000: system.cpu: T0 : 0x453a1d @_dl_aux_init+45    : push	r13                  
 633000: system.cpu: T0 : 0x453a1f @_dl_aux_init+47    : xor	edi                   
 633000: system.cpu: T0 : 0x453a21 @_dl_aux_init+49    : xor	r13d                  
 633000: system.cpu: T0 : 0x453a24 @_dl_aux_init+52    : xor	r8d                   
 633000: system.cpu: T0 : 0x453a27 @_dl_aux_init+55    : push	r12                  
 633000: system.cpu: T0 : 0x453a29 @_dl_aux_init+57    : xor	esi                   
 633000: system.cpu: T0 : 0x453a2b @_dl_aux_init+59    : xor	r12d                  
 633000: system.cpu: T0 : 0x453a2e @_dl_aux_init+62    : lea	rcx, DS:[rip + 0x4914b]
 634000: system.cpu: T0 : 0x453a35 @_dl_aux_init+69    : push	rbp                  
 634000: system.cpu: T0 : 0x453a36 @_dl_aux_init+70    : xor	ebp                   
 634000: system.cpu: T0 : 0x453a38 @_dl_aux_init+72    : push	rbx                  
 634000: system.cpu: T0 : 0x453a39 @_dl_aux_init+73    : xor	ebx                   
 634000: system.cpu: T0 : 0x453a3b @_dl_aux_init+75    : mov	SS:[t0 + rsp + 0xffffffffffffffc3], 0
 730000: system.cpu: T0 : 0x453a40 @_dl_aux_init+80    : mov	SS:[t0 + rsp + 0xffffffffffffffc2], 0
 730000: system.cpu: T0 : 0x453a45 @_dl_aux_init+85    : mov	SS:[t0 + rsp + 0xffffffffffffffc1], 0
 730000: system.cpu: T0 : 0x453a4a @_dl_aux_init+90    : hint	                     
 730000: system.cpu: T0 : 0x453a50 @_dl_aux_init+96    : sub	rax, 0x3              
 730000: system.cpu: T0 : 0x453a54 @_dl_aux_init+100    : cmp	rax, 0x30             
 731000: system.cpu: T0 : 0x453a58 @_dl_aux_init+104    : jnbe	0x26                 
 731000: system.cpu: T0 : 0x453a5a @_dl_aux_init+106    : movsxd	rax, DS:[4*rax + rcx]
 731000: system.cpu: T0 : 0x453a5e @_dl_aux_init+110    : add	rcx                   
 731000: system.cpu: T0 : 0x453a61 @_dl_aux_init+113    : jmp	                      
 949000: system.cpu: T0 : 0x453b90 @_dl_aux_init+416    : mov	rax, DS:[rdx + 0x8]   
 949000: system.cpu: T0 : 0x453b94 @_dl_aux_init+420    : add	rdx, 0x10             
 949000: system.cpu: T0 : 0x453b98 @_dl_aux_init+424    : mov	ebp, 0x1              
 949000: system.cpu: T0 : 0x453b9d @_dl_aux_init+429    : mov	SS:[t0 + rsp + 0xffffffffffffffc8], rax
 949000: system.cpu: T0 : 0x453ba2 @_dl_aux_init+434    : mov	rax, DS:[rdx]         
 949000: system.cpu: T0 : 0x453ba5 @_dl_aux_init+437    : test	rax                  
 949000: system.cpu: T0 : 0x453ba8 @_dl_aux_init+440    : jnz	0xfffffffffffffea2    
 965000: system.cpu: T0 : 0x453a50 @_dl_aux_init+96    : sub	rax, 0x3              
 965000: system.cpu: T0 : 0x453a54 @_dl_aux_init+100    : cmp	rax, 0x30             
 965000: system.cpu: T0 : 0x453a58 @_dl_aux_init+104    : jnbe	0x26                 
 965000: system.cpu: T0 : 0x453a5a @_dl_aux_init+106    : movsxd	rax, DS:[4*rax + rcx]
 966000: system.cpu: T0 : 0x453a5e @_dl_aux_init+110    : add	rcx                   
 966000: system.cpu: T0 : 0x453a61 @_dl_aux_init+113    : jmp	                      
1076000: system.cpu: T0 : 0x453c80 @_dl_aux_init+656    : mov	rax, DS:[rdx + 0x8]   
1076000: system.cpu: T0 : 0x453c84 @_dl_aux_init+660    : add	rdx, 0x10             
1076000: system.cpu: T0 : 0x453c88 @_dl_aux_init+664    : mov	r14d, 0x1             
1076000: system.cpu: T0 : 0x453c8e @_dl_aux_init+670    : mov	SS:[t0 + rsp + 0xfffffffffffffff0], rax
1076000: system.cpu: T0 : 0x453c93 @_dl_aux_init+675    : mov	rax, DS:[rdx]         
1076000: system.cpu: T0 : 0x453c96 @_dl_aux_init+678    : test	rax                  
1076000: system.cpu: T0 : 0x453c99 @_dl_aux_init+681    : jnz	0xfffffffffffffdb1    
1092000: system.cpu: T0 : 0x453a50 @_dl_aux_init+96    : sub	rax, 0x3              
1092000: system.cpu: T0 : 0x453a54 @_dl_aux_init+100    : cmp	rax, 0x30             
1092000: system.cpu: T0 : 0x453a58 @_dl_aux_init+104    : jnbe	0x26                 
1092000: system.cpu: T0 : 0x453a5a @_dl_aux_init+106    : movsxd	rax, DS:[4*rax + rcx]
1093000: system.cpu: T0 : 0x453a5e @_dl_aux_init+110    : add	rcx                   
1093000: system.cpu: T0 : 0x453a61 @_dl_aux_init+113    : jmp	                      
1203000: system.cpu: T0 : 0x453d50 @_dl_aux_init+864    : mov	rax, DS:[rdx + 0x8]   
1203000: system.cpu: T0 : 0x453d54 @_dl_aux_init+868    : test	rax                  
1203000: system.cpu: T0 : 0x453d57 @_dl_aux_init+871    : cmovz	rax, SS:[t0 + rsp + 0xffffffffffffffa8]
1203000: system.cpu: T0 : 0x453d5d @_dl_aux_init+877    : mov	SS:[t0 + rsp + 0xffffffffffffffa8], rax
1203000: system.cpu: T0 : 0x453d62 @_dl_aux_init+882    : mov	eax, 0x1              
1203000: system.cpu: T0 : 0x453d67 @_dl_aux_init+887    : cmovnz	r10d               
1204000: system.cpu: T0 : 0x453d6b @_dl_aux_init+891    : mov	rax, DS:[rdx + 0x10]  
1204000: system.cpu: T0 : 0x453d6f @_dl_aux_init+895    : add	rdx, 0x10             
1204000: system.cpu: T0 : 0x453d73 @_dl_aux_init+899    : test	rax                  
1204000: system.cpu: T0 : 0x453d76 @_dl_aux_init+902    : jnz	0xfffffffffffffcd4    
1218000: system.cpu: T0 : 0x453a50 @_dl_aux_init+96    : sub	rax, 0x3              
1218000: system.cpu: T0 : 0x453a54 @_dl_aux_init+100    : cmp	rax, 0x30             
1218000: system.cpu: T0 : 0x453a58 @_dl_aux_init+104    : jnbe	0x26                 
1218000: system.cpu: T0 : 0x453a5a @_dl_aux_init+106    : movsxd	rax, DS:[4*rax + rcx]
1219000: system.cpu: T0 : 0x453a5e @_dl_aux_init+110    : add	rcx                   
1219000: system.cpu: T0 : 0x453a61 @_dl_aux_init+113    : jmp	                      
1329000: system.cpu: T0 : 0x453c58 @_dl_aux_init+616    : mov	eax, DS:[rdx + 0x8]   
1329000: system.cpu: T0 : 0x453c5b @_dl_aux_init+619    : add	rdx, 0x10             
1329000: system.cpu: T0 : 0x453c5f @_dl_aux_init+623    : mov	r15d, 0x1             
1329000: system.cpu: T0 : 0x453c65 @_dl_aux_init+629    : mov	SS:[t0 + rsp + 0xffffffffffffffd4], rax
1329000: system.cpu: T0 : 0x453c69 @_dl_aux_init+633    : mov	rax, DS:[rdx]         
1329000: system.cpu: T0 : 0x453c6c @_dl_aux_init+636    : test	rax                  
1329000: system.cpu: T0 : 0x453c6f @_dl_aux_init+639    : jnz	0xfffffffffffffddb    
1345000: system.cpu: T0 : 0x453a50 @_dl_aux_init+96    : sub	rax, 0x3              
1345000: system.cpu: T0 : 0x453a54 @_dl_aux_init+100    : cmp	rax, 0x30             
1345000: system.cpu: T0 : 0x453a58 @_dl_aux_init+104    : jnbe	0x26                 
1345000: system.cpu: T0 : 0x453a5a @_dl_aux_init+106    : movsxd	rax, DS:[4*rax + rcx]
1346000: system.cpu: T0 : 0x453a5e @_dl_aux_init+110    : add	rcx                   
1346000: system.cpu: T0 : 0x453a61 @_dl_aux_init+113    : jmp	                      
1363000: system.cpu: T0 : 0x453db0 @_dl_aux_init+960    : mov	rax, DS:[rdx + 0x8]   
1363000: system.cpu: T0 : 0x453db4 @_dl_aux_init+964    : add	rdx, 0x10             
1363000: system.cpu: T0 : 0x453db8 @_dl_aux_init+968    : mov	SS:[t0 + rsp + 0xffffffffffffffc1], 0x1
1458000: system.cpu: T0 : 0x453dbd @_dl_aux_init+973    : mov	SS:[t0 + rsp + 0xffffffffffffffd8], rax
1458000: system.cpu: T0 : 0x453dc2 @_dl_aux_init+978    : mov	rax, DS:[rdx]         
1458000: system.cpu: T0 : 0x453dc5 @_dl_aux_init+981    : test	rax                  
1458000: system.cpu: T0 : 0x453dc8 @_dl_aux_init+984    : jnz	0xfffffffffffffc82    
1472000: system.cpu: T0 : 0x453a50 @_dl_aux_init+96    : sub	rax, 0x3              
1472000: system.cpu: T0 : 0x453a54 @_dl_aux_init+100    : cmp	rax, 0x30             
1472000: system.cpu: T0 : 0x453a58 @_dl_aux_init+104    : jnbe	0x26                 
1472000: system.cpu: T0 : 0x453a5a @_dl_aux_init+106    : movsxd	rax, DS:[4*rax + rcx]
1473000: system.cpu: T0 : 0x453a5e @_dl_aux_init+110    : add	rcx                   
1473000: system.cpu: T0 : 0x453a61 @_dl_aux_init+113    : jmp	                      
1489000: system.cpu: T0 : 0x453a80 @_dl_aux_init+144    : mov	rax, DS:[rdx + 0x10]  
1489000: system.cpu: T0 : 0x453a84 @_dl_aux_init+148    : add	rdx, 0x10             
1489000: system.cpu: T0 : 0x453a88 @_dl_aux_init+152    : test	rax                  
1489000: system.cpu: T0 : 0x453a8b @_dl_aux_init+155    : jnz	0xffffffffffffffc3    
1508000: system.cpu: T0 : 0x453a50 @_dl_aux_init+96    : sub	rax, 0x3              
1508000: system.cpu: T0 : 0x453a54 @_dl_aux_init+100    : cmp	rax, 0x30             
1508000: system.cpu: T0 : 0x453a58 @_dl_aux_init+104    : jnbe	0x26                 
1508000: system.cpu: T0 : 0x453a5a @_dl_aux_init+106    : movsxd	rax, DS:[4*rax + rcx]
1509000: system.cpu: T0 : 0x453a5e @_dl_aux_init+110    : add	rcx                   
1509000: system.cpu: T0 : 0x453a61 @_dl_aux_init+113    : jmp	                      
1529000: system.cpu: T0 : 0x453d88 @_dl_aux_init+920    : mov	rax, DS:[rdx + 0x8]   
1529000: system.cpu: T0 : 0x453d8c @_dl_aux_init+924    : add	rdx, 0x10             
1529000: system.cpu: T0 : 0x453d90 @_dl_aux_init+928    : mov	SS:[t0 + rsp + 0xffffffffffffffc2], 0x1
1529000: system.cpu: T0 : 0x453d95 @_dl_aux_init+933    : mov	SS:[t0 + rsp + 0xffffffffffffffe0], rax
1529000: system.cpu: T0 : 0x453d9a @_dl_aux_init+938    : mov	rax, DS:[rdx]         
1529000: system.cpu: T0 : 0x453d9d @_dl_aux_init+941    : test	rax                  
1530000: system.cpu: T0 : 0x453da0 @_dl_aux_init+944    : jnz	0xfffffffffffffcaa    
1551000: system.cpu: T0 : 0x453a50 @_dl_aux_init+96    : sub	rax, 0x3              
1551000: system.cpu: T0 : 0x453a54 @_dl_aux_init+100    : cmp	rax, 0x30             
1551000: system.cpu: T0 : 0x453a58 @_dl_aux_init+104    : jnbe	0x26                 
1551000: system.cpu: T0 : 0x453a5a @_dl_aux_init+106    : movsxd	rax, DS:[4*rax + rcx]
1552000: system.cpu: T0 : 0x453a5e @_dl_aux_init+110    : add	rcx                   
1552000: system.cpu: T0 : 0x453a61 @_dl_aux_init+113    : jmp	                      
1569000: system.cpu: T0 : 0x453a80 @_dl_aux_init+144    : mov	rax, DS:[rdx + 0x10]  
1569000: system.cpu: T0 : 0x453a84 @_dl_aux_init+148    : add	rdx, 0x10             
1569000: system.cpu: T0 : 0x453a88 @_dl_aux_init+152    : test	rax                  
1569000: system.cpu: T0 : 0x453a8b @_dl_aux_init+155    : jnz	0xffffffffffffffc3    
1663000: system.cpu: T0 : 0x453a50 @_dl_aux_init+96    : sub	rax, 0x3              
1663000: system.cpu: T0 : 0x453a54 @_dl_aux_init+100    : cmp	rax, 0x30             
1663000: system.cpu: T0 : 0x453a58 @_dl_aux_init+104    : jnbe	0x26                 
1663000: system.cpu: T0 : 0x453a5a @_dl_aux_init+106    : movsxd	rax, DS:[4*rax + rcx]
1664000: system.cpu: T0 : 0x453a5e @_dl_aux_init+110    : add	rcx                   
1664000: system.cpu: T0 : 0x453a61 @_dl_aux_init+113    : jmp	                      
1704000: system.cpu: T0 : 0x453a80 @_dl_aux_init+144    : mov	rax, DS:[rdx + 0x10]  
1704000: system.cpu: T0 : 0x453a84 @_dl_aux_init+148    : add	rdx, 0x10             
1704000: system.cpu: T0 : 0x453a88 @_dl_aux_init+152    : test	rax                  
1704000: system.cpu: T0 : 0x453a8b @_dl_aux_init+155    : jnz	0xffffffffffffffc3    
1706000: system.cpu: T0 : 0x453a50 @_dl_aux_init+96    : sub	rax, 0x3              
1706000: system.cpu: T0 : 0x453a54 @_dl_aux_init+100    : cmp	rax, 0x30             
1706000: system.cpu: T0 : 0x453a58 @_dl_aux_init+104    : jnbe	0x26                 
1706000: system.cpu: T0 : 0x453a5a @_dl_aux_init+106    : movsxd	rax, DS:[4*rax + rcx]
1707000: system.cpu: T0 : 0x453a5e @_dl_aux_init+110    : add	rcx                   
1707000: system.cpu: T0 : 0x453a61 @_dl_aux_init+113    : jmp	                      
1730000: system.cpu: T0 : 0x453a80 @_dl_aux_init+144    : mov	rax, DS:[rdx + 0x10]  
1730000: system.cpu: T0 : 0x453a84 @_dl_aux_init+148    : add	rdx, 0x10             
1730000: system.cpu: T0 : 0x453a88 @_dl_aux_init+152    : test	rax                  
1730000: system.cpu: T0 : 0x453a8b @_dl_aux_init+155    : jnz	0xffffffffffffffc3    
1732000: system.cpu: T0 : 0x453a50 @_dl_aux_init+96    : sub	rax, 0x3              
1732000: system.cpu: T0 : 0x453a54 @_dl_aux_init+100    : cmp	rax, 0x30             
1732000: system.cpu: T0 : 0x453a58 @_dl_aux_init+104    : jnbe	0x26                 
1732000: system.cpu: T0 : 0x453a5a @_dl_aux_init+106    : movsxd	rax, DS:[4*rax + rcx]
1733000: system.cpu: T0 : 0x453a5e @_dl_aux_init+110    : add	rcx                   
1733000: system.cpu: T0 : 0x453a61 @_dl_aux_init+113    : jmp	                      
1863000: system.cpu: T0 : 0x453d30 @_dl_aux_init+832    : xor	r8d, DS:[rdx + 0x8]   
1863000: system.cpu: T0 : 0x453d34 @_dl_aux_init+836    : mov	rax, DS:[rdx + 0x10]  
1863000: system.cpu: T0 : 0x453d38 @_dl_aux_init+840    : add	rdx, 0x10             
1863000: system.cpu: T0 : 0x453d3c @_dl_aux_init+844    : or	esi, 0x1               
1865000: system.cpu: T0 : 0x453d3f @_dl_aux_init+847    : test	rax                  
1865000: system.cpu: T0 : 0x453d42 @_dl_aux_init+850    : jnz	0xfffffffffffffd08    
1878000: system.cpu: T0 : 0x453a50 @_dl_aux_init+96    : sub	rax, 0x3              
1878000: system.cpu: T0 : 0x453a54 @_dl_aux_init+100    : cmp	rax, 0x30             
1878000: system.cpu: T0 : 0x453a58 @_dl_aux_init+104    : jnbe	0x26                 
1878000: system.cpu: T0 : 0x453a5a @_dl_aux_init+106    : movsxd	rax, DS:[4*rax + rcx]
1879000: system.cpu: T0 : 0x453a5e @_dl_aux_init+110    : add	rcx                   
1879000: system.cpu: T0 : 0x453a61 @_dl_aux_init+113    : jmp	                      
1895000: system.cpu: T0 : 0x453d10 @_dl_aux_init+800    : xor	r8d, DS:[rdx + 0x8]   
1895000: system.cpu: T0 : 0x453d14 @_dl_aux_init+804    : mov	rax, DS:[rdx + 0x10]  
1895000: system.cpu: T0 : 0x453d18 @_dl_aux_init+808    : add	rdx, 0x10             
1895000: system.cpu: T0 : 0x453d1c @_dl_aux_init+812    : or	esi, 0x2               
1895000: system.cpu: T0 : 0x453d1f @_dl_aux_init+815    : test	rax                  
1896000: system.cpu: T0 : 0x453d22 @_dl_aux_init+818    : jnz	0xfffffffffffffd28    
1989000: system.cpu: T0 : 0x453a50 @_dl_aux_init+96    : sub	rax, 0x3              
1989000: system.cpu: T0 : 0x453a54 @_dl_aux_init+100    : cmp	rax, 0x30             
1989000: system.cpu: T0 : 0x453a58 @_dl_aux_init+104    : jnbe	0x26                 
1989000: system.cpu: T0 : 0x453a5a @_dl_aux_init+106    : movsxd	rax, DS:[4*rax + rcx]
1990000: system.cpu: T0 : 0x453a5e @_dl_aux_init+110    : add	rcx                   
1990000: system.cpu: T0 : 0x453a61 @_dl_aux_init+113    : jmp	                      
2027000: system.cpu: T0 : 0x453cf0 @_dl_aux_init+768    : xor	edi, DS:[rdx + 0x8]   
2027000: system.cpu: T0 : 0x453cf3 @_dl_aux_init+771    : mov	rax, DS:[rdx + 0x10]  
2027000: system.cpu: T0 : 0x453cf7 @_dl_aux_init+775    : add	rdx, 0x10             
2027000: system.cpu: T0 : 0x453cfb @_dl_aux_init+779    : or	esi, 0x4               
2029000: system.cpu: T0 : 0x453cfe @_dl_aux_init+782    : test	rax                  
2029000: system.cpu: T0 : 0x453d01 @_dl_aux_init+785    : jnz	0xfffffffffffffd49    
2048000: system.cpu: T0 : 0x453a50 @_dl_aux_init+96    : sub	rax, 0x3              
2048000: system.cpu: T0 : 0x453a54 @_dl_aux_init+100    : cmp	rax, 0x30             
2048000: system.cpu: T0 : 0x453a58 @_dl_aux_init+104    : jnbe	0x26                 
2048000: system.cpu: T0 : 0x453a5a @_dl_aux_init+106    : movsxd	rax, DS:[4*rax + rcx]
2049000: system.cpu: T0 : 0x453a5e @_dl_aux_init+110    : add	rcx                   
2049000: system.cpu: T0 : 0x453a61 @_dl_aux_init+113    : jmp	                      
2066000: system.cpu: T0 : 0x453cd0 @_dl_aux_init+736    : xor	edi, DS:[rdx + 0x8]   
2066000: system.cpu: T0 : 0x453cd3 @_dl_aux_init+739    : mov	rax, DS:[rdx + 0x10]  
2066000: system.cpu: T0 : 0x453cd7 @_dl_aux_init+743    : add	rdx, 0x10             
2066000: system.cpu: T0 : 0x453cdb @_dl_aux_init+747    : or	esi, 0x8               
2066000: system.cpu: T0 : 0x453cde @_dl_aux_init+750    : test	rax                  
2067000: system.cpu: T0 : 0x453ce1 @_dl_aux_init+753    : jnz	0xfffffffffffffd69    
2085000: system.cpu: T0 : 0x453a50 @_dl_aux_init+96    : sub	rax, 0x3              
2085000: system.cpu: T0 : 0x453a54 @_dl_aux_init+100    : cmp	rax, 0x30             
2085000: system.cpu: T0 : 0x453a58 @_dl_aux_init+104    : jnbe	0x26                 
2085000: system.cpu: T0 : 0x453a5a @_dl_aux_init+106    : movsxd	rax, DS:[4*rax + rcx]
2086000: system.cpu: T0 : 0x453a5e @_dl_aux_init+110    : add	rcx                   
2086000: system.cpu: T0 : 0x453a61 @_dl_aux_init+113    : jmp	                      
2196000: system.cpu: T0 : 0x453c08 @_dl_aux_init+536    : mov	eax, DS:[rdx + 0x8]   
2196000: system.cpu: T0 : 0x453c0b @_dl_aux_init+539    : add	rdx, 0x10             
2196000: system.cpu: T0 : 0x453c0f @_dl_aux_init+543    : mov	ebx, 0x1              
2196000: system.cpu: T0 : 0x453c14 @_dl_aux_init+548    : mov	esi, 0xffffffffffffffff
2196000: system.cpu: T0 : 0x453c19 @_dl_aux_init+553    : mov	SS:[t0 + rsp + 0xffffffffffffffc4], rax
2196000: system.cpu: T0 : 0x453c1d @_dl_aux_init+557    : mov	rax, DS:[rdx]         
2196000: system.cpu: T0 : 0x453c20 @_dl_aux_init+560    : test	rax                  
2197000: system.cpu: T0 : 0x453c23 @_dl_aux_init+563    : jnz	0xfffffffffffffe27    
2212000: system.cpu: T0 : 0x453a50 @_dl_aux_init+96    : sub	rax, 0x3              
2212000: system.cpu: T0 : 0x453a54 @_dl_aux_init+100    : cmp	rax, 0x30             
2212000: system.cpu: T0 : 0x453a58 @_dl_aux_init+104    : jnbe	0x26                 
2212000: system.cpu: T0 : 0x453a5a @_dl_aux_init+106    : movsxd	rax, DS:[4*rax + rcx]
2213000: system.cpu: T0 : 0x453a5e @_dl_aux_init+110    : add	rcx                   
2213000: system.cpu: T0 : 0x453a61 @_dl_aux_init+113    : jmp	                      
2230000: system.cpu: T0 : 0x453be0 @_dl_aux_init+496    : mov	rax, DS:[rdx + 0x8]   
2230000: system.cpu: T0 : 0x453be4 @_dl_aux_init+500    : add	rdx, 0x10             
2230000: system.cpu: T0 : 0x453be8 @_dl_aux_init+504    : mov	r11d, 0x1             
2230000: system.cpu: T0 : 0x453bee @_dl_aux_init+510    : mov	SS:[t0 + rsp + 0xffffffffffffffb8], rax
2230000: system.cpu: T0 : 0x453bf3 @_dl_aux_init+515    : mov	rax, DS:[rdx]         
2230000: system.cpu: T0 : 0x453bf6 @_dl_aux_init+518    : test	rax                  
2230000: system.cpu: T0 : 0x453bf9 @_dl_aux_init+521    : jnz	0xfffffffffffffe51    
2323000: system.cpu: T0 : 0x453a50 @_dl_aux_init+96    : sub	rax, 0x3              
2323000: system.cpu: T0 : 0x453a54 @_dl_aux_init+100    : cmp	rax, 0x30             
2323000: system.cpu: T0 : 0x453a58 @_dl_aux_init+104    : jnbe	0x26                 
2323000: system.cpu: T0 : 0x453a5a @_dl_aux_init+106    : movsxd	rax, DS:[4*rax + rcx]
2324000: system.cpu: T0 : 0x453a5e @_dl_aux_init+110    : add	rcx                   
2324000: system.cpu: T0 : 0x453a61 @_dl_aux_init+113    : jmp	                      
2362000: system.cpu: T0 : 0x453a80 @_dl_aux_init+144    : mov	rax, DS:[rdx + 0x10]  
2362000: system.cpu: T0 : 0x453a84 @_dl_aux_init+148    : add	rdx, 0x10             
2362000: system.cpu: T0 : 0x453a88 @_dl_aux_init+152    : test	rax                  
2362000: system.cpu: T0 : 0x453a8b @_dl_aux_init+155    : jnz	0xffffffffffffffc3    
2364000: system.cpu: T0 : 0x453a50 @_dl_aux_init+96    : sub	rax, 0x3              
2364000: system.cpu: T0 : 0x453a54 @_dl_aux_init+100    : cmp	rax, 0x30             
2364000: system.cpu: T0 : 0x453a58 @_dl_aux_init+104    : jnbe	0x26                 
2364000: system.cpu: T0 : 0x453a5a @_dl_aux_init+106    : movsxd	rax, DS:[4*rax + rcx]
2365000: system.cpu: T0 : 0x453a5e @_dl_aux_init+110    : add	rcx                   
2365000: system.cpu: T0 : 0x453a61 @_dl_aux_init+113    : jmp	                      
2387000: system.cpu: T0 : 0x453ca8 @_dl_aux_init+696    : mov	rax, DS:[rdx + 0x8]   
2387000: system.cpu: T0 : 0x453cac @_dl_aux_init+700    : add	rdx, 0x10             
2387000: system.cpu: T0 : 0x453cb0 @_dl_aux_init+704    : mov	SS:[t0 + rsp + 0xffffffffffffffc3], 0x1
2387000: system.cpu: T0 : 0x453cb5 @_dl_aux_init+709    : mov	SS:[t0 + rsp + 0xffffffffffffffe8], rax
2387000: system.cpu: T0 : 0x453cba @_dl_aux_init+714    : mov	rax, DS:[rdx]         
2387000: system.cpu: T0 : 0x453cbd @_dl_aux_init+717    : test	rax                  
2389000: system.cpu: T0 : 0x453cc0 @_dl_aux_init+720    : jnz	0xfffffffffffffd8a    
2389000: system.cpu: T0 : 0x453cc6 @_dl_aux_init+726    : jmp	0xfffffffffffffdc5    
2399000: system.cpu: T0 : 0x453a90 @_dl_aux_init+160    : test	r9b                  
2399000: system.cpu: T0 : 0x453a93 @_dl_aux_init+163    : jz	0xc                    
2411000: system.cpu: T0 : 0x453aa1 @_dl_aux_init+177    : test	r11b                 
2411000: system.cpu: T0 : 0x453aa4 @_dl_aux_init+180    : jz	0xc                    
2411000: system.cpu: T0 : 0x453aa6 @_dl_aux_init+182    : mov	rax, SS:[t0 + rsp + 0xffffffffffffffb8]
2411000: system.cpu: T0 : 0x453aab @_dl_aux_init+187    : mov	DS:[rip + 0x6ff9e], rax
2411000: system.cpu: T0 : 0x453ab2 @_dl_aux_init+194    : test	bl                   
2412000: system.cpu: T0 : 0x453ab4 @_dl_aux_init+196    : jz	0x14                   
2412000: system.cpu: T0 : 0x453ab6 @_dl_aux_init+198    : mov	DS:[rip + 0x77b00], 0x1
2414000: system.cpu: T0 : 0x453ac0 @_dl_aux_init+208    : mov	rax, SS:[t0 + rsp + 0xffffffffffffffc4]
2414000: system.cpu: T0 : 0x453ac4 @_dl_aux_init+212    : mov	DS:[rip + 0x6ffc6], eax
2414000: system.cpu: T0 : 0x453aca @_dl_aux_init+218    : test	bpl                  
2414000: system.cpu: T0 : 0x453acd @_dl_aux_init+221    : jz	0xc                    
2414000: system.cpu: T0 : 0x453acf @_dl_aux_init+223    : mov	rax, SS:[t0 + rsp + 0xffffffffffffffc8]
2415000: system.cpu: T0 : 0x453ad4 @_dl_aux_init+228    : mov	DS:[rip + 0x777d5], rax
2415000: system.cpu: T0 : 0x453adb @_dl_aux_init+235    : test	r12b                 
2415000: system.cpu: T0 : 0x453ade @_dl_aux_init+238    : jz	0xc                    
2428000: system.cpu: T0 : 0x453aec @_dl_aux_init+252    : test	r13b                 
2428000: system.cpu: T0 : 0x453aef @_dl_aux_init+255    : jz	0xc                    
2441000: system.cpu: T0 : 0x453afd @_dl_aux_init+269    : test	r14b                 
2443000: system.cpu: T0 : 0x453b00 @_dl_aux_init+272    : jz	0xc                    
2443000: system.cpu: T0 : 0x453b02 @_dl_aux_init+274    : mov	rax, SS:[t0 + rsp + 0xfffffffffffffff0]
2443000: system.cpu: T0 : 0x453b07 @_dl_aux_init+279    : mov	DS:[rip + 0x77812], rax
2443000: system.cpu: T0 : 0x453b0e @_dl_aux_init+286    : cmp	SS:[t0 + rsp + 0xffffffffffffffc3], 0
2444000: system.cpu: T0 : 0x453b13 @_dl_aux_init+291    : jz	0xc                    
2459000: system.cpu: T0 : 0x453b15 @_dl_aux_init+293    : mov	rax, SS:[t0 + rsp + 0xffffffffffffffe8]
2459000: system.cpu: T0 : 0x453b1a @_dl_aux_init+298    : mov	DS:[rip + 0x77a8f], rax
2459000: system.cpu: T0 : 0x453b21 @_dl_aux_init+305    : cmp	SS:[t0 + rsp + 0xffffffffffffffc2], 0
2459000: system.cpu: T0 : 0x453b26 @_dl_aux_init+310    : jz	0xc                    
2460000: system.cpu: T0 : 0x453b28 @_dl_aux_init+312    : mov	rax, SS:[t0 + rsp + 0xffffffffffffffe0]
2460000: system.cpu: T0 : 0x453b2d @_dl_aux_init+317    : mov	DS:[rip + 0x777f4], rax
2460000: system.cpu: T0 : 0x453b34 @_dl_aux_init+324    : cmp	SS:[t0 + rsp + 0xffffffffffffffc1], 0
2460000: system.cpu: T0 : 0x453b39 @_dl_aux_init+329    : jz	0xc                    
2461000: system.cpu: T0 : 0x453b3b @_dl_aux_init+331    : mov	rax, SS:[t0 + rsp + 0xffffffffffffffd8]
2463000: system.cpu: T0 : 0x453b40 @_dl_aux_init+336    : mov	DS:[rip + 0x777e9], rax
2463000: system.cpu: T0 : 0x453b47 @_dl_aux_init+343    : test	r15b                 
2463000: system.cpu: T0 : 0x453b4a @_dl_aux_init+346    : jz	0xa                    
2463000: system.cpu: T0 : 0x453b4c @_dl_aux_init+348    : mov	rax, SS:[t0 + rsp + 0xffffffffffffffd4]
2463000: system.cpu: T0 : 0x453b50 @_dl_aux_init+352    : mov	DS:[rip + 0x7774a], eax
2464000: system.cpu: T0 : 0x453b56 @_dl_aux_init+358    : test	r10b                 
2464000: system.cpu: T0 : 0x453b59 @_dl_aux_init+361    : jnz	0x27a                 
2481000: system.cpu: T0 : 0x453dd9 @_dl_aux_init+1001    : mov	rax, SS:[t0 + rsp + 0xffffffffffffffa8]
2481000: system.cpu: T0 : 0x453dde @_dl_aux_init+1006    : mov	DS:[rip + 0x71373], rax
2481000: system.cpu: T0 : 0x453de5 @_dl_aux_init+1013    : jmp	0xfffffffffffffd75    
2483000: system.cpu: T0 : 0x453b5f @_dl_aux_init+367    : cmp	esi, 0xf              
2483000: system.cpu: T0 : 0x453b62 @_dl_aux_init+370    : jnz	0x18                  
2498000: system.cpu: T0 : 0x453b7c @_dl_aux_init+396    : pop	rbx                   
2498000: system.cpu: T0 : 0x453b7d @_dl_aux_init+397    : pop	rbp                   
2498000: system.cpu: T0 : 0x453b7e @_dl_aux_init+398    : pop	r12                   
2501000: system.cpu: T0 : 0x453b80 @_dl_aux_init+400    : pop	r13                   
2501000: system.cpu: T0 : 0x453b82 @_dl_aux_init+402    : pop	r14                   
2501000: system.cpu: T0 : 0x453b84 @_dl_aux_init+404    : pop	r15                   
2502000: system.cpu: T0 : 0x453b86 @_dl_aux_init+406    : ret	                      
2504000: system.cpu: T0 : 0x402948 @__libc_start_main+88    : cmp	DS:[rip + 0xc89e0], 0 
2504000: system.cpu: T0 : 0x402950 @__libc_start_main+96    : jz	0x7ef                  
2504000: system.cpu: T0 : 0x402956 @__libc_start_main+102    : call	0x52d35              
2507000: system.cpu: T0 : 0x455690 @__libc_init_secure    : hint	                     
2507000: system.cpu: T0 : 0x455694 @__libc_init_secure+4    : mov	eax, DS:[rip + 0x75f26]
2507000: system.cpu: T0 : 0x45569a @__libc_init_secure+10    : test	eax                  
2507000: system.cpu: T0 : 0x45569c @__libc_init_secure+12    : jz	0x2                    
2507000: system.cpu: T0 : 0x45569e @__libc_init_secure+14    : ret	                      
2510000: system.cpu: T0 : 0x40295b @__libc_start_main+107    : mov	rdi, DS:[rip + 0xc88de]
2510000: system.cpu: T0 : 0x402962 @__libc_start_main+114    : call	0x508e9              
2608000: system.cpu: T0 : 0x453250 @__tunables_init    : hint	                     
2608000: system.cpu: T0 : 0x453254 @__tunables_init+4    : push	r15                  
2608000: system.cpu: T0 : 0x453256 @__tunables_init+6    : push	r14                  
2608000: system.cpu: T0 : 0x453258 @__tunables_init+8    : push	r13                  
2608000: system.cpu: T0 : 0x45325a @__tunables_init+10    : push	r12                  
2609000: system.cpu: T0 : 0x45325c @__tunables_init+12    : push	rbp                  
2609000: system.cpu: T0 : 0x45325d @__tunables_init+13    : mov	rdi                   
2609000: system.cpu: T0 : 0x453260 @__tunables_init+16    : push	rbx                  
2609000: system.cpu: T0 : 0x453261 @__tunables_init+17    : sub	rsp, 0x28             
2610000: system.cpu: T0 : 0x453265 @__tunables_init+21    : mov	eax, DS:[rip + 0x70825]
2610000: system.cpu: T0 : 0x45326b @__tunables_init+27    : test	eax                  
2610000: system.cpu: T0 : 0x45326d @__tunables_init+29    : jnz	0x292                 
2610000: system.cpu: T0 : 0x453273 @__tunables_init+35    : lea	rbx, DS:[rip + 0x6f886]
2706000: system.cpu: T0 : 0x45327a @__tunables_init+42    : mov	r15, 0xffffffffffffffa8
2706000: system.cpu: T0 : 0x453281 @__tunables_init+49    : sub	rbx                   
2706000: system.cpu: T0 : 0x453284 @__tunables_init+52    : hint	                     
2706000: system.cpu: T0 : 0x453288 @__tunables_init+56    : test	rbp                  
2706000: system.cpu: T0 : 0x45328b @__tunables_init+59    : jz	0x40                   
2706000: system.cpu: T0 : 0x45328d @__tunables_init+61    : mov	r9, SS:[rbp]          
2707000: system.cpu: T0 : 0x453291 @__tunables_init+65    : test	r9                   
2707000: system.cpu: T0 : 0x453294 @__tunables_init+68    : jz	0x37                   
2806000: system.cpu: T0 : 0x4532cd @__tunables_init+125    : add	rsp, 0x28             
2806000: system.cpu: T0 : 0x4532d1 @__tunables_init+129    : pop	rbx                   
2806000: system.cpu: T0 : 0x4532d2 @__tunables_init+130    : pop	rbp                   
2807000: system.cpu: T0 : 0x4532d3 @__tunables_init+131    : pop	r12                   
2807000: system.cpu: T0 : 0x4532d5 @__tunables_init+133    : pop	r13                   
2807000: system.cpu: T0 : 0x4532d7 @__tunables_init+135    : pop	r14                   
2808000: system.cpu: T0 : 0x4532d9 @__tunables_init+137    : pop	r15                   
2808000: system.cpu: T0 : 0x4532db @__tunables_init+139    : ret	                      
2810000: system.cpu: T0 : 0x402967 @__libc_start_main+119    : xor	eax                   
2810000: system.cpu: T0 : 0x402969 @__libc_start_main+121    : mov	SS:[t0 + rsp + 0x98], 0
2810000: system.cpu: T0 : 0x402974 @__libc_start_main+132    : mov	SS:[t0 + rsp + 0x9c], 0
2812000: system.cpu: T0 : 0x40297f @__libc_start_main+143    : mov	SS:[t0 + rsp + 0xa0], 0
2812000: system.cpu: T0 : 0x40298a @__libc_start_main+154    :   CPUID                    : IntAlu :  D=0x000000006e65476e
2812000: system.cpu: T0 : 0x40298c @__libc_start_main+156    : mov	DS:[rip + 0xc89f2], eax
2812000: system.cpu: T0 : 0x402992 @__libc_start_main+162    : cmp	ebx, 0x756e6547       
2812000: system.cpu: T0 : 0x402998 @__libc_start_main+168    : jnz	0x688                 
3174000: system.cpu: T0 : 0x403026 @__libc_start_main+1846    : cmp	ebx, 0x68747541       
3174000: system.cpu: T0 : 0x40302c @__libc_start_main+1852    : jnz	0x16e                 
3279000: system.cpu: T0 : 0x4031a0 @__libc_start_main+2224    : cmp	ebx, 0x6f677948       
3279000: system.cpu: T0 : 0x4031a6 @__libc_start_main+2230    : jnz	0x1fa                 
3279000: system.cpu: T0 : 0x4031ac @__libc_start_main+2236    : cmp	ecx, 0x656e6975       
3279000: system.cpu: T0 : 0x4031b2 @__libc_start_main+2242    : jnz	0x1ee                 
3280000: system.cpu: T0 : 0x4031b8 @__libc_start_main+2248    : cmp	edx, 0x6e65476e       
3375000: system.cpu: T0 : 0x4031be @__libc_start_main+2254    : jnz	0xfffffffffffff7f2    
3375000: system.cpu: T0 : 0x4031c4 @__libc_start_main+2260    : jmp	0xfffffffffffffe81    
3380000: system.cpu: T0 : 0x40304a @__libc_start_main+1882    : lea	rbp, SS:[t0 + rsp + 0xc0]
3380000: system.cpu: T0 : 0x403052 @__libc_start_main+1890    : lea	rcx, SS:[t0 + rsp + 0xa0]
3380000: system.cpu: T0 : 0x40305a @__libc_start_main+1898    : lea	rsi, SS:[t0 + rsp + 0x9c]
3380000: system.cpu: T0 : 0x403062 @__libc_start_main+1906    : lea	rdi, SS:[t0 + rsp + 0x98]
3380000: system.cpu: T0 : 0x40306a @__libc_start_main+1914    : mov	rbp                   
3380000: system.cpu: T0 : 0x40306d @__libc_start_main+1917    : call	0xffffffffffffea3e   
3386000: system.cpu: T0 : 0x401ab0 @get_common_indices.constprop.0    : push	rbx                  
3386000: system.cpu: T0 : 0x401ab1 @get_common_indices.constprop.0+1    : test	rdi                  
3386000: system.cpu: T0 : 0x401ab4 @get_common_indices.constprop.0+4    : jz	0x58                   
3386000: system.cpu: T0 : 0x401ab6 @get_common_indices.constprop.0+6    : mov	rdx                   
3386000: system.cpu: T0 : 0x401ab9 @get_common_indices.constprop.0+9    : mov	rcx                   
3482000: system.cpu: T0 : 0x401abc @get_common_indices.constprop.0+12    : mov	eax, 0x1              
3482000: system.cpu: T0 : 0x401ac1 @get_common_indices.constprop.0+17    :   CPUID                    : IntAlu :  D=0x00000000efdbfbff
3482000: system.cpu: T0 : 0x401ac3 @get_common_indices.constprop.0+19    : mov	DS:[rip + 0xc98d7], edx
3482000: system.cpu: T0 : 0x401ac9 @get_common_indices.constprop.0+25    : mov	eax                   
3482000: system.cpu: T0 : 0x401acb @get_common_indices.constprop.0+27    : shr	0x8                   
3482000: system.cpu: T0 : 0x401ace @get_common_indices.constprop.0+30    : mov	DS:[rip + 0xc98c4], ebx
3483000: system.cpu: T0 : 0x401ad4 @get_common_indices.constprop.0+36    : and	edx, 0xf              
3483000: system.cpu: T0 : 0x401ad7 @get_common_indices.constprop.0+39    : mov	DS:[rip + 0xc98bf], ecx
3483000: system.cpu: T0 : 0x401add @get_common_indices.constprop.0+45    : mov	DS:[rip + 0xc98b1], eax
3483000: system.cpu: T0 : 0x401ae3 @get_common_indices.constprop.0+51    : mov	DS:[rdi], edx         
3483000: system.cpu: T0 : 0x401ae5 @get_common_indices.constprop.0+53    : mov	eax                   
3484000: system.cpu: T0 : 0x401ae7 @get_common_indices.constprop.0+55    : shr	0x4                   
3484000: system.cpu: T0 : 0x401aea @get_common_indices.constprop.0+58    : and	edx, 0xf              
3484000: system.cpu: T0 : 0x401aed @get_common_indices.constprop.0+61    : mov	DS:[rsi], edx         
3484000: system.cpu: T0 : 0x401aef @get_common_indices.constprop.0+63    : mov	eax                   
3484000: system.cpu: T0 : 0x401af1 @get_common_indices.constprop.0+65    : shr	0xc                   
3484000: system.cpu: T0 : 0x401af4 @get_common_indices.constprop.0+68    : and	edx, 0xf0             
3485000: system.cpu: T0 : 0x401afa @get_common_indices.constprop.0+74    : mov	DS:[r8], edx          
3485000: system.cpu: T0 : 0x401afd @get_common_indices.constprop.0+77    : mov	eax                   
3580000: system.cpu: T0 : 0x401aff @get_common_indices.constprop.0+79    : and	edx, 0xf              
3580000: system.cpu: T0 : 0x401b02 @get_common_indices.constprop.0+82    : mov	DS:[r9], edx          
3580000: system.cpu: T0 : 0x401b05 @get_common_indices.constprop.0+85    : cmp	DS:[rdi], 0xf         
3580000: system.cpu: T0 : 0x401b08 @get_common_indices.constprop.0+88    : jz	0x10f                  
3687000: system.cpu: T0 : 0x401c1d @get_common_indices.constprop.0+365    : shr	0x14                  
3687000: system.cpu: T0 : 0x401c20 @get_common_indices.constprop.0+368    : movzx	eax                 
3687000: system.cpu: T0 : 0x401c23 @get_common_indices.constprop.0+371    : add	eax, 0xf              
3687000: system.cpu: T0 : 0x401c26 @get_common_indices.constprop.0+374    : mov	DS:[rdi], eax         
3687000: system.cpu: T0 : 0x401c28 @get_common_indices.constprop.0+376    : mov	eax, DS:[r8]          
3701000: system.cpu: T0 : 0x401c2b @get_common_indices.constprop.0+379    : add	DS:[rsi], eax         
3701000: system.cpu: T0 : 0x401c2d @get_common_indices.constprop.0+381    : jmp	0xfffffffffffffedc    
3703000: system.cpu: T0 : 0x401b0e @get_common_indices.constprop.0+94    : cmp	DS:[rip + 0xc986f], 0x6
3703000: system.cpu: T0 : 0x401b15 @get_common_indices.constprop.0+101    : jle	0x44                  
3703000: system.cpu: T0 : 0x401b17 @get_common_indices.constprop.0+103    : mov	esi, 0x7              
3704000: system.cpu: T0 : 0x401b1c @get_common_indices.constprop.0+108    : xor	ecx                   
3704000: system.cpu: T0 : 0x401b1e @get_common_indices.constprop.0+110    : mov	esi                   
3704000: system.cpu: T0 : 0x401b20 @get_common_indices.constprop.0+112    :   CPUID                    : IntAlu :  D=0x0000000000000000
3704000: system.cpu: T0 : 0x401b22 @get_common_indices.constprop.0+114    : mov	DS:[rip + 0xc988c], eax
3704000: system.cpu: T0 : 0x401b28 @get_common_indices.constprop.0+120    : mov	esi                   
3704000: system.cpu: T0 : 0x401b2a @get_common_indices.constprop.0+122    : mov	DS:[rip + 0xc988c], ecx
3705000: system.cpu: T0 : 0x401b30 @get_common_indices.constprop.0+128    : mov	ecx, 0x1              
3705000: system.cpu: T0 : 0x401b35 @get_common_indices.constprop.0+133    : mov	DS:[rip + 0xc987d], ebx
3707000: system.cpu: T0 : 0x401b3b @get_common_indices.constprop.0+139    : mov	DS:[rip + 0xc987f], edx
3707000: system.cpu: T0 : 0x401b41 @get_common_indices.constprop.0+145    :   CPUID                    : IntAlu :  D=0x0000000000000000
3707000: system.cpu: T0 : 0x401b43 @get_common_indices.constprop.0+147    : mov	DS:[rip + 0xc990b], eax
3707000: system.cpu: T0 : 0x401b49 @get_common_indices.constprop.0+153    : mov	DS:[rip + 0xc9909], ebx
3707000: system.cpu: T0 : 0x401b4f @get_common_indices.constprop.0+159    : mov	DS:[rip + 0xc9907], ecx
3708000: system.cpu: T0 : 0x401b55 @get_common_indices.constprop.0+165    : mov	DS:[rip + 0xc9905], edx
3708000: system.cpu: T0 : 0x401b5b @get_common_indices.constprop.0+171    : cmp	DS:[rip + 0xc9822], 0xc
3708000: system.cpu: T0 : 0x401b62 @get_common_indices.constprop.0+178    : jle	0x24                  
3709000: system.cpu: T0 : 0x401b64 @get_common_indices.constprop.0+180    : mov	eax, 0xd              
3709000: system.cpu: T0 : 0x401b69 @get_common_indices.constprop.0+185    : mov	ecx, 0x1              
3709000: system.cpu: T0 : 0x401b6e @get_common_indices.constprop.0+190    :   CPUID                    : IntAlu :  D=0x0000000000000000
3709000: system.cpu: T0 : 0x401b70 @get_common_indices.constprop.0+192    : mov	DS:[rip + 0xc987e], eax
3709000: system.cpu: T0 : 0x401b76 @get_common_indices.constprop.0+198    : mov	DS:[rip + 0xc987c], ebx
3805000: system.cpu: T0 : 0x401b7c @get_common_indices.constprop.0+204    : mov	DS:[rip + 0xc987a], ecx
3805000: system.cpu: T0 : 0x401b82 @get_common_indices.constprop.0+210    : mov	DS:[rip + 0xc9878], edx
3805000: system.cpu: T0 : 0x401b88 @get_common_indices.constprop.0+216    : cmp	DS:[rip + 0xc97f5], 0x13
3806000: system.cpu: T0 : 0x401b8f @get_common_indices.constprop.0+223    : jle	0x21                  
3952000: system.cpu: T0 : 0x401bb2 @get_common_indices.constprop.0+258    : cmp	DS:[rip + 0xc97cb], 0x18
3952000: system.cpu: T0 : 0x401bb9 @get_common_indices.constprop.0+265    : jle	0x21                  
3967000: system.cpu: T0 : 0x401bdc @get_common_indices.constprop.0+300    : cmp	DS:[rip + 0xc977c], 0 
3967000: system.cpu: T0 : 0x401be4 @get_common_indices.constprop.0+308    : jnz	0x28                  
3967000: system.cpu: T0 : 0x401be6 @get_common_indices.constprop.0+310    : cmp	DS:[rip + 0xc9797], 0xc
3968000: system.cpu: T0 : 0x401bed @get_common_indices.constprop.0+317    : jle	0x21                  
3968000: system.cpu: T0 : 0x401bef @get_common_indices.constprop.0+319    : test	DS:[rip + 0xc97a9], 0x8
3969000: system.cpu: T0 : 0x401bf6 @get_common_indices.constprop.0+326    : jz	0x18                   
3984000: system.cpu: T0 : 0x401c10 @get_common_indices.constprop.0+352    : mov	DS:[rip + 0xc9745], 0x800
3984000: system.cpu: T0 : 0x401c1b @get_common_indices.constprop.0+363    : pop	rbx                   
3984000: system.cpu: T0 : 0x401c1c @get_common_indices.constprop.0+364    : ret	                      
3987000: system.cpu: T0 : 0x403072 @__libc_start_main+1922    : mov	eax, 0xffffffff80000000
3987000: system.cpu: T0 : 0x403077 @__libc_start_main+1927    :   CPUID                    : IntAlu :  D=0x000000006e65476e
3987000: system.cpu: T0 : 0x403079 @__libc_start_main+1929    : mov	eax                   
3987000: system.cpu: T0 : 0x40307b @__libc_start_main+1931    : cmp	eax, 0xffffffff80000000
3989000: system.cpu: T0 : 0x403080 @__libc_start_main+1936    : jbe	0x6d                  
3989000: system.cpu: T0 : 0x403082 @__libc_start_main+1938    : mov	eax, 0xffffffff80000001
3989000: system.cpu: T0 : 0x403087 @__libc_start_main+1943    :   CPUID                    : IntAlu :  D=0x00000000ebd3fbff
3989000: system.cpu: T0 : 0x403089 @__libc_start_main+1945    : mov	DS:[rip + 0xc8345], eax
3989000: system.cpu: T0 : 0x40308f @__libc_start_main+1951    : mov	DS:[rip + 0xc8343], ebx
3990000: system.cpu: T0 : 0x403095 @__libc_start_main+1957    : mov	DS:[rip + 0xc8341], ecx
3990000: system.cpu: T0 : 0x40309b @__libc_start_main+1963    : mov	DS:[rip + 0xc833f], edx
3990000: system.cpu: T0 : 0x4030a1 @__libc_start_main+1969    : cmp	esi, 0xffffffff80000006
3990000: system.cpu: T0 : 0x4030a7 @__libc_start_main+1975    : jbe	0x46                  
3991000: system.cpu: T0 : 0x4030a9 @__libc_start_main+1977    : mov	eax, 0xffffffff80000007
3991000: system.cpu: T0 : 0x4030ae @__libc_start_main+1982    :   CPUID                    : IntAlu :  D=0x0000000069746e65
3991000: system.cpu: T0 : 0x4030b0 @__libc_start_main+1984    : mov	DS:[rip + 0xc835e], eax
3991000: system.cpu: T0 : 0x4030b6 @__libc_start_main+1990    : mov	DS:[rip + 0xc835c], ebx
4075000: system.cpu: T0 : 0x4030bc @__libc_start_main+1996    : mov	DS:[rip + 0xc835a], ecx
4075000: system.cpu: T0 : 0x4030c2 @__libc_start_main+2002    : mov	DS:[rip + 0xc8358], edx
4075000: system.cpu: T0 : 0x4030c8 @__libc_start_main+2008    : cmp	esi, 0xffffffff80000007
4075000: system.cpu: T0 : 0x4030ce @__libc_start_main+2014    : jz	0x1f                   
4076000: system.cpu: T0 : 0x4030d0 @__libc_start_main+2016    : mov	eax, 0xffffffff80000008
4076000: system.cpu: T0 : 0x4030d5 @__libc_start_main+2021    :   CPUID                    : IntAlu :  D=0x0000000000000000
4076000: system.cpu: T0 : 0x4030d7 @__libc_start_main+2023    : mov	DS:[rip + 0xc8357], eax
4076000: system.cpu: T0 : 0x4030dd @__libc_start_main+2029    : mov	DS:[rip + 0xc8355], ebx
4076000: system.cpu: T0 : 0x4030e3 @__libc_start_main+2035    : mov	DS:[rip + 0xc8353], ecx
4077000: system.cpu: T0 : 0x4030e9 @__libc_start_main+2041    : mov	DS:[rip + 0xc8351], edx
4077000: system.cpu: T0 : 0x4030ef @__libc_start_main+2047    : call	0xfffffffffffff34c   
4220000: system.cpu: T0 : 0x402440 @update_active.constprop.0    : push	r15                  
4220000: system.cpu: T0 : 0x402442 @update_active.constprop.0+2    : push	r14                  
4220000: system.cpu: T0 : 0x402444 @update_active.constprop.0+4    : push	r13                  
4220000: system.cpu: T0 : 0x402446 @update_active.constprop.0+6    : push	r12                  
4221000: system.cpu: T0 : 0x402448 @update_active.constprop.0+8    : push	rbp                  
4221000: system.cpu: T0 : 0x402449 @update_active.constprop.0+9    : push	rbx                  
4221000: system.cpu: T0 : 0x40244a @update_active.constprop.0+10    : sub	rsp, 0xa0             
4221000: system.cpu: T0 : 0x402451 @update_active.constprop.0+17    : mov	r9d, DS:[rip + 0xc8f44]
4222000: system.cpu: T0 : 0x402458 @update_active.constprop.0+24    : mov	r8d, DS:[rip + 0xc8f5d]
4222000: system.cpu: T0 : 0x40245f @update_active.constprop.0+31    : mov	r13d, DS:[rip + 0xc8f52]
4222000: system.cpu: T0 : 0x402466 @update_active.constprop.0+38    : mov	r14d, DS:[rip + 0xc8f33]
4222000: system.cpu: T0 : 0x40246d @update_active.constprop.0+45    : mov	r9d                   
4222000: system.cpu: T0 : 0x402470 @update_active.constprop.0+48    : mov	r9d                   
4223000: system.cpu: T0 : 0x402473 @update_active.constprop.0+51    : mov	r9d                   
4223000: system.cpu: T0 : 0x402476 @update_active.constprop.0+54    : mov	r8d                   
4223000: system.cpu: T0 : 0x402479 @update_active.constprop.0+57    : and	r10d, 0x40000000      
4318000: system.cpu: T0 : 0x402480 @update_active.constprop.0+64    : and	ebx, 0x10             
4318000: system.cpu: T0 : 0x402483 @update_active.constprop.0+67    : mov	r14d                  
4318000: system.cpu: T0 : 0x402486 @update_active.constprop.0+70    : mov	r13d                  
4318000: system.cpu: T0 : 0x402489 @update_active.constprop.0+73    : and	ecx, 0x8000000        
4318000: system.cpu: T0 : 0x40248f @update_active.constprop.0+79    : mov	SS:[t0 + rsp + 0xffffffffffffff8c], rbx
4318000: system.cpu: T0 : 0x402493 @update_active.constprop.0+83    : mov	r13d                  
4319000: system.cpu: T0 : 0x402496 @update_active.constprop.0+86    : mov	r8d                   
4319000: system.cpu: T0 : 0x402499 @update_active.constprop.0+89    : and	eax, 0x2d82203        
4319000: system.cpu: T0 : 0x40249e @update_active.constprop.0+94    : or	eax, DS:[rip + 0xc8f08]
4319000: system.cpu: T0 : 0x4024a4 @update_active.constprop.0+100    : mov	r15d, DS:[rip + 0xc8fa9]
4320000: system.cpu: T0 : 0x4024ab @update_active.constprop.0+107    : and	edi, 0x17888110       
4320000: system.cpu: T0 : 0x4024b1 @update_active.constprop.0+113    : or	ecx                    
4320000: system.cpu: T0 : 0x4024b3 @update_active.constprop.0+115    : mov	r12d, DS:[rip + 0xc8f06]
4320000: system.cpu: T0 : 0x4024ba @update_active.constprop.0+122    : or	edi, DS:[rip + 0xc8ef0]
4415000: system.cpu: T0 : 0x4024c0 @update_active.constprop.0+128    : and	edx, 0x218c0318       
4415000: system.cpu: T0 : 0x4024c6 @update_active.constprop.0+134    : or	eax                    
4415000: system.cpu: T0 : 0x4024c9 @update_active.constprop.0+137    : mov	eax, DS:[rip + 0xc8f0d]
4415000: system.cpu: T0 : 0x4024cf @update_active.constprop.0+143    : or	edx, DS:[rip + 0xc8ef3]
4416000: system.cpu: T0 : 0x4024d5 @update_active.constprop.0+149    : and	esi, 0x800            
4416000: system.cpu: T0 : 0x4024db @update_active.constprop.0+155    : or	edx                    
4416000: system.cpu: T0 : 0x4024dd @update_active.constprop.0+157    : mov	DS:[rip + 0xc8ecd], edi
4416000: system.cpu: T0 : 0x4024e3 @update_active.constprop.0+163    : mov	r12d                  
4416000: system.cpu: T0 : 0x4024e6 @update_active.constprop.0+166    : mov	SS:[t0 + rsp + 0xffffffffffffff90], rax
4416000: system.cpu: T0 : 0x4024ea @update_active.constprop.0+170    : and	eax, 0x200161         
4417000: system.cpu: T0 : 0x4024ef @update_active.constprop.0+175    : or	eax, DS:[rip + 0xc8ef7]
4417000: system.cpu: T0 : 0x4024f5 @update_active.constprop.0+181    : mov	eax                   
4417000: system.cpu: T0 : 0x4024f7 @update_active.constprop.0+183    : mov	SS:[t0 + rsp + 0xffffffffffffff94], rax
4512000: system.cpu: T0 : 0x4024fb @update_active.constprop.0+187    : mov	eax, DS:[rip + 0xc8edf]
4512000: system.cpu: T0 : 0x402501 @update_active.constprop.0+193    : movd	XMM0                 
4512000: system.cpu: T0 : 0x402505 @update_active.constprop.0+197    : mov	r15d                  
4512000: system.cpu: T0 : 0x402508 @update_active.constprop.0+200    : mov	DS:[rip + 0xc8e9d], r10d
4512000: system.cpu: T0 : 0x40250f @update_active.constprop.0+207    : and	eax, 0x8000000        
4513000: system.cpu: T0 : 0x402514 @update_active.constprop.0+212    : or	eax, DS:[rip + 0xc8ed6]
4513000: system.cpu: T0 : 0x40251a @update_active.constprop.0+218    : and	ebx, 0x1c00           
4513000: system.cpu: T0 : 0x402520 @update_active.constprop.0+224    : or	ebx, DS:[rip + 0xc8f3e]
4514000: system.cpu: T0 : 0x402526 @update_active.constprop.0+230    : movd	XMM1                 
4514000: system.cpu: T0 : 0x40252a @update_active.constprop.0+234    : mov	eax, DS:[rip + 0xc8f08]
4514000: system.cpu: T0 : 0x402530 @update_active.constprop.0+240    : mov	DS:[rip + 0xc8f2e], ebx
4514000: system.cpu: T0 : 0x402536 @update_active.constprop.0+246    : punpckldq	XMM0            
4610000: system.cpu: T0 : 0x40253a @update_active.constprop.0+250    : movq	DS:[rip + 0xc8eaa], XMM0
4610000: system.cpu: T0 : 0x402542 @update_active.constprop.0+258    : and	eax, 0x200            
4610000: system.cpu: T0 : 0x402547 @update_active.constprop.0+263    : or	DS:[rip + 0xc8efb], eax
4611000: system.cpu: T0 : 0x40254d @update_active.constprop.0+269    : mov	eax, DS:[rip + 0xc8f45]
4611000: system.cpu: T0 : 0x402553 @update_active.constprop.0+275    : and	eax, 0x10             
4611000: system.cpu: T0 : 0x402556 @update_active.constprop.0+278    : or	DS:[rip + 0xc8f4c], eax
4612000: system.cpu: T0 : 0x40255c @update_active.constprop.0+284    : test	r12d, 0x800          
4612000: system.cpu: T0 : 0x402563 @update_active.constprop.0+291    : cmovnz	esi                
4612000: system.cpu: T0 : 0x402566 @update_active.constprop.0+294    : and	ebp, 0x114810         
4612000: system.cpu: T0 : 0x40256c @update_active.constprop.0+300    : and	r11d, 0x1a4001b1      
4613000: system.cpu: T0 : 0x402573 @update_active.constprop.0+307    : or	ebp, DS:[rip + 0xc8e57]
4613000: system.cpu: T0 : 0x402579 @update_active.constprop.0+313    : or	r11d, DS:[rip + 0xc8e4c]
4708000: system.cpu: T0 : 0x402580 @update_active.constprop.0+320    : mov	DS:[rip + 0xc8e4a], ebp
4708000: system.cpu: T0 : 0x402586 @update_active.constprop.0+326    : mov	DS:[rip + 0xc8e3c], esi
4708000: system.cpu: T0 : 0x40258c @update_active.constprop.0+332    : mov	DS:[rip + 0xc8e39], r11d
4708000: system.cpu: T0 : 0x402593 @update_active.constprop.0+339    : test	ecx                  
4708000: system.cpu: T0 : 0x402595 @update_active.constprop.0+341    : jz	0x4d                   
4807000: system.cpu: T0 : 0x4025e4 @update_active.constprop.0+420    : mov	rax, SS:[t0 + rsp + 0xffffffffffffff8c]
4807000: system.cpu: T0 : 0x4025e8 @update_active.constprop.0+424    : test	eax                  
4807000: system.cpu: T0 : 0x4025ea @update_active.constprop.0+426    : jz	0x7                    
4821000: system.cpu: T0 : 0x4025f3 @update_active.constprop.0+435    : mov	eax, DS:[rip + 0xc8e7f]
4821000: system.cpu: T0 : 0x4025f9 @update_active.constprop.0+441    : test	al, 0x1              
4821000: system.cpu: T0 : 0x4025fb @update_active.constprop.0+443    : jz	0x20                   
4919000: system.cpu: T0 : 0x40261d @update_active.constprop.0+477    : mov	edi                   
4919000: system.cpu: T0 : 0x40261f @update_active.constprop.0+479    : xor	eax                   
4919000: system.cpu: T0 : 0x402621 @update_active.constprop.0+481    : and	edx, 0x8100           
4919000: system.cpu: T0 : 0x402627 @update_active.constprop.0+487    : cmp	edx, 0x8100           
4919000: system.cpu: T0 : 0x40262d @update_active.constprop.0+493    : jz	0xd2                   
5025000: system.cpu: T0 : 0x402705 @update_active.constprop.0+709    : mov	r14d                  
5025000: system.cpu: T0 : 0x402708 @update_active.constprop.0+712    : and	eax, 0x1              
5025000: system.cpu: T0 : 0x40270b @update_active.constprop.0+715    : jz	0xffffffffffffff22     
5025000: system.cpu: T0 : 0x402711 @update_active.constprop.0+721    : and	edi, 0x7800000        
5026000: system.cpu: T0 : 0x402717 @update_active.constprop.0+727    : cmp	edi, 0x7800000        
5026000: system.cpu: T0 : 0x40271d @update_active.constprop.0+733    : jz	0x112                  
5132000: system.cpu: T0 : 0x402835 @update_active.constprop.0+1013    : mov	edx, DS:[rip + 0xc8b71]
5132000: system.cpu: T0 : 0x40283b @update_active.constprop.0+1019    : test	sil, 0x20            
5227000: system.cpu: T0 : 0x40283e @update_active.constprop.0+1022    : jz	0xfffffffffffffdef     
5238000: system.cpu: T0 : 0x402633 @update_active.constprop.0+499    : mov	DS:[rip + 0xc8e7f], eax
5238000: system.cpu: T0 : 0x402639 @update_active.constprop.0+505    : add	rsp, 0xa0             
5240000: system.cpu: T0 : 0x402640 @update_active.constprop.0+512    : pop	rbx                   
5240000: system.cpu: T0 : 0x402641 @update_active.constprop.0+513    : pop	rbp                   
5240000: system.cpu: T0 : 0x402642 @update_active.constprop.0+514    : pop	r12                   
5241000: system.cpu: T0 : 0x402644 @update_active.constprop.0+516    : pop	r13                   
5241000: system.cpu: T0 : 0x402646 @update_active.constprop.0+518    : pop	r14                   
5241000: system.cpu: T0 : 0x402648 @update_active.constprop.0+520    : pop	r15                   
5242000: system.cpu: T0 : 0x40264a @update_active.constprop.0+522    : ret	                      
5244000: system.cpu: T0 : 0x4030f4 @__libc_start_main+2052    : test	DS:[rip + 0xc82b4], 0x10
5244000: system.cpu: T0 : 0x4030fb @__libc_start_main+2059    : jz	0x11                   
5265000: system.cpu: T0 : 0x40310e @__libc_start_main+2078    : cmp	SS:[t0 + rsp + 0x98], 0x15
5265000: system.cpu: T0 : 0x403116 @__libc_start_main+2086    : mov	rcx, SS:[t0 + rsp + 0x9c]
5265000: system.cpu: T0 : 0x40311d @__libc_start_main+2093    : jz	0x456                  
5265000: system.cpu: T0 : 0x403123 @__libc_start_main+2099    : mov	rax, SS:[t0 + rsp + 0xa0]
5266000: system.cpu: T0 : 0x40312a @__libc_start_main+2106    : mov	r11, SS:[t0 + rsp + 0x98]
5266000: system.cpu: T0 : 0x403132 @__libc_start_main+2114    : mov	r10d, 0x2             
5266000: system.cpu: T0 : 0x403138 @__libc_start_main+2120    : lea	r14, SS:[t0 + rsp + 0xb8]
5344000: system.cpu: T0 : 0x403140 @__libc_start_main+2128    : jmp	0xfffffffffffff8af    
5349000: system.cpu: T0 : 0x4029f4 @__libc_start_main+260    : mov	edx, DS:[rip + 0xc89a6]
5349000: system.cpu: T0 : 0x4029fa @__libc_start_main+266    : test	sil, 0x1             
5349000: system.cpu: T0 : 0x4029fd @__libc_start_main+269    : jz	0x7                    
5351000: system.cpu: T0 : 0x4029ff @__libc_start_main+271    : or	DS:[rip + 0xc8aae], 0x40
5351000: system.cpu: T0 : 0x402a06 @__libc_start_main+278    : and	sil, 0xffffffffffffff80
5351000: system.cpu: T0 : 0x402a09 @__libc_start_main+281    : jz	0xa                    
5352000: system.cpu: T0 : 0x402a0b @__libc_start_main+283    : or	DS:[rip + 0xc8a9f], 0x80
5366000: system.cpu: T0 : 0x402a15 @__libc_start_main+293    : movd	XMM0                 
5366000: system.cpu: T0 : 0x402a1a @__libc_start_main+298    : movd	XMM3                 
5366000: system.cpu: T0 : 0x402a1e @__libc_start_main+302    : mov	DS:[rip + 0xc895b], r10d
5366000: system.cpu: T0 : 0x402a25 @__libc_start_main+309    : punpckldq	XMM0            
5367000: system.cpu: T0 : 0x402a29 @__libc_start_main+313    : mov	DS:[rip + 0xc8961], eax
5367000: system.cpu: T0 : 0x402a2f @__libc_start_main+319    : mov	SS:[t0 + rsp + 0xa8], 0xffffffffffffffff
5450000: system.cpu: T0 : 0x402a3b @__libc_start_main+331    : mov	SS:[t0 + rsp + 0xa4], 0
5450000: system.cpu: T0 : 0x402a46 @__libc_start_main+342    : movq	DS:[rip + 0xc893a], XMM0
5450000: system.cpu: T0 : 0x402a4e @__libc_start_main+350    : cmp	r10d, 0x1             
5450000: system.cpu: T0 : 0x402a52 @__libc_start_main+354    : jz	0xb44                  
5451000: system.cpu: T0 : 0x402a58 @__libc_start_main+360    : cmp	r10d, 0x3             
5451000: system.cpu: T0 : 0x402a5c @__libc_start_main+364    : jz	0xc43                  
5451000: system.cpu: T0 : 0x402a62 @__libc_start_main+370    : cmp	r10d, 0x2             
5452000: system.cpu: T0 : 0x402a66 @__libc_start_main+374    : jz	0xd41                  
5556000: system.cpu: T0 : 0x4037ad @__libc_start_main+3773    : mov	edi, 0xbc             
5556000: system.cpu: T0 : 0x4037b2 @__libc_start_main+3778    : call	0xffffffffffffe069   
5657000: system.cpu: T0 : 0x401820 @handle_amd    : push	rbx                  
5657000: system.cpu: T0 : 0x401821 @handle_amd+1    : mov	eax, 0xffffffff80000000
5657000: system.cpu: T0 : 0x401826 @handle_amd+6    :   CPUID                    : IntAlu :  D=0x000000006e65476e
5657000: system.cpu: T0 : 0x401828 @handle_amd+8    : xor	edx                   
5657000: system.cpu: T0 : 0x40182a @handle_amd+10    : cmp	edi, 0xbe             
5657000: system.cpu: T0 : 0x401830 @handle_amd+16    : setnle	                   
5658000: system.cpu: T0 : 0x401833 @handle_amd+19    : xor	r8d                   
5658000: system.cpu: T0 : 0x401836 @handle_amd+22    : sub	edx, 0x7ffffffb       
5658000: system.cpu: T0 : 0x40183c @handle_amd+28    : cmp	eax                   
5658000: system.cpu: T0 : 0x40183e @handle_amd+30    : jnbe	0x3a                 
5753000: system.cpu: T0 : 0x401840 @handle_amd+32    : mov	edi                   
5753000: system.cpu: T0 : 0x401842 @handle_amd+34    : mov	edx                   
5753000: system.cpu: T0 : 0x401844 @handle_amd+36    :   CPUID                    : IntAlu :  D=0x0000000040020140
5753000: system.cpu: T0 : 0x401846 @handle_amd+38    : cmp	edi, 0xbb             
5753000: system.cpu: T0 : 0x40184c @handle_amd+44    : jle	0x31                  
5754000: system.cpu: T0 : 0x40184e @handle_amd+46    : sub	esi, 0xbd             
5754000: system.cpu: T0 : 0x401854 @handle_amd+52    : cmp	esi, 0x7              
5754000: system.cpu: T0 : 0x401857 @handle_amd+55    : jnbe	0x152                
5867000: system.cpu: T0 : 0x4019af @handle_amd+399    : shr	0xe                   
5867000: system.cpu: T0 : 0x4019b2 @handle_amd+402    : mov	ecx                   
5867000: system.cpu: T0 : 0x4019b5 @handle_amd+405    : and	r8d, 0x3fc00          
5962000: system.cpu: T0 : 0x4019bc @handle_amd+412    : jmp	0xfffffffffffffeb9    
5967000: system.cpu: T0 : 0x40187a @handle_amd+90    : mov	r8                    
5967000: system.cpu: T0 : 0x40187d @handle_amd+93    : pop	rbx                   
5967000: system.cpu: T0 : 0x40187e @handle_amd+94    : ret	                      
5969000: system.cpu: T0 : 0x4037b7 @__libc_start_main+3783    : mov	edi, 0xbf             
5969000: system.cpu: T0 : 0x4037bc @__libc_start_main+3788    : mov	rax                   
5971000: system.cpu: T0 : 0x4037bf @__libc_start_main+3791    : mov	SS:[t0 + rsp + 0x8], rax
5971000: system.cpu: T0 : 0x4037c4 @__libc_start_main+3796    : call	0xffffffffffffe057   
5973000: system.cpu: T0 : 0x401820 @handle_amd    : push	rbx                  
5973000: system.cpu: T0 : 0x401821 @handle_amd+1    : mov	eax, 0xffffffff80000000
5973000: system.cpu: T0 : 0x401826 @handle_amd+6    :   CPUID                    : IntAlu :  D=0x000000006e65476e
5973000: system.cpu: T0 : 0x401828 @handle_amd+8    : xor	edx                   
5973000: system.cpu: T0 : 0x40182a @handle_amd+10    : cmp	edi, 0xbe             
5973000: system.cpu: T0 : 0x401830 @handle_amd+16    : setnle	                   
5974000: system.cpu: T0 : 0x401833 @handle_amd+19    : xor	r8d                   
5974000: system.cpu: T0 : 0x401836 @handle_amd+22    : sub	edx, 0x7ffffffb       
5974000: system.cpu: T0 : 0x40183c @handle_amd+28    : cmp	eax                   
5974000: system.cpu: T0 : 0x40183e @handle_amd+30    : jnbe	0x3a                 
5976000: system.cpu: T0 : 0x401840 @handle_amd+32    : mov	edi                   
5976000: system.cpu: T0 : 0x401842 @handle_amd+34    : mov	edx                   
5976000: system.cpu: T0 : 0x401844 @handle_amd+36    :   CPUID                    : IntAlu :  D=0x0000000000000000
5976000: system.cpu: T0 : 0x401846 @handle_amd+38    : cmp	edi, 0xbb             
5976000: system.cpu: T0 : 0x40184c @handle_amd+44    : jle	0x31                  
5977000: system.cpu: T0 : 0x40184e @handle_amd+46    : sub	esi, 0xbd             
5977000: system.cpu: T0 : 0x401854 @handle_amd+52    : cmp	esi, 0x7              
5977000: system.cpu: T0 : 0x401857 @handle_amd+55    : jnbe	0x152                
5977000: system.cpu: T0 : 0x40185d @handle_amd+61    : lea	rdi, DS:[rip + 0x957bc]
5978000: system.cpu: T0 : 0x401864 @handle_amd+68    : movsxd	rax, DS:[4*rsi + rdi]
5978000: system.cpu: T0 : 0x401868 @handle_amd+72    : add	rdi                   
5978000: system.cpu: T0 : 0x40186b @handle_amd+75    : jmp	                      
6216000: system.cpu: T0 : 0x4018a7 @handle_amd+135    : xor	r8d                   
6216000: system.cpu: T0 : 0x4018aa @handle_amd+138    : test	bpl, 0xfffffffffffffff0
6216000: system.cpu: T0 : 0x4018ad @handle_amd+141    : jz	0xffffffffffffffcb     
6216000: system.cpu: T0 : 0x4018af @handle_amd+143    : shr	0x6                   
6216000: system.cpu: T0 : 0x4018b2 @handle_amd+146    : mov	ecx                   
6217000: system.cpu: T0 : 0x4018b5 @handle_amd+149    : and	r8d, 0x3fffc00        
6217000: system.cpu: T0 : 0x4018bc @handle_amd+156    : jmp	0xffffffffffffffbc    
6222000: system.cpu: T0 : 0x40187a @handle_amd+90    : mov	r8                    
6222000: system.cpu: T0 : 0x40187d @handle_amd+93    : pop	rbx                   
6222000: system.cpu: T0 : 0x40187e @handle_amd+94    : ret	                      
6224000: system.cpu: T0 : 0x4037c9 @__libc_start_main+3801    : mov	edi, 0xc2             
6224000: system.cpu: T0 : 0x4037ce @__libc_start_main+3806    : mov	SS:[t0 + rsp + 0x40], rax
6224000: system.cpu: T0 : 0x4037d3 @__libc_start_main+3811    : call	0xffffffffffffe048   
6226000: system.cpu: T0 : 0x401820 @handle_amd    : push	rbx                  
6226000: system.cpu: T0 : 0x401821 @handle_amd+1    : mov	eax, 0xffffffff80000000
6226000: system.cpu: T0 : 0x401826 @handle_amd+6    :   CPUID                    : IntAlu :  D=0x000000006e65476e
6226000: system.cpu: T0 : 0x401828 @handle_amd+8    : xor	edx                   
6226000: system.cpu: T0 : 0x40182a @handle_amd+10    : cmp	edi, 0xbe             
6226000: system.cpu: T0 : 0x401830 @handle_amd+16    : setnle	                   
6227000: system.cpu: T0 : 0x401833 @handle_amd+19    : xor	r8d                   
6227000: system.cpu: T0 : 0x401836 @handle_amd+22    : sub	edx, 0x7ffffffb       
6227000: system.cpu: T0 : 0x40183c @handle_amd+28    : cmp	eax                   
6227000: system.cpu: T0 : 0x40183e @handle_amd+30    : jnbe	0x3a                 
6229000: system.cpu: T0 : 0x401840 @handle_amd+32    : mov	edi                   
6229000: system.cpu: T0 : 0x401842 @handle_amd+34    : mov	edx                   
6229000: system.cpu: T0 : 0x401844 @handle_amd+36    :   CPUID                    : IntAlu :  D=0x0000000000000000
6229000: system.cpu: T0 : 0x401846 @handle_amd+38    : cmp	edi, 0xbb             
6229000: system.cpu: T0 : 0x40184c @handle_amd+44    : jle	0x31                  
6230000: system.cpu: T0 : 0x40184e @handle_amd+46    : sub	esi, 0xbd             
6230000: system.cpu: T0 : 0x401854 @handle_amd+52    : cmp	esi, 0x7              
6230000: system.cpu: T0 : 0x401857 @handle_amd+55    : jnbe	0x152                
6230000: system.cpu: T0 : 0x40185d @handle_amd+61    : lea	rdi, DS:[rip + 0x957bc]
6231000: system.cpu: T0 : 0x401864 @handle_amd+68    : movsxd	rax, DS:[4*rsi + rdi]
6231000: system.cpu: T0 : 0x401868 @handle_amd+72    : add	rdi                   
6231000: system.cpu: T0 : 0x40186b @handle_amd+75    : jmp	                      
6364000: system.cpu: T0 : 0x4018dc @handle_amd+188    : xor	r8d                   
6364000: system.cpu: T0 : 0x4018df @handle_amd+191    : test	sil, 0xfffffffffffffff0
6364000: system.cpu: T0 : 0x4018e2 @handle_amd+194    : jz	0xffffffffffffff96     
6377000: system.cpu: T0 : 0x40187a @handle_amd+90    : mov	r8                    
6377000: system.cpu: T0 : 0x40187d @handle_amd+93    : pop	rbx                   
6377000: system.cpu: T0 : 0x40187e @handle_amd+94    : ret	                      
6379000: system.cpu: T0 : 0x4037d8 @__libc_start_main+3816    : mov	edi, 0xb9             
6379000: system.cpu: T0 : 0x4037dd @__libc_start_main+3821    : mov	rax                   
6379000: system.cpu: T0 : 0x4037e0 @__libc_start_main+3824    : mov	SS:[t0 + rsp + 0xa8], rax
6379000: system.cpu: T0 : 0x4037e8 @__libc_start_main+3832    : call	0xffffffffffffe033   
6381000: system.cpu: T0 : 0x401820 @handle_amd    : push	rbx                  
6381000: system.cpu: T0 : 0x401821 @handle_amd+1    : mov	eax, 0xffffffff80000000
6381000: system.cpu: T0 : 0x401826 @handle_amd+6    :   CPUID                    : IntAlu :  D=0x000000006e65476e
6381000: system.cpu: T0 : 0x401828 @handle_amd+8    : xor	edx                   
6381000: system.cpu: T0 : 0x40182a @handle_amd+10    : cmp	edi, 0xbe             
6381000: system.cpu: T0 : 0x401830 @handle_amd+16    : setnle	                   
6382000: system.cpu: T0 : 0x401833 @handle_amd+19    : xor	r8d                   
6382000: system.cpu: T0 : 0x401836 @handle_amd+22    : sub	edx, 0x7ffffffb       
6382000: system.cpu: T0 : 0x40183c @handle_amd+28    : cmp	eax                   
6382000: system.cpu: T0 : 0x40183e @handle_amd+30    : jnbe	0x3a                 
6384000: system.cpu: T0 : 0x401840 @handle_amd+32    : mov	edi                   
6384000: system.cpu: T0 : 0x401842 @handle_amd+34    : mov	edx                   
6384000: system.cpu: T0 : 0x401844 @handle_amd+36    :   CPUID                    : IntAlu :  D=0x0000000040020140
6384000: system.cpu: T0 : 0x401846 @handle_amd+38    : cmp	edi, 0xbb             
6384000: system.cpu: T0 : 0x40184c @handle_amd+44    : jle	0x31                  
6421000: system.cpu: T0 : 0x40187f @handle_amd+95    : add	esi, 0x3              
6421000: system.cpu: T0 : 0x401882 @handle_amd+98    : mov	edx                   
6421000: system.cpu: T0 : 0x401884 @handle_amd+100    : jmp	0xffffffffffffffc8    
6426000: system.cpu: T0 : 0x40184e @handle_amd+46    : sub	esi, 0xbd             
6426000: system.cpu: T0 : 0x401854 @handle_amd+52    : cmp	esi, 0x7              
6426000: system.cpu: T0 : 0x401857 @handle_amd+55    : jnbe	0x152                
6439000: system.cpu: T0 : 0x4019af @handle_amd+399    : shr	0xe                   
6439000: system.cpu: T0 : 0x4019b2 @handle_amd+402    : mov	ecx                   
6439000: system.cpu: T0 : 0x4019b5 @handle_amd+405    : and	r8d, 0x3fc00          
6441000: system.cpu: T0 : 0x4019bc @handle_amd+412    : jmp	0xfffffffffffffeb9    
6443000: system.cpu: T0 : 0x40187a @handle_amd+90    : mov	r8                    
6443000: system.cpu: T0 : 0x40187d @handle_amd+93    : pop	rbx                   
6443000: system.cpu: T0 : 0x40187e @handle_amd+94    : ret	                      
6445000: system.cpu: T0 : 0x4037ed @__libc_start_main+3837    : mov	edi, 0xbb             
6445000: system.cpu: T0 : 0x4037f2 @__libc_start_main+3842    : mov	r9                    
6445000: system.cpu: T0 : 0x4037f5 @__libc_start_main+3845    : mov	SS:[t0 + rsp + 0x10], rax
6445000: system.cpu: T0 : 0x4037fa @__libc_start_main+3850    : call	0xffffffffffffe021   
6447000: system.cpu: T0 : 0x401820 @handle_amd    : push	rbx                  
6447000: system.cpu: T0 : 0x401821 @handle_amd+1    : mov	eax, 0xffffffff80000000
6447000: system.cpu: T0 : 0x401826 @handle_amd+6    :   CPUID                    : IntAlu :  D=0x000000006e65476e
6447000: system.cpu: T0 : 0x401828 @handle_amd+8    : xor	edx                   
6447000: system.cpu: T0 : 0x40182a @handle_amd+10    : cmp	edi, 0xbe             
6447000: system.cpu: T0 : 0x401830 @handle_amd+16    : setnle	                   
6448000: system.cpu: T0 : 0x401833 @handle_amd+19    : xor	r8d                   
6448000: system.cpu: T0 : 0x401836 @handle_amd+22    : sub	edx, 0x7ffffffb       
6448000: system.cpu: T0 : 0x40183c @handle_amd+28    : cmp	eax                   
6448000: system.cpu: T0 : 0x40183e @handle_amd+30    : jnbe	0x3a                 
6450000: system.cpu: T0 : 0x401840 @handle_amd+32    : mov	edi                   
6450000: system.cpu: T0 : 0x401842 @handle_amd+34    : mov	edx                   
6450000: system.cpu: T0 : 0x401844 @handle_amd+36    :   CPUID                    : IntAlu :  D=0x0000000040020140
6450000: system.cpu: T0 : 0x401846 @handle_amd+38    : cmp	edi, 0xbb             
6450000: system.cpu: T0 : 0x40184c @handle_amd+44    : jle	0x31                  
6487000: system.cpu: T0 : 0x40187f @handle_amd+95    : add	esi, 0x3              
6487000: system.cpu: T0 : 0x401882 @handle_amd+98    : mov	edx                   
6487000: system.cpu: T0 : 0x401884 @handle_amd+100    : jmp	0xffffffffffffffc8    
6489000: system.cpu: T0 : 0x40184e @handle_amd+46    : sub	esi, 0xbd             
6489000: system.cpu: T0 : 0x401854 @handle_amd+52    : cmp	esi, 0x7              
6489000: system.cpu: T0 : 0x401857 @handle_amd+55    : jnbe	0x152                
6489000: system.cpu: T0 : 0x40185d @handle_amd+61    : lea	rdi, DS:[rip + 0x957bc]
6490000: system.cpu: T0 : 0x401864 @handle_amd+68    : movsxd	rax, DS:[4*rsi + rdi]
6490000: system.cpu: T0 : 0x401868 @handle_amd+72    : add	rdi                   
6490000: system.cpu: T0 : 0x40186b @handle_amd+75    : jmp	                      
6506000: system.cpu: T0 : 0x401876 @handle_amd+86    : movzx	r8d                 
6506000: system.cpu: T0 : 0x40187a @handle_amd+90    : mov	r8                    
6506000: system.cpu: T0 : 0x40187d @handle_amd+93    : pop	rbx                   
6506000: system.cpu: T0 : 0x40187e @handle_amd+94    : ret	                      
6511000: system.cpu: T0 : 0x4037ff @__libc_start_main+3855    : mov	edi, 0xbd             
6511000: system.cpu: T0 : 0x403804 @__libc_start_main+3860    : mov	SS:[t0 + rsp + 0x20], rbx
6511000: system.cpu: T0 : 0x403809 @__libc_start_main+3865    : mov	SS:[t0 + rsp + 0x18], rax
6511000: system.cpu: T0 : 0x40380e @__libc_start_main+3870    : call	0xffffffffffffe00d   
6513000: system.cpu: T0 : 0x401820 @handle_amd    : push	rbx                  
6513000: system.cpu: T0 : 0x401821 @handle_amd+1    : mov	eax, 0xffffffff80000000
6513000: system.cpu: T0 : 0x401826 @handle_amd+6    :   CPUID                    : IntAlu :  D=0x000000006e65476e
6513000: system.cpu: T0 : 0x401828 @handle_amd+8    : xor	edx                   
6513000: system.cpu: T0 : 0x40182a @handle_amd+10    : cmp	edi, 0xbe             
6513000: system.cpu: T0 : 0x401830 @handle_amd+16    : setnle	                   
6514000: system.cpu: T0 : 0x401833 @handle_amd+19    : xor	r8d                   
6514000: system.cpu: T0 : 0x401836 @handle_amd+22    : sub	edx, 0x7ffffffb       
6514000: system.cpu: T0 : 0x40183c @handle_amd+28    : cmp	eax                   
6514000: system.cpu: T0 : 0x40183e @handle_amd+30    : jnbe	0x3a                 
6516000: system.cpu: T0 : 0x401840 @handle_amd+32    : mov	edi                   
6516000: system.cpu: T0 : 0x401842 @handle_amd+34    : mov	edx                   
6516000: system.cpu: T0 : 0x401844 @handle_amd+36    :   CPUID                    : IntAlu :  D=0x0000000040020140
6516000: system.cpu: T0 : 0x401846 @handle_amd+38    : cmp	edi, 0xbb             
6516000: system.cpu: T0 : 0x40184c @handle_amd+44    : jle	0x31                  
6517000: system.cpu: T0 : 0x40184e @handle_amd+46    : sub	esi, 0xbd             
6517000: system.cpu: T0 : 0x401854 @handle_amd+52    : cmp	esi, 0x7              
6517000: system.cpu: T0 : 0x401857 @handle_amd+55    : jnbe	0x152                
6517000: system.cpu: T0 : 0x40185d @handle_amd+61    : lea	rdi, DS:[rip + 0x957bc]
6518000: system.cpu: T0 : 0x401864 @handle_amd+68    : movsxd	rax, DS:[4*rsi + rdi]
6518000: system.cpu: T0 : 0x401868 @handle_amd+72    : add	rdi                   
6518000: system.cpu: T0 : 0x40186b @handle_amd+75    : jmp	                      
6558000: system.cpu: T0 : 0x401886 @handle_amd+102    : shr	0x10                  
6558000: system.cpu: T0 : 0x401889 @handle_amd+105    : movzx	r8d                 
6558000: system.cpu: T0 : 0x40188d @handle_amd+109    : cmp	r8d, 0xff             
6558000: system.cpu: T0 : 0x401894 @handle_amd+116    : jnz	0xffffffffffffffe4    
6573000: system.cpu: T0 : 0x40187a @handle_amd+90    : mov	r8                    
6573000: system.cpu: T0 : 0x40187d @handle_amd+93    : pop	rbx                   
6573000: system.cpu: T0 : 0x40187e @handle_amd+94    : ret	                      
6575000: system.cpu: T0 : 0x403813 @__libc_start_main+3875    : mov	edi, 0xbe             
6575000: system.cpu: T0 : 0x403818 @__libc_start_main+3880    : mov	SS:[t0 + rsp + 0x30], rax
6575000: system.cpu: T0 : 0x40381d @__libc_start_main+3885    : call	0xffffffffffffdffe   
6577000: system.cpu: T0 : 0x401820 @handle_amd    : push	rbx                  
6577000: system.cpu: T0 : 0x401821 @handle_amd+1    : mov	eax, 0xffffffff80000000
6577000: system.cpu: T0 : 0x401826 @handle_amd+6    :   CPUID                    : IntAlu :  D=0x000000006e65476e
6577000: system.cpu: T0 : 0x401828 @handle_amd+8    : xor	edx                   
6577000: system.cpu: T0 : 0x40182a @handle_amd+10    : cmp	edi, 0xbe             
6577000: system.cpu: T0 : 0x401830 @handle_amd+16    : setnle	                   
6578000: system.cpu: T0 : 0x401833 @handle_amd+19    : xor	r8d                   
6578000: system.cpu: T0 : 0x401836 @handle_amd+22    : sub	edx, 0x7ffffffb       
6578000: system.cpu: T0 : 0x40183c @handle_amd+28    : cmp	eax                   
6578000: system.cpu: T0 : 0x40183e @handle_amd+30    : jnbe	0x3a                 
6580000: system.cpu: T0 : 0x401840 @handle_amd+32    : mov	edi                   
6580000: system.cpu: T0 : 0x401842 @handle_amd+34    : mov	edx                   
6580000: system.cpu: T0 : 0x401844 @handle_amd+36    :   CPUID                    : IntAlu :  D=0x0000000040020140
6580000: system.cpu: T0 : 0x401846 @handle_amd+38    : cmp	edi, 0xbb             
6580000: system.cpu: T0 : 0x40184c @handle_amd+44    : jle	0x31                  
6581000: system.cpu: T0 : 0x40184e @handle_amd+46    : sub	esi, 0xbd             
6581000: system.cpu: T0 : 0x401854 @handle_amd+52    : cmp	esi, 0x7              
6581000: system.cpu: T0 : 0x401857 @handle_amd+55    : jnbe	0x152                
6581000: system.cpu: T0 : 0x40185d @handle_amd+61    : lea	rdi, DS:[rip + 0x957bc]
6582000: system.cpu: T0 : 0x401864 @handle_amd+68    : movsxd	rax, DS:[4*rsi + rdi]
6582000: system.cpu: T0 : 0x401868 @handle_amd+72    : add	rdi                   
6582000: system.cpu: T0 : 0x40186b @handle_amd+75    : jmp	                      
6620000: system.cpu: T0 : 0x401876 @handle_amd+86    : movzx	r8d                 
6620000: system.cpu: T0 : 0x40187a @handle_amd+90    : mov	r8                    
6620000: system.cpu: T0 : 0x40187d @handle_amd+93    : pop	rbx                   
6620000: system.cpu: T0 : 0x40187e @handle_amd+94    : ret	                      
6623000: system.cpu: T0 : 0x403822 @__libc_start_main+3890    : mov	r8, SS:[t0 + rsp + 0x40]
6623000: system.cpu: T0 : 0x403827 @__libc_start_main+3895    : mov	edi, 0xc0             
6623000: system.cpu: T0 : 0x40382c @__libc_start_main+3900    : mov	SS:[t0 + rsp + 0x38], rax
6623000: system.cpu: T0 : 0x403831 @__libc_start_main+3905    : mov	SS:[t0 + rsp + 0x68], r8
6623000: system.cpu: T0 : 0x403836 @__libc_start_main+3910    : call	0xffffffffffffdfe5   
6626000: system.cpu: T0 : 0x401820 @handle_amd    : push	rbx                  
6626000: system.cpu: T0 : 0x401821 @handle_amd+1    : mov	eax, 0xffffffff80000000
6626000: system.cpu: T0 : 0x401826 @handle_amd+6    :   CPUID                    : IntAlu :  D=0x000000006e65476e
6626000: system.cpu: T0 : 0x401828 @handle_amd+8    : xor	edx                   
6626000: system.cpu: T0 : 0x40182a @handle_amd+10    : cmp	edi, 0xbe             
6626000: system.cpu: T0 : 0x401830 @handle_amd+16    : setnle	                   
6627000: system.cpu: T0 : 0x401833 @handle_amd+19    : xor	r8d                   
6627000: system.cpu: T0 : 0x401836 @handle_amd+22    : sub	edx, 0x7ffffffb       
6627000: system.cpu: T0 : 0x40183c @handle_amd+28    : cmp	eax                   
6627000: system.cpu: T0 : 0x40183e @handle_amd+30    : jnbe	0x3a                 
6629000: system.cpu: T0 : 0x401840 @handle_amd+32    : mov	edi                   
6629000: system.cpu: T0 : 0x401842 @handle_amd+34    : mov	edx                   
6629000: system.cpu: T0 : 0x401844 @handle_amd+36    :   CPUID                    : IntAlu :  D=0x0000000000000000
6629000: system.cpu: T0 : 0x401846 @handle_amd+38    : cmp	edi, 0xbb             
6629000: system.cpu: T0 : 0x40184c @handle_amd+44    : jle	0x31                  
6630000: system.cpu: T0 : 0x40184e @handle_amd+46    : sub	esi, 0xbd             
6630000: system.cpu: T0 : 0x401854 @handle_amd+52    : cmp	esi, 0x7              
6630000: system.cpu: T0 : 0x401857 @handle_amd+55    : jnbe	0x152                
6630000: system.cpu: T0 : 0x40185d @handle_amd+61    : lea	rdi, DS:[rip + 0x957bc]
6631000: system.cpu: T0 : 0x401864 @handle_amd+68    : movsxd	rax, DS:[4*rsi + rdi]
6631000: system.cpu: T0 : 0x401868 @handle_amd+72    : add	rdi                   
6631000: system.cpu: T0 : 0x40186b @handle_amd+75    : jmp	                      
6677000: system.cpu: T0 : 0x4018be @handle_amd+158    : mov	ecx                   
6677000: system.cpu: T0 : 0x4018c1 @handle_amd+161    : lea	rsi, DS:[rip + 0x95778]
6677000: system.cpu: T0 : 0x4018c8 @handle_amd+168    : shr	0xc                   
6677000: system.cpu: T0 : 0x4018cc @handle_amd+172    : mov	r8d                   
6677000: system.cpu: T0 : 0x4018cf @handle_amd+175    : and	edx, 0xf              
6677000: system.cpu: T0 : 0x4018d2 @handle_amd+178    : movsxd	rax, DS:[4*rdx + rsi]
6678000: system.cpu: T0 : 0x4018d6 @handle_amd+182    : add	rsi                   
6678000: system.cpu: T0 : 0x4018d9 @handle_amd+185    : jmp	                      
6791000: system.cpu: T0 : 0x401932 @handle_amd+274    : mov	r8d, 0x10             
6791000: system.cpu: T0 : 0x401938 @handle_amd+280    : jmp	0xffffffffffffff3d    
6798000: system.cpu: T0 : 0x40187a @handle_amd+90    : mov	r8                    
6798000: system.cpu: T0 : 0x40187d @handle_amd+93    : pop	rbx                   
6798000: system.cpu: T0 : 0x40187e @handle_amd+94    : ret	                      
6800000: system.cpu: T0 : 0x40383b @__libc_start_main+3915    : mov	edi, 0xc1             
6802000: system.cpu: T0 : 0x403840 @__libc_start_main+3920    : mov	SS:[t0 + rsp + 0x48], rax
6802000: system.cpu: T0 : 0x403845 @__libc_start_main+3925    : call	0xffffffffffffdfd6   
6804000: system.cpu: T0 : 0x401820 @handle_amd    : push	rbx                  
6804000: system.cpu: T0 : 0x401821 @handle_amd+1    : mov	eax, 0xffffffff80000000
6804000: system.cpu: T0 : 0x401826 @handle_amd+6    :   CPUID                    : IntAlu :  D=0x000000006e65476e
6804000: system.cpu: T0 : 0x401828 @handle_amd+8    : xor	edx                   
6804000: system.cpu: T0 : 0x40182a @handle_amd+10    : cmp	edi, 0xbe             
6804000: system.cpu: T0 : 0x401830 @handle_amd+16    : setnle	                   
6805000: system.cpu: T0 : 0x401833 @handle_amd+19    : xor	r8d                   
6805000: system.cpu: T0 : 0x401836 @handle_amd+22    : sub	edx, 0x7ffffffb       
6805000: system.cpu: T0 : 0x40183c @handle_amd+28    : cmp	eax                   
6805000: system.cpu: T0 : 0x40183e @handle_amd+30    : jnbe	0x3a                 
6807000: system.cpu: T0 : 0x401840 @handle_amd+32    : mov	edi                   
6807000: system.cpu: T0 : 0x401842 @handle_amd+34    : mov	edx                   
6807000: system.cpu: T0 : 0x401844 @handle_amd+36    :   CPUID                    : IntAlu :  D=0x0000000000000000
6807000: system.cpu: T0 : 0x401846 @handle_amd+38    : cmp	edi, 0xbb             
6807000: system.cpu: T0 : 0x40184c @handle_amd+44    : jle	0x31                  
6808000: system.cpu: T0 : 0x40184e @handle_amd+46    : sub	esi, 0xbd             
6808000: system.cpu: T0 : 0x401854 @handle_amd+52    : cmp	esi, 0x7              
6808000: system.cpu: T0 : 0x401857 @handle_amd+55    : jnbe	0x152                
6808000: system.cpu: T0 : 0x40185d @handle_amd+61    : lea	rdi, DS:[rip + 0x957bc]
6809000: system.cpu: T0 : 0x401864 @handle_amd+68    : movsxd	rax, DS:[4*rsi + rdi]
6809000: system.cpu: T0 : 0x401868 @handle_amd+72    : add	rdi                   
6809000: system.cpu: T0 : 0x40186b @handle_amd+75    : jmp	                      
6809000: system.cpu: T0 : 0x40186e @handle_amd+78    : xor	r8d                   
6809000: system.cpu: T0 : 0x401871 @handle_amd+81    : test	bpl, 0xfffffffffffffff0
6810000: system.cpu: T0 : 0x401874 @handle_amd+84    : jz	0x4                    
6810000: system.cpu: T0 : 0x401876 @handle_amd+86    : movzx	r8d                 
6810000: system.cpu: T0 : 0x40187a @handle_amd+90    : mov	r8                    
6810000: system.cpu: T0 : 0x40187d @handle_amd+93    : pop	rbx                   
6811000: system.cpu: T0 : 0x40187e @handle_amd+94    : ret	                      
6813000: system.cpu: T0 : 0x40384a @__libc_start_main+3930    : mov	edi, 0xc3             
6813000: system.cpu: T0 : 0x40384f @__libc_start_main+3935    : mov	SS:[t0 + rsp + 0x50], rax
6813000: system.cpu: T0 : 0x403854 @__libc_start_main+3940    : call	0xffffffffffffdfc7   
6840000: system.cpu: T0 : 0x401820 @handle_amd    : push	rbx                  
6840000: system.cpu: T0 : 0x401821 @handle_amd+1    : mov	eax, 0xffffffff80000000
6840000: system.cpu: T0 : 0x401826 @handle_amd+6    :   CPUID                    : IntAlu :  D=0x000000006e65476e
6840000: system.cpu: T0 : 0x401828 @handle_amd+8    : xor	edx                   
6840000: system.cpu: T0 : 0x40182a @handle_amd+10    : cmp	edi, 0xbe             
6840000: system.cpu: T0 : 0x401830 @handle_amd+16    : setnle	                   
6841000: system.cpu: T0 : 0x401833 @handle_amd+19    : xor	r8d                   
6841000: system.cpu: T0 : 0x401836 @handle_amd+22    : sub	edx, 0x7ffffffb       
6841000: system.cpu: T0 : 0x40183c @handle_amd+28    : cmp	eax                   
6841000: system.cpu: T0 : 0x40183e @handle_amd+30    : jnbe	0x3a                 
6843000: system.cpu: T0 : 0x401840 @handle_amd+32    : mov	edi                   
6843000: system.cpu: T0 : 0x401842 @handle_amd+34    : mov	edx                   
6843000: system.cpu: T0 : 0x401844 @handle_amd+36    :   CPUID                    : IntAlu :  D=0x0000000000000000
6843000: system.cpu: T0 : 0x401846 @handle_amd+38    : cmp	edi, 0xbb             
6843000: system.cpu: T0 : 0x40184c @handle_amd+44    : jle	0x31                  
6844000: system.cpu: T0 : 0x40184e @handle_amd+46    : sub	esi, 0xbd             
6844000: system.cpu: T0 : 0x401854 @handle_amd+52    : cmp	esi, 0x7              
6844000: system.cpu: T0 : 0x401857 @handle_amd+55    : jnbe	0x152                
6844000: system.cpu: T0 : 0x40185d @handle_amd+61    : lea	rdi, DS:[rip + 0x957bc]
6845000: system.cpu: T0 : 0x401864 @handle_amd+68    : movsxd	rax, DS:[4*rsi + rdi]
6845000: system.cpu: T0 : 0x401868 @handle_amd+72    : add	rdi                   
6845000: system.cpu: T0 : 0x40186b @handle_amd+75    : jmp	                      
6885000: system.cpu: T0 : 0x4018f1 @handle_amd+209    : mov	edx                   
6885000: system.cpu: T0 : 0x4018f4 @handle_amd+212    : lea	rcx, DS:[rip + 0x95785]
6885000: system.cpu: T0 : 0x4018fb @handle_amd+219    : shr	0xc                   
6887000: system.cpu: T0 : 0x4018ff @handle_amd+223    : and	r8d, 0xf              
6887000: system.cpu: T0 : 0x401903 @handle_amd+227    : movsxd	rax, DS:[4*r8 + rcx]
6887000: system.cpu: T0 : 0x401907 @handle_amd+231    : add	rcx                   
6887000: system.cpu: T0 : 0x40190a @handle_amd+234    : jmp	                      
6996000: system.cpu: T0 : 0x40187a @handle_amd+90    : mov	r8                    
6996000: system.cpu: T0 : 0x40187d @handle_amd+93    : pop	rbx                   
6996000: system.cpu: T0 : 0x40187e @handle_amd+94    : ret	                      
6998000: system.cpu: T0 : 0x403859 @__libc_start_main+3945    : mov	edi, 0xc4             
6998000: system.cpu: T0 : 0x40385e @__libc_start_main+3950    : mov	SS:[t0 + rsp + 0x58], rax
6998000: system.cpu: T0 : 0x403863 @__libc_start_main+3955    : call	0xffffffffffffdfb8   
7000000: system.cpu: T0 : 0x401820 @handle_amd    : push	rbx                  
7000000: system.cpu: T0 : 0x401821 @handle_amd+1    : mov	eax, 0xffffffff80000000
7000000: system.cpu: T0 : 0x401826 @handle_amd+6    :   CPUID                    : IntAlu :  D=0x000000006e65476e
7000000: system.cpu: T0 : 0x401828 @handle_amd+8    : xor	edx                   
7000000: system.cpu: T0 : 0x40182a @handle_amd+10    : cmp	edi, 0xbe             
7000000: system.cpu: T0 : 0x401830 @handle_amd+16    : setnle	                   
7001000: system.cpu: T0 : 0x401833 @handle_amd+19    : xor	r8d                   
7001000: system.cpu: T0 : 0x401836 @handle_amd+22    : sub	edx, 0x7ffffffb       
7001000: system.cpu: T0 : 0x40183c @handle_amd+28    : cmp	eax                   
7001000: system.cpu: T0 : 0x40183e @handle_amd+30    : jnbe	0x3a                 
7003000: system.cpu: T0 : 0x401840 @handle_amd+32    : mov	edi                   
7003000: system.cpu: T0 : 0x401842 @handle_amd+34    : mov	edx                   
7003000: system.cpu: T0 : 0x401844 @handle_amd+36    :   CPUID                    : IntAlu :  D=0x0000000000000000
7003000: system.cpu: T0 : 0x401846 @handle_amd+38    : cmp	edi, 0xbb             
7003000: system.cpu: T0 : 0x40184c @handle_amd+44    : jle	0x31                  
7004000: system.cpu: T0 : 0x40184e @handle_amd+46    : sub	esi, 0xbd             
7004000: system.cpu: T0 : 0x401854 @handle_amd+52    : cmp	esi, 0x7              
7004000: system.cpu: T0 : 0x401857 @handle_amd+55    : jnbe	0x152                
7004000: system.cpu: T0 : 0x40185d @handle_amd+61    : lea	rdi, DS:[rip + 0x957bc]
7005000: system.cpu: T0 : 0x401864 @handle_amd+68    : movsxd	rax, DS:[4*rsi + rdi]
7005000: system.cpu: T0 : 0x401868 @handle_amd+72    : add	rdi                   
7005000: system.cpu: T0 : 0x40186b @handle_amd+75    : jmp	                      
7047000: system.cpu: T0 : 0x40190d @handle_amd+237    : xor	r8d                   
7047000: system.cpu: T0 : 0x401910 @handle_amd+240    : test	sil, 0xfffffffffffffff0
7047000: system.cpu: T0 : 0x401913 @handle_amd+243    : jz	0xffffffffffffff61     
7060000: system.cpu: T0 : 0x40187a @handle_amd+90    : mov	r8                    
7060000: system.cpu: T0 : 0x40187d @handle_amd+93    : pop	rbx                   
7060000: system.cpu: T0 : 0x40187e @handle_amd+94    : ret	                      
7062000: system.cpu: T0 : 0x403868 @__libc_start_main+3960    : mov	SS:[t0 + rsp + 0x60], rax
7062000: system.cpu: T0 : 0x40386d @__libc_start_main+3965    : mov	eax, 0xffffffff80000000
7062000: system.cpu: T0 : 0x403872 @__libc_start_main+3970    :   CPUID                    : IntAlu :  D=0x000000006e65476e
7062000: system.cpu: T0 : 0x403874 @__libc_start_main+3972    : test	r9                   
7062000: system.cpu: T0 : 0x403877 @__libc_start_main+3975    : mov	r8, SS:[t0 + rsp + 0x68]
7064000: system.cpu: T0 : 0x40387c @__libc_start_main+3980    : jle	0x26f                 
7194000: system.cpu: T0 : 0x403af1 @__libc_start_main+4609    : mov	SS:[t0 + rsp + 0xa8], r8
7289000: system.cpu: T0 : 0x403af9 @__libc_start_main+4617    : mov	SS:[t0 + rsp + 0x68], 0xffffffffffffffff
7289000: system.cpu: T0 : 0x403b02 @__libc_start_main+4626    : jmp	0xffffffffffffefd9    
7387000: system.cpu: T0 : 0x402ae0 @__libc_start_main+496    : movq	XMM0, SS:[t0 + rsp + 0x10]
7387000: system.cpu: T0 : 0x402ae6 @__libc_start_main+502    : mov	rax, SS:[t0 + rsp + 0xa8]
7387000: system.cpu: T0 : 0x402aee @__libc_start_main+510    : movhps	XMM0, SS:[t0 + rsp + 0x18]
7387000: system.cpu: T0 : 0x402af3 @__libc_start_main+515    : lea	rax, DS:[2*rax + rax] 
7387000: system.cpu: T0 : 0x402af7 @__libc_start_main+519    : movups	DS:[rip + 0xc8a02], XMM0
7483000: system.cpu: T0 : 0x402afe @__libc_start_main+526    : movq	XMM0, SS:[t0 + rsp + 0x20]
7483000: system.cpu: T0 : 0x402b04 @__libc_start_main+532    : test	rax                  
7483000: system.cpu: T0 : 0x402b07 @__libc_start_main+535    : movhps	XMM0, SS:[t0 + rsp + 0x30]
7483000: system.cpu: T0 : 0x402b0c @__libc_start_main+540    : movups	DS:[rip + 0xc89fd], XMM0
7483000: system.cpu: T0 : 0x402b13 @__libc_start_main+547    : movq	XMM0, SS:[t0 + rsp + 0x38]
7484000: system.cpu: T0 : 0x402b19 @__libc_start_main+553    : movhps	XMM0, SS:[t0 + rsp + 0x40]
7484000: system.cpu: T0 : 0x402b1e @__libc_start_main+558    : movups	DS:[rip + 0xc89fb], XMM0
7484000: system.cpu: T0 : 0x402b25 @__libc_start_main+565    : movq	XMM0, SS:[t0 + rsp + 0x48]
7484000: system.cpu: T0 : 0x402b2b @__libc_start_main+571    : movhps	XMM0, SS:[t0 + rsp + 0x50]
7485000: system.cpu: T0 : 0x402b30 @__libc_start_main+576    : movups	DS:[rip + 0xc89f9], XMM0
7485000: system.cpu: T0 : 0x402b37 @__libc_start_main+583    : movd	XMM0                 
7485000: system.cpu: T0 : 0x402b3c @__libc_start_main+588    : lea	r15, DS:[rax + 0x3]   
7580000: system.cpu: T0 : 0x402b40 @__libc_start_main+592    : cmovns	r15                
7580000: system.cpu: T0 : 0x402b44 @__libc_start_main+596    : movhps	XMM0, SS:[t0 + rsp + 0x58]
7580000: system.cpu: T0 : 0x402b49 @__libc_start_main+601    : mov	rax, 0xfffffffffffffff
7580000: system.cpu: T0 : 0x402b53 @__libc_start_main+611    : movups	DS:[rip + 0xc89e6], XMM0
7580000: system.cpu: T0 : 0x402b5a @__libc_start_main+618    : movq	XMM0, SS:[t0 + rsp + 0x60]
7581000: system.cpu: T0 : 0x402b60 @__libc_start_main+624    : sar	0x2                   
7581000: system.cpu: T0 : 0x402b64 @__libc_start_main+628    : cmp	rax                   
7581000: system.cpu: T0 : 0x402b67 @__libc_start_main+631    : movhps	XMM0, SS:[t0 + rsp + 0x68]
7581000: system.cpu: T0 : 0x402b6c @__libc_start_main+636    : cmovnbe	r15               
7581000: system.cpu: T0 : 0x402b70 @__libc_start_main+640    : mov	eax, 0x4040           
7581000: system.cpu: T0 : 0x402b75 @__libc_start_main+645    : movups	DS:[rip + 0xc89d4], XMM0
7582000: system.cpu: T0 : 0x402b7c @__libc_start_main+652    : cmp	rax                   
7677000: system.cpu: T0 : 0x402b7f @__libc_start_main+655    : cmovb	r15                 
7677000: system.cpu: T0 : 0x402b83 @__libc_start_main+659    : mov	eax, DS:[rip + 0xc892b]
7677000: system.cpu: T0 : 0x402b89 @__libc_start_main+665    : test	DS:[rip + 0xc883a], 0x1
7678000: system.cpu: T0 : 0x402b90 @__libc_start_main+672    : jz	0x9                    
7693000: system.cpu: T0 : 0x402b9b @__libc_start_main+683    : and	eax, 0x200            
7693000: system.cpu: T0 : 0x402ba0 @__libc_start_main+688    : cmp	eax, 0x1              
7693000: system.cpu: T0 : 0x402ba3 @__libc_start_main+691    : sbb	ebx                   
7693000: system.cpu: T0 : 0x402ba5 @__libc_start_main+693    : and	ebx, 0xffffffffffffe800
7693000: system.cpu: T0 : 0x402bab @__libc_start_main+699    : add	ebx, 0x2000           
7694000: system.cpu: T0 : 0x402bb1 @__libc_start_main+705    : cmp	eax, 0x1              
7694000: system.cpu: T0 : 0x402bb4 @__libc_start_main+708    : sbb	r9d                   
7694000: system.cpu: T0 : 0x402bb7 @__libc_start_main+711    : and	r9d, 0xffffffffffffff80
7776000: system.cpu: T0 : 0x402bbb @__libc_start_main+715    : add	r9d, 0x100            
7776000: system.cpu: T0 : 0x402bc2 @__libc_start_main+722    : test	DS:[rip + 0xc8807], 0x10
7776000: system.cpu: T0 : 0x402bc9 @__libc_start_main+729    : mov	edx, 0x840            
7776000: system.cpu: T0 : 0x402bce @__libc_start_main+734    : mov	rbp                   
7777000: system.cpu: T0 : 0x402bd1 @__libc_start_main+737    : mov	edi, 0x1c             
7777000: system.cpu: T0 : 0x402bd6 @__libc_start_main+742    : cmovnz	ebx                
7777000: system.cpu: T0 : 0x402bd9 @__libc_start_main+745    : cmp	r10d, 0x2             
7777000: system.cpu: T0 : 0x402bdd @__libc_start_main+749    : mov	SS:[t0 + rsp + 0x18], r9
7777000: system.cpu: T0 : 0x402be2 @__libc_start_main+754    : cmovnz	r8                 
7778000: system.cpu: T0 : 0x402be6 @__libc_start_main+758    : xor	edx                   
7778000: system.cpu: T0 : 0x402be8 @__libc_start_main+760    : mov	SS:[t0 + rsp + 0x10], r8
7778000: system.cpu: T0 : 0x402bed @__libc_start_main+765    : call	0x50a5e              
8146000: system.cpu: T0 : 0x453650 @__tunable_get_val    : hint	                     
8146000: system.cpu: T0 : 0x453654 @__tunable_get_val+4    : mov	edi                   
8146000: system.cpu: T0 : 0x453656 @__tunable_get_val+6    : lea	rcx, DS:[rip + 0x6f4a3]
8146000: system.cpu: T0 : 0x45365d @__tunable_get_val+13    : lea	rax, DS:[8*rdi + t0]  
8146000: system.cpu: T0 : 0x453665 @__tunable_get_val+21    : sub	rdi                   
8146000: system.cpu: T0 : 0x453668 @__tunable_get_val+24    : sal	0x4                   
8146000: system.cpu: T0 : 0x45366c @__tunable_get_val+28    : add	rcx                   
8147000: system.cpu: T0 : 0x45366f @__tunable_get_val+31    : mov	r8d, DS:[rax + 0x30]  
8147000: system.cpu: T0 : 0x453673 @__tunable_get_val+35    : mov	rax, DS:[rax + 0x48]  
8147000: system.cpu: T0 : 0x453677 @__tunable_get_val+39    : cmp	r8d, 0x2              
8147000: system.cpu: T0 : 0x45367b @__tunable_get_val+43    : jnbe	0x3b                 
8147000: system.cpu: T0 : 0x45367d @__tunable_get_val+45    : test	r8d                  
8242000: system.cpu: T0 : 0x453680 @__tunable_get_val+48    : jnz	0x36                  
8287000: system.cpu: T0 : 0x4536b8 @__tunable_get_val+104    : mov	DS:[rsi], rax         
8287000: system.cpu: T0 : 0x4536bb @__tunable_get_val+107    : jmp	0xffffffffffffffc7    
8294000: system.cpu: T0 : 0x453684 @__tunable_get_val+52    : lea	rax, DS:[8*rdi + t0]  
8294000: system.cpu: T0 : 0x45368c @__tunable_get_val+60    : sub	rdi                   
8294000: system.cpu: T0 : 0x45368f @__tunable_get_val+63    : sal	0x4                   
8294000: system.cpu: T0 : 0x453693 @__tunable_get_val+67    : cmp	DS:[rax + rcx + 0x50], 0
8294000: system.cpu: T0 : 0x453698 @__tunable_get_val+72    : jz	0x16                   
8311000: system.cpu: T0 : 0x4536b0 @__tunable_get_val+96    : ret	                      
8313000: system.cpu: T0 : 0x402bf2 @__libc_start_main+770    : mov	rdx, SS:[t0 + rsp + 0xc0]
8313000: system.cpu: T0 : 0x402bfa @__libc_start_main+778    : mov	rbp                   
8315000: system.cpu: T0 : 0x402bfd @__libc_start_main+781    : mov	edi, 0x4              
8315000: system.cpu: T0 : 0x402c02 @__libc_start_main+786    : test	rdx                  
8315000: system.cpu: T0 : 0x402c05 @__libc_start_main+789    : cmovz	rdx, SS:[t0 + rsp + 0x8]
8315000: system.cpu: T0 : 0x402c0b @__libc_start_main+795    : mov	SS:[t0 + rsp + 0x8], rdx
8315000: system.cpu: T0 : 0x402c10 @__libc_start_main+800    : xor	edx                   
8315000: system.cpu: T0 : 0x402c12 @__libc_start_main+802    : call	0x50a39              
8321000: system.cpu: T0 : 0x453650 @__tunable_get_val    : hint	                     
8321000: system.cpu: T0 : 0x453654 @__tunable_get_val+4    : mov	edi                   
8321000: system.cpu: T0 : 0x453656 @__tunable_get_val+6    : lea	rcx, DS:[rip + 0x6f4a3]
8321000: system.cpu: T0 : 0x45365d @__tunable_get_val+13    : lea	rax, DS:[8*rdi + t0]  
8321000: system.cpu: T0 : 0x453665 @__tunable_get_val+21    : sub	rdi                   
8321000: system.cpu: T0 : 0x453668 @__tunable_get_val+24    : sal	0x4                   
8321000: system.cpu: T0 : 0x45366c @__tunable_get_val+28    : add	rcx                   
8322000: system.cpu: T0 : 0x45366f @__tunable_get_val+31    : mov	r8d, DS:[rax + 0x30]  
8322000: system.cpu: T0 : 0x453673 @__tunable_get_val+35    : mov	rax, DS:[rax + 0x48]  
8322000: system.cpu: T0 : 0x453677 @__tunable_get_val+39    : cmp	r8d, 0x2              
8322000: system.cpu: T0 : 0x45367b @__tunable_get_val+43    : jnbe	0x3b                 
8322000: system.cpu: T0 : 0x45367d @__tunable_get_val+45    : test	r8d                  
8324000: system.cpu: T0 : 0x453680 @__tunable_get_val+48    : jnz	0x36                  
8460000: system.cpu: T0 : 0x4536b8 @__tunable_get_val+104    : mov	DS:[rsi], rax         
8460000: system.cpu: T0 : 0x4536bb @__tunable_get_val+107    : jmp	0xffffffffffffffc7    
8461000: system.cpu: T0 : 0x453684 @__tunable_get_val+52    : lea	rax, DS:[8*rdi + t0]  
8461000: system.cpu: T0 : 0x45368c @__tunable_get_val+60    : sub	rdi                   
8461000: system.cpu: T0 : 0x45368f @__tunable_get_val+63    : sal	0x4                   
8461000: system.cpu: T0 : 0x453693 @__tunable_get_val+67    : cmp	DS:[rax + rcx + 0x50], 0
8461000: system.cpu: T0 : 0x453698 @__tunable_get_val+72    : jz	0x16                   
8480000: system.cpu: T0 : 0x4536b0 @__tunable_get_val+96    : ret	                      
8482000: system.cpu: T0 : 0x402c17 @__libc_start_main+807    : mov	rdx, SS:[t0 + rsp + 0xc0]
8482000: system.cpu: T0 : 0x402c1f @__libc_start_main+815    : mov	r9, SS:[t0 + rsp + 0x18]
8482000: system.cpu: T0 : 0x402c24 @__libc_start_main+820    : test	rdx                  
8482000: system.cpu: T0 : 0x402c27 @__libc_start_main+823    : jz	0x8                    
8496000: system.cpu: T0 : 0x402c31 @__libc_start_main+833    : xor	edx                   
8496000: system.cpu: T0 : 0x402c33 @__libc_start_main+835    : mov	rbp                   
8496000: system.cpu: T0 : 0x402c36 @__libc_start_main+838    : mov	edi, 0x10             
8496000: system.cpu: T0 : 0x402c3b @__libc_start_main+843    : mov	SS:[t0 + rsp + 0x18], r9
8498000: system.cpu: T0 : 0x402c40 @__libc_start_main+848    : call	0x50a0b              
8500000: system.cpu: T0 : 0x453650 @__tunable_get_val    : hint	                     
8500000: system.cpu: T0 : 0x453654 @__tunable_get_val+4    : mov	edi                   
8500000: system.cpu: T0 : 0x453656 @__tunable_get_val+6    : lea	rcx, DS:[rip + 0x6f4a3]
8500000: system.cpu: T0 : 0x45365d @__tunable_get_val+13    : lea	rax, DS:[8*rdi + t0]  
8500000: system.cpu: T0 : 0x453665 @__tunable_get_val+21    : sub	rdi                   
8500000: system.cpu: T0 : 0x453668 @__tunable_get_val+24    : sal	0x4                   
8500000: system.cpu: T0 : 0x45366c @__tunable_get_val+28    : add	rcx                   
8501000: system.cpu: T0 : 0x45366f @__tunable_get_val+31    : mov	r8d, DS:[rax + 0x30]  
8501000: system.cpu: T0 : 0x453673 @__tunable_get_val+35    : mov	rax, DS:[rax + 0x48]  
8501000: system.cpu: T0 : 0x453677 @__tunable_get_val+39    : cmp	r8d, 0x2              
8501000: system.cpu: T0 : 0x45367b @__tunable_get_val+43    : jnbe	0x3b                 
8501000: system.cpu: T0 : 0x45367d @__tunable_get_val+45    : test	r8d                  
8503000: system.cpu: T0 : 0x453680 @__tunable_get_val+48    : jnz	0x36                  
8611000: system.cpu: T0 : 0x4536b8 @__tunable_get_val+104    : mov	DS:[rsi], rax         
8611000: system.cpu: T0 : 0x4536bb @__tunable_get_val+107    : jmp	0xffffffffffffffc7    
8612000: system.cpu: T0 : 0x453684 @__tunable_get_val+52    : lea	rax, DS:[8*rdi + t0]  
8612000: system.cpu: T0 : 0x45368c @__tunable_get_val+60    : sub	rdi                   
8612000: system.cpu: T0 : 0x45368f @__tunable_get_val+63    : sal	0x4                   
8612000: system.cpu: T0 : 0x453693 @__tunable_get_val+67    : cmp	DS:[rax + rcx + 0x50], 0
8612000: system.cpu: T0 : 0x453698 @__tunable_get_val+72    : jz	0x16                   
8630000: system.cpu: T0 : 0x4536b0 @__tunable_get_val+96    : ret	                      
8632000: system.cpu: T0 : 0x402c45 @__libc_start_main+853    : mov	r8, SS:[t0 + rsp + 0xc0]
8632000: system.cpu: T0 : 0x402c4d @__libc_start_main+861    : mov	edi, 0xa              
8632000: system.cpu: T0 : 0x402c52 @__libc_start_main+866    : mov	rdx, 0xfffffffffffbfbe
8632000: system.cpu: T0 : 0x402c5c @__libc_start_main+876    : lea	rsi, DS:[r8 + 0xffffffffffffbfbf]
8632000: system.cpu: T0 : 0x402c63 @__libc_start_main+883    : cmp	rdx                   
8632000: system.cpu: T0 : 0x402c66 @__libc_start_main+886    : mov	rbp                   
8632000: system.cpu: T0 : 0x402c69 @__libc_start_main+889    : cmovnbe	r8                
8633000: system.cpu: T0 : 0x402c6d @__libc_start_main+893    : xor	edx                   
8633000: system.cpu: T0 : 0x402c6f @__libc_start_main+895    : lea	r15, SS:[t0 + rsp + 0xb0]
8633000: system.cpu: T0 : 0x402c77 @__libc_start_main+903    : mov	SS:[t0 + rsp + 0x40], r8
8756000: system.cpu: T0 : 0x402c7c @__libc_start_main+908    : call	0x509cf              
8761000: system.cpu: T0 : 0x453650 @__tunable_get_val    : hint	                     
8761000: system.cpu: T0 : 0x453654 @__tunable_get_val+4    : mov	edi                   
8761000: system.cpu: T0 : 0x453656 @__tunable_get_val+6    : lea	rcx, DS:[rip + 0x6f4a3]
8761000: system.cpu: T0 : 0x45365d @__tunable_get_val+13    : lea	rax, DS:[8*rdi + t0]  
8761000: system.cpu: T0 : 0x453665 @__tunable_get_val+21    : sub	rdi                   
8761000: system.cpu: T0 : 0x453668 @__tunable_get_val+24    : sal	0x4                   
8761000: system.cpu: T0 : 0x45366c @__tunable_get_val+28    : add	rcx                   
8762000: system.cpu: T0 : 0x45366f @__tunable_get_val+31    : mov	r8d, DS:[rax + 0x30]  
8762000: system.cpu: T0 : 0x453673 @__tunable_get_val+35    : mov	rax, DS:[rax + 0x48]  
8762000: system.cpu: T0 : 0x453677 @__tunable_get_val+39    : cmp	r8d, 0x2              
8762000: system.cpu: T0 : 0x45367b @__tunable_get_val+43    : jnbe	0x3b                 
8762000: system.cpu: T0 : 0x45367d @__tunable_get_val+45    : test	r8d                  
8764000: system.cpu: T0 : 0x453680 @__tunable_get_val+48    : jnz	0x36                  
8900000: system.cpu: T0 : 0x4536b8 @__tunable_get_val+104    : mov	DS:[rsi], rax         
8900000: system.cpu: T0 : 0x4536bb @__tunable_get_val+107    : jmp	0xffffffffffffffc7    
8901000: system.cpu: T0 : 0x453684 @__tunable_get_val+52    : lea	rax, DS:[8*rdi + t0]  
8901000: system.cpu: T0 : 0x45368c @__tunable_get_val+60    : sub	rdi                   
8901000: system.cpu: T0 : 0x45368f @__tunable_get_val+63    : sal	0x4                   
8901000: system.cpu: T0 : 0x453693 @__tunable_get_val+67    : cmp	DS:[rax + rcx + 0x50], 0
8901000: system.cpu: T0 : 0x453698 @__tunable_get_val+72    : jz	0x16                   
8920000: system.cpu: T0 : 0x4536b0 @__tunable_get_val+96    : ret	                      
8922000: system.cpu: T0 : 0x402c81 @__libc_start_main+913    : mov	r9, SS:[t0 + rsp + 0x18]
8922000: system.cpu: T0 : 0x402c86 @__libc_start_main+918    : mov	rbp                   
8922000: system.cpu: T0 : 0x402c89 @__libc_start_main+921    : mov	rdx, SS:[t0 + rsp + 0xc0]
8922000: system.cpu: T0 : 0x402c91 @__libc_start_main+929    : mov	edi, 0xf              
8922000: system.cpu: T0 : 0x402c96 @__libc_start_main+934    : cmp	r9                    
8922000: system.cpu: T0 : 0x402c99 @__libc_start_main+937    : mov	SS:[t0 + rsp + 0x38], r9
8922000: system.cpu: T0 : 0x402c9e @__libc_start_main+942    : cmovnle	ebx               
8923000: system.cpu: T0 : 0x402ca1 @__libc_start_main+945    : xor	edx                   
8923000: system.cpu: T0 : 0x402ca3 @__libc_start_main+947    : call	0x509a8              
8928000: system.cpu: T0 : 0x453650 @__tunable_get_val    : hint	                     
8928000: system.cpu: T0 : 0x453654 @__tunable_get_val+4    : mov	edi                   
8928000: system.cpu: T0 : 0x453656 @__tunable_get_val+6    : lea	rcx, DS:[rip + 0x6f4a3]
8928000: system.cpu: T0 : 0x45365d @__tunable_get_val+13    : lea	rax, DS:[8*rdi + t0]  
8928000: system.cpu: T0 : 0x453665 @__tunable_get_val+21    : sub	rdi                   
8928000: system.cpu: T0 : 0x453668 @__tunable_get_val+24    : sal	0x4                   
8928000: system.cpu: T0 : 0x45366c @__tunable_get_val+28    : add	rcx                   
8929000: system.cpu: T0 : 0x45366f @__tunable_get_val+31    : mov	r8d, DS:[rax + 0x30]  
8929000: system.cpu: T0 : 0x453673 @__tunable_get_val+35    : mov	rax, DS:[rax + 0x48]  
8929000: system.cpu: T0 : 0x453677 @__tunable_get_val+39    : cmp	r8d, 0x2              
8929000: system.cpu: T0 : 0x45367b @__tunable_get_val+43    : jnbe	0x3b                 
8929000: system.cpu: T0 : 0x45367d @__tunable_get_val+45    : test	r8d                  
8931000: system.cpu: T0 : 0x453680 @__tunable_get_val+48    : jnz	0x36                  
9101000: system.cpu: T0 : 0x4536b8 @__tunable_get_val+104    : mov	DS:[rsi], rax         
9101000: system.cpu: T0 : 0x4536bb @__tunable_get_val+107    : jmp	0xffffffffffffffc7    
9102000: system.cpu: T0 : 0x453684 @__tunable_get_val+52    : lea	rax, DS:[8*rdi + t0]  
9102000: system.cpu: T0 : 0x45368c @__tunable_get_val+60    : sub	rdi                   
9102000: system.cpu: T0 : 0x45368f @__tunable_get_val+63    : sal	0x4                   
9102000: system.cpu: T0 : 0x453693 @__tunable_get_val+67    : cmp	DS:[rax + rcx + 0x50], 0
9102000: system.cpu: T0 : 0x453698 @__tunable_get_val+72    : jz	0x16                   
9121000: system.cpu: T0 : 0x4536b0 @__tunable_get_val+96    : ret	                      
9123000: system.cpu: T0 : 0x402ca8 @__libc_start_main+952    : mov	rax, SS:[t0 + rsp + 0x8]
9123000: system.cpu: T0 : 0x402cad @__libc_start_main+957    : mov	rbp                   
9123000: system.cpu: T0 : 0x402cb0 @__libc_start_main+960    : mov	r14                   
9123000: system.cpu: T0 : 0x402cb3 @__libc_start_main+963    : mov	r10, SS:[t0 + rsp + 0xc0]
9125000: system.cpu: T0 : 0x402cbb @__libc_start_main+971    : movq	XMM2, SS:[t0 + rsp + 0x10]
9125000: system.cpu: T0 : 0x402cc1 @__libc_start_main+977    : mov	r15                   
9125000: system.cpu: T0 : 0x402cc4 @__libc_start_main+980    : mov	edi, 0x1c             
9125000: system.cpu: T0 : 0x402cc9 @__libc_start_main+985    : mov	SS:[t0 + rsp + 0xb0], rax
9125000: system.cpu: T0 : 0x402cd1 @__libc_start_main+993    : movd	XMM4                 
9125000: system.cpu: T0 : 0x402cd6 @__libc_start_main+998    : mov	SS:[t0 + rsp + 0x30], r10
9126000: system.cpu: T0 : 0x402cdb @__libc_start_main+1003    : mov	SS:[t0 + rsp + 0xc0], 0xffffffffffffffff
9126000: system.cpu: T0 : 0x402ce7 @__libc_start_main+1015    : punpcklqdq	XMM2           
9126000: system.cpu: T0 : 0x402ceb @__libc_start_main+1019    : movaps	SS:[t0 + rsp + 0x20], XMM2
9126000: system.cpu: T0 : 0x402cf0 @__libc_start_main+1024    : mov	SS:[t0 + rsp + 0xb8], 0
9249000: system.cpu: T0 : 0x402cfc @__libc_start_main+1036    : call	0x503ff              
9347000: system.cpu: T0 : 0x453100 @__tunable_set_val    : hint	                     
9347000: system.cpu: T0 : 0x453104 @__tunable_set_val+4    : mov	edi                   
9347000: system.cpu: T0 : 0x453107 @__tunable_set_val+7    : mov	rdx                   
9347000: system.cpu: T0 : 0x45310a @__tunable_set_val+10    : lea	r8, DS:[rip + 0x6f9ef]
9347000: system.cpu: T0 : 0x453111 @__tunable_set_val+17    : mov	rsi                   
9347000: system.cpu: T0 : 0x453114 @__tunable_set_val+20    : mov	r9d                   
9347000: system.cpu: T0 : 0x453117 @__tunable_set_val+23    : mov	rcx                   
9348000: system.cpu: T0 : 0x45311a @__tunable_set_val+26    : lea	rax, DS:[8*rdx + t0]  
9348000: system.cpu: T0 : 0x453122 @__tunable_set_val+34    : sub	rdx                   
9348000: system.cpu: T0 : 0x453125 @__tunable_set_val+37    : sal	0x4                   
9348000: system.cpu: T0 : 0x453129 @__tunable_set_val+41    : add	r8                    
9348000: system.cpu: T0 : 0x45312c @__tunable_set_val+44    : mov	ecx, DS:[rax + 0x30]  
9348000: system.cpu: T0 : 0x45312f @__tunable_set_val+47    : cmp	ecx, 0x3              
9348000: system.cpu: T0 : 0x453132 @__tunable_set_val+50    : jz	0xc8                   
9349000: system.cpu: T0 : 0x453138 @__tunable_set_val+56    : mov	r9, DS:[r10]          
9349000: system.cpu: T0 : 0x45313b @__tunable_set_val+59    : mov	r10, DS:[rax + 0x38]  
9444000: system.cpu: T0 : 0x45313f @__tunable_set_val+63    : test	ecx                  
9444000: system.cpu: T0 : 0x453141 @__tunable_set_val+65    : setnz	                    
9444000: system.cpu: T0 : 0x453145 @__tunable_set_val+69    : mov	r10                   
9444000: system.cpu: T0 : 0x453148 @__tunable_set_val+72    : test	rdi                  
9444000: system.cpu: T0 : 0x45314b @__tunable_set_val+75    : jz	0x3                    
9445000: system.cpu: T0 : 0x45314d @__tunable_set_val+77    : mov	rax, DS:[rdi]         
9445000: system.cpu: T0 : 0x453150 @__tunable_set_val+80    : lea	rcx, DS:[8*rdx + t0]  
9445000: system.cpu: T0 : 0x453158 @__tunable_set_val+88    : sub	rdx                   
9445000: system.cpu: T0 : 0x45315b @__tunable_set_val+91    : sal	0x4                   
9445000: system.cpu: T0 : 0x45315f @__tunable_set_val+95    : mov	rdi, DS:[rcx + r8 + 0x40]
9445000: system.cpu: T0 : 0x453164 @__tunable_set_val+100    : mov	rdi                   
9445000: system.cpu: T0 : 0x453167 @__tunable_set_val+103    : test	rsi                  
9445000: system.cpu: T0 : 0x45316a @__tunable_set_val+106    : jz	0x3                    
9446000: system.cpu: T0 : 0x45316c @__tunable_set_val+108    : mov	rcx, DS:[rsi]         
9446000: system.cpu: T0 : 0x45316f @__tunable_set_val+111    : test	r11b                 
9446000: system.cpu: T0 : 0x453172 @__tunable_set_val+114    : jz	0x3c                   
9446000: system.cpu: T0 : 0x453174 @__tunable_set_val+116    : mov	r10                   
9447000: system.cpu: T0 : 0x453177 @__tunable_set_val+119    : cmp	r10                   
9447000: system.cpu: T0 : 0x45317a @__tunable_set_val+122    : jb	0x90                   
9542000: system.cpu: T0 : 0x453180 @__tunable_set_val+128    : mov	rax                   
9542000: system.cpu: T0 : 0x453183 @__tunable_set_val+131    : mov	rdi                   
9542000: system.cpu: T0 : 0x453186 @__tunable_set_val+134    : cmp	rdi                   
9542000: system.cpu: T0 : 0x453189 @__tunable_set_val+137    : jbe	0x90                  
9651000: system.cpu: T0 : 0x45321f @__tunable_set_val+287    : mov	rax                   
9651000: system.cpu: T0 : 0x453222 @__tunable_set_val+290    : mov	rcx                   
9651000: system.cpu: T0 : 0x453225 @__tunable_set_val+293    : jmp	0xffffffffffffff68    
9656000: system.cpu: T0 : 0x453192 @__tunable_set_val+146    : cmp	rsi                   
9656000: system.cpu: T0 : 0x453195 @__tunable_set_val+149    : jnb	0x9                   
9667000: system.cpu: T0 : 0x4531a0 @__tunable_set_val+160    : cmp	r9                    
9667000: system.cpu: T0 : 0x4531a3 @__tunable_set_val+163    : jnbe	0x97                 
9667000: system.cpu: T0 : 0x4531a9 @__tunable_set_val+169    : cmp	rcx                   
9667000: system.cpu: T0 : 0x4531ac @__tunable_set_val+172    : jbe	0x1f                  
9771000: system.cpu: T0 : 0x4531cd @__tunable_set_val+205    : lea	rsi, DS:[8*rdx + t0]  
9771000: system.cpu: T0 : 0x4531d5 @__tunable_set_val+213    : sub	rdx                   
9771000: system.cpu: T0 : 0x4531d8 @__tunable_set_val+216    : sal	0x4                   
9771000: system.cpu: T0 : 0x4531dc @__tunable_set_val+220    : mov	rsi                   
9771000: system.cpu: T0 : 0x4531df @__tunable_set_val+223    : add	r8                    
9771000: system.cpu: T0 : 0x4531e2 @__tunable_set_val+226    : mov	DS:[rdx + 0x48], r9   
9771000: system.cpu: T0 : 0x4531e6 @__tunable_set_val+230    : mov	DS:[rdx + 0x38], rax  
9771000: system.cpu: T0 : 0x4531ea @__tunable_set_val+234    : mov	DS:[rdx + 0x40], rcx  
9772000: system.cpu: T0 : 0x4531ee @__tunable_set_val+238    : mov	DS:[rdx + 0x50], 0x1  
9772000: system.cpu: T0 : 0x4531f2 @__tunable_set_val+242    : ret	                      
9774000: system.cpu: T0 : 0x402d01 @__libc_start_main+1041    : mov	rbp                   
9774000: system.cpu: T0 : 0x402d04 @__libc_start_main+1044    : mov	r14                   
9774000: system.cpu: T0 : 0x402d07 @__libc_start_main+1047    : mov	r15                   
9774000: system.cpu: T0 : 0x402d0a @__libc_start_main+1050    : mov	rax, SS:[t0 + rsp + 0xa8]
9774000: system.cpu: T0 : 0x402d12 @__libc_start_main+1058    : mov	edi, 0x4              
9774000: system.cpu: T0 : 0x402d17 @__libc_start_main+1063    : mov	SS:[t0 + rsp + 0xc0], 0xffffffffffffffff
9774000: system.cpu: T0 : 0x402d23 @__libc_start_main+1075    : mov	SS:[t0 + rsp + 0xb8], 0
9775000: system.cpu: T0 : 0x402d2f @__libc_start_main+1087    : mov	SS:[t0 + rsp + 0xb0], rax
9775000: system.cpu: T0 : 0x402d37 @__libc_start_main+1095    : mov	SS:[t0 + rsp + 0x18], rax
9777000: system.cpu: T0 : 0x402d3c @__libc_start_main+1100    : call	0x503bf              
9782000: system.cpu: T0 : 0x453100 @__tunable_set_val    : hint	                     
9782000: system.cpu: T0 : 0x453104 @__tunable_set_val+4    : mov	edi                   
9782000: system.cpu: T0 : 0x453107 @__tunable_set_val+7    : mov	rdx                   
9782000: system.cpu: T0 : 0x45310a @__tunable_set_val+10    : lea	r8, DS:[rip + 0x6f9ef]
9782000: system.cpu: T0 : 0x453111 @__tunable_set_val+17    : mov	rsi                   
9782000: system.cpu: T0 : 0x453114 @__tunable_set_val+20    : mov	r9d                   
9782000: system.cpu: T0 : 0x453117 @__tunable_set_val+23    : mov	rcx                   
9783000: system.cpu: T0 : 0x45311a @__tunable_set_val+26    : lea	rax, DS:[8*rdx + t0]  
9783000: system.cpu: T0 : 0x453122 @__tunable_set_val+34    : sub	rdx                   
9783000: system.cpu: T0 : 0x453125 @__tunable_set_val+37    : sal	0x4                   
9783000: system.cpu: T0 : 0x453129 @__tunable_set_val+41    : add	r8                    
9783000: system.cpu: T0 : 0x45312c @__tunable_set_val+44    : mov	ecx, DS:[rax + 0x30]  
9783000: system.cpu: T0 : 0x45312f @__tunable_set_val+47    : cmp	ecx, 0x3              
9783000: system.cpu: T0 : 0x453132 @__tunable_set_val+50    : jz	0xc8                   
9784000: system.cpu: T0 : 0x453138 @__tunable_set_val+56    : mov	r9, DS:[r10]          
9784000: system.cpu: T0 : 0x45313b @__tunable_set_val+59    : mov	r10, DS:[rax + 0x38]  
9786000: system.cpu: T0 : 0x45313f @__tunable_set_val+63    : test	ecx                  
9786000: system.cpu: T0 : 0x453141 @__tunable_set_val+65    : setnz	                    
9786000: system.cpu: T0 : 0x453145 @__tunable_set_val+69    : mov	r10                   
9786000: system.cpu: T0 : 0x453148 @__tunable_set_val+72    : test	rdi                  
9786000: system.cpu: T0 : 0x45314b @__tunable_set_val+75    : jz	0x3                    
9787000: system.cpu: T0 : 0x45314d @__tunable_set_val+77    : mov	rax, DS:[rdi]         
9787000: system.cpu: T0 : 0x453150 @__tunable_set_val+80    : lea	rcx, DS:[8*rdx + t0]  
9787000: system.cpu: T0 : 0x453158 @__tunable_set_val+88    : sub	rdx                   
9787000: system.cpu: T0 : 0x45315b @__tunable_set_val+91    : sal	0x4                   
9787000: system.cpu: T0 : 0x45315f @__tunable_set_val+95    : mov	rdi, DS:[rcx + r8 + 0x40]
9787000: system.cpu: T0 : 0x453164 @__tunable_set_val+100    : mov	rdi                   
9787000: system.cpu: T0 : 0x453167 @__tunable_set_val+103    : test	rsi                  
9787000: system.cpu: T0 : 0x45316a @__tunable_set_val+106    : jz	0x3                    
9788000: system.cpu: T0 : 0x45316c @__tunable_set_val+108    : mov	rcx, DS:[rsi]         
9788000: system.cpu: T0 : 0x45316f @__tunable_set_val+111    : test	r11b                 
9788000: system.cpu: T0 : 0x453172 @__tunable_set_val+114    : jz	0x3c                   
9788000: system.cpu: T0 : 0x453174 @__tunable_set_val+116    : mov	r10                   
9789000: system.cpu: T0 : 0x453177 @__tunable_set_val+119    : cmp	r10                   
9789000: system.cpu: T0 : 0x45317a @__tunable_set_val+122    : jb	0x90                   
9791000: system.cpu: T0 : 0x453180 @__tunable_set_val+128    : mov	rax                   
9791000: system.cpu: T0 : 0x453183 @__tunable_set_val+131    : mov	rdi                   
9791000: system.cpu: T0 : 0x453186 @__tunable_set_val+134    : cmp	rdi                   
9791000: system.cpu: T0 : 0x453189 @__tunable_set_val+137    : jbe	0x90                  
9793000: system.cpu: T0 : 0x45321f @__tunable_set_val+287    : mov	rax                   
9793000: system.cpu: T0 : 0x453222 @__tunable_set_val+290    : mov	rcx                   
9793000: system.cpu: T0 : 0x453225 @__tunable_set_val+293    : jmp	0xffffffffffffff68    
9795000: system.cpu: T0 : 0x453192 @__tunable_set_val+146    : cmp	rsi                   
9795000: system.cpu: T0 : 0x453195 @__tunable_set_val+149    : jnb	0x9                   
9796000: system.cpu: T0 : 0x4531a0 @__tunable_set_val+160    : cmp	r9                    
9796000: system.cpu: T0 : 0x4531a3 @__tunable_set_val+163    : jnbe	0x97                 
9796000: system.cpu: T0 : 0x4531a9 @__tunable_set_val+169    : cmp	rcx                   
9796000: system.cpu: T0 : 0x4531ac @__tunable_set_val+172    : jbe	0x1f                  
9798000: system.cpu: T0 : 0x4531cd @__tunable_set_val+205    : lea	rsi, DS:[8*rdx + t0]  
9798000: system.cpu: T0 : 0x4531d5 @__tunable_set_val+213    : sub	rdx                   
9798000: system.cpu: T0 : 0x4531d8 @__tunable_set_val+216    : sal	0x4                   
9798000: system.cpu: T0 : 0x4531dc @__tunable_set_val+220    : mov	rsi                   
9798000: system.cpu: T0 : 0x4531df @__tunable_set_val+223    : add	r8                    
9798000: system.cpu: T0 : 0x4531e2 @__tunable_set_val+226    : mov	DS:[rdx + 0x48], r9   
9798000: system.cpu: T0 : 0x4531e6 @__tunable_set_val+230    : mov	DS:[rdx + 0x38], rax  
9798000: system.cpu: T0 : 0x4531ea @__tunable_set_val+234    : mov	DS:[rdx + 0x40], rcx  
9799000: system.cpu: T0 : 0x4531ee @__tunable_set_val+238    : mov	DS:[rdx + 0x50], 0x1  
9799000: system.cpu: T0 : 0x4531f2 @__tunable_set_val+242    : ret	                      
9801000: system.cpu: T0 : 0x402d41 @__libc_start_main+1105    : mov	r8, SS:[t0 + rsp + 0x40]
9801000: system.cpu: T0 : 0x402d46 @__libc_start_main+1110    : mov	r14                   
9801000: system.cpu: T0 : 0x402d49 @__libc_start_main+1113    : mov	r15                   
9801000: system.cpu: T0 : 0x402d4c @__libc_start_main+1116    : mov	rcx, 0xfffffffffffffff
9801000: system.cpu: T0 : 0x402d56 @__libc_start_main+1126    : mov	edi, 0x10             
9801000: system.cpu: T0 : 0x402d5b @__libc_start_main+1131    : mov	SS:[t0 + rsp + 0xb8], 0x4040
9801000: system.cpu: T0 : 0x402d67 @__libc_start_main+1143    : mov	SS:[t0 + rsp + 0xc0], rcx
9802000: system.cpu: T0 : 0x402d6f @__libc_start_main+1151    : mov	rbp                   
9802000: system.cpu: T0 : 0x402d72 @__libc_start_main+1154    : mov	SS:[t0 + rsp + 0xb0], r8
9802000: system.cpu: T0 : 0x402d7a @__libc_start_main+1162    : mov	SS:[t0 + rsp + 0x10], r8
9897000: system.cpu: T0 : 0x402d7f @__libc_start_main+1167    : call	0x5037c              
9902000: system.cpu: T0 : 0x453100 @__tunable_set_val    : hint	                     
9902000: system.cpu: T0 : 0x453104 @__tunable_set_val+4    : mov	edi                   
9902000: system.cpu: T0 : 0x453107 @__tunable_set_val+7    : mov	rdx                   
9902000: system.cpu: T0 : 0x45310a @__tunable_set_val+10    : lea	r8, DS:[rip + 0x6f9ef]
9902000: system.cpu: T0 : 0x453111 @__tunable_set_val+17    : mov	rsi                   
9902000: system.cpu: T0 : 0x453114 @__tunable_set_val+20    : mov	r9d                   
9902000: system.cpu: T0 : 0x453117 @__tunable_set_val+23    : mov	rcx                   
9903000: system.cpu: T0 : 0x45311a @__tunable_set_val+26    : lea	rax, DS:[8*rdx + t0]  
9903000: system.cpu: T0 : 0x453122 @__tunable_set_val+34    : sub	rdx                   
9903000: system.cpu: T0 : 0x453125 @__tunable_set_val+37    : sal	0x4                   
9903000: system.cpu: T0 : 0x453129 @__tunable_set_val+41    : add	r8                    
9903000: system.cpu: T0 : 0x45312c @__tunable_set_val+44    : mov	ecx, DS:[rax + 0x30]  
9903000: system.cpu: T0 : 0x45312f @__tunable_set_val+47    : cmp	ecx, 0x3              
9903000: system.cpu: T0 : 0x453132 @__tunable_set_val+50    : jz	0xc8                   
9904000: system.cpu: T0 : 0x453138 @__tunable_set_val+56    : mov	r9, DS:[r10]          
9904000: system.cpu: T0 : 0x45313b @__tunable_set_val+59    : mov	r10, DS:[rax + 0x38]  
9906000: system.cpu: T0 : 0x45313f @__tunable_set_val+63    : test	ecx                  
9906000: system.cpu: T0 : 0x453141 @__tunable_set_val+65    : setnz	                    
9906000: system.cpu: T0 : 0x453145 @__tunable_set_val+69    : mov	r10                   
9906000: system.cpu: T0 : 0x453148 @__tunable_set_val+72    : test	rdi                  
9906000: system.cpu: T0 : 0x45314b @__tunable_set_val+75    : jz	0x3                    
9907000: system.cpu: T0 : 0x45314d @__tunable_set_val+77    : mov	rax, DS:[rdi]         
9907000: system.cpu: T0 : 0x453150 @__tunable_set_val+80    : lea	rcx, DS:[8*rdx + t0]  
9907000: system.cpu: T0 : 0x453158 @__tunable_set_val+88    : sub	rdx                   
9907000: system.cpu: T0 : 0x45315b @__tunable_set_val+91    : sal	0x4                   
9907000: system.cpu: T0 : 0x45315f @__tunable_set_val+95    : mov	rdi, DS:[rcx + r8 + 0x40]
9907000: system.cpu: T0 : 0x453164 @__tunable_set_val+100    : mov	rdi                   
9907000: system.cpu: T0 : 0x453167 @__tunable_set_val+103    : test	rsi                  
9907000: system.cpu: T0 : 0x45316a @__tunable_set_val+106    : jz	0x3                    
9908000: system.cpu: T0 : 0x45316c @__tunable_set_val+108    : mov	rcx, DS:[rsi]         
9908000: system.cpu: T0 : 0x45316f @__tunable_set_val+111    : test	r11b                 
9908000: system.cpu: T0 : 0x453172 @__tunable_set_val+114    : jz	0x3c                   
9908000: system.cpu: T0 : 0x453174 @__tunable_set_val+116    : mov	r10                   
9909000: system.cpu: T0 : 0x453177 @__tunable_set_val+119    : cmp	r10                   
9909000: system.cpu: T0 : 0x45317a @__tunable_set_val+122    : jb	0x90                   
9911000: system.cpu: T0 : 0x453180 @__tunable_set_val+128    : mov	rax                   
9911000: system.cpu: T0 : 0x453183 @__tunable_set_val+131    : mov	rdi                   
9911000: system.cpu: T0 : 0x453186 @__tunable_set_val+134    : cmp	rdi                   
9911000: system.cpu: T0 : 0x453189 @__tunable_set_val+137    : jbe	0x90                  
9913000: system.cpu: T0 : 0x45321f @__tunable_set_val+287    : mov	rax                   
9913000: system.cpu: T0 : 0x453222 @__tunable_set_val+290    : mov	rcx                   
9913000: system.cpu: T0 : 0x453225 @__tunable_set_val+293    : jmp	0xffffffffffffff68    
9915000: system.cpu: T0 : 0x453192 @__tunable_set_val+146    : cmp	rsi                   
9915000: system.cpu: T0 : 0x453195 @__tunable_set_val+149    : jnb	0x9                   
9916000: system.cpu: T0 : 0x4531a0 @__tunable_set_val+160    : cmp	r9                    
9916000: system.cpu: T0 : 0x4531a3 @__tunable_set_val+163    : jnbe	0x97                 
9916000: system.cpu: T0 : 0x4531a9 @__tunable_set_val+169    : cmp	rcx                   
9916000: system.cpu: T0 : 0x4531ac @__tunable_set_val+172    : jbe	0x1f                  
9918000: system.cpu: T0 : 0x4531cd @__tunable_set_val+205    : lea	rsi, DS:[8*rdx + t0]  
9918000: system.cpu: T0 : 0x4531d5 @__tunable_set_val+213    : sub	rdx                   
9918000: system.cpu: T0 : 0x4531d8 @__tunable_set_val+216    : sal	0x4                   
9918000: system.cpu: T0 : 0x4531dc @__tunable_set_val+220    : mov	rsi                   
9918000: system.cpu: T0 : 0x4531df @__tunable_set_val+223    : add	r8                    
9918000: system.cpu: T0 : 0x4531e2 @__tunable_set_val+226    : mov	DS:[rdx + 0x48], r9   
9918000: system.cpu: T0 : 0x4531e6 @__tunable_set_val+230    : mov	DS:[rdx + 0x38], rax  
9918000: system.cpu: T0 : 0x4531ea @__tunable_set_val+234    : mov	DS:[rdx + 0x40], rcx  
9919000: system.cpu: T0 : 0x4531ee @__tunable_set_val+238    : mov	DS:[rdx + 0x50], 0x1  
9919000: system.cpu: T0 : 0x4531f2 @__tunable_set_val+242    : ret	                      
9921000: system.cpu: T0 : 0x402d84 @__libc_start_main+1172    : mov	r9, SS:[t0 + rsp + 0x38]
9921000: system.cpu: T0 : 0x402d89 @__libc_start_main+1177    : mov	ebx                   
9921000: system.cpu: T0 : 0x402d8b @__libc_start_main+1179    : mov	r14                   
9921000: system.cpu: T0 : 0x402d8e @__libc_start_main+1182    : mov	SS:[t0 + rsp + 0xb0], rcx
9921000: system.cpu: T0 : 0x402d96 @__libc_start_main+1190    : mov	r15                   
9921000: system.cpu: T0 : 0x402d99 @__libc_start_main+1193    : mov	rbp                   
9921000: system.cpu: T0 : 0x402d9c @__libc_start_main+1196    : mov	edi, 0xa              
9921000: system.cpu: T0 : 0x402da1 @__libc_start_main+1201    : mov	SS:[t0 + rsp + 0xb8], r9
9922000: system.cpu: T0 : 0x402da9 @__libc_start_main+1209    : mov	SS:[t0 + rsp + 0xc0], 0xffffffffffffffff
9922000: system.cpu: T0 : 0x402db5 @__libc_start_main+1221    : call	0x50346              
9927000: system.cpu: T0 : 0x453100 @__tunable_set_val    : hint	                     
9927000: system.cpu: T0 : 0x453104 @__tunable_set_val+4    : mov	edi                   
9927000: system.cpu: T0 : 0x453107 @__tunable_set_val+7    : mov	rdx                   
9927000: system.cpu: T0 : 0x45310a @__tunable_set_val+10    : lea	r8, DS:[rip + 0x6f9ef]
9927000: system.cpu: T0 : 0x453111 @__tunable_set_val+17    : mov	rsi                   
9927000: system.cpu: T0 : 0x453114 @__tunable_set_val+20    : mov	r9d                   
9927000: system.cpu: T0 : 0x453117 @__tunable_set_val+23    : mov	rcx                   
9928000: system.cpu: T0 : 0x45311a @__tunable_set_val+26    : lea	rax, DS:[8*rdx + t0]  
9928000: system.cpu: T0 : 0x453122 @__tunable_set_val+34    : sub	rdx                   
9928000: system.cpu: T0 : 0x453125 @__tunable_set_val+37    : sal	0x4                   
9928000: system.cpu: T0 : 0x453129 @__tunable_set_val+41    : add	r8                    
9928000: system.cpu: T0 : 0x45312c @__tunable_set_val+44    : mov	ecx, DS:[rax + 0x30]  
9928000: system.cpu: T0 : 0x45312f @__tunable_set_val+47    : cmp	ecx, 0x3              
9928000: system.cpu: T0 : 0x453132 @__tunable_set_val+50    : jz	0xc8                   
9929000: system.cpu: T0 : 0x453138 @__tunable_set_val+56    : mov	r9, DS:[r10]          
9929000: system.cpu: T0 : 0x45313b @__tunable_set_val+59    : mov	r10, DS:[rax + 0x38]  
9931000: system.cpu: T0 : 0x45313f @__tunable_set_val+63    : test	ecx                  
9931000: system.cpu: T0 : 0x453141 @__tunable_set_val+65    : setnz	                    
9931000: system.cpu: T0 : 0x453145 @__tunable_set_val+69    : mov	r10                   
9931000: system.cpu: T0 : 0x453148 @__tunable_set_val+72    : test	rdi                  
9931000: system.cpu: T0 : 0x45314b @__tunable_set_val+75    : jz	0x3                    
9932000: system.cpu: T0 : 0x45314d @__tunable_set_val+77    : mov	rax, DS:[rdi]         
9932000: system.cpu: T0 : 0x453150 @__tunable_set_val+80    : lea	rcx, DS:[8*rdx + t0]  
9932000: system.cpu: T0 : 0x453158 @__tunable_set_val+88    : sub	rdx                   
9932000: system.cpu: T0 : 0x45315b @__tunable_set_val+91    : sal	0x4                   
9932000: system.cpu: T0 : 0x45315f @__tunable_set_val+95    : mov	rdi, DS:[rcx + r8 + 0x40]
9932000: system.cpu: T0 : 0x453164 @__tunable_set_val+100    : mov	rdi                   
9932000: system.cpu: T0 : 0x453167 @__tunable_set_val+103    : test	rsi                  
9932000: system.cpu: T0 : 0x45316a @__tunable_set_val+106    : jz	0x3                    
9933000: system.cpu: T0 : 0x45316c @__tunable_set_val+108    : mov	rcx, DS:[rsi]         
9933000: system.cpu: T0 : 0x45316f @__tunable_set_val+111    : test	r11b                 
9933000: system.cpu: T0 : 0x453172 @__tunable_set_val+114    : jz	0x3c                   
9933000: system.cpu: T0 : 0x453174 @__tunable_set_val+116    : mov	r10                   
9934000: system.cpu: T0 : 0x453177 @__tunable_set_val+119    : cmp	r10                   
9934000: system.cpu: T0 : 0x45317a @__tunable_set_val+122    : jb	0x90                   
9936000: system.cpu: T0 : 0x453180 @__tunable_set_val+128    : mov	rax                   
9936000: system.cpu: T0 : 0x453183 @__tunable_set_val+131    : mov	rdi                   
9936000: system.cpu: T0 : 0x453186 @__tunable_set_val+134    : cmp	rdi                   
9936000: system.cpu: T0 : 0x453189 @__tunable_set_val+137    : jbe	0x90                  
9938000: system.cpu: T0 : 0x45321f @__tunable_set_val+287    : mov	rax                   
9938000: system.cpu: T0 : 0x453222 @__tunable_set_val+290    : mov	rcx                   
9938000: system.cpu: T0 : 0x453225 @__tunable_set_val+293    : jmp	0xffffffffffffff68    
9940000: system.cpu: T0 : 0x453192 @__tunable_set_val+146    : cmp	rsi                   
9940000: system.cpu: T0 : 0x453195 @__tunable_set_val+149    : jnb	0x9                   
9941000: system.cpu: T0 : 0x4531a0 @__tunable_set_val+160    : cmp	r9                    
9941000: system.cpu: T0 : 0x4531a3 @__tunable_set_val+163    : jnbe	0x97                 
9941000: system.cpu: T0 : 0x4531a9 @__tunable_set_val+169    : cmp	rcx                   
9941000: system.cpu: T0 : 0x4531ac @__tunable_set_val+172    : jbe	0x1f                  
9943000: system.cpu: T0 : 0x4531cd @__tunable_set_val+205    : lea	rsi, DS:[8*rdx + t0]  
9943000: system.cpu: T0 : 0x4531d5 @__tunable_set_val+213    : sub	rdx                   
9943000: system.cpu: T0 : 0x4531d8 @__tunable_set_val+216    : sal	0x4                   
9943000: system.cpu: T0 : 0x4531dc @__tunable_set_val+220    : mov	rsi                   
9943000: system.cpu: T0 : 0x4531df @__tunable_set_val+223    : add	r8                    
9943000: system.cpu: T0 : 0x4531e2 @__tunable_set_val+226    : mov	DS:[rdx + 0x48], r9   
9943000: system.cpu: T0 : 0x4531e6 @__tunable_set_val+230    : mov	DS:[rdx + 0x38], rax  
9943000: system.cpu: T0 : 0x4531ea @__tunable_set_val+234    : mov	DS:[rdx + 0x40], rcx  
9944000: system.cpu: T0 : 0x4531ee @__tunable_set_val+238    : mov	DS:[rdx + 0x50], 0x1  
9944000: system.cpu: T0 : 0x4531f2 @__tunable_set_val+242    : ret	                      
9946000: system.cpu: T0 : 0x402dba @__libc_start_main+1226    : mov	r10, SS:[t0 + rsp + 0x30]
10019000: system.cpu: T0 : 0x402dbf @__libc_start_main+1231    : mov	rbp                   
10019000: system.cpu: T0 : 0x402dc2 @__libc_start_main+1234    : mov	r14                   
10019000: system.cpu: T0 : 0x402dc5 @__libc_start_main+1237    : mov	r15                   
10019000: system.cpu: T0 : 0x402dc8 @__libc_start_main+1240    : mov	edi, 0xf              
10019000: system.cpu: T0 : 0x402dcd @__libc_start_main+1245    : mov	SS:[t0 + rsp + 0xc0], 0xffffffffffffffff
10019000: system.cpu: T0 : 0x402dd9 @__libc_start_main+1257    : mov	SS:[t0 + rsp + 0xb0], r10
10019000: system.cpu: T0 : 0x402de1 @__libc_start_main+1265    : mov	SS:[t0 + rsp + 0xb8], 0x1
10020000: system.cpu: T0 : 0x402ded @__libc_start_main+1277    : call	0x5030e              
10025000: system.cpu: T0 : 0x453100 @__tunable_set_val    : hint	                     
10025000: system.cpu: T0 : 0x453104 @__tunable_set_val+4    : mov	edi                   
10025000: system.cpu: T0 : 0x453107 @__tunable_set_val+7    : mov	rdx                   
10025000: system.cpu: T0 : 0x45310a @__tunable_set_val+10    : lea	r8, DS:[rip + 0x6f9ef]
10025000: system.cpu: T0 : 0x453111 @__tunable_set_val+17    : mov	rsi                   
10025000: system.cpu: T0 : 0x453114 @__tunable_set_val+20    : mov	r9d                   
10025000: system.cpu: T0 : 0x453117 @__tunable_set_val+23    : mov	rcx                   
10026000: system.cpu: T0 : 0x45311a @__tunable_set_val+26    : lea	rax, DS:[8*rdx + t0]  
10026000: system.cpu: T0 : 0x453122 @__tunable_set_val+34    : sub	rdx                   
10026000: system.cpu: T0 : 0x453125 @__tunable_set_val+37    : sal	0x4                   
10026000: system.cpu: T0 : 0x453129 @__tunable_set_val+41    : add	r8                    
10026000: system.cpu: T0 : 0x45312c @__tunable_set_val+44    : mov	ecx, DS:[rax + 0x30]  
10026000: system.cpu: T0 : 0x45312f @__tunable_set_val+47    : cmp	ecx, 0x3              
10026000: system.cpu: T0 : 0x453132 @__tunable_set_val+50    : jz	0xc8                   
10027000: system.cpu: T0 : 0x453138 @__tunable_set_val+56    : mov	r9, DS:[r10]          
10027000: system.cpu: T0 : 0x45313b @__tunable_set_val+59    : mov	r10, DS:[rax + 0x38]  
10029000: system.cpu: T0 : 0x45313f @__tunable_set_val+63    : test	ecx                  
10029000: system.cpu: T0 : 0x453141 @__tunable_set_val+65    : setnz	                    
10029000: system.cpu: T0 : 0x453145 @__tunable_set_val+69    : mov	r10                   
10029000: system.cpu: T0 : 0x453148 @__tunable_set_val+72    : test	rdi                  
10029000: system.cpu: T0 : 0x45314b @__tunable_set_val+75    : jz	0x3                    
10030000: system.cpu: T0 : 0x45314d @__tunable_set_val+77    : mov	rax, DS:[rdi]         
10030000: system.cpu: T0 : 0x453150 @__tunable_set_val+80    : lea	rcx, DS:[8*rdx + t0]  
10030000: system.cpu: T0 : 0x453158 @__tunable_set_val+88    : sub	rdx                   
10030000: system.cpu: T0 : 0x45315b @__tunable_set_val+91    : sal	0x4                   
10030000: system.cpu: T0 : 0x45315f @__tunable_set_val+95    : mov	rdi, DS:[rcx + r8 + 0x40]
10030000: system.cpu: T0 : 0x453164 @__tunable_set_val+100    : mov	rdi                   
10030000: system.cpu: T0 : 0x453167 @__tunable_set_val+103    : test	rsi                  
10030000: system.cpu: T0 : 0x45316a @__tunable_set_val+106    : jz	0x3                    
10031000: system.cpu: T0 : 0x45316c @__tunable_set_val+108    : mov	rcx, DS:[rsi]         
10031000: system.cpu: T0 : 0x45316f @__tunable_set_val+111    : test	r11b                 
10031000: system.cpu: T0 : 0x453172 @__tunable_set_val+114    : jz	0x3c                   
10031000: system.cpu: T0 : 0x453174 @__tunable_set_val+116    : mov	r10                   
10032000: system.cpu: T0 : 0x453177 @__tunable_set_val+119    : cmp	r10                   
10032000: system.cpu: T0 : 0x45317a @__tunable_set_val+122    : jb	0x90                   
10034000: system.cpu: T0 : 0x453180 @__tunable_set_val+128    : mov	rax                   
10034000: system.cpu: T0 : 0x453183 @__tunable_set_val+131    : mov	rdi                   
10034000: system.cpu: T0 : 0x453186 @__tunable_set_val+134    : cmp	rdi                   
10034000: system.cpu: T0 : 0x453189 @__tunable_set_val+137    : jbe	0x90                  
10036000: system.cpu: T0 : 0x45321f @__tunable_set_val+287    : mov	rax                   
10036000: system.cpu: T0 : 0x453222 @__tunable_set_val+290    : mov	rcx                   
10036000: system.cpu: T0 : 0x453225 @__tunable_set_val+293    : jmp	0xffffffffffffff68    
10038000: system.cpu: T0 : 0x453192 @__tunable_set_val+146    : cmp	rsi                   
10038000: system.cpu: T0 : 0x453195 @__tunable_set_val+149    : jnb	0x9                   
10039000: system.cpu: T0 : 0x4531a0 @__tunable_set_val+160    : cmp	r9                    
10039000: system.cpu: T0 : 0x4531a3 @__tunable_set_val+163    : jnbe	0x97                 
10039000: system.cpu: T0 : 0x4531a9 @__tunable_set_val+169    : cmp	rcx                   
10039000: system.cpu: T0 : 0x4531ac @__tunable_set_val+172    : jbe	0x1f                  
10041000: system.cpu: T0 : 0x4531cd @__tunable_set_val+205    : lea	rsi, DS:[8*rdx + t0]  
10041000: system.cpu: T0 : 0x4531d5 @__tunable_set_val+213    : sub	rdx                   
10041000: system.cpu: T0 : 0x4531d8 @__tunable_set_val+216    : sal	0x4                   
10041000: system.cpu: T0 : 0x4531dc @__tunable_set_val+220    : mov	rsi                   
10041000: system.cpu: T0 : 0x4531df @__tunable_set_val+223    : add	r8                    
10041000: system.cpu: T0 : 0x4531e2 @__tunable_set_val+226    : mov	DS:[rdx + 0x48], r9   
10041000: system.cpu: T0 : 0x4531e6 @__tunable_set_val+230    : mov	DS:[rdx + 0x38], rax  
10041000: system.cpu: T0 : 0x4531ea @__tunable_set_val+234    : mov	DS:[rdx + 0x40], rcx  
10042000: system.cpu: T0 : 0x4531ee @__tunable_set_val+238    : mov	DS:[rdx + 0x50], 0x1  
10042000: system.cpu: T0 : 0x4531f2 @__tunable_set_val+242    : ret	                      
10044000: system.cpu: T0 : 0x402df2 @__libc_start_main+1282    : mov	rax, SS:[t0 + rsp + 0x18]
10044000: system.cpu: T0 : 0x402df7 @__libc_start_main+1287    : mov	r8, SS:[t0 + rsp + 0x10]
10117000: system.cpu: T0 : 0x402dfc @__libc_start_main+1292    : lea	rdx, DS:[rip + 0x51b9d]
10117000: system.cpu: T0 : 0x402e03 @__libc_start_main+1299    : movq	XMM0, SS:[t0 + rsp + 0x8]
10117000: system.cpu: T0 : 0x402e09 @__libc_start_main+1305    : movdqa	XMM2, SS:[t0 + rsp + 0x20]
10117000: system.cpu: T0 : 0x402e0f @__libc_start_main+1311    : mov	rbp                   
10117000: system.cpu: T0 : 0x402e12 @__libc_start_main+1314    : mov	edi, 0x18             
10118000: system.cpu: T0 : 0x402e17 @__libc_start_main+1319    : movd	XMM5                 
10118000: system.cpu: T0 : 0x402e1c @__libc_start_main+1324    : movd	XMM1                 
10118000: system.cpu: T0 : 0x402e21 @__libc_start_main+1329    : punpcklqdq	XMM0           
10118000: system.cpu: T0 : 0x402e25 @__libc_start_main+1333    : movups	DS:[rip + 0xc86c4], XMM2
10119000: system.cpu: T0 : 0x402e2c @__libc_start_main+1340    : movups	DS:[rip + 0xc869d], XMM0
10119000: system.cpu: T0 : 0x402e33 @__libc_start_main+1347    : movd	XMM0                 
10119000: system.cpu: T0 : 0x402e37 @__libc_start_main+1351    : punpcklqdq	XMM1           
10214000: system.cpu: T0 : 0x402e3b @__libc_start_main+1355    : movups	DS:[rip + 0xc869e], XMM1
10214000: system.cpu: T0 : 0x402e42 @__libc_start_main+1362    : call	0x50809              
10219000: system.cpu: T0 : 0x453650 @__tunable_get_val    : hint	                     
10219000: system.cpu: T0 : 0x453654 @__tunable_get_val+4    : mov	edi                   
10219000: system.cpu: T0 : 0x453656 @__tunable_get_val+6    : lea	rcx, DS:[rip + 0x6f4a3]
10219000: system.cpu: T0 : 0x45365d @__tunable_get_val+13    : lea	rax, DS:[8*rdi + t0]  
10219000: system.cpu: T0 : 0x453665 @__tunable_get_val+21    : sub	rdi                   
10219000: system.cpu: T0 : 0x453668 @__tunable_get_val+24    : sal	0x4                   
10219000: system.cpu: T0 : 0x45366c @__tunable_get_val+28    : add	rcx                   
10220000: system.cpu: T0 : 0x45366f @__tunable_get_val+31    : mov	r8d, DS:[rax + 0x30]  
10220000: system.cpu: T0 : 0x453673 @__tunable_get_val+35    : mov	rax, DS:[rax + 0x48]  
10220000: system.cpu: T0 : 0x453677 @__tunable_get_val+39    : cmp	r8d, 0x2              
10220000: system.cpu: T0 : 0x45367b @__tunable_get_val+43    : jnbe	0x3b                 
10365000: system.cpu: T0 : 0x4536b8 @__tunable_get_val+104    : mov	DS:[rsi], rax         
10365000: system.cpu: T0 : 0x4536bb @__tunable_get_val+107    : jmp	0xffffffffffffffc7    
10366000: system.cpu: T0 : 0x453684 @__tunable_get_val+52    : lea	rax, DS:[8*rdi + t0]  
10366000: system.cpu: T0 : 0x45368c @__tunable_get_val+60    : sub	rdi                   
10366000: system.cpu: T0 : 0x45368f @__tunable_get_val+63    : sal	0x4                   
10366000: system.cpu: T0 : 0x453693 @__tunable_get_val+67    : cmp	DS:[rax + rcx + 0x50], 0
10366000: system.cpu: T0 : 0x453698 @__tunable_get_val+72    : jz	0x16                   
10386000: system.cpu: T0 : 0x4536b0 @__tunable_get_val+96    : ret	                      
10388000: system.cpu: T0 : 0x402e47 @__libc_start_main+1367    : mov	eax, DS:[rip + 0xc855f]
10388000: system.cpu: T0 : 0x402e4d @__libc_start_main+1373    : test	eax, 0x8000000       
10388000: system.cpu: T0 : 0x402e52 @__libc_start_main+1378    : jz	0x170                  
10525000: system.cpu: T0 : 0x402fc8 @__libc_start_main+1752    : and	DS:[rip + 0xc8435], 0xffffffffffffffe8
10525000: system.cpu: T0 : 0x402fcf @__libc_start_main+1759    : and	eax, 0xfffffffffbffffff
10525000: system.cpu: T0 : 0x402fd4 @__libc_start_main+1764    : movq	XMM0, DS:[rip + 0xc83ec]
10526000: system.cpu: T0 : 0x402fdc @__libc_start_main+1772    : and	eax, 0xffffffffcfffefff
10526000: system.cpu: T0 : 0x402fe1 @__libc_start_main+1777    : movq	XMM1, DS:[rip + 0x944bf]
10526000: system.cpu: T0 : 0x402fe9 @__libc_start_main+1785    : mov	DS:[rip + 0xc84cc], 0 
10527000: system.cpu: T0 : 0x402ff4 @__libc_start_main+1796    : and	DS:[rip + 0xc8469], 0xffffffffffffffcf
10527000: system.cpu: T0 : 0x402ffb @__libc_start_main+1803    : pand	XMM0                 
10530000: system.cpu: T0 : 0x402fff @__libc_start_main+1807    : mov	DS:[rip + 0xc83a7], eax
10530000: system.cpu: T0 : 0x403005 @__libc_start_main+1813    : and	DS:[rip + 0xc83c1], 0xfffffffffc3ffef3
10530000: system.cpu: T0 : 0x40300f @__libc_start_main+1823    : and	DS:[rip + 0xc83d3], 0xfffffffffffef7ff
10531000: system.cpu: T0 : 0x403019 @__libc_start_main+1833    : movq	DS:[rip + 0xc83a7], XMM0
10531000: system.cpu: T0 : 0x403021 @__libc_start_main+1841    : jmp	0xfffffffffffffe4b    
10537000: system.cpu: T0 : 0x402e71 @__libc_start_main+1409    : cmp	DS:[rip + 0xc8508], 0x1
10539000: system.cpu: T0 : 0x402e78 @__libc_start_main+1416    : mov	DS:[rip + 0xc849d], 0x2
10539000: system.cpu: T0 : 0x402e83 @__libc_start_main+1427    : jz	0x48e                  
10539000: system.cpu: T0 : 0x402e89 @__libc_start_main+1433    : mov	rbp                   
10539000: system.cpu: T0 : 0x402e8c @__libc_start_main+1436    : lea	rdx, DS:[rip + 0x525cd]
10540000: system.cpu: T0 : 0x402e93 @__libc_start_main+1443    : mov	edi, 0x17             
10540000: system.cpu: T0 : 0x402e98 @__libc_start_main+1448    : call	0x507b3              
10542000: system.cpu: T0 : 0x453650 @__tunable_get_val    : hint	                     
10542000: system.cpu: T0 : 0x453654 @__tunable_get_val+4    : mov	edi                   
10542000: system.cpu: T0 : 0x453656 @__tunable_get_val+6    : lea	rcx, DS:[rip + 0x6f4a3]
10542000: system.cpu: T0 : 0x45365d @__tunable_get_val+13    : lea	rax, DS:[8*rdi + t0]  
10542000: system.cpu: T0 : 0x453665 @__tunable_get_val+21    : sub	rdi                   
10542000: system.cpu: T0 : 0x453668 @__tunable_get_val+24    : sal	0x4                   
10542000: system.cpu: T0 : 0x45366c @__tunable_get_val+28    : add	rcx                   
10543000: system.cpu: T0 : 0x45366f @__tunable_get_val+31    : mov	r8d, DS:[rax + 0x30]  
10543000: system.cpu: T0 : 0x453673 @__tunable_get_val+35    : mov	rax, DS:[rax + 0x48]  
10543000: system.cpu: T0 : 0x453677 @__tunable_get_val+39    : cmp	r8d, 0x2              
10543000: system.cpu: T0 : 0x45367b @__tunable_get_val+43    : jnbe	0x3b                 
10545000: system.cpu: T0 : 0x4536b8 @__tunable_get_val+104    : mov	DS:[rsi], rax         
10545000: system.cpu: T0 : 0x4536bb @__tunable_get_val+107    : jmp	0xffffffffffffffc7    
10546000: system.cpu: T0 : 0x453684 @__tunable_get_val+52    : lea	rax, DS:[8*rdi + t0]  
10546000: system.cpu: T0 : 0x45368c @__tunable_get_val+60    : sub	rdi                   
10546000: system.cpu: T0 : 0x45368f @__tunable_get_val+63    : sal	0x4                   
10546000: system.cpu: T0 : 0x453693 @__tunable_get_val+67    : cmp	DS:[rax + rcx + 0x50], 0
10546000: system.cpu: T0 : 0x453698 @__tunable_get_val+72    : jz	0x16                   
10698000: system.cpu: T0 : 0x4536b0 @__tunable_get_val+96    : ret	                      
10700000: system.cpu: T0 : 0x402e9d @__libc_start_main+1453    : mov	rbp                   
10700000: system.cpu: T0 : 0x402ea0 @__libc_start_main+1456    : mov	edi, 0x11             
10700000: system.cpu: T0 : 0x402ea5 @__libc_start_main+1461    : lea	rdx, DS:[rip + 0x52644]
10700000: system.cpu: T0 : 0x402eac @__libc_start_main+1468    : call	0x5079f              
10703000: system.cpu: T0 : 0x453650 @__tunable_get_val    : hint	                     
10703000: system.cpu: T0 : 0x453654 @__tunable_get_val+4    : mov	edi                   
10703000: system.cpu: T0 : 0x453656 @__tunable_get_val+6    : lea	rcx, DS:[rip + 0x6f4a3]
10703000: system.cpu: T0 : 0x45365d @__tunable_get_val+13    : lea	rax, DS:[8*rdi + t0]  
10703000: system.cpu: T0 : 0x453665 @__tunable_get_val+21    : sub	rdi                   
10703000: system.cpu: T0 : 0x453668 @__tunable_get_val+24    : sal	0x4                   
10703000: system.cpu: T0 : 0x45366c @__tunable_get_val+28    : add	rcx                   
10704000: system.cpu: T0 : 0x45366f @__tunable_get_val+31    : mov	r8d, DS:[rax + 0x30]  
10704000: system.cpu: T0 : 0x453673 @__tunable_get_val+35    : mov	rax, DS:[rax + 0x48]  
10704000: system.cpu: T0 : 0x453677 @__tunable_get_val+39    : cmp	r8d, 0x2              
10704000: system.cpu: T0 : 0x45367b @__tunable_get_val+43    : jnbe	0x3b                 
10706000: system.cpu: T0 : 0x4536b8 @__tunable_get_val+104    : mov	DS:[rsi], rax         
10706000: system.cpu: T0 : 0x4536bb @__tunable_get_val+107    : jmp	0xffffffffffffffc7    
10707000: system.cpu: T0 : 0x453684 @__tunable_get_val+52    : lea	rax, DS:[8*rdi + t0]  
10707000: system.cpu: T0 : 0x45368c @__tunable_get_val+60    : sub	rdi                   
10707000: system.cpu: T0 : 0x45368f @__tunable_get_val+63    : sal	0x4                   
10707000: system.cpu: T0 : 0x453693 @__tunable_get_val+67    : cmp	DS:[rax + rcx + 0x50], 0
10707000: system.cpu: T0 : 0x453698 @__tunable_get_val+72    : jz	0x16                   
10916000: system.cpu: T0 : 0x4536b0 @__tunable_get_val+96    : ret	                      
10918000: system.cpu: T0 : 0x402eb1 @__libc_start_main+1473    : mov	rbp                   
10918000: system.cpu: T0 : 0x402eb4 @__libc_start_main+1476    : mov	edi, 0x3001           
10918000: system.cpu: T0 : 0x402eb9 @__libc_start_main+1481    : mov	eax, 0x9e             
10918000: system.cpu: T0 : 0x402ebe @__libc_start_main+1486    :   syscall                  : IntAlu : 
10945000: system.cpu: T0 : 0x402ec0 @__libc_start_main+1488    : xor	edx                   
10945000: system.cpu: T0 : 0x402ec2 @__libc_start_main+1490    : test	rax                  
10945000: system.cpu: T0 : 0x402ec5 @__libc_start_main+1493    : jz	0x2be                  
10945000: system.cpu: T0 : 0x402ecb @__libc_start_main+1499    : and	DS:[rip + 0xc84fb], 0xffffffffffefffff
10946000: system.cpu: T0 : 0x402ed5 @__libc_start_main+1509    : test	dl, 0x2              
10946000: system.cpu: T0 : 0x402ed8 @__libc_start_main+1512    : jz	0x294                  
10963000: system.cpu: T0 : 0x403172 @__libc_start_main+2178    : and	DS:[rip + 0xc8250], 0xffffffffffffff7f
10963000: system.cpu: T0 : 0x40317c @__libc_start_main+2188    : test	edx                  
10965000: system.cpu: T0 : 0x40317e @__libc_start_main+2190    : jz	0xfffffffffffffd69     
10979000: system.cpu: T0 : 0x402eed @__libc_start_main+1533    : mov	rax, DS:[rip + 0xc85dc]
10979000: system.cpu: T0 : 0x402ef4 @__libc_start_main+1540    : and	rax, 0xffffffffffffff00
10979000: system.cpu: T0 : 0x402efa @__libc_start_main+1546    : jle	0x14                  
10979000: system.cpu: T0 : 0x402efc @__libc_start_main+1548    : mov	rax                   
11047000: system.cpu: T0 : 0x402eff @__libc_start_main+1551    : mov	DS:[rip + 0xc120a], rax
11047000: system.cpu: T0 : 0x402f06 @__libc_start_main+1558    : sar	                      
11047000: system.cpu: T0 : 0x402f09 @__libc_start_main+1561    : mov	DS:[rip + 0xc1208], rdx
11047000: system.cpu: T0 : 0x402f10 @__libc_start_main+1568    : mov	rax, DS:[rip + 0xc85c1]
11047000: system.cpu: T0 : 0x402f17 @__libc_start_main+1575    : and	rax, 0xffffffffffffff00
11048000: system.cpu: T0 : 0x402f1d @__libc_start_main+1581    : jle	0x14                  
11048000: system.cpu: T0 : 0x402f1f @__libc_start_main+1583    : mov	rax                   
11048000: system.cpu: T0 : 0x402f22 @__libc_start_main+1586    : mov	DS:[rip + 0xc11d7], rax
11048000: system.cpu: T0 : 0x402f29 @__libc_start_main+1593    : sar	                      
11049000: system.cpu: T0 : 0x402f2c @__libc_start_main+1596    : mov	DS:[rip + 0xc11d5], rdx
11049000: system.cpu: T0 : 0x402f33 @__libc_start_main+1603    : mov	rax, DS:[rip + 0xc85a6]
11144000: system.cpu: T0 : 0x402f3a @__libc_start_main+1610    : mov	DS:[rip + 0xc33bf], rax
11144000: system.cpu: T0 : 0x402f41 @__libc_start_main+1617    : mov	rax, DS:[rip + 0xc85a0]
11144000: system.cpu: T0 : 0x402f48 @__libc_start_main+1624    : mov	DS:[rip + 0xc11a9], rax
11144000: system.cpu: T0 : 0x402f4f @__libc_start_main+1631    : mov	rax, DS:[rip + 0xc85a2]
11145000: system.cpu: T0 : 0x402f56 @__libc_start_main+1638    : mov	DS:[rip + 0xc1193], rax
11145000: system.cpu: T0 : 0x402f5d @__libc_start_main+1645    : mov	rax, DS:[rip + 0xc858c]
11145000: system.cpu: T0 : 0x402f64 @__libc_start_main+1652    : mov	DS:[rip + 0xc338d], rax
11145000: system.cpu: T0 : 0x402f6b @__libc_start_main+1659    : test	DS:[rip + 0xc8543], 0xffffffffffffff80
11146000: system.cpu: T0 : 0x402f72 @__libc_start_main+1666    : jz	0x7                    
11161000: system.cpu: T0 : 0x402f7b @__libc_start_main+1675    : call	0xffffffffffffe570   
11163000: system.cpu: T0 : 0x4014f0 @_dl_relocate_static_pie    : hint	                     
11163000: system.cpu: T0 : 0x4014f4 @_dl_relocate_static_pie+4    : ret	                      
11243000: system.cpu: T0 : 0x402f80 @__libc_start_main+1680    : mov	rdi, 0x4002d8         
11243000: system.cpu: T0 : 0x402f87 @__libc_start_main+1687    : mov	rdi, 0x400518         
11243000: system.cpu: T0 : 0x402f8e @__libc_start_main+1694    : cmp	rbp                   
11243000: system.cpu: T0 : 0x402f91 @__libc_start_main+1697    : jb	0x20                   
11255000: system.cpu: T0 : 0x402fb3 @__libc_start_main+1731    : cmp	DS:[rbx + 0x8], 0x25  
11255000: system.cpu: T0 : 0x402fb7 @__libc_start_main+1735    : mov	r14, DS:[rbx]         
11255000: system.cpu: T0 : 0x402fba @__libc_start_main+1738    : jz	0xffffffffffffffe4     
11376000: system.cpu: T0 : 0x402fa0 @__libc_start_main+1712    : call	DS:[rbx + 0x10]      
11514000: system.cpu: T0 : 0x4219e0 @strchr    : hint	                     
11514000: system.cpu: T0 : 0x4219e4 @strchr+4    : mov	edx, DS:[rip + 0xa99de]
11514000: system.cpu: T0 : 0x4219ea @strchr+10    : mov	ecx, DS:[rip + 0xa9ac4]
11514000: system.cpu: T0 : 0x4219f0 @strchr+16    : mov	edx                   
11514000: system.cpu: T0 : 0x4219f2 @strchr+18    : and	eax, 0x120            
11515000: system.cpu: T0 : 0x4219f7 @strchr+23    : cmp	eax, 0x120            
11515000: system.cpu: T0 : 0x4219fc @strchr+28    : jz	0x1a                   
11610000: system.cpu: T0 : 0x4219fe @strchr+30    : and	ecx, 0x4              
11610000: system.cpu: T0 : 0x421a01 @strchr+33    : lea	rax, DS:[rip + 0x1c258]
11610000: system.cpu: T0 : 0x421a08 @strchr+40    : lea	rdx, DS:[rip + 0x21911]
11610000: system.cpu: T0 : 0x421a0f @strchr+47    : cmovnz	rax                
11611000: system.cpu: T0 : 0x421a13 @strchr+51    : ret	                      
11613000: system.cpu: T0 : 0x402fa3 @__libc_start_main+1715    : add	rbx, 0x18             
11613000: system.cpu: T0 : 0x402fa7 @__libc_start_main+1719    : mov	DS:[r14], rax         
11613000: system.cpu: T0 : 0x402faa @__libc_start_main+1722    : cmp	rbp                   
11613000: system.cpu: T0 : 0x402fad @__libc_start_main+1725    : jnb	0x216                 
11613000: system.cpu: T0 : 0x402fb3 @__libc_start_main+1731    : cmp	DS:[rbx + 0x8], 0x25  
11614000: system.cpu: T0 : 0x402fb7 @__libc_start_main+1735    : mov	r14, DS:[rbx]         
11614000: system.cpu: T0 : 0x402fba @__libc_start_main+1738    : jz	0xffffffffffffffe4     
11615000: system.cpu: T0 : 0x402fa0 @__libc_start_main+1712    : call	DS:[rbx + 0x10]      
11722000: system.cpu: T0 : 0x421c30 @strlen    : hint	                     
11722000: system.cpu: T0 : 0x421c34 @strlen+4    : mov	edx, DS:[rip + 0xa978e]
11817000: system.cpu: T0 : 0x421c3a @strlen+10    : lea	rax, DS:[rip + 0x1c8ef]
11817000: system.cpu: T0 : 0x421c41 @strlen+17    : mov	edx                   
11817000: system.cpu: T0 : 0x421c43 @strlen+19    : and	ecx, 0x120            
11817000: system.cpu: T0 : 0x421c49 @strlen+25    : cmp	ecx, 0x120            
11817000: system.cpu: T0 : 0x421c4f @strlen+31    : jz	0x7                    
11818000: system.cpu: T0 : 0x421c51 @strlen+33    : ret	                      
11820000: system.cpu: T0 : 0x402fa3 @__libc_start_main+1715    : add	rbx, 0x18             
11820000: system.cpu: T0 : 0x402fa7 @__libc_start_main+1719    : mov	DS:[r14], rax         
11820000: system.cpu: T0 : 0x402faa @__libc_start_main+1722    : cmp	rbp                   
11820000: system.cpu: T0 : 0x402fad @__libc_start_main+1725    : jnb	0x216                 
11820000: system.cpu: T0 : 0x402fb3 @__libc_start_main+1731    : cmp	DS:[rbx + 0x8], 0x25  
11821000: system.cpu: T0 : 0x402fb7 @__libc_start_main+1735    : mov	r14, DS:[rbx]         
11821000: system.cpu: T0 : 0x402fba @__libc_start_main+1738    : jz	0xffffffffffffffe4     
11822000: system.cpu: T0 : 0x402fa0 @__libc_start_main+1712    : call	DS:[rbx + 0x10]      
11961000: system.cpu: T0 : 0x488110 @strspn    : hint	                     
11961000: system.cpu: T0 : 0x488114 @strspn+4    : test	DS:[rip + 0x43293], 0x10
11961000: system.cpu: T0 : 0x48811b @strspn+11    : lea	rdx, DS:[rip + 0x11e] 
11961000: system.cpu: T0 : 0x488122 @strspn+18    : lea	rax, DS:[rip + 0x67]  
11962000: system.cpu: T0 : 0x488129 @strspn+25    : cmovnz	rax                
11962000: system.cpu: T0 : 0x48812d @strspn+29    : ret	                      
11964000: system.cpu: T0 : 0x402fa3 @__libc_start_main+1715    : add	rbx, 0x18             
11964000: system.cpu: T0 : 0x402fa7 @__libc_start_main+1719    : mov	DS:[r14], rax         
11964000: system.cpu: T0 : 0x402faa @__libc_start_main+1722    : cmp	rbp                   
11964000: system.cpu: T0 : 0x402fad @__libc_start_main+1725    : jnb	0x216                 
11964000: system.cpu: T0 : 0x402fb3 @__libc_start_main+1731    : cmp	DS:[rbx + 0x8], 0x25  
11965000: system.cpu: T0 : 0x402fb7 @__libc_start_main+1735    : mov	r14, DS:[rbx]         
11965000: system.cpu: T0 : 0x402fba @__libc_start_main+1738    : jz	0xffffffffffffffe4     
11966000: system.cpu: T0 : 0x402fa0 @__libc_start_main+1712    : call	DS:[rbx + 0x10]      
12101000: system.cpu: T0 : 0x421b50 @strcspn    : hint	                     
12101000: system.cpu: T0 : 0x421b54 @strcspn+4    : test	DS:[rip + 0xa9853], 0x10
12101000: system.cpu: T0 : 0x421b5b @strcspn+11    : lea	rdx, DS:[rip + 0x2379e]
12101000: system.cpu: T0 : 0x421b62 @strcspn+18    : lea	rax, DS:[rip + 0x236e7]
12102000: system.cpu: T0 : 0x421b69 @strcspn+25    : cmovnz	rax                
12102000: system.cpu: T0 : 0x421b6d @strcspn+29    : ret	                      
12104000: system.cpu: T0 : 0x402fa3 @__libc_start_main+1715    : add	rbx, 0x18             
12104000: system.cpu: T0 : 0x402fa7 @__libc_start_main+1719    : mov	DS:[r14], rax         
12104000: system.cpu: T0 : 0x402faa @__libc_start_main+1722    : cmp	rbp                   
12104000: system.cpu: T0 : 0x402fad @__libc_start_main+1725    : jnb	0x216                 
12104000: system.cpu: T0 : 0x402fb3 @__libc_start_main+1731    : cmp	DS:[rbx + 0x8], 0x25  
12105000: system.cpu: T0 : 0x402fb7 @__libc_start_main+1735    : mov	r14, DS:[rbx]         
12105000: system.cpu: T0 : 0x402fba @__libc_start_main+1738    : jz	0xffffffffffffffe4     
12106000: system.cpu: T0 : 0x402fa0 @__libc_start_main+1712    : call	DS:[rbx + 0x10]      
12241000: system.cpu: T0 : 0x422860 @__mempcpy    : hint	                     
12241000: system.cpu: T0 : 0x422864 @__mempcpy+4    : mov	edx, DS:[rip + 0xa8c4a]
12241000: system.cpu: T0 : 0x42286a @__mempcpy+10    : lea	rax, DS:[rip + 0x22edf]
12241000: system.cpu: T0 : 0x422871 @__mempcpy+17    : test	sil, 0x48            
12241000: system.cpu: T0 : 0x422874 @__mempcpy+20    : jnz	0x6d                  
12242000: system.cpu: T0 : 0x422876 @__mempcpy+22    : mov	ecx, DS:[rip + 0xa8b4c]
12337000: system.cpu: T0 : 0x42287c @__mempcpy+28    : test	ecx, 0x10000         
12337000: system.cpu: T0 : 0x422882 @__mempcpy+34    : jnz	0x64                  
12337000: system.cpu: T0 : 0x422884 @__mempcpy+36    : test	sil, 0x2             
12337000: system.cpu: T0 : 0x422887 @__mempcpy+39    : jz	0x37                   
12443000: system.cpu: T0 : 0x4228c0 @__mempcpy+96    : test	DS:[rip + 0xa8ae6], 0x2
12443000: system.cpu: T0 : 0x4228c7 @__mempcpy+103    : jz	0x47                   
12443000: system.cpu: T0 : 0x4228c9 @__mempcpy+105    : test	dl, 0x20             
12444000: system.cpu: T0 : 0x4228cc @__mempcpy+108    : jnz	0x42                  
12444000: system.cpu: T0 : 0x4228ce @__mempcpy+110    : and	edx, 0x2              
12444000: system.cpu: T0 : 0x4228d1 @__mempcpy+113    : lea	rax, DS:[rip + 0x8a78]
12445000: system.cpu: T0 : 0x4228d8 @__mempcpy+120    : lea	rdx, DS:[rip + 0xe001]
12445000: system.cpu: T0 : 0x4228df @__mempcpy+127    : cmovnz	rax                
12445000: system.cpu: T0 : 0x4228e3 @__mempcpy+131    : ret	                      
12447000: system.cpu: T0 : 0x402fa3 @__libc_start_main+1715    : add	rbx, 0x18             
12447000: system.cpu: T0 : 0x402fa7 @__libc_start_main+1719    : mov	DS:[r14], rax         
12447000: system.cpu: T0 : 0x402faa @__libc_start_main+1722    : cmp	rbp                   
12447000: system.cpu: T0 : 0x402fad @__libc_start_main+1725    : jnb	0x216                 
12447000: system.cpu: T0 : 0x402fb3 @__libc_start_main+1731    : cmp	DS:[rbx + 0x8], 0x25  
12448000: system.cpu: T0 : 0x402fb7 @__libc_start_main+1735    : mov	r14, DS:[rbx]         
12448000: system.cpu: T0 : 0x402fba @__libc_start_main+1738    : jz	0xffffffffffffffe4     
12463000: system.cpu: T0 : 0x402fa0 @__libc_start_main+1712    : call	DS:[rbx + 0x10]      
12599000: system.cpu: T0 : 0x4772f0 @__wmemset    : hint	                     
12599000: system.cpu: T0 : 0x4772f4 @__wmemset+4    : mov	edx, DS:[rip + 0x540ce]
12694000: system.cpu: T0 : 0x4772fa @__wmemset+10    : lea	rax, DS:[rip + 0xfffffffffffcfa5f]
12694000: system.cpu: T0 : 0x477301 @__wmemset+17    : test	dl, 0x20             
12694000: system.cpu: T0 : 0x477304 @__wmemset+20    : jz	0x30                   
12706000: system.cpu: T0 : 0x477336 @__wmemset+70    : ret	                      
12708000: system.cpu: T0 : 0x402fa3 @__libc_start_main+1715    : add	rbx, 0x18             
12708000: system.cpu: T0 : 0x402fa7 @__libc_start_main+1719    : mov	DS:[r14], rax         
12708000: system.cpu: T0 : 0x402faa @__libc_start_main+1722    : cmp	rbp                   
12708000: system.cpu: T0 : 0x402fad @__libc_start_main+1725    : jnb	0x216                 
12708000: system.cpu: T0 : 0x402fb3 @__libc_start_main+1731    : cmp	DS:[rbx + 0x8], 0x25  
12709000: system.cpu: T0 : 0x402fb7 @__libc_start_main+1735    : mov	r14, DS:[rbx]         
12709000: system.cpu: T0 : 0x402fba @__libc_start_main+1738    : jz	0xffffffffffffffe4     
12726000: system.cpu: T0 : 0x402fa0 @__libc_start_main+1712    : call	DS:[rbx + 0x10]      
12908000: system.cpu: T0 : 0x421a50 @strcmp    : hint	                     
12908000: system.cpu: T0 : 0x421a54 @strcmp+4    : mov	edx, DS:[rip + 0xa996e]
12908000: system.cpu: T0 : 0x421a5a @strcmp+10    : mov	ecx, DS:[rip + 0xa9a54]
12908000: system.cpu: T0 : 0x421a60 @strcmp+16    : test	dl, 0x20             
12908000: system.cpu: T0 : 0x421a63 @strcmp+19    : jz	0x5                    
12923000: system.cpu: T0 : 0x421a6a @strcmp+26    : and	ecx, 0x8              
12923000: system.cpu: T0 : 0x421a6d @strcmp+29    : lea	rax, DS:[rip + 0x261c]
12923000: system.cpu: T0 : 0x421a74 @strcmp+36    : jnz	0x19                  
12923000: system.cpu: T0 : 0x421a76 @strcmp+38    : test	DS:[rip + 0xa9930], 0x2
13007000: system.cpu: T0 : 0x421a7d @strcmp+45    : lea	rax, DS:[rip + 0x11bc]
13007000: system.cpu: T0 : 0x421a84 @strcmp+52    : lea	rdx, DS:[rip + 0x28b5]
13007000: system.cpu: T0 : 0x421a8b @strcmp+59    : cmovnz	rax                
13007000: system.cpu: T0 : 0x421a8f @strcmp+63    : ret	                      
13010000: system.cpu: T0 : 0x402fa3 @__libc_start_main+1715    : add	rbx, 0x18             
13010000: system.cpu: T0 : 0x402fa7 @__libc_start_main+1719    : mov	DS:[r14], rax         
13010000: system.cpu: T0 : 0x402faa @__libc_start_main+1722    : cmp	rbp                   
13010000: system.cpu: T0 : 0x402fad @__libc_start_main+1725    : jnb	0x216                 
13010000: system.cpu: T0 : 0x402fb3 @__libc_start_main+1731    : cmp	DS:[rbx + 0x8], 0x25  
13011000: system.cpu: T0 : 0x402fb7 @__libc_start_main+1735    : mov	r14, DS:[rbx]         
13011000: system.cpu: T0 : 0x402fba @__libc_start_main+1738    : jz	0xffffffffffffffe4     
13026000: system.cpu: T0 : 0x402fa0 @__libc_start_main+1712    : call	DS:[rbx + 0x10]      
13148000: system.cpu: T0 : 0x44cda0 @__wcsnlen    : hint	                     
13148000: system.cpu: T0 : 0x44cda4 @__wcsnlen+4    : mov	edx, DS:[rip + 0x7e61e]
13148000: system.cpu: T0 : 0x44cdaa @__wcsnlen+10    : mov	edx                   
13148000: system.cpu: T0 : 0x44cdac @__wcsnlen+12    : and	eax, 0x120            
13148000: system.cpu: T0 : 0x44cdb1 @__wcsnlen+17    : cmp	eax, 0x120            
13149000: system.cpu: T0 : 0x44cdb6 @__wcsnlen+22    : jz	0x20                   
13149000: system.cpu: T0 : 0x44cdb8 @__wcsnlen+24    : test	DS:[rip + 0x7e5ef], 0x8
13244000: system.cpu: T0 : 0x44cdbf @__wcsnlen+31    : lea	rax, DS:[rip + 0xa6a] 
13244000: system.cpu: T0 : 0x44cdc6 @__wcsnlen+38    : lea	rdx, DS:[rip + 0xaa3] 
13244000: system.cpu: T0 : 0x44cdcd @__wcsnlen+45    : cmovnz	rax                
13244000: system.cpu: T0 : 0x44cdd1 @__wcsnlen+49    : ret	                      
13247000: system.cpu: T0 : 0x402fa3 @__libc_start_main+1715    : add	rbx, 0x18             
13247000: system.cpu: T0 : 0x402fa7 @__libc_start_main+1719    : mov	DS:[r14], rax         
13247000: system.cpu: T0 : 0x402faa @__libc_start_main+1722    : cmp	rbp                   
13247000: system.cpu: T0 : 0x402fad @__libc_start_main+1725    : jnb	0x216                 
13247000: system.cpu: T0 : 0x402fb3 @__libc_start_main+1731    : cmp	DS:[rbx + 0x8], 0x25  
13248000: system.cpu: T0 : 0x402fb7 @__libc_start_main+1735    : mov	r14, DS:[rbx]         
13248000: system.cpu: T0 : 0x402fba @__libc_start_main+1738    : jz	0xffffffffffffffe4     
13263000: system.cpu: T0 : 0x402fa0 @__libc_start_main+1712    : call	DS:[rbx + 0x10]      
13371000: system.cpu: T0 : 0x422760 @memset    : hint	                     
13371000: system.cpu: T0 : 0x422764 @memset+4    : mov	ecx, DS:[rip + 0xa8d4a]
13371000: system.cpu: T0 : 0x42276a @memset+10    : lea	rax, DS:[rip + 0x2465f]
13371000: system.cpu: T0 : 0x422771 @memset+17    : test	bpl, 0x8             
13371000: system.cpu: T0 : 0x422774 @memset+20    : jnz	0x5e                  
13372000: system.cpu: T0 : 0x422776 @memset+22    : mov	edx, DS:[rip + 0xa8c4c]
13467000: system.cpu: T0 : 0x42277c @memset+28    : test	edx, 0x10000         
13467000: system.cpu: T0 : 0x422782 @memset+34    : jnz	0x54                  
13467000: system.cpu: T0 : 0x422784 @memset+36    : mov	edx                   
13467000: system.cpu: T0 : 0x422786 @memset+38    : and	eax, 0x200            
13468000: system.cpu: T0 : 0x42278b @memset+43    : test	dl, 0x20             
13468000: system.cpu: T0 : 0x42278e @memset+46    : jz	0x30                   
13574000: system.cpu: T0 : 0x4227c0 @memset+96    : test	eax                  
13574000: system.cpu: T0 : 0x4227c2 @memset+98    : lea	rdx, DS:[rip + 0x24637]
13574000: system.cpu: T0 : 0x4227c9 @memset+105    : lea	rax, DS:[rip + 0x245b0]
13574000: system.cpu: T0 : 0x4227d0 @memset+112    : cmovnz	rax                
13574000: system.cpu: T0 : 0x4227d4 @memset+116    : ret	                      
13577000: system.cpu: T0 : 0x402fa3 @__libc_start_main+1715    : add	rbx, 0x18             
13577000: system.cpu: T0 : 0x402fa7 @__libc_start_main+1719    : mov	DS:[r14], rax         
13577000: system.cpu: T0 : 0x402faa @__libc_start_main+1722    : cmp	rbp                   
13577000: system.cpu: T0 : 0x402fad @__libc_start_main+1725    : jnb	0x216                 
13577000: system.cpu: T0 : 0x402fb3 @__libc_start_main+1731    : cmp	DS:[rbx + 0x8], 0x25  
13578000: system.cpu: T0 : 0x402fb7 @__libc_start_main+1735    : mov	r14, DS:[rbx]         
13578000: system.cpu: T0 : 0x402fba @__libc_start_main+1738    : jz	0xffffffffffffffe4     
13593000: system.cpu: T0 : 0x402fa0 @__libc_start_main+1712    : call	DS:[rbx + 0x10]      
13822000: system.cpu: T0 : 0x477250 @__wmemchr    : hint	                     
13822000: system.cpu: T0 : 0x477254 @__wmemchr+4    : mov	edx, DS:[rip + 0x5416e]
13822000: system.cpu: T0 : 0x47725a @__wmemchr+10    : lea	rax, DS:[rip + 0x2df] 
13822000: system.cpu: T0 : 0x477261 @__wmemchr+17    : mov	edx                   
13822000: system.cpu: T0 : 0x477263 @__wmemchr+19    : and	ecx, 0x120            
13823000: system.cpu: T0 : 0x477269 @__wmemchr+25    : cmp	ecx, 0x120            
13823000: system.cpu: T0 : 0x47726f @__wmemchr+31    : jz	0x7                    
13823000: system.cpu: T0 : 0x477271 @__wmemchr+33    : ret	                      
13825000: system.cpu: T0 : 0x402fa3 @__libc_start_main+1715    : add	rbx, 0x18             
13825000: system.cpu: T0 : 0x402fa7 @__libc_start_main+1719    : mov	DS:[r14], rax         
13825000: system.cpu: T0 : 0x402faa @__libc_start_main+1722    : cmp	rbp                   
13825000: system.cpu: T0 : 0x402fad @__libc_start_main+1725    : jnb	0x216                 
13825000: system.cpu: T0 : 0x402fb3 @__libc_start_main+1731    : cmp	DS:[rbx + 0x8], 0x25  
13826000: system.cpu: T0 : 0x402fb7 @__libc_start_main+1735    : mov	r14, DS:[rbx]         
13826000: system.cpu: T0 : 0x402fba @__libc_start_main+1738    : jz	0xffffffffffffffe4     
13841000: system.cpu: T0 : 0x402fa0 @__libc_start_main+1712    : call	DS:[rbx + 0x10]      
13949000: system.cpu: T0 : 0x4229f0 @__strcasecmp_l    : hint	                     
13949000: system.cpu: T0 : 0x4229f4 @__strcasecmp_l+4    : mov	edx, DS:[rip + 0xa89b2]
14044000: system.cpu: T0 : 0x4229fa @__strcasecmp_l+10    : lea	rax, DS:[rip + 0x19bf3]
14044000: system.cpu: T0 : 0x422a01 @__strcasecmp_l+17    : test	edx, 0x10000000      
14044000: system.cpu: T0 : 0x422a07 @__strcasecmp_l+23    : jnz	0x2d                  
14044000: system.cpu: T0 : 0x422a09 @__strcasecmp_l+25    : test	edx, 0x100000        
14045000: system.cpu: T0 : 0x422a0f @__strcasecmp_l+31    : jz	0x10                   
14057000: system.cpu: T0 : 0x422a21 @__strcasecmp_l+49    : and	sil, 0x2              
14057000: system.cpu: T0 : 0x422a24 @__strcasecmp_l+52    : lea	rax, DS:[rip + 0x13c75]
14057000: system.cpu: T0 : 0x422a2b @__strcasecmp_l+59    : lea	rdx, DS:[rip + 0x15ebe]
14057000: system.cpu: T0 : 0x422a32 @__strcasecmp_l+66    : cmovnz	rax                
14058000: system.cpu: T0 : 0x422a36 @__strcasecmp_l+70    : ret	                      
14060000: system.cpu: T0 : 0x402fa3 @__libc_start_main+1715    : add	rbx, 0x18             
14060000: system.cpu: T0 : 0x402fa7 @__libc_start_main+1719    : mov	DS:[r14], rax         
14060000: system.cpu: T0 : 0x402faa @__libc_start_main+1722    : cmp	rbp                   
14060000: system.cpu: T0 : 0x402fad @__libc_start_main+1725    : jnb	0x216                 
14060000: system.cpu: T0 : 0x402fb3 @__libc_start_main+1731    : cmp	DS:[rbx + 0x8], 0x25  
14061000: system.cpu: T0 : 0x402fb7 @__libc_start_main+1735    : mov	r14, DS:[rbx]         
14061000: system.cpu: T0 : 0x402fba @__libc_start_main+1738    : jz	0xffffffffffffffe4     
14077000: system.cpu: T0 : 0x402fa0 @__libc_start_main+1712    : call	DS:[rbx + 0x10]      
14187000: system.cpu: T0 : 0x4225b0 @memcmp    : hint	                     
14187000: system.cpu: T0 : 0x4225b4 @memcmp+4    : mov	ecx, DS:[rip + 0xa8e0e]
14187000: system.cpu: T0 : 0x4225ba @memcmp+10    : mov	edx, DS:[rip + 0xa8dec]
14282000: system.cpu: T0 : 0x4225c0 @memcmp+16    : test	cl, 0x20             
14282000: system.cpu: T0 : 0x4225c3 @memcmp+19    : jz	0x8                    
14294000: system.cpu: T0 : 0x4225cd @memcmp+29    : lea	rax, DS:[rip + 0x84cc]
14294000: system.cpu: T0 : 0x4225d4 @memcmp+36    : test	edx, 0x80000         
14294000: system.cpu: T0 : 0x4225da @memcmp+42    : jnz	0x15                  
14294000: system.cpu: T0 : 0x4225dc @memcmp+44    : and	sil, 0x2              
14295000: system.cpu: T0 : 0x4225df @memcmp+47    : lea	rax, DS:[rip + 0x7c6a]
14295000: system.cpu: T0 : 0x4225e6 @memcmp+54    : lea	rdx, DS:[rip + 0x21053]
14295000: system.cpu: T0 : 0x4225ed @memcmp+61    : cmovnz	rax                
14295000: system.cpu: T0 : 0x4225f1 @memcmp+65    : ret	                      
14298000: system.cpu: T0 : 0x402fa3 @__libc_start_main+1715    : add	rbx, 0x18             
14298000: system.cpu: T0 : 0x402fa7 @__libc_start_main+1719    : mov	DS:[r14], rax         
14298000: system.cpu: T0 : 0x402faa @__libc_start_main+1722    : cmp	rbp                   
14298000: system.cpu: T0 : 0x402fad @__libc_start_main+1725    : jnb	0x216                 
14298000: system.cpu: T0 : 0x402fb3 @__libc_start_main+1731    : cmp	DS:[rbx + 0x8], 0x25  
14299000: system.cpu: T0 : 0x402fb7 @__libc_start_main+1735    : mov	r14, DS:[rbx]         
14299000: system.cpu: T0 : 0x402fba @__libc_start_main+1738    : jz	0xffffffffffffffe4     
14314000: system.cpu: T0 : 0x402fa0 @__libc_start_main+1712    : call	DS:[rbx + 0x10]      
14450000: system.cpu: T0 : 0x421d10 @strncmp    : hint	                     
14450000: system.cpu: T0 : 0x421d14 @strncmp+4    : mov	edx, DS:[rip + 0xa96ae]
14450000: system.cpu: T0 : 0x421d1a @strncmp+10    : test	dl, 0x20             
14450000: system.cpu: T0 : 0x421d1d @strncmp+13    : jz	0x31                   
14549000: system.cpu: T0 : 0x421d50 @strncmp+64    : mov	edx, DS:[rip + 0xa9656]
14549000: system.cpu: T0 : 0x421d56 @strncmp+70    : test	edx, 0x100000        
14549000: system.cpu: T0 : 0x421d5c @strncmp+76    : jz	0x10                   
14564000: system.cpu: T0 : 0x421d6e @strncmp+94    : and	sil, 0x2              
14564000: system.cpu: T0 : 0x421d71 @strncmp+97    : lea	rax, DS:[rip + 0x3c78]
14564000: system.cpu: T0 : 0x421d78 @strncmp+104    : lea	rdx, DS:[rip + 0x54d1]
14647000: system.cpu: T0 : 0x421d7f @strncmp+111    : cmovnz	rax                
14647000: system.cpu: T0 : 0x421d83 @strncmp+115    : ret	                      
14649000: system.cpu: T0 : 0x402fa3 @__libc_start_main+1715    : add	rbx, 0x18             
14649000: system.cpu: T0 : 0x402fa7 @__libc_start_main+1719    : mov	DS:[r14], rax         
14649000: system.cpu: T0 : 0x402faa @__libc_start_main+1722    : cmp	rbp                   
14649000: system.cpu: T0 : 0x402fad @__libc_start_main+1725    : jnb	0x216                 
14649000: system.cpu: T0 : 0x402fb3 @__libc_start_main+1731    : cmp	DS:[rbx + 0x8], 0x25  
14650000: system.cpu: T0 : 0x402fb7 @__libc_start_main+1735    : mov	r14, DS:[rbx]         
14650000: system.cpu: T0 : 0x402fba @__libc_start_main+1738    : jz	0xffffffffffffffe4     
14651000: system.cpu: T0 : 0x402fa0 @__libc_start_main+1712    : call	DS:[rbx + 0x10]      
14665000: system.cpu: T0 : 0x422590 @__libc_strstr    : hint	                     
14665000: system.cpu: T0 : 0x422594 @__libc_strstr+4    : test	DS:[rip + 0xa8f19], 0x8
14665000: system.cpu: T0 : 0x42259b @__libc_strstr+11    : lea	rdx, DS:[rip + 0xfffffffffffffc9e]
14665000: system.cpu: T0 : 0x4225a2 @__libc_strstr+18    : lea	rax, DS:[rip + 0x22807]
14666000: system.cpu: T0 : 0x4225a9 @__libc_strstr+25    : cmovz	rax                 
14666000: system.cpu: T0 : 0x4225ad @__libc_strstr+29    : ret	                      
14668000: system.cpu: T0 : 0x402fa3 @__libc_start_main+1715    : add	rbx, 0x18             
14668000: system.cpu: T0 : 0x402fa7 @__libc_start_main+1719    : mov	DS:[r14], rax         
14668000: system.cpu: T0 : 0x402faa @__libc_start_main+1722    : cmp	rbp                   
14668000: system.cpu: T0 : 0x402fad @__libc_start_main+1725    : jnb	0x216                 
14668000: system.cpu: T0 : 0x402fb3 @__libc_start_main+1731    : cmp	DS:[rbx + 0x8], 0x25  
14669000: system.cpu: T0 : 0x402fb7 @__libc_start_main+1735    : mov	r14, DS:[rbx]         
14669000: system.cpu: T0 : 0x402fba @__libc_start_main+1738    : jz	0xffffffffffffffe4     
14670000: system.cpu: T0 : 0x402fa0 @__libc_start_main+1712    : call	DS:[rbx + 0x10]      
14808000: system.cpu: T0 : 0x475120 @__memchr    : hint	                     
14808000: system.cpu: T0 : 0x475124 @__memchr+4    : mov	edx, DS:[rip + 0x5629e]
14808000: system.cpu: T0 : 0x47512a @__memchr+10    : lea	rax, DS:[rip + 0x86f] 
14808000: system.cpu: T0 : 0x475131 @__memchr+17    : mov	edx                   
14808000: system.cpu: T0 : 0x475133 @__memchr+19    : and	ecx, 0x120            
14809000: system.cpu: T0 : 0x475139 @__memchr+25    : cmp	ecx, 0x120            
14904000: system.cpu: T0 : 0x47513f @__memchr+31    : jz	0x7                    
14904000: system.cpu: T0 : 0x475141 @__memchr+33    : ret	                      
14906000: system.cpu: T0 : 0x402fa3 @__libc_start_main+1715    : add	rbx, 0x18             
14906000: system.cpu: T0 : 0x402fa7 @__libc_start_main+1719    : mov	DS:[r14], rax         
14906000: system.cpu: T0 : 0x402faa @__libc_start_main+1722    : cmp	rbp                   
14906000: system.cpu: T0 : 0x402fad @__libc_start_main+1725    : jnb	0x216                 
14906000: system.cpu: T0 : 0x402fb3 @__libc_start_main+1731    : cmp	DS:[rbx + 0x8], 0x25  
14907000: system.cpu: T0 : 0x402fb7 @__libc_start_main+1735    : mov	r14, DS:[rbx]         
14907000: system.cpu: T0 : 0x402fba @__libc_start_main+1738    : jz	0xffffffffffffffe4     
14908000: system.cpu: T0 : 0x402fa0 @__libc_start_main+1712    : call	DS:[rbx + 0x10]      
15015000: system.cpu: T0 : 0x422bd0 @strchrnul    : hint	                     
15015000: system.cpu: T0 : 0x422bd4 @strchrnul+4    : mov	edx, DS:[rip + 0xa87ee]
15015000: system.cpu: T0 : 0x422bda @strchrnul+10    : lea	rax, DS:[rip + 0x1b2af]
15015000: system.cpu: T0 : 0x422be1 @strchrnul+17    : mov	edx                   
15015000: system.cpu: T0 : 0x422be3 @strchrnul+19    : and	ecx, 0x120            
15016000: system.cpu: T0 : 0x422be9 @strchrnul+25    : cmp	ecx, 0x120            
15016000: system.cpu: T0 : 0x422bef @strchrnul+31    : jz	0x7                    
15016000: system.cpu: T0 : 0x422bf1 @strchrnul+33    : ret	                      
15018000: system.cpu: T0 : 0x402fa3 @__libc_start_main+1715    : add	rbx, 0x18             
15018000: system.cpu: T0 : 0x402fa7 @__libc_start_main+1719    : mov	DS:[r14], rax         
15018000: system.cpu: T0 : 0x402faa @__libc_start_main+1722    : cmp	rbp                   
15018000: system.cpu: T0 : 0x402fad @__libc_start_main+1725    : jnb	0x216                 
15018000: system.cpu: T0 : 0x402fb3 @__libc_start_main+1731    : cmp	DS:[rbx + 0x8], 0x25  
15019000: system.cpu: T0 : 0x402fb7 @__libc_start_main+1735    : mov	r14, DS:[rbx]         
15019000: system.cpu: T0 : 0x402fba @__libc_start_main+1738    : jz	0xffffffffffffffe4     
15020000: system.cpu: T0 : 0x402fa0 @__libc_start_main+1712    : call	DS:[rbx + 0x10]      
15127000: system.cpu: T0 : 0x422970 @__stpcpy    : hint	                     
15127000: system.cpu: T0 : 0x422974 @__stpcpy+4    : mov	edx, DS:[rip + 0xa8a4e]
15127000: system.cpu: T0 : 0x42297a @__stpcpy+10    : mov	ecx, DS:[rip + 0xa8b34]
15222000: system.cpu: T0 : 0x422980 @__stpcpy+16    : test	dl, 0x20             
15222000: system.cpu: T0 : 0x422983 @__stpcpy+19    : jz	0x5                    
15234000: system.cpu: T0 : 0x42298a @__stpcpy+26    : and	ecx, 0x8              
15234000: system.cpu: T0 : 0x42298d @__stpcpy+29    : lea	rax, DS:[rip + 0x1ff1c]
15234000: system.cpu: T0 : 0x422994 @__stpcpy+36    : jnz	0x19                  
15234000: system.cpu: T0 : 0x422996 @__stpcpy+38    : test	DS:[rip + 0xa8a10], 0x2
15235000: system.cpu: T0 : 0x42299d @__stpcpy+45    : lea	rax, DS:[rip + 0x1c82c]
15235000: system.cpu: T0 : 0x4229a4 @__stpcpy+52    : lea	rdx, DS:[rip + 0x1e0c5]
15235000: system.cpu: T0 : 0x4229ab @__stpcpy+59    : cmovnz	rax                
15236000: system.cpu: T0 : 0x4229af @__stpcpy+63    : ret	                      
15238000: system.cpu: T0 : 0x402fa3 @__libc_start_main+1715    : add	rbx, 0x18             
15238000: system.cpu: T0 : 0x402fa7 @__libc_start_main+1719    : mov	DS:[r14], rax         
15238000: system.cpu: T0 : 0x402faa @__libc_start_main+1722    : cmp	rbp                   
15238000: system.cpu: T0 : 0x402fad @__libc_start_main+1725    : jnb	0x216                 
15238000: system.cpu: T0 : 0x402fb3 @__libc_start_main+1731    : cmp	DS:[rbx + 0x8], 0x25  
15239000: system.cpu: T0 : 0x402fb7 @__libc_start_main+1735    : mov	r14, DS:[rbx]         
15239000: system.cpu: T0 : 0x402fba @__libc_start_main+1738    : jz	0xffffffffffffffe4     
15240000: system.cpu: T0 : 0x402fa0 @__libc_start_main+1712    : call	DS:[rbx + 0x10]      
15440000: system.cpu: T0 : 0x475030 @rindex    : hint	                     
15440000: system.cpu: T0 : 0x475034 @rindex+4    : mov	edx, DS:[rip + 0x5638e]
15535000: system.cpu: T0 : 0x47503a @rindex+10    : lea	rax, DS:[rip + 0xf6f] 
15535000: system.cpu: T0 : 0x475041 @rindex+17    : mov	edx                   
15535000: system.cpu: T0 : 0x475043 @rindex+19    : and	ecx, 0x120            
15535000: system.cpu: T0 : 0x475049 @rindex+25    : cmp	ecx, 0x120            
15535000: system.cpu: T0 : 0x47504f @rindex+31    : jz	0x7                    
15536000: system.cpu: T0 : 0x475051 @rindex+33    : ret	                      
15538000: system.cpu: T0 : 0x402fa3 @__libc_start_main+1715    : add	rbx, 0x18             
15538000: system.cpu: T0 : 0x402fa7 @__libc_start_main+1719    : mov	DS:[r14], rax         
15538000: system.cpu: T0 : 0x402faa @__libc_start_main+1722    : cmp	rbp                   
15538000: system.cpu: T0 : 0x402fad @__libc_start_main+1725    : jnb	0x216                 
15538000: system.cpu: T0 : 0x402fb3 @__libc_start_main+1731    : cmp	DS:[rbx + 0x8], 0x25  
15539000: system.cpu: T0 : 0x402fb7 @__libc_start_main+1735    : mov	r14, DS:[rbx]         
15539000: system.cpu: T0 : 0x402fba @__libc_start_main+1738    : jz	0xffffffffffffffe4     
15540000: system.cpu: T0 : 0x402fa0 @__libc_start_main+1712    : call	DS:[rbx + 0x10]      
15932000: system.cpu: T0 : 0x4771e0 @__wcslen    : hint	                     
15932000: system.cpu: T0 : 0x4771e4 @__wcslen+4    : mov	edx, DS:[rip + 0x541de]
15932000: system.cpu: T0 : 0x4771ea @__wcslen+10    : mov	edx                   
15932000: system.cpu: T0 : 0x4771ec @__wcslen+12    : and	eax, 0x120            
15932000: system.cpu: T0 : 0x4771f1 @__wcslen+17    : cmp	eax, 0x120            
15933000: system.cpu: T0 : 0x4771f6 @__wcslen+22    : jz	0x20                   
15933000: system.cpu: T0 : 0x4771f8 @__wcslen+24    : test	DS:[rip + 0x541af], 0x8
16028000: system.cpu: T0 : 0x4771ff @__wcslen+31    : lea	rax, DS:[rip + 0x9ca] 
16028000: system.cpu: T0 : 0x477206 @__wcslen+38    : lea	rdx, DS:[rip + 0xc63] 
16028000: system.cpu: T0 : 0x47720d @__wcslen+45    : cmovnz	rax                
16028000: system.cpu: T0 : 0x477211 @__wcslen+49    : ret	                      
16031000: system.cpu: T0 : 0x402fa3 @__libc_start_main+1715    : add	rbx, 0x18             
16031000: system.cpu: T0 : 0x402fa7 @__libc_start_main+1719    : mov	DS:[r14], rax         
16031000: system.cpu: T0 : 0x402faa @__libc_start_main+1722    : cmp	rbp                   
16031000: system.cpu: T0 : 0x402fad @__libc_start_main+1725    : jnb	0x216                 
16031000: system.cpu: T0 : 0x402fb3 @__libc_start_main+1731    : cmp	DS:[rbx + 0x8], 0x25  
16032000: system.cpu: T0 : 0x402fb7 @__libc_start_main+1735    : mov	r14, DS:[rbx]         
16032000: system.cpu: T0 : 0x402fba @__libc_start_main+1738    : jz	0xffffffffffffffe4     
16033000: system.cpu: T0 : 0x402fa0 @__libc_start_main+1712    : call	DS:[rbx + 0x10]      
16154000: system.cpu: T0 : 0x422a40 @__new_memcpy    : hint	                     
16154000: system.cpu: T0 : 0x422a44 @__new_memcpy+4    : mov	edx, DS:[rip + 0xa8a6a]
16154000: system.cpu: T0 : 0x422a4a @__new_memcpy+10    : lea	rax, DS:[rip + 0x22d2f]
16154000: system.cpu: T0 : 0x422a51 @__new_memcpy+17    : test	sil, 0x48            
16154000: system.cpu: T0 : 0x422a54 @__new_memcpy+20    : jnz	0x6d                  
16155000: system.cpu: T0 : 0x422a56 @__new_memcpy+22    : mov	ecx, DS:[rip + 0xa896c]
16155000: system.cpu: T0 : 0x422a5c @__new_memcpy+28    : test	ecx, 0x10000         
16155000: system.cpu: T0 : 0x422a62 @__new_memcpy+34    : jnz	0x64                  
16156000: system.cpu: T0 : 0x422a64 @__new_memcpy+36    : test	sil, 0x2             
16156000: system.cpu: T0 : 0x422a67 @__new_memcpy+39    : jz	0x37                   
16254000: system.cpu: T0 : 0x422aa0 @__new_memcpy+96    : test	DS:[rip + 0xa8906], 0x2
16254000: system.cpu: T0 : 0x422aa7 @__new_memcpy+103    : jz	0x47                   
16254000: system.cpu: T0 : 0x422aa9 @__new_memcpy+105    : test	dl, 0x20             
16255000: system.cpu: T0 : 0x422aac @__new_memcpy+108    : jnz	0x42                  
16255000: system.cpu: T0 : 0x422aae @__new_memcpy+110    : and	edx, 0x2              
16255000: system.cpu: T0 : 0x422ab1 @__new_memcpy+113    : lea	rax, DS:[rip + 0x88b8]
16256000: system.cpu: T0 : 0x422ab8 @__new_memcpy+120    : lea	rdx, DS:[rip + 0xde41]
16351000: system.cpu: T0 : 0x422abf @__new_memcpy+127    : cmovnz	rax                
16351000: system.cpu: T0 : 0x422ac3 @__new_memcpy+131    : ret	                      
16353000: system.cpu: T0 : 0x402fa3 @__libc_start_main+1715    : add	rbx, 0x18             
16353000: system.cpu: T0 : 0x402fa7 @__libc_start_main+1719    : mov	DS:[r14], rax         
16353000: system.cpu: T0 : 0x402faa @__libc_start_main+1722    : cmp	rbp                   
16353000: system.cpu: T0 : 0x402fad @__libc_start_main+1725    : jnb	0x216                 
16353000: system.cpu: T0 : 0x402fb3 @__libc_start_main+1731    : cmp	DS:[rbx + 0x8], 0x25  
16354000: system.cpu: T0 : 0x402fb7 @__libc_start_main+1735    : mov	r14, DS:[rbx]         
16354000: system.cpu: T0 : 0x402fba @__libc_start_main+1738    : jz	0xffffffffffffffe4     
16355000: system.cpu: T0 : 0x402fa0 @__libc_start_main+1712    : call	DS:[rbx + 0x10]      
16477000: system.cpu: T0 : 0x422b50 @rawmemchr    : hint	                     
16477000: system.cpu: T0 : 0x422b54 @rawmemchr+4    : mov	edx, DS:[rip + 0xa886e]
16477000: system.cpu: T0 : 0x422b5a @rawmemchr+10    : lea	rax, DS:[rip + 0x736f]
16477000: system.cpu: T0 : 0x422b61 @rawmemchr+17    : mov	edx                   
16477000: system.cpu: T0 : 0x422b63 @rawmemchr+19    : and	ecx, 0x120            
16478000: system.cpu: T0 : 0x422b69 @rawmemchr+25    : cmp	ecx, 0x120            
16478000: system.cpu: T0 : 0x422b6f @rawmemchr+31    : jz	0x7                    
16478000: system.cpu: T0 : 0x422b71 @rawmemchr+33    : ret	                      
16480000: system.cpu: T0 : 0x402fa3 @__libc_start_main+1715    : add	rbx, 0x18             
16480000: system.cpu: T0 : 0x402fa7 @__libc_start_main+1719    : mov	DS:[r14], rax         
16480000: system.cpu: T0 : 0x402faa @__libc_start_main+1722    : cmp	rbp                   
16480000: system.cpu: T0 : 0x402fad @__libc_start_main+1725    : jnb	0x216                 
16480000: system.cpu: T0 : 0x402fb3 @__libc_start_main+1731    : cmp	DS:[rbx + 0x8], 0x25  
16481000: system.cpu: T0 : 0x402fb7 @__libc_start_main+1735    : mov	r14, DS:[rbx]         
16481000: system.cpu: T0 : 0x402fba @__libc_start_main+1738    : jz	0xffffffffffffffe4     
16482000: system.cpu: T0 : 0x402fa0 @__libc_start_main+1712    : call	DS:[rbx + 0x10]      
16589000: system.cpu: T0 : 0x422650 @__libc_memmove    : hint	                     
16589000: system.cpu: T0 : 0x422654 @__libc_memmove+4    : mov	edx, DS:[rip + 0xa8e5a]
16589000: system.cpu: T0 : 0x42265a @__libc_memmove+10    : lea	rax, DS:[rip + 0x2311f]
16589000: system.cpu: T0 : 0x422661 @__libc_memmove+17    : test	sil, 0x48            
16589000: system.cpu: T0 : 0x422664 @__libc_memmove+20    : jnz	0x6d                  
16590000: system.cpu: T0 : 0x422666 @__libc_memmove+22    : mov	ecx, DS:[rip + 0xa8d5c]
16590000: system.cpu: T0 : 0x42266c @__libc_memmove+28    : test	ecx, 0x10000         
16590000: system.cpu: T0 : 0x422672 @__libc_memmove+34    : jnz	0x64                  
16591000: system.cpu: T0 : 0x422674 @__libc_memmove+36    : test	sil, 0x2             
16591000: system.cpu: T0 : 0x422677 @__libc_memmove+39    : jz	0x37                   
16687000: system.cpu: T0 : 0x4226b0 @__libc_memmove+96    : test	DS:[rip + 0xa8cf6], 0x2
16687000: system.cpu: T0 : 0x4226b7 @__libc_memmove+103    : jz	0x47                   
16687000: system.cpu: T0 : 0x4226b9 @__libc_memmove+105    : test	dl, 0x20             
16688000: system.cpu: T0 : 0x4226bc @__libc_memmove+108    : jnz	0x42                  
16783000: system.cpu: T0 : 0x4226be @__libc_memmove+110    : and	edx, 0x2              
16783000: system.cpu: T0 : 0x4226c1 @__libc_memmove+113    : lea	rax, DS:[rip + 0xb688]
16783000: system.cpu: T0 : 0x4226c8 @__libc_memmove+120    : lea	rdx, DS:[rip + 0x10d21]
16783000: system.cpu: T0 : 0x4226cf @__libc_memmove+127    : cmovnz	rax                
16784000: system.cpu: T0 : 0x4226d3 @__libc_memmove+131    : ret	                      
16786000: system.cpu: T0 : 0x402fa3 @__libc_start_main+1715    : add	rbx, 0x18             
16786000: system.cpu: T0 : 0x402fa7 @__libc_start_main+1719    : mov	DS:[r14], rax         
16786000: system.cpu: T0 : 0x402faa @__libc_start_main+1722    : cmp	rbp                   
16786000: system.cpu: T0 : 0x402fad @__libc_start_main+1725    : jnb	0x216                 
16786000: system.cpu: T0 : 0x402fb3 @__libc_start_main+1731    : cmp	DS:[rbx + 0x8], 0x25  
16787000: system.cpu: T0 : 0x402fb7 @__libc_start_main+1735    : mov	r14, DS:[rbx]         
16787000: system.cpu: T0 : 0x402fba @__libc_start_main+1738    : jz	0xffffffffffffffe4     
16788000: system.cpu: T0 : 0x402fa0 @__libc_start_main+1712    : call	DS:[rbx + 0x10]      
16909000: system.cpu: T0 : 0x421ca0 @strnlen    : hint	                     
16909000: system.cpu: T0 : 0x421ca4 @strnlen+4    : mov	edx, DS:[rip + 0xa971e]
16909000: system.cpu: T0 : 0x421caa @strnlen+10    : lea	rax, DS:[rip + 0x1ca1f]
16909000: system.cpu: T0 : 0x421cb1 @strnlen+17    : mov	edx                   
16909000: system.cpu: T0 : 0x421cb3 @strnlen+19    : and	ecx, 0x120            
16910000: system.cpu: T0 : 0x421cb9 @strnlen+25    : cmp	ecx, 0x120            
17005000: system.cpu: T0 : 0x421cbf @strnlen+31    : jz	0x7                    
17005000: system.cpu: T0 : 0x421cc1 @strnlen+33    : ret	                      
17007000: system.cpu: T0 : 0x402fa3 @__libc_start_main+1715    : add	rbx, 0x18             
17007000: system.cpu: T0 : 0x402fa7 @__libc_start_main+1719    : mov	DS:[r14], rax         
17007000: system.cpu: T0 : 0x402faa @__libc_start_main+1722    : cmp	rbp                   
17007000: system.cpu: T0 : 0x402fad @__libc_start_main+1725    : jnb	0x216                 
17007000: system.cpu: T0 : 0x402fb3 @__libc_start_main+1731    : cmp	DS:[rbx + 0x8], 0x25  
17008000: system.cpu: T0 : 0x402fb7 @__libc_start_main+1735    : mov	r14, DS:[rbx]         
17008000: system.cpu: T0 : 0x402fba @__libc_start_main+1738    : jz	0xffffffffffffffe4     
17009000: system.cpu: T0 : 0x402fa0 @__libc_start_main+1712    : call	DS:[rbx + 0x10]      
17116000: system.cpu: T0 : 0x421ad0 @strcpy    : hint	                     
17116000: system.cpu: T0 : 0x421ad4 @strcpy+4    : mov	edx, DS:[rip + 0xa98ee]
17116000: system.cpu: T0 : 0x421ada @strcpy+10    : mov	ecx, DS:[rip + 0xa99d4]
17116000: system.cpu: T0 : 0x421ae0 @strcpy+16    : test	dl, 0x20             
17116000: system.cpu: T0 : 0x421ae3 @strcpy+19    : jz	0x5                    
17131000: system.cpu: T0 : 0x421aea @strcpy+26    : and	ecx, 0x8              
17131000: system.cpu: T0 : 0x421aed @strcpy+29    : lea	rax, DS:[rip + 0x2078c]
17131000: system.cpu: T0 : 0x421af4 @strcpy+36    : jnz	0x19                  
17131000: system.cpu: T0 : 0x421af6 @strcpy+38    : test	DS:[rip + 0xa98b0], 0x2
17215000: system.cpu: T0 : 0x421afd @strcpy+45    : lea	rax, DS:[rip + 0x1d5dc]
17215000: system.cpu: T0 : 0x421b04 @strcpy+52    : lea	rdx, DS:[rip + 0x1d7b5]
17215000: system.cpu: T0 : 0x421b0b @strcpy+59    : cmovnz	rax                
17215000: system.cpu: T0 : 0x421b0f @strcpy+63    : ret	                      
17218000: system.cpu: T0 : 0x402fa3 @__libc_start_main+1715    : add	rbx, 0x18             
17218000: system.cpu: T0 : 0x402fa7 @__libc_start_main+1719    : mov	DS:[r14], rax         
17218000: system.cpu: T0 : 0x402faa @__libc_start_main+1722    : cmp	rbp                   
17218000: system.cpu: T0 : 0x402fad @__libc_start_main+1725    : jnb	0x216                 
17231000: system.cpu: T0 : 0x4031c9 @__libc_start_main+2265    : call	0xcf2                
17233000: system.cpu: T0 : 0x403ec0 @__libc_setup_tls    : hint	                     
17233000: system.cpu: T0 : 0x403ec4 @__libc_setup_tls+4    : push	r15                  
17233000: system.cpu: T0 : 0x403ec6 @__libc_setup_tls+6    : push	r14                  
17233000: system.cpu: T0 : 0x403ec8 @__libc_setup_tls+8    : push	r13                  
17233000: system.cpu: T0 : 0x403eca @__libc_setup_tls+10    : push	r12                  
17234000: system.cpu: T0 : 0x403ecc @__libc_setup_tls+12    : push	rbp                  
17234000: system.cpu: T0 : 0x403ecd @__libc_setup_tls+13    : push	rbx                  
17234000: system.cpu: T0 : 0x403ece @__libc_setup_tls+14    : sub	rsp, 0x38             
17234000: system.cpu: T0 : 0x403ed2 @__libc_setup_tls+18    : mov	r12, DS:[rip + 0xc12c7]
17235000: system.cpu: T0 : 0x403ed9 @__libc_setup_tls+25    : call	0x4eb92              
17366000: system.cpu: T0 : 0x452a70 @__tls_pre_init_tp    : hint	                     
17366000: system.cpu: T0 : 0x452a74 @__tls_pre_init_tp+4    : lea	rax, DS:[rip + 0x78885]
17366000: system.cpu: T0 : 0x452a7b @__tls_pre_init_tp+11    : movd	XMM0                 
17461000: system.cpu: T0 : 0x452a80 @__tls_pre_init_tp+16    : lea	rax, DS:[rip + 0x78869]
17461000: system.cpu: T0 : 0x452a87 @__tls_pre_init_tp+23    : punpcklqdq	XMM0           
17461000: system.cpu: T0 : 0x452a8b @__tls_pre_init_tp+27    : movups	DS:[rip + 0x7886e], XMM0
17461000: system.cpu: T0 : 0x452a92 @__tls_pre_init_tp+34    : movd	XMM0                 
17462000: system.cpu: T0 : 0x452a97 @__tls_pre_init_tp+39    : lea	rax, DS:[rip + 0x78842]
17462000: system.cpu: T0 : 0x452a9e @__tls_pre_init_tp+46    : punpcklqdq	XMM0           
17462000: system.cpu: T0 : 0x452aa2 @__tls_pre_init_tp+50    : movups	DS:[rip + 0x78847], XMM0
17462000: system.cpu: T0 : 0x452aa9 @__tls_pre_init_tp+57    : movd	XMM0                 
17463000: system.cpu: T0 : 0x452aae @__tls_pre_init_tp+62    : punpcklqdq	XMM0           
17463000: system.cpu: T0 : 0x452ab2 @__tls_pre_init_tp+66    : movups	DS:[rip + 0x78827], XMM0
17463000: system.cpu: T0 : 0x452ab9 @__tls_pre_init_tp+73    : ret	                      
17465000: system.cpu: T0 : 0x403ede @__libc_setup_tls+30    : mov	r15, DS:[rip + 0xc744b]
17465000: system.cpu: T0 : 0x403ee5 @__libc_setup_tls+37    : test	r15                  
17465000: system.cpu: T0 : 0x403ee8 @__libc_setup_tls+40    : jz	0x262                  
17465000: system.cpu: T0 : 0x403eee @__libc_setup_tls+46    : mov	rdx, DS:[rip + 0xc7433]
17466000: system.cpu: T0 : 0x403ef5 @__libc_setup_tls+53    : lea	rax, DS:[8*rdx + t0]  
17466000: system.cpu: T0 : 0x403efd @__libc_setup_tls+61    : sub	rdx                   
17468000: system.cpu: T0 : 0x403f00 @__libc_setup_tls+64    : lea	rax, DS:[8*rax + r15] 
17468000: system.cpu: T0 : 0x403f04 @__libc_setup_tls+68    : cmp	rax                   
17468000: system.cpu: T0 : 0x403f07 @__libc_setup_tls+71    : jb	0x14                   
17484000: system.cpu: T0 : 0x403f1d @__libc_setup_tls+93    : cmp	DS:[r15], 0x7         
17484000: system.cpu: T0 : 0x403f21 @__libc_setup_tls+97    : jnz	0xffffffffffffffed    
17619000: system.cpu: T0 : 0x403f10 @__libc_setup_tls+80    : add	r15, 0x38             
17619000: system.cpu: T0 : 0x403f14 @__libc_setup_tls+84    : cmp	r15                   
17619000: system.cpu: T0 : 0x403f17 @__libc_setup_tls+87    : jbe	0x1f3                 
17619000: system.cpu: T0 : 0x403f1d @__libc_setup_tls+93    : cmp	DS:[r15], 0x7         
17620000: system.cpu: T0 : 0x403f21 @__libc_setup_tls+97    : jnz	0xffffffffffffffed    
17621000: system.cpu: T0 : 0x403f10 @__libc_setup_tls+80    : add	r15, 0x38             
17621000: system.cpu: T0 : 0x403f14 @__libc_setup_tls+84    : cmp	r15                   
17621000: system.cpu: T0 : 0x403f17 @__libc_setup_tls+87    : jbe	0x1f3                 
17621000: system.cpu: T0 : 0x403f1d @__libc_setup_tls+93    : cmp	DS:[r15], 0x7         
17622000: system.cpu: T0 : 0x403f21 @__libc_setup_tls+97    : jnz	0xffffffffffffffed    
17623000: system.cpu: T0 : 0x403f10 @__libc_setup_tls+80    : add	r15, 0x38             
17623000: system.cpu: T0 : 0x403f14 @__libc_setup_tls+84    : cmp	r15                   
17623000: system.cpu: T0 : 0x403f17 @__libc_setup_tls+87    : jbe	0x1f3                 
17623000: system.cpu: T0 : 0x403f1d @__libc_setup_tls+93    : cmp	DS:[r15], 0x7         
17624000: system.cpu: T0 : 0x403f21 @__libc_setup_tls+97    : jnz	0xffffffffffffffed    
17625000: system.cpu: T0 : 0x403f10 @__libc_setup_tls+80    : add	r15, 0x38             
17625000: system.cpu: T0 : 0x403f14 @__libc_setup_tls+84    : cmp	r15                   
17625000: system.cpu: T0 : 0x403f17 @__libc_setup_tls+87    : jbe	0x1f3                 
17625000: system.cpu: T0 : 0x403f1d @__libc_setup_tls+93    : cmp	DS:[r15], 0x7         
17626000: system.cpu: T0 : 0x403f21 @__libc_setup_tls+97    : jnz	0xffffffffffffffed    
17627000: system.cpu: T0 : 0x403f10 @__libc_setup_tls+80    : add	r15, 0x38             
17627000: system.cpu: T0 : 0x403f14 @__libc_setup_tls+84    : cmp	r15                   
17627000: system.cpu: T0 : 0x403f17 @__libc_setup_tls+87    : jbe	0x1f3                 
17627000: system.cpu: T0 : 0x403f1d @__libc_setup_tls+93    : cmp	DS:[r15], 0x7         
17628000: system.cpu: T0 : 0x403f21 @__libc_setup_tls+97    : jnz	0xffffffffffffffed    
17629000: system.cpu: T0 : 0x403f10 @__libc_setup_tls+80    : add	r15, 0x38             
17629000: system.cpu: T0 : 0x403f14 @__libc_setup_tls+84    : cmp	r15                   
17629000: system.cpu: T0 : 0x403f17 @__libc_setup_tls+87    : jbe	0x1f3                 
17629000: system.cpu: T0 : 0x403f1d @__libc_setup_tls+93    : cmp	DS:[r15], 0x7         
17630000: system.cpu: T0 : 0x403f21 @__libc_setup_tls+97    : jnz	0xffffffffffffffed    
17841000: system.cpu: T0 : 0x403f23 @__libc_setup_tls+99    : mov	r13, DS:[r15 + 0x30]  
17841000: system.cpu: T0 : 0x403f27 @__libc_setup_tls+103    : mov	ebp, 0x40             
17841000: system.cpu: T0 : 0x403f2c @__libc_setup_tls+108    : mov	rax, DS:[r15 + 0x20]  
17841000: system.cpu: T0 : 0x403f30 @__libc_setup_tls+112    : mov	r10d, 0x1             
17841000: system.cpu: T0 : 0x403f36 @__libc_setup_tls+118    : mov	r14, DS:[r15 + 0x28]  
17841000: system.cpu: T0 : 0x403f3a @__libc_setup_tls+122    : cmp	rbp                   
17843000: system.cpu: T0 : 0x403f3d @__libc_setup_tls+125    : mov	SS:[t0 + rsp + 0x8], rax
17843000: system.cpu: T0 : 0x403f42 @__libc_setup_tls+130    : mov	rax, DS:[r15 + 0x10]  
17843000: system.cpu: T0 : 0x403f46 @__libc_setup_tls+134    : cmovnb	rbp                
17843000: system.cpu: T0 : 0x403f4a @__libc_setup_tls+138    : lea	rbx, SS:[rbp + 0xffffffffffffffff]
17843000: system.cpu: T0 : 0x403f4e @__libc_setup_tls+142    : lea	rdx, SS:[rbp + 0x9c0] 
17843000: system.cpu: T0 : 0x403f55 @__libc_setup_tls+149    : mov	SS:[t0 + rsp + 0x18], rbx
17843000: system.cpu: T0 : 0x403f5a @__libc_setup_tls+154    : mov	rbp                   
17844000: system.cpu: T0 : 0x403f5d @__libc_setup_tls+157    : neg	                      
17844000: system.cpu: T0 : 0x403f60 @__libc_setup_tls+160    : mov	SS:[t0 + rsp + 0x20], rdx
17844000: system.cpu: T0 : 0x403f65 @__libc_setup_tls+165    : test	r13                  
17844000: system.cpu: T0 : 0x403f68 @__libc_setup_tls+168    : mov	SS:[t0 + rsp + 0x28], rbx
17844000: system.cpu: T0 : 0x403f6d @__libc_setup_tls+173    : cmovnz	r10                
17844000: system.cpu: T0 : 0x403f71 @__libc_setup_tls+177    : add	rax, DS:[t0 + r12]    
17845000: system.cpu: T0 : 0x403f75 @__libc_setup_tls+181    : mov	rax                   
17845000: system.cpu: T0 : 0x403f78 @__libc_setup_tls+184    : xor	edi                   
17845000: system.cpu: T0 : 0x403f7a @__libc_setup_tls+186    : mov	SS:[t0 + rsp + 0x10], r10
17847000: system.cpu: T0 : 0x403f7f @__libc_setup_tls+191    : call	0x4df3c              
17849000: system.cpu: T0 : 0x451ec0 @_dl_tls_static_surplus_init    : hint	                     
17849000: system.cpu: T0 : 0x451ec4 @_dl_tls_static_surplus_init+4    : push	r12                  
17849000: system.cpu: T0 : 0x451ec6 @_dl_tls_static_surplus_init+6    : xor	edx                   
17849000: system.cpu: T0 : 0x451ec8 @_dl_tls_static_surplus_init+8    : push	rbp                  
17849000: system.cpu: T0 : 0x451ec9 @_dl_tls_static_surplus_init+9    : mov	rdi                   
17849000: system.cpu: T0 : 0x451ecc @_dl_tls_static_surplus_init+12    : xor	edi                   
17857000: system.cpu: T0 : 0x451ece @_dl_tls_static_surplus_init+14    : push	rbx                  
17857000: system.cpu: T0 : 0x451ecf @_dl_tls_static_surplus_init+15    : sub	rsp, 0x10             
17857000: system.cpu: T0 : 0x451ed3 @_dl_tls_static_surplus_init+19    : lea	r12, SS:[t0 + rsp + 0x8]
17857000: system.cpu: T0 : 0x451ed8 @_dl_tls_static_surplus_init+24    : mov	r12                   
17857000: system.cpu: T0 : 0x451edb @_dl_tls_static_surplus_init+27    : call	0x1770               
17860000: system.cpu: T0 : 0x453650 @__tunable_get_val    : hint	                     
17860000: system.cpu: T0 : 0x453654 @__tunable_get_val+4    : mov	edi                   
17860000: system.cpu: T0 : 0x453656 @__tunable_get_val+6    : lea	rcx, DS:[rip + 0x6f4a3]
17860000: system.cpu: T0 : 0x45365d @__tunable_get_val+13    : lea	rax, DS:[8*rdi + t0]  
17860000: system.cpu: T0 : 0x453665 @__tunable_get_val+21    : sub	rdi                   
17860000: system.cpu: T0 : 0x453668 @__tunable_get_val+24    : sal	0x4                   
17860000: system.cpu: T0 : 0x45366c @__tunable_get_val+28    : add	rcx                   
17861000: system.cpu: T0 : 0x45366f @__tunable_get_val+31    : mov	r8d, DS:[rax + 0x30]  
17861000: system.cpu: T0 : 0x453673 @__tunable_get_val+35    : mov	rax, DS:[rax + 0x48]  
17861000: system.cpu: T0 : 0x453677 @__tunable_get_val+39    : cmp	r8d, 0x2              
17861000: system.cpu: T0 : 0x45367b @__tunable_get_val+43    : jnbe	0x3b                 
18004000: system.cpu: T0 : 0x45367d @__tunable_get_val+45    : test	r8d                  
18006000: system.cpu: T0 : 0x453680 @__tunable_get_val+48    : jnz	0x36                  
18007000: system.cpu: T0 : 0x4536b8 @__tunable_get_val+104    : mov	DS:[rsi], rax         
18007000: system.cpu: T0 : 0x4536bb @__tunable_get_val+107    : jmp	0xffffffffffffffc7    
18008000: system.cpu: T0 : 0x453684 @__tunable_get_val+52    : lea	rax, DS:[8*rdi + t0]  
18008000: system.cpu: T0 : 0x45368c @__tunable_get_val+60    : sub	rdi                   
18008000: system.cpu: T0 : 0x45368f @__tunable_get_val+63    : sal	0x4                   
18008000: system.cpu: T0 : 0x453693 @__tunable_get_val+67    : cmp	DS:[rax + rcx + 0x50], 0
18008000: system.cpu: T0 : 0x453698 @__tunable_get_val+72    : jz	0x16                   
18028000: system.cpu: T0 : 0x4536b0 @__tunable_get_val+96    : ret	                      
18030000: system.cpu: T0 : 0x451ee0 @_dl_tls_static_surplus_init+32    : mov	rbx, SS:[t0 + rsp + 0x8]
18030000: system.cpu: T0 : 0x451ee5 @_dl_tls_static_surplus_init+37    : xor	edx                   
18030000: system.cpu: T0 : 0x451ee7 @_dl_tls_static_surplus_init+39    : mov	r12                   
18030000: system.cpu: T0 : 0x451eea @_dl_tls_static_surplus_init+42    : mov	edi, 0x20             
18030000: system.cpu: T0 : 0x451eef @_dl_tls_static_surplus_init+47    : call	0x175c               
18033000: system.cpu: T0 : 0x453650 @__tunable_get_val    : hint	                     
18033000: system.cpu: T0 : 0x453654 @__tunable_get_val+4    : mov	edi                   
18033000: system.cpu: T0 : 0x453656 @__tunable_get_val+6    : lea	rcx, DS:[rip + 0x6f4a3]
18033000: system.cpu: T0 : 0x45365d @__tunable_get_val+13    : lea	rax, DS:[8*rdi + t0]  
18033000: system.cpu: T0 : 0x453665 @__tunable_get_val+21    : sub	rdi                   
18033000: system.cpu: T0 : 0x453668 @__tunable_get_val+24    : sal	0x4                   
18033000: system.cpu: T0 : 0x45366c @__tunable_get_val+28    : add	rcx                   
18034000: system.cpu: T0 : 0x45366f @__tunable_get_val+31    : mov	r8d, DS:[rax + 0x30]  
18034000: system.cpu: T0 : 0x453673 @__tunable_get_val+35    : mov	rax, DS:[rax + 0x48]  
18034000: system.cpu: T0 : 0x453677 @__tunable_get_val+39    : cmp	r8d, 0x2              
18034000: system.cpu: T0 : 0x45367b @__tunable_get_val+43    : jnbe	0x3b                 
18034000: system.cpu: T0 : 0x45367d @__tunable_get_val+45    : test	r8d                  
18036000: system.cpu: T0 : 0x453680 @__tunable_get_val+48    : jnz	0x36                  
18146000: system.cpu: T0 : 0x4536b8 @__tunable_get_val+104    : mov	DS:[rsi], rax         
18146000: system.cpu: T0 : 0x4536bb @__tunable_get_val+107    : jmp	0xffffffffffffffc7    
18147000: system.cpu: T0 : 0x453684 @__tunable_get_val+52    : lea	rax, DS:[8*rdi + t0]  
18147000: system.cpu: T0 : 0x45368c @__tunable_get_val+60    : sub	rdi                   
18147000: system.cpu: T0 : 0x45368f @__tunable_get_val+63    : sal	0x4                   
18147000: system.cpu: T0 : 0x453693 @__tunable_get_val+67    : cmp	DS:[rax + rcx + 0x50], 0
18147000: system.cpu: T0 : 0x453698 @__tunable_get_val+72    : jz	0x16                   
18168000: system.cpu: T0 : 0x4536b0 @__tunable_get_val+96    : ret	                      
18170000: system.cpu: T0 : 0x451ef4 @_dl_tls_static_surplus_init+52    : cmp	rbx, 0                
18170000: system.cpu: T0 : 0x451ef8 @_dl_tls_static_surplus_init+56    : mov	eax, 0x1              
18172000: system.cpu: T0 : 0x451efd @_dl_tls_static_surplus_init+61    : mov	edx, 0x1              
18172000: system.cpu: T0 : 0x451f02 @_dl_tls_static_surplus_init+66    : cmovnbe	rbx               
18172000: system.cpu: T0 : 0x451f06 @_dl_tls_static_surplus_init+70    : mov	rcx, SS:[t0 + rsp + 0x8]
18172000: system.cpu: T0 : 0x451f0b @_dl_tls_static_surplus_init+75    : sub	rbx                   
18172000: system.cpu: T0 : 0x451f0e @_dl_tls_static_surplus_init+78    : cmp	rbp                   
18172000: system.cpu: T0 : 0x451f11 @_dl_tls_static_surplus_init+81    : jb	0x2d                   
18173000: system.cpu: T0 : 0x451f13 @_dl_tls_static_surplus_init+83    : add	rbp                   
18173000: system.cpu: T0 : 0x451f16 @_dl_tls_static_surplus_init+86    : mov	DS:[rip + 0x7440b], rcx
18173000: system.cpu: T0 : 0x451f1d @_dl_tls_static_surplus_init+93    : lea	eax, DS:[rbx + rbx + 0xffffffffffffffff]
18173000: system.cpu: T0 : 0x451f21 @_dl_tls_static_surplus_init+97    : lea	eax, DS:[8*rax + rax] 
18173000: system.cpu: T0 : 0x451f24 @_dl_tls_static_surplus_init+100    : sal	0x4                   
18173000: system.cpu: T0 : 0x451f27 @_dl_tls_static_surplus_init+103    : lea	eax, DS:[rcx + rax + 0x90]
18174000: system.cpu: T0 : 0x451f2e @_dl_tls_static_surplus_init+110    : cdqe	rax                  
18174000: system.cpu: T0 : 0x451f30 @_dl_tls_static_surplus_init+112    : mov	DS:[rip + 0x743f9], rax
18174000: system.cpu: T0 : 0x451f37 @_dl_tls_static_surplus_init+119    : add	rsp, 0x10             
18174000: system.cpu: T0 : 0x451f3b @_dl_tls_static_surplus_init+123    : pop	rbx                   
18175000: system.cpu: T0 : 0x451f3c @_dl_tls_static_surplus_init+124    : pop	rbp                   
18175000: system.cpu: T0 : 0x451f3d @_dl_tls_static_surplus_init+125    : pop	r12                   
18175000: system.cpu: T0 : 0x451f3f @_dl_tls_static_surplus_init+127    : ret	                      
18178000: system.cpu: T0 : 0x403f84 @__libc_setup_tls+196    : mov	rax, DS:[rip + 0xc23a5]
18191000: system.cpu: T0 : 0x403f8b @__libc_setup_tls+203    : xor	edx                   
18191000: system.cpu: T0 : 0x403f8d @__libc_setup_tls+205    : mov	rdi, SS:[t0 + rsp + 0x20]
18191000: system.cpu: T0 : 0x403f92 @__libc_setup_tls+210    : lea	rax, DS:[rax + r14 + 0xffffffffffffffff]
18191000: system.cpu: T0 : 0x403f97 @__libc_setup_tls+215    : add	rbp                   
18191000: system.cpu: T0 : 0x403f9a @__libc_setup_tls+218    : div	                      
18192000: system.cpu: T0 : 0x403f9d @__libc_setup_tls+221    : imul	rax                  
18193000: system.cpu: T0 : 0x403fa1 @__libc_setup_tls+225    : add	rax                   
18193000: system.cpu: T0 : 0x403fa4 @__libc_setup_tls+228    : mov	rax                   
18193000: system.cpu: T0 : 0x403fa7 @__libc_setup_tls+231    : call	0x4bb04              
18311000: system.cpu: T0 : 0x44fab0 @__sbrk    : hint	                     
18311000: system.cpu: T0 : 0x44fab4 @__sbrk+4    : push	r12                  
18311000: system.cpu: T0 : 0x44fab6 @__sbrk+6    : push	rbx                  
18311000: system.cpu: T0 : 0x44fab7 @__sbrk+7    : mov	rdi                   
18311000: system.cpu: T0 : 0x44faba @__sbrk+10    : sub	rsp, 0x8              
18407000: system.cpu: T0 : 0x44fabe @__sbrk+14    : mov	r12, DS:[rip + 0x7b783]
18407000: system.cpu: T0 : 0x44fac5 @__sbrk+21    : test	r12                  
18407000: system.cpu: T0 : 0x44fac8 @__sbrk+24    : jz	0x5e                   
18546000: system.cpu: T0 : 0x44fb28 @__sbrk+120    : xor	edi                   
18546000: system.cpu: T0 : 0x44fb2a @__sbrk+122    : call	0xffffffffffffff41   
18647000: system.cpu: T0 : 0x44fa70 @brk    : hint	                     
18647000: system.cpu: T0 : 0x44fa74 @brk+4    : mov	eax, 0xc              
18647000: system.cpu: T0 : 0x44fa79 @brk+9    :   syscall                  : IntAlu : 
18675000: system.cpu: T0 : 0x44fa7b @brk+11    : mov	DS:[rip + 0x7b7c6], rax
18675000: system.cpu: T0 : 0x44fa82 @brk+18    : cmp	rdi                   
18675000: system.cpu: T0 : 0x44fa85 @brk+21    : jb	0x9                    
18675000: system.cpu: T0 : 0x44fa87 @brk+23    : xor	eax                   
18675000: system.cpu: T0 : 0x44fa89 @brk+25    : ret	                      
18678000: system.cpu: T0 : 0x44fb2f @__sbrk+127    : mov	r12, DS:[rip + 0x7b712]
18678000: system.cpu: T0 : 0x44fb36 @__sbrk+134    : test	eax                  
18678000: system.cpu: T0 : 0x44fb38 @__sbrk+136    : jns	0xffffffffffffff90    
18689000: system.cpu: T0 : 0x44faca @__sbrk+26    : test	rbx                  
18689000: system.cpu: T0 : 0x44facd @__sbrk+29    : jz	0x1f                   
18689000: system.cpu: T0 : 0x44facf @__sbrk+31    : jle	0x2f                  
18689000: system.cpu: T0 : 0x44fad1 @__sbrk+33    : add	r12                   
18690000: system.cpu: T0 : 0x44fad4 @__sbrk+36    : mov	rbx                   
18690000: system.cpu: T0 : 0x44fad7 @__sbrk+39    : jnb	0x36                  
18702000: system.cpu: T0 : 0x44fb0f @__sbrk+95    : call	0xffffffffffffff5c   
18708000: system.cpu: T0 : 0x44fa70 @brk    : hint	                     
18708000: system.cpu: T0 : 0x44fa74 @brk+4    : mov	eax, 0xc              
18708000: system.cpu: T0 : 0x44fa79 @brk+9    :   syscall                  : IntAlu : 
18736000: system.cpu: T0 : 0x44fa7b @brk+11    : mov	DS:[rip + 0x7b7c6], rax
18736000: system.cpu: T0 : 0x44fa82 @brk+18    : cmp	rdi                   
18736000: system.cpu: T0 : 0x44fa85 @brk+21    : jb	0x9                    
18736000: system.cpu: T0 : 0x44fa87 @brk+23    : xor	eax                   
18736000: system.cpu: T0 : 0x44fa89 @brk+25    : ret	                      
18739000: system.cpu: T0 : 0x44fb14 @__sbrk+100    : test	eax                  
18739000: system.cpu: T0 : 0x44fb16 @__sbrk+102    : js	0xffffffffffffffcf     
18739000: system.cpu: T0 : 0x44fb18 @__sbrk+104    : add	rsp, 0x8              
18739000: system.cpu: T0 : 0x44fb1c @__sbrk+108    : mov	r12                   
18739000: system.cpu: T0 : 0x44fb1f @__sbrk+111    : pop	rbx                   
18740000: system.cpu: T0 : 0x44fb20 @__sbrk+112    : pop	r12                   
18740000: system.cpu: T0 : 0x44fb22 @__sbrk+114    : ret	                      
18742000: system.cpu: T0 : 0x403fac @__libc_setup_tls+236    : mov	rsi, SS:[t0 + rsp + 0x18]
18742000: system.cpu: T0 : 0x403fb1 @__libc_setup_tls+241    : mov	rcx, SS:[t0 + rsp + 0x28]
18742000: system.cpu: T0 : 0x403fb6 @__libc_setup_tls+246    : mov	rbx                   
18744000: system.cpu: T0 : 0x403fb9 @__libc_setup_tls+249    : mov	DS:[rip + 0xc23bc], 0x3e
18744000: system.cpu: T0 : 0x403fc4 @__libc_setup_tls+260    : mov	r10, SS:[t0 + rsp + 0x10]
18744000: system.cpu: T0 : 0x403fc9 @__libc_setup_tls+265    : mov	DS:[rip + 0xc23d4], 0 
18744000: system.cpu: T0 : 0x403fd4 @__libc_setup_tls+276    : add	rax                   
18745000: system.cpu: T0 : 0x403fd7 @__libc_setup_tls+279    : lea	rax, DS:[r13 + r14 + 0xffffffffffffffff]
18745000: system.cpu: T0 : 0x403fdc @__libc_setup_tls+284    : and	rsi                   
18745000: system.cpu: T0 : 0x403fdf @__libc_setup_tls+287    : test	r13                  
18745000: system.cpu: T0 : 0x403fe2 @__libc_setup_tls+290    : mov	r15                   
18745000: system.cpu: T0 : 0x403fe5 @__libc_setup_tls+293    : cmovz	rax                 
18745000: system.cpu: T0 : 0x403fe9 @__libc_setup_tls+297    : xor	edx                   
18745000: system.cpu: T0 : 0x403feb @__libc_setup_tls+299    : mov	SS:[t0 + rsp + 0x18], rcx
18746000: system.cpu: T0 : 0x403ff0 @__libc_setup_tls+304    : div	                      
18747000: system.cpu: T0 : 0x403ff3 @__libc_setup_tls+307    : mov	rdx, SS:[t0 + rsp + 0x8]
18747000: system.cpu: T0 : 0x403ff8 @__libc_setup_tls+312    : imul	r10                  
18749000: system.cpu: T0 : 0x403ffc @__libc_setup_tls+316    : mov	DS:[t0 + r12 + 0x458], r10
18749000: system.cpu: T0 : 0x404004 @__libc_setup_tls+324    : sub	r10                   
18749000: system.cpu: T0 : 0x404007 @__libc_setup_tls+327    : add	rcx                   
18749000: system.cpu: T0 : 0x40400a @__libc_setup_tls+330    : mov	SS:[t0 + rsp + 0x10], r10
18749000: system.cpu: T0 : 0x40400f @__libc_setup_tls+335    : mov	DS:[rip + 0xc238a], rdi
18749000: system.cpu: T0 : 0x404016 @__libc_setup_tls+342    : call	0xffffffffffffd025   
18826000: system.cpu: T0 : 0x401040 @_init+64    : jmp	DS:[rip + 0xc2ff2]    
18961000: system.cpu: T0 : 0x42b370 @__memcpy_ssse3    : hint	                     
18961000: system.cpu: T0 : 0x42b374 @__memcpy_ssse3+4    : mov	rdi                   
18961000: system.cpu: T0 : 0x42b377 @__memcpy_ssse3+7    : cmp	rdx, 0x4f             
19056000: system.cpu: T0 : 0x42b37b @__memcpy_ssse3+11    : lea	r11, DS:[rip + 0x6fbb6]
19056000: system.cpu: T0 : 0x42b382 @__memcpy_ssse3+18    : jnbe	0x1c                 
19056000: system.cpu: T0 : 0x42b384 @__memcpy_ssse3+20    : movsxd	r9, DS:[4*rdx + r11]
19056000: system.cpu: T0 : 0x42b388 @__memcpy_ssse3+24    : add	rdx                   
19057000: system.cpu: T0 : 0x42b38b @__memcpy_ssse3+27    : add	rdx                   
19057000: system.cpu: T0 : 0x42b38e @__memcpy_ssse3+30    : add	r11                   
19057000: system.cpu: T0 : 0x42b391 @__memcpy_ssse3+33    : jmp	                      
19287000: system.cpu: T0 : 0x42cd90 @__memcpy_ssse3+6688    : mov	r9, DS:[rsi + 0xffffffffffffffe0]
19287000: system.cpu: T0 : 0x42cd94 @__memcpy_ssse3+6692    : mov	r10, DS:[rsi + 0xffffffffffffffe8]
19287000: system.cpu: T0 : 0x42cd98 @__memcpy_ssse3+6696    : mov	r11, DS:[rsi + 0xfffffffffffffff0]
19287000: system.cpu: T0 : 0x42cd9c @__memcpy_ssse3+6700    : mov	rdx, DS:[rsi + 0xfffffffffffffff8]
19287000: system.cpu: T0 : 0x42cda0 @__memcpy_ssse3+6704    : mov	DS:[rdi + 0xffffffffffffffe0], r9
19410000: system.cpu: T0 : 0x42cda0 @__memcpy_ssse3+6704    : mov	DS:[rdi + 0xffffffffffffffe0], r9
19410000: system.cpu: T0 : 0x42cda4 @__memcpy_ssse3+6708    : mov	DS:[rdi + 0xffffffffffffffe8], r10
19410000: system.cpu: T0 : 0x42cda8 @__memcpy_ssse3+6712    : mov	DS:[rdi + 0xfffffffffffffff0], r11
19410000: system.cpu: T0 : 0x42cdac @__memcpy_ssse3+6716    : mov	DS:[rdi + 0xfffffffffffffff8], rdx
19410000: system.cpu: T0 : 0x42cdb0 @__memcpy_ssse3+6720    : ret	                      
19412000: system.cpu: T0 : 0x40401b @__libc_setup_tls+347    : mov	rcx, SS:[t0 + rsp + 0x18]
19412000: system.cpu: T0 : 0x404020 @__libc_setup_tls+352    : mov	edi, 0x1002           
19412000: system.cpu: T0 : 0x404025 @__libc_setup_tls+357    : lea	rax, DS:[rip + 0xc2364]
19412000: system.cpu: T0 : 0x40402c @__libc_setup_tls+364    : lea	rsi, DS:[rbx + rcx]   
19412000: system.cpu: T0 : 0x404030 @__libc_setup_tls+368    : mov	DS:[rsi + 0x8], rax   
19412000: system.cpu: T0 : 0x404034 @__libc_setup_tls+372    : mov	eax, 0x9e             
19412000: system.cpu: T0 : 0x404039 @__libc_setup_tls+377    : mov	DS:[rsi], rsi         
19413000: system.cpu: T0 : 0x40403c @__libc_setup_tls+380    : mov	DS:[rsi + 0x10], rsi  
19415000: system.cpu: T0 : 0x404040 @__libc_setup_tls+384    :   syscall                  : IntAlu : 
19679000: system.cpu: T0 : 0x404042 @__libc_setup_tls+386    : test	eax                  
19679000: system.cpu: T0 : 0x404044 @__libc_setup_tls+388    : mov	r10, SS:[t0 + rsp + 0x10]
19679000: system.cpu: T0 : 0x404049 @__libc_setup_tls+393    : jz	0x15                   
19706000: system.cpu: T0 : 0x404060 @__libc_setup_tls+416    : mov	SS:[t0 + rsp + 0x10], r10
19706000: system.cpu: T0 : 0x404065 @__libc_setup_tls+421    : call	0x4ea56              
19805000: system.cpu: T0 : 0x452ac0 @__tls_init_tp    : hint	                     
19805000: system.cpu: T0 : 0x452ac4 @__tls_init_tp+4    : push	rbx                  
19805000: system.cpu: T0 : 0x452ac5 @__tls_init_tp+5    : lea	rcx, DS:[rip + 0x78824]
19805000: system.cpu: T0 : 0x452acc @__tls_init_tp+12    : sub	rsp, 0x10             
19805000: system.cpu: T0 : 0x452ad0 @__tls_init_tp+16    : mov	rdx, DS:[rip + 0x78819]
19806000: system.cpu: T0 : 0x452ad7 @__tls_init_tp+23    : mov	rbx, FS:[t0 + t0 + 0x10]
19806000: system.cpu: T0 : 0x452ae0 @__tls_init_tp+32    : lea	rax, DS:[rbx + 0x2c0] 
19806000: system.cpu: T0 : 0x452ae7 @__tls_init_tp+39    : mov	DS:[rbx + 0x2c0], rdx 
19806000: system.cpu: T0 : 0x452aee @__tls_init_tp+46    : mov	DS:[rbx + 0x2c8], rcx 
19806000: system.cpu: T0 : 0x452af5 @__tls_init_tp+53    : mov	DS:[rdx + 0x8], rax   
19806000: system.cpu: T0 : 0x452af9 @__tls_init_tp+57    : mov	DS:[rip + 0x787f0], rax
19901000: system.cpu: T0 : 0x452b00 @__tls_init_tp+64    : lea	rdi, DS:[rbx + 0x2d0] 
19901000: system.cpu: T0 : 0x452b07 @__tls_init_tp+71    : mov	eax, 0xda             
19901000: system.cpu: T0 : 0x452b0c @__tls_init_tp+76    :   syscall                  : IntAlu : 
19938000: system.cpu: T0 : 0x452b0e @__tls_init_tp+78    : mov	DS:[rbx + 0x2d0], eax 
19938000: system.cpu: T0 : 0x452b14 @__tls_init_tp+84    : lea	rax, DS:[rbx + 0x310] 
19938000: system.cpu: T0 : 0x452b1b @__tls_init_tp+91    : mov	FS:[t0 + t0 + 0x510], rax
19938000: system.cpu: T0 : 0x452b24 @__tls_init_tp+100    : mov	FS:[t0 + t0 + 0x612], 0x1
19938000: system.cpu: T0 : 0x452b2d @__tls_init_tp+109    : movzx	eax, DS:[rip + 0x7874c]
19939000: system.cpu: T0 : 0x452b34 @__tls_init_tp+116    : mov	FS:[t0 + t0 + 0x611], al
19998000: system.cpu: T0 : 0x452b3c @__tls_init_tp+124    : lea	rdi, DS:[rbx + 0x2e0] 
19998000: system.cpu: T0 : 0x452b43 @__tls_init_tp+131    : mov	esi, 0x18             
19998000: system.cpu: T0 : 0x452b48 @__tls_init_tp+136    : mov	DS:[rbx + 0x2e8], 0xffffffffffffffe0
19998000: system.cpu: T0 : 0x452b53 @__tls_init_tp+147    : mov	eax, 0x111            
19998000: system.cpu: T0 : 0x452b58 @__tls_init_tp+152    : movd	XMM0                 
19998000: system.cpu: T0 : 0x452b5d @__tls_init_tp+157    : punpcklqdq	XMM0           
19999000: system.cpu: T0 : 0x452b61 @__tls_init_tp+161    : movups	DS:[rbx + 0x2d8], XMM0
19999000: system.cpu: T0 : 0x452b68 @__tls_init_tp+168    :   syscall                  : IntAlu : 
20165000: system.cpu: T0 : 0x452b6a @__tls_init_tp+170    : xor	edx                   
20165000: system.cpu: T0 : 0x452b6c @__tls_init_tp+172    : lea	rsi, SS:[t0 + rsp + 0xc]
20165000: system.cpu: T0 : 0x452b71 @__tls_init_tp+177    : mov	edi, 0x5              
20165000: system.cpu: T0 : 0x452b76 @__tls_init_tp+182    : add	rbx, 0x9a0            
20167000: system.cpu: T0 : 0x452b7d @__tls_init_tp+189    : call	0xace                
20169000: system.cpu: T0 : 0x453650 @__tunable_get_val    : hint	                     
20169000: system.cpu: T0 : 0x453654 @__tunable_get_val+4    : mov	edi                   
20169000: system.cpu: T0 : 0x453656 @__tunable_get_val+6    : lea	rcx, DS:[rip + 0x6f4a3]
20169000: system.cpu: T0 : 0x45365d @__tunable_get_val+13    : lea	rax, DS:[8*rdi + t0]  
20169000: system.cpu: T0 : 0x453665 @__tunable_get_val+21    : sub	rdi                   
20169000: system.cpu: T0 : 0x453668 @__tunable_get_val+24    : sal	0x4                   
20169000: system.cpu: T0 : 0x45366c @__tunable_get_val+28    : add	rcx                   
20170000: system.cpu: T0 : 0x45366f @__tunable_get_val+31    : mov	r8d, DS:[rax + 0x30]  
20170000: system.cpu: T0 : 0x453673 @__tunable_get_val+35    : mov	rax, DS:[rax + 0x48]  
20170000: system.cpu: T0 : 0x453677 @__tunable_get_val+39    : cmp	r8d, 0x2              
20170000: system.cpu: T0 : 0x45367b @__tunable_get_val+43    : jnbe	0x3b                 
20170000: system.cpu: T0 : 0x45367d @__tunable_get_val+45    : test	r8d                  
20172000: system.cpu: T0 : 0x453680 @__tunable_get_val+48    : jnz	0x36                  
20240000: system.cpu: T0 : 0x453682 @__tunable_get_val+50    : mov	DS:[rsi], eax         
20240000: system.cpu: T0 : 0x453684 @__tunable_get_val+52    : lea	rax, DS:[8*rdi + t0]  
20240000: system.cpu: T0 : 0x45368c @__tunable_get_val+60    : sub	rdi                   
20240000: system.cpu: T0 : 0x45368f @__tunable_get_val+63    : sal	0x4                   
20240000: system.cpu: T0 : 0x453693 @__tunable_get_val+67    : cmp	DS:[rax + rcx + 0x50], 0
20240000: system.cpu: T0 : 0x453698 @__tunable_get_val+72    : jz	0x16                   
20352000: system.cpu: T0 : 0x4536b0 @__tunable_get_val+96    : ret	                      
20354000: system.cpu: T0 : 0x452b82 @__tls_init_tp+194    : mov	rax, SS:[t0 + rsp + 0xc]
20354000: system.cpu: T0 : 0x452b86 @__tls_init_tp+198    : test	eax                  
20354000: system.cpu: T0 : 0x452b88 @__tls_init_tp+200    : jz	0x1e                   
20354000: system.cpu: T0 : 0x452b8a @__tls_init_tp+202    : mov	r10d, 0x53053053      
20354000: system.cpu: T0 : 0x452b90 @__tls_init_tp+208    : xor	edx                   
20354000: system.cpu: T0 : 0x452b92 @__tls_init_tp+210    : mov	esi, 0x20             
20355000: system.cpu: T0 : 0x452b97 @__tls_init_tp+215    : mov	rbx                   
20355000: system.cpu: T0 : 0x452b9a @__tls_init_tp+218    : mov	eax, 0x14e            
20355000: system.cpu: T0 : 0x452b9f @__tls_init_tp+223    :   syscall                  : IntAlu : 
20387000: system.cpu: T0 : 0x452ba1 @__tls_init_tp+225    : cmp	eax, 0xfffffffffffff000
20387000: system.cpu: T0 : 0x452ba6 @__tls_init_tp+230    : jbe	0x48                  
20401000: system.cpu: T0 : 0x452bf0 @__tls_init_tp+304    : mov	DS:[rip + 0x6fef6], 0x20
20401000: system.cpu: T0 : 0x452bfa @__tls_init_tp+314    : jmp	0xffffffffffffffb8    
20403000: system.cpu: T0 : 0x452bb4 @__tls_init_tp+244    : sub	rbx, FS:[t0 + t0]     
20405000: system.cpu: T0 : 0x452bbd @__tls_init_tp+253    : mov	rax, DS:[rip + 0x70e9c]
20405000: system.cpu: T0 : 0x452bc4 @__tls_init_tp+260    : mov	DS:[rip + 0x6ff1d], rbx
20405000: system.cpu: T0 : 0x452bcb @__tls_init_tp+267    : mov	FS:[t0 + t0 + 0x698], rax
20405000: system.cpu: T0 : 0x452bd4 @__tls_init_tp+276    : mov	FS:[t0 + t0 + 0x971], 0
20405000: system.cpu: T0 : 0x452bdd @__tls_init_tp+285    : mov	FS:[t0 + t0 + 0x972], 0
20406000: system.cpu: T0 : 0x452be6 @__tls_init_tp+294    : add	rsp, 0x10             
20406000: system.cpu: T0 : 0x452bea @__tls_init_tp+298    : pop	rbx                   
20406000: system.cpu: T0 : 0x452beb @__tls_init_tp+299    : ret	                      
20409000: system.cpu: T0 : 0x40406a @__libc_setup_tls+426    : mov	rax, SS:[t0 + rsp + 0x8]
20409000: system.cpu: T0 : 0x40406f @__libc_setup_tls+431    : mov	r10, SS:[t0 + rsp + 0x10]
20409000: system.cpu: T0 : 0x404074 @__libc_setup_tls+436    : mov	DS:[t0 + r12 + 0x448], r13
20411000: system.cpu: T0 : 0x40407c @__libc_setup_tls+444    : mov	DS:[t0 + r12 + 0x440], r14
20411000: system.cpu: T0 : 0x404084 @__libc_setup_tls+452    : mov	DS:[t0 + r12 + 0x438], rax
20411000: system.cpu: T0 : 0x40408c @__libc_setup_tls+460    : lea	rax, DS:[rip + 0xc26ed]
20411000: system.cpu: T0 : 0x404093 @__libc_setup_tls+467    : mov	DS:[rip + 0xc22be], rax
20411000: system.cpu: T0 : 0x40409a @__libc_setup_tls+474    : mov	rax, DS:[rip + 0xc228f]
20412000: system.cpu: T0 : 0x4040a1 @__libc_setup_tls+481    : mov	DS:[t0 + r12 + 0x430], r15
20412000: system.cpu: T0 : 0x4040a9 @__libc_setup_tls+489    : lea	rax, DS:[rax + r10 + 0x3f]
20412000: system.cpu: T0 : 0x4040ae @__libc_setup_tls+494    : mov	DS:[rip + 0xc26f3], r12
20412000: system.cpu: T0 : 0x4040b5 @__libc_setup_tls+501    : and	rax, 0xffffffffffffffc0
20479000: system.cpu: T0 : 0x4040b9 @__libc_setup_tls+505    : mov	DS:[t0 + r12 + 0x460], 0x1
20479000: system.cpu: T0 : 0x4040c5 @__libc_setup_tls+517    : add	rax, 0x9c0            
20479000: system.cpu: T0 : 0x4040cb @__libc_setup_tls+523    : mov	DS:[rip + 0xc2266], rbp
20479000: system.cpu: T0 : 0x4040d2 @__libc_setup_tls+530    : mov	DS:[rip + 0xc26a3], 0x40
20480000: system.cpu: T0 : 0x4040dd @__libc_setup_tls+541    : mov	DS:[rip + 0xc2280], 0x1
20480000: system.cpu: T0 : 0x4040e8 @__libc_setup_tls+552    : mov	DS:[rip + 0xc2259], rax
20480000: system.cpu: T0 : 0x4040ef @__libc_setup_tls+559    : mov	DS:[rip + 0xc224a], r10
20483000: system.cpu: T0 : 0x4040f6 @__libc_setup_tls+566    : mov	DS:[rip + 0xc224f], 0x1
20483000: system.cpu: T0 : 0x404101 @__libc_setup_tls+577    : add	rsp, 0x38             
20483000: system.cpu: T0 : 0x404105 @__libc_setup_tls+581    : pop	rbx                   
20484000: system.cpu: T0 : 0x404106 @__libc_setup_tls+582    : pop	rbp                   
20484000: system.cpu: T0 : 0x404107 @__libc_setup_tls+583    : pop	r12                   
20484000: system.cpu: T0 : 0x404109 @__libc_setup_tls+585    : pop	r13                   
20485000: system.cpu: T0 : 0x40410b @__libc_setup_tls+587    : pop	r14                   
20485000: system.cpu: T0 : 0x40410d @__libc_setup_tls+589    : pop	r15                   
20485000: system.cpu: T0 : 0x40410f @__libc_setup_tls+591    : ret	                      
20488000: system.cpu: T0 : 0x4031ce @__libc_start_main+2270    : mov	eax, DS:[rip + 0xc8390]
20488000: system.cpu: T0 : 0x4031d4 @__libc_start_main+2276    : mov	FS:[t0 + t0 + 0x48], eax
20488000: system.cpu: T0 : 0x4031dc @__libc_start_main+2284    : mov	rax, DS:[rip + 0xc086d]
20488000: system.cpu: T0 : 0x4031e3 @__libc_start_main+2291    : mov	rax, DS:[rax]         
20488000: system.cpu: T0 : 0x4031e6 @__libc_start_main+2294    : xor	al                    
20488000: system.cpu: T0 : 0x4031e8 @__libc_start_main+2296    : mov	FS:[t0 + t0 + 0x28], rax
20489000: system.cpu: T0 : 0x4031f1 @__libc_start_main+2305    : call	0x5238a              
20620000: system.cpu: T0 : 0x455580 @_dl_discover_osversion    : hint	                     
20620000: system.cpu: T0 : 0x455584 @_dl_discover_osversion+4    : push	r12                  
20620000: system.cpu: T0 : 0x455586 @_dl_discover_osversion+6    : push	rbp                  
20620000: system.cpu: T0 : 0x455587 @_dl_discover_osversion+7    : push	rbx                  
20620000: system.cpu: T0 : 0x455588 @_dl_discover_osversion+8    : sub	rsp, 0x1d0            
20621000: system.cpu: T0 : 0x45558f @_dl_discover_osversion+15    : lea	rdi, SS:[t0 + rsp + 0x40]
20621000: system.cpu: T0 : 0x455594 @_dl_discover_osversion+20    : call	0x23f27              
20733000: system.cpu: T0 : 0x4794c0 @__uname    : hint	                     
20733000: system.cpu: T0 : 0x4794c4 @__uname+4    : mov	eax, 0x3f             
20733000: system.cpu: T0 : 0x4794c9 @__uname+9    :   syscall                  : IntAlu : 
21337000: system.cpu: T0 : 0x4794cb @__uname+11    : cmp	rax, 0xfffffffffffff001
21337000: system.cpu: T0 : 0x4794d1 @__uname+17    : jnb	0x1                   
21337000: system.cpu: T0 : 0x4794d3 @__uname+19    : ret	                      
21339000: system.cpu: T0 : 0x455599 @_dl_discover_osversion+25    : lea	rdi, SS:[t0 + rsp + 0xc2]
21339000: system.cpu: T0 : 0x4555a1 @_dl_discover_osversion+33    : test	eax                  
21339000: system.cpu: T0 : 0x4555a3 @_dl_discover_osversion+35    : jnz	0x87                  
21339000: system.cpu: T0 : 0x4555a9 @_dl_discover_osversion+41    : xor	r8d                   
21339000: system.cpu: T0 : 0x4555ac @_dl_discover_osversion+44    : xor	eax                   
21339000: system.cpu: T0 : 0x4555ae @_dl_discover_osversion+46    : movzx	ebx, DS:[rdi]       
21340000: system.cpu: T0 : 0x4555b1 @_dl_discover_osversion+49    : lea	ecx, DS:[rbx + 0xffffffffffffffd0]
21340000: system.cpu: T0 : 0x4555b4 @_dl_discover_osversion+52    : cmp	cl, 0x9               
21340000: system.cpu: T0 : 0x4555b7 @_dl_discover_osversion+55    : jnbe	0x5d                 
21340000: system.cpu: T0 : 0x4555b9 @_dl_discover_osversion+57    : movzx	edx, DS:[rdi + 0x1] 
21343000: system.cpu: T0 : 0x4555bd @_dl_discover_osversion+61    : lea	rsi, DS:[rdi + 0x1]   
21343000: system.cpu: T0 : 0x4555c1 @_dl_discover_osversion+65    : movsx	ecx                 
21343000: system.cpu: T0 : 0x4555c4 @_dl_discover_osversion+68    : lea	edi, DS:[rdx + 0xffffffffffffffd0]
21343000: system.cpu: T0 : 0x4555c7 @_dl_discover_osversion+71    : cmp	dil, 0x9              
21343000: system.cpu: T0 : 0x4555cb @_dl_discover_osversion+75    : jnbe	0x1f                 
21370000: system.cpu: T0 : 0x4555ec @_dl_discover_osversion+108    : sal	0x8                   
21370000: system.cpu: T0 : 0x4555ef @_dl_discover_osversion+111    : add	r8d, 0x1              
21370000: system.cpu: T0 : 0x4555f3 @_dl_discover_osversion+115    : lea	rdi, DS:[rsi + 0x1]   
21370000: system.cpu: T0 : 0x4555f7 @_dl_discover_osversion+119    : or	ecx                    
21370000: system.cpu: T0 : 0x4555f9 @_dl_discover_osversion+121    : cmp	dl, 0x2e              
21370000: system.cpu: T0 : 0x4555fc @_dl_discover_osversion+124    : jnz	0x12                  
21373000: system.cpu: T0 : 0x4555fe @_dl_discover_osversion+126    : cmp	r8d, 0x3              
21373000: system.cpu: T0 : 0x455602 @_dl_discover_osversion+130    : jnz	0xffffffffffffffaa    
21390000: system.cpu: T0 : 0x4555ae @_dl_discover_osversion+46    : movzx	ebx, DS:[rdi]       
21390000: system.cpu: T0 : 0x4555b1 @_dl_discover_osversion+49    : lea	ecx, DS:[rbx + 0xffffffffffffffd0]
21390000: system.cpu: T0 : 0x4555b4 @_dl_discover_osversion+52    : cmp	cl, 0x9               
21390000: system.cpu: T0 : 0x4555b7 @_dl_discover_osversion+55    : jnbe	0x5d                 
21391000: system.cpu: T0 : 0x4555b9 @_dl_discover_osversion+57    : movzx	edx, DS:[rdi + 0x1] 
21393000: system.cpu: T0 : 0x4555bd @_dl_discover_osversion+61    : lea	rsi, DS:[rdi + 0x1]   
21393000: system.cpu: T0 : 0x4555c1 @_dl_discover_osversion+65    : movsx	ecx                 
21393000: system.cpu: T0 : 0x4555c4 @_dl_discover_osversion+68    : lea	edi, DS:[rdx + 0xffffffffffffffd0]
21393000: system.cpu: T0 : 0x4555c7 @_dl_discover_osversion+71    : cmp	dil, 0x9              
21393000: system.cpu: T0 : 0x4555cb @_dl_discover_osversion+75    : jnbe	0x1f                 
21395000: system.cpu: T0 : 0x4555ec @_dl_discover_osversion+108    : sal	0x8                   
21395000: system.cpu: T0 : 0x4555ef @_dl_discover_osversion+111    : add	r8d, 0x1              
21395000: system.cpu: T0 : 0x4555f3 @_dl_discover_osversion+115    : lea	rdi, DS:[rsi + 0x1]   
21395000: system.cpu: T0 : 0x4555f7 @_dl_discover_osversion+119    : or	ecx                    
21395000: system.cpu: T0 : 0x4555f9 @_dl_discover_osversion+121    : cmp	dl, 0x2e              
21395000: system.cpu: T0 : 0x4555fc @_dl_discover_osversion+124    : jnz	0x12                  
21398000: system.cpu: T0 : 0x4555fe @_dl_discover_osversion+126    : cmp	r8d, 0x3              
21398000: system.cpu: T0 : 0x455602 @_dl_discover_osversion+130    : jnz	0xffffffffffffffaa    
21401000: system.cpu: T0 : 0x4555ae @_dl_discover_osversion+46    : movzx	ebx, DS:[rdi]       
21401000: system.cpu: T0 : 0x4555b1 @_dl_discover_osversion+49    : lea	ecx, DS:[rbx + 0xffffffffffffffd0]
21401000: system.cpu: T0 : 0x4555b4 @_dl_discover_osversion+52    : cmp	cl, 0x9               
21401000: system.cpu: T0 : 0x4555b7 @_dl_discover_osversion+55    : jnbe	0x5d                 
21402000: system.cpu: T0 : 0x4555b9 @_dl_discover_osversion+57    : movzx	edx, DS:[rdi + 0x1] 
21404000: system.cpu: T0 : 0x4555bd @_dl_discover_osversion+61    : lea	rsi, DS:[rdi + 0x1]   
21404000: system.cpu: T0 : 0x4555c1 @_dl_discover_osversion+65    : movsx	ecx                 
21404000: system.cpu: T0 : 0x4555c4 @_dl_discover_osversion+68    : lea	edi, DS:[rdx + 0xffffffffffffffd0]
21404000: system.cpu: T0 : 0x4555c7 @_dl_discover_osversion+71    : cmp	dil, 0x9              
21404000: system.cpu: T0 : 0x4555cb @_dl_discover_osversion+75    : jnbe	0x1f                 
21406000: system.cpu: T0 : 0x4555ec @_dl_discover_osversion+108    : sal	0x8                   
21406000: system.cpu: T0 : 0x4555ef @_dl_discover_osversion+111    : add	r8d, 0x1              
21406000: system.cpu: T0 : 0x4555f3 @_dl_discover_osversion+115    : lea	rdi, DS:[rsi + 0x1]   
21406000: system.cpu: T0 : 0x4555f7 @_dl_discover_osversion+119    : or	ecx                    
21406000: system.cpu: T0 : 0x4555f9 @_dl_discover_osversion+121    : cmp	dl, 0x2e              
21406000: system.cpu: T0 : 0x4555fc @_dl_discover_osversion+124    : jnz	0x12                  
21419000: system.cpu: T0 : 0x455610 @_dl_discover_osversion+144    : cmp	r8d, 0x3              
21419000: system.cpu: T0 : 0x455614 @_dl_discover_osversion+148    : jz	0xffffffffffffffee     
21431000: system.cpu: T0 : 0x455604 @_dl_discover_osversion+132    : add	rsp, 0x1d0            
21431000: system.cpu: T0 : 0x45560b @_dl_discover_osversion+139    : pop	rbx                   
21431000: system.cpu: T0 : 0x45560c @_dl_discover_osversion+140    : pop	rbp                   
21432000: system.cpu: T0 : 0x45560d @_dl_discover_osversion+141    : pop	r12                   
21432000: system.cpu: T0 : 0x45560f @_dl_discover_osversion+143    : ret	                      
21434000: system.cpu: T0 : 0x4031f6 @__libc_start_main+2310    : test	eax                  
21434000: system.cpu: T0 : 0x4031f8 @__libc_start_main+2312    : js	0x954                  
21436000: system.cpu: T0 : 0x4031fe @__libc_start_main+2318    : mov	edx, DS:[rip + 0xc8154]
21436000: system.cpu: T0 : 0x403204 @__libc_start_main+2324    : test	edx                  
21436000: system.cpu: T0 : 0x403206 @__libc_start_main+2326    : jnz	0xaab                 
21436000: system.cpu: T0 : 0x40320c @__libc_start_main+2332    : mov	DS:[rip + 0xc8146], eax
21437000: system.cpu: T0 : 0x403212 @__libc_start_main+2338    : cmp	eax, 0x301ff          
21437000: system.cpu: T0 : 0x403217 @__libc_start_main+2343    : jle	0x350                 
21437000: system.cpu: T0 : 0x40321d @__libc_start_main+2349    : cmp	DS:[rip + 0xc0d83], 0 
21438000: system.cpu: T0 : 0x403225 @__libc_start_main+2357    : jz	0x5                    
21441000: system.cpu: T0 : 0x40322c @__libc_start_main+2364    : mov	rax, DS:[rip + 0xc081d]
21441000: system.cpu: T0 : 0x403233 @__libc_start_main+2371    : mov	rax, DS:[rax + 0x8]   
21441000: system.cpu: T0 : 0x403237 @__libc_start_main+2375    : mov	FS:[t0 + t0 + 0x30], rax
21461000: system.cpu: T0 : 0x403240 @__libc_start_main+2384    : mov	rax, SS:[t0 + rsp + 0x78]
21461000: system.cpu: T0 : 0x403245 @__libc_start_main+2389    : test	rax                  
21461000: system.cpu: T0 : 0x403248 @__libc_start_main+2392    : jz	0xc                    
21575000: system.cpu: T0 : 0x403256 @__libc_start_main+2406    : mov	edi, 0x1              
21575000: system.cpu: T0 : 0x40325b @__libc_start_main+2411    : call	0x52480              
21673000: system.cpu: T0 : 0x4556e0 @__libc_early_init    : hint	                     
21673000: system.cpu: T0 : 0x4556e4 @__libc_early_init+4    : push	rbx                  
21673000: system.cpu: T0 : 0x4556e5 @__libc_early_init+5    : mov	edi                   
21673000: system.cpu: T0 : 0x4556e7 @__libc_early_init+7    : sub	rsp, 0x20             
21673000: system.cpu: T0 : 0x4556eb @__libc_early_init+11    : mov	rax, FS:[t0 + t0 + 0x28]
21673000: system.cpu: T0 : 0x4556f4 @__libc_early_init+20    : mov	SS:[t0 + rsp + 0x18], rax
21674000: system.cpu: T0 : 0x4556f9 @__libc_early_init+25    : xor	eax                   
21674000: system.cpu: T0 : 0x4556fb @__libc_early_init+27    : call	0xe320               
21800000: system.cpu: T0 : 0x463a20 @__ctype_init    : hint	                     
21800000: system.cpu: T0 : 0x463a24 @__ctype_init+4    : mov	rdi, 0xffffffffffffff98
21800000: system.cpu: T0 : 0x463a2b @__ctype_init+11    : mov	rdi, 0xfffffffffffffff0
21800000: system.cpu: T0 : 0x463a32 @__ctype_init+18    : mov	rax, FS:[rax]         
21800000: system.cpu: T0 : 0x463a36 @__ctype_init+22    : mov	rax, DS:[rax]         
21800000: system.cpu: T0 : 0x463a39 @__ctype_init+25    : mov	rsi, DS:[rax + 0x40]  
21895000: system.cpu: T0 : 0x463a3d @__ctype_init+29    : lea	rdx, DS:[rsi + 0x100] 
21895000: system.cpu: T0 : 0x463a44 @__ctype_init+36    : mov	FS:[rcx], rdx         
21895000: system.cpu: T0 : 0x463a48 @__ctype_init+40    : mov	rdi, DS:[rax + 0x48]  
21895000: system.cpu: T0 : 0x463a4c @__ctype_init+44    : mov	rdi, 0xffffffffffffffe8
21895000: system.cpu: T0 : 0x463a53 @__ctype_init+51    : lea	rdx, DS:[rdi + 0x200] 
21895000: system.cpu: T0 : 0x463a5a @__ctype_init+58    : mov	FS:[rcx], rdx         
21895000: system.cpu: T0 : 0x463a5e @__ctype_init+62    : mov	rax, DS:[rax + 0x58]  
21895000: system.cpu: T0 : 0x463a62 @__ctype_init+66    : mov	rdi, 0xffffffffffffffe0
21896000: system.cpu: T0 : 0x463a69 @__ctype_init+73    : add	rax, 0x200            
21896000: system.cpu: T0 : 0x463a6f @__ctype_init+79    : mov	FS:[rdx], rax         
21896000: system.cpu: T0 : 0x463a73 @__ctype_init+83    : ret	                      
21898000: system.cpu: T0 : 0x455700 @__libc_early_init+32    : mov	edi, 0x3              
21898000: system.cpu: T0 : 0x455705 @__libc_early_init+37    : mov	rsp                   
21898000: system.cpu: T0 : 0x455708 @__libc_early_init+40    : mov	DS:[rip + 0x7039e], bl
21898000: system.cpu: T0 : 0x45570e @__libc_early_init+46    : call	0xffffffffffffa31d   
21997000: system.cpu: T0 : 0x44fa30 @__getrlimit64    : hint	                     
21997000: system.cpu: T0 : 0x44fa34 @__getrlimit64+4    : mov	rsi                   
21997000: system.cpu: T0 : 0x44fa37 @__getrlimit64+7    : xor	edx                   
21997000: system.cpu: T0 : 0x44fa39 @__getrlimit64+9    : mov	edi                   
21997000: system.cpu: T0 : 0x44fa3b @__getrlimit64+11    : mov	eax, 0x12e            
21999000: system.cpu: T0 : 0x44fa40 @__getrlimit64+16    : xor	edi                   
21999000: system.cpu: T0 : 0x44fa42 @__getrlimit64+18    :   syscall                  : IntAlu : 
22276000: system.cpu: T0 : 0x44fa44 @__getrlimit64+20    : cmp	rax, 0xfffffffffffff000
22276000: system.cpu: T0 : 0x44fa4a @__getrlimit64+26    : jnbe	0x4                  
22276000: system.cpu: T0 : 0x44fa4c @__getrlimit64+28    : ret	                      
22278000: system.cpu: T0 : 0x455713 @__libc_early_init+51    : mov	edi, 0x200000         
22278000: system.cpu: T0 : 0x455718 @__libc_early_init+56    : test	eax                  
22278000: system.cpu: T0 : 0x45571a @__libc_early_init+58    : jnz	0x18                  
22296000: system.cpu: T0 : 0x45571c @__libc_early_init+60    : mov	rdx, SS:[t0 + rsp]    
22296000: system.cpu: T0 : 0x455720 @__libc_early_init+64    : mov	eax, 0x4000           
22296000: system.cpu: T0 : 0x455725 @__libc_early_init+69    : cmp	rax                   
22296000: system.cpu: T0 : 0x455728 @__libc_early_init+72    : cmovnb	rax                
22296000: system.cpu: T0 : 0x45572c @__libc_early_init+76    : cmp	rdx, 0xffffffffffffffff
22296000: system.cpu: T0 : 0x455730 @__libc_early_init+80    : cmovnz	rdi                
22297000: system.cpu: T0 : 0x455734 @__libc_early_init+84    : mov	rsi, DS:[rip + 0x70bfd]
22299000: system.cpu: T0 : 0x45573b @__libc_early_init+91    : mov	rax, DS:[rip + 0x70c06]
22299000: system.cpu: T0 : 0x455742 @__libc_early_init+98    : xor	edx                   
22299000: system.cpu: T0 : 0x455744 @__libc_early_init+100    : mov	rcx, DS:[rip + 0x6fa0d]
22299000: system.cpu: T0 : 0x45574b @__libc_early_init+107    : add	rsi                   
22299000: system.cpu: T0 : 0x45574e @__libc_early_init+110    : sub	rax, 0x1              
22300000: system.cpu: T0 : 0x455752 @__libc_early_init+114    : mov	DS:[rip + 0x760f7], rcx
22300000: system.cpu: T0 : 0x455759 @__libc_early_init+121    : div	                      
22301000: system.cpu: T0 : 0x45575c @__libc_early_init+124    : mov	rcx                   
22301000: system.cpu: T0 : 0x45575f @__libc_early_init+127    : imul	rax                  
22302000: system.cpu: T0 : 0x455763 @__libc_early_init+131    : lea	rax, DS:[rax + rcx + 0x800]
22302000: system.cpu: T0 : 0x45576b @__libc_early_init+139    : cmp	rdi                   
22302000: system.cpu: T0 : 0x45576e @__libc_early_init+142    : cmovb	rax                 
22302000: system.cpu: T0 : 0x455772 @__libc_early_init+146    : neg	                      
22302000: system.cpu: T0 : 0x455775 @__libc_early_init+149    : lea	rax, DS:[rax + rcx + 0xffffffffffffffff]
22302000: system.cpu: T0 : 0x45577a @__libc_early_init+154    : and	rdx                   
22304000: system.cpu: T0 : 0x45577d @__libc_early_init+157    : mov	SS:[t0 + rsp], rax    
22304000: system.cpu: T0 : 0x455781 @__libc_early_init+161    : mov	DS:[rip + 0x760d8], rax
22304000: system.cpu: T0 : 0x455788 @__libc_early_init+168    : call	0x1dec3              
22325000: system.cpu: T0 : 0x473650 @__pthread_tunables_init    : hint	                     
22325000: system.cpu: T0 : 0x473654 @__pthread_tunables_init+4    : push	rbp                  
22325000: system.cpu: T0 : 0x473655 @__pthread_tunables_init+5    : lea	rdx, DS:[rip + 0xffffffffffffffd4]
22325000: system.cpu: T0 : 0x47365c @__pthread_tunables_init+12    : mov	edi, 0x1f             
22325000: system.cpu: T0 : 0x473661 @__pthread_tunables_init+17    : sub	rsp, 0x10             
22326000: system.cpu: T0 : 0x473665 @__pthread_tunables_init+21    : mov	rax, FS:[t0 + t0 + 0x28]
22326000: system.cpu: T0 : 0x47366e @__pthread_tunables_init+30    : mov	SS:[t0 + rsp + 0x8], rax
22326000: system.cpu: T0 : 0x473673 @__pthread_tunables_init+35    : xor	eax                   
22326000: system.cpu: T0 : 0x473675 @__pthread_tunables_init+37    : mov	rsp                   
22326000: system.cpu: T0 : 0x473678 @__pthread_tunables_init+40    : mov	rbp                   
22326000: system.cpu: T0 : 0x47367b @__pthread_tunables_init+43    : call	0xfffffffffffdffd0   
22356000: system.cpu: T0 : 0x453650 @__tunable_get_val    : hint	                     
22356000: system.cpu: T0 : 0x453654 @__tunable_get_val+4    : mov	edi                   
22356000: system.cpu: T0 : 0x453656 @__tunable_get_val+6    : lea	rcx, DS:[rip + 0x6f4a3]
22356000: system.cpu: T0 : 0x45365d @__tunable_get_val+13    : lea	rax, DS:[8*rdi + t0]  
22356000: system.cpu: T0 : 0x453665 @__tunable_get_val+21    : sub	rdi                   
22356000: system.cpu: T0 : 0x453668 @__tunable_get_val+24    : sal	0x4                   
22356000: system.cpu: T0 : 0x45366c @__tunable_get_val+28    : add	rcx                   
22357000: system.cpu: T0 : 0x45366f @__tunable_get_val+31    : mov	r8d, DS:[rax + 0x30]  
22357000: system.cpu: T0 : 0x453673 @__tunable_get_val+35    : mov	rax, DS:[rax + 0x48]  
22357000: system.cpu: T0 : 0x453677 @__tunable_get_val+39    : cmp	r8d, 0x2              
22357000: system.cpu: T0 : 0x45367b @__tunable_get_val+43    : jnbe	0x3b                 
22357000: system.cpu: T0 : 0x45367d @__tunable_get_val+45    : test	r8d                  
22359000: system.cpu: T0 : 0x453680 @__tunable_get_val+48    : jnz	0x36                  
22359000: system.cpu: T0 : 0x453682 @__tunable_get_val+50    : mov	DS:[rsi], eax         
22359000: system.cpu: T0 : 0x453684 @__tunable_get_val+52    : lea	rax, DS:[8*rdi + t0]  
22359000: system.cpu: T0 : 0x45368c @__tunable_get_val+60    : sub	rdi                   
22359000: system.cpu: T0 : 0x45368f @__tunable_get_val+63    : sal	0x4                   
22359000: system.cpu: T0 : 0x453693 @__tunable_get_val+67    : cmp	DS:[rax + rcx + 0x50], 0
22360000: system.cpu: T0 : 0x453698 @__tunable_get_val+72    : jz	0x16                   
22361000: system.cpu: T0 : 0x4536b0 @__tunable_get_val+96    : ret	                      
22446000: system.cpu: T0 : 0x473680 @__pthread_tunables_init+48    : lea	rdx, DS:[rip + 0xffffffffffffffb9]
22446000: system.cpu: T0 : 0x473687 @__pthread_tunables_init+55    : mov	rbp                   
22446000: system.cpu: T0 : 0x47368a @__pthread_tunables_init+58    : mov	edi, 0x12             
22446000: system.cpu: T0 : 0x47368f @__pthread_tunables_init+63    : call	0xfffffffffffdffbc   
22452000: system.cpu: T0 : 0x453650 @__tunable_get_val    : hint	                     
22452000: system.cpu: T0 : 0x453654 @__tunable_get_val+4    : mov	edi                   
22452000: system.cpu: T0 : 0x453656 @__tunable_get_val+6    : lea	rcx, DS:[rip + 0x6f4a3]
22452000: system.cpu: T0 : 0x45365d @__tunable_get_val+13    : lea	rax, DS:[8*rdi + t0]  
22452000: system.cpu: T0 : 0x453665 @__tunable_get_val+21    : sub	rdi                   
22452000: system.cpu: T0 : 0x453668 @__tunable_get_val+24    : sal	0x4                   
22452000: system.cpu: T0 : 0x45366c @__tunable_get_val+28    : add	rcx                   
22453000: system.cpu: T0 : 0x45366f @__tunable_get_val+31    : mov	r8d, DS:[rax + 0x30]  
22453000: system.cpu: T0 : 0x453673 @__tunable_get_val+35    : mov	rax, DS:[rax + 0x48]  
22453000: system.cpu: T0 : 0x453677 @__tunable_get_val+39    : cmp	r8d, 0x2              
22453000: system.cpu: T0 : 0x45367b @__tunable_get_val+43    : jnbe	0x3b                 
22453000: system.cpu: T0 : 0x45367d @__tunable_get_val+45    : test	r8d                  
22455000: system.cpu: T0 : 0x453680 @__tunable_get_val+48    : jnz	0x36                  
22602000: system.cpu: T0 : 0x4536b8 @__tunable_get_val+104    : mov	DS:[rsi], rax         
22602000: system.cpu: T0 : 0x4536bb @__tunable_get_val+107    : jmp	0xffffffffffffffc7    
22603000: system.cpu: T0 : 0x453684 @__tunable_get_val+52    : lea	rax, DS:[8*rdi + t0]  
22603000: system.cpu: T0 : 0x45368c @__tunable_get_val+60    : sub	rdi                   
22603000: system.cpu: T0 : 0x45368f @__tunable_get_val+63    : sal	0x4                   
22603000: system.cpu: T0 : 0x453693 @__tunable_get_val+67    : cmp	DS:[rax + rcx + 0x50], 0
22603000: system.cpu: T0 : 0x453698 @__tunable_get_val+72    : jz	0x16                   
22605000: system.cpu: T0 : 0x4536b0 @__tunable_get_val+96    : ret	                      
22607000: system.cpu: T0 : 0x473694 @__pthread_tunables_init+68    : mov	rax, SS:[t0 + rsp + 0x8]
22607000: system.cpu: T0 : 0x473699 @__pthread_tunables_init+73    : sub	rax, FS:[t0 + t0 + 0x28]
22607000: system.cpu: T0 : 0x4736a2 @__pthread_tunables_init+82    : jnz	0x6                   
22607000: system.cpu: T0 : 0x4736a4 @__pthread_tunables_init+84    : add	rsp, 0x10             
22608000: system.cpu: T0 : 0x4736a8 @__pthread_tunables_init+88    : pop	rbp                   
22608000: system.cpu: T0 : 0x4736a9 @__pthread_tunables_init+89    : ret	                      
22610000: system.cpu: T0 : 0x45578d @__libc_early_init+173    : mov	rax, SS:[t0 + rsp + 0x18]
22610000: system.cpu: T0 : 0x455792 @__libc_early_init+178    : sub	rax, FS:[t0 + t0 + 0x28]
22610000: system.cpu: T0 : 0x45579b @__libc_early_init+187    : jnz	0xa                   
22614000: system.cpu: T0 : 0x45579d @__libc_early_init+189    : add	rsp, 0x20             
22614000: system.cpu: T0 : 0x4557a1 @__libc_early_init+193    : pop	rbx                   
22614000: system.cpu: T0 : 0x4557a2 @__libc_early_init+194    : jmp	0x1dba9               
22616000: system.cpu: T0 : 0x473350 @__lll_elision_init    : hint	                     
22616000: system.cpu: T0 : 0x473354 @__lll_elision_init+4    : push	rbp                  
22616000: system.cpu: T0 : 0x473355 @__lll_elision_init+5    : lea	rdx, DS:[rip + 0xffffffffffffffc4]
22616000: system.cpu: T0 : 0x47335c @__lll_elision_init+12    : mov	edi, 0x8              
22616000: system.cpu: T0 : 0x473361 @__lll_elision_init+17    : sub	rsp, 0x10             
22617000: system.cpu: T0 : 0x473365 @__lll_elision_init+21    : mov	rax, FS:[t0 + t0 + 0x28]
22617000: system.cpu: T0 : 0x47336e @__lll_elision_init+30    : mov	SS:[t0 + rsp + 0x8], rax
22617000: system.cpu: T0 : 0x473373 @__lll_elision_init+35    : xor	eax                   
22617000: system.cpu: T0 : 0x473375 @__lll_elision_init+37    : lea	rbp, SS:[t0 + rsp + 0x4]
22617000: system.cpu: T0 : 0x47337a @__lll_elision_init+42    : mov	rbp                   
22659000: system.cpu: T0 : 0x47337d @__lll_elision_init+45    : call	0xfffffffffffe02ce   
22664000: system.cpu: T0 : 0x453650 @__tunable_get_val    : hint	                     
22664000: system.cpu: T0 : 0x453654 @__tunable_get_val+4    : mov	edi                   
22664000: system.cpu: T0 : 0x453656 @__tunable_get_val+6    : lea	rcx, DS:[rip + 0x6f4a3]
22664000: system.cpu: T0 : 0x45365d @__tunable_get_val+13    : lea	rax, DS:[8*rdi + t0]  
22664000: system.cpu: T0 : 0x453665 @__tunable_get_val+21    : sub	rdi                   
22664000: system.cpu: T0 : 0x453668 @__tunable_get_val+24    : sal	0x4                   
22664000: system.cpu: T0 : 0x45366c @__tunable_get_val+28    : add	rcx                   
22665000: system.cpu: T0 : 0x45366f @__tunable_get_val+31    : mov	r8d, DS:[rax + 0x30]  
22665000: system.cpu: T0 : 0x453673 @__tunable_get_val+35    : mov	rax, DS:[rax + 0x48]  
22665000: system.cpu: T0 : 0x453677 @__tunable_get_val+39    : cmp	r8d, 0x2              
22665000: system.cpu: T0 : 0x45367b @__tunable_get_val+43    : jnbe	0x3b                 
22665000: system.cpu: T0 : 0x45367d @__tunable_get_val+45    : test	r8d                  
22667000: system.cpu: T0 : 0x453680 @__tunable_get_val+48    : jnz	0x36                  
22667000: system.cpu: T0 : 0x453682 @__tunable_get_val+50    : mov	DS:[rsi], eax         
22667000: system.cpu: T0 : 0x453684 @__tunable_get_val+52    : lea	rax, DS:[8*rdi + t0]  
22667000: system.cpu: T0 : 0x45368c @__tunable_get_val+60    : sub	rdi                   
22667000: system.cpu: T0 : 0x45368f @__tunable_get_val+63    : sal	0x4                   
22667000: system.cpu: T0 : 0x453693 @__tunable_get_val+67    : cmp	DS:[rax + rcx + 0x50], 0
22668000: system.cpu: T0 : 0x453698 @__tunable_get_val+72    : jz	0x16                   
22669000: system.cpu: T0 : 0x4536b0 @__tunable_get_val+96    : ret	                      
22671000: system.cpu: T0 : 0x473382 @__lll_elision_init+50    : lea	rdx, DS:[rip + 0xffffffffffffff57]
22671000: system.cpu: T0 : 0x473389 @__lll_elision_init+57    : mov	rbp                   
22671000: system.cpu: T0 : 0x47338c @__lll_elision_init+60    : mov	edi, 0xd              
22671000: system.cpu: T0 : 0x473391 @__lll_elision_init+65    : call	0xfffffffffffe02ba   
22677000: system.cpu: T0 : 0x453650 @__tunable_get_val    : hint	                     
22677000: system.cpu: T0 : 0x453654 @__tunable_get_val+4    : mov	edi                   
22677000: system.cpu: T0 : 0x453656 @__tunable_get_val+6    : lea	rcx, DS:[rip + 0x6f4a3]
22677000: system.cpu: T0 : 0x45365d @__tunable_get_val+13    : lea	rax, DS:[8*rdi + t0]  
22677000: system.cpu: T0 : 0x453665 @__tunable_get_val+21    : sub	rdi                   
22677000: system.cpu: T0 : 0x453668 @__tunable_get_val+24    : sal	0x4                   
22677000: system.cpu: T0 : 0x45366c @__tunable_get_val+28    : add	rcx                   
22678000: system.cpu: T0 : 0x45366f @__tunable_get_val+31    : mov	r8d, DS:[rax + 0x30]  
22678000: system.cpu: T0 : 0x453673 @__tunable_get_val+35    : mov	rax, DS:[rax + 0x48]  
22678000: system.cpu: T0 : 0x453677 @__tunable_get_val+39    : cmp	r8d, 0x2              
22678000: system.cpu: T0 : 0x45367b @__tunable_get_val+43    : jnbe	0x3b                 
22678000: system.cpu: T0 : 0x45367d @__tunable_get_val+45    : test	r8d                  
22680000: system.cpu: T0 : 0x453680 @__tunable_get_val+48    : jnz	0x36                  
22680000: system.cpu: T0 : 0x453682 @__tunable_get_val+50    : mov	DS:[rsi], eax         
22680000: system.cpu: T0 : 0x453684 @__tunable_get_val+52    : lea	rax, DS:[8*rdi + t0]  
22680000: system.cpu: T0 : 0x45368c @__tunable_get_val+60    : sub	rdi                   
22680000: system.cpu: T0 : 0x45368f @__tunable_get_val+63    : sal	0x4                   
22680000: system.cpu: T0 : 0x453693 @__tunable_get_val+67    : cmp	DS:[rax + rcx + 0x50], 0
22681000: system.cpu: T0 : 0x453698 @__tunable_get_val+72    : jz	0x16                   
22682000: system.cpu: T0 : 0x4536b0 @__tunable_get_val+96    : ret	                      
22684000: system.cpu: T0 : 0x473396 @__lll_elision_init+70    : lea	rdx, DS:[rip + 0xffffffffffffff53]
22684000: system.cpu: T0 : 0x47339d @__lll_elision_init+77    : mov	rbp                   
22684000: system.cpu: T0 : 0x4733a0 @__lll_elision_init+80    : mov	edi, 0x19             
22684000: system.cpu: T0 : 0x4733a5 @__lll_elision_init+85    : call	0xfffffffffffe02a6   
22690000: system.cpu: T0 : 0x453650 @__tunable_get_val    : hint	                     
22690000: system.cpu: T0 : 0x453654 @__tunable_get_val+4    : mov	edi                   
22690000: system.cpu: T0 : 0x453656 @__tunable_get_val+6    : lea	rcx, DS:[rip + 0x6f4a3]
22690000: system.cpu: T0 : 0x45365d @__tunable_get_val+13    : lea	rax, DS:[8*rdi + t0]  
22690000: system.cpu: T0 : 0x453665 @__tunable_get_val+21    : sub	rdi                   
22690000: system.cpu: T0 : 0x453668 @__tunable_get_val+24    : sal	0x4                   
22690000: system.cpu: T0 : 0x45366c @__tunable_get_val+28    : add	rcx                   
22691000: system.cpu: T0 : 0x45366f @__tunable_get_val+31    : mov	r8d, DS:[rax + 0x30]  
22691000: system.cpu: T0 : 0x453673 @__tunable_get_val+35    : mov	rax, DS:[rax + 0x48]  
22691000: system.cpu: T0 : 0x453677 @__tunable_get_val+39    : cmp	r8d, 0x2              
22691000: system.cpu: T0 : 0x45367b @__tunable_get_val+43    : jnbe	0x3b                 
22691000: system.cpu: T0 : 0x45367d @__tunable_get_val+45    : test	r8d                  
22693000: system.cpu: T0 : 0x453680 @__tunable_get_val+48    : jnz	0x36                  
22693000: system.cpu: T0 : 0x453682 @__tunable_get_val+50    : mov	DS:[rsi], eax         
22693000: system.cpu: T0 : 0x453684 @__tunable_get_val+52    : lea	rax, DS:[8*rdi + t0]  
22693000: system.cpu: T0 : 0x45368c @__tunable_get_val+60    : sub	rdi                   
22693000: system.cpu: T0 : 0x45368f @__tunable_get_val+63    : sal	0x4                   
22693000: system.cpu: T0 : 0x453693 @__tunable_get_val+67    : cmp	DS:[rax + rcx + 0x50], 0
22694000: system.cpu: T0 : 0x453698 @__tunable_get_val+72    : jz	0x16                   
22695000: system.cpu: T0 : 0x4536b0 @__tunable_get_val+96    : ret	                      
22697000: system.cpu: T0 : 0x4733aa @__lll_elision_init+90    : lea	rdx, DS:[rip + 0xffffffffffffff4f]
22697000: system.cpu: T0 : 0x4733b1 @__lll_elision_init+97    : mov	rbp                   
22697000: system.cpu: T0 : 0x4733b4 @__lll_elision_init+100    : mov	edi, 0x7              
22697000: system.cpu: T0 : 0x4733b9 @__lll_elision_init+105    : call	0xfffffffffffe0292   
22703000: system.cpu: T0 : 0x453650 @__tunable_get_val    : hint	                     
22703000: system.cpu: T0 : 0x453654 @__tunable_get_val+4    : mov	edi                   
22703000: system.cpu: T0 : 0x453656 @__tunable_get_val+6    : lea	rcx, DS:[rip + 0x6f4a3]
22703000: system.cpu: T0 : 0x45365d @__tunable_get_val+13    : lea	rax, DS:[8*rdi + t0]  
22703000: system.cpu: T0 : 0x453665 @__tunable_get_val+21    : sub	rdi                   
22703000: system.cpu: T0 : 0x453668 @__tunable_get_val+24    : sal	0x4                   
22703000: system.cpu: T0 : 0x45366c @__tunable_get_val+28    : add	rcx                   
22704000: system.cpu: T0 : 0x45366f @__tunable_get_val+31    : mov	r8d, DS:[rax + 0x30]  
22704000: system.cpu: T0 : 0x453673 @__tunable_get_val+35    : mov	rax, DS:[rax + 0x48]  
22704000: system.cpu: T0 : 0x453677 @__tunable_get_val+39    : cmp	r8d, 0x2              
22704000: system.cpu: T0 : 0x45367b @__tunable_get_val+43    : jnbe	0x3b                 
22704000: system.cpu: T0 : 0x45367d @__tunable_get_val+45    : test	r8d                  
22706000: system.cpu: T0 : 0x453680 @__tunable_get_val+48    : jnz	0x36                  
22706000: system.cpu: T0 : 0x453682 @__tunable_get_val+50    : mov	DS:[rsi], eax         
22706000: system.cpu: T0 : 0x453684 @__tunable_get_val+52    : lea	rax, DS:[8*rdi + t0]  
22706000: system.cpu: T0 : 0x45368c @__tunable_get_val+60    : sub	rdi                   
22706000: system.cpu: T0 : 0x45368f @__tunable_get_val+63    : sal	0x4                   
22706000: system.cpu: T0 : 0x453693 @__tunable_get_val+67    : cmp	DS:[rax + rcx + 0x50], 0
22707000: system.cpu: T0 : 0x453698 @__tunable_get_val+72    : jz	0x16                   
22708000: system.cpu: T0 : 0x4536b0 @__tunable_get_val+96    : ret	                      
22783000: system.cpu: T0 : 0x4733be @__lll_elision_init+110    : lea	rdx, DS:[rip + 0xffffffffffffff4b]
22783000: system.cpu: T0 : 0x4733c5 @__lll_elision_init+117    : mov	rbp                   
22783000: system.cpu: T0 : 0x4733c8 @__lll_elision_init+120    : mov	edi, 0x15             
22783000: system.cpu: T0 : 0x4733cd @__lll_elision_init+125    : call	0xfffffffffffe027e   
22789000: system.cpu: T0 : 0x453650 @__tunable_get_val    : hint	                     
22789000: system.cpu: T0 : 0x453654 @__tunable_get_val+4    : mov	edi                   
22789000: system.cpu: T0 : 0x453656 @__tunable_get_val+6    : lea	rcx, DS:[rip + 0x6f4a3]
22789000: system.cpu: T0 : 0x45365d @__tunable_get_val+13    : lea	rax, DS:[8*rdi + t0]  
22789000: system.cpu: T0 : 0x453665 @__tunable_get_val+21    : sub	rdi                   
22789000: system.cpu: T0 : 0x453668 @__tunable_get_val+24    : sal	0x4                   
22789000: system.cpu: T0 : 0x45366c @__tunable_get_val+28    : add	rcx                   
22790000: system.cpu: T0 : 0x45366f @__tunable_get_val+31    : mov	r8d, DS:[rax + 0x30]  
22790000: system.cpu: T0 : 0x453673 @__tunable_get_val+35    : mov	rax, DS:[rax + 0x48]  
22790000: system.cpu: T0 : 0x453677 @__tunable_get_val+39    : cmp	r8d, 0x2              
22790000: system.cpu: T0 : 0x45367b @__tunable_get_val+43    : jnbe	0x3b                 
22790000: system.cpu: T0 : 0x45367d @__tunable_get_val+45    : test	r8d                  
22792000: system.cpu: T0 : 0x453680 @__tunable_get_val+48    : jnz	0x36                  
22792000: system.cpu: T0 : 0x453682 @__tunable_get_val+50    : mov	DS:[rsi], eax         
22792000: system.cpu: T0 : 0x453684 @__tunable_get_val+52    : lea	rax, DS:[8*rdi + t0]  
22792000: system.cpu: T0 : 0x45368c @__tunable_get_val+60    : sub	rdi                   
22792000: system.cpu: T0 : 0x45368f @__tunable_get_val+63    : sal	0x4                   
22792000: system.cpu: T0 : 0x453693 @__tunable_get_val+67    : cmp	DS:[rax + rcx + 0x50], 0
22793000: system.cpu: T0 : 0x453698 @__tunable_get_val+72    : jz	0x16                   
22794000: system.cpu: T0 : 0x4536b0 @__tunable_get_val+96    : ret	                      
22796000: system.cpu: T0 : 0x4733d2 @__lll_elision_init+130    : mov	eax, DS:[rip + 0x53df8]
22796000: system.cpu: T0 : 0x4733d8 @__lll_elision_init+136    : test	eax                  
22796000: system.cpu: T0 : 0x4733da @__lll_elision_init+138    : jnz	0xa                   
22796000: system.cpu: T0 : 0x4733dc @__lll_elision_init+140    : mov	DS:[rip + 0x526b2], 0 
23024000: system.cpu: T0 : 0x4733e6 @__lll_elision_init+150    : mov	rax, SS:[t0 + rsp + 0x8]
23024000: system.cpu: T0 : 0x4733eb @__lll_elision_init+155    : sub	rax, FS:[t0 + t0 + 0x28]
23024000: system.cpu: T0 : 0x4733f4 @__lll_elision_init+164    : jnz	0x6                   
23024000: system.cpu: T0 : 0x4733f6 @__lll_elision_init+166    : add	rsp, 0x10             
23025000: system.cpu: T0 : 0x4733fa @__lll_elision_init+170    : pop	rbp                   
23025000: system.cpu: T0 : 0x4733fb @__lll_elision_init+171    : ret	                      
23027000: system.cpu: T0 : 0x403260 @__libc_start_main+2416    : mov	rdx, DS:[rip + 0xc7fd9]
23027000: system.cpu: T0 : 0x403267 @__libc_start_main+2423    : mov	r13                   
23027000: system.cpu: T0 : 0x40326a @__libc_start_main+2426    : mov	r12d                  
23027000: system.cpu: T0 : 0x40326d @__libc_start_main+2429    : call	0x5253e              
23030000: system.cpu: T0 : 0x4557b0 @__libc_init_first    : hint	                     
23030000: system.cpu: T0 : 0x4557b4 @__libc_init_first+4    : push	r13                  
23030000: system.cpu: T0 : 0x4557b6 @__libc_init_first+6    : mov	rdx                   
23030000: system.cpu: T0 : 0x4557b9 @__libc_init_first+9    : push	r12                  
23030000: system.cpu: T0 : 0x4557bb @__libc_init_first+11    : mov	rsi                   
23030000: system.cpu: T0 : 0x4557be @__libc_init_first+14    : push	rbp                  
23033000: system.cpu: T0 : 0x4557bf @__libc_init_first+15    : mov	edi                   
23033000: system.cpu: T0 : 0x4557c1 @__libc_init_first+17    : mov	DS:[rip + 0x75e09], edi
23033000: system.cpu: T0 : 0x4557c7 @__libc_init_first+23    : mov	DS:[rip + 0x75dfa], rsi
23033000: system.cpu: T0 : 0x4557ce @__libc_init_first+30    : mov	DS:[rip + 0x75a6b], rdx
23033000: system.cpu: T0 : 0x4557d5 @__libc_init_first+37    : call	0xffffffffffffe616   
23039000: system.cpu: T0 : 0x453df0 @_dl_non_dynamic_init    : hint	                     
23039000: system.cpu: T0 : 0x453df4 @_dl_non_dynamic_init+4    : push	r15                  
23039000: system.cpu: T0 : 0x453df6 @_dl_non_dynamic_init+6    : push	r14                  
23039000: system.cpu: T0 : 0x453df8 @_dl_non_dynamic_init+8    : push	r13                  
23039000: system.cpu: T0 : 0x453dfa @_dl_non_dynamic_init+10    : push	r12                  
23040000: system.cpu: T0 : 0x453dfc @_dl_non_dynamic_init+12    : push	rbp                  
23040000: system.cpu: T0 : 0x453dfd @_dl_non_dynamic_init+13    : push	rbx                  
23042000: system.cpu: T0 : 0x453dfe @_dl_non_dynamic_init+14    : sub	rsp, 0x68             
23042000: system.cpu: T0 : 0x453e02 @_dl_non_dynamic_init+18    : call	0x2caa9              
23168000: system.cpu: T0 : 0x4808b0 @_dl_get_origin    : hint	                     
23168000: system.cpu: T0 : 0x4808b4 @_dl_get_origin+4    : push	r13                  
23168000: system.cpu: T0 : 0x4808b6 @_dl_get_origin+6    : push	r12                  
23168000: system.cpu: T0 : 0x4808b8 @_dl_get_origin+8    : push	rbp                  
23168000: system.cpu: T0 : 0x4808b9 @_dl_get_origin+9    : push	rbx                  
23264000: system.cpu: T0 : 0x4808ba @_dl_get_origin+10    : sub	rsp, 0x1000           
23264000: system.cpu: T0 : 0x4808c1 @_dl_get_origin+17    : or	SS:[t0 + rsp], 0       
23752000: system.cpu: T0 : 0x4808c6 @_dl_get_origin+22    : sub	rsp, 0x8              
23752000: system.cpu: T0 : 0x4808ca @_dl_get_origin+26    : mov	edx, 0x1000           
23752000: system.cpu: T0 : 0x4808cf @_dl_get_origin+31    : lea	rdi, DS:[rip + 0x2d362]
23753000: system.cpu: T0 : 0x4808d6 @_dl_get_origin+38    : mov	eax, 0x59             
23753000: system.cpu: T0 : 0x4808db @_dl_get_origin+43    : mov	rsp                   
23753000: system.cpu: T0 : 0x4808de @_dl_get_origin+46    : mov	rbp                   
23753000: system.cpu: T0 : 0x4808e1 @_dl_get_origin+49    :   syscall                  : IntAlu : 
23937000: system.cpu: T0 : 0x4808e3 @_dl_get_origin+51    : cmp	eax, 0xfffffffffffff000
23937000: system.cpu: T0 : 0x4808e8 @_dl_get_origin+56    : jnbe	0x5e                 
23937000: system.cpu: T0 : 0x4808ea @_dl_get_origin+58    : test	eax                  
23937000: system.cpu: T0 : 0x4808ec @_dl_get_origin+60    : jle	0x5a                  
23938000: system.cpu: T0 : 0x4808ee @_dl_get_origin+62    : movzx	rdx, SS:[t0 + rsp]  
23938000: system.cpu: T0 : 0x4808f2 @_dl_get_origin+66    : cmp	dl, 0x5b              
23938000: system.cpu: T0 : 0x4808f5 @_dl_get_origin+69    : jz	0x51                   
23939000: system.cpu: T0 : 0x4808f7 @_dl_get_origin+71    : cmp	dl, 0x2f              
23939000: system.cpu: T0 : 0x4808fa @_dl_get_origin+74    : jnz	0xe6                  
23941000: system.cpu: T0 : 0x480900 @_dl_get_origin+80    : mov	eax                   
23941000: system.cpu: T0 : 0x480902 @_dl_get_origin+82    : cdqe	rax                  
23941000: system.cpu: T0 : 0x480904 @_dl_get_origin+84    : add	rbp                   
23941000: system.cpu: T0 : 0x480907 @_dl_get_origin+87    : jmp	0x19                  
23942000: system.cpu: T0 : 0x480922 @_dl_get_origin+114    : cmp	ecx, 0x1              
23942000: system.cpu: T0 : 0x480925 @_dl_get_origin+117    : jnz	0xffffffffffffffe9    
23974000: system.cpu: T0 : 0x480910 @_dl_get_origin+96    : sub	rax, 0x1              
23974000: system.cpu: T0 : 0x480914 @_dl_get_origin+100    : lea	ebx, DS:[rcx + 0xffffffffffffffff]
23974000: system.cpu: T0 : 0x480917 @_dl_get_origin+103    : cmp	DS:[rax], 0x2f        
23974000: system.cpu: T0 : 0x48091a @_dl_get_origin+106    : jz	0xa0                   
23975000: system.cpu: T0 : 0x480920 @_dl_get_origin+112    : mov	ebx                   
23975000: system.cpu: T0 : 0x480922 @_dl_get_origin+114    : cmp	ecx, 0x1              
23975000: system.cpu: T0 : 0x480925 @_dl_get_origin+117    : jnz	0xffffffffffffffe9    
23976000: system.cpu: T0 : 0x480910 @_dl_get_origin+96    : sub	rax, 0x1              
23976000: system.cpu: T0 : 0x480914 @_dl_get_origin+100    : lea	ebx, DS:[rcx + 0xffffffffffffffff]
23976000: system.cpu: T0 : 0x480917 @_dl_get_origin+103    : cmp	DS:[rax], 0x2f        
23976000: system.cpu: T0 : 0x48091a @_dl_get_origin+106    : jz	0xa0                   
23977000: system.cpu: T0 : 0x480920 @_dl_get_origin+112    : mov	ebx                   
23977000: system.cpu: T0 : 0x480922 @_dl_get_origin+114    : cmp	ecx, 0x1              
23977000: system.cpu: T0 : 0x480925 @_dl_get_origin+117    : jnz	0xffffffffffffffe9    
23978000: system.cpu: T0 : 0x480910 @_dl_get_origin+96    : sub	rax, 0x1              
23978000: system.cpu: T0 : 0x480914 @_dl_get_origin+100    : lea	ebx, DS:[rcx + 0xffffffffffffffff]
23978000: system.cpu: T0 : 0x480917 @_dl_get_origin+103    : cmp	DS:[rax], 0x2f        
23978000: system.cpu: T0 : 0x48091a @_dl_get_origin+106    : jz	0xa0                   
23979000: system.cpu: T0 : 0x480920 @_dl_get_origin+112    : mov	ebx                   
23979000: system.cpu: T0 : 0x480922 @_dl_get_origin+114    : cmp	ecx, 0x1              
23979000: system.cpu: T0 : 0x480925 @_dl_get_origin+117    : jnz	0xffffffffffffffe9    
23980000: system.cpu: T0 : 0x480910 @_dl_get_origin+96    : sub	rax, 0x1              
23980000: system.cpu: T0 : 0x480914 @_dl_get_origin+100    : lea	ebx, DS:[rcx + 0xffffffffffffffff]
23980000: system.cpu: T0 : 0x480917 @_dl_get_origin+103    : cmp	DS:[rax], 0x2f        
23980000: system.cpu: T0 : 0x48091a @_dl_get_origin+106    : jz	0xa0                   
23981000: system.cpu: T0 : 0x480920 @_dl_get_origin+112    : mov	ebx                   
23981000: system.cpu: T0 : 0x480922 @_dl_get_origin+114    : cmp	ecx, 0x1              
23981000: system.cpu: T0 : 0x480925 @_dl_get_origin+117    : jnz	0xffffffffffffffe9    
23982000: system.cpu: T0 : 0x480910 @_dl_get_origin+96    : sub	rax, 0x1              
23982000: system.cpu: T0 : 0x480914 @_dl_get_origin+100    : lea	ebx, DS:[rcx + 0xffffffffffffffff]
23982000: system.cpu: T0 : 0x480917 @_dl_get_origin+103    : cmp	DS:[rax], 0x2f        
23982000: system.cpu: T0 : 0x48091a @_dl_get_origin+106    : jz	0xa0                   
23983000: system.cpu: T0 : 0x480920 @_dl_get_origin+112    : mov	ebx                   
23983000: system.cpu: T0 : 0x480922 @_dl_get_origin+114    : cmp	ecx, 0x1              
23983000: system.cpu: T0 : 0x480925 @_dl_get_origin+117    : jnz	0xffffffffffffffe9    
23984000: system.cpu: T0 : 0x480910 @_dl_get_origin+96    : sub	rax, 0x1              
23984000: system.cpu: T0 : 0x480914 @_dl_get_origin+100    : lea	ebx, DS:[rcx + 0xffffffffffffffff]
23984000: system.cpu: T0 : 0x480917 @_dl_get_origin+103    : cmp	DS:[rax], 0x2f        
23984000: system.cpu: T0 : 0x48091a @_dl_get_origin+106    : jz	0xa0                   
23985000: system.cpu: T0 : 0x480920 @_dl_get_origin+112    : mov	ebx                   
23985000: system.cpu: T0 : 0x480922 @_dl_get_origin+114    : cmp	ecx, 0x1              
23985000: system.cpu: T0 : 0x480925 @_dl_get_origin+117    : jnz	0xffffffffffffffe9    
23986000: system.cpu: T0 : 0x480910 @_dl_get_origin+96    : sub	rax, 0x1              
23986000: system.cpu: T0 : 0x480914 @_dl_get_origin+100    : lea	ebx, DS:[rcx + 0xffffffffffffffff]
23986000: system.cpu: T0 : 0x480917 @_dl_get_origin+103    : cmp	DS:[rax], 0x2f        
23986000: system.cpu: T0 : 0x48091a @_dl_get_origin+106    : jz	0xa0                   
23987000: system.cpu: T0 : 0x480920 @_dl_get_origin+112    : mov	ebx                   
23987000: system.cpu: T0 : 0x480922 @_dl_get_origin+114    : cmp	ecx, 0x1              
23987000: system.cpu: T0 : 0x480925 @_dl_get_origin+117    : jnz	0xffffffffffffffe9    
24004000: system.cpu: T0 : 0x480910 @_dl_get_origin+96    : sub	rax, 0x1              
24004000: system.cpu: T0 : 0x480914 @_dl_get_origin+100    : lea	ebx, DS:[rcx + 0xffffffffffffffff]
24004000: system.cpu: T0 : 0x480917 @_dl_get_origin+103    : cmp	DS:[rax], 0x2f        
24004000: system.cpu: T0 : 0x48091a @_dl_get_origin+106    : jz	0xa0                   
24005000: system.cpu: T0 : 0x480920 @_dl_get_origin+112    : mov	ebx                   
24005000: system.cpu: T0 : 0x480922 @_dl_get_origin+114    : cmp	ecx, 0x1              
24005000: system.cpu: T0 : 0x480925 @_dl_get_origin+117    : jnz	0xffffffffffffffe9    
24006000: system.cpu: T0 : 0x480910 @_dl_get_origin+96    : sub	rax, 0x1              
24006000: system.cpu: T0 : 0x480914 @_dl_get_origin+100    : lea	ebx, DS:[rcx + 0xffffffffffffffff]
24006000: system.cpu: T0 : 0x480917 @_dl_get_origin+103    : cmp	DS:[rax], 0x2f        
24006000: system.cpu: T0 : 0x48091a @_dl_get_origin+106    : jz	0xa0                   
24007000: system.cpu: T0 : 0x480920 @_dl_get_origin+112    : mov	ebx                   
24007000: system.cpu: T0 : 0x480922 @_dl_get_origin+114    : cmp	ecx, 0x1              
24007000: system.cpu: T0 : 0x480925 @_dl_get_origin+117    : jnz	0xffffffffffffffe9    
24008000: system.cpu: T0 : 0x480910 @_dl_get_origin+96    : sub	rax, 0x1              
24008000: system.cpu: T0 : 0x480914 @_dl_get_origin+100    : lea	ebx, DS:[rcx + 0xffffffffffffffff]
24008000: system.cpu: T0 : 0x480917 @_dl_get_origin+103    : cmp	DS:[rax], 0x2f        
24008000: system.cpu: T0 : 0x48091a @_dl_get_origin+106    : jz	0xa0                   
24009000: system.cpu: T0 : 0x480920 @_dl_get_origin+112    : mov	ebx                   
24012000: system.cpu: T0 : 0x480922 @_dl_get_origin+114    : cmp	ecx, 0x1              
24012000: system.cpu: T0 : 0x480925 @_dl_get_origin+117    : jnz	0xffffffffffffffe9    
24013000: system.cpu: T0 : 0x480910 @_dl_get_origin+96    : sub	rax, 0x1              
24013000: system.cpu: T0 : 0x480914 @_dl_get_origin+100    : lea	ebx, DS:[rcx + 0xffffffffffffffff]
24013000: system.cpu: T0 : 0x480917 @_dl_get_origin+103    : cmp	DS:[rax], 0x2f        
24013000: system.cpu: T0 : 0x48091a @_dl_get_origin+106    : jz	0xa0                   
24014000: system.cpu: T0 : 0x480920 @_dl_get_origin+112    : mov	ebx                   
24014000: system.cpu: T0 : 0x480922 @_dl_get_origin+114    : cmp	ecx, 0x1              
24014000: system.cpu: T0 : 0x480925 @_dl_get_origin+117    : jnz	0xffffffffffffffe9    
24015000: system.cpu: T0 : 0x480910 @_dl_get_origin+96    : sub	rax, 0x1              
24015000: system.cpu: T0 : 0x480914 @_dl_get_origin+100    : lea	ebx, DS:[rcx + 0xffffffffffffffff]
24015000: system.cpu: T0 : 0x480917 @_dl_get_origin+103    : cmp	DS:[rax], 0x2f        
24015000: system.cpu: T0 : 0x48091a @_dl_get_origin+106    : jz	0xa0                   
24127000: system.cpu: T0 : 0x4809c0 @_dl_get_origin+272    : add	ecx, 0x1              
24127000: system.cpu: T0 : 0x4809c3 @_dl_get_origin+275    : movsxd	rdi                
24127000: system.cpu: T0 : 0x4809c6 @_dl_get_origin+278    : call	0xfffffffffff9eb35   
24132000: system.cpu: T0 : 0x41f500 @__libc_malloc    : hint	                     
24132000: system.cpu: T0 : 0x41f504 @__libc_malloc+4    : push	r12                  
24132000: system.cpu: T0 : 0x41f506 @__libc_malloc+6    : push	rbp                  
24132000: system.cpu: T0 : 0x41f507 @__libc_malloc+7    : mov	rdi                   
24132000: system.cpu: T0 : 0x41f50a @__libc_malloc+10    : sub	rsp, 0x18             
24133000: system.cpu: T0 : 0x41f50e @__libc_malloc+14    : cmp	DS:[rip + 0xabceb], 0 
24133000: system.cpu: T0 : 0x41f515 @__libc_malloc+21    : jz	0x215                  
24246000: system.cpu: T0 : 0x41f730 @__libc_malloc+560    : call	0xffffffffffffd1db   
24358000: system.cpu: T0 : 0x41c910 @ptmalloc_init.part.0    : push	rbp                  
24358000: system.cpu: T0 : 0x41c911 @ptmalloc_init.part.0+1    : mov	edx, 0x1              
24358000: system.cpu: T0 : 0x41c916 @ptmalloc_init.part.0+6    : mov	esi, 0x8              
24358000: system.cpu: T0 : 0x41c91b @ptmalloc_init.part.0+11    : lea	rdi, DS:[rip + 0xae8ce]
24358000: system.cpu: T0 : 0x41c922 @ptmalloc_init.part.0+18    : push	rbx                  
24359000: system.cpu: T0 : 0x41c923 @ptmalloc_init.part.0+19    : sub	rsp, 0x28             
24359000: system.cpu: T0 : 0x41c927 @ptmalloc_init.part.0+23    : mov	rax, FS:[t0 + t0 + 0x28]
24359000: system.cpu: T0 : 0x41c930 @ptmalloc_init.part.0+32    : mov	SS:[t0 + rsp + 0x18], rax
24359000: system.cpu: T0 : 0x41c935 @ptmalloc_init.part.0+37    : xor	eax                   
24359000: system.cpu: T0 : 0x41c937 @ptmalloc_init.part.0+39    : mov	DS:[rip + 0xae8c2], 0x1
24455000: system.cpu: T0 : 0x41c93e @ptmalloc_init.part.0+46    : mov	rsp                   
24455000: system.cpu: T0 : 0x41c941 @ptmalloc_init.part.0+49    : call	0x4871a              
24567000: system.cpu: T0 : 0x465060 @getrandom    : hint	                     
24567000: system.cpu: T0 : 0x465064 @getrandom+4    : mov	eax, FS:[t0 + t0 + 0x18]
24567000: system.cpu: T0 : 0x46506c @getrandom+12    : test	eax                  
24567000: system.cpu: T0 : 0x46506e @getrandom+14    : jnz	0x10                  
24567000: system.cpu: T0 : 0x465070 @getrandom+16    : mov	eax, 0x13e            
24567000: system.cpu: T0 : 0x465075 @getrandom+21    :   syscall                  : IntAlu : 
24597000: system.cpu: T0 : 0x465077 @getrandom+23    : cmp	rax, 0xfffffffffffff000
24597000: system.cpu: T0 : 0x46507d @getrandom+29    : jnbe	0x51                 
24597000: system.cpu: T0 : 0x46507f @getrandom+31    : ret	                      
24599000: system.cpu: T0 : 0x41c946 @ptmalloc_init.part.0+54    : cmp	rax, 0x8              
24599000: system.cpu: T0 : 0x41c94a @ptmalloc_init.part.0+58    : jz	0x4d                   
24705000: system.cpu: T0 : 0x41c999 @ptmalloc_init.part.0+137    : mov	rdi, 0xffffffffffffffd0
24705000: system.cpu: T0 : 0x41c9a0 @ptmalloc_init.part.0+144    : lea	rcx, DS:[rip + 0xa7e39]
24705000: system.cpu: T0 : 0x41c9a7 @ptmalloc_init.part.0+151    : mov	FS:[rax], rcx         
24705000: system.cpu: T0 : 0x41c9ab @ptmalloc_init.part.0+155    : add	rcx, 0x60             
24705000: system.cpu: T0 : 0x41c9af @ptmalloc_init.part.0+159    : mov	rcx                   
24705000: system.cpu: T0 : 0x41c9b2 @ptmalloc_init.part.0+162    : lea	rdx, DS:[rcx + 0x7f0] 
24706000: system.cpu: T0 : 0x41c9b9 @ptmalloc_init.part.0+169    : hint	                     
24801000: system.cpu: T0 : 0x41c9c0 @ptmalloc_init.part.0+176    : movd	XMM0                 
24801000: system.cpu: T0 : 0x41c9c5 @ptmalloc_init.part.0+181    : add	rax, 0x10             
24801000: system.cpu: T0 : 0x41c9c9 @ptmalloc_init.part.0+185    : punpcklqdq	XMM0           
24801000: system.cpu: T0 : 0x41c9cd @ptmalloc_init.part.0+189    : movaps	DS:[rax], XMM0     
24801000: system.cpu: T0 : 0x41c9d0 @ptmalloc_init.part.0+192    : cmp	rax                   
24802000: system.cpu: T0 : 0x41c9d3 @ptmalloc_init.part.0+195    : jnz	0xffffffffffffffeb    
24814000: system.cpu: T0 : 0x41c9c0 @ptmalloc_init.part.0+176    : movd	XMM0                 
24814000: system.cpu: T0 : 0x41c9c5 @ptmalloc_init.part.0+181    : add	rax, 0x10             
24814000: system.cpu: T0 : 0x41c9c9 @ptmalloc_init.part.0+185    : punpcklqdq	XMM0           
24814000: system.cpu: T0 : 0x41c9cd @ptmalloc_init.part.0+189    : movaps	DS:[rax], XMM0     
24814000: system.cpu: T0 : 0x41c9d0 @ptmalloc_init.part.0+192    : cmp	rax                   
24815000: system.cpu: T0 : 0x41c9d3 @ptmalloc_init.part.0+195    : jnz	0xffffffffffffffeb    
24816000: system.cpu: T0 : 0x41c9c0 @ptmalloc_init.part.0+176    : movd	XMM0                 
24816000: system.cpu: T0 : 0x41c9c5 @ptmalloc_init.part.0+181    : add	rax, 0x10             
24816000: system.cpu: T0 : 0x41c9c9 @ptmalloc_init.part.0+185    : punpcklqdq	XMM0           
24816000: system.cpu: T0 : 0x41c9cd @ptmalloc_init.part.0+189    : movaps	DS:[rax], XMM0     
24816000: system.cpu: T0 : 0x41c9d0 @ptmalloc_init.part.0+192    : cmp	rax                   
24817000: system.cpu: T0 : 0x41c9d3 @ptmalloc_init.part.0+195    : jnz	0xffffffffffffffeb    
24818000: system.cpu: T0 : 0x41c9c0 @ptmalloc_init.part.0+176    : movd	XMM0                 
24818000: system.cpu: T0 : 0x41c9c5 @ptmalloc_init.part.0+181    : add	rax, 0x10             
24818000: system.cpu: T0 : 0x41c9c9 @ptmalloc_init.part.0+185    : punpcklqdq	XMM0           
24818000: system.cpu: T0 : 0x41c9cd @ptmalloc_init.part.0+189    : movaps	DS:[rax], XMM0     
24818000: system.cpu: T0 : 0x41c9d0 @ptmalloc_init.part.0+192    : cmp	rax                   
24819000: system.cpu: T0 : 0x41c9d3 @ptmalloc_init.part.0+195    : jnz	0xffffffffffffffeb    
24820000: system.cpu: T0 : 0x41c9c0 @ptmalloc_init.part.0+176    : movd	XMM0                 
24820000: system.cpu: T0 : 0x41c9c5 @ptmalloc_init.part.0+181    : add	rax, 0x10             
24820000: system.cpu: T0 : 0x41c9c9 @ptmalloc_init.part.0+185    : punpcklqdq	XMM0           
24820000: system.cpu: T0 : 0x41c9cd @ptmalloc_init.part.0+189    : movaps	DS:[rax], XMM0     
24820000: system.cpu: T0 : 0x41c9d0 @ptmalloc_init.part.0+192    : cmp	rax                   
24821000: system.cpu: T0 : 0x41c9d3 @ptmalloc_init.part.0+195    : jnz	0xffffffffffffffeb    
24822000: system.cpu: T0 : 0x41c9c0 @ptmalloc_init.part.0+176    : movd	XMM0                 
24822000: system.cpu: T0 : 0x41c9c5 @ptmalloc_init.part.0+181    : add	rax, 0x10             
24822000: system.cpu: T0 : 0x41c9c9 @ptmalloc_init.part.0+185    : punpcklqdq	XMM0           
24822000: system.cpu: T0 : 0x41c9cd @ptmalloc_init.part.0+189    : movaps	DS:[rax], XMM0     
24822000: system.cpu: T0 : 0x41c9d0 @ptmalloc_init.part.0+192    : cmp	rax                   
24823000: system.cpu: T0 : 0x41c9d3 @ptmalloc_init.part.0+195    : jnz	0xffffffffffffffeb    
24824000: system.cpu: T0 : 0x41c9c0 @ptmalloc_init.part.0+176    : movd	XMM0                 
24824000: system.cpu: T0 : 0x41c9c5 @ptmalloc_init.part.0+181    : add	rax, 0x10             
24824000: system.cpu: T0 : 0x41c9c9 @ptmalloc_init.part.0+185    : punpcklqdq	XMM0           
24824000: system.cpu: T0 : 0x41c9cd @ptmalloc_init.part.0+189    : movaps	DS:[rax], XMM0     
24824000: system.cpu: T0 : 0x41c9d0 @ptmalloc_init.part.0+192    : cmp	rax                   
24825000: system.cpu: T0 : 0x41c9d3 @ptmalloc_init.part.0+195    : jnz	0xffffffffffffffeb    
24826000: system.cpu: T0 : 0x41c9c0 @ptmalloc_init.part.0+176    : movd	XMM0                 
24826000: system.cpu: T0 : 0x41c9c5 @ptmalloc_init.part.0+181    : add	rax, 0x10             
24826000: system.cpu: T0 : 0x41c9c9 @ptmalloc_init.part.0+185    : punpcklqdq	XMM0           
24826000: system.cpu: T0 : 0x41c9cd @ptmalloc_init.part.0+189    : movaps	DS:[rax], XMM0     
24826000: system.cpu: T0 : 0x41c9d0 @ptmalloc_init.part.0+192    : cmp	rax                   
24827000: system.cpu: T0 : 0x41c9d3 @ptmalloc_init.part.0+195    : jnz	0xffffffffffffffeb    
24828000: system.cpu: T0 : 0x41c9c0 @ptmalloc_init.part.0+176    : movd	XMM0                 
24828000: system.cpu: T0 : 0x41c9c5 @ptmalloc_init.part.0+181    : add	rax, 0x10             
24828000: system.cpu: T0 : 0x41c9c9 @ptmalloc_init.part.0+185    : punpcklqdq	XMM0           
24828000: system.cpu: T0 : 0x41c9cd @ptmalloc_init.part.0+189    : movaps	DS:[rax], XMM0     
24828000: system.cpu: T0 : 0x41c9d0 @ptmalloc_init.part.0+192    : cmp	rax                   
24829000: system.cpu: T0 : 0x41c9d3 @ptmalloc_init.part.0+195    : jnz	0xffffffffffffffeb    
24830000: system.cpu: T0 : 0x41c9c0 @ptmalloc_init.part.0+176    : movd	XMM0                 
24830000: system.cpu: T0 : 0x41c9c5 @ptmalloc_init.part.0+181    : add	rax, 0x10             
24830000: system.cpu: T0 : 0x41c9c9 @ptmalloc_init.part.0+185    : punpcklqdq	XMM0           
24830000: system.cpu: T0 : 0x41c9cd @ptmalloc_init.part.0+189    : movaps	DS:[rax], XMM0     
24830000: system.cpu: T0 : 0x41c9d0 @ptmalloc_init.part.0+192    : cmp	rax                   
24831000: system.cpu: T0 : 0x41c9d3 @ptmalloc_init.part.0+195    : jnz	0xffffffffffffffeb    
24832000: system.cpu: T0 : 0x41c9c0 @ptmalloc_init.part.0+176    : movd	XMM0                 
24832000: system.cpu: T0 : 0x41c9c5 @ptmalloc_init.part.0+181    : add	rax, 0x10             
24832000: system.cpu: T0 : 0x41c9c9 @ptmalloc_init.part.0+185    : punpcklqdq	XMM0           
24832000: system.cpu: T0 : 0x41c9cd @ptmalloc_init.part.0+189    : movaps	DS:[rax], XMM0     
24832000: system.cpu: T0 : 0x41c9d0 @ptmalloc_init.part.0+192    : cmp	rax                   
24833000: system.cpu: T0 : 0x41c9d3 @ptmalloc_init.part.0+195    : jnz	0xffffffffffffffeb    
24834000: system.cpu: T0 : 0x41c9c0 @ptmalloc_init.part.0+176    : movd	XMM0                 
24834000: system.cpu: T0 : 0x41c9c5 @ptmalloc_init.part.0+181    : add	rax, 0x10             
24834000: system.cpu: T0 : 0x41c9c9 @ptmalloc_init.part.0+185    : punpcklqdq	XMM0           
24834000: system.cpu: T0 : 0x41c9cd @ptmalloc_init.part.0+189    : movaps	DS:[rax], XMM0     
24834000: system.cpu: T0 : 0x41c9d0 @ptmalloc_init.part.0+192    : cmp	rax                   
24835000: system.cpu: T0 : 0x41c9d3 @ptmalloc_init.part.0+195    : jnz	0xffffffffffffffeb    
24836000: system.cpu: T0 : 0x41c9c0 @ptmalloc_init.part.0+176    : movd	XMM0                 
24836000: system.cpu: T0 : 0x41c9c5 @ptmalloc_init.part.0+181    : add	rax, 0x10             
24836000: system.cpu: T0 : 0x41c9c9 @ptmalloc_init.part.0+185    : punpcklqdq	XMM0           
24836000: system.cpu: T0 : 0x41c9cd @ptmalloc_init.part.0+189    : movaps	DS:[rax], XMM0     
24836000: system.cpu: T0 : 0x41c9d0 @ptmalloc_init.part.0+192    : cmp	rax                   
24837000: system.cpu: T0 : 0x41c9d3 @ptmalloc_init.part.0+195    : jnz	0xffffffffffffffeb    
24838000: system.cpu: T0 : 0x41c9c0 @ptmalloc_init.part.0+176    : movd	XMM0                 
24838000: system.cpu: T0 : 0x41c9c5 @ptmalloc_init.part.0+181    : add	rax, 0x10             
24838000: system.cpu: T0 : 0x41c9c9 @ptmalloc_init.part.0+185    : punpcklqdq	XMM0           
24838000: system.cpu: T0 : 0x41c9cd @ptmalloc_init.part.0+189    : movaps	DS:[rax], XMM0     
24838000: system.cpu: T0 : 0x41c9d0 @ptmalloc_init.part.0+192    : cmp	rax                   
24839000: system.cpu: T0 : 0x41c9d3 @ptmalloc_init.part.0+195    : jnz	0xffffffffffffffeb    
24840000: system.cpu: T0 : 0x41c9c0 @ptmalloc_init.part.0+176    : movd	XMM0                 
24840000: system.cpu: T0 : 0x41c9c5 @ptmalloc_init.part.0+181    : add	rax, 0x10             
24840000: system.cpu: T0 : 0x41c9c9 @ptmalloc_init.part.0+185    : punpcklqdq	XMM0           
24840000: system.cpu: T0 : 0x41c9cd @ptmalloc_init.part.0+189    : movaps	DS:[rax], XMM0     
24840000: system.cpu: T0 : 0x41c9d0 @ptmalloc_init.part.0+192    : cmp	rax                   
24841000: system.cpu: T0 : 0x41c9d3 @ptmalloc_init.part.0+195    : jnz	0xffffffffffffffeb    
24842000: system.cpu: T0 : 0x41c9c0 @ptmalloc_init.part.0+176    : movd	XMM0                 
24842000: system.cpu: T0 : 0x41c9c5 @ptmalloc_init.part.0+181    : add	rax, 0x10             
24842000: system.cpu: T0 : 0x41c9c9 @ptmalloc_init.part.0+185    : punpcklqdq	XMM0           
24842000: system.cpu: T0 : 0x41c9cd @ptmalloc_init.part.0+189    : movaps	DS:[rax], XMM0     
24842000: system.cpu: T0 : 0x41c9d0 @ptmalloc_init.part.0+192    : cmp	rax                   
24843000: system.cpu: T0 : 0x41c9d3 @ptmalloc_init.part.0+195    : jnz	0xffffffffffffffeb    
24844000: system.cpu: T0 : 0x41c9c0 @ptmalloc_init.part.0+176    : movd	XMM0                 
24844000: system.cpu: T0 : 0x41c9c5 @ptmalloc_init.part.0+181    : add	rax, 0x10             
24844000: system.cpu: T0 : 0x41c9c9 @ptmalloc_init.part.0+185    : punpcklqdq	XMM0           
24844000: system.cpu: T0 : 0x41c9cd @ptmalloc_init.part.0+189    : movaps	DS:[rax], XMM0     
24844000: system.cpu: T0 : 0x41c9d0 @ptmalloc_init.part.0+192    : cmp	rax                   
24845000: system.cpu: T0 : 0x41c9d3 @ptmalloc_init.part.0+195    : jnz	0xffffffffffffffeb    
24846000: system.cpu: T0 : 0x41c9c0 @ptmalloc_init.part.0+176    : movd	XMM0                 
24846000: system.cpu: T0 : 0x41c9c5 @ptmalloc_init.part.0+181    : add	rax, 0x10             
24846000: system.cpu: T0 : 0x41c9c9 @ptmalloc_init.part.0+185    : punpcklqdq	XMM0           
24846000: system.cpu: T0 : 0x41c9cd @ptmalloc_init.part.0+189    : movaps	DS:[rax], XMM0     
24846000: system.cpu: T0 : 0x41c9d0 @ptmalloc_init.part.0+192    : cmp	rax                   
24847000: system.cpu: T0 : 0x41c9d3 @ptmalloc_init.part.0+195    : jnz	0xffffffffffffffeb    
24848000: system.cpu: T0 : 0x41c9c0 @ptmalloc_init.part.0+176    : movd	XMM0                 
24848000: system.cpu: T0 : 0x41c9c5 @ptmalloc_init.part.0+181    : add	rax, 0x10             
24848000: system.cpu: T0 : 0x41c9c9 @ptmalloc_init.part.0+185    : punpcklqdq	XMM0           
24848000: system.cpu: T0 : 0x41c9cd @ptmalloc_init.part.0+189    : movaps	DS:[rax], XMM0     
24848000: system.cpu: T0 : 0x41c9d0 @ptmalloc_init.part.0+192    : cmp	rax                   
24849000: system.cpu: T0 : 0x41c9d3 @ptmalloc_init.part.0+195    : jnz	0xffffffffffffffeb    
24850000: system.cpu: T0 : 0x41c9c0 @ptmalloc_init.part.0+176    : movd	XMM0                 
24850000: system.cpu: T0 : 0x41c9c5 @ptmalloc_init.part.0+181    : add	rax, 0x10             
24850000: system.cpu: T0 : 0x41c9c9 @ptmalloc_init.part.0+185    : punpcklqdq	XMM0           
24850000: system.cpu: T0 : 0x41c9cd @ptmalloc_init.part.0+189    : movaps	DS:[rax], XMM0     
24850000: system.cpu: T0 : 0x41c9d0 @ptmalloc_init.part.0+192    : cmp	rax                   
24851000: system.cpu: T0 : 0x41c9d3 @ptmalloc_init.part.0+195    : jnz	0xffffffffffffffeb    
24852000: system.cpu: T0 : 0x41c9c0 @ptmalloc_init.part.0+176    : movd	XMM0                 
24852000: system.cpu: T0 : 0x41c9c5 @ptmalloc_init.part.0+181    : add	rax, 0x10             
24852000: system.cpu: T0 : 0x41c9c9 @ptmalloc_init.part.0+185    : punpcklqdq	XMM0           
24852000: system.cpu: T0 : 0x41c9cd @ptmalloc_init.part.0+189    : movaps	DS:[rax], XMM0     
24852000: system.cpu: T0 : 0x41c9d0 @ptmalloc_init.part.0+192    : cmp	rax                   
24853000: system.cpu: T0 : 0x41c9d3 @ptmalloc_init.part.0+195    : jnz	0xffffffffffffffeb    
24945000: system.cpu: T0 : 0x41c9c0 @ptmalloc_init.part.0+176    : movd	XMM0                 
24945000: system.cpu: T0 : 0x41c9c5 @ptmalloc_init.part.0+181    : add	rax, 0x10             
24945000: system.cpu: T0 : 0x41c9c9 @ptmalloc_init.part.0+185    : punpcklqdq	XMM0           
24945000: system.cpu: T0 : 0x41c9cd @ptmalloc_init.part.0+189    : movaps	DS:[rax], XMM0     
24947000: system.cpu: T0 : 0x41c9d0 @ptmalloc_init.part.0+192    : cmp	rax                   
24947000: system.cpu: T0 : 0x41c9d3 @ptmalloc_init.part.0+195    : jnz	0xffffffffffffffeb    
24948000: system.cpu: T0 : 0x41c9c0 @ptmalloc_init.part.0+176    : movd	XMM0                 
24948000: system.cpu: T0 : 0x41c9c5 @ptmalloc_init.part.0+181    : add	rax, 0x10             
24948000: system.cpu: T0 : 0x41c9c9 @ptmalloc_init.part.0+185    : punpcklqdq	XMM0           
24948000: system.cpu: T0 : 0x41c9cd @ptmalloc_init.part.0+189    : movaps	DS:[rax], XMM0     
24948000: system.cpu: T0 : 0x41c9d0 @ptmalloc_init.part.0+192    : cmp	rax                   
24949000: system.cpu: T0 : 0x41c9d3 @ptmalloc_init.part.0+195    : jnz	0xffffffffffffffeb    
24950000: system.cpu: T0 : 0x41c9c0 @ptmalloc_init.part.0+176    : movd	XMM0                 
24952000: system.cpu: T0 : 0x41c9c5 @ptmalloc_init.part.0+181    : add	rax, 0x10             
24952000: system.cpu: T0 : 0x41c9c9 @ptmalloc_init.part.0+185    : punpcklqdq	XMM0           
24952000: system.cpu: T0 : 0x41c9cd @ptmalloc_init.part.0+189    : movaps	DS:[rax], XMM0     
24952000: system.cpu: T0 : 0x41c9d0 @ptmalloc_init.part.0+192    : cmp	rax                   
24952000: system.cpu: T0 : 0x41c9d3 @ptmalloc_init.part.0+195    : jnz	0xffffffffffffffeb    
24954000: system.cpu: T0 : 0x41c9c0 @ptmalloc_init.part.0+176    : movd	XMM0                 
24954000: system.cpu: T0 : 0x41c9c5 @ptmalloc_init.part.0+181    : add	rax, 0x10             
24954000: system.cpu: T0 : 0x41c9c9 @ptmalloc_init.part.0+185    : punpcklqdq	XMM0           
24954000: system.cpu: T0 : 0x41c9cd @ptmalloc_init.part.0+189    : movaps	DS:[rax], XMM0     
25049000: system.cpu: T0 : 0x41c9d0 @ptmalloc_init.part.0+192    : cmp	rax                   
25049000: system.cpu: T0 : 0x41c9d3 @ptmalloc_init.part.0+195    : jnz	0xffffffffffffffeb    
25050000: system.cpu: T0 : 0x41c9c0 @ptmalloc_init.part.0+176    : movd	XMM0                 
25050000: system.cpu: T0 : 0x41c9c5 @ptmalloc_init.part.0+181    : add	rax, 0x10             
25056000: system.cpu: T0 : 0x41c9c9 @ptmalloc_init.part.0+185    : punpcklqdq	XMM0           
25056000: system.cpu: T0 : 0x41c9cd @ptmalloc_init.part.0+189    : movaps	DS:[rax], XMM0     
25056000: system.cpu: T0 : 0x41c9d0 @ptmalloc_init.part.0+192    : cmp	rax                   
25056000: system.cpu: T0 : 0x41c9d3 @ptmalloc_init.part.0+195    : jnz	0xffffffffffffffeb    
25057000: system.cpu: T0 : 0x41c9c0 @ptmalloc_init.part.0+176    : movd	XMM0                 
25057000: system.cpu: T0 : 0x41c9c5 @ptmalloc_init.part.0+181    : add	rax, 0x10             
25057000: system.cpu: T0 : 0x41c9c9 @ptmalloc_init.part.0+185    : punpcklqdq	XMM0           
25057000: system.cpu: T0 : 0x41c9cd @ptmalloc_init.part.0+189    : movaps	DS:[rax], XMM0     
25057000: system.cpu: T0 : 0x41c9d0 @ptmalloc_init.part.0+192    : cmp	rax                   
25058000: system.cpu: T0 : 0x41c9d3 @ptmalloc_init.part.0+195    : jnz	0xffffffffffffffeb    
25059000: system.cpu: T0 : 0x41c9c0 @ptmalloc_init.part.0+176    : movd	XMM0                 
25059000: system.cpu: T0 : 0x41c9c5 @ptmalloc_init.part.0+181    : add	rax, 0x10             
25059000: system.cpu: T0 : 0x41c9c9 @ptmalloc_init.part.0+185    : punpcklqdq	XMM0           
25059000: system.cpu: T0 : 0x41c9cd @ptmalloc_init.part.0+189    : movaps	DS:[rax], XMM0     
25059000: system.cpu: T0 : 0x41c9d0 @ptmalloc_init.part.0+192    : cmp	rax                   
25060000: system.cpu: T0 : 0x41c9d3 @ptmalloc_init.part.0+195    : jnz	0xffffffffffffffeb    
25061000: system.cpu: T0 : 0x41c9c0 @ptmalloc_init.part.0+176    : movd	XMM0                 
25061000: system.cpu: T0 : 0x41c9c5 @ptmalloc_init.part.0+181    : add	rax, 0x10             
25061000: system.cpu: T0 : 0x41c9c9 @ptmalloc_init.part.0+185    : punpcklqdq	XMM0           
25061000: system.cpu: T0 : 0x41c9cd @ptmalloc_init.part.0+189    : movaps	DS:[rax], XMM0     
25061000: system.cpu: T0 : 0x41c9d0 @ptmalloc_init.part.0+192    : cmp	rax                   
25062000: system.cpu: T0 : 0x41c9d3 @ptmalloc_init.part.0+195    : jnz	0xffffffffffffffeb    
25160000: system.cpu: T0 : 0x41c9c0 @ptmalloc_init.part.0+176    : movd	XMM0                 
25160000: system.cpu: T0 : 0x41c9c5 @ptmalloc_init.part.0+181    : add	rax, 0x10             
25160000: system.cpu: T0 : 0x41c9c9 @ptmalloc_init.part.0+185    : punpcklqdq	XMM0           
25160000: system.cpu: T0 : 0x41c9cd @ptmalloc_init.part.0+189    : movaps	DS:[rax], XMM0     
25160000: system.cpu: T0 : 0x41c9d0 @ptmalloc_init.part.0+192    : cmp	rax                   
25161000: system.cpu: T0 : 0x41c9d3 @ptmalloc_init.part.0+195    : jnz	0xffffffffffffffeb    
25162000: system.cpu: T0 : 0x41c9c0 @ptmalloc_init.part.0+176    : movd	XMM0                 
25162000: system.cpu: T0 : 0x41c9c5 @ptmalloc_init.part.0+181    : add	rax, 0x10             
25166000: system.cpu: T0 : 0x41c9c9 @ptmalloc_init.part.0+185    : punpcklqdq	XMM0           
25166000: system.cpu: T0 : 0x41c9cd @ptmalloc_init.part.0+189    : movaps	DS:[rax], XMM0     
25166000: system.cpu: T0 : 0x41c9d0 @ptmalloc_init.part.0+192    : cmp	rax                   
25166000: system.cpu: T0 : 0x41c9d3 @ptmalloc_init.part.0+195    : jnz	0xffffffffffffffeb    
25167000: system.cpu: T0 : 0x41c9c0 @ptmalloc_init.part.0+176    : movd	XMM0                 
25170000: system.cpu: T0 : 0x41c9c5 @ptmalloc_init.part.0+181    : add	rax, 0x10             
25170000: system.cpu: T0 : 0x41c9c9 @ptmalloc_init.part.0+185    : punpcklqdq	XMM0           
25170000: system.cpu: T0 : 0x41c9cd @ptmalloc_init.part.0+189    : movaps	DS:[rax], XMM0     
25170000: system.cpu: T0 : 0x41c9d0 @ptmalloc_init.part.0+192    : cmp	rax                   
25170000: system.cpu: T0 : 0x41c9d3 @ptmalloc_init.part.0+195    : jnz	0xffffffffffffffeb    
25172000: system.cpu: T0 : 0x41c9c0 @ptmalloc_init.part.0+176    : movd	XMM0                 
25172000: system.cpu: T0 : 0x41c9c5 @ptmalloc_init.part.0+181    : add	rax, 0x10             
25172000: system.cpu: T0 : 0x41c9c9 @ptmalloc_init.part.0+185    : punpcklqdq	XMM0           
25172000: system.cpu: T0 : 0x41c9cd @ptmalloc_init.part.0+189    : movaps	DS:[rax], XMM0     
25267000: system.cpu: T0 : 0x41c9d0 @ptmalloc_init.part.0+192    : cmp	rax                   
25267000: system.cpu: T0 : 0x41c9d3 @ptmalloc_init.part.0+195    : jnz	0xffffffffffffffeb    
25268000: system.cpu: T0 : 0x41c9c0 @ptmalloc_init.part.0+176    : movd	XMM0                 
25268000: system.cpu: T0 : 0x41c9c5 @ptmalloc_init.part.0+181    : add	rax, 0x10             
25274000: system.cpu: T0 : 0x41c9c9 @ptmalloc_init.part.0+185    : punpcklqdq	XMM0           
25274000: system.cpu: T0 : 0x41c9cd @ptmalloc_init.part.0+189    : movaps	DS:[rax], XMM0     
25274000: system.cpu: T0 : 0x41c9d0 @ptmalloc_init.part.0+192    : cmp	rax                   
25274000: system.cpu: T0 : 0x41c9d3 @ptmalloc_init.part.0+195    : jnz	0xffffffffffffffeb    
25275000: system.cpu: T0 : 0x41c9c0 @ptmalloc_init.part.0+176    : movd	XMM0                 
25275000: system.cpu: T0 : 0x41c9c5 @ptmalloc_init.part.0+181    : add	rax, 0x10             
25275000: system.cpu: T0 : 0x41c9c9 @ptmalloc_init.part.0+185    : punpcklqdq	XMM0           
25275000: system.cpu: T0 : 0x41c9cd @ptmalloc_init.part.0+189    : movaps	DS:[rax], XMM0     
25275000: system.cpu: T0 : 0x41c9d0 @ptmalloc_init.part.0+192    : cmp	rax                   
25276000: system.cpu: T0 : 0x41c9d3 @ptmalloc_init.part.0+195    : jnz	0xffffffffffffffeb    
25277000: system.cpu: T0 : 0x41c9c0 @ptmalloc_init.part.0+176    : movd	XMM0                 
25277000: system.cpu: T0 : 0x41c9c5 @ptmalloc_init.part.0+181    : add	rax, 0x10             
25277000: system.cpu: T0 : 0x41c9c9 @ptmalloc_init.part.0+185    : punpcklqdq	XMM0           
25277000: system.cpu: T0 : 0x41c9cd @ptmalloc_init.part.0+189    : movaps	DS:[rax], XMM0     
25277000: system.cpu: T0 : 0x41c9d0 @ptmalloc_init.part.0+192    : cmp	rax                   
25278000: system.cpu: T0 : 0x41c9d3 @ptmalloc_init.part.0+195    : jnz	0xffffffffffffffeb    
25279000: system.cpu: T0 : 0x41c9c0 @ptmalloc_init.part.0+176    : movd	XMM0                 
25279000: system.cpu: T0 : 0x41c9c5 @ptmalloc_init.part.0+181    : add	rax, 0x10             
25279000: system.cpu: T0 : 0x41c9c9 @ptmalloc_init.part.0+185    : punpcklqdq	XMM0           
25279000: system.cpu: T0 : 0x41c9cd @ptmalloc_init.part.0+189    : movaps	DS:[rax], XMM0     
25279000: system.cpu: T0 : 0x41c9d0 @ptmalloc_init.part.0+192    : cmp	rax                   
25280000: system.cpu: T0 : 0x41c9d3 @ptmalloc_init.part.0+195    : jnz	0xffffffffffffffeb    
25378000: system.cpu: T0 : 0x41c9c0 @ptmalloc_init.part.0+176    : movd	XMM0                 
25378000: system.cpu: T0 : 0x41c9c5 @ptmalloc_init.part.0+181    : add	rax, 0x10             
25378000: system.cpu: T0 : 0x41c9c9 @ptmalloc_init.part.0+185    : punpcklqdq	XMM0           
25378000: system.cpu: T0 : 0x41c9cd @ptmalloc_init.part.0+189    : movaps	DS:[rax], XMM0     
25378000: system.cpu: T0 : 0x41c9d0 @ptmalloc_init.part.0+192    : cmp	rax                   
25379000: system.cpu: T0 : 0x41c9d3 @ptmalloc_init.part.0+195    : jnz	0xffffffffffffffeb    
25380000: system.cpu: T0 : 0x41c9c0 @ptmalloc_init.part.0+176    : movd	XMM0                 
25380000: system.cpu: T0 : 0x41c9c5 @ptmalloc_init.part.0+181    : add	rax, 0x10             
25384000: system.cpu: T0 : 0x41c9c9 @ptmalloc_init.part.0+185    : punpcklqdq	XMM0           
25384000: system.cpu: T0 : 0x41c9cd @ptmalloc_init.part.0+189    : movaps	DS:[rax], XMM0     
25384000: system.cpu: T0 : 0x41c9d0 @ptmalloc_init.part.0+192    : cmp	rax                   
25384000: system.cpu: T0 : 0x41c9d3 @ptmalloc_init.part.0+195    : jnz	0xffffffffffffffeb    
25385000: system.cpu: T0 : 0x41c9c0 @ptmalloc_init.part.0+176    : movd	XMM0                 
25388000: system.cpu: T0 : 0x41c9c5 @ptmalloc_init.part.0+181    : add	rax, 0x10             
25388000: system.cpu: T0 : 0x41c9c9 @ptmalloc_init.part.0+185    : punpcklqdq	XMM0           
25388000: system.cpu: T0 : 0x41c9cd @ptmalloc_init.part.0+189    : movaps	DS:[rax], XMM0     
25388000: system.cpu: T0 : 0x41c9d0 @ptmalloc_init.part.0+192    : cmp	rax                   
25388000: system.cpu: T0 : 0x41c9d3 @ptmalloc_init.part.0+195    : jnz	0xffffffffffffffeb    
25390000: system.cpu: T0 : 0x41c9c0 @ptmalloc_init.part.0+176    : movd	XMM0                 
25390000: system.cpu: T0 : 0x41c9c5 @ptmalloc_init.part.0+181    : add	rax, 0x10             
25390000: system.cpu: T0 : 0x41c9c9 @ptmalloc_init.part.0+185    : punpcklqdq	XMM0           
25390000: system.cpu: T0 : 0x41c9cd @ptmalloc_init.part.0+189    : movaps	DS:[rax], XMM0     
25485000: system.cpu: T0 : 0x41c9d0 @ptmalloc_init.part.0+192    : cmp	rax                   
25485000: system.cpu: T0 : 0x41c9d3 @ptmalloc_init.part.0+195    : jnz	0xffffffffffffffeb    
25486000: system.cpu: T0 : 0x41c9c0 @ptmalloc_init.part.0+176    : movd	XMM0                 
25486000: system.cpu: T0 : 0x41c9c5 @ptmalloc_init.part.0+181    : add	rax, 0x10             
25492000: system.cpu: T0 : 0x41c9c9 @ptmalloc_init.part.0+185    : punpcklqdq	XMM0           
25492000: system.cpu: T0 : 0x41c9cd @ptmalloc_init.part.0+189    : movaps	DS:[rax], XMM0     
25492000: system.cpu: T0 : 0x41c9d0 @ptmalloc_init.part.0+192    : cmp	rax                   
25492000: system.cpu: T0 : 0x41c9d3 @ptmalloc_init.part.0+195    : jnz	0xffffffffffffffeb    
25493000: system.cpu: T0 : 0x41c9c0 @ptmalloc_init.part.0+176    : movd	XMM0                 
25493000: system.cpu: T0 : 0x41c9c5 @ptmalloc_init.part.0+181    : add	rax, 0x10             
25493000: system.cpu: T0 : 0x41c9c9 @ptmalloc_init.part.0+185    : punpcklqdq	XMM0           
25493000: system.cpu: T0 : 0x41c9cd @ptmalloc_init.part.0+189    : movaps	DS:[rax], XMM0     
25493000: system.cpu: T0 : 0x41c9d0 @ptmalloc_init.part.0+192    : cmp	rax                   
25494000: system.cpu: T0 : 0x41c9d3 @ptmalloc_init.part.0+195    : jnz	0xffffffffffffffeb    
25495000: system.cpu: T0 : 0x41c9c0 @ptmalloc_init.part.0+176    : movd	XMM0                 
25495000: system.cpu: T0 : 0x41c9c5 @ptmalloc_init.part.0+181    : add	rax, 0x10             
25495000: system.cpu: T0 : 0x41c9c9 @ptmalloc_init.part.0+185    : punpcklqdq	XMM0           
25495000: system.cpu: T0 : 0x41c9cd @ptmalloc_init.part.0+189    : movaps	DS:[rax], XMM0     
25495000: system.cpu: T0 : 0x41c9d0 @ptmalloc_init.part.0+192    : cmp	rax                   
25496000: system.cpu: T0 : 0x41c9d3 @ptmalloc_init.part.0+195    : jnz	0xffffffffffffffeb    
25497000: system.cpu: T0 : 0x41c9c0 @ptmalloc_init.part.0+176    : movd	XMM0                 
25497000: system.cpu: T0 : 0x41c9c5 @ptmalloc_init.part.0+181    : add	rax, 0x10             
25497000: system.cpu: T0 : 0x41c9c9 @ptmalloc_init.part.0+185    : punpcklqdq	XMM0           
25497000: system.cpu: T0 : 0x41c9cd @ptmalloc_init.part.0+189    : movaps	DS:[rax], XMM0     
25497000: system.cpu: T0 : 0x41c9d0 @ptmalloc_init.part.0+192    : cmp	rax                   
25498000: system.cpu: T0 : 0x41c9d3 @ptmalloc_init.part.0+195    : jnz	0xffffffffffffffeb    
25596000: system.cpu: T0 : 0x41c9c0 @ptmalloc_init.part.0+176    : movd	XMM0                 
25596000: system.cpu: T0 : 0x41c9c5 @ptmalloc_init.part.0+181    : add	rax, 0x10             
25596000: system.cpu: T0 : 0x41c9c9 @ptmalloc_init.part.0+185    : punpcklqdq	XMM0           
25596000: system.cpu: T0 : 0x41c9cd @ptmalloc_init.part.0+189    : movaps	DS:[rax], XMM0     
25596000: system.cpu: T0 : 0x41c9d0 @ptmalloc_init.part.0+192    : cmp	rax                   
25597000: system.cpu: T0 : 0x41c9d3 @ptmalloc_init.part.0+195    : jnz	0xffffffffffffffeb    
25598000: system.cpu: T0 : 0x41c9c0 @ptmalloc_init.part.0+176    : movd	XMM0                 
25598000: system.cpu: T0 : 0x41c9c5 @ptmalloc_init.part.0+181    : add	rax, 0x10             
25602000: system.cpu: T0 : 0x41c9c9 @ptmalloc_init.part.0+185    : punpcklqdq	XMM0           
25602000: system.cpu: T0 : 0x41c9cd @ptmalloc_init.part.0+189    : movaps	DS:[rax], XMM0     
25602000: system.cpu: T0 : 0x41c9d0 @ptmalloc_init.part.0+192    : cmp	rax                   
25602000: system.cpu: T0 : 0x41c9d3 @ptmalloc_init.part.0+195    : jnz	0xffffffffffffffeb    
25603000: system.cpu: T0 : 0x41c9c0 @ptmalloc_init.part.0+176    : movd	XMM0                 
25606000: system.cpu: T0 : 0x41c9c5 @ptmalloc_init.part.0+181    : add	rax, 0x10             
25606000: system.cpu: T0 : 0x41c9c9 @ptmalloc_init.part.0+185    : punpcklqdq	XMM0           
25606000: system.cpu: T0 : 0x41c9cd @ptmalloc_init.part.0+189    : movaps	DS:[rax], XMM0     
25606000: system.cpu: T0 : 0x41c9d0 @ptmalloc_init.part.0+192    : cmp	rax                   
25606000: system.cpu: T0 : 0x41c9d3 @ptmalloc_init.part.0+195    : jnz	0xffffffffffffffeb    
25608000: system.cpu: T0 : 0x41c9c0 @ptmalloc_init.part.0+176    : movd	XMM0                 
25608000: system.cpu: T0 : 0x41c9c5 @ptmalloc_init.part.0+181    : add	rax, 0x10             
25608000: system.cpu: T0 : 0x41c9c9 @ptmalloc_init.part.0+185    : punpcklqdq	XMM0           
25608000: system.cpu: T0 : 0x41c9cd @ptmalloc_init.part.0+189    : movaps	DS:[rax], XMM0     
25703000: system.cpu: T0 : 0x41c9d0 @ptmalloc_init.part.0+192    : cmp	rax                   
25703000: system.cpu: T0 : 0x41c9d3 @ptmalloc_init.part.0+195    : jnz	0xffffffffffffffeb    
25704000: system.cpu: T0 : 0x41c9c0 @ptmalloc_init.part.0+176    : movd	XMM0                 
25704000: system.cpu: T0 : 0x41c9c5 @ptmalloc_init.part.0+181    : add	rax, 0x10             
25710000: system.cpu: T0 : 0x41c9c9 @ptmalloc_init.part.0+185    : punpcklqdq	XMM0           
25710000: system.cpu: T0 : 0x41c9cd @ptmalloc_init.part.0+189    : movaps	DS:[rax], XMM0     
25710000: system.cpu: T0 : 0x41c9d0 @ptmalloc_init.part.0+192    : cmp	rax                   
25710000: system.cpu: T0 : 0x41c9d3 @ptmalloc_init.part.0+195    : jnz	0xffffffffffffffeb    
25711000: system.cpu: T0 : 0x41c9c0 @ptmalloc_init.part.0+176    : movd	XMM0                 
25711000: system.cpu: T0 : 0x41c9c5 @ptmalloc_init.part.0+181    : add	rax, 0x10             
25711000: system.cpu: T0 : 0x41c9c9 @ptmalloc_init.part.0+185    : punpcklqdq	XMM0           
25711000: system.cpu: T0 : 0x41c9cd @ptmalloc_init.part.0+189    : movaps	DS:[rax], XMM0     
25711000: system.cpu: T0 : 0x41c9d0 @ptmalloc_init.part.0+192    : cmp	rax                   
25712000: system.cpu: T0 : 0x41c9d3 @ptmalloc_init.part.0+195    : jnz	0xffffffffffffffeb    
25713000: system.cpu: T0 : 0x41c9c0 @ptmalloc_init.part.0+176    : movd	XMM0                 
25713000: system.cpu: T0 : 0x41c9c5 @ptmalloc_init.part.0+181    : add	rax, 0x10             
25713000: system.cpu: T0 : 0x41c9c9 @ptmalloc_init.part.0+185    : punpcklqdq	XMM0           
25713000: system.cpu: T0 : 0x41c9cd @ptmalloc_init.part.0+189    : movaps	DS:[rax], XMM0     
25713000: system.cpu: T0 : 0x41c9d0 @ptmalloc_init.part.0+192    : cmp	rax                   
25714000: system.cpu: T0 : 0x41c9d3 @ptmalloc_init.part.0+195    : jnz	0xffffffffffffffeb    
25715000: system.cpu: T0 : 0x41c9c0 @ptmalloc_init.part.0+176    : movd	XMM0                 
25715000: system.cpu: T0 : 0x41c9c5 @ptmalloc_init.part.0+181    : add	rax, 0x10             
25715000: system.cpu: T0 : 0x41c9c9 @ptmalloc_init.part.0+185    : punpcklqdq	XMM0           
25715000: system.cpu: T0 : 0x41c9cd @ptmalloc_init.part.0+189    : movaps	DS:[rax], XMM0     
25715000: system.cpu: T0 : 0x41c9d0 @ptmalloc_init.part.0+192    : cmp	rax                   
25716000: system.cpu: T0 : 0x41c9d3 @ptmalloc_init.part.0+195    : jnz	0xffffffffffffffeb    
25814000: system.cpu: T0 : 0x41c9c0 @ptmalloc_init.part.0+176    : movd	XMM0                 
25814000: system.cpu: T0 : 0x41c9c5 @ptmalloc_init.part.0+181    : add	rax, 0x10             
25814000: system.cpu: T0 : 0x41c9c9 @ptmalloc_init.part.0+185    : punpcklqdq	XMM0           
25814000: system.cpu: T0 : 0x41c9cd @ptmalloc_init.part.0+189    : movaps	DS:[rax], XMM0     
25814000: system.cpu: T0 : 0x41c9d0 @ptmalloc_init.part.0+192    : cmp	rax                   
25815000: system.cpu: T0 : 0x41c9d3 @ptmalloc_init.part.0+195    : jnz	0xffffffffffffffeb    
25816000: system.cpu: T0 : 0x41c9c0 @ptmalloc_init.part.0+176    : movd	XMM0                 
25816000: system.cpu: T0 : 0x41c9c5 @ptmalloc_init.part.0+181    : add	rax, 0x10             
25820000: system.cpu: T0 : 0x41c9c9 @ptmalloc_init.part.0+185    : punpcklqdq	XMM0           
25820000: system.cpu: T0 : 0x41c9cd @ptmalloc_init.part.0+189    : movaps	DS:[rax], XMM0     
25820000: system.cpu: T0 : 0x41c9d0 @ptmalloc_init.part.0+192    : cmp	rax                   
25820000: system.cpu: T0 : 0x41c9d3 @ptmalloc_init.part.0+195    : jnz	0xffffffffffffffeb    
25821000: system.cpu: T0 : 0x41c9c0 @ptmalloc_init.part.0+176    : movd	XMM0                 
25824000: system.cpu: T0 : 0x41c9c5 @ptmalloc_init.part.0+181    : add	rax, 0x10             
25824000: system.cpu: T0 : 0x41c9c9 @ptmalloc_init.part.0+185    : punpcklqdq	XMM0           
25824000: system.cpu: T0 : 0x41c9cd @ptmalloc_init.part.0+189    : movaps	DS:[rax], XMM0     
25824000: system.cpu: T0 : 0x41c9d0 @ptmalloc_init.part.0+192    : cmp	rax                   
25824000: system.cpu: T0 : 0x41c9d3 @ptmalloc_init.part.0+195    : jnz	0xffffffffffffffeb    
25826000: system.cpu: T0 : 0x41c9c0 @ptmalloc_init.part.0+176    : movd	XMM0                 
25826000: system.cpu: T0 : 0x41c9c5 @ptmalloc_init.part.0+181    : add	rax, 0x10             
25826000: system.cpu: T0 : 0x41c9c9 @ptmalloc_init.part.0+185    : punpcklqdq	XMM0           
25826000: system.cpu: T0 : 0x41c9cd @ptmalloc_init.part.0+189    : movaps	DS:[rax], XMM0     
25921000: system.cpu: T0 : 0x41c9d0 @ptmalloc_init.part.0+192    : cmp	rax                   
25921000: system.cpu: T0 : 0x41c9d3 @ptmalloc_init.part.0+195    : jnz	0xffffffffffffffeb    
25922000: system.cpu: T0 : 0x41c9c0 @ptmalloc_init.part.0+176    : movd	XMM0                 
25922000: system.cpu: T0 : 0x41c9c5 @ptmalloc_init.part.0+181    : add	rax, 0x10             
25928000: system.cpu: T0 : 0x41c9c9 @ptmalloc_init.part.0+185    : punpcklqdq	XMM0           
25928000: system.cpu: T0 : 0x41c9cd @ptmalloc_init.part.0+189    : movaps	DS:[rax], XMM0     
25928000: system.cpu: T0 : 0x41c9d0 @ptmalloc_init.part.0+192    : cmp	rax                   
25928000: system.cpu: T0 : 0x41c9d3 @ptmalloc_init.part.0+195    : jnz	0xffffffffffffffeb    
25929000: system.cpu: T0 : 0x41c9c0 @ptmalloc_init.part.0+176    : movd	XMM0                 
25929000: system.cpu: T0 : 0x41c9c5 @ptmalloc_init.part.0+181    : add	rax, 0x10             
25929000: system.cpu: T0 : 0x41c9c9 @ptmalloc_init.part.0+185    : punpcklqdq	XMM0           
25929000: system.cpu: T0 : 0x41c9cd @ptmalloc_init.part.0+189    : movaps	DS:[rax], XMM0     
25929000: system.cpu: T0 : 0x41c9d0 @ptmalloc_init.part.0+192    : cmp	rax                   
25930000: system.cpu: T0 : 0x41c9d3 @ptmalloc_init.part.0+195    : jnz	0xffffffffffffffeb    
25931000: system.cpu: T0 : 0x41c9c0 @ptmalloc_init.part.0+176    : movd	XMM0                 
25931000: system.cpu: T0 : 0x41c9c5 @ptmalloc_init.part.0+181    : add	rax, 0x10             
25931000: system.cpu: T0 : 0x41c9c9 @ptmalloc_init.part.0+185    : punpcklqdq	XMM0           
25931000: system.cpu: T0 : 0x41c9cd @ptmalloc_init.part.0+189    : movaps	DS:[rax], XMM0     
25931000: system.cpu: T0 : 0x41c9d0 @ptmalloc_init.part.0+192    : cmp	rax                   
25932000: system.cpu: T0 : 0x41c9d3 @ptmalloc_init.part.0+195    : jnz	0xffffffffffffffeb    
25933000: system.cpu: T0 : 0x41c9c0 @ptmalloc_init.part.0+176    : movd	XMM0                 
25933000: system.cpu: T0 : 0x41c9c5 @ptmalloc_init.part.0+181    : add	rax, 0x10             
25933000: system.cpu: T0 : 0x41c9c9 @ptmalloc_init.part.0+185    : punpcklqdq	XMM0           
25933000: system.cpu: T0 : 0x41c9cd @ptmalloc_init.part.0+189    : movaps	DS:[rax], XMM0     
25933000: system.cpu: T0 : 0x41c9d0 @ptmalloc_init.part.0+192    : cmp	rax                   
25934000: system.cpu: T0 : 0x41c9d3 @ptmalloc_init.part.0+195    : jnz	0xffffffffffffffeb    
26032000: system.cpu: T0 : 0x41c9c0 @ptmalloc_init.part.0+176    : movd	XMM0                 
26032000: system.cpu: T0 : 0x41c9c5 @ptmalloc_init.part.0+181    : add	rax, 0x10             
26032000: system.cpu: T0 : 0x41c9c9 @ptmalloc_init.part.0+185    : punpcklqdq	XMM0           
26032000: system.cpu: T0 : 0x41c9cd @ptmalloc_init.part.0+189    : movaps	DS:[rax], XMM0     
26032000: system.cpu: T0 : 0x41c9d0 @ptmalloc_init.part.0+192    : cmp	rax                   
26033000: system.cpu: T0 : 0x41c9d3 @ptmalloc_init.part.0+195    : jnz	0xffffffffffffffeb    
26034000: system.cpu: T0 : 0x41c9c0 @ptmalloc_init.part.0+176    : movd	XMM0                 
26034000: system.cpu: T0 : 0x41c9c5 @ptmalloc_init.part.0+181    : add	rax, 0x10             
26038000: system.cpu: T0 : 0x41c9c9 @ptmalloc_init.part.0+185    : punpcklqdq	XMM0           
26038000: system.cpu: T0 : 0x41c9cd @ptmalloc_init.part.0+189    : movaps	DS:[rax], XMM0     
26038000: system.cpu: T0 : 0x41c9d0 @ptmalloc_init.part.0+192    : cmp	rax                   
26038000: system.cpu: T0 : 0x41c9d3 @ptmalloc_init.part.0+195    : jnz	0xffffffffffffffeb    
26039000: system.cpu: T0 : 0x41c9c0 @ptmalloc_init.part.0+176    : movd	XMM0                 
26042000: system.cpu: T0 : 0x41c9c5 @ptmalloc_init.part.0+181    : add	rax, 0x10             
26042000: system.cpu: T0 : 0x41c9c9 @ptmalloc_init.part.0+185    : punpcklqdq	XMM0           
26042000: system.cpu: T0 : 0x41c9cd @ptmalloc_init.part.0+189    : movaps	DS:[rax], XMM0     
26042000: system.cpu: T0 : 0x41c9d0 @ptmalloc_init.part.0+192    : cmp	rax                   
26042000: system.cpu: T0 : 0x41c9d3 @ptmalloc_init.part.0+195    : jnz	0xffffffffffffffeb    
26044000: system.cpu: T0 : 0x41c9c0 @ptmalloc_init.part.0+176    : movd	XMM0                 
26044000: system.cpu: T0 : 0x41c9c5 @ptmalloc_init.part.0+181    : add	rax, 0x10             
26044000: system.cpu: T0 : 0x41c9c9 @ptmalloc_init.part.0+185    : punpcklqdq	XMM0           
26044000: system.cpu: T0 : 0x41c9cd @ptmalloc_init.part.0+189    : movaps	DS:[rax], XMM0     
26139000: system.cpu: T0 : 0x41c9d0 @ptmalloc_init.part.0+192    : cmp	rax                   
26139000: system.cpu: T0 : 0x41c9d3 @ptmalloc_init.part.0+195    : jnz	0xffffffffffffffeb    
26140000: system.cpu: T0 : 0x41c9c0 @ptmalloc_init.part.0+176    : movd	XMM0                 
26140000: system.cpu: T0 : 0x41c9c5 @ptmalloc_init.part.0+181    : add	rax, 0x10             
26146000: system.cpu: T0 : 0x41c9c9 @ptmalloc_init.part.0+185    : punpcklqdq	XMM0           
26146000: system.cpu: T0 : 0x41c9cd @ptmalloc_init.part.0+189    : movaps	DS:[rax], XMM0     
26146000: system.cpu: T0 : 0x41c9d0 @ptmalloc_init.part.0+192    : cmp	rax                   
26146000: system.cpu: T0 : 0x41c9d3 @ptmalloc_init.part.0+195    : jnz	0xffffffffffffffeb    
26147000: system.cpu: T0 : 0x41c9c0 @ptmalloc_init.part.0+176    : movd	XMM0                 
26147000: system.cpu: T0 : 0x41c9c5 @ptmalloc_init.part.0+181    : add	rax, 0x10             
26147000: system.cpu: T0 : 0x41c9c9 @ptmalloc_init.part.0+185    : punpcklqdq	XMM0           
26147000: system.cpu: T0 : 0x41c9cd @ptmalloc_init.part.0+189    : movaps	DS:[rax], XMM0     
26147000: system.cpu: T0 : 0x41c9d0 @ptmalloc_init.part.0+192    : cmp	rax                   
26148000: system.cpu: T0 : 0x41c9d3 @ptmalloc_init.part.0+195    : jnz	0xffffffffffffffeb    
26149000: system.cpu: T0 : 0x41c9c0 @ptmalloc_init.part.0+176    : movd	XMM0                 
26149000: system.cpu: T0 : 0x41c9c5 @ptmalloc_init.part.0+181    : add	rax, 0x10             
26149000: system.cpu: T0 : 0x41c9c9 @ptmalloc_init.part.0+185    : punpcklqdq	XMM0           
26149000: system.cpu: T0 : 0x41c9cd @ptmalloc_init.part.0+189    : movaps	DS:[rax], XMM0     
26149000: system.cpu: T0 : 0x41c9d0 @ptmalloc_init.part.0+192    : cmp	rax                   
26150000: system.cpu: T0 : 0x41c9d3 @ptmalloc_init.part.0+195    : jnz	0xffffffffffffffeb    
26151000: system.cpu: T0 : 0x41c9c0 @ptmalloc_init.part.0+176    : movd	XMM0                 
26151000: system.cpu: T0 : 0x41c9c5 @ptmalloc_init.part.0+181    : add	rax, 0x10             
26151000: system.cpu: T0 : 0x41c9c9 @ptmalloc_init.part.0+185    : punpcklqdq	XMM0           
26151000: system.cpu: T0 : 0x41c9cd @ptmalloc_init.part.0+189    : movaps	DS:[rax], XMM0     
26151000: system.cpu: T0 : 0x41c9d0 @ptmalloc_init.part.0+192    : cmp	rax                   
26152000: system.cpu: T0 : 0x41c9d3 @ptmalloc_init.part.0+195    : jnz	0xffffffffffffffeb    
26250000: system.cpu: T0 : 0x41c9c0 @ptmalloc_init.part.0+176    : movd	XMM0                 
26250000: system.cpu: T0 : 0x41c9c5 @ptmalloc_init.part.0+181    : add	rax, 0x10             
26250000: system.cpu: T0 : 0x41c9c9 @ptmalloc_init.part.0+185    : punpcklqdq	XMM0           
26250000: system.cpu: T0 : 0x41c9cd @ptmalloc_init.part.0+189    : movaps	DS:[rax], XMM0     
26250000: system.cpu: T0 : 0x41c9d0 @ptmalloc_init.part.0+192    : cmp	rax                   
26251000: system.cpu: T0 : 0x41c9d3 @ptmalloc_init.part.0+195    : jnz	0xffffffffffffffeb    
26252000: system.cpu: T0 : 0x41c9c0 @ptmalloc_init.part.0+176    : movd	XMM0                 
26252000: system.cpu: T0 : 0x41c9c5 @ptmalloc_init.part.0+181    : add	rax, 0x10             
26256000: system.cpu: T0 : 0x41c9c9 @ptmalloc_init.part.0+185    : punpcklqdq	XMM0           
26256000: system.cpu: T0 : 0x41c9cd @ptmalloc_init.part.0+189    : movaps	DS:[rax], XMM0     
26256000: system.cpu: T0 : 0x41c9d0 @ptmalloc_init.part.0+192    : cmp	rax                   
26256000: system.cpu: T0 : 0x41c9d3 @ptmalloc_init.part.0+195    : jnz	0xffffffffffffffeb    
26257000: system.cpu: T0 : 0x41c9c0 @ptmalloc_init.part.0+176    : movd	XMM0                 
26260000: system.cpu: T0 : 0x41c9c5 @ptmalloc_init.part.0+181    : add	rax, 0x10             
26260000: system.cpu: T0 : 0x41c9c9 @ptmalloc_init.part.0+185    : punpcklqdq	XMM0           
26260000: system.cpu: T0 : 0x41c9cd @ptmalloc_init.part.0+189    : movaps	DS:[rax], XMM0     
26260000: system.cpu: T0 : 0x41c9d0 @ptmalloc_init.part.0+192    : cmp	rax                   
26260000: system.cpu: T0 : 0x41c9d3 @ptmalloc_init.part.0+195    : jnz	0xffffffffffffffeb    
26262000: system.cpu: T0 : 0x41c9c0 @ptmalloc_init.part.0+176    : movd	XMM0                 
26262000: system.cpu: T0 : 0x41c9c5 @ptmalloc_init.part.0+181    : add	rax, 0x10             
26262000: system.cpu: T0 : 0x41c9c9 @ptmalloc_init.part.0+185    : punpcklqdq	XMM0           
26262000: system.cpu: T0 : 0x41c9cd @ptmalloc_init.part.0+189    : movaps	DS:[rax], XMM0     
26357000: system.cpu: T0 : 0x41c9d0 @ptmalloc_init.part.0+192    : cmp	rax                   
26357000: system.cpu: T0 : 0x41c9d3 @ptmalloc_init.part.0+195    : jnz	0xffffffffffffffeb    
26358000: system.cpu: T0 : 0x41c9c0 @ptmalloc_init.part.0+176    : movd	XMM0                 
26358000: system.cpu: T0 : 0x41c9c5 @ptmalloc_init.part.0+181    : add	rax, 0x10             
26364000: system.cpu: T0 : 0x41c9c9 @ptmalloc_init.part.0+185    : punpcklqdq	XMM0           
26364000: system.cpu: T0 : 0x41c9cd @ptmalloc_init.part.0+189    : movaps	DS:[rax], XMM0     
26364000: system.cpu: T0 : 0x41c9d0 @ptmalloc_init.part.0+192    : cmp	rax                   
26364000: system.cpu: T0 : 0x41c9d3 @ptmalloc_init.part.0+195    : jnz	0xffffffffffffffeb    
26365000: system.cpu: T0 : 0x41c9c0 @ptmalloc_init.part.0+176    : movd	XMM0                 
26365000: system.cpu: T0 : 0x41c9c5 @ptmalloc_init.part.0+181    : add	rax, 0x10             
26365000: system.cpu: T0 : 0x41c9c9 @ptmalloc_init.part.0+185    : punpcklqdq	XMM0           
26365000: system.cpu: T0 : 0x41c9cd @ptmalloc_init.part.0+189    : movaps	DS:[rax], XMM0     
26365000: system.cpu: T0 : 0x41c9d0 @ptmalloc_init.part.0+192    : cmp	rax                   
26366000: system.cpu: T0 : 0x41c9d3 @ptmalloc_init.part.0+195    : jnz	0xffffffffffffffeb    
26367000: system.cpu: T0 : 0x41c9c0 @ptmalloc_init.part.0+176    : movd	XMM0                 
26367000: system.cpu: T0 : 0x41c9c5 @ptmalloc_init.part.0+181    : add	rax, 0x10             
26367000: system.cpu: T0 : 0x41c9c9 @ptmalloc_init.part.0+185    : punpcklqdq	XMM0           
26367000: system.cpu: T0 : 0x41c9cd @ptmalloc_init.part.0+189    : movaps	DS:[rax], XMM0     
26367000: system.cpu: T0 : 0x41c9d0 @ptmalloc_init.part.0+192    : cmp	rax                   
26368000: system.cpu: T0 : 0x41c9d3 @ptmalloc_init.part.0+195    : jnz	0xffffffffffffffeb    
26369000: system.cpu: T0 : 0x41c9c0 @ptmalloc_init.part.0+176    : movd	XMM0                 
26369000: system.cpu: T0 : 0x41c9c5 @ptmalloc_init.part.0+181    : add	rax, 0x10             
26369000: system.cpu: T0 : 0x41c9c9 @ptmalloc_init.part.0+185    : punpcklqdq	XMM0           
26369000: system.cpu: T0 : 0x41c9cd @ptmalloc_init.part.0+189    : movaps	DS:[rax], XMM0     
26369000: system.cpu: T0 : 0x41c9d0 @ptmalloc_init.part.0+192    : cmp	rax                   
26370000: system.cpu: T0 : 0x41c9d3 @ptmalloc_init.part.0+195    : jnz	0xffffffffffffffeb    
26468000: system.cpu: T0 : 0x41c9c0 @ptmalloc_init.part.0+176    : movd	XMM0                 
26468000: system.cpu: T0 : 0x41c9c5 @ptmalloc_init.part.0+181    : add	rax, 0x10             
26468000: system.cpu: T0 : 0x41c9c9 @ptmalloc_init.part.0+185    : punpcklqdq	XMM0           
26468000: system.cpu: T0 : 0x41c9cd @ptmalloc_init.part.0+189    : movaps	DS:[rax], XMM0     
26468000: system.cpu: T0 : 0x41c9d0 @ptmalloc_init.part.0+192    : cmp	rax                   
26469000: system.cpu: T0 : 0x41c9d3 @ptmalloc_init.part.0+195    : jnz	0xffffffffffffffeb    
26470000: system.cpu: T0 : 0x41c9c0 @ptmalloc_init.part.0+176    : movd	XMM0                 
26470000: system.cpu: T0 : 0x41c9c5 @ptmalloc_init.part.0+181    : add	rax, 0x10             
26474000: system.cpu: T0 : 0x41c9c9 @ptmalloc_init.part.0+185    : punpcklqdq	XMM0           
26474000: system.cpu: T0 : 0x41c9cd @ptmalloc_init.part.0+189    : movaps	DS:[rax], XMM0     
26474000: system.cpu: T0 : 0x41c9d0 @ptmalloc_init.part.0+192    : cmp	rax                   
26474000: system.cpu: T0 : 0x41c9d3 @ptmalloc_init.part.0+195    : jnz	0xffffffffffffffeb    
26475000: system.cpu: T0 : 0x41c9c0 @ptmalloc_init.part.0+176    : movd	XMM0                 
26478000: system.cpu: T0 : 0x41c9c5 @ptmalloc_init.part.0+181    : add	rax, 0x10             
26478000: system.cpu: T0 : 0x41c9c9 @ptmalloc_init.part.0+185    : punpcklqdq	XMM0           
26478000: system.cpu: T0 : 0x41c9cd @ptmalloc_init.part.0+189    : movaps	DS:[rax], XMM0     
26478000: system.cpu: T0 : 0x41c9d0 @ptmalloc_init.part.0+192    : cmp	rax                   
26478000: system.cpu: T0 : 0x41c9d3 @ptmalloc_init.part.0+195    : jnz	0xffffffffffffffeb    
26480000: system.cpu: T0 : 0x41c9c0 @ptmalloc_init.part.0+176    : movd	XMM0                 
26480000: system.cpu: T0 : 0x41c9c5 @ptmalloc_init.part.0+181    : add	rax, 0x10             
26480000: system.cpu: T0 : 0x41c9c9 @ptmalloc_init.part.0+185    : punpcklqdq	XMM0           
26480000: system.cpu: T0 : 0x41c9cd @ptmalloc_init.part.0+189    : movaps	DS:[rax], XMM0     
26575000: system.cpu: T0 : 0x41c9d0 @ptmalloc_init.part.0+192    : cmp	rax                   
26575000: system.cpu: T0 : 0x41c9d3 @ptmalloc_init.part.0+195    : jnz	0xffffffffffffffeb    
26576000: system.cpu: T0 : 0x41c9c0 @ptmalloc_init.part.0+176    : movd	XMM0                 
26576000: system.cpu: T0 : 0x41c9c5 @ptmalloc_init.part.0+181    : add	rax, 0x10             
26582000: system.cpu: T0 : 0x41c9c9 @ptmalloc_init.part.0+185    : punpcklqdq	XMM0           
26582000: system.cpu: T0 : 0x41c9cd @ptmalloc_init.part.0+189    : movaps	DS:[rax], XMM0     
26582000: system.cpu: T0 : 0x41c9d0 @ptmalloc_init.part.0+192    : cmp	rax                   
26582000: system.cpu: T0 : 0x41c9d3 @ptmalloc_init.part.0+195    : jnz	0xffffffffffffffeb    
26583000: system.cpu: T0 : 0x41c9c0 @ptmalloc_init.part.0+176    : movd	XMM0                 
26583000: system.cpu: T0 : 0x41c9c5 @ptmalloc_init.part.0+181    : add	rax, 0x10             
26583000: system.cpu: T0 : 0x41c9c9 @ptmalloc_init.part.0+185    : punpcklqdq	XMM0           
26583000: system.cpu: T0 : 0x41c9cd @ptmalloc_init.part.0+189    : movaps	DS:[rax], XMM0     
26583000: system.cpu: T0 : 0x41c9d0 @ptmalloc_init.part.0+192    : cmp	rax                   
26584000: system.cpu: T0 : 0x41c9d3 @ptmalloc_init.part.0+195    : jnz	0xffffffffffffffeb    
26585000: system.cpu: T0 : 0x41c9c0 @ptmalloc_init.part.0+176    : movd	XMM0                 
26585000: system.cpu: T0 : 0x41c9c5 @ptmalloc_init.part.0+181    : add	rax, 0x10             
26585000: system.cpu: T0 : 0x41c9c9 @ptmalloc_init.part.0+185    : punpcklqdq	XMM0           
26585000: system.cpu: T0 : 0x41c9cd @ptmalloc_init.part.0+189    : movaps	DS:[rax], XMM0     
26585000: system.cpu: T0 : 0x41c9d0 @ptmalloc_init.part.0+192    : cmp	rax                   
26586000: system.cpu: T0 : 0x41c9d3 @ptmalloc_init.part.0+195    : jnz	0xffffffffffffffeb    
26587000: system.cpu: T0 : 0x41c9c0 @ptmalloc_init.part.0+176    : movd	XMM0                 
26587000: system.cpu: T0 : 0x41c9c5 @ptmalloc_init.part.0+181    : add	rax, 0x10             
26587000: system.cpu: T0 : 0x41c9c9 @ptmalloc_init.part.0+185    : punpcklqdq	XMM0           
26587000: system.cpu: T0 : 0x41c9cd @ptmalloc_init.part.0+189    : movaps	DS:[rax], XMM0     
26587000: system.cpu: T0 : 0x41c9d0 @ptmalloc_init.part.0+192    : cmp	rax                   
26588000: system.cpu: T0 : 0x41c9d3 @ptmalloc_init.part.0+195    : jnz	0xffffffffffffffeb    
26700000: system.cpu: T0 : 0x41c9c0 @ptmalloc_init.part.0+176    : movd	XMM0                 
26700000: system.cpu: T0 : 0x41c9c5 @ptmalloc_init.part.0+181    : add	rax, 0x10             
26700000: system.cpu: T0 : 0x41c9c9 @ptmalloc_init.part.0+185    : punpcklqdq	XMM0           
26700000: system.cpu: T0 : 0x41c9cd @ptmalloc_init.part.0+189    : movaps	DS:[rax], XMM0     
26700000: system.cpu: T0 : 0x41c9d0 @ptmalloc_init.part.0+192    : cmp	rax                   
26701000: system.cpu: T0 : 0x41c9d3 @ptmalloc_init.part.0+195    : jnz	0xffffffffffffffeb    
26702000: system.cpu: T0 : 0x41c9c0 @ptmalloc_init.part.0+176    : movd	XMM0                 
26702000: system.cpu: T0 : 0x41c9c5 @ptmalloc_init.part.0+181    : add	rax, 0x10             
26706000: system.cpu: T0 : 0x41c9c9 @ptmalloc_init.part.0+185    : punpcklqdq	XMM0           
26706000: system.cpu: T0 : 0x41c9cd @ptmalloc_init.part.0+189    : movaps	DS:[rax], XMM0     
26706000: system.cpu: T0 : 0x41c9d0 @ptmalloc_init.part.0+192    : cmp	rax                   
26706000: system.cpu: T0 : 0x41c9d3 @ptmalloc_init.part.0+195    : jnz	0xffffffffffffffeb    
26707000: system.cpu: T0 : 0x41c9c0 @ptmalloc_init.part.0+176    : movd	XMM0                 
26710000: system.cpu: T0 : 0x41c9c5 @ptmalloc_init.part.0+181    : add	rax, 0x10             
26710000: system.cpu: T0 : 0x41c9c9 @ptmalloc_init.part.0+185    : punpcklqdq	XMM0           
26710000: system.cpu: T0 : 0x41c9cd @ptmalloc_init.part.0+189    : movaps	DS:[rax], XMM0     
26710000: system.cpu: T0 : 0x41c9d0 @ptmalloc_init.part.0+192    : cmp	rax                   
26710000: system.cpu: T0 : 0x41c9d3 @ptmalloc_init.part.0+195    : jnz	0xffffffffffffffeb    
26712000: system.cpu: T0 : 0x41c9c0 @ptmalloc_init.part.0+176    : movd	XMM0                 
26712000: system.cpu: T0 : 0x41c9c5 @ptmalloc_init.part.0+181    : add	rax, 0x10             
26712000: system.cpu: T0 : 0x41c9c9 @ptmalloc_init.part.0+185    : punpcklqdq	XMM0           
26712000: system.cpu: T0 : 0x41c9cd @ptmalloc_init.part.0+189    : movaps	DS:[rax], XMM0     
26807000: system.cpu: T0 : 0x41c9d0 @ptmalloc_init.part.0+192    : cmp	rax                   
26807000: system.cpu: T0 : 0x41c9d3 @ptmalloc_init.part.0+195    : jnz	0xffffffffffffffeb    
26808000: system.cpu: T0 : 0x41c9c0 @ptmalloc_init.part.0+176    : movd	XMM0                 
26808000: system.cpu: T0 : 0x41c9c5 @ptmalloc_init.part.0+181    : add	rax, 0x10             
26814000: system.cpu: T0 : 0x41c9c9 @ptmalloc_init.part.0+185    : punpcklqdq	XMM0           
26814000: system.cpu: T0 : 0x41c9cd @ptmalloc_init.part.0+189    : movaps	DS:[rax], XMM0     
26814000: system.cpu: T0 : 0x41c9d0 @ptmalloc_init.part.0+192    : cmp	rax                   
26814000: system.cpu: T0 : 0x41c9d3 @ptmalloc_init.part.0+195    : jnz	0xffffffffffffffeb    
26815000: system.cpu: T0 : 0x41c9c0 @ptmalloc_init.part.0+176    : movd	XMM0                 
26815000: system.cpu: T0 : 0x41c9c5 @ptmalloc_init.part.0+181    : add	rax, 0x10             
26815000: system.cpu: T0 : 0x41c9c9 @ptmalloc_init.part.0+185    : punpcklqdq	XMM0           
26815000: system.cpu: T0 : 0x41c9cd @ptmalloc_init.part.0+189    : movaps	DS:[rax], XMM0     
26815000: system.cpu: T0 : 0x41c9d0 @ptmalloc_init.part.0+192    : cmp	rax                   
26816000: system.cpu: T0 : 0x41c9d3 @ptmalloc_init.part.0+195    : jnz	0xffffffffffffffeb    
26817000: system.cpu: T0 : 0x41c9c0 @ptmalloc_init.part.0+176    : movd	XMM0                 
26817000: system.cpu: T0 : 0x41c9c5 @ptmalloc_init.part.0+181    : add	rax, 0x10             
26817000: system.cpu: T0 : 0x41c9c9 @ptmalloc_init.part.0+185    : punpcklqdq	XMM0           
26817000: system.cpu: T0 : 0x41c9cd @ptmalloc_init.part.0+189    : movaps	DS:[rax], XMM0     
26817000: system.cpu: T0 : 0x41c9d0 @ptmalloc_init.part.0+192    : cmp	rax                   
26818000: system.cpu: T0 : 0x41c9d3 @ptmalloc_init.part.0+195    : jnz	0xffffffffffffffeb    
26819000: system.cpu: T0 : 0x41c9c0 @ptmalloc_init.part.0+176    : movd	XMM0                 
26819000: system.cpu: T0 : 0x41c9c5 @ptmalloc_init.part.0+181    : add	rax, 0x10             
26819000: system.cpu: T0 : 0x41c9c9 @ptmalloc_init.part.0+185    : punpcklqdq	XMM0           
26819000: system.cpu: T0 : 0x41c9cd @ptmalloc_init.part.0+189    : movaps	DS:[rax], XMM0     
26819000: system.cpu: T0 : 0x41c9d0 @ptmalloc_init.part.0+192    : cmp	rax                   
26820000: system.cpu: T0 : 0x41c9d3 @ptmalloc_init.part.0+195    : jnz	0xffffffffffffffeb    
26918000: system.cpu: T0 : 0x41c9c0 @ptmalloc_init.part.0+176    : movd	XMM0                 
26918000: system.cpu: T0 : 0x41c9c5 @ptmalloc_init.part.0+181    : add	rax, 0x10             
26918000: system.cpu: T0 : 0x41c9c9 @ptmalloc_init.part.0+185    : punpcklqdq	XMM0           
26918000: system.cpu: T0 : 0x41c9cd @ptmalloc_init.part.0+189    : movaps	DS:[rax], XMM0     
26918000: system.cpu: T0 : 0x41c9d0 @ptmalloc_init.part.0+192    : cmp	rax                   
26919000: system.cpu: T0 : 0x41c9d3 @ptmalloc_init.part.0+195    : jnz	0xffffffffffffffeb    
26920000: system.cpu: T0 : 0x41c9c0 @ptmalloc_init.part.0+176    : movd	XMM0                 
26920000: system.cpu: T0 : 0x41c9c5 @ptmalloc_init.part.0+181    : add	rax, 0x10             
26924000: system.cpu: T0 : 0x41c9c9 @ptmalloc_init.part.0+185    : punpcklqdq	XMM0           
26924000: system.cpu: T0 : 0x41c9cd @ptmalloc_init.part.0+189    : movaps	DS:[rax], XMM0     
26924000: system.cpu: T0 : 0x41c9d0 @ptmalloc_init.part.0+192    : cmp	rax                   
26924000: system.cpu: T0 : 0x41c9d3 @ptmalloc_init.part.0+195    : jnz	0xffffffffffffffeb    
26925000: system.cpu: T0 : 0x41c9c0 @ptmalloc_init.part.0+176    : movd	XMM0                 
26928000: system.cpu: T0 : 0x41c9c5 @ptmalloc_init.part.0+181    : add	rax, 0x10             
26928000: system.cpu: T0 : 0x41c9c9 @ptmalloc_init.part.0+185    : punpcklqdq	XMM0           
26928000: system.cpu: T0 : 0x41c9cd @ptmalloc_init.part.0+189    : movaps	DS:[rax], XMM0     
26928000: system.cpu: T0 : 0x41c9d0 @ptmalloc_init.part.0+192    : cmp	rax                   
26928000: system.cpu: T0 : 0x41c9d3 @ptmalloc_init.part.0+195    : jnz	0xffffffffffffffeb    
26930000: system.cpu: T0 : 0x41c9c0 @ptmalloc_init.part.0+176    : movd	XMM0                 
26930000: system.cpu: T0 : 0x41c9c5 @ptmalloc_init.part.0+181    : add	rax, 0x10             
26930000: system.cpu: T0 : 0x41c9c9 @ptmalloc_init.part.0+185    : punpcklqdq	XMM0           
26930000: system.cpu: T0 : 0x41c9cd @ptmalloc_init.part.0+189    : movaps	DS:[rax], XMM0     
27025000: system.cpu: T0 : 0x41c9d0 @ptmalloc_init.part.0+192    : cmp	rax                   
27025000: system.cpu: T0 : 0x41c9d3 @ptmalloc_init.part.0+195    : jnz	0xffffffffffffffeb    
27026000: system.cpu: T0 : 0x41c9c0 @ptmalloc_init.part.0+176    : movd	XMM0                 
27026000: system.cpu: T0 : 0x41c9c5 @ptmalloc_init.part.0+181    : add	rax, 0x10             
27032000: system.cpu: T0 : 0x41c9c9 @ptmalloc_init.part.0+185    : punpcklqdq	XMM0           
27032000: system.cpu: T0 : 0x41c9cd @ptmalloc_init.part.0+189    : movaps	DS:[rax], XMM0     
27032000: system.cpu: T0 : 0x41c9d0 @ptmalloc_init.part.0+192    : cmp	rax                   
27032000: system.cpu: T0 : 0x41c9d3 @ptmalloc_init.part.0+195    : jnz	0xffffffffffffffeb    
27033000: system.cpu: T0 : 0x41c9c0 @ptmalloc_init.part.0+176    : movd	XMM0                 
27033000: system.cpu: T0 : 0x41c9c5 @ptmalloc_init.part.0+181    : add	rax, 0x10             
27033000: system.cpu: T0 : 0x41c9c9 @ptmalloc_init.part.0+185    : punpcklqdq	XMM0           
27033000: system.cpu: T0 : 0x41c9cd @ptmalloc_init.part.0+189    : movaps	DS:[rax], XMM0     
27033000: system.cpu: T0 : 0x41c9d0 @ptmalloc_init.part.0+192    : cmp	rax                   
27034000: system.cpu: T0 : 0x41c9d3 @ptmalloc_init.part.0+195    : jnz	0xffffffffffffffeb    
27035000: system.cpu: T0 : 0x41c9c0 @ptmalloc_init.part.0+176    : movd	XMM0                 
27035000: system.cpu: T0 : 0x41c9c5 @ptmalloc_init.part.0+181    : add	rax, 0x10             
27035000: system.cpu: T0 : 0x41c9c9 @ptmalloc_init.part.0+185    : punpcklqdq	XMM0           
27035000: system.cpu: T0 : 0x41c9cd @ptmalloc_init.part.0+189    : movaps	DS:[rax], XMM0     
27035000: system.cpu: T0 : 0x41c9d0 @ptmalloc_init.part.0+192    : cmp	rax                   
27036000: system.cpu: T0 : 0x41c9d3 @ptmalloc_init.part.0+195    : jnz	0xffffffffffffffeb    
27037000: system.cpu: T0 : 0x41c9c0 @ptmalloc_init.part.0+176    : movd	XMM0                 
27037000: system.cpu: T0 : 0x41c9c5 @ptmalloc_init.part.0+181    : add	rax, 0x10             
27037000: system.cpu: T0 : 0x41c9c9 @ptmalloc_init.part.0+185    : punpcklqdq	XMM0           
27037000: system.cpu: T0 : 0x41c9cd @ptmalloc_init.part.0+189    : movaps	DS:[rax], XMM0     
27037000: system.cpu: T0 : 0x41c9d0 @ptmalloc_init.part.0+192    : cmp	rax                   
27038000: system.cpu: T0 : 0x41c9d3 @ptmalloc_init.part.0+195    : jnz	0xffffffffffffffeb    
27136000: system.cpu: T0 : 0x41c9c0 @ptmalloc_init.part.0+176    : movd	XMM0                 
27136000: system.cpu: T0 : 0x41c9c5 @ptmalloc_init.part.0+181    : add	rax, 0x10             
27136000: system.cpu: T0 : 0x41c9c9 @ptmalloc_init.part.0+185    : punpcklqdq	XMM0           
27136000: system.cpu: T0 : 0x41c9cd @ptmalloc_init.part.0+189    : movaps	DS:[rax], XMM0     
27136000: system.cpu: T0 : 0x41c9d0 @ptmalloc_init.part.0+192    : cmp	rax                   
27137000: system.cpu: T0 : 0x41c9d3 @ptmalloc_init.part.0+195    : jnz	0xffffffffffffffeb    
27138000: system.cpu: T0 : 0x41c9c0 @ptmalloc_init.part.0+176    : movd	XMM0                 
27138000: system.cpu: T0 : 0x41c9c5 @ptmalloc_init.part.0+181    : add	rax, 0x10             
27142000: system.cpu: T0 : 0x41c9c9 @ptmalloc_init.part.0+185    : punpcklqdq	XMM0           
27142000: system.cpu: T0 : 0x41c9cd @ptmalloc_init.part.0+189    : movaps	DS:[rax], XMM0     
27142000: system.cpu: T0 : 0x41c9d0 @ptmalloc_init.part.0+192    : cmp	rax                   
27142000: system.cpu: T0 : 0x41c9d3 @ptmalloc_init.part.0+195    : jnz	0xffffffffffffffeb    
27143000: system.cpu: T0 : 0x41c9c0 @ptmalloc_init.part.0+176    : movd	XMM0                 
27146000: system.cpu: T0 : 0x41c9c5 @ptmalloc_init.part.0+181    : add	rax, 0x10             
27146000: system.cpu: T0 : 0x41c9c9 @ptmalloc_init.part.0+185    : punpcklqdq	XMM0           
27146000: system.cpu: T0 : 0x41c9cd @ptmalloc_init.part.0+189    : movaps	DS:[rax], XMM0     
27146000: system.cpu: T0 : 0x41c9d0 @ptmalloc_init.part.0+192    : cmp	rax                   
27146000: system.cpu: T0 : 0x41c9d3 @ptmalloc_init.part.0+195    : jnz	0xffffffffffffffeb    
27148000: system.cpu: T0 : 0x41c9c0 @ptmalloc_init.part.0+176    : movd	XMM0                 
27148000: system.cpu: T0 : 0x41c9c5 @ptmalloc_init.part.0+181    : add	rax, 0x10             
27148000: system.cpu: T0 : 0x41c9c9 @ptmalloc_init.part.0+185    : punpcklqdq	XMM0           
27148000: system.cpu: T0 : 0x41c9cd @ptmalloc_init.part.0+189    : movaps	DS:[rax], XMM0     
27243000: system.cpu: T0 : 0x41c9d0 @ptmalloc_init.part.0+192    : cmp	rax                   
27243000: system.cpu: T0 : 0x41c9d3 @ptmalloc_init.part.0+195    : jnz	0xffffffffffffffeb    
27244000: system.cpu: T0 : 0x41c9c0 @ptmalloc_init.part.0+176    : movd	XMM0                 
27244000: system.cpu: T0 : 0x41c9c5 @ptmalloc_init.part.0+181    : add	rax, 0x10             
27250000: system.cpu: T0 : 0x41c9c9 @ptmalloc_init.part.0+185    : punpcklqdq	XMM0           
27250000: system.cpu: T0 : 0x41c9cd @ptmalloc_init.part.0+189    : movaps	DS:[rax], XMM0     
27250000: system.cpu: T0 : 0x41c9d0 @ptmalloc_init.part.0+192    : cmp	rax                   
27250000: system.cpu: T0 : 0x41c9d3 @ptmalloc_init.part.0+195    : jnz	0xffffffffffffffeb    
27251000: system.cpu: T0 : 0x41c9c0 @ptmalloc_init.part.0+176    : movd	XMM0                 
27251000: system.cpu: T0 : 0x41c9c5 @ptmalloc_init.part.0+181    : add	rax, 0x10             
27251000: system.cpu: T0 : 0x41c9c9 @ptmalloc_init.part.0+185    : punpcklqdq	XMM0           
27251000: system.cpu: T0 : 0x41c9cd @ptmalloc_init.part.0+189    : movaps	DS:[rax], XMM0     
27251000: system.cpu: T0 : 0x41c9d0 @ptmalloc_init.part.0+192    : cmp	rax                   
27252000: system.cpu: T0 : 0x41c9d3 @ptmalloc_init.part.0+195    : jnz	0xffffffffffffffeb    
27253000: system.cpu: T0 : 0x41c9c0 @ptmalloc_init.part.0+176    : movd	XMM0                 
27253000: system.cpu: T0 : 0x41c9c5 @ptmalloc_init.part.0+181    : add	rax, 0x10             
27253000: system.cpu: T0 : 0x41c9c9 @ptmalloc_init.part.0+185    : punpcklqdq	XMM0           
27253000: system.cpu: T0 : 0x41c9cd @ptmalloc_init.part.0+189    : movaps	DS:[rax], XMM0     
27253000: system.cpu: T0 : 0x41c9d0 @ptmalloc_init.part.0+192    : cmp	rax                   
27254000: system.cpu: T0 : 0x41c9d3 @ptmalloc_init.part.0+195    : jnz	0xffffffffffffffeb    
27255000: system.cpu: T0 : 0x41c9c0 @ptmalloc_init.part.0+176    : movd	XMM0                 
27255000: system.cpu: T0 : 0x41c9c5 @ptmalloc_init.part.0+181    : add	rax, 0x10             
27255000: system.cpu: T0 : 0x41c9c9 @ptmalloc_init.part.0+185    : punpcklqdq	XMM0           
27255000: system.cpu: T0 : 0x41c9cd @ptmalloc_init.part.0+189    : movaps	DS:[rax], XMM0     
27255000: system.cpu: T0 : 0x41c9d0 @ptmalloc_init.part.0+192    : cmp	rax                   
27256000: system.cpu: T0 : 0x41c9d3 @ptmalloc_init.part.0+195    : jnz	0xffffffffffffffeb    
27354000: system.cpu: T0 : 0x41c9c0 @ptmalloc_init.part.0+176    : movd	XMM0                 
27354000: system.cpu: T0 : 0x41c9c5 @ptmalloc_init.part.0+181    : add	rax, 0x10             
27354000: system.cpu: T0 : 0x41c9c9 @ptmalloc_init.part.0+185    : punpcklqdq	XMM0           
27354000: system.cpu: T0 : 0x41c9cd @ptmalloc_init.part.0+189    : movaps	DS:[rax], XMM0     
27354000: system.cpu: T0 : 0x41c9d0 @ptmalloc_init.part.0+192    : cmp	rax                   
27355000: system.cpu: T0 : 0x41c9d3 @ptmalloc_init.part.0+195    : jnz	0xffffffffffffffeb    
27356000: system.cpu: T0 : 0x41c9c0 @ptmalloc_init.part.0+176    : movd	XMM0                 
27356000: system.cpu: T0 : 0x41c9c5 @ptmalloc_init.part.0+181    : add	rax, 0x10             
27360000: system.cpu: T0 : 0x41c9c9 @ptmalloc_init.part.0+185    : punpcklqdq	XMM0           
27360000: system.cpu: T0 : 0x41c9cd @ptmalloc_init.part.0+189    : movaps	DS:[rax], XMM0     
27360000: system.cpu: T0 : 0x41c9d0 @ptmalloc_init.part.0+192    : cmp	rax                   
27360000: system.cpu: T0 : 0x41c9d3 @ptmalloc_init.part.0+195    : jnz	0xffffffffffffffeb    
27361000: system.cpu: T0 : 0x41c9c0 @ptmalloc_init.part.0+176    : movd	XMM0                 
27364000: system.cpu: T0 : 0x41c9c5 @ptmalloc_init.part.0+181    : add	rax, 0x10             
27364000: system.cpu: T0 : 0x41c9c9 @ptmalloc_init.part.0+185    : punpcklqdq	XMM0           
27364000: system.cpu: T0 : 0x41c9cd @ptmalloc_init.part.0+189    : movaps	DS:[rax], XMM0     
27364000: system.cpu: T0 : 0x41c9d0 @ptmalloc_init.part.0+192    : cmp	rax                   
27364000: system.cpu: T0 : 0x41c9d3 @ptmalloc_init.part.0+195    : jnz	0xffffffffffffffeb    
27366000: system.cpu: T0 : 0x41c9c0 @ptmalloc_init.part.0+176    : movd	XMM0                 
27366000: system.cpu: T0 : 0x41c9c5 @ptmalloc_init.part.0+181    : add	rax, 0x10             
27366000: system.cpu: T0 : 0x41c9c9 @ptmalloc_init.part.0+185    : punpcklqdq	XMM0           
27366000: system.cpu: T0 : 0x41c9cd @ptmalloc_init.part.0+189    : movaps	DS:[rax], XMM0     
27461000: system.cpu: T0 : 0x41c9d0 @ptmalloc_init.part.0+192    : cmp	rax                   
27461000: system.cpu: T0 : 0x41c9d3 @ptmalloc_init.part.0+195    : jnz	0xffffffffffffffeb    
27462000: system.cpu: T0 : 0x41c9c0 @ptmalloc_init.part.0+176    : movd	XMM0                 
27462000: system.cpu: T0 : 0x41c9c5 @ptmalloc_init.part.0+181    : add	rax, 0x10             
27468000: system.cpu: T0 : 0x41c9c9 @ptmalloc_init.part.0+185    : punpcklqdq	XMM0           
27468000: system.cpu: T0 : 0x41c9cd @ptmalloc_init.part.0+189    : movaps	DS:[rax], XMM0     
27468000: system.cpu: T0 : 0x41c9d0 @ptmalloc_init.part.0+192    : cmp	rax                   
27468000: system.cpu: T0 : 0x41c9d3 @ptmalloc_init.part.0+195    : jnz	0xffffffffffffffeb    
27469000: system.cpu: T0 : 0x41c9c0 @ptmalloc_init.part.0+176    : movd	XMM0                 
27469000: system.cpu: T0 : 0x41c9c5 @ptmalloc_init.part.0+181    : add	rax, 0x10             
27469000: system.cpu: T0 : 0x41c9c9 @ptmalloc_init.part.0+185    : punpcklqdq	XMM0           
27469000: system.cpu: T0 : 0x41c9cd @ptmalloc_init.part.0+189    : movaps	DS:[rax], XMM0     
27469000: system.cpu: T0 : 0x41c9d0 @ptmalloc_init.part.0+192    : cmp	rax                   
27470000: system.cpu: T0 : 0x41c9d3 @ptmalloc_init.part.0+195    : jnz	0xffffffffffffffeb    
27471000: system.cpu: T0 : 0x41c9c0 @ptmalloc_init.part.0+176    : movd	XMM0                 
27471000: system.cpu: T0 : 0x41c9c5 @ptmalloc_init.part.0+181    : add	rax, 0x10             
27471000: system.cpu: T0 : 0x41c9c9 @ptmalloc_init.part.0+185    : punpcklqdq	XMM0           
27471000: system.cpu: T0 : 0x41c9cd @ptmalloc_init.part.0+189    : movaps	DS:[rax], XMM0     
27471000: system.cpu: T0 : 0x41c9d0 @ptmalloc_init.part.0+192    : cmp	rax                   
27472000: system.cpu: T0 : 0x41c9d3 @ptmalloc_init.part.0+195    : jnz	0xffffffffffffffeb    
27473000: system.cpu: T0 : 0x41c9c0 @ptmalloc_init.part.0+176    : movd	XMM0                 
27473000: system.cpu: T0 : 0x41c9c5 @ptmalloc_init.part.0+181    : add	rax, 0x10             
27473000: system.cpu: T0 : 0x41c9c9 @ptmalloc_init.part.0+185    : punpcklqdq	XMM0           
27473000: system.cpu: T0 : 0x41c9cd @ptmalloc_init.part.0+189    : movaps	DS:[rax], XMM0     
27473000: system.cpu: T0 : 0x41c9d0 @ptmalloc_init.part.0+192    : cmp	rax                   
27474000: system.cpu: T0 : 0x41c9d3 @ptmalloc_init.part.0+195    : jnz	0xffffffffffffffeb    
27572000: system.cpu: T0 : 0x41c9c0 @ptmalloc_init.part.0+176    : movd	XMM0                 
27572000: system.cpu: T0 : 0x41c9c5 @ptmalloc_init.part.0+181    : add	rax, 0x10             
27572000: system.cpu: T0 : 0x41c9c9 @ptmalloc_init.part.0+185    : punpcklqdq	XMM0           
27572000: system.cpu: T0 : 0x41c9cd @ptmalloc_init.part.0+189    : movaps	DS:[rax], XMM0     
27572000: system.cpu: T0 : 0x41c9d0 @ptmalloc_init.part.0+192    : cmp	rax                   
27573000: system.cpu: T0 : 0x41c9d3 @ptmalloc_init.part.0+195    : jnz	0xffffffffffffffeb    
27574000: system.cpu: T0 : 0x41c9c0 @ptmalloc_init.part.0+176    : movd	XMM0                 
27574000: system.cpu: T0 : 0x41c9c5 @ptmalloc_init.part.0+181    : add	rax, 0x10             
27578000: system.cpu: T0 : 0x41c9c9 @ptmalloc_init.part.0+185    : punpcklqdq	XMM0           
27578000: system.cpu: T0 : 0x41c9cd @ptmalloc_init.part.0+189    : movaps	DS:[rax], XMM0     
27578000: system.cpu: T0 : 0x41c9d0 @ptmalloc_init.part.0+192    : cmp	rax                   
27578000: system.cpu: T0 : 0x41c9d3 @ptmalloc_init.part.0+195    : jnz	0xffffffffffffffeb    
27579000: system.cpu: T0 : 0x41c9c0 @ptmalloc_init.part.0+176    : movd	XMM0                 
27582000: system.cpu: T0 : 0x41c9c5 @ptmalloc_init.part.0+181    : add	rax, 0x10             
27582000: system.cpu: T0 : 0x41c9c9 @ptmalloc_init.part.0+185    : punpcklqdq	XMM0           
27582000: system.cpu: T0 : 0x41c9cd @ptmalloc_init.part.0+189    : movaps	DS:[rax], XMM0     
27582000: system.cpu: T0 : 0x41c9d0 @ptmalloc_init.part.0+192    : cmp	rax                   
27582000: system.cpu: T0 : 0x41c9d3 @ptmalloc_init.part.0+195    : jnz	0xffffffffffffffeb    
27584000: system.cpu: T0 : 0x41c9c0 @ptmalloc_init.part.0+176    : movd	XMM0                 
27584000: system.cpu: T0 : 0x41c9c5 @ptmalloc_init.part.0+181    : add	rax, 0x10             
27584000: system.cpu: T0 : 0x41c9c9 @ptmalloc_init.part.0+185    : punpcklqdq	XMM0           
27584000: system.cpu: T0 : 0x41c9cd @ptmalloc_init.part.0+189    : movaps	DS:[rax], XMM0     
27679000: system.cpu: T0 : 0x41c9d0 @ptmalloc_init.part.0+192    : cmp	rax                   
27679000: system.cpu: T0 : 0x41c9d3 @ptmalloc_init.part.0+195    : jnz	0xffffffffffffffeb    
27680000: system.cpu: T0 : 0x41c9c0 @ptmalloc_init.part.0+176    : movd	XMM0                 
27680000: system.cpu: T0 : 0x41c9c5 @ptmalloc_init.part.0+181    : add	rax, 0x10             
27686000: system.cpu: T0 : 0x41c9c9 @ptmalloc_init.part.0+185    : punpcklqdq	XMM0           
27686000: system.cpu: T0 : 0x41c9cd @ptmalloc_init.part.0+189    : movaps	DS:[rax], XMM0     
27686000: system.cpu: T0 : 0x41c9d0 @ptmalloc_init.part.0+192    : cmp	rax                   
27686000: system.cpu: T0 : 0x41c9d3 @ptmalloc_init.part.0+195    : jnz	0xffffffffffffffeb    
27687000: system.cpu: T0 : 0x41c9c0 @ptmalloc_init.part.0+176    : movd	XMM0                 
27687000: system.cpu: T0 : 0x41c9c5 @ptmalloc_init.part.0+181    : add	rax, 0x10             
27687000: system.cpu: T0 : 0x41c9c9 @ptmalloc_init.part.0+185    : punpcklqdq	XMM0           
27687000: system.cpu: T0 : 0x41c9cd @ptmalloc_init.part.0+189    : movaps	DS:[rax], XMM0     
27687000: system.cpu: T0 : 0x41c9d0 @ptmalloc_init.part.0+192    : cmp	rax                   
27688000: system.cpu: T0 : 0x41c9d3 @ptmalloc_init.part.0+195    : jnz	0xffffffffffffffeb    
27689000: system.cpu: T0 : 0x41c9c0 @ptmalloc_init.part.0+176    : movd	XMM0                 
27689000: system.cpu: T0 : 0x41c9c5 @ptmalloc_init.part.0+181    : add	rax, 0x10             
27689000: system.cpu: T0 : 0x41c9c9 @ptmalloc_init.part.0+185    : punpcklqdq	XMM0           
27689000: system.cpu: T0 : 0x41c9cd @ptmalloc_init.part.0+189    : movaps	DS:[rax], XMM0     
27689000: system.cpu: T0 : 0x41c9d0 @ptmalloc_init.part.0+192    : cmp	rax                   
27690000: system.cpu: T0 : 0x41c9d3 @ptmalloc_init.part.0+195    : jnz	0xffffffffffffffeb    
27691000: system.cpu: T0 : 0x41c9c0 @ptmalloc_init.part.0+176    : movd	XMM0                 
27691000: system.cpu: T0 : 0x41c9c5 @ptmalloc_init.part.0+181    : add	rax, 0x10             
27691000: system.cpu: T0 : 0x41c9c9 @ptmalloc_init.part.0+185    : punpcklqdq	XMM0           
27691000: system.cpu: T0 : 0x41c9cd @ptmalloc_init.part.0+189    : movaps	DS:[rax], XMM0     
27691000: system.cpu: T0 : 0x41c9d0 @ptmalloc_init.part.0+192    : cmp	rax                   
27692000: system.cpu: T0 : 0x41c9d3 @ptmalloc_init.part.0+195    : jnz	0xffffffffffffffeb    
27790000: system.cpu: T0 : 0x41c9c0 @ptmalloc_init.part.0+176    : movd	XMM0                 
27790000: system.cpu: T0 : 0x41c9c5 @ptmalloc_init.part.0+181    : add	rax, 0x10             
27790000: system.cpu: T0 : 0x41c9c9 @ptmalloc_init.part.0+185    : punpcklqdq	XMM0           
27790000: system.cpu: T0 : 0x41c9cd @ptmalloc_init.part.0+189    : movaps	DS:[rax], XMM0     
27790000: system.cpu: T0 : 0x41c9d0 @ptmalloc_init.part.0+192    : cmp	rax                   
27791000: system.cpu: T0 : 0x41c9d3 @ptmalloc_init.part.0+195    : jnz	0xffffffffffffffeb    
27792000: system.cpu: T0 : 0x41c9c0 @ptmalloc_init.part.0+176    : movd	XMM0                 
27792000: system.cpu: T0 : 0x41c9c5 @ptmalloc_init.part.0+181    : add	rax, 0x10             
27796000: system.cpu: T0 : 0x41c9c9 @ptmalloc_init.part.0+185    : punpcklqdq	XMM0           
27796000: system.cpu: T0 : 0x41c9cd @ptmalloc_init.part.0+189    : movaps	DS:[rax], XMM0     
27796000: system.cpu: T0 : 0x41c9d0 @ptmalloc_init.part.0+192    : cmp	rax                   
27796000: system.cpu: T0 : 0x41c9d3 @ptmalloc_init.part.0+195    : jnz	0xffffffffffffffeb    
27912000: system.cpu: T0 : 0x41c9d5 @ptmalloc_init.part.0+197    : lea	rdx, DS:[rip + 0xffffffffffffe954]
27912000: system.cpu: T0 : 0x41c9dc @ptmalloc_init.part.0+204    : mov	rbp                   
27912000: system.cpu: T0 : 0x41c9df @ptmalloc_init.part.0+207    : mov	edi, 0xe              
27912000: system.cpu: T0 : 0x41c9e4 @ptmalloc_init.part.0+212    : mov	DS:[rip + 0xae829], 0x80
27912000: system.cpu: T0 : 0x41c9ef @ptmalloc_init.part.0+223    : mov	DS:[rip + 0xa7def], 0 
27913000: system.cpu: T0 : 0x41c9f9 @ptmalloc_init.part.0+233    : mov	DS:[rip + 0xa7e40], rcx
27915000: system.cpu: T0 : 0x41ca00 @ptmalloc_init.part.0+240    : call	0x36c4b              
28008000: system.cpu: T0 : 0x453650 @__tunable_get_val    : hint	                     
28008000: system.cpu: T0 : 0x453654 @__tunable_get_val+4    : mov	edi                   
28008000: system.cpu: T0 : 0x453656 @__tunable_get_val+6    : lea	rcx, DS:[rip + 0x6f4a3]
28008000: system.cpu: T0 : 0x45365d @__tunable_get_val+13    : lea	rax, DS:[8*rdi + t0]  
28008000: system.cpu: T0 : 0x453665 @__tunable_get_val+21    : sub	rdi                   
28008000: system.cpu: T0 : 0x453668 @__tunable_get_val+24    : sal	0x4                   
28008000: system.cpu: T0 : 0x45366c @__tunable_get_val+28    : add	rcx                   
28009000: system.cpu: T0 : 0x45366f @__tunable_get_val+31    : mov	r8d, DS:[rax + 0x30]  
28009000: system.cpu: T0 : 0x453673 @__tunable_get_val+35    : mov	rax, DS:[rax + 0x48]  
28009000: system.cpu: T0 : 0x453677 @__tunable_get_val+39    : cmp	r8d, 0x2              
28009000: system.cpu: T0 : 0x45367b @__tunable_get_val+43    : jnbe	0x3b                 
28009000: system.cpu: T0 : 0x45367d @__tunable_get_val+45    : test	r8d                  
28011000: system.cpu: T0 : 0x453680 @__tunable_get_val+48    : jnz	0x36                  
28135000: system.cpu: T0 : 0x4536b8 @__tunable_get_val+104    : mov	DS:[rsi], rax         
28135000: system.cpu: T0 : 0x4536bb @__tunable_get_val+107    : jmp	0xffffffffffffffc7    
28136000: system.cpu: T0 : 0x453684 @__tunable_get_val+52    : lea	rax, DS:[8*rdi + t0]  
28136000: system.cpu: T0 : 0x45368c @__tunable_get_val+60    : sub	rdi                   
28136000: system.cpu: T0 : 0x45368f @__tunable_get_val+63    : sal	0x4                   
28136000: system.cpu: T0 : 0x453693 @__tunable_get_val+67    : cmp	DS:[rax + rcx + 0x50], 0
28136000: system.cpu: T0 : 0x453698 @__tunable_get_val+72    : jz	0x16                   
28138000: system.cpu: T0 : 0x4536b0 @__tunable_get_val+96    : ret	                      
28140000: system.cpu: T0 : 0x41ca05 @ptmalloc_init.part.0+245    : lea	rdx, DS:[rip + 0xffffffffffffe984]
28140000: system.cpu: T0 : 0x41ca0c @ptmalloc_init.part.0+252    : mov	rbp                   
28140000: system.cpu: T0 : 0x41ca0f @ptmalloc_init.part.0+255    : mov	edi, 0x3              
28140000: system.cpu: T0 : 0x41ca14 @ptmalloc_init.part.0+260    : call	0x36c37              
28143000: system.cpu: T0 : 0x453650 @__tunable_get_val    : hint	                     
28143000: system.cpu: T0 : 0x453654 @__tunable_get_val+4    : mov	edi                   
28143000: system.cpu: T0 : 0x453656 @__tunable_get_val+6    : lea	rcx, DS:[rip + 0x6f4a3]
28143000: system.cpu: T0 : 0x45365d @__tunable_get_val+13    : lea	rax, DS:[8*rdi + t0]  
28143000: system.cpu: T0 : 0x453665 @__tunable_get_val+21    : sub	rdi                   
28143000: system.cpu: T0 : 0x453668 @__tunable_get_val+24    : sal	0x4                   
28143000: system.cpu: T0 : 0x45366c @__tunable_get_val+28    : add	rcx                   
28144000: system.cpu: T0 : 0x45366f @__tunable_get_val+31    : mov	r8d, DS:[rax + 0x30]  
28144000: system.cpu: T0 : 0x453673 @__tunable_get_val+35    : mov	rax, DS:[rax + 0x48]  
28144000: system.cpu: T0 : 0x453677 @__tunable_get_val+39    : cmp	r8d, 0x2              
28153000: system.cpu: T0 : 0x45367b @__tunable_get_val+43    : jnbe	0x3b                 
28153000: system.cpu: T0 : 0x45367d @__tunable_get_val+45    : test	r8d                  
28155000: system.cpu: T0 : 0x453680 @__tunable_get_val+48    : jnz	0x36                  
28155000: system.cpu: T0 : 0x453682 @__tunable_get_val+50    : mov	DS:[rsi], eax         
28155000: system.cpu: T0 : 0x453684 @__tunable_get_val+52    : lea	rax, DS:[8*rdi + t0]  
28155000: system.cpu: T0 : 0x45368c @__tunable_get_val+60    : sub	rdi                   
28155000: system.cpu: T0 : 0x45368f @__tunable_get_val+63    : sal	0x4                   
28155000: system.cpu: T0 : 0x453693 @__tunable_get_val+67    : cmp	DS:[rax + rcx + 0x50], 0
28156000: system.cpu: T0 : 0x453698 @__tunable_get_val+72    : jz	0x16                   
28157000: system.cpu: T0 : 0x4536b0 @__tunable_get_val+96    : ret	                      
28159000: system.cpu: T0 : 0x41ca19 @ptmalloc_init.part.0+265    : lea	rdx, DS:[rip + 0xffffffffffffe930]
28159000: system.cpu: T0 : 0x41ca20 @ptmalloc_init.part.0+272    : mov	rbp                   
28159000: system.cpu: T0 : 0x41ca23 @ptmalloc_init.part.0+275    : mov	edi, 0x1b             
28159000: system.cpu: T0 : 0x41ca28 @ptmalloc_init.part.0+280    : call	0x36c23              
28162000: system.cpu: T0 : 0x453650 @__tunable_get_val    : hint	                     
28162000: system.cpu: T0 : 0x453654 @__tunable_get_val+4    : mov	edi                   
28162000: system.cpu: T0 : 0x453656 @__tunable_get_val+6    : lea	rcx, DS:[rip + 0x6f4a3]
28162000: system.cpu: T0 : 0x45365d @__tunable_get_val+13    : lea	rax, DS:[8*rdi + t0]  
28162000: system.cpu: T0 : 0x453665 @__tunable_get_val+21    : sub	rdi                   
28162000: system.cpu: T0 : 0x453668 @__tunable_get_val+24    : sal	0x4                   
28162000: system.cpu: T0 : 0x45366c @__tunable_get_val+28    : add	rcx                   
28163000: system.cpu: T0 : 0x45366f @__tunable_get_val+31    : mov	r8d, DS:[rax + 0x30]  
28163000: system.cpu: T0 : 0x453673 @__tunable_get_val+35    : mov	rax, DS:[rax + 0x48]  
28163000: system.cpu: T0 : 0x453677 @__tunable_get_val+39    : cmp	r8d, 0x2              
28163000: system.cpu: T0 : 0x45367b @__tunable_get_val+43    : jnbe	0x3b                 
28163000: system.cpu: T0 : 0x45367d @__tunable_get_val+45    : test	r8d                  
28165000: system.cpu: T0 : 0x453680 @__tunable_get_val+48    : jnz	0x36                  
28372000: system.cpu: T0 : 0x4536b8 @__tunable_get_val+104    : mov	DS:[rsi], rax         
28372000: system.cpu: T0 : 0x4536bb @__tunable_get_val+107    : jmp	0xffffffffffffffc7    
28373000: system.cpu: T0 : 0x453684 @__tunable_get_val+52    : lea	rax, DS:[8*rdi + t0]  
28373000: system.cpu: T0 : 0x45368c @__tunable_get_val+60    : sub	rdi                   
28373000: system.cpu: T0 : 0x45368f @__tunable_get_val+63    : sal	0x4                   
28373000: system.cpu: T0 : 0x453693 @__tunable_get_val+67    : cmp	DS:[rax + rcx + 0x50], 0
28373000: system.cpu: T0 : 0x453698 @__tunable_get_val+72    : jz	0x16                   
28375000: system.cpu: T0 : 0x4536b0 @__tunable_get_val+96    : ret	                      
28377000: system.cpu: T0 : 0x41ca2d @ptmalloc_init.part.0+285    : lea	rdx, DS:[rip + 0xffffffffffffe8dc]
28377000: system.cpu: T0 : 0x41ca34 @ptmalloc_init.part.0+292    : mov	rbp                   
28377000: system.cpu: T0 : 0x41ca37 @ptmalloc_init.part.0+295    : mov	edi, 0x2              
28379000: system.cpu: T0 : 0x41ca3c @ptmalloc_init.part.0+300    : call	0x36c0f              
28381000: system.cpu: T0 : 0x453650 @__tunable_get_val    : hint	                     
28381000: system.cpu: T0 : 0x453654 @__tunable_get_val+4    : mov	edi                   
28381000: system.cpu: T0 : 0x453656 @__tunable_get_val+6    : lea	rcx, DS:[rip + 0x6f4a3]
28381000: system.cpu: T0 : 0x45365d @__tunable_get_val+13    : lea	rax, DS:[8*rdi + t0]  
28381000: system.cpu: T0 : 0x453665 @__tunable_get_val+21    : sub	rdi                   
28381000: system.cpu: T0 : 0x453668 @__tunable_get_val+24    : sal	0x4                   
28381000: system.cpu: T0 : 0x45366c @__tunable_get_val+28    : add	rcx                   
28382000: system.cpu: T0 : 0x45366f @__tunable_get_val+31    : mov	r8d, DS:[rax + 0x30]  
28382000: system.cpu: T0 : 0x453673 @__tunable_get_val+35    : mov	rax, DS:[rax + 0x48]  
28382000: system.cpu: T0 : 0x453677 @__tunable_get_val+39    : cmp	r8d, 0x2              
28390000: system.cpu: T0 : 0x45367b @__tunable_get_val+43    : jnbe	0x3b                 
28390000: system.cpu: T0 : 0x45367d @__tunable_get_val+45    : test	r8d                  
28392000: system.cpu: T0 : 0x453680 @__tunable_get_val+48    : jnz	0x36                  
28504000: system.cpu: T0 : 0x4536b8 @__tunable_get_val+104    : mov	DS:[rsi], rax         
28504000: system.cpu: T0 : 0x4536bb @__tunable_get_val+107    : jmp	0xffffffffffffffc7    
28505000: system.cpu: T0 : 0x453684 @__tunable_get_val+52    : lea	rax, DS:[8*rdi + t0]  
28505000: system.cpu: T0 : 0x45368c @__tunable_get_val+60    : sub	rdi                   
28505000: system.cpu: T0 : 0x45368f @__tunable_get_val+63    : sal	0x4                   
28505000: system.cpu: T0 : 0x453693 @__tunable_get_val+67    : cmp	DS:[rax + rcx + 0x50], 0
28505000: system.cpu: T0 : 0x453698 @__tunable_get_val+72    : jz	0x16                   
28507000: system.cpu: T0 : 0x4536b0 @__tunable_get_val+96    : ret	                      
28509000: system.cpu: T0 : 0x41ca41 @ptmalloc_init.part.0+305    : lea	rdx, DS:[rip + 0xffffffffffffe928]
28509000: system.cpu: T0 : 0x41ca48 @ptmalloc_init.part.0+312    : mov	rbp                   
28509000: system.cpu: T0 : 0x41ca4b @ptmalloc_init.part.0+315    : mov	edi, 0x14             
28509000: system.cpu: T0 : 0x41ca50 @ptmalloc_init.part.0+320    : call	0x36bfb              
28512000: system.cpu: T0 : 0x453650 @__tunable_get_val    : hint	                     
28512000: system.cpu: T0 : 0x453654 @__tunable_get_val+4    : mov	edi                   
28512000: system.cpu: T0 : 0x453656 @__tunable_get_val+6    : lea	rcx, DS:[rip + 0x6f4a3]
28512000: system.cpu: T0 : 0x45365d @__tunable_get_val+13    : lea	rax, DS:[8*rdi + t0]  
28512000: system.cpu: T0 : 0x453665 @__tunable_get_val+21    : sub	rdi                   
28512000: system.cpu: T0 : 0x453668 @__tunable_get_val+24    : sal	0x4                   
28512000: system.cpu: T0 : 0x45366c @__tunable_get_val+28    : add	rcx                   
28513000: system.cpu: T0 : 0x45366f @__tunable_get_val+31    : mov	r8d, DS:[rax + 0x30]  
28513000: system.cpu: T0 : 0x453673 @__tunable_get_val+35    : mov	rax, DS:[rax + 0x48]  
28513000: system.cpu: T0 : 0x453677 @__tunable_get_val+39    : cmp	r8d, 0x2              
28522000: system.cpu: T0 : 0x45367b @__tunable_get_val+43    : jnbe	0x3b                 
28522000: system.cpu: T0 : 0x45367d @__tunable_get_val+45    : test	r8d                  
28524000: system.cpu: T0 : 0x453680 @__tunable_get_val+48    : jnz	0x36                  
28524000: system.cpu: T0 : 0x453682 @__tunable_get_val+50    : mov	DS:[rsi], eax         
28524000: system.cpu: T0 : 0x453684 @__tunable_get_val+52    : lea	rax, DS:[8*rdi + t0]  
28524000: system.cpu: T0 : 0x45368c @__tunable_get_val+60    : sub	rdi                   
28524000: system.cpu: T0 : 0x45368f @__tunable_get_val+63    : sal	0x4                   
28524000: system.cpu: T0 : 0x453693 @__tunable_get_val+67    : cmp	DS:[rax + rcx + 0x50], 0
28525000: system.cpu: T0 : 0x453698 @__tunable_get_val+72    : jz	0x16                   
28526000: system.cpu: T0 : 0x4536b0 @__tunable_get_val+96    : ret	                      
28528000: system.cpu: T0 : 0x41ca55 @ptmalloc_init.part.0+325    : lea	rdx, DS:[rip + 0xffffffffffffe634]
28528000: system.cpu: T0 : 0x41ca5c @ptmalloc_init.part.0+332    : mov	rbp                   
28528000: system.cpu: T0 : 0x41ca5f @ptmalloc_init.part.0+335    : mov	edi, 0x1a             
28528000: system.cpu: T0 : 0x41ca64 @ptmalloc_init.part.0+340    : call	0x36be7              
28531000: system.cpu: T0 : 0x453650 @__tunable_get_val    : hint	                     
28531000: system.cpu: T0 : 0x453654 @__tunable_get_val+4    : mov	edi                   
28531000: system.cpu: T0 : 0x453656 @__tunable_get_val+6    : lea	rcx, DS:[rip + 0x6f4a3]
28531000: system.cpu: T0 : 0x45365d @__tunable_get_val+13    : lea	rax, DS:[8*rdi + t0]  
28531000: system.cpu: T0 : 0x453665 @__tunable_get_val+21    : sub	rdi                   
28531000: system.cpu: T0 : 0x453668 @__tunable_get_val+24    : sal	0x4                   
28531000: system.cpu: T0 : 0x45366c @__tunable_get_val+28    : add	rcx                   
28532000: system.cpu: T0 : 0x45366f @__tunable_get_val+31    : mov	r8d, DS:[rax + 0x30]  
28532000: system.cpu: T0 : 0x453673 @__tunable_get_val+35    : mov	rax, DS:[rax + 0x48]  
28532000: system.cpu: T0 : 0x453677 @__tunable_get_val+39    : cmp	r8d, 0x2              
28532000: system.cpu: T0 : 0x45367b @__tunable_get_val+43    : jnbe	0x3b                 
28532000: system.cpu: T0 : 0x45367d @__tunable_get_val+45    : test	r8d                  
28534000: system.cpu: T0 : 0x453680 @__tunable_get_val+48    : jnz	0x36                  
28744000: system.cpu: T0 : 0x4536b8 @__tunable_get_val+104    : mov	DS:[rsi], rax         
28744000: system.cpu: T0 : 0x4536bb @__tunable_get_val+107    : jmp	0xffffffffffffffc7    
28745000: system.cpu: T0 : 0x453684 @__tunable_get_val+52    : lea	rax, DS:[8*rdi + t0]  
28745000: system.cpu: T0 : 0x45368c @__tunable_get_val+60    : sub	rdi                   
28745000: system.cpu: T0 : 0x45368f @__tunable_get_val+63    : sal	0x4                   
28745000: system.cpu: T0 : 0x453693 @__tunable_get_val+67    : cmp	DS:[rax + rcx + 0x50], 0
28745000: system.cpu: T0 : 0x453698 @__tunable_get_val+72    : jz	0x16                   
28747000: system.cpu: T0 : 0x4536b0 @__tunable_get_val+96    : ret	                      
28749000: system.cpu: T0 : 0x41ca69 @ptmalloc_init.part.0+345    : lea	rdx, DS:[rip + 0xffffffffffffe630]
28749000: system.cpu: T0 : 0x41ca70 @ptmalloc_init.part.0+352    : mov	rbp                   
28749000: system.cpu: T0 : 0x41ca73 @ptmalloc_init.part.0+355    : mov	edi, 0x1e             
28749000: system.cpu: T0 : 0x41ca78 @ptmalloc_init.part.0+360    : call	0x36bd3              
28752000: system.cpu: T0 : 0x453650 @__tunable_get_val    : hint	                     
28752000: system.cpu: T0 : 0x453654 @__tunable_get_val+4    : mov	edi                   
28752000: system.cpu: T0 : 0x453656 @__tunable_get_val+6    : lea	rcx, DS:[rip + 0x6f4a3]
28752000: system.cpu: T0 : 0x45365d @__tunable_get_val+13    : lea	rax, DS:[8*rdi + t0]  
28752000: system.cpu: T0 : 0x453665 @__tunable_get_val+21    : sub	rdi                   
28752000: system.cpu: T0 : 0x453668 @__tunable_get_val+24    : sal	0x4                   
28752000: system.cpu: T0 : 0x45366c @__tunable_get_val+28    : add	rcx                   
28753000: system.cpu: T0 : 0x45366f @__tunable_get_val+31    : mov	r8d, DS:[rax + 0x30]  
28753000: system.cpu: T0 : 0x453673 @__tunable_get_val+35    : mov	rax, DS:[rax + 0x48]  
28753000: system.cpu: T0 : 0x453677 @__tunable_get_val+39    : cmp	r8d, 0x2              
28762000: system.cpu: T0 : 0x45367b @__tunable_get_val+43    : jnbe	0x3b                 
28762000: system.cpu: T0 : 0x45367d @__tunable_get_val+45    : test	r8d                  
28764000: system.cpu: T0 : 0x453680 @__tunable_get_val+48    : jnz	0x36                  
28876000: system.cpu: T0 : 0x4536b8 @__tunable_get_val+104    : mov	DS:[rsi], rax         
28876000: system.cpu: T0 : 0x4536bb @__tunable_get_val+107    : jmp	0xffffffffffffffc7    
28877000: system.cpu: T0 : 0x453684 @__tunable_get_val+52    : lea	rax, DS:[8*rdi + t0]  
28877000: system.cpu: T0 : 0x45368c @__tunable_get_val+60    : sub	rdi                   
28877000: system.cpu: T0 : 0x45368f @__tunable_get_val+63    : sal	0x4                   
28877000: system.cpu: T0 : 0x453693 @__tunable_get_val+67    : cmp	DS:[rax + rcx + 0x50], 0
28877000: system.cpu: T0 : 0x453698 @__tunable_get_val+72    : jz	0x16                   
28879000: system.cpu: T0 : 0x4536b0 @__tunable_get_val+96    : ret	                      
28883000: system.cpu: T0 : 0x41ca7d @ptmalloc_init.part.0+365    : lea	rdx, DS:[rip + 0xffffffffffffe62c]
28883000: system.cpu: T0 : 0x41ca84 @ptmalloc_init.part.0+372    : mov	rbp                   
28883000: system.cpu: T0 : 0x41ca87 @ptmalloc_init.part.0+375    : mov	edi, 0x21             
28883000: system.cpu: T0 : 0x41ca8c @ptmalloc_init.part.0+380    : call	0x36bbf              
28886000: system.cpu: T0 : 0x453650 @__tunable_get_val    : hint	                     
28886000: system.cpu: T0 : 0x453654 @__tunable_get_val+4    : mov	edi                   
28886000: system.cpu: T0 : 0x453656 @__tunable_get_val+6    : lea	rcx, DS:[rip + 0x6f4a3]
28886000: system.cpu: T0 : 0x45365d @__tunable_get_val+13    : lea	rax, DS:[8*rdi + t0]  
28886000: system.cpu: T0 : 0x453665 @__tunable_get_val+21    : sub	rdi                   
28886000: system.cpu: T0 : 0x453668 @__tunable_get_val+24    : sal	0x4                   
28886000: system.cpu: T0 : 0x45366c @__tunable_get_val+28    : add	rcx                   
28887000: system.cpu: T0 : 0x45366f @__tunable_get_val+31    : mov	r8d, DS:[rax + 0x30]  
28887000: system.cpu: T0 : 0x453673 @__tunable_get_val+35    : mov	rax, DS:[rax + 0x48]  
28887000: system.cpu: T0 : 0x453677 @__tunable_get_val+39    : cmp	r8d, 0x2              
28894000: system.cpu: T0 : 0x45367b @__tunable_get_val+43    : jnbe	0x3b                 
28894000: system.cpu: T0 : 0x45367d @__tunable_get_val+45    : test	r8d                  
28896000: system.cpu: T0 : 0x453680 @__tunable_get_val+48    : jnz	0x36                  
29008000: system.cpu: T0 : 0x4536b8 @__tunable_get_val+104    : mov	DS:[rsi], rax         
29008000: system.cpu: T0 : 0x4536bb @__tunable_get_val+107    : jmp	0xffffffffffffffc7    
29009000: system.cpu: T0 : 0x453684 @__tunable_get_val+52    : lea	rax, DS:[8*rdi + t0]  
29009000: system.cpu: T0 : 0x45368c @__tunable_get_val+60    : sub	rdi                   
29009000: system.cpu: T0 : 0x45368f @__tunable_get_val+63    : sal	0x4                   
29009000: system.cpu: T0 : 0x453693 @__tunable_get_val+67    : cmp	DS:[rax + rcx + 0x50], 0
29009000: system.cpu: T0 : 0x453698 @__tunable_get_val+72    : jz	0x16                   
29011000: system.cpu: T0 : 0x4536b0 @__tunable_get_val+96    : ret	                      
29013000: system.cpu: T0 : 0x41ca91 @ptmalloc_init.part.0+385    : lea	rdx, DS:[rip + 0xffffffffffffe658]
29013000: system.cpu: T0 : 0x41ca98 @ptmalloc_init.part.0+392    : mov	rbp                   
29013000: system.cpu: T0 : 0x41ca9b @ptmalloc_init.part.0+395    : mov	edi, 0x1d             
29013000: system.cpu: T0 : 0x41caa0 @ptmalloc_init.part.0+400    : call	0x36bab              
29016000: system.cpu: T0 : 0x453650 @__tunable_get_val    : hint	                     
29016000: system.cpu: T0 : 0x453654 @__tunable_get_val+4    : mov	edi                   
29016000: system.cpu: T0 : 0x453656 @__tunable_get_val+6    : lea	rcx, DS:[rip + 0x6f4a3]
29016000: system.cpu: T0 : 0x45365d @__tunable_get_val+13    : lea	rax, DS:[8*rdi + t0]  
29016000: system.cpu: T0 : 0x453665 @__tunable_get_val+21    : sub	rdi                   
29016000: system.cpu: T0 : 0x453668 @__tunable_get_val+24    : sal	0x4                   
29016000: system.cpu: T0 : 0x45366c @__tunable_get_val+28    : add	rcx                   
29017000: system.cpu: T0 : 0x45366f @__tunable_get_val+31    : mov	r8d, DS:[rax + 0x30]  
29017000: system.cpu: T0 : 0x453673 @__tunable_get_val+35    : mov	rax, DS:[rax + 0x48]  
29017000: system.cpu: T0 : 0x453677 @__tunable_get_val+39    : cmp	r8d, 0x2              
29026000: system.cpu: T0 : 0x45367b @__tunable_get_val+43    : jnbe	0x3b                 
29026000: system.cpu: T0 : 0x45367d @__tunable_get_val+45    : test	r8d                  
29028000: system.cpu: T0 : 0x453680 @__tunable_get_val+48    : jnz	0x36                  
29141000: system.cpu: T0 : 0x4536b8 @__tunable_get_val+104    : mov	DS:[rsi], rax         
29141000: system.cpu: T0 : 0x4536bb @__tunable_get_val+107    : jmp	0xffffffffffffffc7    
29142000: system.cpu: T0 : 0x453684 @__tunable_get_val+52    : lea	rax, DS:[8*rdi + t0]  
29142000: system.cpu: T0 : 0x45368c @__tunable_get_val+60    : sub	rdi                   
29142000: system.cpu: T0 : 0x45368f @__tunable_get_val+63    : sal	0x4                   
29142000: system.cpu: T0 : 0x453693 @__tunable_get_val+67    : cmp	DS:[rax + rcx + 0x50], 0
29142000: system.cpu: T0 : 0x453698 @__tunable_get_val+72    : jz	0x16                   
29144000: system.cpu: T0 : 0x4536b0 @__tunable_get_val+96    : ret	                      
29146000: system.cpu: T0 : 0x41caa5 @ptmalloc_init.part.0+405    : lea	rdx, DS:[rip + 0xffffffffffffe664]
29146000: system.cpu: T0 : 0x41caac @ptmalloc_init.part.0+412    : mov	rbp                   
29146000: system.cpu: T0 : 0x41caaf @ptmalloc_init.part.0+415    : mov	edi, 0x16             
29146000: system.cpu: T0 : 0x41cab4 @ptmalloc_init.part.0+420    : call	0x36b97              
29149000: system.cpu: T0 : 0x453650 @__tunable_get_val    : hint	                     
29149000: system.cpu: T0 : 0x453654 @__tunable_get_val+4    : mov	edi                   
29149000: system.cpu: T0 : 0x453656 @__tunable_get_val+6    : lea	rcx, DS:[rip + 0x6f4a3]
29149000: system.cpu: T0 : 0x45365d @__tunable_get_val+13    : lea	rax, DS:[8*rdi + t0]  
29149000: system.cpu: T0 : 0x453665 @__tunable_get_val+21    : sub	rdi                   
29149000: system.cpu: T0 : 0x453668 @__tunable_get_val+24    : sal	0x4                   
29149000: system.cpu: T0 : 0x45366c @__tunable_get_val+28    : add	rcx                   
29150000: system.cpu: T0 : 0x45366f @__tunable_get_val+31    : mov	r8d, DS:[rax + 0x30]  
29150000: system.cpu: T0 : 0x453673 @__tunable_get_val+35    : mov	rax, DS:[rax + 0x48]  
29150000: system.cpu: T0 : 0x453677 @__tunable_get_val+39    : cmp	r8d, 0x2              
29160000: system.cpu: T0 : 0x45367b @__tunable_get_val+43    : jnbe	0x3b                 
29160000: system.cpu: T0 : 0x45367d @__tunable_get_val+45    : test	r8d                  
29162000: system.cpu: T0 : 0x453680 @__tunable_get_val+48    : jnz	0x36                  
29275000: system.cpu: T0 : 0x4536b8 @__tunable_get_val+104    : mov	DS:[rsi], rax         
29275000: system.cpu: T0 : 0x4536bb @__tunable_get_val+107    : jmp	0xffffffffffffffc7    
29276000: system.cpu: T0 : 0x453684 @__tunable_get_val+52    : lea	rax, DS:[8*rdi + t0]  
29276000: system.cpu: T0 : 0x45368c @__tunable_get_val+60    : sub	rdi                   
29276000: system.cpu: T0 : 0x45368f @__tunable_get_val+63    : sal	0x4                   
29276000: system.cpu: T0 : 0x453693 @__tunable_get_val+67    : cmp	DS:[rax + rcx + 0x50], 0
29276000: system.cpu: T0 : 0x453698 @__tunable_get_val+72    : jz	0x16                   
29278000: system.cpu: T0 : 0x4536b0 @__tunable_get_val+96    : ret	                      
29280000: system.cpu: T0 : 0x41cab9 @ptmalloc_init.part.0+425    : lea	rdx, DS:[rip + 0xffffffffffffe7c0]
29282000: system.cpu: T0 : 0x41cac0 @ptmalloc_init.part.0+432    : mov	rbp                   
29282000: system.cpu: T0 : 0x41cac3 @ptmalloc_init.part.0+435    : mov	edi, 0xb              
29282000: system.cpu: T0 : 0x41cac8 @ptmalloc_init.part.0+440    : call	0x36b83              
29284000: system.cpu: T0 : 0x453650 @__tunable_get_val    : hint	                     
29284000: system.cpu: T0 : 0x453654 @__tunable_get_val+4    : mov	edi                   
29284000: system.cpu: T0 : 0x453656 @__tunable_get_val+6    : lea	rcx, DS:[rip + 0x6f4a3]
29284000: system.cpu: T0 : 0x45365d @__tunable_get_val+13    : lea	rax, DS:[8*rdi + t0]  
29284000: system.cpu: T0 : 0x453665 @__tunable_get_val+21    : sub	rdi                   
29284000: system.cpu: T0 : 0x453668 @__tunable_get_val+24    : sal	0x4                   
29284000: system.cpu: T0 : 0x45366c @__tunable_get_val+28    : add	rcx                   
29285000: system.cpu: T0 : 0x45366f @__tunable_get_val+31    : mov	r8d, DS:[rax + 0x30]  
29285000: system.cpu: T0 : 0x453673 @__tunable_get_val+35    : mov	rax, DS:[rax + 0x48]  
29285000: system.cpu: T0 : 0x453677 @__tunable_get_val+39    : cmp	r8d, 0x2              
29297000: system.cpu: T0 : 0x45367b @__tunable_get_val+43    : jnbe	0x3b                 
29297000: system.cpu: T0 : 0x45367d @__tunable_get_val+45    : test	r8d                  
29299000: system.cpu: T0 : 0x453680 @__tunable_get_val+48    : jnz	0x36                  
29411000: system.cpu: T0 : 0x4536b8 @__tunable_get_val+104    : mov	DS:[rsi], rax         
29411000: system.cpu: T0 : 0x4536bb @__tunable_get_val+107    : jmp	0xffffffffffffffc7    
29412000: system.cpu: T0 : 0x453684 @__tunable_get_val+52    : lea	rax, DS:[8*rdi + t0]  
29412000: system.cpu: T0 : 0x45368c @__tunable_get_val+60    : sub	rdi                   
29412000: system.cpu: T0 : 0x45368f @__tunable_get_val+63    : sal	0x4                   
29412000: system.cpu: T0 : 0x453693 @__tunable_get_val+67    : cmp	DS:[rax + rcx + 0x50], 0
29412000: system.cpu: T0 : 0x453698 @__tunable_get_val+72    : jz	0x16                   
29414000: system.cpu: T0 : 0x4536b0 @__tunable_get_val+96    : ret	                      
29416000: system.cpu: T0 : 0x41cacd @ptmalloc_init.part.0+445    : lea	rdx, DS:[rip + 0xffffffffffffe96c]
29416000: system.cpu: T0 : 0x41cad4 @ptmalloc_init.part.0+452    : mov	rbp                   
29416000: system.cpu: T0 : 0x41cad7 @ptmalloc_init.part.0+455    : mov	edi, 0x9              
29416000: system.cpu: T0 : 0x41cadc @ptmalloc_init.part.0+460    : call	0x36b6f              
29419000: system.cpu: T0 : 0x453650 @__tunable_get_val    : hint	                     
29419000: system.cpu: T0 : 0x453654 @__tunable_get_val+4    : mov	edi                   
29419000: system.cpu: T0 : 0x453656 @__tunable_get_val+6    : lea	rcx, DS:[rip + 0x6f4a3]
29419000: system.cpu: T0 : 0x45365d @__tunable_get_val+13    : lea	rax, DS:[8*rdi + t0]  
29419000: system.cpu: T0 : 0x453665 @__tunable_get_val+21    : sub	rdi                   
29419000: system.cpu: T0 : 0x453668 @__tunable_get_val+24    : sal	0x4                   
29419000: system.cpu: T0 : 0x45366c @__tunable_get_val+28    : add	rcx                   
29420000: system.cpu: T0 : 0x45366f @__tunable_get_val+31    : mov	r8d, DS:[rax + 0x30]  
29420000: system.cpu: T0 : 0x453673 @__tunable_get_val+35    : mov	rax, DS:[rax + 0x48]  
29420000: system.cpu: T0 : 0x453677 @__tunable_get_val+39    : cmp	r8d, 0x2              
29435000: system.cpu: T0 : 0x45367b @__tunable_get_val+43    : jnbe	0x3b                 
29435000: system.cpu: T0 : 0x45367d @__tunable_get_val+45    : test	r8d                  
29437000: system.cpu: T0 : 0x453680 @__tunable_get_val+48    : jnz	0x36                  
29438000: system.cpu: T0 : 0x4536b8 @__tunable_get_val+104    : mov	DS:[rsi], rax         
29438000: system.cpu: T0 : 0x4536bb @__tunable_get_val+107    : jmp	0xffffffffffffffc7    
29439000: system.cpu: T0 : 0x453684 @__tunable_get_val+52    : lea	rax, DS:[8*rdi + t0]  
29439000: system.cpu: T0 : 0x45368c @__tunable_get_val+60    : sub	rdi                   
29439000: system.cpu: T0 : 0x45368f @__tunable_get_val+63    : sal	0x4                   
29439000: system.cpu: T0 : 0x453693 @__tunable_get_val+67    : cmp	DS:[rax + rcx + 0x50], 0
29439000: system.cpu: T0 : 0x453698 @__tunable_get_val+72    : jz	0x16                   
29441000: system.cpu: T0 : 0x4536b0 @__tunable_get_val+96    : ret	                      
29443000: system.cpu: T0 : 0x41cae1 @ptmalloc_init.part.0+465    : cmp	DS:[rip + 0xa7c87], 0 
29443000: system.cpu: T0 : 0x41cae9 @ptmalloc_init.part.0+473    : jz	0x7                    
29458000: system.cpu: T0 : 0x41caf2 @ptmalloc_init.part.0+482    : mov	rax, SS:[t0 + rsp + 0x18]
29458000: system.cpu: T0 : 0x41caf7 @ptmalloc_init.part.0+487    : sub	rax, FS:[t0 + t0 + 0x28]
29460000: system.cpu: T0 : 0x41cb00 @ptmalloc_init.part.0+496    : jnz	0x7                   
29460000: system.cpu: T0 : 0x41cb02 @ptmalloc_init.part.0+498    : add	rsp, 0x28             
29460000: system.cpu: T0 : 0x41cb06 @ptmalloc_init.part.0+502    : pop	rbx                   
29461000: system.cpu: T0 : 0x41cb07 @ptmalloc_init.part.0+503    : pop	rbp                   
29461000: system.cpu: T0 : 0x41cb08 @ptmalloc_init.part.0+504    : ret	                      
29463000: system.cpu: T0 : 0x41f735 @__libc_malloc+565    : test	rbp                  
29463000: system.cpu: T0 : 0x41f738 @__libc_malloc+568    : jns	0xfffffffffffffde6    
29479000: system.cpu: T0 : 0x41f524 @__libc_malloc+36    : lea	rax, SS:[rbp + 0x17]  
29479000: system.cpu: T0 : 0x41f528 @__libc_malloc+40    : xor	r12d                  
29479000: system.cpu: T0 : 0x41f52b @__libc_malloc+43    : cmp	rax, 0x1f             
29479000: system.cpu: T0 : 0x41f52f @__libc_malloc+47    : jnbe	0xdb                 
29493000: system.cpu: T0 : 0x41f610 @__libc_malloc+272    : and	rax, 0xfffffffffffffff0
29493000: system.cpu: T0 : 0x41f614 @__libc_malloc+276    : lea	r12, DS:[rax + 0xffffffffffffffef]
29493000: system.cpu: T0 : 0x41f618 @__libc_malloc+280    : shr	0x4                   
29493000: system.cpu: T0 : 0x41f61c @__libc_malloc+284    : jmp	0xffffffffffffff14    
29495000: system.cpu: T0 : 0x41f535 @__libc_malloc+53    : mov	rdx, FS:[t0 + t0 + 0xffffffffffffffc0]
29497000: system.cpu: T0 : 0x41f53e @__libc_malloc+62    : test	rdx                  
29497000: system.cpu: T0 : 0x41f541 @__libc_malloc+65    : jz	0xe1                   
29510000: system.cpu: T0 : 0x41f628 @__libc_malloc+296    : cmp	FS:[t0 + t0 + 0xffffffffffffffc8], 0
29510000: system.cpu: T0 : 0x41f631 @__libc_malloc+305    : jnz	0xffffffffffffff1d    
29510000: system.cpu: T0 : 0x41f637 @__libc_malloc+311    : call	0xfffffffffffff774   
29650000: system.cpu: T0 : 0x41edb0 @tcache_init.part.0    : push	rbp                  
29650000: system.cpu: T0 : 0x41edb1 @tcache_init.part.0+1    : push	rbx                  
29650000: system.cpu: T0 : 0x41edb2 @tcache_init.part.0+2    : sub	rsp, 0x8              
29650000: system.cpu: T0 : 0x41edb6 @tcache_init.part.0+6    : mov	rdi, 0xffffffffffffffd0
29745000: system.cpu: T0 : 0x41edbd @tcache_init.part.0+13    : mov	rbp, FS:[rax]         
29745000: system.cpu: T0 : 0x41edc1 @tcache_init.part.0+17    : test	rbp                  
29745000: system.cpu: T0 : 0x41edc4 @tcache_init.part.0+20    : jz	0x7a                   
29745000: system.cpu: T0 : 0x41edc6 @tcache_init.part.0+22    : xor	eax                   
29745000: system.cpu: T0 : 0x41edc8 @tcache_init.part.0+24    : mov	edx, 0x1              
29745000: system.cpu: T0 : 0x41edcd @tcache_init.part.0+29    : cmpxchg	SS:[rbp], edx     
29745000: system.cpu: T0 : 0x41edcd @tcache_init.part.0+29. 0 : 	CMPXCHG_LOCKED_M_R.mfence : IntAlu : 
29746000: system.cpu: T0 : 0x41edcd @tcache_init.part.0+29. 5 : 	CMPXCHG_LOCKED_M_R.mfence : IntAlu : 
29746000: system.cpu: T0 : 0x41edd2 @tcache_init.part.0+34    : jnz	0xe8                  
29747000: system.cpu: T0 : 0x41edd8 @tcache_init.part.0+40    : mov	esi, 0x280            
29747000: system.cpu: T0 : 0x41eddd @tcache_init.part.0+45    : mov	rbp                   
29747000: system.cpu: T0 : 0x41ede0 @tcache_init.part.0+48    : call	0xfffffffffffff04b   
29752000: system.cpu: T0 : 0x41de30 @_int_malloc    : test	rsi                  
29752000: system.cpu: T0 : 0x41de33 @_int_malloc+3    : js	0x6b7                  
29752000: system.cpu: T0 : 0x41de39 @_int_malloc+9    : push	r15                  
29752000: system.cpu: T0 : 0x41de3b @_int_malloc+11    : lea	rax, DS:[rsi + 0x17]  
29847000: system.cpu: T0 : 0x41de3f @_int_malloc+15    : push	r14                  
29847000: system.cpu: T0 : 0x41de41 @_int_malloc+17    : push	r13                  
29847000: system.cpu: T0 : 0x41de43 @_int_malloc+19    : push	r12                  
29847000: system.cpu: T0 : 0x41de45 @_int_malloc+21    : push	rbp                  
29848000: system.cpu: T0 : 0x41de46 @_int_malloc+22    : mov	rsi                   
29848000: system.cpu: T0 : 0x41de49 @_int_malloc+25    : push	rbx                  
29848000: system.cpu: T0 : 0x41de4a @_int_malloc+26    : mov	rdi                   
29848000: system.cpu: T0 : 0x41de4d @_int_malloc+29    : sub	rsp, 0x98             
29848000: system.cpu: T0 : 0x41de54 @_int_malloc+36    : cmp	rax, 0x1f             
29849000: system.cpu: T0 : 0x41de58 @_int_malloc+40    : jnbe	0x11a                
29953000: system.cpu: T0 : 0x41df78 @_int_malloc+328    : and	rax, 0xfffffffffffffff0
29953000: system.cpu: T0 : 0x41df7c @_int_malloc+332    : mov	rax                   
30048000: system.cpu: T0 : 0x41df7f @_int_malloc+335    : test	rdi                  
30048000: system.cpu: T0 : 0x41df82 @_int_malloc+338    : jz	0x52e                  
30048000: system.cpu: T0 : 0x41df88 @_int_malloc+344    : mov	eax                   
30048000: system.cpu: T0 : 0x41df8b @_int_malloc+347    : shr	0x4                   
30048000: system.cpu: T0 : 0x41df8f @_int_malloc+351    : cmp	rax, DS:[rip + 0xad282]
30049000: system.cpu: T0 : 0x41df96 @_int_malloc+358    : jbe	0x234                 
30049000: system.cpu: T0 : 0x41df9c @_int_malloc+364    : cmp	rax, 0x3ff            
30049000: system.cpu: T0 : 0x41dfa2 @_int_malloc+370    : jbe	0xa00                 
30154000: system.cpu: T0 : 0x41e9a8 @_int_malloc+2936    : lea	eax, DS:[r14 + r14 + 0xfffffffffffffffe]
30154000: system.cpu: T0 : 0x41e9ad @_int_malloc+2941    : lea	rdx, DS:[8*rax + t0 + 0x70]
30154000: system.cpu: T0 : 0x41e9b5 @_int_malloc+2949    : jmp	0xfffffffffffff4cc    
30159000: system.cpu: T0 : 0x41de86 @_int_malloc+86    : add	rbx                   
30159000: system.cpu: T0 : 0x41de89 @_int_malloc+89    : mov	rax, DS:[rdx + 0x8]   
30159000: system.cpu: T0 : 0x41de8d @_int_malloc+93    : lea	rsi, DS:[rdx + 0xfffffffffffffff0]
30159000: system.cpu: T0 : 0x41de91 @_int_malloc+97    : cmp	rax                   
30159000: system.cpu: T0 : 0x41de94 @_int_malloc+100    : jz	0x3be                  
30267000: system.cpu: T0 : 0x41e258 @_int_malloc+1064    : mov	r13                   
30267000: system.cpu: T0 : 0x41e25b @_int_malloc+1067    : mov	r13                   
30267000: system.cpu: T0 : 0x41e25e @_int_malloc+1070    : mov	SS:[t0 + rsp + 0x1c], r14
30267000: system.cpu: T0 : 0x41e263 @_int_malloc+1075    : shr	0x9                   
30267000: system.cpu: T0 : 0x41e267 @_int_malloc+1079    : shr	0x6                   
30267000: system.cpu: T0 : 0x41e26b @_int_malloc+1083    : mov	SS:[t0 + rsp + 0x80], 0x6e
30267000: system.cpu: T0 : 0x41e276 @_int_malloc+1094    : mov	ecx                   
30268000: system.cpu: T0 : 0x41e278 @_int_malloc+1096    : mov	SS:[t0 + rsp + 0x50], rax
30268000: system.cpu: T0 : 0x41e27d @_int_malloc+1101    : add	eax, 0x30             
30363000: system.cpu: T0 : 0x41e280 @_int_malloc+1104    : add	edi, 0x5b             
30363000: system.cpu: T0 : 0x41e283 @_int_malloc+1107    : mov	SS:[t0 + rsp + 0x60], rcx
30363000: system.cpu: T0 : 0x41e288 @_int_malloc+1112    : mov	SS:[t0 + rsp + 0x84], rdi
30363000: system.cpu: T0 : 0x41e28f @_int_malloc+1119    : mov	SS:[t0 + rsp + 0x5c], rax
30363000: system.cpu: T0 : 0x41e293 @_int_malloc+1123    : mov	SS:[t0 + rsp + 0x7c], 0x77
30363000: system.cpu: T0 : 0x41e29b @_int_malloc+1131    : mov	SS:[t0 + rsp + 0x78], 0x7c
30364000: system.cpu: T0 : 0x41e2a3 @_int_malloc+1139    : mov	SS:[t0 + rsp + 0x70], 0
30364000: system.cpu: T0 : 0x41e2ac @_int_malloc+1148    : mov	SS:[t0 + rsp + 0x68], 0
30364000: system.cpu: T0 : 0x41e2b5 @_int_malloc+1157    : lea	rax, DS:[r13 + 0xffffffffffffffef]
30364000: system.cpu: T0 : 0x41e2b9 @_int_malloc+1161    : shr	0x4                   
30364000: system.cpu: T0 : 0x41e2bd @_int_malloc+1165    : mov	rax                   
30459000: system.cpu: T0 : 0x41e2c0 @_int_malloc+1168    : xor	eax                   
30459000: system.cpu: T0 : 0x41e2c2 @_int_malloc+1170    : mov	SS:[t0 + rsp + 0x10], rax
30459000: system.cpu: T0 : 0x41e2c7 @_int_malloc+1175    : cmp	FS:[t0 + t0 + 0xffffffffffffffc0], 0
30459000: system.cpu: T0 : 0x41e2d1 @_int_malloc+1185    : jz	0x10                   
30473000: system.cpu: T0 : 0x41e2e3 @_int_malloc+1203    : lea	r11, DS:[rbx + 0x60]  
30473000: system.cpu: T0 : 0x41e2e7 @_int_malloc+1207    : mov	SS:[t0 + rsp + 0x58], r14
30473000: system.cpu: T0 : 0x41e2ec @_int_malloc+1212    : mov	SS:[t0 + rsp + 0x8], 0
30473000: system.cpu: T0 : 0x41e2f5 @_int_malloc+1221    : movd	XMM1                 
30473000: system.cpu: T0 : 0x41e2fa @_int_malloc+1226    : mov	SS:[t0 + rsp + 0x30], rbp
30557000: system.cpu: T0 : 0x41e2ff @_int_malloc+1231    : punpcklqdq	XMM1           
30557000: system.cpu: T0 : 0x41e303 @_int_malloc+1235    : mov	rdx, DS:[rbx + 0x78]  
30557000: system.cpu: T0 : 0x41e307 @_int_malloc+1239    : cmp	r11                   
30557000: system.cpu: T0 : 0x41e30a @_int_malloc+1242    : jz	0x378                  
30673000: system.cpu: T0 : 0x41e688 @_int_malloc+2136    : cmp	r13, 0x3ff            
30673000: system.cpu: T0 : 0x41e68f @_int_malloc+2143    : jbe	0x22                  
30685000: system.cpu: T0 : 0x41e6b3 @_int_malloc+2179    : mov	rax, SS:[t0 + rsp + 0x1c]
30685000: system.cpu: T0 : 0x41e6b7 @_int_malloc+2183    : lea	ecx, DS:[rax + 0x1]   
30685000: system.cpu: T0 : 0x41e6ba @_int_malloc+2186    : lea	eax, DS:[rax + rax + 0xe]
30685000: system.cpu: T0 : 0x41e6be @_int_malloc+2190    : mov	ecx                   
30771000: system.cpu: T0 : 0x41e6c0 @_int_malloc+2192    : lea	rdx, DS:[8*rax + rbx + 0xfffffffffffffff0]
30771000: system.cpu: T0 : 0x41e6c5 @_int_malloc+2197    : shr	0x5                   
30771000: system.cpu: T0 : 0x41e6c8 @_int_malloc+2200    : mov	edi                   
30771000: system.cpu: T0 : 0x41e6ca @_int_malloc+2202    : mov	esi, DS:[4*rax + rbx + 0x860]
30771000: system.cpu: T0 : 0x41e6d1 @_int_malloc+2209    : mov	eax, 0x1              
30771000: system.cpu: T0 : 0x41e6d6 @_int_malloc+2214    : sal	ecx                   
30771000: system.cpu: T0 : 0x41e6d8 @_int_malloc+2216    : hint	                     
30771000: system.cpu: T0 : 0x41e6e0 @_int_malloc+2224    : cmp	esi                   
30772000: system.cpu: T0 : 0x41e6e2 @_int_malloc+2226    : jnbe	0x1b8                
30888000: system.cpu: T0 : 0x41e8a0 @_int_malloc+2672    : lea	eax, DS:[rdi + 0x1]   
30888000: system.cpu: T0 : 0x41e8a3 @_int_malloc+2675    : cmp	edi, 0x3              
30888000: system.cpu: T0 : 0x41e8a6 @_int_malloc+2678    : jz	0x3d                   
30888000: system.cpu: T0 : 0x41e8a8 @_int_malloc+2680    : mov	eax                   
30888000: system.cpu: T0 : 0x41e8aa @_int_malloc+2682    : mov	esi, DS:[4*rdx + rbx + 0x860]
30889000: system.cpu: T0 : 0x41e8b1 @_int_malloc+2689    : test	esi                  
30889000: system.cpu: T0 : 0x41e8b3 @_int_malloc+2691    : jnz	0x266                 
30889000: system.cpu: T0 : 0x41e8b9 @_int_malloc+2697    : lea	eax, DS:[rdi + 0x2]   
30889000: system.cpu: T0 : 0x41e8bc @_int_malloc+2700    : cmp	edi, 0x2              
30970000: system.cpu: T0 : 0x41e8bf @_int_malloc+2703    : jz	0x24                   
30970000: system.cpu: T0 : 0x41e8c1 @_int_malloc+2705    : mov	eax                   
30970000: system.cpu: T0 : 0x41e8c3 @_int_malloc+2707    : mov	esi, DS:[4*rdx + rbx + 0x860]
30970000: system.cpu: T0 : 0x41e8ca @_int_malloc+2714    : test	esi                  
30970000: system.cpu: T0 : 0x41e8cc @_int_malloc+2716    : jnz	0x24d                 
30971000: system.cpu: T0 : 0x41e8d2 @_int_malloc+2722    : cmp	edi, 0x1              
30971000: system.cpu: T0 : 0x41e8d5 @_int_malloc+2725    : jz	0xe                    
30983000: system.cpu: T0 : 0x41e8e5 @_int_malloc+2741    : mov	rax, DS:[rbx + 0x60]  
30983000: system.cpu: T0 : 0x41e8e9 @_int_malloc+2745    : mov	rdx, DS:[rax + 0x8]   
30983000: system.cpu: T0 : 0x41e8ed @_int_malloc+2749    : and	rdx, 0xfffffffffffffff8
30983000: system.cpu: T0 : 0x41e8f1 @_int_malloc+2753    : cmp	DS:[rbx + 0x888], rdx 
30983000: system.cpu: T0 : 0x41e8f8 @_int_malloc+2760    : jb	0x23a                  
31069000: system.cpu: T0 : 0x41e8fe @_int_malloc+2766    : lea	rcx, DS:[r13 + 0x20]  
31069000: system.cpu: T0 : 0x41e902 @_int_malloc+2770    : cmp	rdx                   
31069000: system.cpu: T0 : 0x41e905 @_int_malloc+2773    : jbe	0x378                 
31069000: system.cpu: T0 : 0x41e90b @_int_malloc+2779    : mov	SS:[t0 + rsp + 0x38], r11
31069000: system.cpu: T0 : 0x41e910 @_int_malloc+2784    : movaps	SS:[t0 + rsp + 0x20], XMM1
31070000: system.cpu: T0 : 0x41e915 @_int_malloc+2789    : mov	eax, DS:[rbx + 0x8]   
31070000: system.cpu: T0 : 0x41e918 @_int_malloc+2792    : test	eax                  
31070000: system.cpu: T0 : 0x41e91a @_int_malloc+2794    : jz	0x3c9                  
31188000: system.cpu: T0 : 0x41ece9 @_int_malloc+3769    : mov	rbx                   
31188000: system.cpu: T0 : 0x41ecec @_int_malloc+3772    : mov	r13                   
31188000: system.cpu: T0 : 0x41ecef @_int_malloc+3775    : mov	rbp, SS:[t0 + rsp + 0x30]
31188000: system.cpu: T0 : 0x41ecf4 @_int_malloc+3780    : call	0xffffffffffffe807   
31511000: system.cpu: T0 : 0x41d500 @sysmalloc    : push	r15                  
31511000: system.cpu: T0 : 0x41d502 @sysmalloc+2    : push	r14                  
31511000: system.cpu: T0 : 0x41d504 @sysmalloc+4    : push	r13                  
31511000: system.cpu: T0 : 0x41d506 @sysmalloc+6    : push	r12                  
31512000: system.cpu: T0 : 0x41d508 @sysmalloc+8    : push	rbp                  
31512000: system.cpu: T0 : 0x41d509 @sysmalloc+9    : mov	rdi                   
31512000: system.cpu: T0 : 0x41d50c @sysmalloc+12    : push	rbx                  
31512000: system.cpu: T0 : 0x41d50d @sysmalloc+13    : mov	rsi                   
31512000: system.cpu: T0 : 0x41d510 @sysmalloc+16    : sub	rsp, 0x38             
31513000: system.cpu: T0 : 0x41d514 @sysmalloc+20    : mov	r15, DS:[rip + 0xa7c3d]
31513000: system.cpu: T0 : 0x41d51b @sysmalloc+27    : mov	rax, FS:[t0 + t0 + 0x28]
31513000: system.cpu: T0 : 0x41d524 @sysmalloc+36    : mov	SS:[t0 + rsp + 0x28], rax
31513000: system.cpu: T0 : 0x41d529 @sysmalloc+41    : xor	eax                   
31513000: system.cpu: T0 : 0x41d52b @sysmalloc+43    : test	rsi                  
31513000: system.cpu: T0 : 0x41d52e @sysmalloc+46    : jz	0x166                  
31514000: system.cpu: T0 : 0x41d534 @sysmalloc+52    : cmp	DS:[rip + 0xa7215], rdi
31609000: system.cpu: T0 : 0x41d53b @sysmalloc+59    : jbe	0x147                 
31609000: system.cpu: T0 : 0x41d541 @sysmalloc+65    : mov	SS:[t0 + rsp], 0      
31609000: system.cpu: T0 : 0x41d545 @sysmalloc+69    : mov	r13, DS:[rbx + 0x60]  
31609000: system.cpu: T0 : 0x41d549 @sysmalloc+73    : mov	rax, DS:[r13 + 0x8]   
31609000: system.cpu: T0 : 0x41d54d @sysmalloc+77    : mov	rax                   
31610000: system.cpu: T0 : 0x41d550 @sysmalloc+80    : and	r12, 0xfffffffffffffff8
31610000: system.cpu: T0 : 0x41d554 @sysmalloc+84    : lea	r11, DS:[r12 + r13]   
31610000: system.cpu: T0 : 0x41d559 @sysmalloc+89    : jnz	0x9                   
31610000: system.cpu: T0 : 0x41d55b @sysmalloc+91    : lea	rdx, DS:[rbx + 0x60]  
31610000: system.cpu: T0 : 0x41d55f @sysmalloc+95    : cmp	rdx                   
31611000: system.cpu: T0 : 0x41d562 @sysmalloc+98    : jz	0x1f                   
31708000: system.cpu: T0 : 0x41d583 @sysmalloc+131    : lea	r14, SS:[rbp + 0x20]  
31708000: system.cpu: T0 : 0x41d587 @sysmalloc+135    : cmp	r12                   
31708000: system.cpu: T0 : 0x41d58a @sysmalloc+138    : jbe	0x835                 
31708000: system.cpu: T0 : 0x41d590 @sysmalloc+144    : lea	rax, DS:[rip + 0xa7249]
31708000: system.cpu: T0 : 0x41d597 @sysmalloc+151    : cmp	rax                   
31709000: system.cpu: T0 : 0x41d59a @sysmalloc+154    : jz	0x150                  
31814000: system.cpu: T0 : 0x41d6f0 @sysmalloc+496    : mov	rax, DS:[rip + 0xa7051]
31814000: system.cpu: T0 : 0x41d6f7 @sysmalloc+503    : lea	rax, SS:[rax + rbp + 0x20]
31814000: system.cpu: T0 : 0x41d6fc @sysmalloc+508    : mov	rax                   
31909000: system.cpu: T0 : 0x41d6ff @sysmalloc+511    : sub	r12                   
31909000: system.cpu: T0 : 0x41d702 @sysmalloc+514    : test	DS:[rbx + 0x4], 0x2  
31909000: system.cpu: T0 : 0x41d706 @sysmalloc+518    : cmovz	rax                 
31909000: system.cpu: T0 : 0x41d70a @sysmalloc+522    : mov	rdx, DS:[rip + 0xa7057]
31910000: system.cpu: T0 : 0x41d711 @sysmalloc+529    : test	rdx                  
31910000: system.cpu: T0 : 0x41d714 @sysmalloc+532    : jnz	0x596                 
31910000: system.cpu: T0 : 0x41d71a @sysmalloc+538    : mov	rdx, DS:[rip + 0xa7a37]
31910000: system.cpu: T0 : 0x41d721 @sysmalloc+545    : lea	rdi, DS:[rdx + rax + 0xffffffffffffffff]
31910000: system.cpu: T0 : 0x41d726 @sysmalloc+550    : neg	                      
31911000: system.cpu: T0 : 0x41d729 @sysmalloc+553    : and	rdx                   
31911000: system.cpu: T0 : 0x41d72c @sysmalloc+556    : mov	SS:[t0 + rsp + 0x20], rdi
31911000: system.cpu: T0 : 0x41d731 @sysmalloc+561    : test	rdi                  
31911000: system.cpu: T0 : 0x41d734 @sysmalloc+564    : jle	0x1d6                 
31911000: system.cpu: T0 : 0x41d73a @sysmalloc+570    : xor	ecx                   
32006000: system.cpu: T0 : 0x41d73c @sysmalloc+572    : cmp	DS:[rip + 0xadadd], 0 
32006000: system.cpu: T0 : 0x41d743 @sysmalloc+579    : jnz	0x3a                  
32006000: system.cpu: T0 : 0x41d745 @sysmalloc+581    : mov	SS:[t0 + rsp], r11    
32007000: system.cpu: T0 : 0x41d749 @sysmalloc+585    : call	0x32362              
32012000: system.cpu: T0 : 0x44fab0 @__sbrk    : hint	                     
32012000: system.cpu: T0 : 0x44fab4 @__sbrk+4    : push	r12                  
32012000: system.cpu: T0 : 0x44fab6 @__sbrk+6    : push	rbx                  
32012000: system.cpu: T0 : 0x44fab7 @__sbrk+7    : mov	rdi                   
32012000: system.cpu: T0 : 0x44faba @__sbrk+10    : sub	rsp, 0x8              
32015000: system.cpu: T0 : 0x44fabe @__sbrk+14    : mov	r12, DS:[rip + 0x7b783]
32015000: system.cpu: T0 : 0x44fac5 @__sbrk+21    : test	r12                  
32015000: system.cpu: T0 : 0x44fac8 @__sbrk+24    : jz	0x5e                   
32028000: system.cpu: T0 : 0x44faca @__sbrk+26    : test	rbx                  
32028000: system.cpu: T0 : 0x44facd @__sbrk+29    : jz	0x1f                   
32028000: system.cpu: T0 : 0x44facf @__sbrk+31    : jle	0x2f                  
32028000: system.cpu: T0 : 0x44fad1 @__sbrk+33    : add	r12                   
32029000: system.cpu: T0 : 0x44fad4 @__sbrk+36    : mov	rbx                   
32029000: system.cpu: T0 : 0x44fad7 @__sbrk+39    : jnb	0x36                  
32031000: system.cpu: T0 : 0x44fb0f @__sbrk+95    : call	0xffffffffffffff5c   
32033000: system.cpu: T0 : 0x44fa70 @brk    : hint	                     
32033000: system.cpu: T0 : 0x44fa74 @brk+4    : mov	eax, 0xc              
32033000: system.cpu: T0 : 0x44fa79 @brk+9    :   syscall                  : IntAlu : 
32065000: system.cpu: T0 : 0x44fa7b @brk+11    : mov	DS:[rip + 0x7b7c6], rax
32065000: system.cpu: T0 : 0x44fa82 @brk+18    : cmp	rdi                   
32065000: system.cpu: T0 : 0x44fa85 @brk+21    : jb	0x9                    
32065000: system.cpu: T0 : 0x44fa87 @brk+23    : xor	eax                   
32065000: system.cpu: T0 : 0x44fa89 @brk+25    : ret	                      
32068000: system.cpu: T0 : 0x44fb14 @__sbrk+100    : test	eax                  
32068000: system.cpu: T0 : 0x44fb16 @__sbrk+102    : js	0xffffffffffffffcf     
32068000: system.cpu: T0 : 0x44fb18 @__sbrk+104    : add	rsp, 0x8              
32068000: system.cpu: T0 : 0x44fb1c @__sbrk+108    : mov	r12                   
32068000: system.cpu: T0 : 0x44fb1f @__sbrk+111    : pop	rbx                   
32069000: system.cpu: T0 : 0x44fb20 @__sbrk+112    : pop	r12                   
32069000: system.cpu: T0 : 0x44fb22 @__sbrk+114    : ret	                      
32071000: system.cpu: T0 : 0x41d74e @sysmalloc+590    : mov	r11, SS:[t0 + rsp]    
32071000: system.cpu: T0 : 0x41d752 @sysmalloc+594    : mov	rax                   
32071000: system.cpu: T0 : 0x41d755 @sysmalloc+597    : lea	rax, DS:[rax + 0xffffffffffffffff]
32071000: system.cpu: T0 : 0x41d759 @sysmalloc+601    : cmp	rax, 0xfffffffffffffffd
32071000: system.cpu: T0 : 0x41d75d @sysmalloc+605    : jnbe	0x53d                
32072000: system.cpu: T0 : 0x41d763 @sysmalloc+611    : mov	rax, DS:[rip + 0xa6ffe]
32072000: system.cpu: T0 : 0x41d76a @sysmalloc+618    : mov	rsi, SS:[t0 + rsp + 0x20]
32072000: system.cpu: T0 : 0x41d76f @sysmalloc+623    : sub	rax, 0x1              
32072000: system.cpu: T0 : 0x41d773 @sysmalloc+627    : mov	rsi                   
32072000: system.cpu: T0 : 0x41d776 @sysmalloc+630    : cmp	rax                   
32072000: system.cpu: T0 : 0x41d779 @sysmalloc+633    : jnbe	0x4b1                
32073000: system.cpu: T0 : 0x41d77f @sysmalloc+639    :   NOP                      : IntAlu : 
32149000: system.cpu: T0 : 0x41d780 @sysmalloc+640    : test	rcx                  
32149000: system.cpu: T0 : 0x41d783 @sysmalloc+643    : jz	0x187                  
32149000: system.cpu: T0 : 0x41d789 @sysmalloc+649    : mov	rdx, SS:[t0 + rsp + 0x20]
32149000: system.cpu: T0 : 0x41d78e @sysmalloc+654    : mov	esi, 0x1              
32149000: system.cpu: T0 : 0x41d793 @sysmalloc+659    : xor	r8d                   
32149000: system.cpu: T0 : 0x41d796 @sysmalloc+662    : cmp	DS:[rip + 0xa7002], 0 
32150000: system.cpu: T0 : 0x41d79e @sysmalloc+670    : jz	0x4cc                  
32260000: system.cpu: T0 : 0x41dc70 @sysmalloc+1904    : mov	DS:[rip + 0xa6b29], rcx
32260000: system.cpu: T0 : 0x41dc77 @sysmalloc+1911    : jmp	0xfffffffffffffb28    
32265000: system.cpu: T0 : 0x41d7a4 @sysmalloc+676    : mov	rax, DS:[rip + 0xa78bd]
32265000: system.cpu: T0 : 0x41d7ab @sysmalloc+683    : add	rdx                   
32265000: system.cpu: T0 : 0x41d7ae @sysmalloc+686    : mov	DS:[rip + 0xa78b3], rax
32265000: system.cpu: T0 : 0x41d7b5 @sysmalloc+693    : cmp	rcx                   
32265000: system.cpu: T0 : 0x41d7b8 @sysmalloc+696    : jnz	0x282                 
32276000: system.cpu: T0 : 0x41da40 @sysmalloc+1344    : test	DS:[rip + 0xa6d9d], 0x2
32276000: system.cpu: T0 : 0x41da47 @sysmalloc+1351    : jnz	0x15b                 
32276000: system.cpu: T0 : 0x41da4d @sysmalloc+1357    : test	r12                  
32277000: system.cpu: T0 : 0x41da50 @sysmalloc+1360    : jz	0x1e                   
32290000: system.cpu: T0 : 0x41da70 @sysmalloc+1392    : mov	rcx                   
32290000: system.cpu: T0 : 0x41da73 @sysmalloc+1395    : and	esi, 0xf              
32290000: system.cpu: T0 : 0x41da76 @sysmalloc+1398    : jz	0x254                  
32396000: system.cpu: T0 : 0x41dcd0 @sysmalloc+2000    : mov	SS:[t0 + rsp], rcx    
32396000: system.cpu: T0 : 0x41dcd4 @sysmalloc+2004    : mov	r12                   
32396000: system.cpu: T0 : 0x41dcd7 @sysmalloc+2007    : jmp	0xfffffffffffffdb3    
32401000: system.cpu: T0 : 0x41da8f @sysmalloc+1423    : add	rax                   
32401000: system.cpu: T0 : 0x41da92 @sysmalloc+1426    : mov	r15                   
32401000: system.cpu: T0 : 0x41da95 @sysmalloc+1429    : add	rcx                   
32401000: system.cpu: T0 : 0x41da98 @sysmalloc+1432    : neg	                      
32401000: system.cpu: T0 : 0x41da9b @sysmalloc+1435    : lea	rcx, DS:[rdx + r15 + 0xffffffffffffffff]
32401000: system.cpu: T0 : 0x41daa0 @sysmalloc+1440    : sub	rdx                   
32401000: system.cpu: T0 : 0x41daa3 @sysmalloc+1443    : and	rcx                   
32401000: system.cpu: T0 : 0x41daa6 @sysmalloc+1446    : add	rax                   
32402000: system.cpu: T0 : 0x41daa9 @sysmalloc+1449    : mov	r10                   
32402000: system.cpu: T0 : 0x41daac @sysmalloc+1452    : js	0x332                  
32402000: system.cpu: T0 : 0x41dab2 @sysmalloc+1458    : cmp	DS:[rip + 0xad767], 0 
32403000: system.cpu: T0 : 0x41dab9 @sysmalloc+1465    : jnz	0xfffffffffffffea6    
32498000: system.cpu: T0 : 0x41dabf @sysmalloc+1471    : mov	r10                   
32498000: system.cpu: T0 : 0x41dac2 @sysmalloc+1474    : mov	SS:[t0 + rsp + 0x8], r10
32498000: system.cpu: T0 : 0x41dac7 @sysmalloc+1479    : call	0x31fe4              
32503000: system.cpu: T0 : 0x44fab0 @__sbrk    : hint	                     
32503000: system.cpu: T0 : 0x44fab4 @__sbrk+4    : push	r12                  
32503000: system.cpu: T0 : 0x44fab6 @__sbrk+6    : push	rbx                  
32503000: system.cpu: T0 : 0x44fab7 @__sbrk+7    : mov	rdi                   
32503000: system.cpu: T0 : 0x44faba @__sbrk+10    : sub	rsp, 0x8              
32506000: system.cpu: T0 : 0x44fabe @__sbrk+14    : mov	r12, DS:[rip + 0x7b783]
32506000: system.cpu: T0 : 0x44fac5 @__sbrk+21    : test	r12                  
32506000: system.cpu: T0 : 0x44fac8 @__sbrk+24    : jz	0x5e                   
32506000: system.cpu: T0 : 0x44faca @__sbrk+26    : test	rbx                  
32506000: system.cpu: T0 : 0x44facd @__sbrk+29    : jz	0x1f                   
32507000: system.cpu: T0 : 0x44facf @__sbrk+31    : jle	0x2f                  
32507000: system.cpu: T0 : 0x44fad1 @__sbrk+33    : add	r12                   
32507000: system.cpu: T0 : 0x44fad4 @__sbrk+36    : mov	rbx                   
32507000: system.cpu: T0 : 0x44fad7 @__sbrk+39    : jnb	0x36                  
32510000: system.cpu: T0 : 0x44fb0f @__sbrk+95    : call	0xffffffffffffff5c   
32512000: system.cpu: T0 : 0x44fa70 @brk    : hint	                     
32512000: system.cpu: T0 : 0x44fa74 @brk+4    : mov	eax, 0xc              
32512000: system.cpu: T0 : 0x44fa79 @brk+9    :   syscall                  : IntAlu : 
32544000: system.cpu: T0 : 0x44fa7b @brk+11    : mov	DS:[rip + 0x7b7c6], rax
32544000: system.cpu: T0 : 0x44fa82 @brk+18    : cmp	rdi                   
32544000: system.cpu: T0 : 0x44fa85 @brk+21    : jb	0x9                    
32544000: system.cpu: T0 : 0x44fa87 @brk+23    : xor	eax                   
32544000: system.cpu: T0 : 0x44fa89 @brk+25    : ret	                      
32547000: system.cpu: T0 : 0x44fb14 @__sbrk+100    : test	eax                  
32547000: system.cpu: T0 : 0x44fb16 @__sbrk+102    : js	0xffffffffffffffcf     
32547000: system.cpu: T0 : 0x44fb18 @__sbrk+104    : add	rsp, 0x8              
32547000: system.cpu: T0 : 0x44fb1c @__sbrk+108    : mov	r12                   
32547000: system.cpu: T0 : 0x44fb1f @__sbrk+111    : pop	rbx                   
32548000: system.cpu: T0 : 0x44fb20 @__sbrk+112    : pop	r12                   
32548000: system.cpu: T0 : 0x44fb22 @__sbrk+114    : ret	                      
32550000: system.cpu: T0 : 0x41dacc @sysmalloc+1484    : mov	r10, SS:[t0 + rsp + 0x8]
32550000: system.cpu: T0 : 0x41dad1 @sysmalloc+1489    : mov	rax                   
32550000: system.cpu: T0 : 0x41dad4 @sysmalloc+1492    : lea	rax, DS:[rax + 0xffffffffffffffff]
32550000: system.cpu: T0 : 0x41dad8 @sysmalloc+1496    : cmp	rax, 0xfffffffffffffffd
32550000: system.cpu: T0 : 0x41dadc @sysmalloc+1500    : jnbe	0x1fa                
32551000: system.cpu: T0 : 0x41dae2 @sysmalloc+1506    : mov	rax, DS:[rip + 0xa6c7f]
32551000: system.cpu: T0 : 0x41dae9 @sysmalloc+1513    : sub	rax, 0x1              
32551000: system.cpu: T0 : 0x41daed @sysmalloc+1517    : cmp	rax                   
32551000: system.cpu: T0 : 0x41daf0 @sysmalloc+1520    : jnbe	0x252                
32552000: system.cpu: T0 : 0x41daf6 @sysmalloc+1526    : test	r8                   
32552000: system.cpu: T0 : 0x41daf9 @sysmalloc+1529    : jz	0xfffffffffffffe66     
32642000: system.cpu: T0 : 0x41daff @sysmalloc+1535    : mov	rax, DS:[rip + 0xa7562]
32642000: system.cpu: T0 : 0x41db06 @sysmalloc+1542    : mov	rcx, SS:[t0 + rsp]    
32642000: system.cpu: T0 : 0x41db0a @sysmalloc+1546    : add	r10                   
32642000: system.cpu: T0 : 0x41db0d @sysmalloc+1549    : jmp	0xaf                  
32740000: system.cpu: T0 : 0x41dbc1 @sysmalloc+1729    : sub	rcx                   
32740000: system.cpu: T0 : 0x41dbc4 @sysmalloc+1732    : mov	DS:[rip + 0xa6c75], rcx
32740000: system.cpu: T0 : 0x41dbcb @sysmalloc+1739    : add	r15                   
32740000: system.cpu: T0 : 0x41dbce @sysmalloc+1742    : or	r8, 0x1                
32740000: system.cpu: T0 : 0x41dbd2 @sysmalloc+1746    : mov	DS:[rcx + 0x8], r8    
32740000: system.cpu: T0 : 0x41dbd6 @sysmalloc+1750    : mov	DS:[rip + 0xa748b], rax
32741000: system.cpu: T0 : 0x41dbdd @sysmalloc+1757    : test	r12                  
32741000: system.cpu: T0 : 0x41dbe0 @sysmalloc+1760    : jz	0xfffffffffffffa45     
32754000: system.cpu: T0 : 0x41d62b @sysmalloc+299    : cmp	DS:[rbx + 0x890], rax 
32754000: system.cpu: T0 : 0x41d632 @sysmalloc+306    : jnb	0x7                   
32754000: system.cpu: T0 : 0x41d634 @sysmalloc+308    : mov	DS:[rbx + 0x890], rax 
32754000: system.cpu: T0 : 0x41d63b @sysmalloc+315    : mov	rax, DS:[rcx + 0x8]   
32856000: system.cpu: T0 : 0x41d63f @sysmalloc+319    : and	rax, 0xfffffffffffffff8
32856000: system.cpu: T0 : 0x41d643 @sysmalloc+323    : cmp	rax                   
32856000: system.cpu: T0 : 0x41d646 @sysmalloc+326    : jnbe	0x1b4                
32856000: system.cpu: T0 : 0x41d64c @sysmalloc+332    : lea	rdi, DS:[rip + 0xa718d]
32857000: system.cpu: T0 : 0x41d653 @sysmalloc+339    : xor	edx                   
32857000: system.cpu: T0 : 0x41d655 @sysmalloc+341    : lea	rsi, DS:[rbp + rcx]   
32857000: system.cpu: T0 : 0x41d659 @sysmalloc+345    : cmp	rdi                   
32857000: system.cpu: T0 : 0x41d65c @sysmalloc+348    : mov	DS:[rbx + 0x60], rsi  
32857000: system.cpu: T0 : 0x41d660 @sysmalloc+352    : setnz	                    
32857000: system.cpu: T0 : 0x41d663 @sysmalloc+355    : sub	rbp                   
32857000: system.cpu: T0 : 0x41d666 @sysmalloc+358    : sal	0x2                   
32858000: system.cpu: T0 : 0x41d66a @sysmalloc+362    : or	rax, 0x1               
32858000: system.cpu: T0 : 0x41d66e @sysmalloc+366    : or	rbp                    
32858000: system.cpu: T0 : 0x41d671 @sysmalloc+369    : or	rdx, 0x1               
32858000: system.cpu: T0 : 0x41d675 @sysmalloc+373    : mov	DS:[rcx + 0x8], rdx   
32858000: system.cpu: T0 : 0x41d679 @sysmalloc+377    : mov	DS:[rsi + 0x8], rax   
32895000: system.cpu: T0 : 0x41d679 @sysmalloc+377    : mov	DS:[rsi + 0x8], rax   
32954000: system.cpu: T0 : 0x41d67d @sysmalloc+381    : lea	rax, DS:[rcx + 0x10]  
32954000: system.cpu: T0 : 0x41d681 @sysmalloc+385    : jmp	0x43                  
32959000: system.cpu: T0 : 0x41d6c6 @sysmalloc+454    : mov	rdx, SS:[t0 + rsp + 0x28]
32959000: system.cpu: T0 : 0x41d6cb @sysmalloc+459    : sub	rdx, FS:[t0 + t0 + 0x28]
32959000: system.cpu: T0 : 0x41d6d4 @sysmalloc+468    : jnz	0x6e6                 
32959000: system.cpu: T0 : 0x41d6da @sysmalloc+474    : add	rsp, 0x38             
32960000: system.cpu: T0 : 0x41d6de @sysmalloc+478    : pop	rbx                   
32960000: system.cpu: T0 : 0x41d6df @sysmalloc+479    : pop	rbp                   
32960000: system.cpu: T0 : 0x41d6e0 @sysmalloc+480    : pop	r12                   
32961000: system.cpu: T0 : 0x41d6e2 @sysmalloc+482    : pop	r13                   
32961000: system.cpu: T0 : 0x41d6e4 @sysmalloc+484    : pop	r14                   
32961000: system.cpu: T0 : 0x41d6e6 @sysmalloc+486    : pop	r15                   
32962000: system.cpu: T0 : 0x41d6e8 @sysmalloc+488    : ret	                      
32964000: system.cpu: T0 : 0x41ecf9 @_int_malloc+3785    : mov	rax                   
32964000: system.cpu: T0 : 0x41ecfc @_int_malloc+3788    : test	rax                  
32966000: system.cpu: T0 : 0x41ecff @_int_malloc+3791    : jz	0xfffffffffffffa83     
32966000: system.cpu: T0 : 0x41ed05 @_int_malloc+3797    : mov	eax, DS:[rip + 0xac509]
32966000: system.cpu: T0 : 0x41ed0b @_int_malloc+3803    : test	eax                  
32966000: system.cpu: T0 : 0x41ed0d @_int_malloc+3805    : jz	0xfffffffffffff7c3     
33075000: system.cpu: T0 : 0x41e4d6 @_int_malloc+1702    : add	rsp, 0x98             
33075000: system.cpu: T0 : 0x41e4dd @_int_malloc+1709    : mov	r9                    
33075000: system.cpu: T0 : 0x41e4e0 @_int_malloc+1712    : pop	rbx                   
33075000: system.cpu: T0 : 0x41e4e1 @_int_malloc+1713    : pop	rbp                   
33076000: system.cpu: T0 : 0x41e4e2 @_int_malloc+1714    : pop	r12                   
33076000: system.cpu: T0 : 0x41e4e4 @_int_malloc+1716    : pop	r13                   
33076000: system.cpu: T0 : 0x41e4e6 @_int_malloc+1718    : pop	r14                   
33077000: system.cpu: T0 : 0x41e4e8 @_int_malloc+1720    : pop	r15                   
33077000: system.cpu: T0 : 0x41e4ea @_int_malloc+1722    : ret	                      
33079000: system.cpu: T0 : 0x41ede5 @tcache_init.part.0+53    : mov	rax                   
33079000: system.cpu: T0 : 0x41ede8 @tcache_init.part.0+56    : test	rax                  
33079000: system.cpu: T0 : 0x41edeb @tcache_init.part.0+59    : jz	0x8f                   
33079000: system.cpu: T0 : 0x41edf1 @tcache_init.part.0+65    : xor	eax                   
33079000: system.cpu: T0 : 0x41edf3 @tcache_init.part.0+67    : xchg	SS:[rbp], eax        
33079000: system.cpu: T0 : 0x41edf3 @tcache_init.part.0+67. 0 : 	XCHG_M_R.mfence           : IntAlu : 
33080000: system.cpu: T0 : 0x41edf3 @tcache_init.part.0+67. 3 : 	XCHG_M_R.mfence           : IntAlu : 
33080000: system.cpu: T0 : 0x41edf6 @tcache_init.part.0+70    : cmp	eax, 0x1              
33080000: system.cpu: T0 : 0x41edf9 @tcache_init.part.0+73    : jnle	0xb1                 
33176000: system.cpu: T0 : 0x41edff @tcache_init.part.0+79    : test	rbx                  
33176000: system.cpu: T0 : 0x41ee02 @tcache_init.part.0+82    : jz	0x34                   
33176000: system.cpu: T0 : 0x41ee04 @tcache_init.part.0+84    : mov	FS:[t0 + t0 + 0xffffffffffffffc0], rbx
33176000: system.cpu: T0 : 0x41ee0d @tcache_init.part.0+93    : lea	rdi, DS:[rbx + 0x8]   
33176000: system.cpu: T0 : 0x41ee11 @tcache_init.part.0+97    : xor	eax                   
33176000: system.cpu: T0 : 0x41ee13 @tcache_init.part.0+99    : and	rdi, 0xfffffffffffffff8
33177000: system.cpu: T0 : 0x41ee17 @tcache_init.part.0+103    : mov	DS:[rbx], 0           
33177000: system.cpu: T0 : 0x41ee1e @tcache_init.part.0+110    : mov	DS:[rbx + 0x278], 0   
33177000: system.cpu: T0 : 0x41ee29 @tcache_init.part.0+121    : sub	rdi                   
33177000: system.cpu: T0 : 0x41ee2c @tcache_init.part.0+124    : lea	ecx, DS:[rbx + 0x280] 
33177000: system.cpu: T0 : 0x41ee32 @tcache_init.part.0+130    : shr	0x3                   
33178000: system.cpu: T0 : 0x41ee35 @tcache_init.part.0+133    : stos	ES:[rdi]             
33869000: system.cpu: T0 : 0x41ee38 @tcache_init.part.0+136    : add	rsp, 0x8              
33869000: system.cpu: T0 : 0x41ee3c @tcache_init.part.0+140    : pop	rbx                   
33869000: system.cpu: T0 : 0x41ee3d @tcache_init.part.0+141    : pop	rbp                   
33870000: system.cpu: T0 : 0x41ee3e @tcache_init.part.0+142    : ret	                      
33874000: system.cpu: T0 : 0x41f63c @__libc_malloc+316    : cmp	DS:[rip + 0xa5165], r12
33874000: system.cpu: T0 : 0x41f643 @__libc_malloc+323    : jbe	0xffffffffffffff0b    
33874000: system.cpu: T0 : 0x41f649 @__libc_malloc+329    : mov	rdx, FS:[t0 + t0 + 0xffffffffffffffc0]
33874000: system.cpu: T0 : 0x41f652 @__libc_malloc+338    : test	rdx                  
33875000: system.cpu: T0 : 0x41f655 @__libc_malloc+341    : jz	0xfffffffffffffef9     
33875000: system.cpu: T0 : 0x41f65b @__libc_malloc+347    : hint	                     
33875000: system.cpu: T0 : 0x41f660 @__libc_malloc+352    : movzx	ecx, DS:[2*r12 + rdx]
33875000: system.cpu: T0 : 0x41f665 @__libc_malloc+357    : test	cx                   
33875000: system.cpu: T0 : 0x41f668 @__libc_malloc+360    : jz	0xfffffffffffffee6     
33892000: system.cpu: T0 : 0x41f554 @__libc_malloc+84    : mov	eax, FS:[t0 + t0 + 0x18]
33892000: system.cpu: T0 : 0x41f55c @__libc_malloc+92    : test	eax                  
33892000: system.cpu: T0 : 0x41f55e @__libc_malloc+94    : jz	0x144                  
33910000: system.cpu: T0 : 0x41f6a8 @__libc_malloc+424    : mov	rbp                   
33910000: system.cpu: T0 : 0x41f6ab @__libc_malloc+427    : lea	rbp, DS:[rip + 0xa512e]
33910000: system.cpu: T0 : 0x41f6b2 @__libc_malloc+434    : mov	rbp                   
33910000: system.cpu: T0 : 0x41f6b5 @__libc_malloc+437    : call	0xffffffffffffe776   
33920000: system.cpu: T0 : 0x41de30 @_int_malloc    : test	rsi                  
33920000: system.cpu: T0 : 0x41de33 @_int_malloc+3    : js	0x6b7                  
33920000: system.cpu: T0 : 0x41de39 @_int_malloc+9    : push	r15                  
33920000: system.cpu: T0 : 0x41de3b @_int_malloc+11    : lea	rax, DS:[rsi + 0x17]  
33922000: system.cpu: T0 : 0x41de3f @_int_malloc+15    : push	r14                  
33922000: system.cpu: T0 : 0x41de41 @_int_malloc+17    : push	r13                  
33922000: system.cpu: T0 : 0x41de43 @_int_malloc+19    : push	r12                  
33922000: system.cpu: T0 : 0x41de45 @_int_malloc+21    : push	rbp                  
33923000: system.cpu: T0 : 0x41de46 @_int_malloc+22    : mov	rsi                   
33923000: system.cpu: T0 : 0x41de49 @_int_malloc+25    : push	rbx                  
33923000: system.cpu: T0 : 0x41de4a @_int_malloc+26    : mov	rdi                   
33923000: system.cpu: T0 : 0x41de4d @_int_malloc+29    : sub	rsp, 0x98             
33923000: system.cpu: T0 : 0x41de54 @_int_malloc+36    : cmp	rax, 0x1f             
33924000: system.cpu: T0 : 0x41de58 @_int_malloc+40    : jnbe	0x11a                
33926000: system.cpu: T0 : 0x41df78 @_int_malloc+328    : and	rax, 0xfffffffffffffff0
33926000: system.cpu: T0 : 0x41df7c @_int_malloc+332    : mov	rax                   
33928000: system.cpu: T0 : 0x41df7f @_int_malloc+335    : test	rdi                  
33928000: system.cpu: T0 : 0x41df82 @_int_malloc+338    : jz	0x52e                  
33928000: system.cpu: T0 : 0x41df88 @_int_malloc+344    : mov	eax                   
33928000: system.cpu: T0 : 0x41df8b @_int_malloc+347    : shr	0x4                   
33928000: system.cpu: T0 : 0x41df8f @_int_malloc+351    : cmp	rax, DS:[rip + 0xad282]
33929000: system.cpu: T0 : 0x41df96 @_int_malloc+358    : jbe	0x234                 
34084000: system.cpu: T0 : 0x41e1d0 @_int_malloc+928    : lea	eax, DS:[r14 + 0xfffffffffffffffe]
34084000: system.cpu: T0 : 0x41e1d4 @_int_malloc+932    : lea	rdi, DS:[8*rax + rbx] 
34084000: system.cpu: T0 : 0x41e1d8 @_int_malloc+936    : lea	rcx, DS:[8*rax + t0 + 0x10]
34084000: system.cpu: T0 : 0x41e1e0 @_int_malloc+944    : mov	rdx, DS:[rdi + 0x10]  
34084000: system.cpu: T0 : 0x41e1e4 @_int_malloc+948    : test	rdx                  
34084000: system.cpu: T0 : 0x41e1e7 @_int_malloc+951    : jnz	0xfffffffffffffe97    
34085000: system.cpu: T0 : 0x41e1ed @_int_malloc+957    : lea	edx, DS:[r14 + r14 + 0xc]
34085000: system.cpu: T0 : 0x41e1f2 @_int_malloc+962    : sal	0x3                   
34085000: system.cpu: T0 : 0x41e1f6 @_int_malloc+966    : jmp	0xfffffffffffffc8b    
34090000: system.cpu: T0 : 0x41de86 @_int_malloc+86    : add	rbx                   
34090000: system.cpu: T0 : 0x41de89 @_int_malloc+89    : mov	rax, DS:[rdx + 0x8]   
34090000: system.cpu: T0 : 0x41de8d @_int_malloc+93    : lea	rsi, DS:[rdx + 0xfffffffffffffff0]
34090000: system.cpu: T0 : 0x41de91 @_int_malloc+97    : cmp	rax                   
34090000: system.cpu: T0 : 0x41de94 @_int_malloc+100    : jz	0x3be                  
34092000: system.cpu: T0 : 0x41e258 @_int_malloc+1064    : mov	r13                   
34092000: system.cpu: T0 : 0x41e25b @_int_malloc+1067    : mov	r13                   
34092000: system.cpu: T0 : 0x41e25e @_int_malloc+1070    : mov	SS:[t0 + rsp + 0x1c], r14
34092000: system.cpu: T0 : 0x41e263 @_int_malloc+1075    : shr	0x9                   
34092000: system.cpu: T0 : 0x41e267 @_int_malloc+1079    : shr	0x6                   
34092000: system.cpu: T0 : 0x41e26b @_int_malloc+1083    : mov	SS:[t0 + rsp + 0x80], 0x6e
34092000: system.cpu: T0 : 0x41e276 @_int_malloc+1094    : mov	ecx                   
34093000: system.cpu: T0 : 0x41e278 @_int_malloc+1096    : mov	SS:[t0 + rsp + 0x50], rax
34093000: system.cpu: T0 : 0x41e27d @_int_malloc+1101    : add	eax, 0x30             
34095000: system.cpu: T0 : 0x41e280 @_int_malloc+1104    : add	edi, 0x5b             
34095000: system.cpu: T0 : 0x41e283 @_int_malloc+1107    : mov	SS:[t0 + rsp + 0x60], rcx
34095000: system.cpu: T0 : 0x41e288 @_int_malloc+1112    : mov	SS:[t0 + rsp + 0x84], rdi
34095000: system.cpu: T0 : 0x41e28f @_int_malloc+1119    : mov	SS:[t0 + rsp + 0x5c], rax
34095000: system.cpu: T0 : 0x41e293 @_int_malloc+1123    : mov	SS:[t0 + rsp + 0x7c], 0x77
34095000: system.cpu: T0 : 0x41e29b @_int_malloc+1131    : mov	SS:[t0 + rsp + 0x78], 0x7c
34096000: system.cpu: T0 : 0x41e2a3 @_int_malloc+1139    : mov	SS:[t0 + rsp + 0x70], 0
34096000: system.cpu: T0 : 0x41e2ac @_int_malloc+1148    : mov	SS:[t0 + rsp + 0x68], 0
34096000: system.cpu: T0 : 0x41e2b5 @_int_malloc+1157    : lea	rax, DS:[r13 + 0xffffffffffffffef]
34096000: system.cpu: T0 : 0x41e2b9 @_int_malloc+1161    : shr	0x4                   
34096000: system.cpu: T0 : 0x41e2bd @_int_malloc+1165    : mov	rax                   
34098000: system.cpu: T0 : 0x41e2c0 @_int_malloc+1168    : xor	eax                   
34098000: system.cpu: T0 : 0x41e2c2 @_int_malloc+1170    : mov	SS:[t0 + rsp + 0x10], rax
34098000: system.cpu: T0 : 0x41e2c7 @_int_malloc+1175    : cmp	FS:[t0 + t0 + 0xffffffffffffffc0], 0
34098000: system.cpu: T0 : 0x41e2d1 @_int_malloc+1185    : jz	0x10                   
34112000: system.cpu: T0 : 0x41e2d3 @_int_malloc+1187    : cmp	DS:[rip + 0xa64ce], r15
34112000: system.cpu: T0 : 0x41e2da @_int_malloc+1194    : cmovnbe	rax               
34112000: system.cpu: T0 : 0x41e2de @_int_malloc+1198    : mov	SS:[t0 + rsp + 0x10], rax
34112000: system.cpu: T0 : 0x41e2e3 @_int_malloc+1203    : lea	r11, DS:[rbx + 0x60]  
34112000: system.cpu: T0 : 0x41e2e7 @_int_malloc+1207    : mov	SS:[t0 + rsp + 0x58], r14
34113000: system.cpu: T0 : 0x41e2ec @_int_malloc+1212    : mov	SS:[t0 + rsp + 0x8], 0
34113000: system.cpu: T0 : 0x41e2f5 @_int_malloc+1221    : movd	XMM1                 
34113000: system.cpu: T0 : 0x41e2fa @_int_malloc+1226    : mov	SS:[t0 + rsp + 0x30], rbp
34115000: system.cpu: T0 : 0x41e2ff @_int_malloc+1231    : punpcklqdq	XMM1           
34115000: system.cpu: T0 : 0x41e303 @_int_malloc+1235    : mov	rdx, DS:[rbx + 0x78]  
34115000: system.cpu: T0 : 0x41e307 @_int_malloc+1239    : cmp	r11                   
34115000: system.cpu: T0 : 0x41e30a @_int_malloc+1242    : jz	0x378                  
34117000: system.cpu: T0 : 0x41e688 @_int_malloc+2136    : cmp	r13, 0x3ff            
34117000: system.cpu: T0 : 0x41e68f @_int_malloc+2143    : jbe	0x22                  
34130000: system.cpu: T0 : 0x41e6b3 @_int_malloc+2179    : mov	rax, SS:[t0 + rsp + 0x1c]
34130000: system.cpu: T0 : 0x41e6b7 @_int_malloc+2183    : lea	ecx, DS:[rax + 0x1]   
34130000: system.cpu: T0 : 0x41e6ba @_int_malloc+2186    : lea	eax, DS:[rax + rax + 0xe]
34130000: system.cpu: T0 : 0x41e6be @_int_malloc+2190    : mov	ecx                   
34132000: system.cpu: T0 : 0x41e6c0 @_int_malloc+2192    : lea	rdx, DS:[8*rax + rbx + 0xfffffffffffffff0]
34132000: system.cpu: T0 : 0x41e6c5 @_int_malloc+2197    : shr	0x5                   
34132000: system.cpu: T0 : 0x41e6c8 @_int_malloc+2200    : mov	edi                   
34132000: system.cpu: T0 : 0x41e6ca @_int_malloc+2202    : mov	esi, DS:[4*rax + rbx + 0x860]
34132000: system.cpu: T0 : 0x41e6d1 @_int_malloc+2209    : mov	eax, 0x1              
34132000: system.cpu: T0 : 0x41e6d6 @_int_malloc+2214    : sal	ecx                   
34132000: system.cpu: T0 : 0x41e6d8 @_int_malloc+2216    : hint	                     
34132000: system.cpu: T0 : 0x41e6e0 @_int_malloc+2224    : cmp	esi                   
34133000: system.cpu: T0 : 0x41e6e2 @_int_malloc+2226    : jnbe	0x1b8                
34135000: system.cpu: T0 : 0x41e8a0 @_int_malloc+2672    : lea	eax, DS:[rdi + 0x1]   
34135000: system.cpu: T0 : 0x41e8a3 @_int_malloc+2675    : cmp	edi, 0x3              
34135000: system.cpu: T0 : 0x41e8a6 @_int_malloc+2678    : jz	0x3d                   
34135000: system.cpu: T0 : 0x41e8a8 @_int_malloc+2680    : mov	eax                   
34135000: system.cpu: T0 : 0x41e8aa @_int_malloc+2682    : mov	esi, DS:[4*rdx + rbx + 0x860]
34136000: system.cpu: T0 : 0x41e8b1 @_int_malloc+2689    : test	esi                  
34136000: system.cpu: T0 : 0x41e8b3 @_int_malloc+2691    : jnz	0x266                 
34136000: system.cpu: T0 : 0x41e8b9 @_int_malloc+2697    : lea	eax, DS:[rdi + 0x2]   
34136000: system.cpu: T0 : 0x41e8bc @_int_malloc+2700    : cmp	edi, 0x2              
34138000: system.cpu: T0 : 0x41e8bf @_int_malloc+2703    : jz	0x24                   
34138000: system.cpu: T0 : 0x41e8c1 @_int_malloc+2705    : mov	eax                   
34138000: system.cpu: T0 : 0x41e8c3 @_int_malloc+2707    : mov	esi, DS:[4*rdx + rbx + 0x860]
34138000: system.cpu: T0 : 0x41e8ca @_int_malloc+2714    : test	esi                  
34138000: system.cpu: T0 : 0x41e8cc @_int_malloc+2716    : jnz	0x24d                 
34139000: system.cpu: T0 : 0x41e8d2 @_int_malloc+2722    : cmp	edi, 0x1              
34139000: system.cpu: T0 : 0x41e8d5 @_int_malloc+2725    : jz	0xe                    
34151000: system.cpu: T0 : 0x41e8d7 @_int_malloc+2727    : mov	esi, DS:[rbx + 0x86c] 
34151000: system.cpu: T0 : 0x41e8dd @_int_malloc+2733    : test	esi                  
34151000: system.cpu: T0 : 0x41e8df @_int_malloc+2735    : jnz	0x26b                 
34151000: system.cpu: T0 : 0x41e8e5 @_int_malloc+2741    : mov	rax, DS:[rbx + 0x60]  
34151000: system.cpu: T0 : 0x41e8e9 @_int_malloc+2745    : mov	rdx, DS:[rax + 0x8]   
34151000: system.cpu: T0 : 0x41e8ed @_int_malloc+2749    : and	rdx, 0xfffffffffffffff8
34152000: system.cpu: T0 : 0x41e8f1 @_int_malloc+2753    : cmp	DS:[rbx + 0x888], rdx 
34152000: system.cpu: T0 : 0x41e8f8 @_int_malloc+2760    : jb	0x23a                  
34154000: system.cpu: T0 : 0x41e8fe @_int_malloc+2766    : lea	rcx, DS:[r13 + 0x20]  
34154000: system.cpu: T0 : 0x41e902 @_int_malloc+2770    : cmp	rdx                   
34154000: system.cpu: T0 : 0x41e905 @_int_malloc+2773    : jbe	0x378                 
34263000: system.cpu: T0 : 0x41ec83 @_int_malloc+3667    : lea	rcx, DS:[rip + 0xa5b56]
34263000: system.cpu: T0 : 0x41ec8a @_int_malloc+3674    : lea	rsi, DS:[r13 + rax]   
34263000: system.cpu: T0 : 0x41ec8e @_int_malloc+3678    : mov	rbp, SS:[t0 + rsp + 0x30]
34263000: system.cpu: T0 : 0x41ec93 @_int_malloc+3683    : cmp	rcx                   
34263000: system.cpu: T0 : 0x41ec96 @_int_malloc+3686    : mov	DS:[rbx + 0x60], rsi  
34263000: system.cpu: T0 : 0x41ec9a @_int_malloc+3690    : lea	r9, DS:[rax + 0x10]   
34263000: system.cpu: T0 : 0x41ec9e @_int_malloc+3694    : setnz	                    
34264000: system.cpu: T0 : 0x41eca1 @_int_malloc+3697    : sub	r13                   
34264000: system.cpu: T0 : 0x41eca4 @_int_malloc+3700    : movzx	ecx                 
34264000: system.cpu: T0 : 0x41eca7 @_int_malloc+3703    : or	rdx, 0x1               
34264000: system.cpu: T0 : 0x41ecab @_int_malloc+3707    : sal	0x2                   
34264000: system.cpu: T0 : 0x41ecaf @_int_malloc+3711    : or	r13                    
34265000: system.cpu: T0 : 0x41ecb2 @_int_malloc+3714    : or	rcx, 0x1               
34265000: system.cpu: T0 : 0x41ecb6 @_int_malloc+3718    : mov	DS:[rax + 0x8], rcx   
34265000: system.cpu: T0 : 0x41ecba @_int_malloc+3722    : mov	eax, DS:[rip + 0xac554]
34267000: system.cpu: T0 : 0x41ecc0 @_int_malloc+3728    : mov	DS:[rsi + 0x8], rdx   
34267000: system.cpu: T0 : 0x41ecc4 @_int_malloc+3732    : test	eax                  
34267000: system.cpu: T0 : 0x41ecc6 @_int_malloc+3734    : jz	0xfffffffffffff80a     
34284000: system.cpu: T0 : 0x41e4d6 @_int_malloc+1702    : add	rsp, 0x98             
34284000: system.cpu: T0 : 0x41e4dd @_int_malloc+1709    : mov	r9                    
34284000: system.cpu: T0 : 0x41e4e0 @_int_malloc+1712    : pop	rbx                   
34284000: system.cpu: T0 : 0x41e4e1 @_int_malloc+1713    : pop	rbp                   
34285000: system.cpu: T0 : 0x41e4e2 @_int_malloc+1714    : pop	r12                   
34285000: system.cpu: T0 : 0x41e4e4 @_int_malloc+1716    : pop	r13                   
34285000: system.cpu: T0 : 0x41e4e6 @_int_malloc+1718    : pop	r14                   
34286000: system.cpu: T0 : 0x41e4e8 @_int_malloc+1720    : pop	r15                   
34286000: system.cpu: T0 : 0x41e4ea @_int_malloc+1722    : ret	                      
34288000: system.cpu: T0 : 0x41f6ba @__libc_malloc+442    : test	rax                  
34290000: system.cpu: T0 : 0x41f6bd @__libc_malloc+445    : jz	0x9d                   
34290000: system.cpu: T0 : 0x41f6c3 @__libc_malloc+451    : mov	rdx, DS:[rax + 0xfffffffffffffff8]
34290000: system.cpu: T0 : 0x41f6c7 @__libc_malloc+455    : test	dl, 0x2              
34290000: system.cpu: T0 : 0x41f6ca @__libc_malloc+458    : jnz	0xffffffffffffff2f    
34291000: system.cpu: T0 : 0x41f6d0 @__libc_malloc+464    : and	edx, 0x4              
34291000: system.cpu: T0 : 0x41f6d3 @__libc_malloc+467    : jz	0xffffffffffffff26     
34415000: system.cpu: T0 : 0x41f5ff @__libc_malloc+255    : add	rsp, 0x18             
34415000: system.cpu: T0 : 0x41f603 @__libc_malloc+259    : pop	rbp                   
34415000: system.cpu: T0 : 0x41f604 @__libc_malloc+260    : pop	r12                   
34416000: system.cpu: T0 : 0x41f606 @__libc_malloc+262    : ret	                      
34418000: system.cpu: T0 : 0x4809cb @_dl_get_origin+283    : mov	rax                   
34418000: system.cpu: T0 : 0x4809ce @_dl_get_origin+286    : test	rax                  
34418000: system.cpu: T0 : 0x4809d1 @_dl_get_origin+289    : jz	0xffffffffffffffd5     
34418000: system.cpu: T0 : 0x4809d3 @_dl_get_origin+291    : movsxd	rdx                
34418000: system.cpu: T0 : 0x4809d6 @_dl_get_origin+294    : mov	rbp                   
34418000: system.cpu: T0 : 0x4809d9 @_dl_get_origin+297    : mov	r12                   
34419000: system.cpu: T0 : 0x4809dc @_dl_get_origin+300    : call	0xfffffffffff806d7   
34421000: system.cpu: T0 : 0x4010b8 @_init+184    : jmp	DS:[rip + 0xc2ff2]    
34435000: system.cpu: T0 : 0x42b350 @__mempcpy_ssse3    : hint	                     
34435000: system.cpu: T0 : 0x42b354 @__mempcpy_ssse3+4    : mov	rdi                   
34435000: system.cpu: T0 : 0x42b357 @__mempcpy_ssse3+7    : add	rdx                   
34435000: system.cpu: T0 : 0x42b35a @__mempcpy_ssse3+10    : jmp	0x1b                  
34444000: system.cpu: T0 : 0x42b377 @__memcpy_ssse3+7    : cmp	rdx, 0x4f             
34446000: system.cpu: T0 : 0x42b37b @__memcpy_ssse3+11    : lea	r11, DS:[rip + 0x6fbb6]
34446000: system.cpu: T0 : 0x42b382 @__memcpy_ssse3+18    : jnbe	0x1c                 
34446000: system.cpu: T0 : 0x42b384 @__memcpy_ssse3+20    : movsxd	r9, DS:[4*rdx + r11]
34446000: system.cpu: T0 : 0x42b388 @__memcpy_ssse3+24    : add	rdx                   
34447000: system.cpu: T0 : 0x42b38b @__memcpy_ssse3+27    : add	rdx                   
34447000: system.cpu: T0 : 0x42b38e @__memcpy_ssse3+30    : add	r11                   
34447000: system.cpu: T0 : 0x42b391 @__memcpy_ssse3+33    : jmp	                      
34691000: system.cpu: T0 : 0x42d310 @__memcpy_ssse3+8096    : mov	r9, DS:[rsi + 0xffffffffffffffdd]
34691000: system.cpu: T0 : 0x42d314 @__memcpy_ssse3+8100    : mov	r10, DS:[rsi + 0xffffffffffffffe5]
34691000: system.cpu: T0 : 0x42d318 @__memcpy_ssse3+8104    : mov	r11, DS:[rsi + 0xffffffffffffffed]
34691000: system.cpu: T0 : 0x42d31c @__memcpy_ssse3+8108    : mov	rcx, DS:[rsi + 0xfffffffffffffff5]
34691000: system.cpu: T0 : 0x42d320 @__memcpy_ssse3+8112    : mov	edx, DS:[rsi + 0xfffffffffffffffc]
34691000: system.cpu: T0 : 0x42d323 @__memcpy_ssse3+8115    : mov	DS:[rdi + 0xffffffffffffffdd], r9
34691000: system.cpu: T0 : 0x42d327 @__memcpy_ssse3+8119    : mov	DS:[rdi + 0xffffffffffffffe5], r10
34691000: system.cpu: T0 : 0x42d32b @__memcpy_ssse3+8123    : mov	DS:[rdi + 0xffffffffffffffed], r11
34692000: system.cpu: T0 : 0x42d32f @__memcpy_ssse3+8127    : mov	DS:[rdi + 0xfffffffffffffff5], rcx
34692000: system.cpu: T0 : 0x42d333 @__memcpy_ssse3+8131    : mov	DS:[rdi + 0xfffffffffffffffc], edx
34692000: system.cpu: T0 : 0x42d336 @__memcpy_ssse3+8134    : ret	                      
34694000: system.cpu: T0 : 0x4809e1 @_dl_get_origin+305    : mov	DS:[rax], 0           
34694000: system.cpu: T0 : 0x4809e4 @_dl_get_origin+308    : jmp	0xffffffffffffffc9    
34806000: system.cpu: T0 : 0x4809af @_dl_get_origin+255    : add	rsp, 0x1008           
34806000: system.cpu: T0 : 0x4809b6 @_dl_get_origin+262    : mov	r12                   
34806000: system.cpu: T0 : 0x4809b9 @_dl_get_origin+265    : pop	rbx                   
34806000: system.cpu: T0 : 0x4809ba @_dl_get_origin+266    : pop	rbp                   
34807000: system.cpu: T0 : 0x4809bb @_dl_get_origin+267    : pop	r12                   
34807000: system.cpu: T0 : 0x4809bd @_dl_get_origin+269    : pop	r13                   
34807000: system.cpu: T0 : 0x4809bf @_dl_get_origin+271    : ret	                      
34810000: system.cpu: T0 : 0x453e07 @_dl_non_dynamic_init+23    : lea	rdi, DS:[rip + 0x48fbd]
34810000: system.cpu: T0 : 0x453e0e @_dl_non_dynamic_init+30    : mov	DS:[rip + 0x7177b], rax
34810000: system.cpu: T0 : 0x453e15 @_dl_non_dynamic_init+37    : mov	rax, DS:[rip + 0x77514]
34810000: system.cpu: T0 : 0x453e1c @_dl_non_dynamic_init+44    : mov	DS:[rip + 0x716c5], rax
34811000: system.cpu: T0 : 0x453e23 @_dl_non_dynamic_init+51    : mov	rax, DS:[rip + 0x774fe]
34811000: system.cpu: T0 : 0x453e2a @_dl_non_dynamic_init+58    : mov	DS:[rip + 0x716c7], ax
34811000: system.cpu: T0 : 0x453e31 @_dl_non_dynamic_init+65    : call	0xfffffffffffb67fa   
34938000: system.cpu: T0 : 0x40a630 @getenv    : hint	                     
34938000: system.cpu: T0 : 0x40a634 @getenv+4    : push	r15                  
34938000: system.cpu: T0 : 0x40a636 @getenv+6    : push	r14                  
34938000: system.cpu: T0 : 0x40a638 @getenv+8    : push	r13                  
34938000: system.cpu: T0 : 0x40a63a @getenv+10    : push	r12                  
34939000: system.cpu: T0 : 0x40a63c @getenv+12    : push	rbp                  
34939000: system.cpu: T0 : 0x40a63d @getenv+13    : push	rbx                  
35034000: system.cpu: T0 : 0x40a63e @getenv+14    : sub	rsp, 0x8              
35034000: system.cpu: T0 : 0x40a642 @getenv+18    : mov	rbx, DS:[rip + 0xc0bf7]
35034000: system.cpu: T0 : 0x40a649 @getenv+25    : test	rbx                  
35034000: system.cpu: T0 : 0x40a64c @getenv+28    : jz	0xbe                   
35035000: system.cpu: T0 : 0x40a652 @getenv+34    : movzx	eax, DS:[rdi]       
35035000: system.cpu: T0 : 0x40a655 @getenv+37    : mov	rdi                   
35035000: system.cpu: T0 : 0x40a658 @getenv+40    : test	al                   
35035000: system.cpu: T0 : 0x40a65a @getenv+42    : jz	0xb0                   
35035000: system.cpu: T0 : 0x40a660 @getenv+48    : cmp	DS:[rdi + 0x1], 0     
35036000: system.cpu: T0 : 0x40a664 @getenv+52    : jnz	0x42                  
35172000: system.cpu: T0 : 0x40a6a8 @getenv+120    : call	0xffffffffffff6a23   
35184000: system.cpu: T0 : 0x4010d0 @_init+208    : jmp	DS:[rip + 0xc2ff2]    
35198000: system.cpu: T0 : 0x43e530 @__strlen_sse2    : hint	                     
35198000: system.cpu: T0 : 0x43e534 @__strlen_sse2+4    : pxor	XMM0                 
35198000: system.cpu: T0 : 0x43e538 @__strlen_sse2+8    : pxor	XMM1                 
35198000: system.cpu: T0 : 0x43e53c @__strlen_sse2+12    : pxor	XMM2                 
35200000: system.cpu: T0 : 0x43e540 @__strlen_sse2+16    : pxor	XMM3                 
35200000: system.cpu: T0 : 0x43e544 @__strlen_sse2+20    : mov	rdi                   
35200000: system.cpu: T0 : 0x43e547 @__strlen_sse2+23    : mov	rdi                   
35200000: system.cpu: T0 : 0x43e54a @__strlen_sse2+26    : and	rcx, 0xfff            
35200000: system.cpu: T0 : 0x43e551 @__strlen_sse2+33    : cmp	rcx, 0xfcf            
35201000: system.cpu: T0 : 0x43e558 @__strlen_sse2+40    : jnbe	0x66                 
35201000: system.cpu: T0 : 0x43e55a @__strlen_sse2+42    : movdqu	XMM4, DS:[rax]     
35201000: system.cpu: T0 : 0x43e55e @__strlen_sse2+46    : pcmpeqb	XMM4              
35201000: system.cpu: T0 : 0x43e562 @__strlen_sse2+50    : pmovmskb	edx, XMM4        
35202000: system.cpu: T0 : 0x43e566 @__strlen_sse2+54    : test	edx                  
35202000: system.cpu: T0 : 0x43e568 @__strlen_sse2+56    : jz	0x4                    
35202000: system.cpu: T0 : 0x43e56a @__strlen_sse2+58    : bsf	eax                   
35208000: system.cpu: T0 : 0x43e56d @__strlen_sse2+61    : ret	                      
35210000: system.cpu: T0 : 0x40a6ad @getenv+125    : mov	r12, DS:[rbx]         
35210000: system.cpu: T0 : 0x40a6b0 @getenv+128    : movzx	ebp, DS:[r15]       
35210000: system.cpu: T0 : 0x40a6b4 @getenv+132    : add	r15, 0x2              
35210000: system.cpu: T0 : 0x40a6b8 @getenv+136    : mov	rax                   
35210000: system.cpu: T0 : 0x40a6bb @getenv+139    : lea	r14, DS:[rax + 0xfffffffffffffffe]
35269000: system.cpu: T0 : 0x40a6bf @getenv+143    : test	r12                  
35269000: system.cpu: T0 : 0x40a6c2 @getenv+146    : jnz	0x19                  
35269000: system.cpu: T0 : 0x40a6c4 @getenv+148    : jmp	0xffffffffffffffca    
35274000: system.cpu: T0 : 0x40a690 @getenv+96    : add	rsp, 0x8              
35274000: system.cpu: T0 : 0x40a694 @getenv+100    : mov	r12                   
35274000: system.cpu: T0 : 0x40a697 @getenv+103    : pop	rbx                   
35274000: system.cpu: T0 : 0x40a698 @getenv+104    : pop	rbp                   
35275000: system.cpu: T0 : 0x40a699 @getenv+105    : pop	r12                   
35275000: system.cpu: T0 : 0x40a69b @getenv+107    : pop	r13                   
35275000: system.cpu: T0 : 0x40a69d @getenv+109    : pop	r14                   
35276000: system.cpu: T0 : 0x40a69f @getenv+111    : pop	r15                   
35276000: system.cpu: T0 : 0x40a6a1 @getenv+113    : ret	                      
35278000: system.cpu: T0 : 0x453e36 @_dl_non_dynamic_init+70    : xor	edx                   
35278000: system.cpu: T0 : 0x453e38 @_dl_non_dynamic_init+72    : test	rax                  
35278000: system.cpu: T0 : 0x453e3b @_dl_non_dynamic_init+75    : jz	0x8                    
35290000: system.cpu: T0 : 0x453e45 @_dl_non_dynamic_init+85    : cmp	DS:[rip + 0x77463], 0 
35290000: system.cpu: T0 : 0x453e4d @_dl_non_dynamic_init+93    : mov	DS:[rip + 0x77745], edx
35290000: system.cpu: T0 : 0x453e53 @_dl_non_dynamic_init+99    : jz	0x997                  
35291000: system.cpu: T0 : 0x453e59 @_dl_non_dynamic_init+105    : xor	r9d                   
35291000: system.cpu: T0 : 0x453e5c @_dl_non_dynamic_init+108    : mov	r8d, 0x1000000        
35291000: system.cpu: T0 : 0x453e62 @_dl_non_dynamic_init+114    : xor	ecx                   
35291000: system.cpu: T0 : 0x453e64 @_dl_non_dynamic_init+116    : mov	edx, 0x1              
35291000: system.cpu: T0 : 0x453e69 @_dl_non_dynamic_init+121    : lea	rdi, DS:[rip + 0x5a6ad]
35291000: system.cpu: T0 : 0x453e70 @_dl_non_dynamic_init+128    : mov	rdi                   
35292000: system.cpu: T0 : 0x453e73 @_dl_non_dynamic_init+131    : call	0x2c728              
35294000: system.cpu: T0 : 0x4805a0 @_dl_new_object    : hint	                     
35294000: system.cpu: T0 : 0x4805a4 @_dl_new_object+4    : push	r15                  
35294000: system.cpu: T0 : 0x4805a6 @_dl_new_object+6    : push	r14                  
35294000: system.cpu: T0 : 0x4805a8 @_dl_new_object+8    : mov	r9                    
35294000: system.cpu: T0 : 0x4805ab @_dl_new_object+11    : push	r13                  
35295000: system.cpu: T0 : 0x4805ad @_dl_new_object+13    : mov	edx                   
35295000: system.cpu: T0 : 0x4805b0 @_dl_new_object+16    : push	r12                  
35295000: system.cpu: T0 : 0x4805b2 @_dl_new_object+18    : push	rbp                  
35295000: system.cpu: T0 : 0x4805b3 @_dl_new_object+19    : mov	rsi                   
35295000: system.cpu: T0 : 0x4805b6 @_dl_new_object+22    : push	rbx                  
35296000: system.cpu: T0 : 0x4805b7 @_dl_new_object+23    : mov	rcx                   
35296000: system.cpu: T0 : 0x4805ba @_dl_new_object+26    : sub	rsp, 0x28             
35391000: system.cpu: T0 : 0x4805be @_dl_new_object+30    : mov	SS:[t0 + rsp + 0x8], rdi
35391000: system.cpu: T0 : 0x4805c3 @_dl_new_object+35    : mov	rsi                   
35391000: system.cpu: T0 : 0x4805c6 @_dl_new_object+38    : mov	SS:[t0 + rsp + 0x18], r8
35391000: system.cpu: T0 : 0x4805cb @_dl_new_object+43    : call	0xfffffffffff80b00   
35396000: system.cpu: T0 : 0x4010d0 @_init+208    : jmp	DS:[rip + 0xc2ff2]    
35410000: system.cpu: T0 : 0x43e530 @__strlen_sse2    : hint	                     
35410000: system.cpu: T0 : 0x43e534 @__strlen_sse2+4    : pxor	XMM0                 
35410000: system.cpu: T0 : 0x43e538 @__strlen_sse2+8    : pxor	XMM1                 
35410000: system.cpu: T0 : 0x43e53c @__strlen_sse2+12    : pxor	XMM2                 
35412000: system.cpu: T0 : 0x43e540 @__strlen_sse2+16    : pxor	XMM3                 
35412000: system.cpu: T0 : 0x43e544 @__strlen_sse2+20    : mov	rdi                   
35412000: system.cpu: T0 : 0x43e547 @__strlen_sse2+23    : mov	rdi                   
35412000: system.cpu: T0 : 0x43e54a @__strlen_sse2+26    : and	rcx, 0xfff            
35412000: system.cpu: T0 : 0x43e551 @__strlen_sse2+33    : cmp	rcx, 0xfcf            
35413000: system.cpu: T0 : 0x43e558 @__strlen_sse2+40    : jnbe	0x66                 
35413000: system.cpu: T0 : 0x43e55a @__strlen_sse2+42    : movdqu	XMM4, DS:[rax]     
35413000: system.cpu: T0 : 0x43e55e @__strlen_sse2+46    : pcmpeqb	XMM4              
35413000: system.cpu: T0 : 0x43e562 @__strlen_sse2+50    : pmovmskb	edx, XMM4        
35414000: system.cpu: T0 : 0x43e566 @__strlen_sse2+54    : test	edx                  
35414000: system.cpu: T0 : 0x43e568 @__strlen_sse2+56    : jz	0x4                    
35414000: system.cpu: T0 : 0x43e56a @__strlen_sse2+58    : bsf	eax                   
35420000: system.cpu: T0 : 0x43e56d @__strlen_sse2+61    : ret	                      
35422000: system.cpu: T0 : 0x4805d0 @_dl_new_object+48    : mov	esi, 0x1              
35422000: system.cpu: T0 : 0x4805d5 @_dl_new_object+53    : lea	rdx, DS:[rax + 0x1]   
35422000: system.cpu: T0 : 0x4805d9 @_dl_new_object+57    : lea	rdi, DS:[rax + 0x4a9] 
35422000: system.cpu: T0 : 0x4805e0 @_dl_new_object+64    : mov	rax                   
35422000: system.cpu: T0 : 0x4805e3 @_dl_new_object+67    : mov	SS:[t0 + rsp + 0x10], rdx
35422000: system.cpu: T0 : 0x4805e8 @_dl_new_object+72    : call	0xfffffffffffa0363   
35586000: system.cpu: T0 : 0x420950 @__libc_calloc    : hint	                     
35586000: system.cpu: T0 : 0x420954 @__libc_calloc+4    : push	r13                  
35586000: system.cpu: T0 : 0x420956 @__libc_calloc+6    : mov	rdi                   
35586000: system.cpu: T0 : 0x420959 @__libc_calloc+9    : push	r12                  
35586000: system.cpu: T0 : 0x42095b @__libc_calloc+11    : push	rbp                  
35587000: system.cpu: T0 : 0x42095c @__libc_calloc+12    : push	rbx                  
35587000: system.cpu: T0 : 0x42095d @__libc_calloc+13    : sub	rsp, 0x18             
35587000: system.cpu: T0 : 0x420961 @__libc_calloc+17    : mul	                      
35587000: system.cpu: T0 : 0x420964 @__libc_calloc+20    : mov	rax                   
35588000: system.cpu: T0 : 0x420967 @__libc_calloc+23    : seto	                     
35588000: system.cpu: T0 : 0x42096a @__libc_calloc+26    : test	r12                  
35588000: system.cpu: T0 : 0x42096d @__libc_calloc+29    : js	0x295                  
35588000: system.cpu: T0 : 0x420973 @__libc_calloc+35    : movzx	eax                 
35589000: system.cpu: T0 : 0x420976 @__libc_calloc+38    : test	rax                  
35589000: system.cpu: T0 : 0x420979 @__libc_calloc+41    : jnz	0x289                 
35684000: system.cpu: T0 : 0x42097f @__libc_calloc+47    : cmp	DS:[rip + 0xaa87a], 0 
35684000: system.cpu: T0 : 0x420986 @__libc_calloc+54    : jz	0x1cc                  
35684000: system.cpu: T0 : 0x42098c @__libc_calloc+60    : cmp	FS:[t0 + t0 + 0xffffffffffffffc0], 0
35685000: system.cpu: T0 : 0x420996 @__libc_calloc+70    : jz	0x28c                  
35685000: system.cpu: T0 : 0x42099c @__libc_calloc+76    : mov	eax, FS:[t0 + t0 + 0x18]
35685000: system.cpu: T0 : 0x4209a4 @__libc_calloc+84    : test	eax                  
35685000: system.cpu: T0 : 0x4209a6 @__libc_calloc+86    : jz	0x1bc                  
35794000: system.cpu: T0 : 0x420b68 @__libc_calloc+536    : mov	rbx, DS:[rip + 0xa3cd1]
35794000: system.cpu: T0 : 0x420b6f @__libc_calloc+543    : lea	r13, DS:[rip + 0xa3c6a]
35794000: system.cpu: T0 : 0x420b76 @__libc_calloc+550    : mov	rbp, DS:[rbx + 0x8]   
35794000: system.cpu: T0 : 0x420b7a @__libc_calloc+554    : and	rbp, 0xfffffffffffffff8
35889000: system.cpu: T0 : 0x420b7e @__libc_calloc+558    : jmp	0xfffffffffffffe99    
35987000: system.cpu: T0 : 0x420a1c @__libc_calloc+204    : mov	r12                   
35987000: system.cpu: T0 : 0x420a1f @__libc_calloc+207    : mov	r13                   
35987000: system.cpu: T0 : 0x420a22 @__libc_calloc+210    : call	0xffffffffffffd409   
35992000: system.cpu: T0 : 0x41de30 @_int_malloc    : test	rsi                  
35992000: system.cpu: T0 : 0x41de33 @_int_malloc+3    : js	0x6b7                  
35992000: system.cpu: T0 : 0x41de39 @_int_malloc+9    : push	r15                  
35992000: system.cpu: T0 : 0x41de3b @_int_malloc+11    : lea	rax, DS:[rsi + 0x17]  
35994000: system.cpu: T0 : 0x41de3f @_int_malloc+15    : push	r14                  
35994000: system.cpu: T0 : 0x41de41 @_int_malloc+17    : push	r13                  
35994000: system.cpu: T0 : 0x41de43 @_int_malloc+19    : push	r12                  
35994000: system.cpu: T0 : 0x41de45 @_int_malloc+21    : push	rbp                  
35995000: system.cpu: T0 : 0x41de46 @_int_malloc+22    : mov	rsi                   
35995000: system.cpu: T0 : 0x41de49 @_int_malloc+25    : push	rbx                  
35995000: system.cpu: T0 : 0x41de4a @_int_malloc+26    : mov	rdi                   
35995000: system.cpu: T0 : 0x41de4d @_int_malloc+29    : sub	rsp, 0x98             
35995000: system.cpu: T0 : 0x41de54 @_int_malloc+36    : cmp	rax, 0x1f             
35996000: system.cpu: T0 : 0x41de58 @_int_malloc+40    : jnbe	0x11a                
35998000: system.cpu: T0 : 0x41df78 @_int_malloc+328    : and	rax, 0xfffffffffffffff0
35998000: system.cpu: T0 : 0x41df7c @_int_malloc+332    : mov	rax                   
36000000: system.cpu: T0 : 0x41df7f @_int_malloc+335    : test	rdi                  
36000000: system.cpu: T0 : 0x41df82 @_int_malloc+338    : jz	0x52e                  
36000000: system.cpu: T0 : 0x41df88 @_int_malloc+344    : mov	eax                   
36000000: system.cpu: T0 : 0x41df8b @_int_malloc+347    : shr	0x4                   
36000000: system.cpu: T0 : 0x41df8f @_int_malloc+351    : cmp	rax, DS:[rip + 0xad282]
36001000: system.cpu: T0 : 0x41df96 @_int_malloc+358    : jbe	0x234                 
36015000: system.cpu: T0 : 0x41df9c @_int_malloc+364    : cmp	rax, 0x3ff            
36015000: system.cpu: T0 : 0x41dfa2 @_int_malloc+370    : jbe	0xa00                 
36015000: system.cpu: T0 : 0x41dfa8 @_int_malloc+376    : mov	edx, 0x2              
36015000: system.cpu: T0 : 0x41dfad @_int_malloc+381    : mov	rax                   
36015000: system.cpu: T0 : 0x41dfb0 @_int_malloc+384    : mov	rax                   
36016000: system.cpu: T0 : 0x41dfb3 @_int_malloc+387    : mov	rax                   
36016000: system.cpu: T0 : 0x41dfb6 @_int_malloc+390    : shr	0xc                   
36016000: system.cpu: T0 : 0x41dfba @_int_malloc+394    : mov	rax                   
36018000: system.cpu: T0 : 0x41dfbd @_int_malloc+397    : shr	0x12                  
36018000: system.cpu: T0 : 0x41dfc1 @_int_malloc+401    : shr	0xf                   
36018000: system.cpu: T0 : 0x41dfc5 @_int_malloc+405    : shr	0x6                   
36018000: system.cpu: T0 : 0x41dfc9 @_int_malloc+409    : lea	r10d, DS:[rsi + 0x6e] 
36018000: system.cpu: T0 : 0x41dfcd @_int_malloc+413    : mov	SS:[t0 + rsp + 0x68], rsi
36018000: system.cpu: T0 : 0x41dfd2 @_int_malloc+418    : shr	0x9                   
36018000: system.cpu: T0 : 0x41dfd6 @_int_malloc+422    : cmp	rdx                   
36018000: system.cpu: T0 : 0x41dfd9 @_int_malloc+425    : lea	r9d, DS:[r15 + 0x77]  
36019000: system.cpu: T0 : 0x41dfdd @_int_malloc+429    : mov	SS:[t0 + rsp + 0x70], r15
36019000: system.cpu: T0 : 0x41dfe2 @_int_malloc+434    : cmovnbe	rax               
36019000: system.cpu: T0 : 0x41dfe6 @_int_malloc+438    : mov	r15                   
36019000: system.cpu: T0 : 0x41dfe9 @_int_malloc+441    : lea	r15d, DS:[rcx + 0x5b] 
36019000: system.cpu: T0 : 0x41dfed @_int_malloc+445    : mov	SS:[t0 + rsp + 0x50], rdi
36019000: system.cpu: T0 : 0x41dff2 @_int_malloc+450    : mov	SS:[t0 + rsp + 0x60], rcx
36019000: system.cpu: T0 : 0x41dff7 @_int_malloc+455    : lea	r11d, DS:[rax + 0x7c] 
36020000: system.cpu: T0 : 0x41dffb @_int_malloc+459    : mov	rsi                   
36020000: system.cpu: T0 : 0x41dffe @_int_malloc+462    : mov	edi                   
36134000: system.cpu: T0 : 0x41e000 @_int_malloc+464    : mov	SS:[t0 + rsp + 0x7c], r9
36134000: system.cpu: T0 : 0x41e005 @_int_malloc+469    : add	esi, 0x30             
36134000: system.cpu: T0 : 0x41e008 @_int_malloc+472    : mov	SS:[t0 + rsp + 0x78], r11
36134000: system.cpu: T0 : 0x41e00d @_int_malloc+477    : mov	SS:[t0 + rsp + 0x80], r10
36134000: system.cpu: T0 : 0x41e015 @_int_malloc+485    : mov	SS:[t0 + rsp + 0x84], r15
36134000: system.cpu: T0 : 0x41e01d @_int_malloc+493    : mov	SS:[t0 + rsp + 0x5c], rsi
36134000: system.cpu: T0 : 0x41e021 @_int_malloc+497    : mov	SS:[t0 + rsp + 0x1c], rsi
36135000: system.cpu: T0 : 0x41e025 @_int_malloc+501    : cmp	rdi, 0x30             
36135000: system.cpu: T0 : 0x41e029 @_int_malloc+505    : jbe	0x1d                  
36239000: system.cpu: T0 : 0x41e048 @_int_malloc+536    : mov	eax, DS:[rbx + 0x8]   
36239000: system.cpu: T0 : 0x41e04b @_int_malloc+539    : test	eax                  
36239000: system.cpu: T0 : 0x41e04d @_int_malloc+541    : jz	0x262                  
36253000: system.cpu: T0 : 0x41e2b5 @_int_malloc+1157    : lea	rax, DS:[r13 + 0xffffffffffffffef]
36253000: system.cpu: T0 : 0x41e2b9 @_int_malloc+1161    : shr	0x4                   
36253000: system.cpu: T0 : 0x41e2bd @_int_malloc+1165    : mov	rax                   
36255000: system.cpu: T0 : 0x41e2c0 @_int_malloc+1168    : xor	eax                   
36255000: system.cpu: T0 : 0x41e2c2 @_int_malloc+1170    : mov	SS:[t0 + rsp + 0x10], rax
36255000: system.cpu: T0 : 0x41e2c7 @_int_malloc+1175    : cmp	FS:[t0 + t0 + 0xffffffffffffffc0], 0
36255000: system.cpu: T0 : 0x41e2d1 @_int_malloc+1185    : jz	0x10                   
36256000: system.cpu: T0 : 0x41e2d3 @_int_malloc+1187    : cmp	DS:[rip + 0xa64ce], r15
36256000: system.cpu: T0 : 0x41e2da @_int_malloc+1194    : cmovnbe	rax               
36256000: system.cpu: T0 : 0x41e2de @_int_malloc+1198    : mov	SS:[t0 + rsp + 0x10], rax
36256000: system.cpu: T0 : 0x41e2e3 @_int_malloc+1203    : lea	r11, DS:[rbx + 0x60]  
36256000: system.cpu: T0 : 0x41e2e7 @_int_malloc+1207    : mov	SS:[t0 + rsp + 0x58], r14
36257000: system.cpu: T0 : 0x41e2ec @_int_malloc+1212    : mov	SS:[t0 + rsp + 0x8], 0
36257000: system.cpu: T0 : 0x41e2f5 @_int_malloc+1221    : movd	XMM1                 
36257000: system.cpu: T0 : 0x41e2fa @_int_malloc+1226    : mov	SS:[t0 + rsp + 0x30], rbp
36259000: system.cpu: T0 : 0x41e2ff @_int_malloc+1231    : punpcklqdq	XMM1           
36259000: system.cpu: T0 : 0x41e303 @_int_malloc+1235    : mov	rdx, DS:[rbx + 0x78]  
36259000: system.cpu: T0 : 0x41e307 @_int_malloc+1239    : cmp	r11                   
36259000: system.cpu: T0 : 0x41e30a @_int_malloc+1242    : jz	0x378                  
36261000: system.cpu: T0 : 0x41e688 @_int_malloc+2136    : cmp	r13, 0x3ff            
36261000: system.cpu: T0 : 0x41e68f @_int_malloc+2143    : jbe	0x22                  
36273000: system.cpu: T0 : 0x41e691 @_int_malloc+2145    : mov	rax, SS:[t0 + rsp + 0x1c]
36273000: system.cpu: T0 : 0x41e695 @_int_malloc+2149    : lea	eax, DS:[rax + rax + 0xc]
36273000: system.cpu: T0 : 0x41e699 @_int_malloc+2153    : lea	rdx, DS:[8*rax + rbx] 
36273000: system.cpu: T0 : 0x41e69d @_int_malloc+2157    : mov	rax, DS:[rdx]         
36273000: system.cpu: T0 : 0x41e6a0 @_int_malloc+2160    : lea	rcx, DS:[rdx + 0xfffffffffffffff0]
36273000: system.cpu: T0 : 0x41e6a4 @_int_malloc+2164    : cmp	rcx                   
36273000: system.cpu: T0 : 0x41e6a7 @_int_malloc+2167    : jz	0xa                    
36292000: system.cpu: T0 : 0x41e6b3 @_int_malloc+2179    : mov	rax, SS:[t0 + rsp + 0x1c]
36292000: system.cpu: T0 : 0x41e6b7 @_int_malloc+2183    : lea	ecx, DS:[rax + 0x1]   
36292000: system.cpu: T0 : 0x41e6ba @_int_malloc+2186    : lea	eax, DS:[rax + rax + 0xe]
36292000: system.cpu: T0 : 0x41e6be @_int_malloc+2190    : mov	ecx                   
36294000: system.cpu: T0 : 0x41e6c0 @_int_malloc+2192    : lea	rdx, DS:[8*rax + rbx + 0xfffffffffffffff0]
36294000: system.cpu: T0 : 0x41e6c5 @_int_malloc+2197    : shr	0x5                   
36294000: system.cpu: T0 : 0x41e6c8 @_int_malloc+2200    : mov	edi                   
36294000: system.cpu: T0 : 0x41e6ca @_int_malloc+2202    : mov	esi, DS:[4*rax + rbx + 0x860]
36294000: system.cpu: T0 : 0x41e6d1 @_int_malloc+2209    : mov	eax, 0x1              
36294000: system.cpu: T0 : 0x41e6d6 @_int_malloc+2214    : sal	ecx                   
36294000: system.cpu: T0 : 0x41e6d8 @_int_malloc+2216    : hint	                     
36294000: system.cpu: T0 : 0x41e6e0 @_int_malloc+2224    : cmp	esi                   
36295000: system.cpu: T0 : 0x41e6e2 @_int_malloc+2226    : jnbe	0x1b8                
36297000: system.cpu: T0 : 0x41e8a0 @_int_malloc+2672    : lea	eax, DS:[rdi + 0x1]   
36297000: system.cpu: T0 : 0x41e8a3 @_int_malloc+2675    : cmp	edi, 0x3              
36297000: system.cpu: T0 : 0x41e8a6 @_int_malloc+2678    : jz	0x3d                   
36297000: system.cpu: T0 : 0x41e8a8 @_int_malloc+2680    : mov	eax                   
36297000: system.cpu: T0 : 0x41e8aa @_int_malloc+2682    : mov	esi, DS:[4*rdx + rbx + 0x860]
36298000: system.cpu: T0 : 0x41e8b1 @_int_malloc+2689    : test	esi                  
36298000: system.cpu: T0 : 0x41e8b3 @_int_malloc+2691    : jnz	0x266                 
36298000: system.cpu: T0 : 0x41e8b9 @_int_malloc+2697    : lea	eax, DS:[rdi + 0x2]   
36298000: system.cpu: T0 : 0x41e8bc @_int_malloc+2700    : cmp	edi, 0x2              
36300000: system.cpu: T0 : 0x41e8bf @_int_malloc+2703    : jz	0x24                   
36314000: system.cpu: T0 : 0x41e8e5 @_int_malloc+2741    : mov	rax, DS:[rbx + 0x60]  
36314000: system.cpu: T0 : 0x41e8e9 @_int_malloc+2745    : mov	rdx, DS:[rax + 0x8]   
36314000: system.cpu: T0 : 0x41e8ed @_int_malloc+2749    : and	rdx, 0xfffffffffffffff8
36314000: system.cpu: T0 : 0x41e8f1 @_int_malloc+2753    : cmp	DS:[rbx + 0x888], rdx 
36314000: system.cpu: T0 : 0x41e8f8 @_int_malloc+2760    : jb	0x23a                  
36317000: system.cpu: T0 : 0x41e8fe @_int_malloc+2766    : lea	rcx, DS:[r13 + 0x20]  
36317000: system.cpu: T0 : 0x41e902 @_int_malloc+2770    : cmp	rdx                   
36317000: system.cpu: T0 : 0x41e905 @_int_malloc+2773    : jbe	0x378                 
36335000: system.cpu: T0 : 0x41ec83 @_int_malloc+3667    : lea	rcx, DS:[rip + 0xa5b56]
36335000: system.cpu: T0 : 0x41ec8a @_int_malloc+3674    : lea	rsi, DS:[r13 + rax]   
36335000: system.cpu: T0 : 0x41ec8e @_int_malloc+3678    : mov	rbp, SS:[t0 + rsp + 0x30]
36335000: system.cpu: T0 : 0x41ec93 @_int_malloc+3683    : cmp	rcx                   
36335000: system.cpu: T0 : 0x41ec96 @_int_malloc+3686    : mov	DS:[rbx + 0x60], rsi  
36335000: system.cpu: T0 : 0x41ec9a @_int_malloc+3690    : lea	r9, DS:[rax + 0x10]   
36335000: system.cpu: T0 : 0x41ec9e @_int_malloc+3694    : setnz	                    
36336000: system.cpu: T0 : 0x41eca1 @_int_malloc+3697    : sub	r13                   
36336000: system.cpu: T0 : 0x41eca4 @_int_malloc+3700    : movzx	ecx                 
36336000: system.cpu: T0 : 0x41eca7 @_int_malloc+3703    : or	rdx, 0x1               
36336000: system.cpu: T0 : 0x41ecab @_int_malloc+3707    : sal	0x2                   
36336000: system.cpu: T0 : 0x41ecaf @_int_malloc+3711    : or	r13                    
36337000: system.cpu: T0 : 0x41ecb2 @_int_malloc+3714    : or	rcx, 0x1               
36337000: system.cpu: T0 : 0x41ecb6 @_int_malloc+3718    : mov	DS:[rax + 0x8], rcx   
36337000: system.cpu: T0 : 0x41ecba @_int_malloc+3722    : mov	eax, DS:[rip + 0xac554]
36339000: system.cpu: T0 : 0x41ecc0 @_int_malloc+3728    : mov	DS:[rsi + 0x8], rdx   
36339000: system.cpu: T0 : 0x41ecc4 @_int_malloc+3732    : test	eax                  
36339000: system.cpu: T0 : 0x41ecc6 @_int_malloc+3734    : jz	0xfffffffffffff80a     
36361000: system.cpu: T0 : 0x41e4d6 @_int_malloc+1702    : add	rsp, 0x98             
36361000: system.cpu: T0 : 0x41e4dd @_int_malloc+1709    : mov	r9                    
36361000: system.cpu: T0 : 0x41e4e0 @_int_malloc+1712    : pop	rbx                   
36361000: system.cpu: T0 : 0x41e4e1 @_int_malloc+1713    : pop	rbp                   
36362000: system.cpu: T0 : 0x41e4e2 @_int_malloc+1714    : pop	r12                   
36362000: system.cpu: T0 : 0x41e4e4 @_int_malloc+1716    : pop	r13                   
36362000: system.cpu: T0 : 0x41e4e6 @_int_malloc+1718    : pop	r14                   
36363000: system.cpu: T0 : 0x41e4e8 @_int_malloc+1720    : pop	r15                   
36363000: system.cpu: T0 : 0x41e4ea @_int_malloc+1722    : ret	                      
36365000: system.cpu: T0 : 0x420a27 @__libc_calloc+215    : test	rax                  
36365000: system.cpu: T0 : 0x420a2a @__libc_calloc+218    : jz	0x22                   
36365000: system.cpu: T0 : 0x420a2c @__libc_calloc+220    : mov	rdx, DS:[rax + 0xfffffffffffffff8]
36365000: system.cpu: T0 : 0x420a30 @__libc_calloc+224    : test	dl, 0x2              
36365000: system.cpu: T0 : 0x420a33 @__libc_calloc+227    : jnz	0x19                  
36366000: system.cpu: T0 : 0x420a35 @__libc_calloc+229    : and	edx, 0x4              
36366000: system.cpu: T0 : 0x420a38 @__libc_calloc+232    : lea	rcx, DS:[rip + 0xa3da1]
36461000: system.cpu: T0 : 0x420a3f @__libc_calloc+239    : jnz	0x143                 
36461000: system.cpu: T0 : 0x420a45 @__libc_calloc+245    : cmp	r13                   
36461000: system.cpu: T0 : 0x420a48 @__libc_calloc+248    : jnz	0x226                 
36461000: system.cpu: T0 : 0x420a4e @__libc_calloc+254    : mov	edx, FS:[t0 + t0 + 0x18]
36462000: system.cpu: T0 : 0x420a56 @__libc_calloc+262    : test	edx                  
36462000: system.cpu: T0 : 0x420a58 @__libc_calloc+264    : jz	0x16                   
36475000: system.cpu: T0 : 0x420a70 @__libc_calloc+288    : test	rax                  
36475000: system.cpu: T0 : 0x420a73 @__libc_calloc+291    : jz	0x1a                   
36475000: system.cpu: T0 : 0x420a75 @__libc_calloc+293    : mov	rdx, DS:[rax + 0xfffffffffffffff8]
36475000: system.cpu: T0 : 0x420a79 @__libc_calloc+297    : mov	ecx, DS:[rip + 0xaa795]
36560000: system.cpu: T0 : 0x420a7f @__libc_calloc+303    : test	dl, 0x2              
36560000: system.cpu: T0 : 0x420a82 @__libc_calloc+306    : jz	0x1c                   
36572000: system.cpu: T0 : 0x420aa0 @__libc_calloc+336    : and	rdx, 0xfffffffffffffff8
36572000: system.cpu: T0 : 0x420aa4 @__libc_calloc+340    : test	ecx                  
36572000: system.cpu: T0 : 0x420aa6 @__libc_calloc+342    : jnz	0x15                  
36572000: system.cpu: T0 : 0x420aa8 @__libc_calloc+344    : cmp	rdx                   
36572000: system.cpu: T0 : 0x420aab @__libc_calloc+347    : mov	rdx                   
36573000: system.cpu: T0 : 0x420aae @__libc_calloc+350    : lea	rcx, DS:[rax + 0xfffffffffffffff0]
36573000: system.cpu: T0 : 0x420ab2 @__libc_calloc+354    : cmovbe	rdx                
36573000: system.cpu: T0 : 0x420ab6 @__libc_calloc+358    : cmp	rcx                   
36573000: system.cpu: T0 : 0x420ab9 @__libc_calloc+361    : cmovnz	rdx                
36739000: system.cpu: T0 : 0x420abd @__libc_calloc+365    : sub	rdx, 0x8              
36739000: system.cpu: T0 : 0x420ac1 @__libc_calloc+369    : cmp	rdx, 0x17             
36739000: system.cpu: T0 : 0x420ac5 @__libc_calloc+373    : jbe	0x18a                 
36739000: system.cpu: T0 : 0x420acb @__libc_calloc+379    : cmp	rdx, 0x4f             
36740000: system.cpu: T0 : 0x420acf @__libc_calloc+383    : jnbe	0x11b                
36845000: system.cpu: T0 : 0x420bf0 @__libc_calloc+672    : add	rsp, 0x18             
36845000: system.cpu: T0 : 0x420bf4 @__libc_calloc+676    : xor	esi                   
36845000: system.cpu: T0 : 0x420bf6 @__libc_calloc+678    : mov	rax                   
36845000: system.cpu: T0 : 0x420bf9 @__libc_calloc+681    : pop	rbx                   
36845000: system.cpu: T0 : 0x420bfa @__libc_calloc+682    : pop	rbp                   
36846000: system.cpu: T0 : 0x420bfb @__libc_calloc+683    : pop	r12                   
36846000: system.cpu: T0 : 0x420bfd @__libc_calloc+685    : pop	r13                   
36942000: system.cpu: T0 : 0x420bff @__libc_calloc+687    : jmp	0xfffffffffffe0494    
36947000: system.cpu: T0 : 0x401098 @_init+152    : jmp	DS:[rip + 0xc2ff2]    
37068000: system.cpu: T0 : 0x446d80 @__memset_sse2_unaligned    : hint	                     
37068000: system.cpu: T0 : 0x446d84 @__memset_sse2_unaligned+4    : movd	XMM0                 
37068000: system.cpu: T0 : 0x446d88 @__memset_sse2_unaligned+8    : mov	rdi                   
37068000: system.cpu: T0 : 0x446d8b @__memset_sse2_unaligned+11    : punpcklbw	XMM0            
37068000: system.cpu: T0 : 0x446d8f @__memset_sse2_unaligned+15    : punpcklwd	XMM0            
37069000: system.cpu: T0 : 0x446d93 @__memset_sse2_unaligned+19    : pshufd	XMM0, 0            
37069000: system.cpu: T0 : 0x446d98 @__memset_sse2_unaligned+24    : cmp	rdx, 0x10             
37069000: system.cpu: T0 : 0x446d9c @__memset_sse2_unaligned+28    : jb	0x11e                  
37070000: system.cpu: T0 : 0x446da2 @__memset_sse2_unaligned+34    : cmp	rdx, 0x20             
37070000: system.cpu: T0 : 0x446da6 @__memset_sse2_unaligned+38    : jnbe	0x9d                 
37175000: system.cpu: T0 : 0x446e49 @__memset_sse2_unaligned_erms+73    : movups	DS:[rax], XMM0     
37175000: system.cpu: T0 : 0x446e4c @__memset_sse2_unaligned_erms+76    : movups	DS:[rax + 0x10], XMM0
37175000: system.cpu: T0 : 0x446e50 @__memset_sse2_unaligned_erms+80    : add	rdx                   
37175000: system.cpu: T0 : 0x446e53 @__memset_sse2_unaligned_erms+83    : cmp	rdx, 0x40             
37175000: system.cpu: T0 : 0x446e57 @__memset_sse2_unaligned_erms+87    : jbe	0xffffffffffffffd8    
37176000: system.cpu: T0 : 0x446e59 @__memset_sse2_unaligned_erms+89    : movups	DS:[rax + 0x20], XMM0
37176000: system.cpu: T0 : 0x446e5d @__memset_sse2_unaligned_erms+93    : movups	DS:[rax + 0x30], XMM0
37176000: system.cpu: T0 : 0x446e61 @__memset_sse2_unaligned_erms+97    : add	rdi, 0xffffffffffffffc0
37177000: system.cpu: T0 : 0x446e65 @__memset_sse2_unaligned_erms+101    : cmp	rdx, 0x80             
37177000: system.cpu: T0 : 0x446e6c @__memset_sse2_unaligned_erms+108    : jbe	0x2a                  
37177000: system.cpu: T0 : 0x446e6e @__memset_sse2_unaligned_erms+110    : lea	rdx, DS:[rax + 0x40]  
37177000: system.cpu: T0 : 0x446e72 @__memset_sse2_unaligned_erms+114    : and	rdx, 0xffffffffffffffe0
37178000: system.cpu: T0 : 0x446e76 @__memset_sse2_unaligned_erms+118    : hint	                     
37273000: system.cpu: T0 : 0x446e80 @__memset_sse2_unaligned_erms+128    : movaps	DS:[rdx], XMM0     
37273000: system.cpu: T0 : 0x446e83 @__memset_sse2_unaligned_erms+131    : movaps	DS:[rdx + 0x10], XMM0
37273000: system.cpu: T0 : 0x446e87 @__memset_sse2_unaligned_erms+135    : movaps	DS:[rdx + 0x20], XMM0
37273000: system.cpu: T0 : 0x446e8b @__memset_sse2_unaligned_erms+139    : movaps	DS:[rdx + 0x30], XMM0
37274000: system.cpu: T0 : 0x446e8f @__memset_sse2_unaligned_erms+143    : sub	rdx, 0xffffffffffffffc0
37274000: system.cpu: T0 : 0x446e93 @__memset_sse2_unaligned_erms+147    : cmp	rdi                   
37274000: system.cpu: T0 : 0x446e96 @__memset_sse2_unaligned_erms+150    : jb	0xffffffffffffffe8     
37287000: system.cpu: T0 : 0x446e80 @__memset_sse2_unaligned_erms+128    : movaps	DS:[rdx], XMM0     
37287000: system.cpu: T0 : 0x446e83 @__memset_sse2_unaligned_erms+131    : movaps	DS:[rdx + 0x10], XMM0
37287000: system.cpu: T0 : 0x446e87 @__memset_sse2_unaligned_erms+135    : movaps	DS:[rdx + 0x20], XMM0
37287000: system.cpu: T0 : 0x446e8b @__memset_sse2_unaligned_erms+139    : movaps	DS:[rdx + 0x30], XMM0
37288000: system.cpu: T0 : 0x446e8f @__memset_sse2_unaligned_erms+143    : sub	rdx, 0xffffffffffffffc0
37288000: system.cpu: T0 : 0x446e93 @__memset_sse2_unaligned_erms+147    : cmp	rdi                   
37288000: system.cpu: T0 : 0x446e96 @__memset_sse2_unaligned_erms+150    : jb	0xffffffffffffffe8     
37289000: system.cpu: T0 : 0x446e80 @__memset_sse2_unaligned_erms+128    : movaps	DS:[rdx], XMM0     
37289000: system.cpu: T0 : 0x446e83 @__memset_sse2_unaligned_erms+131    : movaps	DS:[rdx + 0x10], XMM0
37289000: system.cpu: T0 : 0x446e87 @__memset_sse2_unaligned_erms+135    : movaps	DS:[rdx + 0x20], XMM0
37289000: system.cpu: T0 : 0x446e8b @__memset_sse2_unaligned_erms+139    : movaps	DS:[rdx + 0x30], XMM0
37290000: system.cpu: T0 : 0x446e8f @__memset_sse2_unaligned_erms+143    : sub	rdx, 0xffffffffffffffc0
37290000: system.cpu: T0 : 0x446e93 @__memset_sse2_unaligned_erms+147    : cmp	rdi                   
37290000: system.cpu: T0 : 0x446e96 @__memset_sse2_unaligned_erms+150    : jb	0xffffffffffffffe8     
37291000: system.cpu: T0 : 0x446e80 @__memset_sse2_unaligned_erms+128    : movaps	DS:[rdx], XMM0     
37291000: system.cpu: T0 : 0x446e83 @__memset_sse2_unaligned_erms+131    : movaps	DS:[rdx + 0x10], XMM0
37291000: system.cpu: T0 : 0x446e87 @__memset_sse2_unaligned_erms+135    : movaps	DS:[rdx + 0x20], XMM0
37291000: system.cpu: T0 : 0x446e8b @__memset_sse2_unaligned_erms+139    : movaps	DS:[rdx + 0x30], XMM0
37292000: system.cpu: T0 : 0x446e8f @__memset_sse2_unaligned_erms+143    : sub	rdx, 0xffffffffffffffc0
37292000: system.cpu: T0 : 0x446e93 @__memset_sse2_unaligned_erms+147    : cmp	rdi                   
37292000: system.cpu: T0 : 0x446e96 @__memset_sse2_unaligned_erms+150    : jb	0xffffffffffffffe8     
37293000: system.cpu: T0 : 0x446e80 @__memset_sse2_unaligned_erms+128    : movaps	DS:[rdx], XMM0     
37293000: system.cpu: T0 : 0x446e83 @__memset_sse2_unaligned_erms+131    : movaps	DS:[rdx + 0x10], XMM0
37293000: system.cpu: T0 : 0x446e87 @__memset_sse2_unaligned_erms+135    : movaps	DS:[rdx + 0x20], XMM0
37293000: system.cpu: T0 : 0x446e8b @__memset_sse2_unaligned_erms+139    : movaps	DS:[rdx + 0x30], XMM0
37294000: system.cpu: T0 : 0x446e8f @__memset_sse2_unaligned_erms+143    : sub	rdx, 0xffffffffffffffc0
37294000: system.cpu: T0 : 0x446e93 @__memset_sse2_unaligned_erms+147    : cmp	rdi                   
37294000: system.cpu: T0 : 0x446e96 @__memset_sse2_unaligned_erms+150    : jb	0xffffffffffffffe8     
37295000: system.cpu: T0 : 0x446e80 @__memset_sse2_unaligned_erms+128    : movaps	DS:[rdx], XMM0     
37295000: system.cpu: T0 : 0x446e83 @__memset_sse2_unaligned_erms+131    : movaps	DS:[rdx + 0x10], XMM0
37295000: system.cpu: T0 : 0x446e87 @__memset_sse2_unaligned_erms+135    : movaps	DS:[rdx + 0x20], XMM0
37295000: system.cpu: T0 : 0x446e8b @__memset_sse2_unaligned_erms+139    : movaps	DS:[rdx + 0x30], XMM0
37296000: system.cpu: T0 : 0x446e8f @__memset_sse2_unaligned_erms+143    : sub	rdx, 0xffffffffffffffc0
37296000: system.cpu: T0 : 0x446e93 @__memset_sse2_unaligned_erms+147    : cmp	rdi                   
37296000: system.cpu: T0 : 0x446e96 @__memset_sse2_unaligned_erms+150    : jb	0xffffffffffffffe8     
37297000: system.cpu: T0 : 0x446e80 @__memset_sse2_unaligned_erms+128    : movaps	DS:[rdx], XMM0     
37297000: system.cpu: T0 : 0x446e83 @__memset_sse2_unaligned_erms+131    : movaps	DS:[rdx + 0x10], XMM0
37297000: system.cpu: T0 : 0x446e87 @__memset_sse2_unaligned_erms+135    : movaps	DS:[rdx + 0x20], XMM0
37297000: system.cpu: T0 : 0x446e8b @__memset_sse2_unaligned_erms+139    : movaps	DS:[rdx + 0x30], XMM0
37298000: system.cpu: T0 : 0x446e8f @__memset_sse2_unaligned_erms+143    : sub	rdx, 0xffffffffffffffc0
37298000: system.cpu: T0 : 0x446e93 @__memset_sse2_unaligned_erms+147    : cmp	rdi                   
37298000: system.cpu: T0 : 0x446e96 @__memset_sse2_unaligned_erms+150    : jb	0xffffffffffffffe8     
37299000: system.cpu: T0 : 0x446e80 @__memset_sse2_unaligned_erms+128    : movaps	DS:[rdx], XMM0     
37299000: system.cpu: T0 : 0x446e83 @__memset_sse2_unaligned_erms+131    : movaps	DS:[rdx + 0x10], XMM0
37299000: system.cpu: T0 : 0x446e87 @__memset_sse2_unaligned_erms+135    : movaps	DS:[rdx + 0x20], XMM0
37299000: system.cpu: T0 : 0x446e8b @__memset_sse2_unaligned_erms+139    : movaps	DS:[rdx + 0x30], XMM0
37300000: system.cpu: T0 : 0x446e8f @__memset_sse2_unaligned_erms+143    : sub	rdx, 0xffffffffffffffc0
37300000: system.cpu: T0 : 0x446e93 @__memset_sse2_unaligned_erms+147    : cmp	rdi                   
37300000: system.cpu: T0 : 0x446e96 @__memset_sse2_unaligned_erms+150    : jb	0xffffffffffffffe8     
37301000: system.cpu: T0 : 0x446e80 @__memset_sse2_unaligned_erms+128    : movaps	DS:[rdx], XMM0     
37301000: system.cpu: T0 : 0x446e83 @__memset_sse2_unaligned_erms+131    : movaps	DS:[rdx + 0x10], XMM0
37301000: system.cpu: T0 : 0x446e87 @__memset_sse2_unaligned_erms+135    : movaps	DS:[rdx + 0x20], XMM0
37313000: system.cpu: T0 : 0x446e8b @__memset_sse2_unaligned_erms+139    : movaps	DS:[rdx + 0x30], XMM0
37313000: system.cpu: T0 : 0x446e8f @__memset_sse2_unaligned_erms+143    : sub	rdx, 0xffffffffffffffc0
37313000: system.cpu: T0 : 0x446e93 @__memset_sse2_unaligned_erms+147    : cmp	rdi                   
37313000: system.cpu: T0 : 0x446e96 @__memset_sse2_unaligned_erms+150    : jb	0xffffffffffffffe8     
37519000: system.cpu: T0 : 0x446e80 @__memset_sse2_unaligned_erms+128    : movaps	DS:[rdx], XMM0     
37519000: system.cpu: T0 : 0x446e83 @__memset_sse2_unaligned_erms+131    : movaps	DS:[rdx + 0x10], XMM0
37519000: system.cpu: T0 : 0x446e87 @__memset_sse2_unaligned_erms+135    : movaps	DS:[rdx + 0x20], XMM0
37519000: system.cpu: T0 : 0x446e8b @__memset_sse2_unaligned_erms+139    : movaps	DS:[rdx + 0x30], XMM0
37520000: system.cpu: T0 : 0x446e8f @__memset_sse2_unaligned_erms+143    : sub	rdx, 0xffffffffffffffc0
37520000: system.cpu: T0 : 0x446e93 @__memset_sse2_unaligned_erms+147    : cmp	rdi                   
37520000: system.cpu: T0 : 0x446e96 @__memset_sse2_unaligned_erms+150    : jb	0xffffffffffffffe8     
37521000: system.cpu: T0 : 0x446e80 @__memset_sse2_unaligned_erms+128    : movaps	DS:[rdx], XMM0     
37532000: system.cpu: T0 : 0x446e83 @__memset_sse2_unaligned_erms+131    : movaps	DS:[rdx + 0x10], XMM0
37532000: system.cpu: T0 : 0x446e87 @__memset_sse2_unaligned_erms+135    : movaps	DS:[rdx + 0x20], XMM0
37532000: system.cpu: T0 : 0x446e8b @__memset_sse2_unaligned_erms+139    : movaps	DS:[rdx + 0x30], XMM0
37532000: system.cpu: T0 : 0x446e8f @__memset_sse2_unaligned_erms+143    : sub	rdx, 0xffffffffffffffc0
37640000: system.cpu: T0 : 0x446e93 @__memset_sse2_unaligned_erms+147    : cmp	rdi                   
37640000: system.cpu: T0 : 0x446e96 @__memset_sse2_unaligned_erms+150    : jb	0xffffffffffffffe8     
37641000: system.cpu: T0 : 0x446e80 @__memset_sse2_unaligned_erms+128    : movaps	DS:[rdx], XMM0     
37641000: system.cpu: T0 : 0x446e83 @__memset_sse2_unaligned_erms+131    : movaps	DS:[rdx + 0x10], XMM0
37641000: system.cpu: T0 : 0x446e87 @__memset_sse2_unaligned_erms+135    : movaps	DS:[rdx + 0x20], XMM0
37641000: system.cpu: T0 : 0x446e8b @__memset_sse2_unaligned_erms+139    : movaps	DS:[rdx + 0x30], XMM0
37642000: system.cpu: T0 : 0x446e8f @__memset_sse2_unaligned_erms+143    : sub	rdx, 0xffffffffffffffc0
37642000: system.cpu: T0 : 0x446e93 @__memset_sse2_unaligned_erms+147    : cmp	rdi                   
37642000: system.cpu: T0 : 0x446e96 @__memset_sse2_unaligned_erms+150    : jb	0xffffffffffffffe8     
37746000: system.cpu: T0 : 0x446e80 @__memset_sse2_unaligned_erms+128    : movaps	DS:[rdx], XMM0     
37746000: system.cpu: T0 : 0x446e83 @__memset_sse2_unaligned_erms+131    : movaps	DS:[rdx + 0x10], XMM0
37746000: system.cpu: T0 : 0x446e87 @__memset_sse2_unaligned_erms+135    : movaps	DS:[rdx + 0x20], XMM0
37858000: system.cpu: T0 : 0x446e8b @__memset_sse2_unaligned_erms+139    : movaps	DS:[rdx + 0x30], XMM0
37858000: system.cpu: T0 : 0x446e8f @__memset_sse2_unaligned_erms+143    : sub	rdx, 0xffffffffffffffc0
37858000: system.cpu: T0 : 0x446e93 @__memset_sse2_unaligned_erms+147    : cmp	rdi                   
37858000: system.cpu: T0 : 0x446e96 @__memset_sse2_unaligned_erms+150    : jb	0xffffffffffffffe8     
37859000: system.cpu: T0 : 0x446e80 @__memset_sse2_unaligned_erms+128    : movaps	DS:[rdx], XMM0     
37859000: system.cpu: T0 : 0x446e83 @__memset_sse2_unaligned_erms+131    : movaps	DS:[rdx + 0x10], XMM0
37859000: system.cpu: T0 : 0x446e87 @__memset_sse2_unaligned_erms+135    : movaps	DS:[rdx + 0x20], XMM0
37859000: system.cpu: T0 : 0x446e8b @__memset_sse2_unaligned_erms+139    : movaps	DS:[rdx + 0x30], XMM0
37956000: system.cpu: T0 : 0x446e8f @__memset_sse2_unaligned_erms+143    : sub	rdx, 0xffffffffffffffc0
37956000: system.cpu: T0 : 0x446e93 @__memset_sse2_unaligned_erms+147    : cmp	rdi                   
37956000: system.cpu: T0 : 0x446e96 @__memset_sse2_unaligned_erms+150    : jb	0xffffffffffffffe8     
37957000: system.cpu: T0 : 0x446e80 @__memset_sse2_unaligned_erms+128    : movaps	DS:[rdx], XMM0     
38067000: system.cpu: T0 : 0x446e83 @__memset_sse2_unaligned_erms+131    : movaps	DS:[rdx + 0x10], XMM0
38067000: system.cpu: T0 : 0x446e87 @__memset_sse2_unaligned_erms+135    : movaps	DS:[rdx + 0x20], XMM0
38067000: system.cpu: T0 : 0x446e8b @__memset_sse2_unaligned_erms+139    : movaps	DS:[rdx + 0x30], XMM0
38067000: system.cpu: T0 : 0x446e8f @__memset_sse2_unaligned_erms+143    : sub	rdx, 0xffffffffffffffc0
38068000: system.cpu: T0 : 0x446e93 @__memset_sse2_unaligned_erms+147    : cmp	rdi                   
38068000: system.cpu: T0 : 0x446e96 @__memset_sse2_unaligned_erms+150    : jb	0xffffffffffffffe8     
38069000: system.cpu: T0 : 0x446e80 @__memset_sse2_unaligned_erms+128    : movaps	DS:[rdx], XMM0     
38069000: system.cpu: T0 : 0x446e83 @__memset_sse2_unaligned_erms+131    : movaps	DS:[rdx + 0x10], XMM0
38077000: system.cpu: T0 : 0x446e87 @__memset_sse2_unaligned_erms+135    : movaps	DS:[rdx + 0x20], XMM0
38077000: system.cpu: T0 : 0x446e8b @__memset_sse2_unaligned_erms+139    : movaps	DS:[rdx + 0x30], XMM0
38077000: system.cpu: T0 : 0x446e8f @__memset_sse2_unaligned_erms+143    : sub	rdx, 0xffffffffffffffc0
38077000: system.cpu: T0 : 0x446e93 @__memset_sse2_unaligned_erms+147    : cmp	rdi                   
38077000: system.cpu: T0 : 0x446e96 @__memset_sse2_unaligned_erms+150    : jb	0xffffffffffffffe8     
38186000: system.cpu: T0 : 0x446e80 @__memset_sse2_unaligned_erms+128    : movaps	DS:[rdx], XMM0     
38186000: system.cpu: T0 : 0x446e83 @__memset_sse2_unaligned_erms+131    : movaps	DS:[rdx + 0x10], XMM0
38186000: system.cpu: T0 : 0x446e87 @__memset_sse2_unaligned_erms+135    : movaps	DS:[rdx + 0x20], XMM0
38186000: system.cpu: T0 : 0x446e8b @__memset_sse2_unaligned_erms+139    : movaps	DS:[rdx + 0x30], XMM0
38187000: system.cpu: T0 : 0x446e8f @__memset_sse2_unaligned_erms+143    : sub	rdx, 0xffffffffffffffc0
38187000: system.cpu: T0 : 0x446e93 @__memset_sse2_unaligned_erms+147    : cmp	rdi                   
38187000: system.cpu: T0 : 0x446e96 @__memset_sse2_unaligned_erms+150    : jb	0xffffffffffffffe8     
38295000: system.cpu: T0 : 0x446e80 @__memset_sse2_unaligned_erms+128    : movaps	DS:[rdx], XMM0     
38295000: system.cpu: T0 : 0x446e83 @__memset_sse2_unaligned_erms+131    : movaps	DS:[rdx + 0x10], XMM0
38295000: system.cpu: T0 : 0x446e87 @__memset_sse2_unaligned_erms+135    : movaps	DS:[rdx + 0x20], XMM0
38295000: system.cpu: T0 : 0x446e8b @__memset_sse2_unaligned_erms+139    : movaps	DS:[rdx + 0x30], XMM0
38403000: system.cpu: T0 : 0x446e8f @__memset_sse2_unaligned_erms+143    : sub	rdx, 0xffffffffffffffc0
38403000: system.cpu: T0 : 0x446e93 @__memset_sse2_unaligned_erms+147    : cmp	rdi                   
38403000: system.cpu: T0 : 0x446e96 @__memset_sse2_unaligned_erms+150    : jb	0xffffffffffffffe8     
38750000: system.cpu: T0 : 0x446e98 @__memset_sse2_unaligned_erms+152    : movups	DS:[rdi], XMM0     
38750000: system.cpu: T0 : 0x446e9b @__memset_sse2_unaligned_erms+155    : movups	DS:[rdi + 0x10], XMM0
38750000: system.cpu: T0 : 0x446e9f @__memset_sse2_unaligned_erms+159    : movups	DS:[rdi + 0x20], XMM0
38750000: system.cpu: T0 : 0x446ea3 @__memset_sse2_unaligned_erms+163    : movups	DS:[rdi + 0x30], XMM0
38751000: system.cpu: T0 : 0x446ea7 @__memset_sse2_unaligned_erms+167    : ret	                      
38753000: system.cpu: T0 : 0x4805ed @_dl_new_object+77    : mov	rax                   
38753000: system.cpu: T0 : 0x4805f0 @_dl_new_object+80    : test	rax                  
38753000: system.cpu: T0 : 0x4805f3 @_dl_new_object+83    : jz	0x1e5                  
38753000: system.cpu: T0 : 0x4805f9 @_dl_new_object+89    : mov	DS:[t0 + r12 + 0x28], rax
38755000: system.cpu: T0 : 0x4805fe @_dl_new_object+94    : mov	rdx, SS:[t0 + rsp + 0x10]
38755000: system.cpu: T0 : 0x480603 @_dl_new_object+99    : lea	rax, DS:[rax + 0x488] 
38755000: system.cpu: T0 : 0x48060a @_dl_new_object+106    : mov	rbp                   
38755000: system.cpu: T0 : 0x48060d @_dl_new_object+109    : mov	DS:[t0 + r12 + 0x2d0], rax
38755000: system.cpu: T0 : 0x480615 @_dl_new_object+117    : lea	rdi, DS:[t0 + r12 + 0x4a8]
38755000: system.cpu: T0 : 0x48061d @_dl_new_object+125    : lea	rax, DS:[t0 + r12 + 0x490]
38755000: system.cpu: T0 : 0x480625 @_dl_new_object+133    : mov	DS:[t0 + r12 + 0x38], rax
38755000: system.cpu: T0 : 0x48062a @_dl_new_object+138    : call	0xfffffffffff80a11   
38758000: system.cpu: T0 : 0x401040 @_init+64    : jmp	DS:[rip + 0xc2ff2]    
38963000: system.cpu: T0 : 0x42b370 @__memcpy_ssse3    : hint	                     
38963000: system.cpu: T0 : 0x42b374 @__memcpy_ssse3+4    : mov	rdi                   
38963000: system.cpu: T0 : 0x42b377 @__memcpy_ssse3+7    : cmp	rdx, 0x4f             
38965000: system.cpu: T0 : 0x42b37b @__memcpy_ssse3+11    : lea	r11, DS:[rip + 0x6fbb6]
38965000: system.cpu: T0 : 0x42b382 @__memcpy_ssse3+18    : jnbe	0x1c                 
38965000: system.cpu: T0 : 0x42b384 @__memcpy_ssse3+20    : movsxd	r9, DS:[4*rdx + r11]
38965000: system.cpu: T0 : 0x42b388 @__memcpy_ssse3+24    : add	rdx                   
38966000: system.cpu: T0 : 0x42b38b @__memcpy_ssse3+27    : add	rdx                   
38966000: system.cpu: T0 : 0x42b38e @__memcpy_ssse3+30    : add	r11                   
38966000: system.cpu: T0 : 0x42b391 @__memcpy_ssse3+33    : jmp	                      
39398000: system.cpu: T0 : 0x42cfd0 @__memcpy_ssse3+7264    : mov	dl, DS:[rsi + 0xffffffffffffffff]
39398000: system.cpu: T0 : 0x42cfd3 @__memcpy_ssse3+7267    : mov	DS:[rdi + 0xffffffffffffffff], dl
39398000: system.cpu: T0 : 0x42cfd6 @__memcpy_ssse3+7270    : ret	                      
39400000: system.cpu: T0 : 0x48062f @_dl_new_object+143    : mov	rdx, SS:[t0 + rsp + 0x8]
39400000: system.cpu: T0 : 0x480634 @_dl_new_object+148    : mov	DS:[t0 + r12 + 0x4a0], 0x1
39402000: system.cpu: T0 : 0x480640 @_dl_new_object+160    : mov	DS:[t0 + r12 + 0x490], rax
39402000: system.cpu: T0 : 0x480648 @_dl_new_object+168    : add	r15                   
39402000: system.cpu: T0 : 0x48064b @_dl_new_object+171    : movzx	ecx, DS:[rdx]       
39402000: system.cpu: T0 : 0x48064e @_dl_new_object+174    : test	cl                   
39402000: system.cpu: T0 : 0x480650 @_dl_new_object+176    : cmovnz	rax                
39402000: system.cpu: T0 : 0x480654 @_dl_new_object+180    : and	r13d, 0x3             
39403000: system.cpu: T0 : 0x480658 @_dl_new_object+184    : mov	DS:[t0 + r12 + 0x8], rax
39403000: system.cpu: T0 : 0x48065d @_dl_new_object+189    : movzx	eax, DS:[t0 + r12 + 0x31c]
39403000: system.cpu: T0 : 0x480666 @_dl_new_object+198    : and	eax, 0xfffffffffffffffc
39403000: system.cpu: T0 : 0x480669 @_dl_new_object+201    : or	eax                    
39403000: system.cpu: T0 : 0x48066c @_dl_new_object+204    : mov	DS:[t0 + r12 + 0x31c], r13b
39404000: system.cpu: T0 : 0x480674 @_dl_new_object+212    : test	DS:[rip + 0x4af2a], 0x1
39513000: system.cpu: T0 : 0x48067b @_dl_new_object+219    : jz	0x16f                  
39617000: system.cpu: T0 : 0x4807f0 @_dl_new_object+592    : mov	DS:[t0 + r12 + 0x3e4], 0x1
39712000: system.cpu: T0 : 0x4807fc @_dl_new_object+604    : jmp	0xfffffffffffffe80    
39717000: system.cpu: T0 : 0x480681 @_dl_new_object+225    : lea	rax, DS:[4*r14 + r14] 
39717000: system.cpu: T0 : 0x480685 @_dl_new_object+229    : lea	rdx, DS:[rip + 0x44b14]
39717000: system.cpu: T0 : 0x48068c @_dl_new_object+236    : mov	DS:[t0 + r12 + 0x2e0], rbx
39717000: system.cpu: T0 : 0x480694 @_dl_new_object+244    : sal	0x5                   
39717000: system.cpu: T0 : 0x480698 @_dl_new_object+248    : lea	rsi, DS:[t0 + r12 + 0x370]
39717000: system.cpu: T0 : 0x4806a0 @_dl_new_object+256    : mov	DS:[t0 + r12 + 0x30], r14
39717000: system.cpu: T0 : 0x4806a5 @_dl_new_object+261    : mov	rax, DS:[rax + rdx]   
39718000: system.cpu: T0 : 0x4806a9 @_dl_new_object+265    : mov	DS:[t0 + r12 + 0x398], rsi
39718000: system.cpu: T0 : 0x4806b1 @_dl_new_object+273    : mov	DS:[t0 + r12 + 0x390], 0x4
39718000: system.cpu: T0 : 0x4806bd @_dl_new_object+285    : test	rax                  
39720000: system.cpu: T0 : 0x4806c0 @_dl_new_object+288    : jz	0x16a                  
39720000: system.cpu: T0 : 0x4806c6 @_dl_new_object+294    : lea	rdx, DS:[rax + 0x2c0] 
39720000: system.cpu: T0 : 0x4806cd @_dl_new_object+301    : mov	DS:[t0 + r12 + 0x370], rdx
39720000: system.cpu: T0 : 0x4806d5 @_dl_new_object+309    : test	rbx                  
39720000: system.cpu: T0 : 0x4806d8 @_dl_new_object+312    : jz	0x12a                  
39734000: system.cpu: T0 : 0x480808 @_dl_new_object+616    : mov	r12                   
39734000: system.cpu: T0 : 0x48080b @_dl_new_object+619    : add	rax, 0x2c0            
39734000: system.cpu: T0 : 0x480811 @_dl_new_object+625    : cmp	rdx                   
39734000: system.cpu: T0 : 0x480814 @_dl_new_object+628    : jz	0xfffffffffffffeee     
39734000: system.cpu: T0 : 0x48081a @_dl_new_object+634    : test	SS:[t0 + rsp + 0x18], 0x8
39735000: system.cpu: T0 : 0x48081f @_dl_new_object+639    : jz	0x37                   
39833000: system.cpu: T0 : 0x480858 @_dl_new_object+696    : lea	rsi, DS:[t0 + r12 + 0x378]
39833000: system.cpu: T0 : 0x480860 @_dl_new_object+704    : jmp	0xfffffffffffffea0    
39838000: system.cpu: T0 : 0x480705 @_dl_new_object+357    : mov	DS:[rsi], rax         
39838000: system.cpu: T0 : 0x480708 @_dl_new_object+360    : lea	rax, DS:[t0 + r12 + 0x2c0]
39838000: system.cpu: T0 : 0x480710 @_dl_new_object+368    : test	cl                   
39838000: system.cpu: T0 : 0x480712 @_dl_new_object+370    : mov	SS:[t0 + rsp + 0x10], rcx
39838000: system.cpu: T0 : 0x480716 @_dl_new_object+374    : mov	DS:[t0 + r12 + 0x3a0], rax
39838000: system.cpu: T0 : 0x48071e @_dl_new_object+382    : jz	0xba                   
39849000: system.cpu: T0 : 0x4807de @_dl_new_object+574    : add	rsp, 0x28             
39849000: system.cpu: T0 : 0x4807e2 @_dl_new_object+578    : mov	r12                   
39849000: system.cpu: T0 : 0x4807e5 @_dl_new_object+581    : pop	rbx                   
39849000: system.cpu: T0 : 0x4807e6 @_dl_new_object+582    : pop	rbp                   
39850000: system.cpu: T0 : 0x4807e7 @_dl_new_object+583    : pop	r12                   
39850000: system.cpu: T0 : 0x4807e9 @_dl_new_object+585    : pop	r13                   
39850000: system.cpu: T0 : 0x4807eb @_dl_new_object+587    : pop	r14                   
39851000: system.cpu: T0 : 0x4807ed @_dl_new_object+589    : pop	r15                   
39851000: system.cpu: T0 : 0x4807ef @_dl_new_object+591    : ret	                      
39853000: system.cpu: T0 : 0x453e78 @_dl_non_dynamic_init+136    : mov	rax                   
39853000: system.cpu: T0 : 0x453e7b @_dl_non_dynamic_init+139    : test	rax                  
39855000: system.cpu: T0 : 0x453e7e @_dl_non_dynamic_init+142    : jz	0x96c                  
39855000: system.cpu: T0 : 0x453e84 @_dl_non_dynamic_init+148    : mov	rdi, DS:[rip + 0x77425]
39855000: system.cpu: T0 : 0x453e8b @_dl_non_dynamic_init+155    : xor	ecx                   
39855000: system.cpu: T0 : 0x453e8d @_dl_non_dynamic_init+157    : mov	rax, DS:[rdi + 0x20]  
39855000: system.cpu: T0 : 0x453e91 @_dl_non_dynamic_init+161    : movzx	r8d, DS:[rdi + 0x38]
39856000: system.cpu: T0 : 0x453e96 @_dl_non_dynamic_init+166    : add	rdi                   
39856000: system.cpu: T0 : 0x453e99 @_dl_non_dynamic_init+169    : mov	SS:[rbp + 0x2b8], r8w 
39856000: system.cpu: T0 : 0x453ea1 @_dl_non_dynamic_init+177    : mov	SS:[rbp + 0x2a8], rax 
39856000: system.cpu: T0 : 0x453ea8 @_dl_non_dynamic_init+184    : test	r8                   
39856000: system.cpu: T0 : 0x453eab @_dl_non_dynamic_init+187    : jnz	0x22                  
39857000: system.cpu: T0 : 0x453ead @_dl_non_dynamic_init+189    : jmp	0x6b                  
39972000: system.cpu: T0 : 0x453f1a @_dl_non_dynamic_init+298    : mov	rax, SS:[rbp + 0x360] 
39972000: system.cpu: T0 : 0x453f21 @_dl_non_dynamic_init+305    : mov	rdi                   
39972000: system.cpu: T0 : 0x453f24 @_dl_non_dynamic_init+308    : sub	rsi, SS:[rbp]         
39972000: system.cpu: T0 : 0x453f28 @_dl_non_dynamic_init+312    : movd	XMM0                 
39972000: system.cpu: T0 : 0x453f2d @_dl_non_dynamic_init+317    : add	SS:[rbp + 0x368], rsi 
39973000: system.cpu: T0 : 0x453f34 @_dl_non_dynamic_init+324    : mov	rsi                   
39973000: system.cpu: T0 : 0x453f37 @_dl_non_dynamic_init+327    : add	rsi                   
39973000: system.cpu: T0 : 0x453f3a @_dl_non_dynamic_init+330    : add	rdx, SS:[rbp + 0x10]  
40068000: system.cpu: T0 : 0x453f3e @_dl_non_dynamic_init+334    : mov	SS:[rbp], rsi         
40068000: system.cpu: T0 : 0x453f42 @_dl_non_dynamic_init+338    : movd	XMM1                 
40068000: system.cpu: T0 : 0x453f47 @_dl_non_dynamic_init+343    : mov	SS:[rbp + 0x10], rdx  
40068000: system.cpu: T0 : 0x453f4b @_dl_non_dynamic_init+347    : punpcklqdq	XMM0           
40068000: system.cpu: T0 : 0x453f4f @_dl_non_dynamic_init+351    : movups	SS:[rbp + 0x358], XMM0
40068000: system.cpu: T0 : 0x453f56 @_dl_non_dynamic_init+358    : jz	0x224                  
40069000: system.cpu: T0 : 0x453f5c @_dl_non_dynamic_init+364    : mov	rax, DS:[rdx]         
40069000: system.cpu: T0 : 0x453f5f @_dl_non_dynamic_init+367    : lea	rcx, SS:[rbp + 0x40]  
40069000: system.cpu: T0 : 0x453f63 @_dl_non_dynamic_init+371    : test	rax                  
40069000: system.cpu: T0 : 0x453f66 @_dl_non_dynamic_init+374    : jz	0xd4                   
40070000: system.cpu: T0 : 0x453f6c @_dl_non_dynamic_init+380    : mov	r8d, 0x6fffffff       
40070000: system.cpu: T0 : 0x453f72 @_dl_non_dynamic_init+386    : mov	r14d, 0x6ffffdff      
40070000: system.cpu: T0 : 0x453f78 @_dl_non_dynamic_init+392    : mov	r15d, 0x6ffffeff      
40165000: system.cpu: T0 : 0x453f7e @_dl_non_dynamic_init+398    : mov	r13d, 0x6fffff41      
40165000: system.cpu: T0 : 0x453f84 @_dl_non_dynamic_init+404    : mov	r12d, 0x6ffffe35      
40165000: system.cpu: T0 : 0x453f8a @_dl_non_dynamic_init+410    : mov	r11d, 0x32            
40165000: system.cpu: T0 : 0x453f90 @_dl_non_dynamic_init+416    : mov	r10d, 0x70000022      
40165000: system.cpu: T0 : 0x453f96 @_dl_non_dynamic_init+422    : jmp	0x26                  
40263000: system.cpu: T0 : 0x453fbe @_dl_non_dynamic_init+462    : cmp	rax, 0x22             
40263000: system.cpu: T0 : 0x453fc2 @_dl_non_dynamic_init+466    : jbe	0xffffffffffffffe5    
40263000: system.cpu: T0 : 0x453fc4 @_dl_non_dynamic_init+468    : mov	r8                    
40263000: system.cpu: T0 : 0x453fc7 @_dl_non_dynamic_init+471    : sub	rax                   
40263000: system.cpu: T0 : 0x453fca @_dl_non_dynamic_init+474    : cmp	rdi, 0xf              
40264000: system.cpu: T0 : 0x453fce @_dl_non_dynamic_init+478    : jbe	0xffffffffffffffd0    
40264000: system.cpu: T0 : 0x453fd0 @_dl_non_dynamic_init+480    : lea	edi, DS:[rax + rax]   
40264000: system.cpu: T0 : 0x453fd3 @_dl_non_dynamic_init+483    : mov	edi                   
40264000: system.cpu: T0 : 0x453fd6 @_dl_non_dynamic_init+486    : sar	                      
40264000: system.cpu: T0 : 0x453fd9 @_dl_non_dynamic_init+489    : cmp	edi, 0xfffffffffffffff8
40265000: system.cpu: T0 : 0x453fdc @_dl_non_dynamic_init+492    : jbe	0x7ee                 
40381000: system.cpu: T0 : 0x4547d0 @_dl_non_dynamic_init+2528    : mov	r14                   
40381000: system.cpu: T0 : 0x4547d3 @_dl_non_dynamic_init+2531    : sub	rax                   
40381000: system.cpu: T0 : 0x4547d6 @_dl_non_dynamic_init+2534    : cmp	rdi, 0xb              
40381000: system.cpu: T0 : 0x4547da @_dl_non_dynamic_init+2538    : jnbe	0xb0                 
40487000: system.cpu: T0 : 0x454890 @_dl_non_dynamic_init+2720    : mov	r15                   
40487000: system.cpu: T0 : 0x454893 @_dl_non_dynamic_init+2723    : sub	rax                   
40487000: system.cpu: T0 : 0x454896 @_dl_non_dynamic_init+2726    : cmp	rdi, 0xa              
40487000: system.cpu: T0 : 0x45489a @_dl_non_dynamic_init+2730    : jnbe	0xfffffffffffff70d   
40500000: system.cpu: T0 : 0x453fad @_dl_non_dynamic_init+445    : mov	rax, DS:[rdx + 0x10]  
40500000: system.cpu: T0 : 0x453fb1 @_dl_non_dynamic_init+449    : add	rdx, 0x10             
40500000: system.cpu: T0 : 0x453fb5 @_dl_non_dynamic_init+453    : test	rax                  
40500000: system.cpu: T0 : 0x453fb8 @_dl_non_dynamic_init+456    : jz	0x82                   
40607000: system.cpu: T0 : 0x454040 @_dl_non_dynamic_init+592    : test	rsi                  
40607000: system.cpu: T0 : 0x454043 @_dl_non_dynamic_init+595    : jz	0x7b                   
40607000: system.cpu: T0 : 0x454045 @_dl_non_dynamic_init+597    : test	SS:[rbp + 0x31e], 0x20
40607000: system.cpu: T0 : 0x45404c @_dl_non_dynamic_init+604    : jnz	0x72                  
40608000: system.cpu: T0 : 0x45404e @_dl_non_dynamic_init+606    : mov	rax, SS:[rbp + 0x60]  
40608000: system.cpu: T0 : 0x454052 @_dl_non_dynamic_init+610    : test	rax                  
40608000: system.cpu: T0 : 0x454055 @_dl_non_dynamic_init+613    : jz	0x4                    
40623000: system.cpu: T0 : 0x45405b @_dl_non_dynamic_init+619    : mov	rax, SS:[rbp + 0x58]  
40623000: system.cpu: T0 : 0x45405f @_dl_non_dynamic_init+623    : test	rax                  
40623000: system.cpu: T0 : 0x454062 @_dl_non_dynamic_init+626    : jz	0x4                    
40638000: system.cpu: T0 : 0x454068 @_dl_non_dynamic_init+632    : mov	rax, SS:[rbp + 0x68]  
40638000: system.cpu: T0 : 0x45406c @_dl_non_dynamic_init+636    : test	rax                  
40638000: system.cpu: T0 : 0x45406f @_dl_non_dynamic_init+639    : jz	0x4                    
40652000: system.cpu: T0 : 0x454075 @_dl_non_dynamic_init+645    : mov	rax, SS:[rbp + 0x70]  
40652000: system.cpu: T0 : 0x454079 @_dl_non_dynamic_init+649    : test	rax                  
40652000: system.cpu: T0 : 0x45407c @_dl_non_dynamic_init+652    : jz	0x4                    
40707000: system.cpu: T0 : 0x454082 @_dl_non_dynamic_init+658    : mov	rax, SS:[rbp + 0x78]  
40707000: system.cpu: T0 : 0x454086 @_dl_non_dynamic_init+662    : test	rax                  
40707000: system.cpu: T0 : 0x454089 @_dl_non_dynamic_init+665    : jz	0x4                    
40721000: system.cpu: T0 : 0x45408f @_dl_non_dynamic_init+671    : mov	rax, SS:[rbp + 0xf8]  
40721000: system.cpu: T0 : 0x454096 @_dl_non_dynamic_init+678    : test	rax                  
40721000: system.cpu: T0 : 0x454099 @_dl_non_dynamic_init+681    : jz	0x4                    
40737000: system.cpu: T0 : 0x45409f @_dl_non_dynamic_init+687    : mov	rax, SS:[rbp + 0x1d0] 
40737000: system.cpu: T0 : 0x4540a6 @_dl_non_dynamic_init+694    : test	rax                  
40737000: system.cpu: T0 : 0x4540a9 @_dl_non_dynamic_init+697    : jz	0x4                    
40752000: system.cpu: T0 : 0x4540af @_dl_non_dynamic_init+703    : mov	rax, SS:[rbp + 0x2a0] 
40752000: system.cpu: T0 : 0x4540b6 @_dl_non_dynamic_init+710    : test	rax                  
40752000: system.cpu: T0 : 0x4540b9 @_dl_non_dynamic_init+713    : jz	0x5                    
40807000: system.cpu: T0 : 0x4540c0 @_dl_non_dynamic_init+720    : mov	rax, SS:[rbp + 0xe0]  
40807000: system.cpu: T0 : 0x4540c7 @_dl_non_dynamic_init+727    : test	rax                  
40807000: system.cpu: T0 : 0x4540ca @_dl_non_dynamic_init+730    : jz	0xb                    
40821000: system.cpu: T0 : 0x4540d7 @_dl_non_dynamic_init+743    : cmp	SS:[rbp + 0x78], 0    
40821000: system.cpu: T0 : 0x4540dc @_dl_non_dynamic_init+748    : jz	0x12                   
40837000: system.cpu: T0 : 0x4540f0 @_dl_non_dynamic_init+768    : mov	rax, SS:[rbp + 0x130] 
40837000: system.cpu: T0 : 0x4540f7 @_dl_non_dynamic_init+775    : test	rax                  
40837000: system.cpu: T0 : 0x4540fa @_dl_non_dynamic_init+778    : jz	0x2e                   
40906000: system.cpu: T0 : 0x45412a @_dl_non_dynamic_init+826    : mov	rax, SS:[rbp + 0x178] 
40906000: system.cpu: T0 : 0x454131 @_dl_non_dynamic_init+833    : test	rax                  
40906000: system.cpu: T0 : 0x454134 @_dl_non_dynamic_init+836    : jz	0x35                   
41002000: system.cpu: T0 : 0x45416b @_dl_non_dynamic_init+891    : cmp	SS:[rbp + 0x128], 0   
41002000: system.cpu: T0 : 0x454173 @_dl_non_dynamic_init+899    : jz	0xb                    
41098000: system.cpu: T0 : 0x454180 @_dl_non_dynamic_init+912    : mov	rbp                   
41098000: system.cpu: T0 : 0x454183 @_dl_non_dynamic_init+915    : call	0x2fe88              
41210000: system.cpu: T0 : 0x484010 @_dl_setup_hash    : hint	                     
41210000: system.cpu: T0 : 0x484014 @_dl_setup_hash+4    : mov	rdx, DS:[rdi + 0x2a0] 
41210000: system.cpu: T0 : 0x48401b @_dl_setup_hash+11    : mov	rdi                   
41210000: system.cpu: T0 : 0x48401e @_dl_setup_hash+14    : test	rdx                  
41210000: system.cpu: T0 : 0x484021 @_dl_setup_hash+17    : jz	0x75                   
41317000: system.cpu: T0 : 0x484098 @_dl_setup_hash+136    : mov	rdx, DS:[rdi + 0x60]  
41317000: system.cpu: T0 : 0x48409c @_dl_setup_hash+140    : test	rdx                  
41317000: system.cpu: T0 : 0x48409f @_dl_setup_hash+143    : jz	0x35                   
41415000: system.cpu: T0 : 0x4840d6 @_dl_setup_hash+198    : ret	                      
41417000: system.cpu: T0 : 0x454188 @_dl_non_dynamic_init+920    : mov	rax, SS:[rbp + 0x3a0] 
41417000: system.cpu: T0 : 0x45418f @_dl_non_dynamic_init+927    : lea	rdx, SS:[rbp + 0x28]  
41417000: system.cpu: T0 : 0x454193 @_dl_non_dynamic_init+931    : or	SS:[rbp + 0x31c], 0x4  
41417000: system.cpu: T0 : 0x45419a @_dl_non_dynamic_init+938    : mov	SS:[rbp + 0x3e4], 0x1 
41418000: system.cpu: T0 : 0x4541a4 @_dl_non_dynamic_init+948    : mov	DS:[rax + 0x8], 0x1   
41418000: system.cpu: T0 : 0x4541ab @_dl_non_dynamic_init+955    : mov	DS:[rax], rdx         
41418000: system.cpu: T0 : 0x4541ae @_dl_non_dynamic_init+958    : mov	rax, SS:[rbp + 0xb0]  
41418000: system.cpu: T0 : 0x4541b5 @_dl_non_dynamic_init+965    : test	rax                  
41418000: system.cpu: T0 : 0x4541b8 @_dl_non_dynamic_init+968    : jz	0x2c                   
41515000: system.cpu: T0 : 0x4541e6 @_dl_non_dynamic_init+1014    : xor	esi                   
41515000: system.cpu: T0 : 0x4541e8 @_dl_non_dynamic_init+1016    : mov	rbp                   
41515000: system.cpu: T0 : 0x4541eb @_dl_non_dynamic_init+1019    : call	0x2c310              
41619000: system.cpu: T0 : 0x480500 @_dl_add_to_namespace_list    : hint	                     
41619000: system.cpu: T0 : 0x480504 @_dl_add_to_namespace_list+4    : push	r12                  
41619000: system.cpu: T0 : 0x480506 @_dl_add_to_namespace_list+6    : lea	r12, DS:[rip + 0x44bd3]
41619000: system.cpu: T0 : 0x48050d @_dl_add_to_namespace_list+13    : push	rbp                  
41619000: system.cpu: T0 : 0x48050e @_dl_add_to_namespace_list+14    : mov	rdi                   
41620000: system.cpu: T0 : 0x480511 @_dl_add_to_namespace_list+17    : mov	r12                   
41620000: system.cpu: T0 : 0x480514 @_dl_add_to_namespace_list+20    : push	rbx                  
41620000: system.cpu: T0 : 0x480515 @_dl_add_to_namespace_list+21    : mov	rsi                   
41620000: system.cpu: T0 : 0x480518 @_dl_add_to_namespace_list+24    : call	0xffffffffffff38e3   
41747000: system.cpu: T0 : 0x473e00 @pthread_mutex_lock    : hint	                     
41747000: system.cpu: T0 : 0x473e04 @pthread_mutex_lock+4    : mov	eax, DS:[rdi + 0x10]  
41747000: system.cpu: T0 : 0x473e07 @pthread_mutex_lock+7    : mov	eax                   
41747000: system.cpu: T0 : 0x473e09 @pthread_mutex_lock+9    : and	edx, 0x17f            
41747000: system.cpu: T0 : 0x473e0f @pthread_mutex_lock+15    :   NOP                      : IntAlu : 
41747000: system.cpu: T0 : 0x473e10 @pthread_mutex_lock+16    : and	eax, 0x7c             
41748000: system.cpu: T0 : 0x473e13 @pthread_mutex_lock+19    : jnz	0xa7                  
41748000: system.cpu: T0 : 0x473e19 @pthread_mutex_lock+25    : push	rbx                  
41748000: system.cpu: T0 : 0x473e1a @pthread_mutex_lock+26    : sub	rsp, 0x10             
41748000: system.cpu: T0 : 0x473e1e @pthread_mutex_lock+30    : test	edx                  
41749000: system.cpu: T0 : 0x473e20 @pthread_mutex_lock+32    : jnz	0xa2                  
41994000: system.cpu: T0 : 0x473ec8 @pthread_mutex_lock+200    : cmp	edx, 0x100            
41994000: system.cpu: T0 : 0x473ece @pthread_mutex_lock+206    : jz	0xffffffffffffffd6     
41994000: system.cpu: T0 : 0x473ed0 @pthread_mutex_lock+208    : mov	edx, DS:[rdi + 0x10]  
41994000: system.cpu: T0 : 0x473ed3 @pthread_mutex_lock+211    : and	edx, 0x7f             
41995000: system.cpu: T0 : 0x473ed6 @pthread_mutex_lock+214    : cmp	edx, 0x1              
41995000: system.cpu: T0 : 0x473ed9 @pthread_mutex_lock+217    : jnz	0x95                  
41995000: system.cpu: T0 : 0x473edf @pthread_mutex_lock+223    : mov	eax, FS:[t0 + t0 + 0x2d0]
41995000: system.cpu: T0 : 0x473ee7 @pthread_mutex_lock+231    : cmp	DS:[rdi + 0x8], eax   
41996000: system.cpu: T0 : 0x473eea @pthread_mutex_lock+234    : jnz	0x30                  
42093000: system.cpu: T0 : 0x473f1c @pthread_mutex_lock+284    : mov	esi, DS:[rdi + 0x10]  
42093000: system.cpu: T0 : 0x473f1f @pthread_mutex_lock+287    : and	esi, 0x80             
42093000: system.cpu: T0 : 0x473f25 @pthread_mutex_lock+293    : jnz	0x2f                  
42093000: system.cpu: T0 : 0x473f27 @pthread_mutex_lock+295    : mov	eax, FS:[t0 + t0 + 0x18]
42093000: system.cpu: T0 : 0x473f2f @pthread_mutex_lock+303    : test	eax                  
42094000: system.cpu: T0 : 0x473f31 @pthread_mutex_lock+305    : jnz	0x23                  
42094000: system.cpu: T0 : 0x473f33 @pthread_mutex_lock+307    : mov	edx, DS:[rdi]         
42094000: system.cpu: T0 : 0x473f35 @pthread_mutex_lock+309    : test	edx                  
42094000: system.cpu: T0 : 0x473f37 @pthread_mutex_lock+311    : jnz	0x1d                  
42095000: system.cpu: T0 : 0x473f39 @pthread_mutex_lock+313    : mov	DS:[rdi], 0x1         
42190000: system.cpu: T0 : 0x473f3f @pthread_mutex_lock+319    : mov	eax, DS:[rdi + 0x8]   
42190000: system.cpu: T0 : 0x473f42 @pthread_mutex_lock+322    : test	eax                  
42190000: system.cpu: T0 : 0x473f44 @pthread_mutex_lock+324    : jnz	0x134                 
42190000: system.cpu: T0 : 0x473f4a @pthread_mutex_lock+330    : mov	DS:[rdi + 0x4], 0x1   
42190000: system.cpu: T0 : 0x473f51 @pthread_mutex_lock+337    : jmp	0xffffffffffffff0f    
42196000: system.cpu: T0 : 0x473e65 @pthread_mutex_lock+101    : mov	eax, FS:[t0 + t0 + 0x2d0]
42196000: system.cpu: T0 : 0x473e6d @pthread_mutex_lock+109    : mov	DS:[rdi + 0x8], eax   
42196000: system.cpu: T0 : 0x473e70 @pthread_mutex_lock+112    : add	DS:[rdi + 0xc], 0x1   
42209000: system.cpu: T0 : 0x473e74 @pthread_mutex_lock+116    :   NOP                      : IntAlu : 
42209000: system.cpu: T0 : 0x473e75 @pthread_mutex_lock+117    : xor	eax                   
42209000: system.cpu: T0 : 0x473e77 @pthread_mutex_lock+119    : add	rsp, 0x10             
42209000: system.cpu: T0 : 0x473e7b @pthread_mutex_lock+123    : pop	rbx                   
42209000: system.cpu: T0 : 0x473e7c @pthread_mutex_lock+124    : ret	                      
42212000: system.cpu: T0 : 0x48051d @_dl_add_to_namespace_list+29    : lea	rdx, DS:[4*rbx + rbx] 
42212000: system.cpu: T0 : 0x480521 @_dl_add_to_namespace_list+33    : lea	rcx, DS:[rip + 0x44c78]
42212000: system.cpu: T0 : 0x480528 @_dl_add_to_namespace_list+40    : sal	0x5                   
42212000: system.cpu: T0 : 0x48052c @_dl_add_to_namespace_list+44    : add	rcx                   
42212000: system.cpu: T0 : 0x48052f @_dl_add_to_namespace_list+47    : mov	rax, DS:[rdx]         
42212000: system.cpu: T0 : 0x480532 @_dl_add_to_namespace_list+50    : test	rax                  
42212000: system.cpu: T0 : 0x480535 @_dl_add_to_namespace_list+53    : jz	0x59                   
42213000: system.cpu: T0 : 0x480537 @_dl_add_to_namespace_list+55    : hint	                     
42215000: system.cpu: T0 : 0x480540 @_dl_add_to_namespace_list+64    : mov	rax                   
42215000: system.cpu: T0 : 0x480543 @_dl_add_to_namespace_list+67    : mov	rax, DS:[rax + 0x18]  
42215000: system.cpu: T0 : 0x480547 @_dl_add_to_namespace_list+71    : test	rax                  
42215000: system.cpu: T0 : 0x48054a @_dl_add_to_namespace_list+74    : jnz	0xfffffffffffffff4    
42215000: system.cpu: T0 : 0x48054c @_dl_add_to_namespace_list+76    : mov	SS:[rbp + 0x20], rdx  
42215000: system.cpu: T0 : 0x480550 @_dl_add_to_namespace_list+80    : mov	DS:[rdx + 0x18], rbp  
42216000: system.cpu: T0 : 0x480554 @_dl_add_to_namespace_list+84    : lea	rax, DS:[4*rbx + rbx] 
42216000: system.cpu: T0 : 0x480558 @_dl_add_to_namespace_list+88    : mov	r12                   
42216000: system.cpu: T0 : 0x48055b @_dl_add_to_namespace_list+91    : sal	0x5                   
42216000: system.cpu: T0 : 0x48055f @_dl_add_to_namespace_list+95    : add	DS:[rax + rcx + 0x8], 0x1
42216000: system.cpu: T0 : 0x480564 @_dl_add_to_namespace_list+100    : mov	rax, DS:[rip + 0x44bf5]
42217000: system.cpu: T0 : 0x48056b @_dl_add_to_namespace_list+107    : pop	rbx                   
42217000: system.cpu: T0 : 0x48056c @_dl_add_to_namespace_list+108    : mov	SS:[rbp + 0x480], rax 
42217000: system.cpu: T0 : 0x480573 @_dl_add_to_namespace_list+115    : add	rax, 0x1              
42217000: system.cpu: T0 : 0x480577 @_dl_add_to_namespace_list+119    : pop	rbp                   
42218000: system.cpu: T0 : 0x480578 @_dl_add_to_namespace_list+120    : pop	r12                   
42220000: system.cpu: T0 : 0x48057a @_dl_add_to_namespace_list+122    : mov	DS:[rip + 0x44bdf], rax
42220000: system.cpu: T0 : 0x480581 @_dl_add_to_namespace_list+129    : jmp	0xffffffffffff40ea    
42222000: system.cpu: T0 : 0x474670 @___pthread_mutex_unlock    : hint	                     
42222000: system.cpu: T0 : 0x474674 @___pthread_mutex_unlock+4    : mov	eax, DS:[rdi + 0x10]  
42222000: system.cpu: T0 : 0x474677 @___pthread_mutex_unlock+7    : mov	eax                   
42222000: system.cpu: T0 : 0x474679 @___pthread_mutex_unlock+9    : and	edx, 0x17f            
42317000: system.cpu: T0 : 0x47467f @___pthread_mutex_unlock+15    : and	eax, 0x7c             
42317000: system.cpu: T0 : 0x474682 @___pthread_mutex_unlock+18    : jnz	0x4c                  
42317000: system.cpu: T0 : 0x474684 @___pthread_mutex_unlock+20    : sub	rsp, 0x18             
42317000: system.cpu: T0 : 0x474688 @___pthread_mutex_unlock+24    : test	edx                  
42318000: system.cpu: T0 : 0x47468a @___pthread_mutex_unlock+26    : jnz	0x54                  
42423000: system.cpu: T0 : 0x4746e0 @___pthread_mutex_unlock+112    : cmp	edx, 0x100            
42423000: system.cpu: T0 : 0x4746e6 @___pthread_mutex_unlock+118    : jnz	0x2f                  
42520000: system.cpu: T0 : 0x474717 @___pthread_mutex_unlock+167    : mov	ecx, DS:[rdi + 0x10]  
42520000: system.cpu: T0 : 0x47471a @___pthread_mutex_unlock+170    : and	ecx, 0x7f             
42520000: system.cpu: T0 : 0x47471d @___pthread_mutex_unlock+173    : cmp	ecx, 0x1              
42520000: system.cpu: T0 : 0x474720 @___pthread_mutex_unlock+176    : jnz	0x26                  
42521000: system.cpu: T0 : 0x474722 @___pthread_mutex_unlock+178    : mov	edx, FS:[t0 + t0 + 0x2d0]
42521000: system.cpu: T0 : 0x47472a @___pthread_mutex_unlock+186    : cmp	DS:[rdi + 0x8], edx   
42521000: system.cpu: T0 : 0x47472d @___pthread_mutex_unlock+189    : jz	0xa                    
42537000: system.cpu: T0 : 0x474739 @___pthread_mutex_unlock+201    : sub	DS:[rdi + 0x4], 0x1   
42618000: system.cpu: T0 : 0x47473d @___pthread_mutex_unlock+205    : jnz	0xffffffffffffff69    
42618000: system.cpu: T0 : 0x474743 @___pthread_mutex_unlock+211    : jmp	0xffffffffffffff44    
42623000: system.cpu: T0 : 0x47468c @___pthread_mutex_unlock+28    : sub	DS:[rdi + 0xc], 0x1   
42623000: system.cpu: T0 : 0x474690 @___pthread_mutex_unlock+32    : mov	DS:[rdi + 0x8], 0     
42623000: system.cpu: T0 : 0x474697 @___pthread_mutex_unlock+39    : mov	esi, DS:[rdi + 0x10]  
42623000: system.cpu: T0 : 0x47469a @___pthread_mutex_unlock+42    : and	esi, 0x80             
42624000: system.cpu: T0 : 0x4746a0 @___pthread_mutex_unlock+48    : jz	0x16                   
42638000: system.cpu: T0 : 0x4746b8 @___pthread_mutex_unlock+72    : mov	edx, FS:[t0 + t0 + 0x18]
42640000: system.cpu: T0 : 0x4746c0 @___pthread_mutex_unlock+80    : test	edx                  
42640000: system.cpu: T0 : 0x4746c2 @___pthread_mutex_unlock+82    : jnz	0xffffffffffffffde    
42640000: system.cpu: T0 : 0x4746c4 @___pthread_mutex_unlock+84    : mov	DS:[rdi], 0           
42640000: system.cpu: T0 : 0x4746ca @___pthread_mutex_unlock+90    : jmp	0xffffffffffffffdf    
42648000: system.cpu: T0 : 0x4746ab @___pthread_mutex_unlock+59    :   NOP                      : IntAlu : 
42648000: system.cpu: T0 : 0x4746ac @___pthread_mutex_unlock+60    : add	rsp, 0x18             
42648000: system.cpu: T0 : 0x4746b0 @___pthread_mutex_unlock+64    : ret	                      
42650000: system.cpu: T0 : 0x4541f0 @_dl_non_dynamic_init+1024    : mov	DS:[rip + 0x770b1], rbp
42652000: system.cpu: T0 : 0x4541f7 @_dl_non_dynamic_init+1031    : mov	DS:[rip + 0x70f66], 0x1
42652000: system.cpu: T0 : 0x454202 @_dl_non_dynamic_init+1042    : lea	r14, SS:[t0 + rsp + 0x20]
42652000: system.cpu: T0 : 0x454207 @_dl_non_dynamic_init+1047    : lea	r13, SS:[t0 + rsp + 0x40]
42652000: system.cpu: T0 : 0x45420c @_dl_non_dynamic_init+1052    : mov	rbp                   
42652000: system.cpu: T0 : 0x45420f @_dl_non_dynamic_init+1055    : xor	r9d                   
42652000: system.cpu: T0 : 0x454212 @_dl_non_dynamic_init+1058    : pxor	XMM0                 
42653000: system.cpu: T0 : 0x454216 @_dl_non_dynamic_init+1062    : lea	r15, DS:[rip + 0x48beb]
42653000: system.cpu: T0 : 0x45421d @_dl_non_dynamic_init+1069    : mov	rax, 0x103ae75f6      
42653000: system.cpu: T0 : 0x454227 @_dl_non_dynamic_init+1079    : mov	SS:[t0 + rsp + 0x30], 0
42653000: system.cpu: T0 : 0x454230 @_dl_non_dynamic_init+1088    : movaps	SS:[t0 + rsp + 0x20], XMM0
42654000: system.cpu: T0 : 0x454235 @_dl_non_dynamic_init+1093    : lea	r12, SS:[t0 + rsp + 0x18]
42756000: system.cpu: T0 : 0x45423a @_dl_non_dynamic_init+1098    : lea	rcx, SS:[rbp + 0x3a0] 
42756000: system.cpu: T0 : 0x454241 @_dl_non_dynamic_init+1105    : mov	r13                   
42756000: system.cpu: T0 : 0x454244 @_dl_non_dynamic_init+1108    : mov	SS:[t0 + rsp + 0x24], 0x20
42756000: system.cpu: T0 : 0x454249 @_dl_non_dynamic_init+1113    : mov	r12                   
42756000: system.cpu: T0 : 0x45424c @_dl_non_dynamic_init+1116    : lea	rdi, DS:[rip + 0x48bbf]
42756000: system.cpu: T0 : 0x454253 @_dl_non_dynamic_init+1123    : mov	SS:[t0 + rsp + 0x40], r15
42757000: system.cpu: T0 : 0x454258 @_dl_non_dynamic_init+1128    : mov	SS:[t0 + rsp + 0x48], rax
42757000: system.cpu: T0 : 0x45425d @_dl_non_dynamic_init+1133    : mov	SS:[t0 + rsp + 0x50], 0
42757000: system.cpu: T0 : 0x454266 @_dl_non_dynamic_init+1142    : mov	SS:[t0 + rsp + 0x18], r14
42757000: system.cpu: T0 : 0x45426b @_dl_non_dynamic_init+1147    : push	0                    
42757000: system.cpu: T0 : 0x45426d @_dl_non_dynamic_init+1149    : push	0                    
42758000: system.cpu: T0 : 0x45426f @_dl_non_dynamic_init+1151    : call	0x2b24c              
42870000: system.cpu: T0 : 0x47f4c0 @_dl_lookup_symbol_x    : hint	                     
42870000: system.cpu: T0 : 0x47f4c4 @_dl_lookup_symbol_x+4    : push	r15                  
42870000: system.cpu: T0 : 0x47f4c6 @_dl_lookup_symbol_x+6    : push	r14                  
42870000: system.cpu: T0 : 0x47f4c8 @_dl_lookup_symbol_x+8    : push	r13                  
42870000: system.cpu: T0 : 0x47f4ca @_dl_lookup_symbol_x+10    : push	r12                  
42871000: system.cpu: T0 : 0x47f4cc @_dl_lookup_symbol_x+12    : mov	rdi                   
42871000: system.cpu: T0 : 0x47f4cf @_dl_lookup_symbol_x+15    : push	rbp                  
42871000: system.cpu: T0 : 0x47f4d0 @_dl_lookup_symbol_x+16    : mov	rdx                   
42871000: system.cpu: T0 : 0x47f4d3 @_dl_lookup_symbol_x+19    : push	rbx                  
42871000: system.cpu: T0 : 0x47f4d4 @_dl_lookup_symbol_x+20    : sub	rsp, 0x88             
42872000: system.cpu: T0 : 0x47f4db @_dl_lookup_symbol_x+27    : mov	rax, SS:[t0 + rsp + 0xc0]
42872000: system.cpu: T0 : 0x47f4e2 @_dl_lookup_symbol_x+34    : mov	SS:[t0 + rsp + 0x10], rsi
42872000: system.cpu: T0 : 0x47f4e7 @_dl_lookup_symbol_x+39    : mov	SS:[t0 + rsp + 0x20], rcx
42872000: system.cpu: T0 : 0x47f4ec @_dl_lookup_symbol_x+44    : and	eax, 0x2              
42872000: system.cpu: T0 : 0x47f4ef @_dl_lookup_symbol_x+47    : mov	SS:[t0 + rsp + 0x8], r8
42872000: system.cpu: T0 : 0x47f4f4 @_dl_lookup_symbol_x+52    : mov	SS:[t0 + rsp + 0x30], rax
42873000: system.cpu: T0 : 0x47f4f8 @_dl_lookup_symbol_x+56    : mov	rax, SS:[t0 + rsp + 0xc0]
42968000: system.cpu: T0 : 0x47f4ff @_dl_lookup_symbol_x+63    : mov	SS:[t0 + rsp + 0x18], r9
42968000: system.cpu: T0 : 0x47f504 @_dl_lookup_symbol_x+68    : and	eax, 0x8              
42968000: system.cpu: T0 : 0x47f507 @_dl_lookup_symbol_x+71    : mov	SS:[t0 + rsp + 0x38], rax
42968000: system.cpu: T0 : 0x47f50b @_dl_lookup_symbol_x+75    : mov	rax, SS:[t0 + rsp + 0xc0]
42968000: system.cpu: T0 : 0x47f512 @_dl_lookup_symbol_x+82    : and	eax, 0x4              
42968000: system.cpu: T0 : 0x47f515 @_dl_lookup_symbol_x+85    : mov	SS:[t0 + rsp + 0x34], rax
42969000: system.cpu: T0 : 0x47f519 @_dl_lookup_symbol_x+89    : movzx	edx, DS:[t0 + r12]  
42969000: system.cpu: T0 : 0x47f51e @_dl_lookup_symbol_x+94    : test	dl                   
42969000: system.cpu: T0 : 0x47f520 @_dl_lookup_symbol_x+96    : jz	0x212                  
42969000: system.cpu: T0 : 0x47f526 @_dl_lookup_symbol_x+102    : mov	r12                   
42969000: system.cpu: T0 : 0x47f529 @_dl_lookup_symbol_x+105    : mov	ebx, 0x1505           
42970000: system.cpu: T0 : 0x47f52e @_dl_lookup_symbol_x+110    :   NOP                      : IntAlu : 
42970000: system.cpu: T0 : 0x47f530 @_dl_lookup_symbol_x+112    : mov	rbx                   
42970000: system.cpu: T0 : 0x47f533 @_dl_lookup_symbol_x+115    : add	rcx, 0x1              
42970000: system.cpu: T0 : 0x47f537 @_dl_lookup_symbol_x+119    : sal	0x5                   
42970000: system.cpu: T0 : 0x47f53b @_dl_lookup_symbol_x+123    : add	rax                   
43065000: system.cpu: T0 : 0x47f53e @_dl_lookup_symbol_x+126    : add	rdx                   
43065000: system.cpu: T0 : 0x47f541 @_dl_lookup_symbol_x+129    : movzx	edx, DS:[rcx]       
43065000: system.cpu: T0 : 0x47f544 @_dl_lookup_symbol_x+132    : test	dl                   
43065000: system.cpu: T0 : 0x47f546 @_dl_lookup_symbol_x+134    : jnz	0xffffffffffffffe8    
43093000: system.cpu: T0 : 0x47f530 @_dl_lookup_symbol_x+112    : mov	rbx                   
43093000: system.cpu: T0 : 0x47f533 @_dl_lookup_symbol_x+115    : add	rcx, 0x1              
43093000: system.cpu: T0 : 0x47f537 @_dl_lookup_symbol_x+119    : sal	0x5                   
43093000: system.cpu: T0 : 0x47f53b @_dl_lookup_symbol_x+123    : add	rax                   
43095000: system.cpu: T0 : 0x47f53e @_dl_lookup_symbol_x+126    : add	rdx                   
43095000: system.cpu: T0 : 0x47f541 @_dl_lookup_symbol_x+129    : movzx	edx, DS:[rcx]       
43095000: system.cpu: T0 : 0x47f544 @_dl_lookup_symbol_x+132    : test	dl                   
43095000: system.cpu: T0 : 0x47f546 @_dl_lookup_symbol_x+134    : jnz	0xffffffffffffffe8    
43097000: system.cpu: T0 : 0x47f530 @_dl_lookup_symbol_x+112    : mov	rbx                   
43097000: system.cpu: T0 : 0x47f533 @_dl_lookup_symbol_x+115    : add	rcx, 0x1              
43097000: system.cpu: T0 : 0x47f537 @_dl_lookup_symbol_x+119    : sal	0x5                   
43097000: system.cpu: T0 : 0x47f53b @_dl_lookup_symbol_x+123    : add	rax                   
43099000: system.cpu: T0 : 0x47f53e @_dl_lookup_symbol_x+126    : add	rdx                   
43099000: system.cpu: T0 : 0x47f541 @_dl_lookup_symbol_x+129    : movzx	edx, DS:[rcx]       
43099000: system.cpu: T0 : 0x47f544 @_dl_lookup_symbol_x+132    : test	dl                   
43099000: system.cpu: T0 : 0x47f546 @_dl_lookup_symbol_x+134    : jnz	0xffffffffffffffe8    
43101000: system.cpu: T0 : 0x47f530 @_dl_lookup_symbol_x+112    : mov	rbx                   
43101000: system.cpu: T0 : 0x47f533 @_dl_lookup_symbol_x+115    : add	rcx, 0x1              
43101000: system.cpu: T0 : 0x47f537 @_dl_lookup_symbol_x+119    : sal	0x5                   
43101000: system.cpu: T0 : 0x47f53b @_dl_lookup_symbol_x+123    : add	rax                   
43103000: system.cpu: T0 : 0x47f53e @_dl_lookup_symbol_x+126    : add	rdx                   
43103000: system.cpu: T0 : 0x47f541 @_dl_lookup_symbol_x+129    : movzx	edx, DS:[rcx]       
43103000: system.cpu: T0 : 0x47f544 @_dl_lookup_symbol_x+132    : test	dl                   
43103000: system.cpu: T0 : 0x47f546 @_dl_lookup_symbol_x+134    : jnz	0xffffffffffffffe8    
43105000: system.cpu: T0 : 0x47f530 @_dl_lookup_symbol_x+112    : mov	rbx                   
43105000: system.cpu: T0 : 0x47f533 @_dl_lookup_symbol_x+115    : add	rcx, 0x1              
43105000: system.cpu: T0 : 0x47f537 @_dl_lookup_symbol_x+119    : sal	0x5                   
43105000: system.cpu: T0 : 0x47f53b @_dl_lookup_symbol_x+123    : add	rax                   
43107000: system.cpu: T0 : 0x47f53e @_dl_lookup_symbol_x+126    : add	rdx                   
43107000: system.cpu: T0 : 0x47f541 @_dl_lookup_symbol_x+129    : movzx	edx, DS:[rcx]       
43107000: system.cpu: T0 : 0x47f544 @_dl_lookup_symbol_x+132    : test	dl                   
43107000: system.cpu: T0 : 0x47f546 @_dl_lookup_symbol_x+134    : jnz	0xffffffffffffffe8    
43109000: system.cpu: T0 : 0x47f530 @_dl_lookup_symbol_x+112    : mov	rbx                   
43109000: system.cpu: T0 : 0x47f533 @_dl_lookup_symbol_x+115    : add	rcx, 0x1              
43109000: system.cpu: T0 : 0x47f537 @_dl_lookup_symbol_x+119    : sal	0x5                   
43109000: system.cpu: T0 : 0x47f53b @_dl_lookup_symbol_x+123    : add	rax                   
43111000: system.cpu: T0 : 0x47f53e @_dl_lookup_symbol_x+126    : add	rdx                   
43111000: system.cpu: T0 : 0x47f541 @_dl_lookup_symbol_x+129    : movzx	edx, DS:[rcx]       
43111000: system.cpu: T0 : 0x47f544 @_dl_lookup_symbol_x+132    : test	dl                   
43111000: system.cpu: T0 : 0x47f546 @_dl_lookup_symbol_x+134    : jnz	0xffffffffffffffe8    
43113000: system.cpu: T0 : 0x47f530 @_dl_lookup_symbol_x+112    : mov	rbx                   
43113000: system.cpu: T0 : 0x47f533 @_dl_lookup_symbol_x+115    : add	rcx, 0x1              
43113000: system.cpu: T0 : 0x47f537 @_dl_lookup_symbol_x+119    : sal	0x5                   
43113000: system.cpu: T0 : 0x47f53b @_dl_lookup_symbol_x+123    : add	rax                   
43115000: system.cpu: T0 : 0x47f53e @_dl_lookup_symbol_x+126    : add	rdx                   
43115000: system.cpu: T0 : 0x47f541 @_dl_lookup_symbol_x+129    : movzx	edx, DS:[rcx]       
43115000: system.cpu: T0 : 0x47f544 @_dl_lookup_symbol_x+132    : test	dl                   
43115000: system.cpu: T0 : 0x47f546 @_dl_lookup_symbol_x+134    : jnz	0xffffffffffffffe8    
43117000: system.cpu: T0 : 0x47f530 @_dl_lookup_symbol_x+112    : mov	rbx                   
43117000: system.cpu: T0 : 0x47f533 @_dl_lookup_symbol_x+115    : add	rcx, 0x1              
43117000: system.cpu: T0 : 0x47f537 @_dl_lookup_symbol_x+119    : sal	0x5                   
43117000: system.cpu: T0 : 0x47f53b @_dl_lookup_symbol_x+123    : add	rax                   
43119000: system.cpu: T0 : 0x47f53e @_dl_lookup_symbol_x+126    : add	rdx                   
43119000: system.cpu: T0 : 0x47f541 @_dl_lookup_symbol_x+129    : movzx	edx, DS:[rcx]       
43119000: system.cpu: T0 : 0x47f544 @_dl_lookup_symbol_x+132    : test	dl                   
43119000: system.cpu: T0 : 0x47f546 @_dl_lookup_symbol_x+134    : jnz	0xffffffffffffffe8    
43121000: system.cpu: T0 : 0x47f530 @_dl_lookup_symbol_x+112    : mov	rbx                   
43121000: system.cpu: T0 : 0x47f533 @_dl_lookup_symbol_x+115    : add	rcx, 0x1              
43121000: system.cpu: T0 : 0x47f537 @_dl_lookup_symbol_x+119    : sal	0x5                   
43121000: system.cpu: T0 : 0x47f53b @_dl_lookup_symbol_x+123    : add	rax                   
43123000: system.cpu: T0 : 0x47f53e @_dl_lookup_symbol_x+126    : add	rdx                   
43123000: system.cpu: T0 : 0x47f541 @_dl_lookup_symbol_x+129    : movzx	edx, DS:[rcx]       
43123000: system.cpu: T0 : 0x47f544 @_dl_lookup_symbol_x+132    : test	dl                   
43123000: system.cpu: T0 : 0x47f546 @_dl_lookup_symbol_x+134    : jnz	0xffffffffffffffe8    
43125000: system.cpu: T0 : 0x47f530 @_dl_lookup_symbol_x+112    : mov	rbx                   
43125000: system.cpu: T0 : 0x47f533 @_dl_lookup_symbol_x+115    : add	rcx, 0x1              
43125000: system.cpu: T0 : 0x47f537 @_dl_lookup_symbol_x+119    : sal	0x5                   
43125000: system.cpu: T0 : 0x47f53b @_dl_lookup_symbol_x+123    : add	rax                   
43127000: system.cpu: T0 : 0x47f53e @_dl_lookup_symbol_x+126    : add	rdx                   
43127000: system.cpu: T0 : 0x47f541 @_dl_lookup_symbol_x+129    : movzx	edx, DS:[rcx]       
43127000: system.cpu: T0 : 0x47f544 @_dl_lookup_symbol_x+132    : test	dl                   
43127000: system.cpu: T0 : 0x47f546 @_dl_lookup_symbol_x+134    : jnz	0xffffffffffffffe8    
43129000: system.cpu: T0 : 0x47f530 @_dl_lookup_symbol_x+112    : mov	rbx                   
43129000: system.cpu: T0 : 0x47f533 @_dl_lookup_symbol_x+115    : add	rcx, 0x1              
43129000: system.cpu: T0 : 0x47f537 @_dl_lookup_symbol_x+119    : sal	0x5                   
43129000: system.cpu: T0 : 0x47f53b @_dl_lookup_symbol_x+123    : add	rax                   
43131000: system.cpu: T0 : 0x47f53e @_dl_lookup_symbol_x+126    : add	rdx                   
43131000: system.cpu: T0 : 0x47f541 @_dl_lookup_symbol_x+129    : movzx	edx, DS:[rcx]       
43131000: system.cpu: T0 : 0x47f544 @_dl_lookup_symbol_x+132    : test	dl                   
43131000: system.cpu: T0 : 0x47f546 @_dl_lookup_symbol_x+134    : jnz	0xffffffffffffffe8    
43133000: system.cpu: T0 : 0x47f530 @_dl_lookup_symbol_x+112    : mov	rbx                   
43133000: system.cpu: T0 : 0x47f533 @_dl_lookup_symbol_x+115    : add	rcx, 0x1              
43133000: system.cpu: T0 : 0x47f537 @_dl_lookup_symbol_x+119    : sal	0x5                   
43133000: system.cpu: T0 : 0x47f53b @_dl_lookup_symbol_x+123    : add	rax                   
43135000: system.cpu: T0 : 0x47f53e @_dl_lookup_symbol_x+126    : add	rdx                   
43135000: system.cpu: T0 : 0x47f541 @_dl_lookup_symbol_x+129    : movzx	edx, DS:[rcx]       
43135000: system.cpu: T0 : 0x47f544 @_dl_lookup_symbol_x+132    : test	dl                   
43135000: system.cpu: T0 : 0x47f546 @_dl_lookup_symbol_x+134    : jnz	0xffffffffffffffe8    
43137000: system.cpu: T0 : 0x47f530 @_dl_lookup_symbol_x+112    : mov	rbx                   
43137000: system.cpu: T0 : 0x47f533 @_dl_lookup_symbol_x+115    : add	rcx, 0x1              
43137000: system.cpu: T0 : 0x47f537 @_dl_lookup_symbol_x+119    : sal	0x5                   
43137000: system.cpu: T0 : 0x47f53b @_dl_lookup_symbol_x+123    : add	rax                   
43139000: system.cpu: T0 : 0x47f53e @_dl_lookup_symbol_x+126    : add	rdx                   
43139000: system.cpu: T0 : 0x47f541 @_dl_lookup_symbol_x+129    : movzx	edx, DS:[rcx]       
43139000: system.cpu: T0 : 0x47f544 @_dl_lookup_symbol_x+132    : test	dl                   
43139000: system.cpu: T0 : 0x47f546 @_dl_lookup_symbol_x+134    : jnz	0xffffffffffffffe8    
43141000: system.cpu: T0 : 0x47f530 @_dl_lookup_symbol_x+112    : mov	rbx                   
43141000: system.cpu: T0 : 0x47f533 @_dl_lookup_symbol_x+115    : add	rcx, 0x1              
43141000: system.cpu: T0 : 0x47f537 @_dl_lookup_symbol_x+119    : sal	0x5                   
43141000: system.cpu: T0 : 0x47f53b @_dl_lookup_symbol_x+123    : add	rax                   
43143000: system.cpu: T0 : 0x47f53e @_dl_lookup_symbol_x+126    : add	rdx                   
43143000: system.cpu: T0 : 0x47f541 @_dl_lookup_symbol_x+129    : movzx	edx, DS:[rcx]       
43143000: system.cpu: T0 : 0x47f544 @_dl_lookup_symbol_x+132    : test	dl                   
43143000: system.cpu: T0 : 0x47f546 @_dl_lookup_symbol_x+134    : jnz	0xffffffffffffffe8    
43145000: system.cpu: T0 : 0x47f530 @_dl_lookup_symbol_x+112    : mov	rbx                   
43145000: system.cpu: T0 : 0x47f533 @_dl_lookup_symbol_x+115    : add	rcx, 0x1              
43145000: system.cpu: T0 : 0x47f537 @_dl_lookup_symbol_x+119    : sal	0x5                   
43145000: system.cpu: T0 : 0x47f53b @_dl_lookup_symbol_x+123    : add	rax                   
43147000: system.cpu: T0 : 0x47f53e @_dl_lookup_symbol_x+126    : add	rdx                   
43147000: system.cpu: T0 : 0x47f541 @_dl_lookup_symbol_x+129    : movzx	edx, DS:[rcx]       
43147000: system.cpu: T0 : 0x47f544 @_dl_lookup_symbol_x+132    : test	dl                   
43147000: system.cpu: T0 : 0x47f546 @_dl_lookup_symbol_x+134    : jnz	0xffffffffffffffe8    
43149000: system.cpu: T0 : 0x47f530 @_dl_lookup_symbol_x+112    : mov	rbx                   
43149000: system.cpu: T0 : 0x47f533 @_dl_lookup_symbol_x+115    : add	rcx, 0x1              
43149000: system.cpu: T0 : 0x47f537 @_dl_lookup_symbol_x+119    : sal	0x5                   
43149000: system.cpu: T0 : 0x47f53b @_dl_lookup_symbol_x+123    : add	rax                   
43151000: system.cpu: T0 : 0x47f53e @_dl_lookup_symbol_x+126    : add	rdx                   
43151000: system.cpu: T0 : 0x47f541 @_dl_lookup_symbol_x+129    : movzx	edx, DS:[rcx]       
43151000: system.cpu: T0 : 0x47f544 @_dl_lookup_symbol_x+132    : test	dl                   
43151000: system.cpu: T0 : 0x47f546 @_dl_lookup_symbol_x+134    : jnz	0xffffffffffffffe8    
43153000: system.cpu: T0 : 0x47f530 @_dl_lookup_symbol_x+112    : mov	rbx                   
43153000: system.cpu: T0 : 0x47f533 @_dl_lookup_symbol_x+115    : add	rcx, 0x1              
43153000: system.cpu: T0 : 0x47f537 @_dl_lookup_symbol_x+119    : sal	0x5                   
43153000: system.cpu: T0 : 0x47f53b @_dl_lookup_symbol_x+123    : add	rax                   
43155000: system.cpu: T0 : 0x47f53e @_dl_lookup_symbol_x+126    : add	rdx                   
43155000: system.cpu: T0 : 0x47f541 @_dl_lookup_symbol_x+129    : movzx	edx, DS:[rcx]       
43155000: system.cpu: T0 : 0x47f544 @_dl_lookup_symbol_x+132    : test	dl                   
43155000: system.cpu: T0 : 0x47f546 @_dl_lookup_symbol_x+134    : jnz	0xffffffffffffffe8    
43157000: system.cpu: T0 : 0x47f530 @_dl_lookup_symbol_x+112    : mov	rbx                   
43157000: system.cpu: T0 : 0x47f533 @_dl_lookup_symbol_x+115    : add	rcx, 0x1              
43157000: system.cpu: T0 : 0x47f537 @_dl_lookup_symbol_x+119    : sal	0x5                   
43157000: system.cpu: T0 : 0x47f53b @_dl_lookup_symbol_x+123    : add	rax                   
43159000: system.cpu: T0 : 0x47f53e @_dl_lookup_symbol_x+126    : add	rdx                   
43159000: system.cpu: T0 : 0x47f541 @_dl_lookup_symbol_x+129    : movzx	edx, DS:[rcx]       
43159000: system.cpu: T0 : 0x47f544 @_dl_lookup_symbol_x+132    : test	dl                   
43159000: system.cpu: T0 : 0x47f546 @_dl_lookup_symbol_x+134    : jnz	0xffffffffffffffe8    
43161000: system.cpu: T0 : 0x47f530 @_dl_lookup_symbol_x+112    : mov	rbx                   
43161000: system.cpu: T0 : 0x47f533 @_dl_lookup_symbol_x+115    : add	rcx, 0x1              
43161000: system.cpu: T0 : 0x47f537 @_dl_lookup_symbol_x+119    : sal	0x5                   
43161000: system.cpu: T0 : 0x47f53b @_dl_lookup_symbol_x+123    : add	rax                   
43164000: system.cpu: T0 : 0x47f53e @_dl_lookup_symbol_x+126    : add	rdx                   
43164000: system.cpu: T0 : 0x47f541 @_dl_lookup_symbol_x+129    : movzx	edx, DS:[rcx]       
43164000: system.cpu: T0 : 0x47f544 @_dl_lookup_symbol_x+132    : test	dl                   
43164000: system.cpu: T0 : 0x47f546 @_dl_lookup_symbol_x+134    : jnz	0xffffffffffffffe8    
43166000: system.cpu: T0 : 0x47f530 @_dl_lookup_symbol_x+112    : mov	rbx                   
43166000: system.cpu: T0 : 0x47f533 @_dl_lookup_symbol_x+115    : add	rcx, 0x1              
43166000: system.cpu: T0 : 0x47f537 @_dl_lookup_symbol_x+119    : sal	0x5                   
43166000: system.cpu: T0 : 0x47f53b @_dl_lookup_symbol_x+123    : add	rax                   
43168000: system.cpu: T0 : 0x47f53e @_dl_lookup_symbol_x+126    : add	rdx                   
43168000: system.cpu: T0 : 0x47f541 @_dl_lookup_symbol_x+129    : movzx	edx, DS:[rcx]       
43168000: system.cpu: T0 : 0x47f544 @_dl_lookup_symbol_x+132    : test	dl                   
43168000: system.cpu: T0 : 0x47f546 @_dl_lookup_symbol_x+134    : jnz	0xffffffffffffffe8    
43181000: system.cpu: T0 : 0x47f548 @_dl_lookup_symbol_x+136    : mov	ebx                   
43181000: system.cpu: T0 : 0x47f54a @_dl_lookup_symbol_x+138    : mov	eax, 0xffffffffffffffff
43181000: system.cpu: T0 : 0x47f54f @_dl_lookup_symbol_x+143    : pxor	XMM0                 
43181000: system.cpu: T0 : 0x47f553 @_dl_lookup_symbol_x+147    : cmp	SS:[t0 + rsp + 0x8], 0
43181000: system.cpu: T0 : 0x47f559 @_dl_lookup_symbol_x+153    : mov	SS:[t0 + rsp + 0x48], rax
43182000: system.cpu: T0 : 0x47f55e @_dl_lookup_symbol_x+158    : movaps	SS:[t0 + rsp + 0x50], XMM0
43182000: system.cpu: T0 : 0x47f563 @_dl_lookup_symbol_x+163    : jz	0xe                    
43182000: system.cpu: T0 : 0x47f565 @_dl_lookup_symbol_x+165    : mov	r13, SS:[t0 + rsp + 0x30]
43182000: system.cpu: T0 : 0x47f56a @_dl_lookup_symbol_x+170    : test	r13d                 
43182000: system.cpu: T0 : 0x47f56d @_dl_lookup_symbol_x+173    : jnz	0x90c                 
43183000: system.cpu: T0 : 0x47f573 @_dl_lookup_symbol_x+179    : cmp	SS:[t0 + rsp + 0xc8], 0
43185000: system.cpu: T0 : 0x47f57c @_dl_lookup_symbol_x+188    : mov	rax, SS:[t0 + rsp + 0x20]
43185000: system.cpu: T0 : 0x47f581 @_dl_lookup_symbol_x+193    : mov	r9, DS:[rax]          
43185000: system.cpu: T0 : 0x47f584 @_dl_lookup_symbol_x+196    : jnz	0x1e6                 
43185000: system.cpu: T0 : 0x47f58a @_dl_lookup_symbol_x+202    : test	r9                   
43185000: system.cpu: T0 : 0x47f58d @_dl_lookup_symbol_x+205    : jz	0x1af                  
43186000: system.cpu: T0 : 0x47f593 @_dl_lookup_symbol_x+211    : mov	SS:[t0 + rsp + 0x28], 0
43186000: system.cpu: T0 : 0x47f59c @_dl_lookup_symbol_x+220    : mov	rax                   
43199000: system.cpu: T0 : 0x47f59f @_dl_lookup_symbol_x+223    : mov	rax, SS:[t0 + rsp + 0x28]
43199000: system.cpu: T0 : 0x47f5a4 @_dl_lookup_symbol_x+228    : lea	r15, SS:[t0 + rsp + 0x50]
43199000: system.cpu: T0 : 0x47f5a9 @_dl_lookup_symbol_x+233    : lea	r14, SS:[t0 + rsp + 0x48]
43199000: system.cpu: T0 : 0x47f5ae @_dl_lookup_symbol_x+238    : jmp	0xf                   
43284000: system.cpu: T0 : 0x47f5bf @_dl_lookup_symbol_x+255    : push	SS:[t0 + rsp + 0x10] 
43284000: system.cpu: T0 : 0x47f5c3 @_dl_lookup_symbol_x+259    : mov	rsi, SS:[t0 + rsp + 0x20]
43284000: system.cpu: T0 : 0x47f5c7 @_dl_lookup_symbol_x+263    : mov	r15                   
43284000: system.cpu: T0 : 0x47f5ca @_dl_lookup_symbol_x+266    : mov	r14                   
43284000: system.cpu: T0 : 0x47f5cd @_dl_lookup_symbol_x+269    : mov	rcx, SS:[rbp]         
43284000: system.cpu: T0 : 0x47f5d1 @_dl_lookup_symbol_x+273    : push	rsi                  
43285000: system.cpu: T0 : 0x47f5d2 @_dl_lookup_symbol_x+274    : mov	rbx                   
43285000: system.cpu: T0 : 0x47f5d5 @_dl_lookup_symbol_x+277    : push	SS:[t0 + rsp + 0xd8] 
43285000: system.cpu: T0 : 0x47f5dc @_dl_lookup_symbol_x+284    : mov	rdi, SS:[t0 + rsp + 0xd8]
43285000: system.cpu: T0 : 0x47f5e3 @_dl_lookup_symbol_x+291    : push	rdi                  
43286000: system.cpu: T0 : 0x47f5e4 @_dl_lookup_symbol_x+292    : mov	r12                   
43286000: system.cpu: T0 : 0x47f5e7 @_dl_lookup_symbol_x+295    : push	SS:[t0 + rsp + 0x28] 
43286000: system.cpu: T0 : 0x47f5eb @_dl_lookup_symbol_x+299    : push	rax                  
43286000: system.cpu: T0 : 0x47f5ec @_dl_lookup_symbol_x+300    : call	0xfffffffffffff1ff   
43388000: system.cpu: T0 : 0x47e7f0 @do_lookup_x    : push	r15                  
43388000: system.cpu: T0 : 0x47e7f2 @do_lookup_x+2    : mov	rdi                   
43388000: system.cpu: T0 : 0x47e7f5 @do_lookup_x+5    : push	r14                  
43388000: system.cpu: T0 : 0x47e7f7 @do_lookup_x+7    : push	r13                  
43388000: system.cpu: T0 : 0x47e7f9 @do_lookup_x+9    : push	r12                  
43389000: system.cpu: T0 : 0x47e7fb @do_lookup_x+11    : push	rbp                  
43389000: system.cpu: T0 : 0x47e7fc @do_lookup_x+12    : push	rbx                  
43484000: system.cpu: T0 : 0x47e7fd @do_lookup_x+13    : sub	rsp, 0x98             
43484000: system.cpu: T0 : 0x47e804 @do_lookup_x+20    : mov	r12d, DS:[r9 + 0x8]   
43484000: system.cpu: T0 : 0x47e808 @do_lookup_x+24    : mov	SS:[t0 + rsp + 0x48], r8
43484000: system.cpu: T0 : 0x47e80d @do_lookup_x+29    : mov	rbp, SS:[t0 + rsp + 0xd0]
43484000: system.cpu: T0 : 0x47e815 @do_lookup_x+37    : mov	SS:[t0 + rsp + 0x50], rdx
43484000: system.cpu: T0 : 0x47e81a @do_lookup_x+42    : mov	r8, SS:[t0 + rsp + 0xf0]
43484000: system.cpu: T0 : 0x47e822 @do_lookup_x+50    : mov	SS:[t0 + rsp + 0x40], rcx
43485000: system.cpu: T0 : 0x47e827 @do_lookup_x+55    : mov	rsi                   
43485000: system.cpu: T0 : 0x47e82a @do_lookup_x+58    : mov	r8d                   
43485000: system.cpu: T0 : 0x47e82d @do_lookup_x+61    : mov	SS:[t0 + rsp + 0x30], r11
43485000: system.cpu: T0 : 0x47e832 @do_lookup_x+66    : mov	r14, DS:[r9]          
43485000: system.cpu: T0 : 0x47e835 @do_lookup_x+69    : shr	0x6                   
43485000: system.cpu: T0 : 0x47e839 @do_lookup_x+73    : and	eax, 0x2              
43580000: system.cpu: T0 : 0x47e83c @do_lookup_x+76    : mov	SS:[t0 + rsp + 0x8], rsi
43580000: system.cpu: T0 : 0x47e841 @do_lookup_x+81    : mov	r11, SS:[t0 + rsp + 0xe8]
43580000: system.cpu: T0 : 0x47e849 @do_lookup_x+89    : mov	SS:[t0 + rsp + 0x18], rdi
43580000: system.cpu: T0 : 0x47e84e @do_lookup_x+94    : mov	r8d                   
43580000: system.cpu: T0 : 0x47e851 @do_lookup_x+97    : mov	eax                   
43580000: system.cpu: T0 : 0x47e854 @do_lookup_x+100    : and	edi, 0x1              
43580000: system.cpu: T0 : 0x47e857 @do_lookup_x+103    : mov	SS:[t0 + rsp + 0x5c], rax
43581000: system.cpu: T0 : 0x47e85b @do_lookup_x+107    : mov	SS:[t0 + rsp + 0x60], rdi
43581000: system.cpu: T0 : 0x47e85f @do_lookup_x+111    : lea	rdi, SS:[t0 + rsp + 0x84]
43581000: system.cpu: T0 : 0x47e867 @do_lookup_x+119    : mov	SS:[t0 + rsp + 0x10], rdi
43581000: system.cpu: T0 : 0x47e86c @do_lookup_x+124    : jmp	0xa7                  
43682000: system.cpu: T0 : 0x47e918 @do_lookup_x+296    : mov	rax, DS:[8*rbp + r14] 
43682000: system.cpu: T0 : 0x47e91c @do_lookup_x+300    : mov	rbx, DS:[rax + 0x28]  
43682000: system.cpu: T0 : 0x47e920 @do_lookup_x+304    : cmp	r11                   
43682000: system.cpu: T0 : 0x47e923 @do_lookup_x+307    : jz	0xffffffffffffffe6     
43682000: system.cpu: T0 : 0x47e925 @do_lookup_x+309    : test	r15d                 
43682000: system.cpu: T0 : 0x47e928 @do_lookup_x+312    : jz	0x9                    
43700000: system.cpu: T0 : 0x47e933 @do_lookup_x+323    : test	DS:[rbx + 0x31e], 0x2
43700000: system.cpu: T0 : 0x47e93a @do_lookup_x+330    : jnz	0xffffffffffffffcf    
43780000: system.cpu: T0 : 0x47e93c @do_lookup_x+332    : test	DS:[rip + 0x4cc61], 0x8
43780000: system.cpu: T0 : 0x47e943 @do_lookup_x+339    : jz	0xffffffffffffff2f     
43795000: system.cpu: T0 : 0x47e878 @do_lookup_x+136    : mov	edx, DS:[rbx + 0x2f4] 
43795000: system.cpu: T0 : 0x47e87e @do_lookup_x+142    : test	edx                  
43797000: system.cpu: T0 : 0x47e880 @do_lookup_x+144    : jz	0x85                   
43810000: system.cpu: T0 : 0x47e90b @do_lookup_x+283    : add	rbp, 0x1              
43810000: system.cpu: T0 : 0x47e90f @do_lookup_x+287    : cmp	rbp                   
43810000: system.cpu: T0 : 0x47e912 @do_lookup_x+290    : jbe	0x2e8                 
43917000: system.cpu: T0 : 0x47ec00 @do_lookup_x+1040    : xor	eax                   
43917000: system.cpu: T0 : 0x47ec02 @do_lookup_x+1042    : add	rsp, 0x98             
43917000: system.cpu: T0 : 0x47ec09 @do_lookup_x+1049    : pop	rbx                   
43917000: system.cpu: T0 : 0x47ec0a @do_lookup_x+1050    : pop	rbp                   
43918000: system.cpu: T0 : 0x47ec0b @do_lookup_x+1051    : pop	r12                   
43918000: system.cpu: T0 : 0x47ec0d @do_lookup_x+1053    : pop	r13                   
43918000: system.cpu: T0 : 0x47ec0f @do_lookup_x+1055    : pop	r14                   
43919000: system.cpu: T0 : 0x47ec11 @do_lookup_x+1057    : pop	r15                   
43919000: system.cpu: T0 : 0x47ec13 @do_lookup_x+1059    : ret	                      
43921000: system.cpu: T0 : 0x47f5f1 @_dl_lookup_symbol_x+305    : add	rsp, 0x30             
43921000: system.cpu: T0 : 0x47f5f5 @_dl_lookup_symbol_x+309    : test	eax                  
43921000: system.cpu: T0 : 0x47f5f7 @_dl_lookup_symbol_x+311    : jz	0xffffffffffffffb7     
43938000: system.cpu: T0 : 0x47f5b0 @_dl_lookup_symbol_x+240    : mov	r9, DS:[r13 + 0x8]    
43938000: system.cpu: T0 : 0x47f5b4 @_dl_lookup_symbol_x+244    : add	r13, 0x8              
43938000: system.cpu: T0 : 0x47f5b8 @_dl_lookup_symbol_x+248    : xor	eax                   
43938000: system.cpu: T0 : 0x47f5ba @_dl_lookup_symbol_x+250    : test	r9                   
43938000: system.cpu: T0 : 0x47f5bd @_dl_lookup_symbol_x+253    : jz	0x3a                   
43955000: system.cpu: T0 : 0x47f5f9 @_dl_lookup_symbol_x+313    : mov	rcx, SS:[rbp]         
43957000: system.cpu: T0 : 0x47f5fd @_dl_lookup_symbol_x+317    : mov	rdx, SS:[t0 + rsp + 0x50]
43957000: system.cpu: T0 : 0x47f602 @_dl_lookup_symbol_x+322    : mov	rcx                   
43957000: system.cpu: T0 : 0x47f605 @_dl_lookup_symbol_x+325    : test	rdx                  
43957000: system.cpu: T0 : 0x47f608 @_dl_lookup_symbol_x+328    : jz	0x138                  
44081000: system.cpu: T0 : 0x47f746 @_dl_lookup_symbol_x+646    : test	rax                  
44081000: system.cpu: T0 : 0x47f749 @_dl_lookup_symbol_x+649    : jz	0xb                    
44081000: system.cpu: T0 : 0x47f74b @_dl_lookup_symbol_x+651    : movzx	eax, DS:[rax + 0x4] 
44081000: system.cpu: T0 : 0x47f74f @_dl_lookup_symbol_x+655    : shr	0x4                   
44081000: system.cpu: T0 : 0x47f752 @_dl_lookup_symbol_x+658    : cmp	al, 0x2               
44082000: system.cpu: T0 : 0x47f754 @_dl_lookup_symbol_x+660    : jz	0xd                    
44098000: system.cpu: T0 : 0x47f763 @_dl_lookup_symbol_x+675    : xor	r10d                  
44098000: system.cpu: T0 : 0x47f766 @_dl_lookup_symbol_x+678    : xor	r13d                  
44098000: system.cpu: T0 : 0x47f769 @_dl_lookup_symbol_x+681    : jmp	0xfffffffffffffef2    
44100000: system.cpu: T0 : 0x47f660 @_dl_lookup_symbol_x+416    : mov	SS:[rbp], r10         
44100000: system.cpu: T0 : 0x47f664 @_dl_lookup_symbol_x+420    : add	rsp, 0x88             
44100000: system.cpu: T0 : 0x47f66b @_dl_lookup_symbol_x+427    : mov	r13                   
44100000: system.cpu: T0 : 0x47f66e @_dl_lookup_symbol_x+430    : pop	rbx                   
44100000: system.cpu: T0 : 0x47f66f @_dl_lookup_symbol_x+431    : pop	rbp                   
44101000: system.cpu: T0 : 0x47f670 @_dl_lookup_symbol_x+432    : pop	r12                   
44101000: system.cpu: T0 : 0x47f672 @_dl_lookup_symbol_x+434    : pop	r13                   
44102000: system.cpu: T0 : 0x47f674 @_dl_lookup_symbol_x+436    : pop	r14                   
44102000: system.cpu: T0 : 0x47f676 @_dl_lookup_symbol_x+438    : pop	r15                   
44102000: system.cpu: T0 : 0x47f678 @_dl_lookup_symbol_x+440    : ret	                      
44105000: system.cpu: T0 : 0x454274 @_dl_non_dynamic_init+1156    : mov	rcx, SS:[t0 + rsp + 0x28]
44105000: system.cpu: T0 : 0x454279 @_dl_non_dynamic_init+1161    : pop	rdx                   
44105000: system.cpu: T0 : 0x45427a @_dl_non_dynamic_init+1162    : pop	rsi                   
44105000: system.cpu: T0 : 0x45427b @_dl_non_dynamic_init+1163    : test	rcx                  
44108000: system.cpu: T0 : 0x45427e @_dl_non_dynamic_init+1166    : jz	0x66c                  
44126000: system.cpu: T0 : 0x4548f0 @_dl_non_dynamic_init+2816    : mov	rsi, DS:[rip + 0x769b1]
44126000: system.cpu: T0 : 0x4548f7 @_dl_non_dynamic_init+2823    : xor	eax                   
44126000: system.cpu: T0 : 0x4548f9 @_dl_non_dynamic_init+2825    : jmp	0xfffffffffffff9a8    
44132000: system.cpu: T0 : 0x4542a6 @_dl_non_dynamic_init+1206    : mov	DS:[rip + 0x6f7db], rax
44132000: system.cpu: T0 : 0x4542ad @_dl_non_dynamic_init+1213    : test	rsi                  
44132000: system.cpu: T0 : 0x4542b0 @_dl_non_dynamic_init+1216    : jz	0x555                  
44132000: system.cpu: T0 : 0x4542b6 @_dl_non_dynamic_init+1222    : pxor	XMM0                 
44133000: system.cpu: T0 : 0x4542ba @_dl_non_dynamic_init+1226    : mov	SS:[t0 + rsp + 0x40], r15
44207000: system.cpu: T0 : 0x4542bf @_dl_non_dynamic_init+1231    : xor	r9d                   
44207000: system.cpu: T0 : 0x4542c2 @_dl_non_dynamic_init+1234    : mov	r13                   
44207000: system.cpu: T0 : 0x4542c5 @_dl_non_dynamic_init+1237    : movaps	SS:[t0 + rsp + 0x20], XMM0
44207000: system.cpu: T0 : 0x4542ca @_dl_non_dynamic_init+1242    : lea	rcx, DS:[rsi + 0x3a0] 
44207000: system.cpu: T0 : 0x4542d1 @_dl_non_dynamic_init+1249    : mov	rax, 0x103ae75f6      
44207000: system.cpu: T0 : 0x4542db @_dl_non_dynamic_init+1259    : mov	r12                   
44207000: system.cpu: T0 : 0x4542de @_dl_non_dynamic_init+1262    : mov	SS:[t0 + rsp + 0x30], 0
44208000: system.cpu: T0 : 0x4542e7 @_dl_non_dynamic_init+1271    : lea	rdi, DS:[rip + 0x48b39]
44208000: system.cpu: T0 : 0x4542ee @_dl_non_dynamic_init+1278    : mov	SS:[t0 + rsp + 0x24], 0x20
44208000: system.cpu: T0 : 0x4542f3 @_dl_non_dynamic_init+1283    : mov	SS:[t0 + rsp + 0x48], rax
44303000: system.cpu: T0 : 0x4542f8 @_dl_non_dynamic_init+1288    : mov	SS:[t0 + rsp + 0x50], 0
44303000: system.cpu: T0 : 0x454301 @_dl_non_dynamic_init+1297    : mov	SS:[t0 + rsp + 0x18], r14
44303000: system.cpu: T0 : 0x454306 @_dl_non_dynamic_init+1302    : push	0                    
44303000: system.cpu: T0 : 0x454308 @_dl_non_dynamic_init+1304    : push	0                    
44304000: system.cpu: T0 : 0x45430a @_dl_non_dynamic_init+1306    : call	0x2b1b1              
44309000: system.cpu: T0 : 0x47f4c0 @_dl_lookup_symbol_x    : hint	                     
44309000: system.cpu: T0 : 0x47f4c4 @_dl_lookup_symbol_x+4    : push	r15                  
44309000: system.cpu: T0 : 0x47f4c6 @_dl_lookup_symbol_x+6    : push	r14                  
44309000: system.cpu: T0 : 0x47f4c8 @_dl_lookup_symbol_x+8    : push	r13                  
44309000: system.cpu: T0 : 0x47f4ca @_dl_lookup_symbol_x+10    : push	r12                  
44310000: system.cpu: T0 : 0x47f4cc @_dl_lookup_symbol_x+12    : mov	rdi                   
44310000: system.cpu: T0 : 0x47f4cf @_dl_lookup_symbol_x+15    : push	rbp                  
44310000: system.cpu: T0 : 0x47f4d0 @_dl_lookup_symbol_x+16    : mov	rdx                   
44310000: system.cpu: T0 : 0x47f4d3 @_dl_lookup_symbol_x+19    : push	rbx                  
44310000: system.cpu: T0 : 0x47f4d4 @_dl_lookup_symbol_x+20    : sub	rsp, 0x88             
44311000: system.cpu: T0 : 0x47f4db @_dl_lookup_symbol_x+27    : mov	rax, SS:[t0 + rsp + 0xc0]
44311000: system.cpu: T0 : 0x47f4e2 @_dl_lookup_symbol_x+34    : mov	SS:[t0 + rsp + 0x10], rsi
44311000: system.cpu: T0 : 0x47f4e7 @_dl_lookup_symbol_x+39    : mov	SS:[t0 + rsp + 0x20], rcx
44311000: system.cpu: T0 : 0x47f4ec @_dl_lookup_symbol_x+44    : and	eax, 0x2              
44311000: system.cpu: T0 : 0x47f4ef @_dl_lookup_symbol_x+47    : mov	SS:[t0 + rsp + 0x8], r8
44311000: system.cpu: T0 : 0x47f4f4 @_dl_lookup_symbol_x+52    : mov	SS:[t0 + rsp + 0x30], rax
44312000: system.cpu: T0 : 0x47f4f8 @_dl_lookup_symbol_x+56    : mov	rax, SS:[t0 + rsp + 0xc0]
44314000: system.cpu: T0 : 0x47f4ff @_dl_lookup_symbol_x+63    : mov	SS:[t0 + rsp + 0x18], r9
44314000: system.cpu: T0 : 0x47f504 @_dl_lookup_symbol_x+68    : and	eax, 0x8              
44314000: system.cpu: T0 : 0x47f507 @_dl_lookup_symbol_x+71    : mov	SS:[t0 + rsp + 0x38], rax
44314000: system.cpu: T0 : 0x47f50b @_dl_lookup_symbol_x+75    : mov	rax, SS:[t0 + rsp + 0xc0]
44314000: system.cpu: T0 : 0x47f512 @_dl_lookup_symbol_x+82    : and	eax, 0x4              
44314000: system.cpu: T0 : 0x47f515 @_dl_lookup_symbol_x+85    : mov	SS:[t0 + rsp + 0x34], rax
44315000: system.cpu: T0 : 0x47f519 @_dl_lookup_symbol_x+89    : movzx	edx, DS:[t0 + r12]  
44315000: system.cpu: T0 : 0x47f51e @_dl_lookup_symbol_x+94    : test	dl                   
44315000: system.cpu: T0 : 0x47f520 @_dl_lookup_symbol_x+96    : jz	0x212                  
44315000: system.cpu: T0 : 0x47f526 @_dl_lookup_symbol_x+102    : mov	r12                   
44315000: system.cpu: T0 : 0x47f529 @_dl_lookup_symbol_x+105    : mov	ebx, 0x1505           
44316000: system.cpu: T0 : 0x47f52e @_dl_lookup_symbol_x+110    :   NOP                      : IntAlu : 
44316000: system.cpu: T0 : 0x47f530 @_dl_lookup_symbol_x+112    : mov	rbx                   
44316000: system.cpu: T0 : 0x47f533 @_dl_lookup_symbol_x+115    : add	rcx, 0x1              
44316000: system.cpu: T0 : 0x47f537 @_dl_lookup_symbol_x+119    : sal	0x5                   
44316000: system.cpu: T0 : 0x47f53b @_dl_lookup_symbol_x+123    : add	rax                   
44318000: system.cpu: T0 : 0x47f53e @_dl_lookup_symbol_x+126    : add	rdx                   
44318000: system.cpu: T0 : 0x47f541 @_dl_lookup_symbol_x+129    : movzx	edx, DS:[rcx]       
44318000: system.cpu: T0 : 0x47f544 @_dl_lookup_symbol_x+132    : test	dl                   
44318000: system.cpu: T0 : 0x47f546 @_dl_lookup_symbol_x+134    : jnz	0xffffffffffffffe8    
44337000: system.cpu: T0 : 0x47f530 @_dl_lookup_symbol_x+112    : mov	rbx                   
44337000: system.cpu: T0 : 0x47f533 @_dl_lookup_symbol_x+115    : add	rcx, 0x1              
44337000: system.cpu: T0 : 0x47f537 @_dl_lookup_symbol_x+119    : sal	0x5                   
44337000: system.cpu: T0 : 0x47f53b @_dl_lookup_symbol_x+123    : add	rax                   
44339000: system.cpu: T0 : 0x47f53e @_dl_lookup_symbol_x+126    : add	rdx                   
44339000: system.cpu: T0 : 0x47f541 @_dl_lookup_symbol_x+129    : movzx	edx, DS:[rcx]       
44339000: system.cpu: T0 : 0x47f544 @_dl_lookup_symbol_x+132    : test	dl                   
44339000: system.cpu: T0 : 0x47f546 @_dl_lookup_symbol_x+134    : jnz	0xffffffffffffffe8    
44357000: system.cpu: T0 : 0x47f530 @_dl_lookup_symbol_x+112    : mov	rbx                   
44357000: system.cpu: T0 : 0x47f533 @_dl_lookup_symbol_x+115    : add	rcx, 0x1              
44357000: system.cpu: T0 : 0x47f537 @_dl_lookup_symbol_x+119    : sal	0x5                   
44357000: system.cpu: T0 : 0x47f53b @_dl_lookup_symbol_x+123    : add	rax                   
44359000: system.cpu: T0 : 0x47f53e @_dl_lookup_symbol_x+126    : add	rdx                   
44359000: system.cpu: T0 : 0x47f541 @_dl_lookup_symbol_x+129    : movzx	edx, DS:[rcx]       
44359000: system.cpu: T0 : 0x47f544 @_dl_lookup_symbol_x+132    : test	dl                   
44359000: system.cpu: T0 : 0x47f546 @_dl_lookup_symbol_x+134    : jnz	0xffffffffffffffe8    
44378000: system.cpu: T0 : 0x47f530 @_dl_lookup_symbol_x+112    : mov	rbx                   
44378000: system.cpu: T0 : 0x47f533 @_dl_lookup_symbol_x+115    : add	rcx, 0x1              
44378000: system.cpu: T0 : 0x47f537 @_dl_lookup_symbol_x+119    : sal	0x5                   
44378000: system.cpu: T0 : 0x47f53b @_dl_lookup_symbol_x+123    : add	rax                   
44380000: system.cpu: T0 : 0x47f53e @_dl_lookup_symbol_x+126    : add	rdx                   
44380000: system.cpu: T0 : 0x47f541 @_dl_lookup_symbol_x+129    : movzx	edx, DS:[rcx]       
44380000: system.cpu: T0 : 0x47f544 @_dl_lookup_symbol_x+132    : test	dl                   
44380000: system.cpu: T0 : 0x47f546 @_dl_lookup_symbol_x+134    : jnz	0xffffffffffffffe8    
44400000: system.cpu: T0 : 0x47f530 @_dl_lookup_symbol_x+112    : mov	rbx                   
44400000: system.cpu: T0 : 0x47f533 @_dl_lookup_symbol_x+115    : add	rcx, 0x1              
44400000: system.cpu: T0 : 0x47f537 @_dl_lookup_symbol_x+119    : sal	0x5                   
44400000: system.cpu: T0 : 0x47f53b @_dl_lookup_symbol_x+123    : add	rax                   
44402000: system.cpu: T0 : 0x47f53e @_dl_lookup_symbol_x+126    : add	rdx                   
44402000: system.cpu: T0 : 0x47f541 @_dl_lookup_symbol_x+129    : movzx	edx, DS:[rcx]       
44402000: system.cpu: T0 : 0x47f544 @_dl_lookup_symbol_x+132    : test	dl                   
44402000: system.cpu: T0 : 0x47f546 @_dl_lookup_symbol_x+134    : jnz	0xffffffffffffffe8    
44423000: system.cpu: T0 : 0x47f530 @_dl_lookup_symbol_x+112    : mov	rbx                   
44423000: system.cpu: T0 : 0x47f533 @_dl_lookup_symbol_x+115    : add	rcx, 0x1              
44423000: system.cpu: T0 : 0x47f537 @_dl_lookup_symbol_x+119    : sal	0x5                   
44423000: system.cpu: T0 : 0x47f53b @_dl_lookup_symbol_x+123    : add	rax                   
44425000: system.cpu: T0 : 0x47f53e @_dl_lookup_symbol_x+126    : add	rdx                   
44425000: system.cpu: T0 : 0x47f541 @_dl_lookup_symbol_x+129    : movzx	edx, DS:[rcx]       
44425000: system.cpu: T0 : 0x47f544 @_dl_lookup_symbol_x+132    : test	dl                   
44425000: system.cpu: T0 : 0x47f546 @_dl_lookup_symbol_x+134    : jnz	0xffffffffffffffe8    
44446000: system.cpu: T0 : 0x47f530 @_dl_lookup_symbol_x+112    : mov	rbx                   
44446000: system.cpu: T0 : 0x47f533 @_dl_lookup_symbol_x+115    : add	rcx, 0x1              
44446000: system.cpu: T0 : 0x47f537 @_dl_lookup_symbol_x+119    : sal	0x5                   
44446000: system.cpu: T0 : 0x47f53b @_dl_lookup_symbol_x+123    : add	rax                   
44448000: system.cpu: T0 : 0x47f53e @_dl_lookup_symbol_x+126    : add	rdx                   
44448000: system.cpu: T0 : 0x47f541 @_dl_lookup_symbol_x+129    : movzx	edx, DS:[rcx]       
44448000: system.cpu: T0 : 0x47f544 @_dl_lookup_symbol_x+132    : test	dl                   
44448000: system.cpu: T0 : 0x47f546 @_dl_lookup_symbol_x+134    : jnz	0xffffffffffffffe8    
44469000: system.cpu: T0 : 0x47f530 @_dl_lookup_symbol_x+112    : mov	rbx                   
44469000: system.cpu: T0 : 0x47f533 @_dl_lookup_symbol_x+115    : add	rcx, 0x1              
44469000: system.cpu: T0 : 0x47f537 @_dl_lookup_symbol_x+119    : sal	0x5                   
44469000: system.cpu: T0 : 0x47f53b @_dl_lookup_symbol_x+123    : add	rax                   
44471000: system.cpu: T0 : 0x47f53e @_dl_lookup_symbol_x+126    : add	rdx                   
44471000: system.cpu: T0 : 0x47f541 @_dl_lookup_symbol_x+129    : movzx	edx, DS:[rcx]       
44471000: system.cpu: T0 : 0x47f544 @_dl_lookup_symbol_x+132    : test	dl                   
44471000: system.cpu: T0 : 0x47f546 @_dl_lookup_symbol_x+134    : jnz	0xffffffffffffffe8    
44492000: system.cpu: T0 : 0x47f530 @_dl_lookup_symbol_x+112    : mov	rbx                   
44492000: system.cpu: T0 : 0x47f533 @_dl_lookup_symbol_x+115    : add	rcx, 0x1              
44492000: system.cpu: T0 : 0x47f537 @_dl_lookup_symbol_x+119    : sal	0x5                   
44492000: system.cpu: T0 : 0x47f53b @_dl_lookup_symbol_x+123    : add	rax                   
44494000: system.cpu: T0 : 0x47f53e @_dl_lookup_symbol_x+126    : add	rdx                   
44494000: system.cpu: T0 : 0x47f541 @_dl_lookup_symbol_x+129    : movzx	edx, DS:[rcx]       
44494000: system.cpu: T0 : 0x47f544 @_dl_lookup_symbol_x+132    : test	dl                   
44494000: system.cpu: T0 : 0x47f546 @_dl_lookup_symbol_x+134    : jnz	0xffffffffffffffe8    
44515000: system.cpu: T0 : 0x47f530 @_dl_lookup_symbol_x+112    : mov	rbx                   
44515000: system.cpu: T0 : 0x47f533 @_dl_lookup_symbol_x+115    : add	rcx, 0x1              
44515000: system.cpu: T0 : 0x47f537 @_dl_lookup_symbol_x+119    : sal	0x5                   
44515000: system.cpu: T0 : 0x47f53b @_dl_lookup_symbol_x+123    : add	rax                   
44517000: system.cpu: T0 : 0x47f53e @_dl_lookup_symbol_x+126    : add	rdx                   
44517000: system.cpu: T0 : 0x47f541 @_dl_lookup_symbol_x+129    : movzx	edx, DS:[rcx]       
44517000: system.cpu: T0 : 0x47f544 @_dl_lookup_symbol_x+132    : test	dl                   
44517000: system.cpu: T0 : 0x47f546 @_dl_lookup_symbol_x+134    : jnz	0xffffffffffffffe8    
44538000: system.cpu: T0 : 0x47f530 @_dl_lookup_symbol_x+112    : mov	rbx                   
44538000: system.cpu: T0 : 0x47f533 @_dl_lookup_symbol_x+115    : add	rcx, 0x1              
44538000: system.cpu: T0 : 0x47f537 @_dl_lookup_symbol_x+119    : sal	0x5                   
44538000: system.cpu: T0 : 0x47f53b @_dl_lookup_symbol_x+123    : add	rax                   
44540000: system.cpu: T0 : 0x47f53e @_dl_lookup_symbol_x+126    : add	rdx                   
44540000: system.cpu: T0 : 0x47f541 @_dl_lookup_symbol_x+129    : movzx	edx, DS:[rcx]       
44540000: system.cpu: T0 : 0x47f544 @_dl_lookup_symbol_x+132    : test	dl                   
44540000: system.cpu: T0 : 0x47f546 @_dl_lookup_symbol_x+134    : jnz	0xffffffffffffffe8    
44542000: system.cpu: T0 : 0x47f530 @_dl_lookup_symbol_x+112    : mov	rbx                   
44542000: system.cpu: T0 : 0x47f533 @_dl_lookup_symbol_x+115    : add	rcx, 0x1              
44542000: system.cpu: T0 : 0x47f537 @_dl_lookup_symbol_x+119    : sal	0x5                   
44542000: system.cpu: T0 : 0x47f53b @_dl_lookup_symbol_x+123    : add	rax                   
44544000: system.cpu: T0 : 0x47f53e @_dl_lookup_symbol_x+126    : add	rdx                   
44544000: system.cpu: T0 : 0x47f541 @_dl_lookup_symbol_x+129    : movzx	edx, DS:[rcx]       
44544000: system.cpu: T0 : 0x47f544 @_dl_lookup_symbol_x+132    : test	dl                   
44544000: system.cpu: T0 : 0x47f546 @_dl_lookup_symbol_x+134    : jnz	0xffffffffffffffe8    
44546000: system.cpu: T0 : 0x47f530 @_dl_lookup_symbol_x+112    : mov	rbx                   
44546000: system.cpu: T0 : 0x47f533 @_dl_lookup_symbol_x+115    : add	rcx, 0x1              
44546000: system.cpu: T0 : 0x47f537 @_dl_lookup_symbol_x+119    : sal	0x5                   
44546000: system.cpu: T0 : 0x47f53b @_dl_lookup_symbol_x+123    : add	rax                   
44548000: system.cpu: T0 : 0x47f53e @_dl_lookup_symbol_x+126    : add	rdx                   
44548000: system.cpu: T0 : 0x47f541 @_dl_lookup_symbol_x+129    : movzx	edx, DS:[rcx]       
44548000: system.cpu: T0 : 0x47f544 @_dl_lookup_symbol_x+132    : test	dl                   
44548000: system.cpu: T0 : 0x47f546 @_dl_lookup_symbol_x+134    : jnz	0xffffffffffffffe8    
44550000: system.cpu: T0 : 0x47f530 @_dl_lookup_symbol_x+112    : mov	rbx                   
44550000: system.cpu: T0 : 0x47f533 @_dl_lookup_symbol_x+115    : add	rcx, 0x1              
44550000: system.cpu: T0 : 0x47f537 @_dl_lookup_symbol_x+119    : sal	0x5                   
44550000: system.cpu: T0 : 0x47f53b @_dl_lookup_symbol_x+123    : add	rax                   
44552000: system.cpu: T0 : 0x47f53e @_dl_lookup_symbol_x+126    : add	rdx                   
44552000: system.cpu: T0 : 0x47f541 @_dl_lookup_symbol_x+129    : movzx	edx, DS:[rcx]       
44552000: system.cpu: T0 : 0x47f544 @_dl_lookup_symbol_x+132    : test	dl                   
44552000: system.cpu: T0 : 0x47f546 @_dl_lookup_symbol_x+134    : jnz	0xffffffffffffffe8    
44554000: system.cpu: T0 : 0x47f530 @_dl_lookup_symbol_x+112    : mov	rbx                   
44554000: system.cpu: T0 : 0x47f533 @_dl_lookup_symbol_x+115    : add	rcx, 0x1              
44554000: system.cpu: T0 : 0x47f537 @_dl_lookup_symbol_x+119    : sal	0x5                   
44554000: system.cpu: T0 : 0x47f53b @_dl_lookup_symbol_x+123    : add	rax                   
44556000: system.cpu: T0 : 0x47f53e @_dl_lookup_symbol_x+126    : add	rdx                   
44556000: system.cpu: T0 : 0x47f541 @_dl_lookup_symbol_x+129    : movzx	edx, DS:[rcx]       
44556000: system.cpu: T0 : 0x47f544 @_dl_lookup_symbol_x+132    : test	dl                   
44556000: system.cpu: T0 : 0x47f546 @_dl_lookup_symbol_x+134    : jnz	0xffffffffffffffe8    
44558000: system.cpu: T0 : 0x47f530 @_dl_lookup_symbol_x+112    : mov	rbx                   
44558000: system.cpu: T0 : 0x47f533 @_dl_lookup_symbol_x+115    : add	rcx, 0x1              
44558000: system.cpu: T0 : 0x47f537 @_dl_lookup_symbol_x+119    : sal	0x5                   
44558000: system.cpu: T0 : 0x47f53b @_dl_lookup_symbol_x+123    : add	rax                   
44560000: system.cpu: T0 : 0x47f53e @_dl_lookup_symbol_x+126    : add	rdx                   
44560000: system.cpu: T0 : 0x47f541 @_dl_lookup_symbol_x+129    : movzx	edx, DS:[rcx]       
44560000: system.cpu: T0 : 0x47f544 @_dl_lookup_symbol_x+132    : test	dl                   
44560000: system.cpu: T0 : 0x47f546 @_dl_lookup_symbol_x+134    : jnz	0xffffffffffffffe8    
44562000: system.cpu: T0 : 0x47f530 @_dl_lookup_symbol_x+112    : mov	rbx                   
44562000: system.cpu: T0 : 0x47f533 @_dl_lookup_symbol_x+115    : add	rcx, 0x1              
44562000: system.cpu: T0 : 0x47f537 @_dl_lookup_symbol_x+119    : sal	0x5                   
44562000: system.cpu: T0 : 0x47f53b @_dl_lookup_symbol_x+123    : add	rax                   
44564000: system.cpu: T0 : 0x47f53e @_dl_lookup_symbol_x+126    : add	rdx                   
44564000: system.cpu: T0 : 0x47f541 @_dl_lookup_symbol_x+129    : movzx	edx, DS:[rcx]       
44564000: system.cpu: T0 : 0x47f544 @_dl_lookup_symbol_x+132    : test	dl                   
44564000: system.cpu: T0 : 0x47f546 @_dl_lookup_symbol_x+134    : jnz	0xffffffffffffffe8    
44566000: system.cpu: T0 : 0x47f530 @_dl_lookup_symbol_x+112    : mov	rbx                   
44566000: system.cpu: T0 : 0x47f533 @_dl_lookup_symbol_x+115    : add	rcx, 0x1              
44566000: system.cpu: T0 : 0x47f537 @_dl_lookup_symbol_x+119    : sal	0x5                   
44566000: system.cpu: T0 : 0x47f53b @_dl_lookup_symbol_x+123    : add	rax                   
44568000: system.cpu: T0 : 0x47f53e @_dl_lookup_symbol_x+126    : add	rdx                   
44568000: system.cpu: T0 : 0x47f541 @_dl_lookup_symbol_x+129    : movzx	edx, DS:[rcx]       
44568000: system.cpu: T0 : 0x47f544 @_dl_lookup_symbol_x+132    : test	dl                   
44568000: system.cpu: T0 : 0x47f546 @_dl_lookup_symbol_x+134    : jnz	0xffffffffffffffe8    
44570000: system.cpu: T0 : 0x47f530 @_dl_lookup_symbol_x+112    : mov	rbx                   
44570000: system.cpu: T0 : 0x47f533 @_dl_lookup_symbol_x+115    : add	rcx, 0x1              
44570000: system.cpu: T0 : 0x47f537 @_dl_lookup_symbol_x+119    : sal	0x5                   
44570000: system.cpu: T0 : 0x47f53b @_dl_lookup_symbol_x+123    : add	rax                   
44572000: system.cpu: T0 : 0x47f53e @_dl_lookup_symbol_x+126    : add	rdx                   
44572000: system.cpu: T0 : 0x47f541 @_dl_lookup_symbol_x+129    : movzx	edx, DS:[rcx]       
44572000: system.cpu: T0 : 0x47f544 @_dl_lookup_symbol_x+132    : test	dl                   
44572000: system.cpu: T0 : 0x47f546 @_dl_lookup_symbol_x+134    : jnz	0xffffffffffffffe8    
44592000: system.cpu: T0 : 0x47f548 @_dl_lookup_symbol_x+136    : mov	ebx                   
44592000: system.cpu: T0 : 0x47f54a @_dl_lookup_symbol_x+138    : mov	eax, 0xffffffffffffffff
44592000: system.cpu: T0 : 0x47f54f @_dl_lookup_symbol_x+143    : pxor	XMM0                 
44592000: system.cpu: T0 : 0x47f553 @_dl_lookup_symbol_x+147    : cmp	SS:[t0 + rsp + 0x8], 0
44592000: system.cpu: T0 : 0x47f559 @_dl_lookup_symbol_x+153    : mov	SS:[t0 + rsp + 0x48], rax
44593000: system.cpu: T0 : 0x47f55e @_dl_lookup_symbol_x+158    : movaps	SS:[t0 + rsp + 0x50], XMM0
44593000: system.cpu: T0 : 0x47f563 @_dl_lookup_symbol_x+163    : jz	0xe                    
44593000: system.cpu: T0 : 0x47f565 @_dl_lookup_symbol_x+165    : mov	r13, SS:[t0 + rsp + 0x30]
44593000: system.cpu: T0 : 0x47f56a @_dl_lookup_symbol_x+170    : test	r13d                 
44593000: system.cpu: T0 : 0x47f56d @_dl_lookup_symbol_x+173    : jnz	0x90c                 
44594000: system.cpu: T0 : 0x47f573 @_dl_lookup_symbol_x+179    : cmp	SS:[t0 + rsp + 0xc8], 0
44596000: system.cpu: T0 : 0x47f57c @_dl_lookup_symbol_x+188    : mov	rax, SS:[t0 + rsp + 0x20]
44596000: system.cpu: T0 : 0x47f581 @_dl_lookup_symbol_x+193    : mov	r9, DS:[rax]          
44596000: system.cpu: T0 : 0x47f584 @_dl_lookup_symbol_x+196    : jnz	0x1e6                 
44596000: system.cpu: T0 : 0x47f58a @_dl_lookup_symbol_x+202    : test	r9                   
44596000: system.cpu: T0 : 0x47f58d @_dl_lookup_symbol_x+205    : jz	0x1af                  
44597000: system.cpu: T0 : 0x47f593 @_dl_lookup_symbol_x+211    : mov	SS:[t0 + rsp + 0x28], 0
44597000: system.cpu: T0 : 0x47f59c @_dl_lookup_symbol_x+220    : mov	rax                   
44597000: system.cpu: T0 : 0x47f59f @_dl_lookup_symbol_x+223    : mov	rax, SS:[t0 + rsp + 0x28]
44597000: system.cpu: T0 : 0x47f5a4 @_dl_lookup_symbol_x+228    : lea	r15, SS:[t0 + rsp + 0x50]
44597000: system.cpu: T0 : 0x47f5a9 @_dl_lookup_symbol_x+233    : lea	r14, SS:[t0 + rsp + 0x48]
44597000: system.cpu: T0 : 0x47f5ae @_dl_lookup_symbol_x+238    : jmp	0xf                   
44601000: system.cpu: T0 : 0x47f5bf @_dl_lookup_symbol_x+255    : push	SS:[t0 + rsp + 0x10] 
44601000: system.cpu: T0 : 0x47f5c3 @_dl_lookup_symbol_x+259    : mov	rsi, SS:[t0 + rsp + 0x20]
44601000: system.cpu: T0 : 0x47f5c7 @_dl_lookup_symbol_x+263    : mov	r15                   
44601000: system.cpu: T0 : 0x47f5ca @_dl_lookup_symbol_x+266    : mov	r14                   
44601000: system.cpu: T0 : 0x47f5cd @_dl_lookup_symbol_x+269    : mov	rcx, SS:[rbp]         
44601000: system.cpu: T0 : 0x47f5d1 @_dl_lookup_symbol_x+273    : push	rsi                  
44602000: system.cpu: T0 : 0x47f5d2 @_dl_lookup_symbol_x+274    : mov	rbx                   
44602000: system.cpu: T0 : 0x47f5d5 @_dl_lookup_symbol_x+277    : push	SS:[t0 + rsp + 0xd8] 
44602000: system.cpu: T0 : 0x47f5dc @_dl_lookup_symbol_x+284    : mov	rdi, SS:[t0 + rsp + 0xd8]
44602000: system.cpu: T0 : 0x47f5e3 @_dl_lookup_symbol_x+291    : push	rdi                  
44603000: system.cpu: T0 : 0x47f5e4 @_dl_lookup_symbol_x+292    : mov	r12                   
44603000: system.cpu: T0 : 0x47f5e7 @_dl_lookup_symbol_x+295    : push	SS:[t0 + rsp + 0x28] 
44603000: system.cpu: T0 : 0x47f5eb @_dl_lookup_symbol_x+299    : push	rax                  
44603000: system.cpu: T0 : 0x47f5ec @_dl_lookup_symbol_x+300    : call	0xfffffffffffff1ff   
44606000: system.cpu: T0 : 0x47e7f0 @do_lookup_x    : push	r15                  
44606000: system.cpu: T0 : 0x47e7f2 @do_lookup_x+2    : mov	rdi                   
44606000: system.cpu: T0 : 0x47e7f5 @do_lookup_x+5    : push	r14                  
44606000: system.cpu: T0 : 0x47e7f7 @do_lookup_x+7    : push	r13                  
44606000: system.cpu: T0 : 0x47e7f9 @do_lookup_x+9    : push	r12                  
44607000: system.cpu: T0 : 0x47e7fb @do_lookup_x+11    : push	rbp                  
44607000: system.cpu: T0 : 0x47e7fc @do_lookup_x+12    : push	rbx                  
44609000: system.cpu: T0 : 0x47e7fd @do_lookup_x+13    : sub	rsp, 0x98             
44609000: system.cpu: T0 : 0x47e804 @do_lookup_x+20    : mov	r12d, DS:[r9 + 0x8]   
44609000: system.cpu: T0 : 0x47e808 @do_lookup_x+24    : mov	SS:[t0 + rsp + 0x48], r8
44609000: system.cpu: T0 : 0x47e80d @do_lookup_x+29    : mov	rbp, SS:[t0 + rsp + 0xd0]
44609000: system.cpu: T0 : 0x47e815 @do_lookup_x+37    : mov	SS:[t0 + rsp + 0x50], rdx
44609000: system.cpu: T0 : 0x47e81a @do_lookup_x+42    : mov	r8, SS:[t0 + rsp + 0xf0]
44609000: system.cpu: T0 : 0x47e822 @do_lookup_x+50    : mov	SS:[t0 + rsp + 0x40], rcx
44610000: system.cpu: T0 : 0x47e827 @do_lookup_x+55    : mov	rsi                   
44610000: system.cpu: T0 : 0x47e82a @do_lookup_x+58    : mov	r8d                   
44610000: system.cpu: T0 : 0x47e82d @do_lookup_x+61    : mov	SS:[t0 + rsp + 0x30], r11
44610000: system.cpu: T0 : 0x47e832 @do_lookup_x+66    : mov	r14, DS:[r9]          
44610000: system.cpu: T0 : 0x47e835 @do_lookup_x+69    : shr	0x6                   
44610000: system.cpu: T0 : 0x47e839 @do_lookup_x+73    : and	eax, 0x2              
44612000: system.cpu: T0 : 0x47e83c @do_lookup_x+76    : mov	SS:[t0 + rsp + 0x8], rsi
44612000: system.cpu: T0 : 0x47e841 @do_lookup_x+81    : mov	r11, SS:[t0 + rsp + 0xe8]
44612000: system.cpu: T0 : 0x47e849 @do_lookup_x+89    : mov	SS:[t0 + rsp + 0x18], rdi
44612000: system.cpu: T0 : 0x47e84e @do_lookup_x+94    : mov	r8d                   
44612000: system.cpu: T0 : 0x47e851 @do_lookup_x+97    : mov	eax                   
44612000: system.cpu: T0 : 0x47e854 @do_lookup_x+100    : and	edi, 0x1              
44612000: system.cpu: T0 : 0x47e857 @do_lookup_x+103    : mov	SS:[t0 + rsp + 0x5c], rax
44613000: system.cpu: T0 : 0x47e85b @do_lookup_x+107    : mov	SS:[t0 + rsp + 0x60], rdi
44613000: system.cpu: T0 : 0x47e85f @do_lookup_x+111    : lea	rdi, SS:[t0 + rsp + 0x84]
44613000: system.cpu: T0 : 0x47e867 @do_lookup_x+119    : mov	SS:[t0 + rsp + 0x10], rdi
44613000: system.cpu: T0 : 0x47e86c @do_lookup_x+124    : jmp	0xa7                  
44615000: system.cpu: T0 : 0x47e918 @do_lookup_x+296    : mov	rax, DS:[8*rbp + r14] 
44615000: system.cpu: T0 : 0x47e91c @do_lookup_x+300    : mov	rbx, DS:[rax + 0x28]  
44615000: system.cpu: T0 : 0x47e920 @do_lookup_x+304    : cmp	r11                   
44615000: system.cpu: T0 : 0x47e923 @do_lookup_x+307    : jz	0xffffffffffffffe6     
44615000: system.cpu: T0 : 0x47e925 @do_lookup_x+309    : test	r15d                 
44615000: system.cpu: T0 : 0x47e928 @do_lookup_x+312    : jz	0x9                    
44617000: system.cpu: T0 : 0x47e933 @do_lookup_x+323    : test	DS:[rbx + 0x31e], 0x2
44617000: system.cpu: T0 : 0x47e93a @do_lookup_x+330    : jnz	0xffffffffffffffcf    
44619000: system.cpu: T0 : 0x47e93c @do_lookup_x+332    : test	DS:[rip + 0x4cc61], 0x8
44619000: system.cpu: T0 : 0x47e943 @do_lookup_x+339    : jz	0xffffffffffffff2f     
44621000: system.cpu: T0 : 0x47e878 @do_lookup_x+136    : mov	edx, DS:[rbx + 0x2f4] 
44621000: system.cpu: T0 : 0x47e87e @do_lookup_x+142    : test	edx                  
44623000: system.cpu: T0 : 0x47e880 @do_lookup_x+144    : jz	0x85                   
44625000: system.cpu: T0 : 0x47e90b @do_lookup_x+283    : add	rbp, 0x1              
44625000: system.cpu: T0 : 0x47e90f @do_lookup_x+287    : cmp	rbp                   
44625000: system.cpu: T0 : 0x47e912 @do_lookup_x+290    : jbe	0x2e8                 
44627000: system.cpu: T0 : 0x47ec00 @do_lookup_x+1040    : xor	eax                   
44627000: system.cpu: T0 : 0x47ec02 @do_lookup_x+1042    : add	rsp, 0x98             
44627000: system.cpu: T0 : 0x47ec09 @do_lookup_x+1049    : pop	rbx                   
44627000: system.cpu: T0 : 0x47ec0a @do_lookup_x+1050    : pop	rbp                   
44628000: system.cpu: T0 : 0x47ec0b @do_lookup_x+1051    : pop	r12                   
44628000: system.cpu: T0 : 0x47ec0d @do_lookup_x+1053    : pop	r13                   
44628000: system.cpu: T0 : 0x47ec0f @do_lookup_x+1055    : pop	r14                   
44629000: system.cpu: T0 : 0x47ec11 @do_lookup_x+1057    : pop	r15                   
44629000: system.cpu: T0 : 0x47ec13 @do_lookup_x+1059    : ret	                      
44631000: system.cpu: T0 : 0x47f5f1 @_dl_lookup_symbol_x+305    : add	rsp, 0x30             
44631000: system.cpu: T0 : 0x47f5f5 @_dl_lookup_symbol_x+309    : test	eax                  
44631000: system.cpu: T0 : 0x47f5f7 @_dl_lookup_symbol_x+311    : jz	0xffffffffffffffb7     
44633000: system.cpu: T0 : 0x47f5b0 @_dl_lookup_symbol_x+240    : mov	r9, DS:[r13 + 0x8]    
44633000: system.cpu: T0 : 0x47f5b4 @_dl_lookup_symbol_x+244    : add	r13, 0x8              
44633000: system.cpu: T0 : 0x47f5b8 @_dl_lookup_symbol_x+248    : xor	eax                   
44633000: system.cpu: T0 : 0x47f5ba @_dl_lookup_symbol_x+250    : test	r9                   
44633000: system.cpu: T0 : 0x47f5bd @_dl_lookup_symbol_x+253    : jz	0x3a                   
44635000: system.cpu: T0 : 0x47f5f9 @_dl_lookup_symbol_x+313    : mov	rcx, SS:[rbp]         
44637000: system.cpu: T0 : 0x47f5fd @_dl_lookup_symbol_x+317    : mov	rdx, SS:[t0 + rsp + 0x50]
44637000: system.cpu: T0 : 0x47f602 @_dl_lookup_symbol_x+322    : mov	rcx                   
44637000: system.cpu: T0 : 0x47f605 @_dl_lookup_symbol_x+325    : test	rdx                  
44637000: system.cpu: T0 : 0x47f608 @_dl_lookup_symbol_x+328    : jz	0x138                  
44639000: system.cpu: T0 : 0x47f746 @_dl_lookup_symbol_x+646    : test	rax                  
44639000: system.cpu: T0 : 0x47f749 @_dl_lookup_symbol_x+649    : jz	0xb                    
44639000: system.cpu: T0 : 0x47f74b @_dl_lookup_symbol_x+651    : movzx	eax, DS:[rax + 0x4] 
44639000: system.cpu: T0 : 0x47f74f @_dl_lookup_symbol_x+655    : shr	0x4                   
44639000: system.cpu: T0 : 0x47f752 @_dl_lookup_symbol_x+658    : cmp	al, 0x2               
44640000: system.cpu: T0 : 0x47f754 @_dl_lookup_symbol_x+660    : jz	0xd                    
44641000: system.cpu: T0 : 0x47f763 @_dl_lookup_symbol_x+675    : xor	r10d                  
44641000: system.cpu: T0 : 0x47f766 @_dl_lookup_symbol_x+678    : xor	r13d                  
44641000: system.cpu: T0 : 0x47f769 @_dl_lookup_symbol_x+681    : jmp	0xfffffffffffffef2    
44643000: system.cpu: T0 : 0x47f660 @_dl_lookup_symbol_x+416    : mov	SS:[rbp], r10         
44643000: system.cpu: T0 : 0x47f664 @_dl_lookup_symbol_x+420    : add	rsp, 0x88             
44643000: system.cpu: T0 : 0x47f66b @_dl_lookup_symbol_x+427    : mov	r13                   
44643000: system.cpu: T0 : 0x47f66e @_dl_lookup_symbol_x+430    : pop	rbx                   
44643000: system.cpu: T0 : 0x47f66f @_dl_lookup_symbol_x+431    : pop	rbp                   
44644000: system.cpu: T0 : 0x47f670 @_dl_lookup_symbol_x+432    : pop	r12                   
44644000: system.cpu: T0 : 0x47f672 @_dl_lookup_symbol_x+434    : pop	r13                   
44645000: system.cpu: T0 : 0x47f674 @_dl_lookup_symbol_x+436    : pop	r14                   
44645000: system.cpu: T0 : 0x47f676 @_dl_lookup_symbol_x+438    : pop	r15                   
44645000: system.cpu: T0 : 0x47f678 @_dl_lookup_symbol_x+440    : ret	                      
44648000: system.cpu: T0 : 0x45430f @_dl_non_dynamic_init+1311    : mov	rcx, SS:[t0 + rsp + 0x28]
44648000: system.cpu: T0 : 0x454314 @_dl_non_dynamic_init+1316    : pop	r11                   
44648000: system.cpu: T0 : 0x454316 @_dl_non_dynamic_init+1318    : pop	rbp                   
44648000: system.cpu: T0 : 0x454317 @_dl_non_dynamic_init+1319    : test	rcx                  
44649000: system.cpu: T0 : 0x45431a @_dl_non_dynamic_init+1322    : jz	0x5b0                  
44665000: system.cpu: T0 : 0x4548d0 @_dl_non_dynamic_init+2784    : mov	rsi, DS:[rip + 0x769d1]
44665000: system.cpu: T0 : 0x4548d7 @_dl_non_dynamic_init+2791    : xor	eax                   
44665000: system.cpu: T0 : 0x4548d9 @_dl_non_dynamic_init+2793    : jmp	0xfffffffffffffa64    
44747000: system.cpu: T0 : 0x454342 @_dl_non_dynamic_init+1362    : mov	DS:[rip + 0x6f737], rax
44747000: system.cpu: T0 : 0x454349 @_dl_non_dynamic_init+1369    : test	rsi                  
44747000: system.cpu: T0 : 0x45434c @_dl_non_dynamic_init+1372    : jz	0x4c4                  
44747000: system.cpu: T0 : 0x454352 @_dl_non_dynamic_init+1378    : pxor	XMM0                 
44748000: system.cpu: T0 : 0x454356 @_dl_non_dynamic_init+1382    : mov	SS:[t0 + rsp + 0x40], r15
44748000: system.cpu: T0 : 0x45435b @_dl_non_dynamic_init+1387    : xor	r9d                   
44748000: system.cpu: T0 : 0x45435e @_dl_non_dynamic_init+1390    : mov	r13                   
44748000: system.cpu: T0 : 0x454361 @_dl_non_dynamic_init+1393    : movaps	SS:[t0 + rsp + 0x20], XMM0
44748000: system.cpu: T0 : 0x454366 @_dl_non_dynamic_init+1398    : lea	rcx, DS:[rsi + 0x3a0] 
44748000: system.cpu: T0 : 0x45436d @_dl_non_dynamic_init+1405    : mov	rax, 0x103ae75f6      
44748000: system.cpu: T0 : 0x454377 @_dl_non_dynamic_init+1415    : mov	r12                   
44844000: system.cpu: T0 : 0x45437a @_dl_non_dynamic_init+1418    : mov	SS:[t0 + rsp + 0x30], 0
44844000: system.cpu: T0 : 0x454383 @_dl_non_dynamic_init+1427    : lea	rdi, DS:[rip + 0x48ab1]
44844000: system.cpu: T0 : 0x45438a @_dl_non_dynamic_init+1434    : mov	SS:[t0 + rsp + 0x24], 0x20
44844000: system.cpu: T0 : 0x45438f @_dl_non_dynamic_init+1439    : mov	SS:[t0 + rsp + 0x48], rax
44844000: system.cpu: T0 : 0x454394 @_dl_non_dynamic_init+1444    : mov	SS:[t0 + rsp + 0x50], 0
44845000: system.cpu: T0 : 0x45439d @_dl_non_dynamic_init+1453    : mov	SS:[t0 + rsp + 0x18], r14
44845000: system.cpu: T0 : 0x4543a2 @_dl_non_dynamic_init+1458    : push	0                    
44845000: system.cpu: T0 : 0x4543a4 @_dl_non_dynamic_init+1460    : push	0                    
44846000: system.cpu: T0 : 0x4543a6 @_dl_non_dynamic_init+1462    : call	0x2b115              
44851000: system.cpu: T0 : 0x47f4c0 @_dl_lookup_symbol_x    : hint	                     
44851000: system.cpu: T0 : 0x47f4c4 @_dl_lookup_symbol_x+4    : push	r15                  
44851000: system.cpu: T0 : 0x47f4c6 @_dl_lookup_symbol_x+6    : push	r14                  
44851000: system.cpu: T0 : 0x47f4c8 @_dl_lookup_symbol_x+8    : push	r13                  
44851000: system.cpu: T0 : 0x47f4ca @_dl_lookup_symbol_x+10    : push	r12                  
44852000: system.cpu: T0 : 0x47f4cc @_dl_lookup_symbol_x+12    : mov	rdi                   
44852000: system.cpu: T0 : 0x47f4cf @_dl_lookup_symbol_x+15    : push	rbp                  
44852000: system.cpu: T0 : 0x47f4d0 @_dl_lookup_symbol_x+16    : mov	rdx                   
44852000: system.cpu: T0 : 0x47f4d3 @_dl_lookup_symbol_x+19    : push	rbx                  
44852000: system.cpu: T0 : 0x47f4d4 @_dl_lookup_symbol_x+20    : sub	rsp, 0x88             
44853000: system.cpu: T0 : 0x47f4db @_dl_lookup_symbol_x+27    : mov	rax, SS:[t0 + rsp + 0xc0]
44853000: system.cpu: T0 : 0x47f4e2 @_dl_lookup_symbol_x+34    : mov	SS:[t0 + rsp + 0x10], rsi
44853000: system.cpu: T0 : 0x47f4e7 @_dl_lookup_symbol_x+39    : mov	SS:[t0 + rsp + 0x20], rcx
44853000: system.cpu: T0 : 0x47f4ec @_dl_lookup_symbol_x+44    : and	eax, 0x2              
44853000: system.cpu: T0 : 0x47f4ef @_dl_lookup_symbol_x+47    : mov	SS:[t0 + rsp + 0x8], r8
44853000: system.cpu: T0 : 0x47f4f4 @_dl_lookup_symbol_x+52    : mov	SS:[t0 + rsp + 0x30], rax
44854000: system.cpu: T0 : 0x47f4f8 @_dl_lookup_symbol_x+56    : mov	rax, SS:[t0 + rsp + 0xc0]
44856000: system.cpu: T0 : 0x47f4ff @_dl_lookup_symbol_x+63    : mov	SS:[t0 + rsp + 0x18], r9
44856000: system.cpu: T0 : 0x47f504 @_dl_lookup_symbol_x+68    : and	eax, 0x8              
44856000: system.cpu: T0 : 0x47f507 @_dl_lookup_symbol_x+71    : mov	SS:[t0 + rsp + 0x38], rax
44856000: system.cpu: T0 : 0x47f50b @_dl_lookup_symbol_x+75    : mov	rax, SS:[t0 + rsp + 0xc0]
44856000: system.cpu: T0 : 0x47f512 @_dl_lookup_symbol_x+82    : and	eax, 0x4              
44856000: system.cpu: T0 : 0x47f515 @_dl_lookup_symbol_x+85    : mov	SS:[t0 + rsp + 0x34], rax
44857000: system.cpu: T0 : 0x47f519 @_dl_lookup_symbol_x+89    : movzx	edx, DS:[t0 + r12]  
44857000: system.cpu: T0 : 0x47f51e @_dl_lookup_symbol_x+94    : test	dl                   
44857000: system.cpu: T0 : 0x47f520 @_dl_lookup_symbol_x+96    : jz	0x212                  
44857000: system.cpu: T0 : 0x47f526 @_dl_lookup_symbol_x+102    : mov	r12                   
44857000: system.cpu: T0 : 0x47f529 @_dl_lookup_symbol_x+105    : mov	ebx, 0x1505           
44858000: system.cpu: T0 : 0x47f52e @_dl_lookup_symbol_x+110    :   NOP                      : IntAlu : 
44858000: system.cpu: T0 : 0x47f530 @_dl_lookup_symbol_x+112    : mov	rbx                   
44858000: system.cpu: T0 : 0x47f533 @_dl_lookup_symbol_x+115    : add	rcx, 0x1              
44858000: system.cpu: T0 : 0x47f537 @_dl_lookup_symbol_x+119    : sal	0x5                   
44858000: system.cpu: T0 : 0x47f53b @_dl_lookup_symbol_x+123    : add	rax                   
44860000: system.cpu: T0 : 0x47f53e @_dl_lookup_symbol_x+126    : add	rdx                   
44860000: system.cpu: T0 : 0x47f541 @_dl_lookup_symbol_x+129    : movzx	edx, DS:[rcx]       
44860000: system.cpu: T0 : 0x47f544 @_dl_lookup_symbol_x+132    : test	dl                   
44860000: system.cpu: T0 : 0x47f546 @_dl_lookup_symbol_x+134    : jnz	0xffffffffffffffe8    
44878000: system.cpu: T0 : 0x47f530 @_dl_lookup_symbol_x+112    : mov	rbx                   
44878000: system.cpu: T0 : 0x47f533 @_dl_lookup_symbol_x+115    : add	rcx, 0x1              
44878000: system.cpu: T0 : 0x47f537 @_dl_lookup_symbol_x+119    : sal	0x5                   
44878000: system.cpu: T0 : 0x47f53b @_dl_lookup_symbol_x+123    : add	rax                   
44880000: system.cpu: T0 : 0x47f53e @_dl_lookup_symbol_x+126    : add	rdx                   
44880000: system.cpu: T0 : 0x47f541 @_dl_lookup_symbol_x+129    : movzx	edx, DS:[rcx]       
44880000: system.cpu: T0 : 0x47f544 @_dl_lookup_symbol_x+132    : test	dl                   
44880000: system.cpu: T0 : 0x47f546 @_dl_lookup_symbol_x+134    : jnz	0xffffffffffffffe8    
44899000: system.cpu: T0 : 0x47f530 @_dl_lookup_symbol_x+112    : mov	rbx                   
44899000: system.cpu: T0 : 0x47f533 @_dl_lookup_symbol_x+115    : add	rcx, 0x1              
44899000: system.cpu: T0 : 0x47f537 @_dl_lookup_symbol_x+119    : sal	0x5                   
44899000: system.cpu: T0 : 0x47f53b @_dl_lookup_symbol_x+123    : add	rax                   
44901000: system.cpu: T0 : 0x47f53e @_dl_lookup_symbol_x+126    : add	rdx                   
44901000: system.cpu: T0 : 0x47f541 @_dl_lookup_symbol_x+129    : movzx	edx, DS:[rcx]       
44901000: system.cpu: T0 : 0x47f544 @_dl_lookup_symbol_x+132    : test	dl                   
44901000: system.cpu: T0 : 0x47f546 @_dl_lookup_symbol_x+134    : jnz	0xffffffffffffffe8    
44921000: system.cpu: T0 : 0x47f530 @_dl_lookup_symbol_x+112    : mov	rbx                   
44921000: system.cpu: T0 : 0x47f533 @_dl_lookup_symbol_x+115    : add	rcx, 0x1              
44921000: system.cpu: T0 : 0x47f537 @_dl_lookup_symbol_x+119    : sal	0x5                   
44921000: system.cpu: T0 : 0x47f53b @_dl_lookup_symbol_x+123    : add	rax                   
44923000: system.cpu: T0 : 0x47f53e @_dl_lookup_symbol_x+126    : add	rdx                   
44923000: system.cpu: T0 : 0x47f541 @_dl_lookup_symbol_x+129    : movzx	edx, DS:[rcx]       
44923000: system.cpu: T0 : 0x47f544 @_dl_lookup_symbol_x+132    : test	dl                   
44923000: system.cpu: T0 : 0x47f546 @_dl_lookup_symbol_x+134    : jnz	0xffffffffffffffe8    
44944000: system.cpu: T0 : 0x47f530 @_dl_lookup_symbol_x+112    : mov	rbx                   
44944000: system.cpu: T0 : 0x47f533 @_dl_lookup_symbol_x+115    : add	rcx, 0x1              
44944000: system.cpu: T0 : 0x47f537 @_dl_lookup_symbol_x+119    : sal	0x5                   
44944000: system.cpu: T0 : 0x47f53b @_dl_lookup_symbol_x+123    : add	rax                   
44946000: system.cpu: T0 : 0x47f53e @_dl_lookup_symbol_x+126    : add	rdx                   
44946000: system.cpu: T0 : 0x47f541 @_dl_lookup_symbol_x+129    : movzx	edx, DS:[rcx]       
44946000: system.cpu: T0 : 0x47f544 @_dl_lookup_symbol_x+132    : test	dl                   
44946000: system.cpu: T0 : 0x47f546 @_dl_lookup_symbol_x+134    : jnz	0xffffffffffffffe8    
45060000: system.cpu: T0 : 0x47f530 @_dl_lookup_symbol_x+112    : mov	rbx                   
45060000: system.cpu: T0 : 0x47f533 @_dl_lookup_symbol_x+115    : add	rcx, 0x1              
45060000: system.cpu: T0 : 0x47f537 @_dl_lookup_symbol_x+119    : sal	0x5                   
45060000: system.cpu: T0 : 0x47f53b @_dl_lookup_symbol_x+123    : add	rax                   
45062000: system.cpu: T0 : 0x47f53e @_dl_lookup_symbol_x+126    : add	rdx                   
45062000: system.cpu: T0 : 0x47f541 @_dl_lookup_symbol_x+129    : movzx	edx, DS:[rcx]       
45062000: system.cpu: T0 : 0x47f544 @_dl_lookup_symbol_x+132    : test	dl                   
45062000: system.cpu: T0 : 0x47f546 @_dl_lookup_symbol_x+134    : jnz	0xffffffffffffffe8    
45098000: system.cpu: T0 : 0x47f530 @_dl_lookup_symbol_x+112    : mov	rbx                   
45098000: system.cpu: T0 : 0x47f533 @_dl_lookup_symbol_x+115    : add	rcx, 0x1              
45098000: system.cpu: T0 : 0x47f537 @_dl_lookup_symbol_x+119    : sal	0x5                   
45098000: system.cpu: T0 : 0x47f53b @_dl_lookup_symbol_x+123    : add	rax                   
45100000: system.cpu: T0 : 0x47f53e @_dl_lookup_symbol_x+126    : add	rdx                   
45100000: system.cpu: T0 : 0x47f541 @_dl_lookup_symbol_x+129    : movzx	edx, DS:[rcx]       
45100000: system.cpu: T0 : 0x47f544 @_dl_lookup_symbol_x+132    : test	dl                   
45100000: system.cpu: T0 : 0x47f546 @_dl_lookup_symbol_x+134    : jnz	0xffffffffffffffe8    
45121000: system.cpu: T0 : 0x47f530 @_dl_lookup_symbol_x+112    : mov	rbx                   
45121000: system.cpu: T0 : 0x47f533 @_dl_lookup_symbol_x+115    : add	rcx, 0x1              
45121000: system.cpu: T0 : 0x47f537 @_dl_lookup_symbol_x+119    : sal	0x5                   
45121000: system.cpu: T0 : 0x47f53b @_dl_lookup_symbol_x+123    : add	rax                   
45123000: system.cpu: T0 : 0x47f53e @_dl_lookup_symbol_x+126    : add	rdx                   
45123000: system.cpu: T0 : 0x47f541 @_dl_lookup_symbol_x+129    : movzx	edx, DS:[rcx]       
45123000: system.cpu: T0 : 0x47f544 @_dl_lookup_symbol_x+132    : test	dl                   
45123000: system.cpu: T0 : 0x47f546 @_dl_lookup_symbol_x+134    : jnz	0xffffffffffffffe8    
45144000: system.cpu: T0 : 0x47f530 @_dl_lookup_symbol_x+112    : mov	rbx                   
45144000: system.cpu: T0 : 0x47f533 @_dl_lookup_symbol_x+115    : add	rcx, 0x1              
45144000: system.cpu: T0 : 0x47f537 @_dl_lookup_symbol_x+119    : sal	0x5                   
45144000: system.cpu: T0 : 0x47f53b @_dl_lookup_symbol_x+123    : add	rax                   
45146000: system.cpu: T0 : 0x47f53e @_dl_lookup_symbol_x+126    : add	rdx                   
45146000: system.cpu: T0 : 0x47f541 @_dl_lookup_symbol_x+129    : movzx	edx, DS:[rcx]       
45146000: system.cpu: T0 : 0x47f544 @_dl_lookup_symbol_x+132    : test	dl                   
45146000: system.cpu: T0 : 0x47f546 @_dl_lookup_symbol_x+134    : jnz	0xffffffffffffffe8    
45167000: system.cpu: T0 : 0x47f530 @_dl_lookup_symbol_x+112    : mov	rbx                   
45167000: system.cpu: T0 : 0x47f533 @_dl_lookup_symbol_x+115    : add	rcx, 0x1              
45167000: system.cpu: T0 : 0x47f537 @_dl_lookup_symbol_x+119    : sal	0x5                   
45167000: system.cpu: T0 : 0x47f53b @_dl_lookup_symbol_x+123    : add	rax                   
45169000: system.cpu: T0 : 0x47f53e @_dl_lookup_symbol_x+126    : add	rdx                   
45169000: system.cpu: T0 : 0x47f541 @_dl_lookup_symbol_x+129    : movzx	edx, DS:[rcx]       
45169000: system.cpu: T0 : 0x47f544 @_dl_lookup_symbol_x+132    : test	dl                   
45169000: system.cpu: T0 : 0x47f546 @_dl_lookup_symbol_x+134    : jnz	0xffffffffffffffe8    
45190000: system.cpu: T0 : 0x47f530 @_dl_lookup_symbol_x+112    : mov	rbx                   
45190000: system.cpu: T0 : 0x47f533 @_dl_lookup_symbol_x+115    : add	rcx, 0x1              
45190000: system.cpu: T0 : 0x47f537 @_dl_lookup_symbol_x+119    : sal	0x5                   
45190000: system.cpu: T0 : 0x47f53b @_dl_lookup_symbol_x+123    : add	rax                   
45192000: system.cpu: T0 : 0x47f53e @_dl_lookup_symbol_x+126    : add	rdx                   
45192000: system.cpu: T0 : 0x47f541 @_dl_lookup_symbol_x+129    : movzx	edx, DS:[rcx]       
45192000: system.cpu: T0 : 0x47f544 @_dl_lookup_symbol_x+132    : test	dl                   
45192000: system.cpu: T0 : 0x47f546 @_dl_lookup_symbol_x+134    : jnz	0xffffffffffffffe8    
45213000: system.cpu: T0 : 0x47f548 @_dl_lookup_symbol_x+136    : mov	ebx                   
45213000: system.cpu: T0 : 0x47f54a @_dl_lookup_symbol_x+138    : mov	eax, 0xffffffffffffffff
45213000: system.cpu: T0 : 0x47f54f @_dl_lookup_symbol_x+143    : pxor	XMM0                 
45213000: system.cpu: T0 : 0x47f553 @_dl_lookup_symbol_x+147    : cmp	SS:[t0 + rsp + 0x8], 0
45213000: system.cpu: T0 : 0x47f559 @_dl_lookup_symbol_x+153    : mov	SS:[t0 + rsp + 0x48], rax
45214000: system.cpu: T0 : 0x47f55e @_dl_lookup_symbol_x+158    : movaps	SS:[t0 + rsp + 0x50], XMM0
45214000: system.cpu: T0 : 0x47f563 @_dl_lookup_symbol_x+163    : jz	0xe                    
45214000: system.cpu: T0 : 0x47f565 @_dl_lookup_symbol_x+165    : mov	r13, SS:[t0 + rsp + 0x30]
45214000: system.cpu: T0 : 0x47f56a @_dl_lookup_symbol_x+170    : test	r13d                 
45214000: system.cpu: T0 : 0x47f56d @_dl_lookup_symbol_x+173    : jnz	0x90c                 
45215000: system.cpu: T0 : 0x47f573 @_dl_lookup_symbol_x+179    : cmp	SS:[t0 + rsp + 0xc8], 0
45217000: system.cpu: T0 : 0x47f57c @_dl_lookup_symbol_x+188    : mov	rax, SS:[t0 + rsp + 0x20]
45217000: system.cpu: T0 : 0x47f581 @_dl_lookup_symbol_x+193    : mov	r9, DS:[rax]          
45217000: system.cpu: T0 : 0x47f584 @_dl_lookup_symbol_x+196    : jnz	0x1e6                 
45217000: system.cpu: T0 : 0x47f58a @_dl_lookup_symbol_x+202    : test	r9                   
45217000: system.cpu: T0 : 0x47f58d @_dl_lookup_symbol_x+205    : jz	0x1af                  
45218000: system.cpu: T0 : 0x47f593 @_dl_lookup_symbol_x+211    : mov	SS:[t0 + rsp + 0x28], 0
45218000: system.cpu: T0 : 0x47f59c @_dl_lookup_symbol_x+220    : mov	rax                   
45218000: system.cpu: T0 : 0x47f59f @_dl_lookup_symbol_x+223    : mov	rax, SS:[t0 + rsp + 0x28]
45218000: system.cpu: T0 : 0x47f5a4 @_dl_lookup_symbol_x+228    : lea	r15, SS:[t0 + rsp + 0x50]
45218000: system.cpu: T0 : 0x47f5a9 @_dl_lookup_symbol_x+233    : lea	r14, SS:[t0 + rsp + 0x48]
45218000: system.cpu: T0 : 0x47f5ae @_dl_lookup_symbol_x+238    : jmp	0xf                   
45222000: system.cpu: T0 : 0x47f5bf @_dl_lookup_symbol_x+255    : push	SS:[t0 + rsp + 0x10] 
45222000: system.cpu: T0 : 0x47f5c3 @_dl_lookup_symbol_x+259    : mov	rsi, SS:[t0 + rsp + 0x20]
45222000: system.cpu: T0 : 0x47f5c7 @_dl_lookup_symbol_x+263    : mov	r15                   
45222000: system.cpu: T0 : 0x47f5ca @_dl_lookup_symbol_x+266    : mov	r14                   
45222000: system.cpu: T0 : 0x47f5cd @_dl_lookup_symbol_x+269    : mov	rcx, SS:[rbp]         
45222000: system.cpu: T0 : 0x47f5d1 @_dl_lookup_symbol_x+273    : push	rsi                  
45223000: system.cpu: T0 : 0x47f5d2 @_dl_lookup_symbol_x+274    : mov	rbx                   
45223000: system.cpu: T0 : 0x47f5d5 @_dl_lookup_symbol_x+277    : push	SS:[t0 + rsp + 0xd8] 
45223000: system.cpu: T0 : 0x47f5dc @_dl_lookup_symbol_x+284    : mov	rdi, SS:[t0 + rsp + 0xd8]
45223000: system.cpu: T0 : 0x47f5e3 @_dl_lookup_symbol_x+291    : push	rdi                  
45224000: system.cpu: T0 : 0x47f5e4 @_dl_lookup_symbol_x+292    : mov	r12                   
45224000: system.cpu: T0 : 0x47f5e7 @_dl_lookup_symbol_x+295    : push	SS:[t0 + rsp + 0x28] 
45224000: system.cpu: T0 : 0x47f5eb @_dl_lookup_symbol_x+299    : push	rax                  
45224000: system.cpu: T0 : 0x47f5ec @_dl_lookup_symbol_x+300    : call	0xfffffffffffff1ff   
45227000: system.cpu: T0 : 0x47e7f0 @do_lookup_x    : push	r15                  
45227000: system.cpu: T0 : 0x47e7f2 @do_lookup_x+2    : mov	rdi                   
45227000: system.cpu: T0 : 0x47e7f5 @do_lookup_x+5    : push	r14                  
45227000: system.cpu: T0 : 0x47e7f7 @do_lookup_x+7    : push	r13                  
45227000: system.cpu: T0 : 0x47e7f9 @do_lookup_x+9    : push	r12                  
45228000: system.cpu: T0 : 0x47e7fb @do_lookup_x+11    : push	rbp                  
45228000: system.cpu: T0 : 0x47e7fc @do_lookup_x+12    : push	rbx                  
45230000: system.cpu: T0 : 0x47e7fd @do_lookup_x+13    : sub	rsp, 0x98             
45230000: system.cpu: T0 : 0x47e804 @do_lookup_x+20    : mov	r12d, DS:[r9 + 0x8]   
45230000: system.cpu: T0 : 0x47e808 @do_lookup_x+24    : mov	SS:[t0 + rsp + 0x48], r8
45230000: system.cpu: T0 : 0x47e80d @do_lookup_x+29    : mov	rbp, SS:[t0 + rsp + 0xd0]
45230000: system.cpu: T0 : 0x47e815 @do_lookup_x+37    : mov	SS:[t0 + rsp + 0x50], rdx
45230000: system.cpu: T0 : 0x47e81a @do_lookup_x+42    : mov	r8, SS:[t0 + rsp + 0xf0]
45230000: system.cpu: T0 : 0x47e822 @do_lookup_x+50    : mov	SS:[t0 + rsp + 0x40], rcx
45231000: system.cpu: T0 : 0x47e827 @do_lookup_x+55    : mov	rsi                   
45231000: system.cpu: T0 : 0x47e82a @do_lookup_x+58    : mov	r8d                   
45231000: system.cpu: T0 : 0x47e82d @do_lookup_x+61    : mov	SS:[t0 + rsp + 0x30], r11
45231000: system.cpu: T0 : 0x47e832 @do_lookup_x+66    : mov	r14, DS:[r9]          
45231000: system.cpu: T0 : 0x47e835 @do_lookup_x+69    : shr	0x6                   
45231000: system.cpu: T0 : 0x47e839 @do_lookup_x+73    : and	eax, 0x2              
45233000: system.cpu: T0 : 0x47e83c @do_lookup_x+76    : mov	SS:[t0 + rsp + 0x8], rsi
45233000: system.cpu: T0 : 0x47e841 @do_lookup_x+81    : mov	r11, SS:[t0 + rsp + 0xe8]
45233000: system.cpu: T0 : 0x47e849 @do_lookup_x+89    : mov	SS:[t0 + rsp + 0x18], rdi
45233000: system.cpu: T0 : 0x47e84e @do_lookup_x+94    : mov	r8d                   
45233000: system.cpu: T0 : 0x47e851 @do_lookup_x+97    : mov	eax                   
45233000: system.cpu: T0 : 0x47e854 @do_lookup_x+100    : and	edi, 0x1              
45233000: system.cpu: T0 : 0x47e857 @do_lookup_x+103    : mov	SS:[t0 + rsp + 0x5c], rax
45234000: system.cpu: T0 : 0x47e85b @do_lookup_x+107    : mov	SS:[t0 + rsp + 0x60], rdi
45234000: system.cpu: T0 : 0x47e85f @do_lookup_x+111    : lea	rdi, SS:[t0 + rsp + 0x84]
45234000: system.cpu: T0 : 0x47e867 @do_lookup_x+119    : mov	SS:[t0 + rsp + 0x10], rdi
45234000: system.cpu: T0 : 0x47e86c @do_lookup_x+124    : jmp	0xa7                  
45236000: system.cpu: T0 : 0x47e918 @do_lookup_x+296    : mov	rax, DS:[8*rbp + r14] 
45236000: system.cpu: T0 : 0x47e91c @do_lookup_x+300    : mov	rbx, DS:[rax + 0x28]  
45236000: system.cpu: T0 : 0x47e920 @do_lookup_x+304    : cmp	r11                   
45236000: system.cpu: T0 : 0x47e923 @do_lookup_x+307    : jz	0xffffffffffffffe6     
45236000: system.cpu: T0 : 0x47e925 @do_lookup_x+309    : test	r15d                 
45236000: system.cpu: T0 : 0x47e928 @do_lookup_x+312    : jz	0x9                    
45238000: system.cpu: T0 : 0x47e933 @do_lookup_x+323    : test	DS:[rbx + 0x31e], 0x2
45238000: system.cpu: T0 : 0x47e93a @do_lookup_x+330    : jnz	0xffffffffffffffcf    
45240000: system.cpu: T0 : 0x47e93c @do_lookup_x+332    : test	DS:[rip + 0x4cc61], 0x8
45240000: system.cpu: T0 : 0x47e943 @do_lookup_x+339    : jz	0xffffffffffffff2f     
45242000: system.cpu: T0 : 0x47e878 @do_lookup_x+136    : mov	edx, DS:[rbx + 0x2f4] 
45242000: system.cpu: T0 : 0x47e87e @do_lookup_x+142    : test	edx                  
45244000: system.cpu: T0 : 0x47e880 @do_lookup_x+144    : jz	0x85                   
45246000: system.cpu: T0 : 0x47e90b @do_lookup_x+283    : add	rbp, 0x1              
45246000: system.cpu: T0 : 0x47e90f @do_lookup_x+287    : cmp	rbp                   
45246000: system.cpu: T0 : 0x47e912 @do_lookup_x+290    : jbe	0x2e8                 
45248000: system.cpu: T0 : 0x47ec00 @do_lookup_x+1040    : xor	eax                   
45248000: system.cpu: T0 : 0x47ec02 @do_lookup_x+1042    : add	rsp, 0x98             
45248000: system.cpu: T0 : 0x47ec09 @do_lookup_x+1049    : pop	rbx                   
45248000: system.cpu: T0 : 0x47ec0a @do_lookup_x+1050    : pop	rbp                   
45249000: system.cpu: T0 : 0x47ec0b @do_lookup_x+1051    : pop	r12                   
45249000: system.cpu: T0 : 0x47ec0d @do_lookup_x+1053    : pop	r13                   
45249000: system.cpu: T0 : 0x47ec0f @do_lookup_x+1055    : pop	r14                   
45250000: system.cpu: T0 : 0x47ec11 @do_lookup_x+1057    : pop	r15                   
45250000: system.cpu: T0 : 0x47ec13 @do_lookup_x+1059    : ret	                      
45252000: system.cpu: T0 : 0x47f5f1 @_dl_lookup_symbol_x+305    : add	rsp, 0x30             
45252000: system.cpu: T0 : 0x47f5f5 @_dl_lookup_symbol_x+309    : test	eax                  
45252000: system.cpu: T0 : 0x47f5f7 @_dl_lookup_symbol_x+311    : jz	0xffffffffffffffb7     
45254000: system.cpu: T0 : 0x47f5b0 @_dl_lookup_symbol_x+240    : mov	r9, DS:[r13 + 0x8]    
45254000: system.cpu: T0 : 0x47f5b4 @_dl_lookup_symbol_x+244    : add	r13, 0x8              
45254000: system.cpu: T0 : 0x47f5b8 @_dl_lookup_symbol_x+248    : xor	eax                   
45254000: system.cpu: T0 : 0x47f5ba @_dl_lookup_symbol_x+250    : test	r9                   
45254000: system.cpu: T0 : 0x47f5bd @_dl_lookup_symbol_x+253    : jz	0x3a                   
45256000: system.cpu: T0 : 0x47f5f9 @_dl_lookup_symbol_x+313    : mov	rcx, SS:[rbp]         
45258000: system.cpu: T0 : 0x47f5fd @_dl_lookup_symbol_x+317    : mov	rdx, SS:[t0 + rsp + 0x50]
45258000: system.cpu: T0 : 0x47f602 @_dl_lookup_symbol_x+322    : mov	rcx                   
45258000: system.cpu: T0 : 0x47f605 @_dl_lookup_symbol_x+325    : test	rdx                  
45258000: system.cpu: T0 : 0x47f608 @_dl_lookup_symbol_x+328    : jz	0x138                  
45260000: system.cpu: T0 : 0x47f746 @_dl_lookup_symbol_x+646    : test	rax                  
45260000: system.cpu: T0 : 0x47f749 @_dl_lookup_symbol_x+649    : jz	0xb                    
45260000: system.cpu: T0 : 0x47f74b @_dl_lookup_symbol_x+651    : movzx	eax, DS:[rax + 0x4] 
45260000: system.cpu: T0 : 0x47f74f @_dl_lookup_symbol_x+655    : shr	0x4                   
45260000: system.cpu: T0 : 0x47f752 @_dl_lookup_symbol_x+658    : cmp	al, 0x2               
45261000: system.cpu: T0 : 0x47f754 @_dl_lookup_symbol_x+660    : jz	0xd                    
45262000: system.cpu: T0 : 0x47f763 @_dl_lookup_symbol_x+675    : xor	r10d                  
45262000: system.cpu: T0 : 0x47f766 @_dl_lookup_symbol_x+678    : xor	r13d                  
45262000: system.cpu: T0 : 0x47f769 @_dl_lookup_symbol_x+681    : jmp	0xfffffffffffffef2    
45264000: system.cpu: T0 : 0x47f660 @_dl_lookup_symbol_x+416    : mov	SS:[rbp], r10         
45264000: system.cpu: T0 : 0x47f664 @_dl_lookup_symbol_x+420    : add	rsp, 0x88             
45264000: system.cpu: T0 : 0x47f66b @_dl_lookup_symbol_x+427    : mov	r13                   
45264000: system.cpu: T0 : 0x47f66e @_dl_lookup_symbol_x+430    : pop	rbx                   
45264000: system.cpu: T0 : 0x47f66f @_dl_lookup_symbol_x+431    : pop	rbp                   
45265000: system.cpu: T0 : 0x47f670 @_dl_lookup_symbol_x+432    : pop	r12                   
45265000: system.cpu: T0 : 0x47f672 @_dl_lookup_symbol_x+434    : pop	r13                   
45266000: system.cpu: T0 : 0x47f674 @_dl_lookup_symbol_x+436    : pop	r14                   
45266000: system.cpu: T0 : 0x47f676 @_dl_lookup_symbol_x+438    : pop	r15                   
45266000: system.cpu: T0 : 0x47f678 @_dl_lookup_symbol_x+440    : ret	                      
45269000: system.cpu: T0 : 0x4543ab @_dl_non_dynamic_init+1467    : mov	rcx, SS:[t0 + rsp + 0x28]
45269000: system.cpu: T0 : 0x4543b0 @_dl_non_dynamic_init+1472    : pop	r9                    
45269000: system.cpu: T0 : 0x4543b2 @_dl_non_dynamic_init+1474    : pop	r10                   
45269000: system.cpu: T0 : 0x4543b4 @_dl_non_dynamic_init+1476    : test	rcx                  
45270000: system.cpu: T0 : 0x4543b7 @_dl_non_dynamic_init+1479    : jz	0x523                  
45286000: system.cpu: T0 : 0x4548e0 @_dl_non_dynamic_init+2800    : mov	rsi, DS:[rip + 0x769c1]
45286000: system.cpu: T0 : 0x4548e7 @_dl_non_dynamic_init+2807    : xor	eax                   
45286000: system.cpu: T0 : 0x4548e9 @_dl_non_dynamic_init+2809    : jmp	0xfffffffffffffaf1    
45366000: system.cpu: T0 : 0x4543df @_dl_non_dynamic_init+1519    : mov	DS:[rip + 0x6f692], rax
45366000: system.cpu: T0 : 0x4543e6 @_dl_non_dynamic_init+1526    : test	rsi                  
45366000: system.cpu: T0 : 0x4543e9 @_dl_non_dynamic_init+1529    : jz	0x432                  
45366000: system.cpu: T0 : 0x4543ef @_dl_non_dynamic_init+1535    : pxor	XMM0                 
45367000: system.cpu: T0 : 0x4543f3 @_dl_non_dynamic_init+1539    : mov	SS:[t0 + rsp + 0x40], r15
45367000: system.cpu: T0 : 0x4543f8 @_dl_non_dynamic_init+1544    : mov	r13                   
45367000: system.cpu: T0 : 0x4543fb @_dl_non_dynamic_init+1547    : xor	r9d                   
45462000: system.cpu: T0 : 0x4543fe @_dl_non_dynamic_init+1550    : movaps	SS:[t0 + rsp + 0x20], XMM0
45462000: system.cpu: T0 : 0x454403 @_dl_non_dynamic_init+1555    : lea	rcx, DS:[rsi + 0x3a0] 
45462000: system.cpu: T0 : 0x45440a @_dl_non_dynamic_init+1562    : mov	r12                   
45462000: system.cpu: T0 : 0x45440d @_dl_non_dynamic_init+1565    : mov	rax, 0x103ae75f6      
45462000: system.cpu: T0 : 0x454417 @_dl_non_dynamic_init+1575    : mov	SS:[t0 + rsp + 0x30], 0
45462000: system.cpu: T0 : 0x454420 @_dl_non_dynamic_init+1584    : lea	rdi, DS:[rip + 0x48a20]
45463000: system.cpu: T0 : 0x454427 @_dl_non_dynamic_init+1591    : mov	SS:[t0 + rsp + 0x24], 0x20
45463000: system.cpu: T0 : 0x45442c @_dl_non_dynamic_init+1596    : mov	SS:[t0 + rsp + 0x48], rax
45463000: system.cpu: T0 : 0x454431 @_dl_non_dynamic_init+1601    : mov	SS:[t0 + rsp + 0x50], 0
45463000: system.cpu: T0 : 0x45443a @_dl_non_dynamic_init+1610    : mov	SS:[t0 + rsp + 0x18], r14
45558000: system.cpu: T0 : 0x45443f @_dl_non_dynamic_init+1615    : push	0                    
45558000: system.cpu: T0 : 0x454441 @_dl_non_dynamic_init+1617    : push	0                    
45558000: system.cpu: T0 : 0x454443 @_dl_non_dynamic_init+1619    : call	0x2b078              
45564000: system.cpu: T0 : 0x47f4c0 @_dl_lookup_symbol_x    : hint	                     
45564000: system.cpu: T0 : 0x47f4c4 @_dl_lookup_symbol_x+4    : push	r15                  
45564000: system.cpu: T0 : 0x47f4c6 @_dl_lookup_symbol_x+6    : push	r14                  
45564000: system.cpu: T0 : 0x47f4c8 @_dl_lookup_symbol_x+8    : push	r13                  
45564000: system.cpu: T0 : 0x47f4ca @_dl_lookup_symbol_x+10    : push	r12                  
45565000: system.cpu: T0 : 0x47f4cc @_dl_lookup_symbol_x+12    : mov	rdi                   
45565000: system.cpu: T0 : 0x47f4cf @_dl_lookup_symbol_x+15    : push	rbp                  
45565000: system.cpu: T0 : 0x47f4d0 @_dl_lookup_symbol_x+16    : mov	rdx                   
45565000: system.cpu: T0 : 0x47f4d3 @_dl_lookup_symbol_x+19    : push	rbx                  
45565000: system.cpu: T0 : 0x47f4d4 @_dl_lookup_symbol_x+20    : sub	rsp, 0x88             
45566000: system.cpu: T0 : 0x47f4db @_dl_lookup_symbol_x+27    : mov	rax, SS:[t0 + rsp + 0xc0]
45566000: system.cpu: T0 : 0x47f4e2 @_dl_lookup_symbol_x+34    : mov	SS:[t0 + rsp + 0x10], rsi
45566000: system.cpu: T0 : 0x47f4e7 @_dl_lookup_symbol_x+39    : mov	SS:[t0 + rsp + 0x20], rcx
45566000: system.cpu: T0 : 0x47f4ec @_dl_lookup_symbol_x+44    : and	eax, 0x2              
45566000: system.cpu: T0 : 0x47f4ef @_dl_lookup_symbol_x+47    : mov	SS:[t0 + rsp + 0x8], r8
45566000: system.cpu: T0 : 0x47f4f4 @_dl_lookup_symbol_x+52    : mov	SS:[t0 + rsp + 0x30], rax
45567000: system.cpu: T0 : 0x47f4f8 @_dl_lookup_symbol_x+56    : mov	rax, SS:[t0 + rsp + 0xc0]
45569000: system.cpu: T0 : 0x47f4ff @_dl_lookup_symbol_x+63    : mov	SS:[t0 + rsp + 0x18], r9
45569000: system.cpu: T0 : 0x47f504 @_dl_lookup_symbol_x+68    : and	eax, 0x8              
45569000: system.cpu: T0 : 0x47f507 @_dl_lookup_symbol_x+71    : mov	SS:[t0 + rsp + 0x38], rax
45569000: system.cpu: T0 : 0x47f50b @_dl_lookup_symbol_x+75    : mov	rax, SS:[t0 + rsp + 0xc0]
45569000: system.cpu: T0 : 0x47f512 @_dl_lookup_symbol_x+82    : and	eax, 0x4              
45569000: system.cpu: T0 : 0x47f515 @_dl_lookup_symbol_x+85    : mov	SS:[t0 + rsp + 0x34], rax
45570000: system.cpu: T0 : 0x47f519 @_dl_lookup_symbol_x+89    : movzx	edx, DS:[t0 + r12]  
45570000: system.cpu: T0 : 0x47f51e @_dl_lookup_symbol_x+94    : test	dl                   
45570000: system.cpu: T0 : 0x47f520 @_dl_lookup_symbol_x+96    : jz	0x212                  
45570000: system.cpu: T0 : 0x47f526 @_dl_lookup_symbol_x+102    : mov	r12                   
45570000: system.cpu: T0 : 0x47f529 @_dl_lookup_symbol_x+105    : mov	ebx, 0x1505           
45571000: system.cpu: T0 : 0x47f52e @_dl_lookup_symbol_x+110    :   NOP                      : IntAlu : 
45571000: system.cpu: T0 : 0x47f530 @_dl_lookup_symbol_x+112    : mov	rbx                   
45571000: system.cpu: T0 : 0x47f533 @_dl_lookup_symbol_x+115    : add	rcx, 0x1              
45571000: system.cpu: T0 : 0x47f537 @_dl_lookup_symbol_x+119    : sal	0x5                   
45571000: system.cpu: T0 : 0x47f53b @_dl_lookup_symbol_x+123    : add	rax                   
45573000: system.cpu: T0 : 0x47f53e @_dl_lookup_symbol_x+126    : add	rdx                   
45573000: system.cpu: T0 : 0x47f541 @_dl_lookup_symbol_x+129    : movzx	edx, DS:[rcx]       
45573000: system.cpu: T0 : 0x47f544 @_dl_lookup_symbol_x+132    : test	dl                   
45573000: system.cpu: T0 : 0x47f546 @_dl_lookup_symbol_x+134    : jnz	0xffffffffffffffe8    
45575000: system.cpu: T0 : 0x47f530 @_dl_lookup_symbol_x+112    : mov	rbx                   
45575000: system.cpu: T0 : 0x47f533 @_dl_lookup_symbol_x+115    : add	rcx, 0x1              
45575000: system.cpu: T0 : 0x47f537 @_dl_lookup_symbol_x+119    : sal	0x5                   
45575000: system.cpu: T0 : 0x47f53b @_dl_lookup_symbol_x+123    : add	rax                   
45577000: system.cpu: T0 : 0x47f53e @_dl_lookup_symbol_x+126    : add	rdx                   
45577000: system.cpu: T0 : 0x47f541 @_dl_lookup_symbol_x+129    : movzx	edx, DS:[rcx]       
45577000: system.cpu: T0 : 0x47f544 @_dl_lookup_symbol_x+132    : test	dl                   
45577000: system.cpu: T0 : 0x47f546 @_dl_lookup_symbol_x+134    : jnz	0xffffffffffffffe8    
45579000: system.cpu: T0 : 0x47f530 @_dl_lookup_symbol_x+112    : mov	rbx                   
45579000: system.cpu: T0 : 0x47f533 @_dl_lookup_symbol_x+115    : add	rcx, 0x1              
45579000: system.cpu: T0 : 0x47f537 @_dl_lookup_symbol_x+119    : sal	0x5                   
45579000: system.cpu: T0 : 0x47f53b @_dl_lookup_symbol_x+123    : add	rax                   
45581000: system.cpu: T0 : 0x47f53e @_dl_lookup_symbol_x+126    : add	rdx                   
45581000: system.cpu: T0 : 0x47f541 @_dl_lookup_symbol_x+129    : movzx	edx, DS:[rcx]       
45581000: system.cpu: T0 : 0x47f544 @_dl_lookup_symbol_x+132    : test	dl                   
45581000: system.cpu: T0 : 0x47f546 @_dl_lookup_symbol_x+134    : jnz	0xffffffffffffffe8    
45583000: system.cpu: T0 : 0x47f530 @_dl_lookup_symbol_x+112    : mov	rbx                   
45583000: system.cpu: T0 : 0x47f533 @_dl_lookup_symbol_x+115    : add	rcx, 0x1              
45583000: system.cpu: T0 : 0x47f537 @_dl_lookup_symbol_x+119    : sal	0x5                   
45583000: system.cpu: T0 : 0x47f53b @_dl_lookup_symbol_x+123    : add	rax                   
45585000: system.cpu: T0 : 0x47f53e @_dl_lookup_symbol_x+126    : add	rdx                   
45585000: system.cpu: T0 : 0x47f541 @_dl_lookup_symbol_x+129    : movzx	edx, DS:[rcx]       
45585000: system.cpu: T0 : 0x47f544 @_dl_lookup_symbol_x+132    : test	dl                   
45585000: system.cpu: T0 : 0x47f546 @_dl_lookup_symbol_x+134    : jnz	0xffffffffffffffe8    
45587000: system.cpu: T0 : 0x47f530 @_dl_lookup_symbol_x+112    : mov	rbx                   
45587000: system.cpu: T0 : 0x47f533 @_dl_lookup_symbol_x+115    : add	rcx, 0x1              
45587000: system.cpu: T0 : 0x47f537 @_dl_lookup_symbol_x+119    : sal	0x5                   
45587000: system.cpu: T0 : 0x47f53b @_dl_lookup_symbol_x+123    : add	rax                   
45589000: system.cpu: T0 : 0x47f53e @_dl_lookup_symbol_x+126    : add	rdx                   
45589000: system.cpu: T0 : 0x47f541 @_dl_lookup_symbol_x+129    : movzx	edx, DS:[rcx]       
45589000: system.cpu: T0 : 0x47f544 @_dl_lookup_symbol_x+132    : test	dl                   
45589000: system.cpu: T0 : 0x47f546 @_dl_lookup_symbol_x+134    : jnz	0xffffffffffffffe8    
45591000: system.cpu: T0 : 0x47f530 @_dl_lookup_symbol_x+112    : mov	rbx                   
45591000: system.cpu: T0 : 0x47f533 @_dl_lookup_symbol_x+115    : add	rcx, 0x1              
45591000: system.cpu: T0 : 0x47f537 @_dl_lookup_symbol_x+119    : sal	0x5                   
45591000: system.cpu: T0 : 0x47f53b @_dl_lookup_symbol_x+123    : add	rax                   
45593000: system.cpu: T0 : 0x47f53e @_dl_lookup_symbol_x+126    : add	rdx                   
45593000: system.cpu: T0 : 0x47f541 @_dl_lookup_symbol_x+129    : movzx	edx, DS:[rcx]       
45593000: system.cpu: T0 : 0x47f544 @_dl_lookup_symbol_x+132    : test	dl                   
45593000: system.cpu: T0 : 0x47f546 @_dl_lookup_symbol_x+134    : jnz	0xffffffffffffffe8    
45595000: system.cpu: T0 : 0x47f530 @_dl_lookup_symbol_x+112    : mov	rbx                   
45595000: system.cpu: T0 : 0x47f533 @_dl_lookup_symbol_x+115    : add	rcx, 0x1              
45595000: system.cpu: T0 : 0x47f537 @_dl_lookup_symbol_x+119    : sal	0x5                   
45595000: system.cpu: T0 : 0x47f53b @_dl_lookup_symbol_x+123    : add	rax                   
45597000: system.cpu: T0 : 0x47f53e @_dl_lookup_symbol_x+126    : add	rdx                   
45597000: system.cpu: T0 : 0x47f541 @_dl_lookup_symbol_x+129    : movzx	edx, DS:[rcx]       
45597000: system.cpu: T0 : 0x47f544 @_dl_lookup_symbol_x+132    : test	dl                   
45597000: system.cpu: T0 : 0x47f546 @_dl_lookup_symbol_x+134    : jnz	0xffffffffffffffe8    
45599000: system.cpu: T0 : 0x47f530 @_dl_lookup_symbol_x+112    : mov	rbx                   
45599000: system.cpu: T0 : 0x47f533 @_dl_lookup_symbol_x+115    : add	rcx, 0x1              
45599000: system.cpu: T0 : 0x47f537 @_dl_lookup_symbol_x+119    : sal	0x5                   
45599000: system.cpu: T0 : 0x47f53b @_dl_lookup_symbol_x+123    : add	rax                   
45601000: system.cpu: T0 : 0x47f53e @_dl_lookup_symbol_x+126    : add	rdx                   
45601000: system.cpu: T0 : 0x47f541 @_dl_lookup_symbol_x+129    : movzx	edx, DS:[rcx]       
45601000: system.cpu: T0 : 0x47f544 @_dl_lookup_symbol_x+132    : test	dl                   
45601000: system.cpu: T0 : 0x47f546 @_dl_lookup_symbol_x+134    : jnz	0xffffffffffffffe8    
45603000: system.cpu: T0 : 0x47f530 @_dl_lookup_symbol_x+112    : mov	rbx                   
45603000: system.cpu: T0 : 0x47f533 @_dl_lookup_symbol_x+115    : add	rcx, 0x1              
45603000: system.cpu: T0 : 0x47f537 @_dl_lookup_symbol_x+119    : sal	0x5                   
45603000: system.cpu: T0 : 0x47f53b @_dl_lookup_symbol_x+123    : add	rax                   
45605000: system.cpu: T0 : 0x47f53e @_dl_lookup_symbol_x+126    : add	rdx                   
45605000: system.cpu: T0 : 0x47f541 @_dl_lookup_symbol_x+129    : movzx	edx, DS:[rcx]       
45605000: system.cpu: T0 : 0x47f544 @_dl_lookup_symbol_x+132    : test	dl                   
45605000: system.cpu: T0 : 0x47f546 @_dl_lookup_symbol_x+134    : jnz	0xffffffffffffffe8    
45607000: system.cpu: T0 : 0x47f530 @_dl_lookup_symbol_x+112    : mov	rbx                   
45607000: system.cpu: T0 : 0x47f533 @_dl_lookup_symbol_x+115    : add	rcx, 0x1              
45607000: system.cpu: T0 : 0x47f537 @_dl_lookup_symbol_x+119    : sal	0x5                   
45607000: system.cpu: T0 : 0x47f53b @_dl_lookup_symbol_x+123    : add	rax                   
45609000: system.cpu: T0 : 0x47f53e @_dl_lookup_symbol_x+126    : add	rdx                   
45609000: system.cpu: T0 : 0x47f541 @_dl_lookup_symbol_x+129    : movzx	edx, DS:[rcx]       
45609000: system.cpu: T0 : 0x47f544 @_dl_lookup_symbol_x+132    : test	dl                   
45609000: system.cpu: T0 : 0x47f546 @_dl_lookup_symbol_x+134    : jnz	0xffffffffffffffe8    
45611000: system.cpu: T0 : 0x47f530 @_dl_lookup_symbol_x+112    : mov	rbx                   
45611000: system.cpu: T0 : 0x47f533 @_dl_lookup_symbol_x+115    : add	rcx, 0x1              
45611000: system.cpu: T0 : 0x47f537 @_dl_lookup_symbol_x+119    : sal	0x5                   
45611000: system.cpu: T0 : 0x47f53b @_dl_lookup_symbol_x+123    : add	rax                   
45613000: system.cpu: T0 : 0x47f53e @_dl_lookup_symbol_x+126    : add	rdx                   
45613000: system.cpu: T0 : 0x47f541 @_dl_lookup_symbol_x+129    : movzx	edx, DS:[rcx]       
45613000: system.cpu: T0 : 0x47f544 @_dl_lookup_symbol_x+132    : test	dl                   
45613000: system.cpu: T0 : 0x47f546 @_dl_lookup_symbol_x+134    : jnz	0xffffffffffffffe8    
45615000: system.cpu: T0 : 0x47f530 @_dl_lookup_symbol_x+112    : mov	rbx                   
45615000: system.cpu: T0 : 0x47f533 @_dl_lookup_symbol_x+115    : add	rcx, 0x1              
45615000: system.cpu: T0 : 0x47f537 @_dl_lookup_symbol_x+119    : sal	0x5                   
45615000: system.cpu: T0 : 0x47f53b @_dl_lookup_symbol_x+123    : add	rax                   
45617000: system.cpu: T0 : 0x47f53e @_dl_lookup_symbol_x+126    : add	rdx                   
45617000: system.cpu: T0 : 0x47f541 @_dl_lookup_symbol_x+129    : movzx	edx, DS:[rcx]       
45617000: system.cpu: T0 : 0x47f544 @_dl_lookup_symbol_x+132    : test	dl                   
45617000: system.cpu: T0 : 0x47f546 @_dl_lookup_symbol_x+134    : jnz	0xffffffffffffffe8    
45619000: system.cpu: T0 : 0x47f530 @_dl_lookup_symbol_x+112    : mov	rbx                   
45619000: system.cpu: T0 : 0x47f533 @_dl_lookup_symbol_x+115    : add	rcx, 0x1              
45619000: system.cpu: T0 : 0x47f537 @_dl_lookup_symbol_x+119    : sal	0x5                   
45619000: system.cpu: T0 : 0x47f53b @_dl_lookup_symbol_x+123    : add	rax                   
45621000: system.cpu: T0 : 0x47f53e @_dl_lookup_symbol_x+126    : add	rdx                   
45621000: system.cpu: T0 : 0x47f541 @_dl_lookup_symbol_x+129    : movzx	edx, DS:[rcx]       
45621000: system.cpu: T0 : 0x47f544 @_dl_lookup_symbol_x+132    : test	dl                   
45621000: system.cpu: T0 : 0x47f546 @_dl_lookup_symbol_x+134    : jnz	0xffffffffffffffe8    
45638000: system.cpu: T0 : 0x47f548 @_dl_lookup_symbol_x+136    : mov	ebx                   
45638000: system.cpu: T0 : 0x47f54a @_dl_lookup_symbol_x+138    : mov	eax, 0xffffffffffffffff
45638000: system.cpu: T0 : 0x47f54f @_dl_lookup_symbol_x+143    : pxor	XMM0                 
45638000: system.cpu: T0 : 0x47f553 @_dl_lookup_symbol_x+147    : cmp	SS:[t0 + rsp + 0x8], 0
45638000: system.cpu: T0 : 0x47f559 @_dl_lookup_symbol_x+153    : mov	SS:[t0 + rsp + 0x48], rax
45639000: system.cpu: T0 : 0x47f55e @_dl_lookup_symbol_x+158    : movaps	SS:[t0 + rsp + 0x50], XMM0
45639000: system.cpu: T0 : 0x47f563 @_dl_lookup_symbol_x+163    : jz	0xe                    
45639000: system.cpu: T0 : 0x47f565 @_dl_lookup_symbol_x+165    : mov	r13, SS:[t0 + rsp + 0x30]
45639000: system.cpu: T0 : 0x47f56a @_dl_lookup_symbol_x+170    : test	r13d                 
45639000: system.cpu: T0 : 0x47f56d @_dl_lookup_symbol_x+173    : jnz	0x90c                 
45640000: system.cpu: T0 : 0x47f573 @_dl_lookup_symbol_x+179    : cmp	SS:[t0 + rsp + 0xc8], 0
45642000: system.cpu: T0 : 0x47f57c @_dl_lookup_symbol_x+188    : mov	rax, SS:[t0 + rsp + 0x20]
45642000: system.cpu: T0 : 0x47f581 @_dl_lookup_symbol_x+193    : mov	r9, DS:[rax]          
45642000: system.cpu: T0 : 0x47f584 @_dl_lookup_symbol_x+196    : jnz	0x1e6                 
45642000: system.cpu: T0 : 0x47f58a @_dl_lookup_symbol_x+202    : test	r9                   
45642000: system.cpu: T0 : 0x47f58d @_dl_lookup_symbol_x+205    : jz	0x1af                  
45643000: system.cpu: T0 : 0x47f593 @_dl_lookup_symbol_x+211    : mov	SS:[t0 + rsp + 0x28], 0
45643000: system.cpu: T0 : 0x47f59c @_dl_lookup_symbol_x+220    : mov	rax                   
45643000: system.cpu: T0 : 0x47f59f @_dl_lookup_symbol_x+223    : mov	rax, SS:[t0 + rsp + 0x28]
45643000: system.cpu: T0 : 0x47f5a4 @_dl_lookup_symbol_x+228    : lea	r15, SS:[t0 + rsp + 0x50]
45643000: system.cpu: T0 : 0x47f5a9 @_dl_lookup_symbol_x+233    : lea	r14, SS:[t0 + rsp + 0x48]
45643000: system.cpu: T0 : 0x47f5ae @_dl_lookup_symbol_x+238    : jmp	0xf                   
45647000: system.cpu: T0 : 0x47f5bf @_dl_lookup_symbol_x+255    : push	SS:[t0 + rsp + 0x10] 
45647000: system.cpu: T0 : 0x47f5c3 @_dl_lookup_symbol_x+259    : mov	rsi, SS:[t0 + rsp + 0x20]
45647000: system.cpu: T0 : 0x47f5c7 @_dl_lookup_symbol_x+263    : mov	r15                   
45647000: system.cpu: T0 : 0x47f5ca @_dl_lookup_symbol_x+266    : mov	r14                   
45647000: system.cpu: T0 : 0x47f5cd @_dl_lookup_symbol_x+269    : mov	rcx, SS:[rbp]         
45647000: system.cpu: T0 : 0x47f5d1 @_dl_lookup_symbol_x+273    : push	rsi                  
45648000: system.cpu: T0 : 0x47f5d2 @_dl_lookup_symbol_x+274    : mov	rbx                   
45648000: system.cpu: T0 : 0x47f5d5 @_dl_lookup_symbol_x+277    : push	SS:[t0 + rsp + 0xd8] 
45648000: system.cpu: T0 : 0x47f5dc @_dl_lookup_symbol_x+284    : mov	rdi, SS:[t0 + rsp + 0xd8]
45648000: system.cpu: T0 : 0x47f5e3 @_dl_lookup_symbol_x+291    : push	rdi                  
45649000: system.cpu: T0 : 0x47f5e4 @_dl_lookup_symbol_x+292    : mov	r12                   
45649000: system.cpu: T0 : 0x47f5e7 @_dl_lookup_symbol_x+295    : push	SS:[t0 + rsp + 0x28] 
45649000: system.cpu: T0 : 0x47f5eb @_dl_lookup_symbol_x+299    : push	rax                  
45649000: system.cpu: T0 : 0x47f5ec @_dl_lookup_symbol_x+300    : call	0xfffffffffffff1ff   
45652000: system.cpu: T0 : 0x47e7f0 @do_lookup_x    : push	r15                  
45652000: system.cpu: T0 : 0x47e7f2 @do_lookup_x+2    : mov	rdi                   
45652000: system.cpu: T0 : 0x47e7f5 @do_lookup_x+5    : push	r14                  
45652000: system.cpu: T0 : 0x47e7f7 @do_lookup_x+7    : push	r13                  
45652000: system.cpu: T0 : 0x47e7f9 @do_lookup_x+9    : push	r12                  
45653000: system.cpu: T0 : 0x47e7fb @do_lookup_x+11    : push	rbp                  
45653000: system.cpu: T0 : 0x47e7fc @do_lookup_x+12    : push	rbx                  
45655000: system.cpu: T0 : 0x47e7fd @do_lookup_x+13    : sub	rsp, 0x98             
45655000: system.cpu: T0 : 0x47e804 @do_lookup_x+20    : mov	r12d, DS:[r9 + 0x8]   
45655000: system.cpu: T0 : 0x47e808 @do_lookup_x+24    : mov	SS:[t0 + rsp + 0x48], r8
45655000: system.cpu: T0 : 0x47e80d @do_lookup_x+29    : mov	rbp, SS:[t0 + rsp + 0xd0]
45655000: system.cpu: T0 : 0x47e815 @do_lookup_x+37    : mov	SS:[t0 + rsp + 0x50], rdx
45655000: system.cpu: T0 : 0x47e81a @do_lookup_x+42    : mov	r8, SS:[t0 + rsp + 0xf0]
45655000: system.cpu: T0 : 0x47e822 @do_lookup_x+50    : mov	SS:[t0 + rsp + 0x40], rcx
45656000: system.cpu: T0 : 0x47e827 @do_lookup_x+55    : mov	rsi                   
45656000: system.cpu: T0 : 0x47e82a @do_lookup_x+58    : mov	r8d                   
45656000: system.cpu: T0 : 0x47e82d @do_lookup_x+61    : mov	SS:[t0 + rsp + 0x30], r11
45656000: system.cpu: T0 : 0x47e832 @do_lookup_x+66    : mov	r14, DS:[r9]          
45656000: system.cpu: T0 : 0x47e835 @do_lookup_x+69    : shr	0x6                   
45656000: system.cpu: T0 : 0x47e839 @do_lookup_x+73    : and	eax, 0x2              
45658000: system.cpu: T0 : 0x47e83c @do_lookup_x+76    : mov	SS:[t0 + rsp + 0x8], rsi
45658000: system.cpu: T0 : 0x47e841 @do_lookup_x+81    : mov	r11, SS:[t0 + rsp + 0xe8]
45658000: system.cpu: T0 : 0x47e849 @do_lookup_x+89    : mov	SS:[t0 + rsp + 0x18], rdi
45658000: system.cpu: T0 : 0x47e84e @do_lookup_x+94    : mov	r8d                   
45658000: system.cpu: T0 : 0x47e851 @do_lookup_x+97    : mov	eax                   
45658000: system.cpu: T0 : 0x47e854 @do_lookup_x+100    : and	edi, 0x1              
45658000: system.cpu: T0 : 0x47e857 @do_lookup_x+103    : mov	SS:[t0 + rsp + 0x5c], rax
45659000: system.cpu: T0 : 0x47e85b @do_lookup_x+107    : mov	SS:[t0 + rsp + 0x60], rdi
45659000: system.cpu: T0 : 0x47e85f @do_lookup_x+111    : lea	rdi, SS:[t0 + rsp + 0x84]
45659000: system.cpu: T0 : 0x47e867 @do_lookup_x+119    : mov	SS:[t0 + rsp + 0x10], rdi
45659000: system.cpu: T0 : 0x47e86c @do_lookup_x+124    : jmp	0xa7                  
45661000: system.cpu: T0 : 0x47e918 @do_lookup_x+296    : mov	rax, DS:[8*rbp + r14] 
45661000: system.cpu: T0 : 0x47e91c @do_lookup_x+300    : mov	rbx, DS:[rax + 0x28]  
45661000: system.cpu: T0 : 0x47e920 @do_lookup_x+304    : cmp	r11                   
45661000: system.cpu: T0 : 0x47e923 @do_lookup_x+307    : jz	0xffffffffffffffe6     
45661000: system.cpu: T0 : 0x47e925 @do_lookup_x+309    : test	r15d                 
45661000: system.cpu: T0 : 0x47e928 @do_lookup_x+312    : jz	0x9                    
45663000: system.cpu: T0 : 0x47e933 @do_lookup_x+323    : test	DS:[rbx + 0x31e], 0x2
45663000: system.cpu: T0 : 0x47e93a @do_lookup_x+330    : jnz	0xffffffffffffffcf    
45665000: system.cpu: T0 : 0x47e93c @do_lookup_x+332    : test	DS:[rip + 0x4cc61], 0x8
45665000: system.cpu: T0 : 0x47e943 @do_lookup_x+339    : jz	0xffffffffffffff2f     
45667000: system.cpu: T0 : 0x47e878 @do_lookup_x+136    : mov	edx, DS:[rbx + 0x2f4] 
45667000: system.cpu: T0 : 0x47e87e @do_lookup_x+142    : test	edx                  
45669000: system.cpu: T0 : 0x47e880 @do_lookup_x+144    : jz	0x85                   
45671000: system.cpu: T0 : 0x47e90b @do_lookup_x+283    : add	rbp, 0x1              
45671000: system.cpu: T0 : 0x47e90f @do_lookup_x+287    : cmp	rbp                   
45671000: system.cpu: T0 : 0x47e912 @do_lookup_x+290    : jbe	0x2e8                 
45673000: system.cpu: T0 : 0x47ec00 @do_lookup_x+1040    : xor	eax                   
45673000: system.cpu: T0 : 0x47ec02 @do_lookup_x+1042    : add	rsp, 0x98             
45673000: system.cpu: T0 : 0x47ec09 @do_lookup_x+1049    : pop	rbx                   
45673000: system.cpu: T0 : 0x47ec0a @do_lookup_x+1050    : pop	rbp                   
45674000: system.cpu: T0 : 0x47ec0b @do_lookup_x+1051    : pop	r12                   
45674000: system.cpu: T0 : 0x47ec0d @do_lookup_x+1053    : pop	r13                   
45674000: system.cpu: T0 : 0x47ec0f @do_lookup_x+1055    : pop	r14                   
45675000: system.cpu: T0 : 0x47ec11 @do_lookup_x+1057    : pop	r15                   
45675000: system.cpu: T0 : 0x47ec13 @do_lookup_x+1059    : ret	                      
45677000: system.cpu: T0 : 0x47f5f1 @_dl_lookup_symbol_x+305    : add	rsp, 0x30             
45677000: system.cpu: T0 : 0x47f5f5 @_dl_lookup_symbol_x+309    : test	eax                  
45677000: system.cpu: T0 : 0x47f5f7 @_dl_lookup_symbol_x+311    : jz	0xffffffffffffffb7     
45679000: system.cpu: T0 : 0x47f5b0 @_dl_lookup_symbol_x+240    : mov	r9, DS:[r13 + 0x8]    
45679000: system.cpu: T0 : 0x47f5b4 @_dl_lookup_symbol_x+244    : add	r13, 0x8              
45679000: system.cpu: T0 : 0x47f5b8 @_dl_lookup_symbol_x+248    : xor	eax                   
45679000: system.cpu: T0 : 0x47f5ba @_dl_lookup_symbol_x+250    : test	r9                   
45679000: system.cpu: T0 : 0x47f5bd @_dl_lookup_symbol_x+253    : jz	0x3a                   
45681000: system.cpu: T0 : 0x47f5f9 @_dl_lookup_symbol_x+313    : mov	rcx, SS:[rbp]         
45683000: system.cpu: T0 : 0x47f5fd @_dl_lookup_symbol_x+317    : mov	rdx, SS:[t0 + rsp + 0x50]
45683000: system.cpu: T0 : 0x47f602 @_dl_lookup_symbol_x+322    : mov	rcx                   
45683000: system.cpu: T0 : 0x47f605 @_dl_lookup_symbol_x+325    : test	rdx                  
45683000: system.cpu: T0 : 0x47f608 @_dl_lookup_symbol_x+328    : jz	0x138                  
45685000: system.cpu: T0 : 0x47f746 @_dl_lookup_symbol_x+646    : test	rax                  
45685000: system.cpu: T0 : 0x47f749 @_dl_lookup_symbol_x+649    : jz	0xb                    
45685000: system.cpu: T0 : 0x47f74b @_dl_lookup_symbol_x+651    : movzx	eax, DS:[rax + 0x4] 
45685000: system.cpu: T0 : 0x47f74f @_dl_lookup_symbol_x+655    : shr	0x4                   
45685000: system.cpu: T0 : 0x47f752 @_dl_lookup_symbol_x+658    : cmp	al, 0x2               
45686000: system.cpu: T0 : 0x47f754 @_dl_lookup_symbol_x+660    : jz	0xd                    
45687000: system.cpu: T0 : 0x47f763 @_dl_lookup_symbol_x+675    : xor	r10d                  
45687000: system.cpu: T0 : 0x47f766 @_dl_lookup_symbol_x+678    : xor	r13d                  
45687000: system.cpu: T0 : 0x47f769 @_dl_lookup_symbol_x+681    : jmp	0xfffffffffffffef2    
45689000: system.cpu: T0 : 0x47f660 @_dl_lookup_symbol_x+416    : mov	SS:[rbp], r10         
45689000: system.cpu: T0 : 0x47f664 @_dl_lookup_symbol_x+420    : add	rsp, 0x88             
45689000: system.cpu: T0 : 0x47f66b @_dl_lookup_symbol_x+427    : mov	r13                   
45689000: system.cpu: T0 : 0x47f66e @_dl_lookup_symbol_x+430    : pop	rbx                   
45689000: system.cpu: T0 : 0x47f66f @_dl_lookup_symbol_x+431    : pop	rbp                   
45690000: system.cpu: T0 : 0x47f670 @_dl_lookup_symbol_x+432    : pop	r12                   
45690000: system.cpu: T0 : 0x47f672 @_dl_lookup_symbol_x+434    : pop	r13                   
45691000: system.cpu: T0 : 0x47f674 @_dl_lookup_symbol_x+436    : pop	r14                   
45691000: system.cpu: T0 : 0x47f676 @_dl_lookup_symbol_x+438    : pop	r15                   
45691000: system.cpu: T0 : 0x47f678 @_dl_lookup_symbol_x+440    : ret	                      
45694000: system.cpu: T0 : 0x454448 @_dl_non_dynamic_init+1624    : mov	rcx, SS:[t0 + rsp + 0x28]
45694000: system.cpu: T0 : 0x45444d @_dl_non_dynamic_init+1629    : pop	rdi                   
45694000: system.cpu: T0 : 0x45444e @_dl_non_dynamic_init+1630    : pop	r8                    
45694000: system.cpu: T0 : 0x454450 @_dl_non_dynamic_init+1632    : test	rcx                  
45695000: system.cpu: T0 : 0x454453 @_dl_non_dynamic_init+1635    : jz	0x467                  
45711000: system.cpu: T0 : 0x4548c0 @_dl_non_dynamic_init+2768    : mov	rsi, DS:[rip + 0x769e1]
45711000: system.cpu: T0 : 0x4548c7 @_dl_non_dynamic_init+2775    : xor	eax                   
45711000: system.cpu: T0 : 0x4548c9 @_dl_non_dynamic_init+2777    : jmp	0xfffffffffffffbad    
45793000: system.cpu: T0 : 0x45447b @_dl_non_dynamic_init+1675    : mov	DS:[rip + 0x6f5ee], rax
45793000: system.cpu: T0 : 0x454482 @_dl_non_dynamic_init+1682    : test	rsi                  
45793000: system.cpu: T0 : 0x454485 @_dl_non_dynamic_init+1685    : jz	0x3a1                  
45793000: system.cpu: T0 : 0x45448b @_dl_non_dynamic_init+1691    : pxor	XMM0                 
45794000: system.cpu: T0 : 0x45448f @_dl_non_dynamic_init+1695    : mov	SS:[t0 + rsp + 0x40], r15
45794000: system.cpu: T0 : 0x454494 @_dl_non_dynamic_init+1700    : mov	r12                   
45794000: system.cpu: T0 : 0x454497 @_dl_non_dynamic_init+1703    : xor	r9d                   
45794000: system.cpu: T0 : 0x45449a @_dl_non_dynamic_init+1706    : movaps	SS:[t0 + rsp + 0x20], XMM0
45794000: system.cpu: T0 : 0x45449f @_dl_non_dynamic_init+1711    : lea	rcx, DS:[rsi + 0x3a0] 
45794000: system.cpu: T0 : 0x4544a6 @_dl_non_dynamic_init+1718    : mov	rax, 0x103ae75f6      
45794000: system.cpu: T0 : 0x4544b0 @_dl_non_dynamic_init+1728    : mov	r13                   
45795000: system.cpu: T0 : 0x4544b3 @_dl_non_dynamic_init+1731    : mov	SS:[t0 + rsp + 0x30], 0
45890000: system.cpu: T0 : 0x4544bc @_dl_non_dynamic_init+1740    : lea	rdi, DS:[rip + 0x48992]
45890000: system.cpu: T0 : 0x4544c3 @_dl_non_dynamic_init+1747    : mov	SS:[t0 + rsp + 0x24], 0x20
45890000: system.cpu: T0 : 0x4544c8 @_dl_non_dynamic_init+1752    : mov	SS:[t0 + rsp + 0x48], rax
45890000: system.cpu: T0 : 0x4544cd @_dl_non_dynamic_init+1757    : mov	SS:[t0 + rsp + 0x50], 0
45890000: system.cpu: T0 : 0x4544d6 @_dl_non_dynamic_init+1766    : mov	SS:[t0 + rsp + 0x18], r14
45891000: system.cpu: T0 : 0x4544db @_dl_non_dynamic_init+1771    : push	0                    
45891000: system.cpu: T0 : 0x4544dd @_dl_non_dynamic_init+1773    : push	0                    
45891000: system.cpu: T0 : 0x4544df @_dl_non_dynamic_init+1775    : call	0x2afdc              
45897000: system.cpu: T0 : 0x47f4c0 @_dl_lookup_symbol_x    : hint	                     
45897000: system.cpu: T0 : 0x47f4c4 @_dl_lookup_symbol_x+4    : push	r15                  
45897000: system.cpu: T0 : 0x47f4c6 @_dl_lookup_symbol_x+6    : push	r14                  
45897000: system.cpu: T0 : 0x47f4c8 @_dl_lookup_symbol_x+8    : push	r13                  
45897000: system.cpu: T0 : 0x47f4ca @_dl_lookup_symbol_x+10    : push	r12                  
45898000: system.cpu: T0 : 0x47f4cc @_dl_lookup_symbol_x+12    : mov	rdi                   
45898000: system.cpu: T0 : 0x47f4cf @_dl_lookup_symbol_x+15    : push	rbp                  
45898000: system.cpu: T0 : 0x47f4d0 @_dl_lookup_symbol_x+16    : mov	rdx                   
45898000: system.cpu: T0 : 0x47f4d3 @_dl_lookup_symbol_x+19    : push	rbx                  
45898000: system.cpu: T0 : 0x47f4d4 @_dl_lookup_symbol_x+20    : sub	rsp, 0x88             
45899000: system.cpu: T0 : 0x47f4db @_dl_lookup_symbol_x+27    : mov	rax, SS:[t0 + rsp + 0xc0]
45899000: system.cpu: T0 : 0x47f4e2 @_dl_lookup_symbol_x+34    : mov	SS:[t0 + rsp + 0x10], rsi
45899000: system.cpu: T0 : 0x47f4e7 @_dl_lookup_symbol_x+39    : mov	SS:[t0 + rsp + 0x20], rcx
45899000: system.cpu: T0 : 0x47f4ec @_dl_lookup_symbol_x+44    : and	eax, 0x2              
45899000: system.cpu: T0 : 0x47f4ef @_dl_lookup_symbol_x+47    : mov	SS:[t0 + rsp + 0x8], r8
45899000: system.cpu: T0 : 0x47f4f4 @_dl_lookup_symbol_x+52    : mov	SS:[t0 + rsp + 0x30], rax
45900000: system.cpu: T0 : 0x47f4f8 @_dl_lookup_symbol_x+56    : mov	rax, SS:[t0 + rsp + 0xc0]
45902000: system.cpu: T0 : 0x47f4ff @_dl_lookup_symbol_x+63    : mov	SS:[t0 + rsp + 0x18], r9
45902000: system.cpu: T0 : 0x47f504 @_dl_lookup_symbol_x+68    : and	eax, 0x8              
45902000: system.cpu: T0 : 0x47f507 @_dl_lookup_symbol_x+71    : mov	SS:[t0 + rsp + 0x38], rax
45902000: system.cpu: T0 : 0x47f50b @_dl_lookup_symbol_x+75    : mov	rax, SS:[t0 + rsp + 0xc0]
45902000: system.cpu: T0 : 0x47f512 @_dl_lookup_symbol_x+82    : and	eax, 0x4              
45902000: system.cpu: T0 : 0x47f515 @_dl_lookup_symbol_x+85    : mov	SS:[t0 + rsp + 0x34], rax
45903000: system.cpu: T0 : 0x47f519 @_dl_lookup_symbol_x+89    : movzx	edx, DS:[t0 + r12]  
45903000: system.cpu: T0 : 0x47f51e @_dl_lookup_symbol_x+94    : test	dl                   
45903000: system.cpu: T0 : 0x47f520 @_dl_lookup_symbol_x+96    : jz	0x212                  
45903000: system.cpu: T0 : 0x47f526 @_dl_lookup_symbol_x+102    : mov	r12                   
45903000: system.cpu: T0 : 0x47f529 @_dl_lookup_symbol_x+105    : mov	ebx, 0x1505           
45904000: system.cpu: T0 : 0x47f52e @_dl_lookup_symbol_x+110    :   NOP                      : IntAlu : 
45904000: system.cpu: T0 : 0x47f530 @_dl_lookup_symbol_x+112    : mov	rbx                   
45904000: system.cpu: T0 : 0x47f533 @_dl_lookup_symbol_x+115    : add	rcx, 0x1              
45904000: system.cpu: T0 : 0x47f537 @_dl_lookup_symbol_x+119    : sal	0x5                   
45904000: system.cpu: T0 : 0x47f53b @_dl_lookup_symbol_x+123    : add	rax                   
45906000: system.cpu: T0 : 0x47f53e @_dl_lookup_symbol_x+126    : add	rdx                   
45906000: system.cpu: T0 : 0x47f541 @_dl_lookup_symbol_x+129    : movzx	edx, DS:[rcx]       
45906000: system.cpu: T0 : 0x47f544 @_dl_lookup_symbol_x+132    : test	dl                   
45906000: system.cpu: T0 : 0x47f546 @_dl_lookup_symbol_x+134    : jnz	0xffffffffffffffe8    
45908000: system.cpu: T0 : 0x47f530 @_dl_lookup_symbol_x+112    : mov	rbx                   
45908000: system.cpu: T0 : 0x47f533 @_dl_lookup_symbol_x+115    : add	rcx, 0x1              
45908000: system.cpu: T0 : 0x47f537 @_dl_lookup_symbol_x+119    : sal	0x5                   
45908000: system.cpu: T0 : 0x47f53b @_dl_lookup_symbol_x+123    : add	rax                   
45910000: system.cpu: T0 : 0x47f53e @_dl_lookup_symbol_x+126    : add	rdx                   
45910000: system.cpu: T0 : 0x47f541 @_dl_lookup_symbol_x+129    : movzx	edx, DS:[rcx]       
45910000: system.cpu: T0 : 0x47f544 @_dl_lookup_symbol_x+132    : test	dl                   
45910000: system.cpu: T0 : 0x47f546 @_dl_lookup_symbol_x+134    : jnz	0xffffffffffffffe8    
45912000: system.cpu: T0 : 0x47f530 @_dl_lookup_symbol_x+112    : mov	rbx                   
45912000: system.cpu: T0 : 0x47f533 @_dl_lookup_symbol_x+115    : add	rcx, 0x1              
45912000: system.cpu: T0 : 0x47f537 @_dl_lookup_symbol_x+119    : sal	0x5                   
45912000: system.cpu: T0 : 0x47f53b @_dl_lookup_symbol_x+123    : add	rax                   
45914000: system.cpu: T0 : 0x47f53e @_dl_lookup_symbol_x+126    : add	rdx                   
45914000: system.cpu: T0 : 0x47f541 @_dl_lookup_symbol_x+129    : movzx	edx, DS:[rcx]       
45914000: system.cpu: T0 : 0x47f544 @_dl_lookup_symbol_x+132    : test	dl                   
45914000: system.cpu: T0 : 0x47f546 @_dl_lookup_symbol_x+134    : jnz	0xffffffffffffffe8    
45916000: system.cpu: T0 : 0x47f530 @_dl_lookup_symbol_x+112    : mov	rbx                   
45916000: system.cpu: T0 : 0x47f533 @_dl_lookup_symbol_x+115    : add	rcx, 0x1              
45916000: system.cpu: T0 : 0x47f537 @_dl_lookup_symbol_x+119    : sal	0x5                   
45916000: system.cpu: T0 : 0x47f53b @_dl_lookup_symbol_x+123    : add	rax                   
45918000: system.cpu: T0 : 0x47f53e @_dl_lookup_symbol_x+126    : add	rdx                   
45918000: system.cpu: T0 : 0x47f541 @_dl_lookup_symbol_x+129    : movzx	edx, DS:[rcx]       
45918000: system.cpu: T0 : 0x47f544 @_dl_lookup_symbol_x+132    : test	dl                   
45918000: system.cpu: T0 : 0x47f546 @_dl_lookup_symbol_x+134    : jnz	0xffffffffffffffe8    
45920000: system.cpu: T0 : 0x47f530 @_dl_lookup_symbol_x+112    : mov	rbx                   
45920000: system.cpu: T0 : 0x47f533 @_dl_lookup_symbol_x+115    : add	rcx, 0x1              
45920000: system.cpu: T0 : 0x47f537 @_dl_lookup_symbol_x+119    : sal	0x5                   
45920000: system.cpu: T0 : 0x47f53b @_dl_lookup_symbol_x+123    : add	rax                   
45922000: system.cpu: T0 : 0x47f53e @_dl_lookup_symbol_x+126    : add	rdx                   
45922000: system.cpu: T0 : 0x47f541 @_dl_lookup_symbol_x+129    : movzx	edx, DS:[rcx]       
45922000: system.cpu: T0 : 0x47f544 @_dl_lookup_symbol_x+132    : test	dl                   
45922000: system.cpu: T0 : 0x47f546 @_dl_lookup_symbol_x+134    : jnz	0xffffffffffffffe8    
45924000: system.cpu: T0 : 0x47f530 @_dl_lookup_symbol_x+112    : mov	rbx                   
45924000: system.cpu: T0 : 0x47f533 @_dl_lookup_symbol_x+115    : add	rcx, 0x1              
45924000: system.cpu: T0 : 0x47f537 @_dl_lookup_symbol_x+119    : sal	0x5                   
45924000: system.cpu: T0 : 0x47f53b @_dl_lookup_symbol_x+123    : add	rax                   
45926000: system.cpu: T0 : 0x47f53e @_dl_lookup_symbol_x+126    : add	rdx                   
45926000: system.cpu: T0 : 0x47f541 @_dl_lookup_symbol_x+129    : movzx	edx, DS:[rcx]       
45926000: system.cpu: T0 : 0x47f544 @_dl_lookup_symbol_x+132    : test	dl                   
45926000: system.cpu: T0 : 0x47f546 @_dl_lookup_symbol_x+134    : jnz	0xffffffffffffffe8    
45928000: system.cpu: T0 : 0x47f530 @_dl_lookup_symbol_x+112    : mov	rbx                   
45928000: system.cpu: T0 : 0x47f533 @_dl_lookup_symbol_x+115    : add	rcx, 0x1              
45928000: system.cpu: T0 : 0x47f537 @_dl_lookup_symbol_x+119    : sal	0x5                   
45928000: system.cpu: T0 : 0x47f53b @_dl_lookup_symbol_x+123    : add	rax                   
45930000: system.cpu: T0 : 0x47f53e @_dl_lookup_symbol_x+126    : add	rdx                   
45930000: system.cpu: T0 : 0x47f541 @_dl_lookup_symbol_x+129    : movzx	edx, DS:[rcx]       
45930000: system.cpu: T0 : 0x47f544 @_dl_lookup_symbol_x+132    : test	dl                   
45930000: system.cpu: T0 : 0x47f546 @_dl_lookup_symbol_x+134    : jnz	0xffffffffffffffe8    
45932000: system.cpu: T0 : 0x47f530 @_dl_lookup_symbol_x+112    : mov	rbx                   
45932000: system.cpu: T0 : 0x47f533 @_dl_lookup_symbol_x+115    : add	rcx, 0x1              
45932000: system.cpu: T0 : 0x47f537 @_dl_lookup_symbol_x+119    : sal	0x5                   
45932000: system.cpu: T0 : 0x47f53b @_dl_lookup_symbol_x+123    : add	rax                   
45934000: system.cpu: T0 : 0x47f53e @_dl_lookup_symbol_x+126    : add	rdx                   
45934000: system.cpu: T0 : 0x47f541 @_dl_lookup_symbol_x+129    : movzx	edx, DS:[rcx]       
45934000: system.cpu: T0 : 0x47f544 @_dl_lookup_symbol_x+132    : test	dl                   
45934000: system.cpu: T0 : 0x47f546 @_dl_lookup_symbol_x+134    : jnz	0xffffffffffffffe8    
45936000: system.cpu: T0 : 0x47f530 @_dl_lookup_symbol_x+112    : mov	rbx                   
45936000: system.cpu: T0 : 0x47f533 @_dl_lookup_symbol_x+115    : add	rcx, 0x1              
45936000: system.cpu: T0 : 0x47f537 @_dl_lookup_symbol_x+119    : sal	0x5                   
45936000: system.cpu: T0 : 0x47f53b @_dl_lookup_symbol_x+123    : add	rax                   
45938000: system.cpu: T0 : 0x47f53e @_dl_lookup_symbol_x+126    : add	rdx                   
45938000: system.cpu: T0 : 0x47f541 @_dl_lookup_symbol_x+129    : movzx	edx, DS:[rcx]       
45938000: system.cpu: T0 : 0x47f544 @_dl_lookup_symbol_x+132    : test	dl                   
45938000: system.cpu: T0 : 0x47f546 @_dl_lookup_symbol_x+134    : jnz	0xffffffffffffffe8    
45940000: system.cpu: T0 : 0x47f530 @_dl_lookup_symbol_x+112    : mov	rbx                   
45940000: system.cpu: T0 : 0x47f533 @_dl_lookup_symbol_x+115    : add	rcx, 0x1              
45940000: system.cpu: T0 : 0x47f537 @_dl_lookup_symbol_x+119    : sal	0x5                   
45940000: system.cpu: T0 : 0x47f53b @_dl_lookup_symbol_x+123    : add	rax                   
45942000: system.cpu: T0 : 0x47f53e @_dl_lookup_symbol_x+126    : add	rdx                   
45942000: system.cpu: T0 : 0x47f541 @_dl_lookup_symbol_x+129    : movzx	edx, DS:[rcx]       
45942000: system.cpu: T0 : 0x47f544 @_dl_lookup_symbol_x+132    : test	dl                   
45942000: system.cpu: T0 : 0x47f546 @_dl_lookup_symbol_x+134    : jnz	0xffffffffffffffe8    
45944000: system.cpu: T0 : 0x47f530 @_dl_lookup_symbol_x+112    : mov	rbx                   
45944000: system.cpu: T0 : 0x47f533 @_dl_lookup_symbol_x+115    : add	rcx, 0x1              
45944000: system.cpu: T0 : 0x47f537 @_dl_lookup_symbol_x+119    : sal	0x5                   
45944000: system.cpu: T0 : 0x47f53b @_dl_lookup_symbol_x+123    : add	rax                   
45946000: system.cpu: T0 : 0x47f53e @_dl_lookup_symbol_x+126    : add	rdx                   
45946000: system.cpu: T0 : 0x47f541 @_dl_lookup_symbol_x+129    : movzx	edx, DS:[rcx]       
45946000: system.cpu: T0 : 0x47f544 @_dl_lookup_symbol_x+132    : test	dl                   
45946000: system.cpu: T0 : 0x47f546 @_dl_lookup_symbol_x+134    : jnz	0xffffffffffffffe8    
45948000: system.cpu: T0 : 0x47f530 @_dl_lookup_symbol_x+112    : mov	rbx                   
45948000: system.cpu: T0 : 0x47f533 @_dl_lookup_symbol_x+115    : add	rcx, 0x1              
45948000: system.cpu: T0 : 0x47f537 @_dl_lookup_symbol_x+119    : sal	0x5                   
45948000: system.cpu: T0 : 0x47f53b @_dl_lookup_symbol_x+123    : add	rax                   
45950000: system.cpu: T0 : 0x47f53e @_dl_lookup_symbol_x+126    : add	rdx                   
45950000: system.cpu: T0 : 0x47f541 @_dl_lookup_symbol_x+129    : movzx	edx, DS:[rcx]       
45950000: system.cpu: T0 : 0x47f544 @_dl_lookup_symbol_x+132    : test	dl                   
45950000: system.cpu: T0 : 0x47f546 @_dl_lookup_symbol_x+134    : jnz	0xffffffffffffffe8    
45952000: system.cpu: T0 : 0x47f530 @_dl_lookup_symbol_x+112    : mov	rbx                   
45952000: system.cpu: T0 : 0x47f533 @_dl_lookup_symbol_x+115    : add	rcx, 0x1              
45952000: system.cpu: T0 : 0x47f537 @_dl_lookup_symbol_x+119    : sal	0x5                   
45952000: system.cpu: T0 : 0x47f53b @_dl_lookup_symbol_x+123    : add	rax                   
45954000: system.cpu: T0 : 0x47f53e @_dl_lookup_symbol_x+126    : add	rdx                   
45954000: system.cpu: T0 : 0x47f541 @_dl_lookup_symbol_x+129    : movzx	edx, DS:[rcx]       
45954000: system.cpu: T0 : 0x47f544 @_dl_lookup_symbol_x+132    : test	dl                   
45954000: system.cpu: T0 : 0x47f546 @_dl_lookup_symbol_x+134    : jnz	0xffffffffffffffe8    
45956000: system.cpu: T0 : 0x47f530 @_dl_lookup_symbol_x+112    : mov	rbx                   
45956000: system.cpu: T0 : 0x47f533 @_dl_lookup_symbol_x+115    : add	rcx, 0x1              
45956000: system.cpu: T0 : 0x47f537 @_dl_lookup_symbol_x+119    : sal	0x5                   
45956000: system.cpu: T0 : 0x47f53b @_dl_lookup_symbol_x+123    : add	rax                   
45958000: system.cpu: T0 : 0x47f53e @_dl_lookup_symbol_x+126    : add	rdx                   
45958000: system.cpu: T0 : 0x47f541 @_dl_lookup_symbol_x+129    : movzx	edx, DS:[rcx]       
45958000: system.cpu: T0 : 0x47f544 @_dl_lookup_symbol_x+132    : test	dl                   
45958000: system.cpu: T0 : 0x47f546 @_dl_lookup_symbol_x+134    : jnz	0xffffffffffffffe8    
45960000: system.cpu: T0 : 0x47f530 @_dl_lookup_symbol_x+112    : mov	rbx                   
45960000: system.cpu: T0 : 0x47f533 @_dl_lookup_symbol_x+115    : add	rcx, 0x1              
45960000: system.cpu: T0 : 0x47f537 @_dl_lookup_symbol_x+119    : sal	0x5                   
45960000: system.cpu: T0 : 0x47f53b @_dl_lookup_symbol_x+123    : add	rax                   
45962000: system.cpu: T0 : 0x47f53e @_dl_lookup_symbol_x+126    : add	rdx                   
45962000: system.cpu: T0 : 0x47f541 @_dl_lookup_symbol_x+129    : movzx	edx, DS:[rcx]       
45962000: system.cpu: T0 : 0x47f544 @_dl_lookup_symbol_x+132    : test	dl                   
45962000: system.cpu: T0 : 0x47f546 @_dl_lookup_symbol_x+134    : jnz	0xffffffffffffffe8    
45964000: system.cpu: T0 : 0x47f530 @_dl_lookup_symbol_x+112    : mov	rbx                   
45964000: system.cpu: T0 : 0x47f533 @_dl_lookup_symbol_x+115    : add	rcx, 0x1              
45964000: system.cpu: T0 : 0x47f537 @_dl_lookup_symbol_x+119    : sal	0x5                   
45964000: system.cpu: T0 : 0x47f53b @_dl_lookup_symbol_x+123    : add	rax                   
45966000: system.cpu: T0 : 0x47f53e @_dl_lookup_symbol_x+126    : add	rdx                   
45966000: system.cpu: T0 : 0x47f541 @_dl_lookup_symbol_x+129    : movzx	edx, DS:[rcx]       
45966000: system.cpu: T0 : 0x47f544 @_dl_lookup_symbol_x+132    : test	dl                   
45966000: system.cpu: T0 : 0x47f546 @_dl_lookup_symbol_x+134    : jnz	0xffffffffffffffe8    
45968000: system.cpu: T0 : 0x47f530 @_dl_lookup_symbol_x+112    : mov	rbx                   
45968000: system.cpu: T0 : 0x47f533 @_dl_lookup_symbol_x+115    : add	rcx, 0x1              
45968000: system.cpu: T0 : 0x47f537 @_dl_lookup_symbol_x+119    : sal	0x5                   
45968000: system.cpu: T0 : 0x47f53b @_dl_lookup_symbol_x+123    : add	rax                   
45970000: system.cpu: T0 : 0x47f53e @_dl_lookup_symbol_x+126    : add	rdx                   
45970000: system.cpu: T0 : 0x47f541 @_dl_lookup_symbol_x+129    : movzx	edx, DS:[rcx]       
45970000: system.cpu: T0 : 0x47f544 @_dl_lookup_symbol_x+132    : test	dl                   
45970000: system.cpu: T0 : 0x47f546 @_dl_lookup_symbol_x+134    : jnz	0xffffffffffffffe8    
45972000: system.cpu: T0 : 0x47f530 @_dl_lookup_symbol_x+112    : mov	rbx                   
45972000: system.cpu: T0 : 0x47f533 @_dl_lookup_symbol_x+115    : add	rcx, 0x1              
45972000: system.cpu: T0 : 0x47f537 @_dl_lookup_symbol_x+119    : sal	0x5                   
45972000: system.cpu: T0 : 0x47f53b @_dl_lookup_symbol_x+123    : add	rax                   
45974000: system.cpu: T0 : 0x47f53e @_dl_lookup_symbol_x+126    : add	rdx                   
45974000: system.cpu: T0 : 0x47f541 @_dl_lookup_symbol_x+129    : movzx	edx, DS:[rcx]       
45974000: system.cpu: T0 : 0x47f544 @_dl_lookup_symbol_x+132    : test	dl                   
45974000: system.cpu: T0 : 0x47f546 @_dl_lookup_symbol_x+134    : jnz	0xffffffffffffffe8    
45976000: system.cpu: T0 : 0x47f530 @_dl_lookup_symbol_x+112    : mov	rbx                   
45976000: system.cpu: T0 : 0x47f533 @_dl_lookup_symbol_x+115    : add	rcx, 0x1              
45976000: system.cpu: T0 : 0x47f537 @_dl_lookup_symbol_x+119    : sal	0x5                   
45976000: system.cpu: T0 : 0x47f53b @_dl_lookup_symbol_x+123    : add	rax                   
45978000: system.cpu: T0 : 0x47f53e @_dl_lookup_symbol_x+126    : add	rdx                   
45978000: system.cpu: T0 : 0x47f541 @_dl_lookup_symbol_x+129    : movzx	edx, DS:[rcx]       
45978000: system.cpu: T0 : 0x47f544 @_dl_lookup_symbol_x+132    : test	dl                   
45978000: system.cpu: T0 : 0x47f546 @_dl_lookup_symbol_x+134    : jnz	0xffffffffffffffe8    
45996000: system.cpu: T0 : 0x47f548 @_dl_lookup_symbol_x+136    : mov	ebx                   
45996000: system.cpu: T0 : 0x47f54a @_dl_lookup_symbol_x+138    : mov	eax, 0xffffffffffffffff
45996000: system.cpu: T0 : 0x47f54f @_dl_lookup_symbol_x+143    : pxor	XMM0                 
45996000: system.cpu: T0 : 0x47f553 @_dl_lookup_symbol_x+147    : cmp	SS:[t0 + rsp + 0x8], 0
45996000: system.cpu: T0 : 0x47f559 @_dl_lookup_symbol_x+153    : mov	SS:[t0 + rsp + 0x48], rax
45997000: system.cpu: T0 : 0x47f55e @_dl_lookup_symbol_x+158    : movaps	SS:[t0 + rsp + 0x50], XMM0
45997000: system.cpu: T0 : 0x47f563 @_dl_lookup_symbol_x+163    : jz	0xe                    
45997000: system.cpu: T0 : 0x47f565 @_dl_lookup_symbol_x+165    : mov	r13, SS:[t0 + rsp + 0x30]
45997000: system.cpu: T0 : 0x47f56a @_dl_lookup_symbol_x+170    : test	r13d                 
45997000: system.cpu: T0 : 0x47f56d @_dl_lookup_symbol_x+173    : jnz	0x90c                 
45998000: system.cpu: T0 : 0x47f573 @_dl_lookup_symbol_x+179    : cmp	SS:[t0 + rsp + 0xc8], 0
46000000: system.cpu: T0 : 0x47f57c @_dl_lookup_symbol_x+188    : mov	rax, SS:[t0 + rsp + 0x20]
46000000: system.cpu: T0 : 0x47f581 @_dl_lookup_symbol_x+193    : mov	r9, DS:[rax]          
46000000: system.cpu: T0 : 0x47f584 @_dl_lookup_symbol_x+196    : jnz	0x1e6                 
46000000: system.cpu: T0 : 0x47f58a @_dl_lookup_symbol_x+202    : test	r9                   
46000000: system.cpu: T0 : 0x47f58d @_dl_lookup_symbol_x+205    : jz	0x1af                  
46001000: system.cpu: T0 : 0x47f593 @_dl_lookup_symbol_x+211    : mov	SS:[t0 + rsp + 0x28], 0
46001000: system.cpu: T0 : 0x47f59c @_dl_lookup_symbol_x+220    : mov	rax                   
46001000: system.cpu: T0 : 0x47f59f @_dl_lookup_symbol_x+223    : mov	rax, SS:[t0 + rsp + 0x28]
46001000: system.cpu: T0 : 0x47f5a4 @_dl_lookup_symbol_x+228    : lea	r15, SS:[t0 + rsp + 0x50]
46001000: system.cpu: T0 : 0x47f5a9 @_dl_lookup_symbol_x+233    : lea	r14, SS:[t0 + rsp + 0x48]
46001000: system.cpu: T0 : 0x47f5ae @_dl_lookup_symbol_x+238    : jmp	0xf                   
46005000: system.cpu: T0 : 0x47f5bf @_dl_lookup_symbol_x+255    : push	SS:[t0 + rsp + 0x10] 
46005000: system.cpu: T0 : 0x47f5c3 @_dl_lookup_symbol_x+259    : mov	rsi, SS:[t0 + rsp + 0x20]
46005000: system.cpu: T0 : 0x47f5c7 @_dl_lookup_symbol_x+263    : mov	r15                   
46005000: system.cpu: T0 : 0x47f5ca @_dl_lookup_symbol_x+266    : mov	r14                   
46005000: system.cpu: T0 : 0x47f5cd @_dl_lookup_symbol_x+269    : mov	rcx, SS:[rbp]         
46005000: system.cpu: T0 : 0x47f5d1 @_dl_lookup_symbol_x+273    : push	rsi                  
46006000: system.cpu: T0 : 0x47f5d2 @_dl_lookup_symbol_x+274    : mov	rbx                   
46006000: system.cpu: T0 : 0x47f5d5 @_dl_lookup_symbol_x+277    : push	SS:[t0 + rsp + 0xd8] 
46006000: system.cpu: T0 : 0x47f5dc @_dl_lookup_symbol_x+284    : mov	rdi, SS:[t0 + rsp + 0xd8]
46006000: system.cpu: T0 : 0x47f5e3 @_dl_lookup_symbol_x+291    : push	rdi                  
46007000: system.cpu: T0 : 0x47f5e4 @_dl_lookup_symbol_x+292    : mov	r12                   
46007000: system.cpu: T0 : 0x47f5e7 @_dl_lookup_symbol_x+295    : push	SS:[t0 + rsp + 0x28] 
46007000: system.cpu: T0 : 0x47f5eb @_dl_lookup_symbol_x+299    : push	rax                  
46007000: system.cpu: T0 : 0x47f5ec @_dl_lookup_symbol_x+300    : call	0xfffffffffffff1ff   
46010000: system.cpu: T0 : 0x47e7f0 @do_lookup_x    : push	r15                  
46010000: system.cpu: T0 : 0x47e7f2 @do_lookup_x+2    : mov	rdi                   
46010000: system.cpu: T0 : 0x47e7f5 @do_lookup_x+5    : push	r14                  
46010000: system.cpu: T0 : 0x47e7f7 @do_lookup_x+7    : push	r13                  
46010000: system.cpu: T0 : 0x47e7f9 @do_lookup_x+9    : push	r12                  
46011000: system.cpu: T0 : 0x47e7fb @do_lookup_x+11    : push	rbp                  
46011000: system.cpu: T0 : 0x47e7fc @do_lookup_x+12    : push	rbx                  
46013000: system.cpu: T0 : 0x47e7fd @do_lookup_x+13    : sub	rsp, 0x98             
46013000: system.cpu: T0 : 0x47e804 @do_lookup_x+20    : mov	r12d, DS:[r9 + 0x8]   
46013000: system.cpu: T0 : 0x47e808 @do_lookup_x+24    : mov	SS:[t0 + rsp + 0x48], r8
46013000: system.cpu: T0 : 0x47e80d @do_lookup_x+29    : mov	rbp, SS:[t0 + rsp + 0xd0]
46013000: system.cpu: T0 : 0x47e815 @do_lookup_x+37    : mov	SS:[t0 + rsp + 0x50], rdx
46013000: system.cpu: T0 : 0x47e81a @do_lookup_x+42    : mov	r8, SS:[t0 + rsp + 0xf0]
46013000: system.cpu: T0 : 0x47e822 @do_lookup_x+50    : mov	SS:[t0 + rsp + 0x40], rcx
46014000: system.cpu: T0 : 0x47e827 @do_lookup_x+55    : mov	rsi                   
46014000: system.cpu: T0 : 0x47e82a @do_lookup_x+58    : mov	r8d                   
46014000: system.cpu: T0 : 0x47e82d @do_lookup_x+61    : mov	SS:[t0 + rsp + 0x30], r11
46014000: system.cpu: T0 : 0x47e832 @do_lookup_x+66    : mov	r14, DS:[r9]          
46014000: system.cpu: T0 : 0x47e835 @do_lookup_x+69    : shr	0x6                   
46014000: system.cpu: T0 : 0x47e839 @do_lookup_x+73    : and	eax, 0x2              
46016000: system.cpu: T0 : 0x47e83c @do_lookup_x+76    : mov	SS:[t0 + rsp + 0x8], rsi
46016000: system.cpu: T0 : 0x47e841 @do_lookup_x+81    : mov	r11, SS:[t0 + rsp + 0xe8]
46016000: system.cpu: T0 : 0x47e849 @do_lookup_x+89    : mov	SS:[t0 + rsp + 0x18], rdi
46016000: system.cpu: T0 : 0x47e84e @do_lookup_x+94    : mov	r8d                   
46016000: system.cpu: T0 : 0x47e851 @do_lookup_x+97    : mov	eax                   
46016000: system.cpu: T0 : 0x47e854 @do_lookup_x+100    : and	edi, 0x1              
46016000: system.cpu: T0 : 0x47e857 @do_lookup_x+103    : mov	SS:[t0 + rsp + 0x5c], rax
46017000: system.cpu: T0 : 0x47e85b @do_lookup_x+107    : mov	SS:[t0 + rsp + 0x60], rdi
46017000: system.cpu: T0 : 0x47e85f @do_lookup_x+111    : lea	rdi, SS:[t0 + rsp + 0x84]
46017000: system.cpu: T0 : 0x47e867 @do_lookup_x+119    : mov	SS:[t0 + rsp + 0x10], rdi
46017000: system.cpu: T0 : 0x47e86c @do_lookup_x+124    : jmp	0xa7                  
46019000: system.cpu: T0 : 0x47e918 @do_lookup_x+296    : mov	rax, DS:[8*rbp + r14] 
46019000: system.cpu: T0 : 0x47e91c @do_lookup_x+300    : mov	rbx, DS:[rax + 0x28]  
46019000: system.cpu: T0 : 0x47e920 @do_lookup_x+304    : cmp	r11                   
46019000: system.cpu: T0 : 0x47e923 @do_lookup_x+307    : jz	0xffffffffffffffe6     
46019000: system.cpu: T0 : 0x47e925 @do_lookup_x+309    : test	r15d                 
46019000: system.cpu: T0 : 0x47e928 @do_lookup_x+312    : jz	0x9                    
46021000: system.cpu: T0 : 0x47e933 @do_lookup_x+323    : test	DS:[rbx + 0x31e], 0x2
46021000: system.cpu: T0 : 0x47e93a @do_lookup_x+330    : jnz	0xffffffffffffffcf    
46023000: system.cpu: T0 : 0x47e93c @do_lookup_x+332    : test	DS:[rip + 0x4cc61], 0x8
46023000: system.cpu: T0 : 0x47e943 @do_lookup_x+339    : jz	0xffffffffffffff2f     
46025000: system.cpu: T0 : 0x47e878 @do_lookup_x+136    : mov	edx, DS:[rbx + 0x2f4] 
46025000: system.cpu: T0 : 0x47e87e @do_lookup_x+142    : test	edx                  
46027000: system.cpu: T0 : 0x47e880 @do_lookup_x+144    : jz	0x85                   
46029000: system.cpu: T0 : 0x47e90b @do_lookup_x+283    : add	rbp, 0x1              
46029000: system.cpu: T0 : 0x47e90f @do_lookup_x+287    : cmp	rbp                   
46029000: system.cpu: T0 : 0x47e912 @do_lookup_x+290    : jbe	0x2e8                 
46031000: system.cpu: T0 : 0x47ec00 @do_lookup_x+1040    : xor	eax                   
46031000: system.cpu: T0 : 0x47ec02 @do_lookup_x+1042    : add	rsp, 0x98             
46031000: system.cpu: T0 : 0x47ec09 @do_lookup_x+1049    : pop	rbx                   
46031000: system.cpu: T0 : 0x47ec0a @do_lookup_x+1050    : pop	rbp                   
46032000: system.cpu: T0 : 0x47ec0b @do_lookup_x+1051    : pop	r12                   
46032000: system.cpu: T0 : 0x47ec0d @do_lookup_x+1053    : pop	r13                   
46032000: system.cpu: T0 : 0x47ec0f @do_lookup_x+1055    : pop	r14                   
46033000: system.cpu: T0 : 0x47ec11 @do_lookup_x+1057    : pop	r15                   
46033000: system.cpu: T0 : 0x47ec13 @do_lookup_x+1059    : ret	                      
46035000: system.cpu: T0 : 0x47f5f1 @_dl_lookup_symbol_x+305    : add	rsp, 0x30             
46035000: system.cpu: T0 : 0x47f5f5 @_dl_lookup_symbol_x+309    : test	eax                  
46035000: system.cpu: T0 : 0x47f5f7 @_dl_lookup_symbol_x+311    : jz	0xffffffffffffffb7     
46037000: system.cpu: T0 : 0x47f5b0 @_dl_lookup_symbol_x+240    : mov	r9, DS:[r13 + 0x8]    
46037000: system.cpu: T0 : 0x47f5b4 @_dl_lookup_symbol_x+244    : add	r13, 0x8              
46037000: system.cpu: T0 : 0x47f5b8 @_dl_lookup_symbol_x+248    : xor	eax                   
46037000: system.cpu: T0 : 0x47f5ba @_dl_lookup_symbol_x+250    : test	r9                   
46037000: system.cpu: T0 : 0x47f5bd @_dl_lookup_symbol_x+253    : jz	0x3a                   
46039000: system.cpu: T0 : 0x47f5f9 @_dl_lookup_symbol_x+313    : mov	rcx, SS:[rbp]         
46041000: system.cpu: T0 : 0x47f5fd @_dl_lookup_symbol_x+317    : mov	rdx, SS:[t0 + rsp + 0x50]
46041000: system.cpu: T0 : 0x47f602 @_dl_lookup_symbol_x+322    : mov	rcx                   
46041000: system.cpu: T0 : 0x47f605 @_dl_lookup_symbol_x+325    : test	rdx                  
46041000: system.cpu: T0 : 0x47f608 @_dl_lookup_symbol_x+328    : jz	0x138                  
46043000: system.cpu: T0 : 0x47f746 @_dl_lookup_symbol_x+646    : test	rax                  
46043000: system.cpu: T0 : 0x47f749 @_dl_lookup_symbol_x+649    : jz	0xb                    
46043000: system.cpu: T0 : 0x47f74b @_dl_lookup_symbol_x+651    : movzx	eax, DS:[rax + 0x4] 
46043000: system.cpu: T0 : 0x47f74f @_dl_lookup_symbol_x+655    : shr	0x4                   
46043000: system.cpu: T0 : 0x47f752 @_dl_lookup_symbol_x+658    : cmp	al, 0x2               
46044000: system.cpu: T0 : 0x47f754 @_dl_lookup_symbol_x+660    : jz	0xd                    
46045000: system.cpu: T0 : 0x47f763 @_dl_lookup_symbol_x+675    : xor	r10d                  
46045000: system.cpu: T0 : 0x47f766 @_dl_lookup_symbol_x+678    : xor	r13d                  
46045000: system.cpu: T0 : 0x47f769 @_dl_lookup_symbol_x+681    : jmp	0xfffffffffffffef2    
46047000: system.cpu: T0 : 0x47f660 @_dl_lookup_symbol_x+416    : mov	SS:[rbp], r10         
46047000: system.cpu: T0 : 0x47f664 @_dl_lookup_symbol_x+420    : add	rsp, 0x88             
46047000: system.cpu: T0 : 0x47f66b @_dl_lookup_symbol_x+427    : mov	r13                   
46047000: system.cpu: T0 : 0x47f66e @_dl_lookup_symbol_x+430    : pop	rbx                   
46047000: system.cpu: T0 : 0x47f66f @_dl_lookup_symbol_x+431    : pop	rbp                   
46048000: system.cpu: T0 : 0x47f670 @_dl_lookup_symbol_x+432    : pop	r12                   
46048000: system.cpu: T0 : 0x47f672 @_dl_lookup_symbol_x+434    : pop	r13                   
46049000: system.cpu: T0 : 0x47f674 @_dl_lookup_symbol_x+436    : pop	r14                   
46049000: system.cpu: T0 : 0x47f676 @_dl_lookup_symbol_x+438    : pop	r15                   
46049000: system.cpu: T0 : 0x47f678 @_dl_lookup_symbol_x+440    : ret	                      
46052000: system.cpu: T0 : 0x4544e4 @_dl_non_dynamic_init+1780    : mov	rdx, SS:[t0 + rsp + 0x28]
46052000: system.cpu: T0 : 0x4544e9 @_dl_non_dynamic_init+1785    : pop	rcx                   
46052000: system.cpu: T0 : 0x4544ea @_dl_non_dynamic_init+1786    : pop	rsi                   
46052000: system.cpu: T0 : 0x4544eb @_dl_non_dynamic_init+1787    : test	rdx                  
46053000: system.cpu: T0 : 0x4544ee @_dl_non_dynamic_init+1790    : jz	0x338                  
46069000: system.cpu: T0 : 0x45482c @_dl_non_dynamic_init+2620    : xor	eax                   
46069000: system.cpu: T0 : 0x45482e @_dl_non_dynamic_init+2622    : jmp	0xfffffffffffffcdc    
46150000: system.cpu: T0 : 0x45450f @_dl_non_dynamic_init+1823    : lea	rbp, DS:[rip + 0x48953]
46150000: system.cpu: T0 : 0x454516 @_dl_non_dynamic_init+1830    : mov	DS:[rip + 0x6f54b], rax
46150000: system.cpu: T0 : 0x45451d @_dl_non_dynamic_init+1837    : mov	rbp                   
46150000: system.cpu: T0 : 0x454520 @_dl_non_dynamic_init+1840    : call	0xfffffffffffb610b   
46156000: system.cpu: T0 : 0x40a630 @getenv    : hint	                     
46156000: system.cpu: T0 : 0x40a634 @getenv+4    : push	r15                  
46156000: system.cpu: T0 : 0x40a636 @getenv+6    : push	r14                  
46156000: system.cpu: T0 : 0x40a638 @getenv+8    : push	r13                  
46156000: system.cpu: T0 : 0x40a63a @getenv+10    : push	r12                  
46157000: system.cpu: T0 : 0x40a63c @getenv+12    : push	rbp                  
46157000: system.cpu: T0 : 0x40a63d @getenv+13    : push	rbx                  
46183000: system.cpu: T0 : 0x40a63e @getenv+14    : sub	rsp, 0x8              
46183000: system.cpu: T0 : 0x40a642 @getenv+18    : mov	rbx, DS:[rip + 0xc0bf7]
46183000: system.cpu: T0 : 0x40a649 @getenv+25    : test	rbx                  
46183000: system.cpu: T0 : 0x40a64c @getenv+28    : jz	0xbe                   
46184000: system.cpu: T0 : 0x40a652 @getenv+34    : movzx	eax, DS:[rdi]       
46184000: system.cpu: T0 : 0x40a655 @getenv+37    : mov	rdi                   
46184000: system.cpu: T0 : 0x40a658 @getenv+40    : test	al                   
46184000: system.cpu: T0 : 0x40a65a @getenv+42    : jz	0xb0                   
46184000: system.cpu: T0 : 0x40a660 @getenv+48    : cmp	DS:[rdi + 0x1], 0     
46185000: system.cpu: T0 : 0x40a664 @getenv+52    : jnz	0x42                  
46211000: system.cpu: T0 : 0x40a6a8 @getenv+120    : call	0xffffffffffff6a23   
46213000: system.cpu: T0 : 0x4010d0 @_init+208    : jmp	DS:[rip + 0xc2ff2]    
46251000: system.cpu: T0 : 0x43e530 @__strlen_sse2    : hint	                     
46251000: system.cpu: T0 : 0x43e534 @__strlen_sse2+4    : pxor	XMM0                 
46251000: system.cpu: T0 : 0x43e538 @__strlen_sse2+8    : pxor	XMM1                 
46251000: system.cpu: T0 : 0x43e53c @__strlen_sse2+12    : pxor	XMM2                 
46277000: system.cpu: T0 : 0x43e540 @__strlen_sse2+16    : pxor	XMM3                 
46277000: system.cpu: T0 : 0x43e544 @__strlen_sse2+20    : mov	rdi                   
46277000: system.cpu: T0 : 0x43e547 @__strlen_sse2+23    : mov	rdi                   
46277000: system.cpu: T0 : 0x43e54a @__strlen_sse2+26    : and	rcx, 0xfff            
46277000: system.cpu: T0 : 0x43e551 @__strlen_sse2+33    : cmp	rcx, 0xfcf            
46278000: system.cpu: T0 : 0x43e558 @__strlen_sse2+40    : jnbe	0x66                 
46278000: system.cpu: T0 : 0x43e55a @__strlen_sse2+42    : movdqu	XMM4, DS:[rax]     
46278000: system.cpu: T0 : 0x43e55e @__strlen_sse2+46    : pcmpeqb	XMM4              
46278000: system.cpu: T0 : 0x43e562 @__strlen_sse2+50    : pmovmskb	edx, XMM4        
46279000: system.cpu: T0 : 0x43e566 @__strlen_sse2+54    : test	edx                  
46279000: system.cpu: T0 : 0x43e568 @__strlen_sse2+56    : jz	0x4                    
46279000: system.cpu: T0 : 0x43e56a @__strlen_sse2+58    : bsf	eax                   
46283000: system.cpu: T0 : 0x43e56d @__strlen_sse2+61    : ret	                      
46285000: system.cpu: T0 : 0x40a6ad @getenv+125    : mov	r12, DS:[rbx]         
46285000: system.cpu: T0 : 0x40a6b0 @getenv+128    : movzx	ebp, DS:[r15]       
46285000: system.cpu: T0 : 0x40a6b4 @getenv+132    : add	r15, 0x2              
46285000: system.cpu: T0 : 0x40a6b8 @getenv+136    : mov	rax                   
46285000: system.cpu: T0 : 0x40a6bb @getenv+139    : lea	r14, DS:[rax + 0xfffffffffffffffe]
46311000: system.cpu: T0 : 0x40a6bf @getenv+143    : test	r12                  
46311000: system.cpu: T0 : 0x40a6c2 @getenv+146    : jnz	0x19                  
46311000: system.cpu: T0 : 0x40a6c4 @getenv+148    : jmp	0xffffffffffffffca    
46313000: system.cpu: T0 : 0x40a690 @getenv+96    : add	rsp, 0x8              
46313000: system.cpu: T0 : 0x40a694 @getenv+100    : mov	r12                   
46313000: system.cpu: T0 : 0x40a697 @getenv+103    : pop	rbx                   
46313000: system.cpu: T0 : 0x40a698 @getenv+104    : pop	rbp                   
46314000: system.cpu: T0 : 0x40a699 @getenv+105    : pop	r12                   
46314000: system.cpu: T0 : 0x40a69b @getenv+107    : pop	r13                   
46314000: system.cpu: T0 : 0x40a69d @getenv+109    : pop	r14                   
46315000: system.cpu: T0 : 0x40a69f @getenv+111    : pop	r15                   
46315000: system.cpu: T0 : 0x40a6a1 @getenv+113    : ret	                      
46317000: system.cpu: T0 : 0x454525 @_dl_non_dynamic_init+1845    : xor	edx                   
46317000: system.cpu: T0 : 0x454527 @_dl_non_dynamic_init+1847    : xor	ecx                   
46317000: system.cpu: T0 : 0x454529 @_dl_non_dynamic_init+1849    : mov	rbp                   
46317000: system.cpu: T0 : 0x45452c @_dl_non_dynamic_init+1852    : mov	rax                   
46317000: system.cpu: T0 : 0x45452f @_dl_non_dynamic_init+1855    : call	0x28f5c              
46444000: system.cpu: T0 : 0x47d490 @_dl_init_paths    : hint	                     
46444000: system.cpu: T0 : 0x47d494 @_dl_init_paths+4    : push	rbp                  
46444000: system.cpu: T0 : 0x47d495 @_dl_init_paths+5    : mov	rsp                   
46444000: system.cpu: T0 : 0x47d498 @_dl_init_paths+8    : push	r13                  
46444000: system.cpu: T0 : 0x47d49a @_dl_init_paths+10    : mov	rsi                   
46444000: system.cpu: T0 : 0x47d49d @_dl_init_paths+13    : push	r12                  
46445000: system.cpu: T0 : 0x47d49f @_dl_init_paths+15    : mov	rdi                   
46445000: system.cpu: T0 : 0x47d4a2 @_dl_init_paths+18    : mov	edi, 0x28             
46445000: system.cpu: T0 : 0x47d4a7 @_dl_init_paths+23    : push	rbx                  
46445000: system.cpu: T0 : 0x47d4a8 @_dl_init_paths+24    : sub	rsp, 0x8              
46445000: system.cpu: T0 : 0x47d4ac @_dl_init_paths+28    : call	0xfffffffffffa204f   
46475000: system.cpu: T0 : 0x41f500 @__libc_malloc    : hint	                     
46475000: system.cpu: T0 : 0x41f504 @__libc_malloc+4    : push	r12                  
46475000: system.cpu: T0 : 0x41f506 @__libc_malloc+6    : push	rbp                  
46475000: system.cpu: T0 : 0x41f507 @__libc_malloc+7    : mov	rdi                   
46475000: system.cpu: T0 : 0x41f50a @__libc_malloc+10    : sub	rsp, 0x18             
46476000: system.cpu: T0 : 0x41f50e @__libc_malloc+14    : cmp	DS:[rip + 0xabceb], 0 
46476000: system.cpu: T0 : 0x41f515 @__libc_malloc+21    : jz	0x215                  
46491000: system.cpu: T0 : 0x41f51b @__libc_malloc+27    : test	rbp                  
46491000: system.cpu: T0 : 0x41f51e @__libc_malloc+30    : js	0x21a                  
46491000: system.cpu: T0 : 0x41f524 @__libc_malloc+36    : lea	rax, SS:[rbp + 0x17]  
46491000: system.cpu: T0 : 0x41f528 @__libc_malloc+40    : xor	r12d                  
46491000: system.cpu: T0 : 0x41f52b @__libc_malloc+43    : cmp	rax, 0x1f             
46492000: system.cpu: T0 : 0x41f52f @__libc_malloc+47    : jnbe	0xdb                 
46503000: system.cpu: T0 : 0x41f610 @__libc_malloc+272    : and	rax, 0xfffffffffffffff0
46503000: system.cpu: T0 : 0x41f614 @__libc_malloc+276    : lea	r12, DS:[rax + 0xffffffffffffffef]
46503000: system.cpu: T0 : 0x41f618 @__libc_malloc+280    : shr	0x4                   
46503000: system.cpu: T0 : 0x41f61c @__libc_malloc+284    : jmp	0xffffffffffffff14    
46505000: system.cpu: T0 : 0x41f535 @__libc_malloc+53    : mov	rdx, FS:[t0 + t0 + 0xffffffffffffffc0]
46519000: system.cpu: T0 : 0x41f53e @__libc_malloc+62    : test	rdx                  
46519000: system.cpu: T0 : 0x41f541 @__libc_malloc+65    : jz	0xe1                   
46530000: system.cpu: T0 : 0x41f547 @__libc_malloc+71    : cmp	DS:[rip + 0xa525a], r12
46530000: system.cpu: T0 : 0x41f54e @__libc_malloc+78    : jnbe	0x10c                
46545000: system.cpu: T0 : 0x41f660 @__libc_malloc+352    : movzx	ecx, DS:[2*r12 + rdx]
46545000: system.cpu: T0 : 0x41f665 @__libc_malloc+357    : test	cx                   
46545000: system.cpu: T0 : 0x41f668 @__libc_malloc+360    : jz	0xfffffffffffffee6     
46560000: system.cpu: T0 : 0x41f554 @__libc_malloc+84    : mov	eax, FS:[t0 + t0 + 0x18]
46560000: system.cpu: T0 : 0x41f55c @__libc_malloc+92    : test	eax                  
46560000: system.cpu: T0 : 0x41f55e @__libc_malloc+94    : jz	0x144                  
46576000: system.cpu: T0 : 0x41f6a8 @__libc_malloc+424    : mov	rbp                   
46576000: system.cpu: T0 : 0x41f6ab @__libc_malloc+427    : lea	rbp, DS:[rip + 0xa512e]
46576000: system.cpu: T0 : 0x41f6b2 @__libc_malloc+434    : mov	rbp                   
46576000: system.cpu: T0 : 0x41f6b5 @__libc_malloc+437    : call	0xffffffffffffe776   
46579000: system.cpu: T0 : 0x41de30 @_int_malloc    : test	rsi                  
46579000: system.cpu: T0 : 0x41de33 @_int_malloc+3    : js	0x6b7                  
46579000: system.cpu: T0 : 0x41de39 @_int_malloc+9    : push	r15                  
46579000: system.cpu: T0 : 0x41de3b @_int_malloc+11    : lea	rax, DS:[rsi + 0x17]  
46594000: system.cpu: T0 : 0x41de3f @_int_malloc+15    : push	r14                  
46594000: system.cpu: T0 : 0x41de41 @_int_malloc+17    : push	r13                  
46594000: system.cpu: T0 : 0x41de43 @_int_malloc+19    : push	r12                  
46594000: system.cpu: T0 : 0x41de45 @_int_malloc+21    : push	rbp                  
46595000: system.cpu: T0 : 0x41de46 @_int_malloc+22    : mov	rsi                   
46595000: system.cpu: T0 : 0x41de49 @_int_malloc+25    : push	rbx                  
46595000: system.cpu: T0 : 0x41de4a @_int_malloc+26    : mov	rdi                   
46595000: system.cpu: T0 : 0x41de4d @_int_malloc+29    : sub	rsp, 0x98             
46595000: system.cpu: T0 : 0x41de54 @_int_malloc+36    : cmp	rax, 0x1f             
46596000: system.cpu: T0 : 0x41de58 @_int_malloc+40    : jnbe	0x11a                
46622000: system.cpu: T0 : 0x41df78 @_int_malloc+328    : and	rax, 0xfffffffffffffff0
46622000: system.cpu: T0 : 0x41df7c @_int_malloc+332    : mov	rax                   
46624000: system.cpu: T0 : 0x41df7f @_int_malloc+335    : test	rdi                  
46624000: system.cpu: T0 : 0x41df82 @_int_malloc+338    : jz	0x52e                  
46624000: system.cpu: T0 : 0x41df88 @_int_malloc+344    : mov	eax                   
46624000: system.cpu: T0 : 0x41df8b @_int_malloc+347    : shr	0x4                   
46624000: system.cpu: T0 : 0x41df8f @_int_malloc+351    : cmp	rax, DS:[rip + 0xad282]
46625000: system.cpu: T0 : 0x41df96 @_int_malloc+358    : jbe	0x234                 
46639000: system.cpu: T0 : 0x41e1d0 @_int_malloc+928    : lea	eax, DS:[r14 + 0xfffffffffffffffe]
46639000: system.cpu: T0 : 0x41e1d4 @_int_malloc+932    : lea	rdi, DS:[8*rax + rbx] 
46639000: system.cpu: T0 : 0x41e1d8 @_int_malloc+936    : lea	rcx, DS:[8*rax + t0 + 0x10]
46639000: system.cpu: T0 : 0x41e1e0 @_int_malloc+944    : mov	rdx, DS:[rdi + 0x10]  
46639000: system.cpu: T0 : 0x41e1e4 @_int_malloc+948    : test	rdx                  
46639000: system.cpu: T0 : 0x41e1e7 @_int_malloc+951    : jnz	0xfffffffffffffe97    
46640000: system.cpu: T0 : 0x41e1ed @_int_malloc+957    : lea	edx, DS:[r14 + r14 + 0xc]
46640000: system.cpu: T0 : 0x41e1f2 @_int_malloc+962    : sal	0x3                   
46640000: system.cpu: T0 : 0x41e1f6 @_int_malloc+966    : jmp	0xfffffffffffffc8b    
46642000: system.cpu: T0 : 0x41de86 @_int_malloc+86    : add	rbx                   
46642000: system.cpu: T0 : 0x41de89 @_int_malloc+89    : mov	rax, DS:[rdx + 0x8]   
46642000: system.cpu: T0 : 0x41de8d @_int_malloc+93    : lea	rsi, DS:[rdx + 0xfffffffffffffff0]
46642000: system.cpu: T0 : 0x41de91 @_int_malloc+97    : cmp	rax                   
46642000: system.cpu: T0 : 0x41de94 @_int_malloc+100    : jz	0x3be                  
46644000: system.cpu: T0 : 0x41e258 @_int_malloc+1064    : mov	r13                   
46644000: system.cpu: T0 : 0x41e25b @_int_malloc+1067    : mov	r13                   
46644000: system.cpu: T0 : 0x41e25e @_int_malloc+1070    : mov	SS:[t0 + rsp + 0x1c], r14
46644000: system.cpu: T0 : 0x41e263 @_int_malloc+1075    : shr	0x9                   
46644000: system.cpu: T0 : 0x41e267 @_int_malloc+1079    : shr	0x6                   
46644000: system.cpu: T0 : 0x41e26b @_int_malloc+1083    : mov	SS:[t0 + rsp + 0x80], 0x6e
46644000: system.cpu: T0 : 0x41e276 @_int_malloc+1094    : mov	ecx                   
46645000: system.cpu: T0 : 0x41e278 @_int_malloc+1096    : mov	SS:[t0 + rsp + 0x50], rax
46645000: system.cpu: T0 : 0x41e27d @_int_malloc+1101    : add	eax, 0x30             
46647000: system.cpu: T0 : 0x41e280 @_int_malloc+1104    : add	edi, 0x5b             
46647000: system.cpu: T0 : 0x41e283 @_int_malloc+1107    : mov	SS:[t0 + rsp + 0x60], rcx
46647000: system.cpu: T0 : 0x41e288 @_int_malloc+1112    : mov	SS:[t0 + rsp + 0x84], rdi
46647000: system.cpu: T0 : 0x41e28f @_int_malloc+1119    : mov	SS:[t0 + rsp + 0x5c], rax
46647000: system.cpu: T0 : 0x41e293 @_int_malloc+1123    : mov	SS:[t0 + rsp + 0x7c], 0x77
46647000: system.cpu: T0 : 0x41e29b @_int_malloc+1131    : mov	SS:[t0 + rsp + 0x78], 0x7c
46648000: system.cpu: T0 : 0x41e2a3 @_int_malloc+1139    : mov	SS:[t0 + rsp + 0x70], 0
46648000: system.cpu: T0 : 0x41e2ac @_int_malloc+1148    : mov	SS:[t0 + rsp + 0x68], 0
46648000: system.cpu: T0 : 0x41e2b5 @_int_malloc+1157    : lea	rax, DS:[r13 + 0xffffffffffffffef]
46648000: system.cpu: T0 : 0x41e2b9 @_int_malloc+1161    : shr	0x4                   
46648000: system.cpu: T0 : 0x41e2bd @_int_malloc+1165    : mov	rax                   
46650000: system.cpu: T0 : 0x41e2c0 @_int_malloc+1168    : xor	eax                   
46650000: system.cpu: T0 : 0x41e2c2 @_int_malloc+1170    : mov	SS:[t0 + rsp + 0x10], rax
46650000: system.cpu: T0 : 0x41e2c7 @_int_malloc+1175    : cmp	FS:[t0 + t0 + 0xffffffffffffffc0], 0
46650000: system.cpu: T0 : 0x41e2d1 @_int_malloc+1185    : jz	0x10                   
46651000: system.cpu: T0 : 0x41e2d3 @_int_malloc+1187    : cmp	DS:[rip + 0xa64ce], r15
46651000: system.cpu: T0 : 0x41e2da @_int_malloc+1194    : cmovnbe	rax               
46651000: system.cpu: T0 : 0x41e2de @_int_malloc+1198    : mov	SS:[t0 + rsp + 0x10], rax
46651000: system.cpu: T0 : 0x41e2e3 @_int_malloc+1203    : lea	r11, DS:[rbx + 0x60]  
46651000: system.cpu: T0 : 0x41e2e7 @_int_malloc+1207    : mov	SS:[t0 + rsp + 0x58], r14
46652000: system.cpu: T0 : 0x41e2ec @_int_malloc+1212    : mov	SS:[t0 + rsp + 0x8], 0
46652000: system.cpu: T0 : 0x41e2f5 @_int_malloc+1221    : movd	XMM1                 
46652000: system.cpu: T0 : 0x41e2fa @_int_malloc+1226    : mov	SS:[t0 + rsp + 0x30], rbp
46654000: system.cpu: T0 : 0x41e2ff @_int_malloc+1231    : punpcklqdq	XMM1           
46654000: system.cpu: T0 : 0x41e303 @_int_malloc+1235    : mov	rdx, DS:[rbx + 0x78]  
46654000: system.cpu: T0 : 0x41e307 @_int_malloc+1239    : cmp	r11                   
46654000: system.cpu: T0 : 0x41e30a @_int_malloc+1242    : jz	0x378                  
46680000: system.cpu: T0 : 0x41e688 @_int_malloc+2136    : cmp	r13, 0x3ff            
46680000: system.cpu: T0 : 0x41e68f @_int_malloc+2143    : jbe	0x22                  
46692000: system.cpu: T0 : 0x41e6b3 @_int_malloc+2179    : mov	rax, SS:[t0 + rsp + 0x1c]
46692000: system.cpu: T0 : 0x41e6b7 @_int_malloc+2183    : lea	ecx, DS:[rax + 0x1]   
46692000: system.cpu: T0 : 0x41e6ba @_int_malloc+2186    : lea	eax, DS:[rax + rax + 0xe]
46692000: system.cpu: T0 : 0x41e6be @_int_malloc+2190    : mov	ecx                   
46709000: system.cpu: T0 : 0x41e6c0 @_int_malloc+2192    : lea	rdx, DS:[8*rax + rbx + 0xfffffffffffffff0]
46709000: system.cpu: T0 : 0x41e6c5 @_int_malloc+2197    : shr	0x5                   
46709000: system.cpu: T0 : 0x41e6c8 @_int_malloc+2200    : mov	edi                   
46709000: system.cpu: T0 : 0x41e6ca @_int_malloc+2202    : mov	esi, DS:[4*rax + rbx + 0x860]
46709000: system.cpu: T0 : 0x41e6d1 @_int_malloc+2209    : mov	eax, 0x1              
46709000: system.cpu: T0 : 0x41e6d6 @_int_malloc+2214    : sal	ecx                   
46709000: system.cpu: T0 : 0x41e6d8 @_int_malloc+2216    : hint	                     
46709000: system.cpu: T0 : 0x41e6e0 @_int_malloc+2224    : cmp	esi                   
46710000: system.cpu: T0 : 0x41e6e2 @_int_malloc+2226    : jnbe	0x1b8                
46736000: system.cpu: T0 : 0x41e8a0 @_int_malloc+2672    : lea	eax, DS:[rdi + 0x1]   
46736000: system.cpu: T0 : 0x41e8a3 @_int_malloc+2675    : cmp	edi, 0x3              
46736000: system.cpu: T0 : 0x41e8a6 @_int_malloc+2678    : jz	0x3d                   
46736000: system.cpu: T0 : 0x41e8a8 @_int_malloc+2680    : mov	eax                   
46736000: system.cpu: T0 : 0x41e8aa @_int_malloc+2682    : mov	esi, DS:[4*rdx + rbx + 0x860]
46737000: system.cpu: T0 : 0x41e8b1 @_int_malloc+2689    : test	esi                  
46737000: system.cpu: T0 : 0x41e8b3 @_int_malloc+2691    : jnz	0x266                 
46737000: system.cpu: T0 : 0x41e8b9 @_int_malloc+2697    : lea	eax, DS:[rdi + 0x2]   
46737000: system.cpu: T0 : 0x41e8bc @_int_malloc+2700    : cmp	edi, 0x2              
46763000: system.cpu: T0 : 0x41e8bf @_int_malloc+2703    : jz	0x24                   
46774000: system.cpu: T0 : 0x41e8c1 @_int_malloc+2705    : mov	eax                   
46774000: system.cpu: T0 : 0x41e8c3 @_int_malloc+2707    : mov	esi, DS:[4*rdx + rbx + 0x860]
46774000: system.cpu: T0 : 0x41e8ca @_int_malloc+2714    : test	esi                  
46774000: system.cpu: T0 : 0x41e8cc @_int_malloc+2716    : jnz	0x24d                 
46774000: system.cpu: T0 : 0x41e8d2 @_int_malloc+2722    : cmp	edi, 0x1              
46775000: system.cpu: T0 : 0x41e8d5 @_int_malloc+2725    : jz	0xe                    
46787000: system.cpu: T0 : 0x41e8d7 @_int_malloc+2727    : mov	esi, DS:[rbx + 0x86c] 
46787000: system.cpu: T0 : 0x41e8dd @_int_malloc+2733    : test	esi                  
46787000: system.cpu: T0 : 0x41e8df @_int_malloc+2735    : jnz	0x26b                 
46787000: system.cpu: T0 : 0x41e8e5 @_int_malloc+2741    : mov	rax, DS:[rbx + 0x60]  
46787000: system.cpu: T0 : 0x41e8e9 @_int_malloc+2745    : mov	rdx, DS:[rax + 0x8]   
46787000: system.cpu: T0 : 0x41e8ed @_int_malloc+2749    : and	rdx, 0xfffffffffffffff8
46788000: system.cpu: T0 : 0x41e8f1 @_int_malloc+2753    : cmp	DS:[rbx + 0x888], rdx 
46788000: system.cpu: T0 : 0x41e8f8 @_int_malloc+2760    : jb	0x23a                  
46792000: system.cpu: T0 : 0x41e8fe @_int_malloc+2766    : lea	rcx, DS:[r13 + 0x20]  
46792000: system.cpu: T0 : 0x41e902 @_int_malloc+2770    : cmp	rdx                   
46792000: system.cpu: T0 : 0x41e905 @_int_malloc+2773    : jbe	0x378                 
46794000: system.cpu: T0 : 0x41ec83 @_int_malloc+3667    : lea	rcx, DS:[rip + 0xa5b56]
46794000: system.cpu: T0 : 0x41ec8a @_int_malloc+3674    : lea	rsi, DS:[r13 + rax]   
46794000: system.cpu: T0 : 0x41ec8e @_int_malloc+3678    : mov	rbp, SS:[t0 + rsp + 0x30]
46794000: system.cpu: T0 : 0x41ec93 @_int_malloc+3683    : cmp	rcx                   
46794000: system.cpu: T0 : 0x41ec96 @_int_malloc+3686    : mov	DS:[rbx + 0x60], rsi  
46794000: system.cpu: T0 : 0x41ec9a @_int_malloc+3690    : lea	r9, DS:[rax + 0x10]   
46794000: system.cpu: T0 : 0x41ec9e @_int_malloc+3694    : setnz	                    
46795000: system.cpu: T0 : 0x41eca1 @_int_malloc+3697    : sub	r13                   
46795000: system.cpu: T0 : 0x41eca4 @_int_malloc+3700    : movzx	ecx                 
46795000: system.cpu: T0 : 0x41eca7 @_int_malloc+3703    : or	rdx, 0x1               
46795000: system.cpu: T0 : 0x41ecab @_int_malloc+3707    : sal	0x2                   
46795000: system.cpu: T0 : 0x41ecaf @_int_malloc+3711    : or	r13                    
46796000: system.cpu: T0 : 0x41ecb2 @_int_malloc+3714    : or	rcx, 0x1               
46796000: system.cpu: T0 : 0x41ecb6 @_int_malloc+3718    : mov	DS:[rax + 0x8], rcx   
46796000: system.cpu: T0 : 0x41ecba @_int_malloc+3722    : mov	eax, DS:[rip + 0xac554]
46798000: system.cpu: T0 : 0x41ecc0 @_int_malloc+3728    : mov	DS:[rsi + 0x8], rdx   
46798000: system.cpu: T0 : 0x41ecc4 @_int_malloc+3732    : test	eax                  
46798000: system.cpu: T0 : 0x41ecc6 @_int_malloc+3734    : jz	0xfffffffffffff80a     
46800000: system.cpu: T0 : 0x41e4d6 @_int_malloc+1702    : add	rsp, 0x98             
46800000: system.cpu: T0 : 0x41e4dd @_int_malloc+1709    : mov	r9                    
46800000: system.cpu: T0 : 0x41e4e0 @_int_malloc+1712    : pop	rbx                   
46800000: system.cpu: T0 : 0x41e4e1 @_int_malloc+1713    : pop	rbp                   
46801000: system.cpu: T0 : 0x41e4e2 @_int_malloc+1714    : pop	r12                   
46801000: system.cpu: T0 : 0x41e4e4 @_int_malloc+1716    : pop	r13                   
46801000: system.cpu: T0 : 0x41e4e6 @_int_malloc+1718    : pop	r14                   
46802000: system.cpu: T0 : 0x41e4e8 @_int_malloc+1720    : pop	r15                   
46802000: system.cpu: T0 : 0x41e4ea @_int_malloc+1722    : ret	                      
46804000: system.cpu: T0 : 0x41f6ba @__libc_malloc+442    : test	rax                  
46806000: system.cpu: T0 : 0x41f6bd @__libc_malloc+445    : jz	0x9d                   
46806000: system.cpu: T0 : 0x41f6c3 @__libc_malloc+451    : mov	rdx, DS:[rax + 0xfffffffffffffff8]
46806000: system.cpu: T0 : 0x41f6c7 @__libc_malloc+455    : test	dl, 0x2              
46806000: system.cpu: T0 : 0x41f6ca @__libc_malloc+458    : jnz	0xffffffffffffff2f    
46807000: system.cpu: T0 : 0x41f6d0 @__libc_malloc+464    : and	edx, 0x4              
46807000: system.cpu: T0 : 0x41f6d3 @__libc_malloc+467    : jz	0xffffffffffffff26     
46811000: system.cpu: T0 : 0x41f5ff @__libc_malloc+255    : add	rsp, 0x18             
46811000: system.cpu: T0 : 0x41f603 @__libc_malloc+259    : pop	rbp                   
46811000: system.cpu: T0 : 0x41f604 @__libc_malloc+260    : pop	r12                   
46812000: system.cpu: T0 : 0x41f606 @__libc_malloc+262    : ret	                      
46814000: system.cpu: T0 : 0x47d4b1 @_dl_init_paths+33    : mov	DS:[rip + 0x469d8], rax
46814000: system.cpu: T0 : 0x47d4b8 @_dl_init_paths+40    : test	rax                  
46816000: system.cpu: T0 : 0x47d4bb @_dl_init_paths+43    : jz	0x356                  
46816000: system.cpu: T0 : 0x47d4c1 @_dl_init_paths+49    : mov	edi, 0x140            
46816000: system.cpu: T0 : 0x47d4c6 @_dl_init_paths+54    : mov	rax                   
46816000: system.cpu: T0 : 0x47d4c9 @_dl_init_paths+57    : call	0xfffffffffffa2032   
46822000: system.cpu: T0 : 0x41f500 @__libc_malloc    : hint	                     
46822000: system.cpu: T0 : 0x41f504 @__libc_malloc+4    : push	r12                  
46822000: system.cpu: T0 : 0x41f506 @__libc_malloc+6    : push	rbp                  
46822000: system.cpu: T0 : 0x41f507 @__libc_malloc+7    : mov	rdi                   
46822000: system.cpu: T0 : 0x41f50a @__libc_malloc+10    : sub	rsp, 0x18             
46823000: system.cpu: T0 : 0x41f50e @__libc_malloc+14    : cmp	DS:[rip + 0xabceb], 0 
46823000: system.cpu: T0 : 0x41f515 @__libc_malloc+21    : jz	0x215                  
46823000: system.cpu: T0 : 0x41f51b @__libc_malloc+27    : test	rbp                  
46824000: system.cpu: T0 : 0x41f51e @__libc_malloc+30    : js	0x21a                  
46824000: system.cpu: T0 : 0x41f524 @__libc_malloc+36    : lea	rax, SS:[rbp + 0x17]  
46824000: system.cpu: T0 : 0x41f528 @__libc_malloc+40    : xor	r12d                  
46824000: system.cpu: T0 : 0x41f52b @__libc_malloc+43    : cmp	rax, 0x1f             
46824000: system.cpu: T0 : 0x41f52f @__libc_malloc+47    : jnbe	0xdb                 
46836000: system.cpu: T0 : 0x41f610 @__libc_malloc+272    : and	rax, 0xfffffffffffffff0
46836000: system.cpu: T0 : 0x41f614 @__libc_malloc+276    : lea	r12, DS:[rax + 0xffffffffffffffef]
46836000: system.cpu: T0 : 0x41f618 @__libc_malloc+280    : shr	0x4                   
46836000: system.cpu: T0 : 0x41f61c @__libc_malloc+284    : jmp	0xffffffffffffff14    
46838000: system.cpu: T0 : 0x41f535 @__libc_malloc+53    : mov	rdx, FS:[t0 + t0 + 0xffffffffffffffc0]
46840000: system.cpu: T0 : 0x41f53e @__libc_malloc+62    : test	rdx                  
46840000: system.cpu: T0 : 0x41f541 @__libc_malloc+65    : jz	0xe1                   
46840000: system.cpu: T0 : 0x41f547 @__libc_malloc+71    : cmp	DS:[rip + 0xa525a], r12
46840000: system.cpu: T0 : 0x41f54e @__libc_malloc+78    : jnbe	0x10c                
46843000: system.cpu: T0 : 0x41f660 @__libc_malloc+352    : movzx	ecx, DS:[2*r12 + rdx]
46843000: system.cpu: T0 : 0x41f665 @__libc_malloc+357    : test	cx                   
46843000: system.cpu: T0 : 0x41f668 @__libc_malloc+360    : jz	0xfffffffffffffee6     
46845000: system.cpu: T0 : 0x41f554 @__libc_malloc+84    : mov	eax, FS:[t0 + t0 + 0x18]
46845000: system.cpu: T0 : 0x41f55c @__libc_malloc+92    : test	eax                  
46845000: system.cpu: T0 : 0x41f55e @__libc_malloc+94    : jz	0x144                  
46847000: system.cpu: T0 : 0x41f6a8 @__libc_malloc+424    : mov	rbp                   
46847000: system.cpu: T0 : 0x41f6ab @__libc_malloc+427    : lea	rbp, DS:[rip + 0xa512e]
46847000: system.cpu: T0 : 0x41f6b2 @__libc_malloc+434    : mov	rbp                   
46847000: system.cpu: T0 : 0x41f6b5 @__libc_malloc+437    : call	0xffffffffffffe776   
46850000: system.cpu: T0 : 0x41de30 @_int_malloc    : test	rsi                  
46850000: system.cpu: T0 : 0x41de33 @_int_malloc+3    : js	0x6b7                  
46850000: system.cpu: T0 : 0x41de39 @_int_malloc+9    : push	r15                  
46850000: system.cpu: T0 : 0x41de3b @_int_malloc+11    : lea	rax, DS:[rsi + 0x17]  
46852000: system.cpu: T0 : 0x41de3f @_int_malloc+15    : push	r14                  
46852000: system.cpu: T0 : 0x41de41 @_int_malloc+17    : push	r13                  
46852000: system.cpu: T0 : 0x41de43 @_int_malloc+19    : push	r12                  
46852000: system.cpu: T0 : 0x41de45 @_int_malloc+21    : push	rbp                  
46853000: system.cpu: T0 : 0x41de46 @_int_malloc+22    : mov	rsi                   
46853000: system.cpu: T0 : 0x41de49 @_int_malloc+25    : push	rbx                  
46853000: system.cpu: T0 : 0x41de4a @_int_malloc+26    : mov	rdi                   
46853000: system.cpu: T0 : 0x41de4d @_int_malloc+29    : sub	rsp, 0x98             
46853000: system.cpu: T0 : 0x41de54 @_int_malloc+36    : cmp	rax, 0x1f             
46854000: system.cpu: T0 : 0x41de58 @_int_malloc+40    : jnbe	0x11a                
46856000: system.cpu: T0 : 0x41df78 @_int_malloc+328    : and	rax, 0xfffffffffffffff0
46856000: system.cpu: T0 : 0x41df7c @_int_malloc+332    : mov	rax                   
46858000: system.cpu: T0 : 0x41df7f @_int_malloc+335    : test	rdi                  
46858000: system.cpu: T0 : 0x41df82 @_int_malloc+338    : jz	0x52e                  
46858000: system.cpu: T0 : 0x41df88 @_int_malloc+344    : mov	eax                   
46858000: system.cpu: T0 : 0x41df8b @_int_malloc+347    : shr	0x4                   
46858000: system.cpu: T0 : 0x41df8f @_int_malloc+351    : cmp	rax, DS:[rip + 0xad282]
46859000: system.cpu: T0 : 0x41df96 @_int_malloc+358    : jbe	0x234                 
46859000: system.cpu: T0 : 0x41df9c @_int_malloc+364    : cmp	rax, 0x3ff            
46859000: system.cpu: T0 : 0x41dfa2 @_int_malloc+370    : jbe	0xa00                 
46871000: system.cpu: T0 : 0x41e9a8 @_int_malloc+2936    : lea	eax, DS:[r14 + r14 + 0xfffffffffffffffe]
46871000: system.cpu: T0 : 0x41e9ad @_int_malloc+2941    : lea	rdx, DS:[8*rax + t0 + 0x70]
46871000: system.cpu: T0 : 0x41e9b5 @_int_malloc+2949    : jmp	0xfffffffffffff4cc    
46873000: system.cpu: T0 : 0x41de86 @_int_malloc+86    : add	rbx                   
46873000: system.cpu: T0 : 0x41de89 @_int_malloc+89    : mov	rax, DS:[rdx + 0x8]   
46873000: system.cpu: T0 : 0x41de8d @_int_malloc+93    : lea	rsi, DS:[rdx + 0xfffffffffffffff0]
46873000: system.cpu: T0 : 0x41de91 @_int_malloc+97    : cmp	rax                   
46873000: system.cpu: T0 : 0x41de94 @_int_malloc+100    : jz	0x3be                  
46875000: system.cpu: T0 : 0x41e258 @_int_malloc+1064    : mov	r13                   
46875000: system.cpu: T0 : 0x41e25b @_int_malloc+1067    : mov	r13                   
46875000: system.cpu: T0 : 0x41e25e @_int_malloc+1070    : mov	SS:[t0 + rsp + 0x1c], r14
46875000: system.cpu: T0 : 0x41e263 @_int_malloc+1075    : shr	0x9                   
46875000: system.cpu: T0 : 0x41e267 @_int_malloc+1079    : shr	0x6                   
46875000: system.cpu: T0 : 0x41e26b @_int_malloc+1083    : mov	SS:[t0 + rsp + 0x80], 0x6e
46875000: system.cpu: T0 : 0x41e276 @_int_malloc+1094    : mov	ecx                   
46876000: system.cpu: T0 : 0x41e278 @_int_malloc+1096    : mov	SS:[t0 + rsp + 0x50], rax
46876000: system.cpu: T0 : 0x41e27d @_int_malloc+1101    : add	eax, 0x30             
46878000: system.cpu: T0 : 0x41e280 @_int_malloc+1104    : add	edi, 0x5b             
46878000: system.cpu: T0 : 0x41e283 @_int_malloc+1107    : mov	SS:[t0 + rsp + 0x60], rcx
46878000: system.cpu: T0 : 0x41e288 @_int_malloc+1112    : mov	SS:[t0 + rsp + 0x84], rdi
46878000: system.cpu: T0 : 0x41e28f @_int_malloc+1119    : mov	SS:[t0 + rsp + 0x5c], rax
46878000: system.cpu: T0 : 0x41e293 @_int_malloc+1123    : mov	SS:[t0 + rsp + 0x7c], 0x77
46878000: system.cpu: T0 : 0x41e29b @_int_malloc+1131    : mov	SS:[t0 + rsp + 0x78], 0x7c
46879000: system.cpu: T0 : 0x41e2a3 @_int_malloc+1139    : mov	SS:[t0 + rsp + 0x70], 0
46879000: system.cpu: T0 : 0x41e2ac @_int_malloc+1148    : mov	SS:[t0 + rsp + 0x68], 0
46879000: system.cpu: T0 : 0x41e2b5 @_int_malloc+1157    : lea	rax, DS:[r13 + 0xffffffffffffffef]
46879000: system.cpu: T0 : 0x41e2b9 @_int_malloc+1161    : shr	0x4                   
46879000: system.cpu: T0 : 0x41e2bd @_int_malloc+1165    : mov	rax                   
46881000: system.cpu: T0 : 0x41e2c0 @_int_malloc+1168    : xor	eax                   
46881000: system.cpu: T0 : 0x41e2c2 @_int_malloc+1170    : mov	SS:[t0 + rsp + 0x10], rax
46881000: system.cpu: T0 : 0x41e2c7 @_int_malloc+1175    : cmp	FS:[t0 + t0 + 0xffffffffffffffc0], 0
46881000: system.cpu: T0 : 0x41e2d1 @_int_malloc+1185    : jz	0x10                   
46882000: system.cpu: T0 : 0x41e2d3 @_int_malloc+1187    : cmp	DS:[rip + 0xa64ce], r15
46882000: system.cpu: T0 : 0x41e2da @_int_malloc+1194    : cmovnbe	rax               
46882000: system.cpu: T0 : 0x41e2de @_int_malloc+1198    : mov	SS:[t0 + rsp + 0x10], rax
46882000: system.cpu: T0 : 0x41e2e3 @_int_malloc+1203    : lea	r11, DS:[rbx + 0x60]  
46882000: system.cpu: T0 : 0x41e2e7 @_int_malloc+1207    : mov	SS:[t0 + rsp + 0x58], r14
46883000: system.cpu: T0 : 0x41e2ec @_int_malloc+1212    : mov	SS:[t0 + rsp + 0x8], 0
46883000: system.cpu: T0 : 0x41e2f5 @_int_malloc+1221    : movd	XMM1                 
46883000: system.cpu: T0 : 0x41e2fa @_int_malloc+1226    : mov	SS:[t0 + rsp + 0x30], rbp
46885000: system.cpu: T0 : 0x41e2ff @_int_malloc+1231    : punpcklqdq	XMM1           
46885000: system.cpu: T0 : 0x41e303 @_int_malloc+1235    : mov	rdx, DS:[rbx + 0x78]  
46885000: system.cpu: T0 : 0x41e307 @_int_malloc+1239    : cmp	r11                   
46885000: system.cpu: T0 : 0x41e30a @_int_malloc+1242    : jz	0x378                  
46887000: system.cpu: T0 : 0x41e688 @_int_malloc+2136    : cmp	r13, 0x3ff            
46887000: system.cpu: T0 : 0x41e68f @_int_malloc+2143    : jbe	0x22                  
46899000: system.cpu: T0 : 0x41e6b3 @_int_malloc+2179    : mov	rax, SS:[t0 + rsp + 0x1c]
46899000: system.cpu: T0 : 0x41e6b7 @_int_malloc+2183    : lea	ecx, DS:[rax + 0x1]   
46899000: system.cpu: T0 : 0x41e6ba @_int_malloc+2186    : lea	eax, DS:[rax + rax + 0xe]
46899000: system.cpu: T0 : 0x41e6be @_int_malloc+2190    : mov	ecx                   
46901000: system.cpu: T0 : 0x41e6c0 @_int_malloc+2192    : lea	rdx, DS:[8*rax + rbx + 0xfffffffffffffff0]
46901000: system.cpu: T0 : 0x41e6c5 @_int_malloc+2197    : shr	0x5                   
46901000: system.cpu: T0 : 0x41e6c8 @_int_malloc+2200    : mov	edi                   
46901000: system.cpu: T0 : 0x41e6ca @_int_malloc+2202    : mov	esi, DS:[4*rax + rbx + 0x860]
46901000: system.cpu: T0 : 0x41e6d1 @_int_malloc+2209    : mov	eax, 0x1              
46901000: system.cpu: T0 : 0x41e6d6 @_int_malloc+2214    : sal	ecx                   
46901000: system.cpu: T0 : 0x41e6d8 @_int_malloc+2216    : hint	                     
46901000: system.cpu: T0 : 0x41e6e0 @_int_malloc+2224    : cmp	esi                   
46902000: system.cpu: T0 : 0x41e6e2 @_int_malloc+2226    : jnbe	0x1b8                
46904000: system.cpu: T0 : 0x41e8a0 @_int_malloc+2672    : lea	eax, DS:[rdi + 0x1]   
46904000: system.cpu: T0 : 0x41e8a3 @_int_malloc+2675    : cmp	edi, 0x3              
46904000: system.cpu: T0 : 0x41e8a6 @_int_malloc+2678    : jz	0x3d                   
46904000: system.cpu: T0 : 0x41e8a8 @_int_malloc+2680    : mov	eax                   
46904000: system.cpu: T0 : 0x41e8aa @_int_malloc+2682    : mov	esi, DS:[4*rdx + rbx + 0x860]
46905000: system.cpu: T0 : 0x41e8b1 @_int_malloc+2689    : test	esi                  
46905000: system.cpu: T0 : 0x41e8b3 @_int_malloc+2691    : jnz	0x266                 
46905000: system.cpu: T0 : 0x41e8b9 @_int_malloc+2697    : lea	eax, DS:[rdi + 0x2]   
46905000: system.cpu: T0 : 0x41e8bc @_int_malloc+2700    : cmp	edi, 0x2              
46907000: system.cpu: T0 : 0x41e8bf @_int_malloc+2703    : jz	0x24                   
46907000: system.cpu: T0 : 0x41e8c1 @_int_malloc+2705    : mov	eax                   
46907000: system.cpu: T0 : 0x41e8c3 @_int_malloc+2707    : mov	esi, DS:[4*rdx + rbx + 0x860]
46907000: system.cpu: T0 : 0x41e8ca @_int_malloc+2714    : test	esi                  
46907000: system.cpu: T0 : 0x41e8cc @_int_malloc+2716    : jnz	0x24d                 
46908000: system.cpu: T0 : 0x41e8d2 @_int_malloc+2722    : cmp	edi, 0x1              
46908000: system.cpu: T0 : 0x41e8d5 @_int_malloc+2725    : jz	0xe                    
46908000: system.cpu: T0 : 0x41e8d7 @_int_malloc+2727    : mov	esi, DS:[rbx + 0x86c] 
46908000: system.cpu: T0 : 0x41e8dd @_int_malloc+2733    : test	esi                  
46909000: system.cpu: T0 : 0x41e8df @_int_malloc+2735    : jnz	0x26b                 
46909000: system.cpu: T0 : 0x41e8e5 @_int_malloc+2741    : mov	rax, DS:[rbx + 0x60]  
46909000: system.cpu: T0 : 0x41e8e9 @_int_malloc+2745    : mov	rdx, DS:[rax + 0x8]   
46909000: system.cpu: T0 : 0x41e8ed @_int_malloc+2749    : and	rdx, 0xfffffffffffffff8
46909000: system.cpu: T0 : 0x41e8f1 @_int_malloc+2753    : cmp	DS:[rbx + 0x888], rdx 
46910000: system.cpu: T0 : 0x41e8f8 @_int_malloc+2760    : jb	0x23a                  
46912000: system.cpu: T0 : 0x41e8fe @_int_malloc+2766    : lea	rcx, DS:[r13 + 0x20]  
46912000: system.cpu: T0 : 0x41e902 @_int_malloc+2770    : cmp	rdx                   
46912000: system.cpu: T0 : 0x41e905 @_int_malloc+2773    : jbe	0x378                 
46914000: system.cpu: T0 : 0x41ec83 @_int_malloc+3667    : lea	rcx, DS:[rip + 0xa5b56]
46914000: system.cpu: T0 : 0x41ec8a @_int_malloc+3674    : lea	rsi, DS:[r13 + rax]   
46914000: system.cpu: T0 : 0x41ec8e @_int_malloc+3678    : mov	rbp, SS:[t0 + rsp + 0x30]
46914000: system.cpu: T0 : 0x41ec93 @_int_malloc+3683    : cmp	rcx                   
46914000: system.cpu: T0 : 0x41ec96 @_int_malloc+3686    : mov	DS:[rbx + 0x60], rsi  
46914000: system.cpu: T0 : 0x41ec9a @_int_malloc+3690    : lea	r9, DS:[rax + 0x10]   
46914000: system.cpu: T0 : 0x41ec9e @_int_malloc+3694    : setnz	                    
46915000: system.cpu: T0 : 0x41eca1 @_int_malloc+3697    : sub	r13                   
46915000: system.cpu: T0 : 0x41eca4 @_int_malloc+3700    : movzx	ecx                 
46915000: system.cpu: T0 : 0x41eca7 @_int_malloc+3703    : or	rdx, 0x1               
46915000: system.cpu: T0 : 0x41ecab @_int_malloc+3707    : sal	0x2                   
46915000: system.cpu: T0 : 0x41ecaf @_int_malloc+3711    : or	r13                    
46916000: system.cpu: T0 : 0x41ecb2 @_int_malloc+3714    : or	rcx, 0x1               
46916000: system.cpu: T0 : 0x41ecb6 @_int_malloc+3718    : mov	DS:[rax + 0x8], rcx   
46916000: system.cpu: T0 : 0x41ecba @_int_malloc+3722    : mov	eax, DS:[rip + 0xac554]
46918000: system.cpu: T0 : 0x41ecc0 @_int_malloc+3728    : mov	DS:[rsi + 0x8], rdx   
46918000: system.cpu: T0 : 0x41ecc4 @_int_malloc+3732    : test	eax                  
46918000: system.cpu: T0 : 0x41ecc6 @_int_malloc+3734    : jz	0xfffffffffffff80a     
46920000: system.cpu: T0 : 0x41e4d6 @_int_malloc+1702    : add	rsp, 0x98             
46920000: system.cpu: T0 : 0x41e4dd @_int_malloc+1709    : mov	r9                    
46920000: system.cpu: T0 : 0x41e4e0 @_int_malloc+1712    : pop	rbx                   
46920000: system.cpu: T0 : 0x41e4e1 @_int_malloc+1713    : pop	rbp                   
46921000: system.cpu: T0 : 0x41e4e2 @_int_malloc+1714    : pop	r12                   
46921000: system.cpu: T0 : 0x41e4e4 @_int_malloc+1716    : pop	r13                   
46921000: system.cpu: T0 : 0x41e4e6 @_int_malloc+1718    : pop	r14                   
46922000: system.cpu: T0 : 0x41e4e8 @_int_malloc+1720    : pop	r15                   
46922000: system.cpu: T0 : 0x41e4ea @_int_malloc+1722    : ret	                      
46924000: system.cpu: T0 : 0x41f6ba @__libc_malloc+442    : test	rax                  
46926000: system.cpu: T0 : 0x41f6bd @__libc_malloc+445    : jz	0x9d                   
46926000: system.cpu: T0 : 0x41f6c3 @__libc_malloc+451    : mov	rdx, DS:[rax + 0xfffffffffffffff8]
46926000: system.cpu: T0 : 0x41f6c7 @__libc_malloc+455    : test	dl, 0x2              
46926000: system.cpu: T0 : 0x41f6ca @__libc_malloc+458    : jnz	0xffffffffffffff2f    
46927000: system.cpu: T0 : 0x41f6d0 @__libc_malloc+464    : and	edx, 0x4              
46927000: system.cpu: T0 : 0x41f6d3 @__libc_malloc+467    : jz	0xffffffffffffff26     
46931000: system.cpu: T0 : 0x41f5ff @__libc_malloc+255    : add	rsp, 0x18             
46931000: system.cpu: T0 : 0x41f603 @__libc_malloc+259    : pop	rbp                   
46931000: system.cpu: T0 : 0x41f604 @__libc_malloc+260    : pop	r12                   
46932000: system.cpu: T0 : 0x41f606 @__libc_malloc+262    : ret	                      
46934000: system.cpu: T0 : 0x47d4ce @_dl_init_paths+62    : mov	DS:[rbx], rax         
46934000: system.cpu: T0 : 0x47d4d1 @_dl_init_paths+65    : test	rax                  
46934000: system.cpu: T0 : 0x47d4d4 @_dl_init_paths+68    : jz	0x371                  
46934000: system.cpu: T0 : 0x47d4da @_dl_init_paths+74    : lea	rcx, DS:[rax + 0x50]  
46934000: system.cpu: T0 : 0x47d4de @_dl_init_paths+78    : lea	rdi, DS:[rip + 0x3031b]
46935000: system.cpu: T0 : 0x47d4e5 @_dl_init_paths+85    : mov	DS:[rbx + 0x20], 0    
46935000: system.cpu: T0 : 0x47d4ed @_dl_init_paths+93    : mov	DS:[rbx + 0x8], rcx   
46935000: system.cpu: T0 : 0x47d4f1 @_dl_init_paths+97    : lea	rsi, DS:[rdi + 0x17]  
46935000: system.cpu: T0 : 0x47d4f5 @_dl_init_paths+101    : lea	rdx, DS:[rip + 0x2fc9a]
46935000: system.cpu: T0 : 0x47d4fc @_dl_init_paths+108    : mov	DS:[rax], rcx         
47085000: system.cpu: T0 : 0x47d4ff @_dl_init_paths+111    : lea	rcx, DS:[rax + 0xa0]  
47085000: system.cpu: T0 : 0x47d506 @_dl_init_paths+118    : mov	DS:[rbx + 0x10], rcx  
47085000: system.cpu: T0 : 0x47d50a @_dl_init_paths+122    : mov	DS:[rax + 0x50], rcx  
47085000: system.cpu: T0 : 0x47d50e @_dl_init_paths+126    : lea	rcx, DS:[rax + 0xf0]  
47085000: system.cpu: T0 : 0x47d515 @_dl_init_paths+133    : mov	DS:[rbx + 0x18], rcx  
47085000: system.cpu: T0 : 0x47d519 @_dl_init_paths+137    : mov	rbx, DS:[rip + 0x47c80]
47085000: system.cpu: T0 : 0x47d520 @_dl_init_paths+144    : mov	DS:[rax + 0x18], rdi  
47086000: system.cpu: T0 : 0x47d524 @_dl_init_paths+148    : add	rdi, 0x32             
47086000: system.cpu: T0 : 0x47d528 @_dl_init_paths+152    : mov	DS:[rax + 0x68], rsi  
47086000: system.cpu: T0 : 0x47d52c @_dl_init_paths+156    : add	rsi, 0x21             
47086000: system.cpu: T0 : 0x47d530 @_dl_init_paths+160    : mov	DS:[rip + 0x4695e], 0 
47182000: system.cpu: T0 : 0x47d53a @_dl_init_paths+170    : mov	DS:[rip + 0x4de0f], rax
47182000: system.cpu: T0 : 0x47d541 @_dl_init_paths+177    : mov	DS:[rax + 0x8], rdx   
47182000: system.cpu: T0 : 0x47d545 @_dl_init_paths+181    : mov	DS:[rax + 0x10], 0    
47182000: system.cpu: T0 : 0x47d54d @_dl_init_paths+189    : mov	DS:[rax + 0x20], 0x16 
47182000: system.cpu: T0 : 0x47d555 @_dl_init_paths+197    : mov	DS:[rax + 0x28], 0    
47183000: system.cpu: T0 : 0x47d55c @_dl_init_paths+204    : mov	DS:[rax + 0x58], rdx  
47183000: system.cpu: T0 : 0x47d560 @_dl_init_paths+208    : mov	DS:[rax + 0x60], 0    
47183000: system.cpu: T0 : 0x47d568 @_dl_init_paths+216    : mov	DS:[rax + 0x70], 0x1a 
47183000: system.cpu: T0 : 0x47d570 @_dl_init_paths+224    : mov	DS:[rax + 0x78], 0    
47184000: system.cpu: T0 : 0x47d577 @_dl_init_paths+231    : mov	DS:[rax + 0xa8], rdx  
47279000: system.cpu: T0 : 0x47d57e @_dl_init_paths+238    : mov	DS:[rax + 0xb0], 0    
47279000: system.cpu: T0 : 0x47d589 @_dl_init_paths+249    : mov	DS:[rax + 0xb8], rdi  
47279000: system.cpu: T0 : 0x47d590 @_dl_init_paths+256    : mov	DS:[rax + 0xc0], 0x5  
47279000: system.cpu: T0 : 0x47d59b @_dl_init_paths+267    : mov	DS:[rax + 0xc8], 0    
47279000: system.cpu: T0 : 0x47d5a5 @_dl_init_paths+277    : mov	DS:[rax + 0xa0], rcx  
47280000: system.cpu: T0 : 0x47d5ac @_dl_init_paths+284    : mov	DS:[rax + 0xf8], rdx  
47280000: system.cpu: T0 : 0x47d5b3 @_dl_init_paths+291    : mov	DS:[rax + 0x100], 0   
47375000: system.cpu: T0 : 0x47d5be @_dl_init_paths+302    : mov	DS:[rax + 0x108], rsi 
47375000: system.cpu: T0 : 0x47d5c5 @_dl_init_paths+309    : mov	DS:[rax + 0x110], 0x9 
47375000: system.cpu: T0 : 0x47d5d0 @_dl_init_paths+320    : mov	DS:[rax + 0x118], 0   
47375000: system.cpu: T0 : 0x47d5da @_dl_init_paths+330    : mov	DS:[rax + 0xf0], 0    
47375000: system.cpu: T0 : 0x47d5e5 @_dl_init_paths+341    : mov	DS:[rip + 0x4e288], 0x1a
47376000: system.cpu: T0 : 0x47d5f0 @_dl_init_paths+352    : movzx	eax, DS:[rbx + 0x31c]
47376000: system.cpu: T0 : 0x47d5f7 @_dl_init_paths+359    : and	eax, 0x3              
47376000: system.cpu: T0 : 0x47d5fa @_dl_init_paths+362    : cmp	al, 0x2               
47472000: system.cpu: T0 : 0x47d5fc @_dl_init_paths+364    : jz	0x22a                  
47472000: system.cpu: T0 : 0x47d602 @_dl_init_paths+370    : mov	rax, DS:[rbx + 0x128] 
47472000: system.cpu: T0 : 0x47d609 @_dl_init_paths+377    : test	rax                  
47472000: system.cpu: T0 : 0x47d60c @_dl_init_paths+380    : jz	0xb6                   
47678000: system.cpu: T0 : 0x47d6c8 @_dl_init_paths+568    : mov	rax, DS:[rbx + 0xb8]  
47678000: system.cpu: T0 : 0x47d6cf @_dl_init_paths+575    : mov	DS:[rbx + 0x3c0], 0xffffffffffffffff
47678000: system.cpu: T0 : 0x47d6da @_dl_init_paths+586    : test	rax                  
47678000: system.cpu: T0 : 0x47d6dd @_dl_init_paths+589    : jz	0xfd                   
47895000: system.cpu: T0 : 0x47d7e0 @_dl_init_paths+848    : mov	DS:[rbx + 0x330], 0xffffffffffffffff
47895000: system.cpu: T0 : 0x47d7eb @_dl_init_paths+859    : jmp	0xfffffffffffffe67    
47900000: system.cpu: T0 : 0x47d657 @_dl_init_paths+455    : test	r12                  
47900000: system.cpu: T0 : 0x47d65a @_dl_init_paths+458    : jz	0x7                    
47911000: system.cpu: T0 : 0x47d663 @_dl_init_paths+467    : mov	DS:[rip + 0x46832], 0xffffffffffffffff
47911000: system.cpu: T0 : 0x47d66e @_dl_init_paths+478    : lea	rsp, SS:[rbp + 0xffffffffffffffe8]
47911000: system.cpu: T0 : 0x47d672 @_dl_init_paths+482    : pop	rbx                   
47911000: system.cpu: T0 : 0x47d673 @_dl_init_paths+483    : pop	r12                   
47912000: system.cpu: T0 : 0x47d675 @_dl_init_paths+485    : pop	r13                   
47912000: system.cpu: T0 : 0x47d677 @_dl_init_paths+487    : pop	rbp                   
47913000: system.cpu: T0 : 0x47d678 @_dl_init_paths+488    : ret	                      
47915000: system.cpu: T0 : 0x454534 @_dl_non_dynamic_init+1860    : mov	rax, DS:[rip + 0x76e15]
47917000: system.cpu: T0 : 0x45453b @_dl_non_dynamic_init+1867    : lea	rdi, DS:[rip + 0x48937]
47917000: system.cpu: T0 : 0x454542 @_dl_non_dynamic_init+1874    : mov	DS:[rip + 0x76dff], rax
47917000: system.cpu: T0 : 0x454549 @_dl_non_dynamic_init+1881    : call	0xfffffffffffb60e2   
47923000: system.cpu: T0 : 0x40a630 @getenv    : hint	                     
47923000: system.cpu: T0 : 0x40a634 @getenv+4    : push	r15                  
47923000: system.cpu: T0 : 0x40a636 @getenv+6    : push	r14                  
47923000: system.cpu: T0 : 0x40a638 @getenv+8    : push	r13                  
47923000: system.cpu: T0 : 0x40a63a @getenv+10    : push	r12                  
47924000: system.cpu: T0 : 0x40a63c @getenv+12    : push	rbp                  
47924000: system.cpu: T0 : 0x40a63d @getenv+13    : push	rbx                  
47926000: system.cpu: T0 : 0x40a63e @getenv+14    : sub	rsp, 0x8              
47926000: system.cpu: T0 : 0x40a642 @getenv+18    : mov	rbx, DS:[rip + 0xc0bf7]
47926000: system.cpu: T0 : 0x40a649 @getenv+25    : test	rbx                  
47926000: system.cpu: T0 : 0x40a64c @getenv+28    : jz	0xbe                   
47927000: system.cpu: T0 : 0x40a652 @getenv+34    : movzx	eax, DS:[rdi]       
47927000: system.cpu: T0 : 0x40a655 @getenv+37    : mov	rdi                   
47927000: system.cpu: T0 : 0x40a658 @getenv+40    : test	al                   
47927000: system.cpu: T0 : 0x40a65a @getenv+42    : jz	0xb0                   
47927000: system.cpu: T0 : 0x40a660 @getenv+48    : cmp	DS:[rdi + 0x1], 0     
47928000: system.cpu: T0 : 0x40a664 @getenv+52    : jnz	0x42                  
47930000: system.cpu: T0 : 0x40a6a8 @getenv+120    : call	0xffffffffffff6a23   
47932000: system.cpu: T0 : 0x4010d0 @_init+208    : jmp	DS:[rip + 0xc2ff2]    
47934000: system.cpu: T0 : 0x43e530 @__strlen_sse2    : hint	                     
47934000: system.cpu: T0 : 0x43e534 @__strlen_sse2+4    : pxor	XMM0                 
47934000: system.cpu: T0 : 0x43e538 @__strlen_sse2+8    : pxor	XMM1                 
47934000: system.cpu: T0 : 0x43e53c @__strlen_sse2+12    : pxor	XMM2                 
47936000: system.cpu: T0 : 0x43e540 @__strlen_sse2+16    : pxor	XMM3                 
47936000: system.cpu: T0 : 0x43e544 @__strlen_sse2+20    : mov	rdi                   
47936000: system.cpu: T0 : 0x43e547 @__strlen_sse2+23    : mov	rdi                   
47936000: system.cpu: T0 : 0x43e54a @__strlen_sse2+26    : and	rcx, 0xfff            
47936000: system.cpu: T0 : 0x43e551 @__strlen_sse2+33    : cmp	rcx, 0xfcf            
47937000: system.cpu: T0 : 0x43e558 @__strlen_sse2+40    : jnbe	0x66                 
47937000: system.cpu: T0 : 0x43e55a @__strlen_sse2+42    : movdqu	XMM4, DS:[rax]     
47937000: system.cpu: T0 : 0x43e55e @__strlen_sse2+46    : pcmpeqb	XMM4              
47937000: system.cpu: T0 : 0x43e562 @__strlen_sse2+50    : pmovmskb	edx, XMM4        
47938000: system.cpu: T0 : 0x43e566 @__strlen_sse2+54    : test	edx                  
47938000: system.cpu: T0 : 0x43e568 @__strlen_sse2+56    : jz	0x4                    
47938000: system.cpu: T0 : 0x43e56a @__strlen_sse2+58    : bsf	eax                   
47942000: system.cpu: T0 : 0x43e56d @__strlen_sse2+61    : ret	                      
47944000: system.cpu: T0 : 0x40a6ad @getenv+125    : mov	r12, DS:[rbx]         
47944000: system.cpu: T0 : 0x40a6b0 @getenv+128    : movzx	ebp, DS:[r15]       
47944000: system.cpu: T0 : 0x40a6b4 @getenv+132    : add	r15, 0x2              
47944000: system.cpu: T0 : 0x40a6b8 @getenv+136    : mov	rax                   
47944000: system.cpu: T0 : 0x40a6bb @getenv+139    : lea	r14, DS:[rax + 0xfffffffffffffffe]
47946000: system.cpu: T0 : 0x40a6bf @getenv+143    : test	r12                  
47946000: system.cpu: T0 : 0x40a6c2 @getenv+146    : jnz	0x19                  
47946000: system.cpu: T0 : 0x40a6c4 @getenv+148    : jmp	0xffffffffffffffca    
47948000: system.cpu: T0 : 0x40a690 @getenv+96    : add	rsp, 0x8              
47948000: system.cpu: T0 : 0x40a694 @getenv+100    : mov	r12                   
47948000: system.cpu: T0 : 0x40a697 @getenv+103    : pop	rbx                   
47948000: system.cpu: T0 : 0x40a698 @getenv+104    : pop	rbp                   
47949000: system.cpu: T0 : 0x40a699 @getenv+105    : pop	r12                   
47949000: system.cpu: T0 : 0x40a69b @getenv+107    : pop	r13                   
47949000: system.cpu: T0 : 0x40a69d @getenv+109    : pop	r14                   
47950000: system.cpu: T0 : 0x40a69f @getenv+111    : pop	r15                   
47950000: system.cpu: T0 : 0x40a6a1 @getenv+113    : ret	                      
47952000: system.cpu: T0 : 0x45454e @_dl_non_dynamic_init+1886    : mov	edx, 0x1              
47952000: system.cpu: T0 : 0x454553 @_dl_non_dynamic_init+1891    : test	rax                  
47952000: system.cpu: T0 : 0x454556 @_dl_non_dynamic_init+1894    : jz	0x8                    
48093000: system.cpu: T0 : 0x454560 @_dl_non_dynamic_init+1904    : lea	rdi, DS:[rip + 0x4891e]
48093000: system.cpu: T0 : 0x454567 @_dl_non_dynamic_init+1911    : mov	DS:[rip + 0x77033], edx
48093000: system.cpu: T0 : 0x45456d @_dl_non_dynamic_init+1917    : call	0xfffffffffffb60be   
48096000: system.cpu: T0 : 0x40a630 @getenv    : hint	                     
48096000: system.cpu: T0 : 0x40a634 @getenv+4    : push	r15                  
48096000: system.cpu: T0 : 0x40a636 @getenv+6    : push	r14                  
48096000: system.cpu: T0 : 0x40a638 @getenv+8    : push	r13                  
48096000: system.cpu: T0 : 0x40a63a @getenv+10    : push	r12                  
48097000: system.cpu: T0 : 0x40a63c @getenv+12    : push	rbp                  
48097000: system.cpu: T0 : 0x40a63d @getenv+13    : push	rbx                  
48099000: system.cpu: T0 : 0x40a63e @getenv+14    : sub	rsp, 0x8              
48099000: system.cpu: T0 : 0x40a642 @getenv+18    : mov	rbx, DS:[rip + 0xc0bf7]
48099000: system.cpu: T0 : 0x40a649 @getenv+25    : test	rbx                  
48099000: system.cpu: T0 : 0x40a64c @getenv+28    : jz	0xbe                   
48100000: system.cpu: T0 : 0x40a652 @getenv+34    : movzx	eax, DS:[rdi]       
48100000: system.cpu: T0 : 0x40a655 @getenv+37    : mov	rdi                   
48100000: system.cpu: T0 : 0x40a658 @getenv+40    : test	al                   
48100000: system.cpu: T0 : 0x40a65a @getenv+42    : jz	0xb0                   
48100000: system.cpu: T0 : 0x40a660 @getenv+48    : cmp	DS:[rdi + 0x1], 0     
48112000: system.cpu: T0 : 0x40a664 @getenv+52    : jnz	0x42                  
48114000: system.cpu: T0 : 0x40a6a8 @getenv+120    : call	0xffffffffffff6a23   
48116000: system.cpu: T0 : 0x4010d0 @_init+208    : jmp	DS:[rip + 0xc2ff2]    
48130000: system.cpu: T0 : 0x43e530 @__strlen_sse2    : hint	                     
48130000: system.cpu: T0 : 0x43e534 @__strlen_sse2+4    : pxor	XMM0                 
48130000: system.cpu: T0 : 0x43e538 @__strlen_sse2+8    : pxor	XMM1                 
48130000: system.cpu: T0 : 0x43e53c @__strlen_sse2+12    : pxor	XMM2                 
48132000: system.cpu: T0 : 0x43e540 @__strlen_sse2+16    : pxor	XMM3                 
48132000: system.cpu: T0 : 0x43e544 @__strlen_sse2+20    : mov	rdi                   
48132000: system.cpu: T0 : 0x43e547 @__strlen_sse2+23    : mov	rdi                   
48132000: system.cpu: T0 : 0x43e54a @__strlen_sse2+26    : and	rcx, 0xfff            
48132000: system.cpu: T0 : 0x43e551 @__strlen_sse2+33    : cmp	rcx, 0xfcf            
48133000: system.cpu: T0 : 0x43e558 @__strlen_sse2+40    : jnbe	0x66                 
48133000: system.cpu: T0 : 0x43e55a @__strlen_sse2+42    : movdqu	XMM4, DS:[rax]     
48133000: system.cpu: T0 : 0x43e55e @__strlen_sse2+46    : pcmpeqb	XMM4              
48133000: system.cpu: T0 : 0x43e562 @__strlen_sse2+50    : pmovmskb	edx, XMM4        
48134000: system.cpu: T0 : 0x43e566 @__strlen_sse2+54    : test	edx                  
48134000: system.cpu: T0 : 0x43e568 @__strlen_sse2+56    : jz	0x4                    
48134000: system.cpu: T0 : 0x43e56a @__strlen_sse2+58    : bsf	eax                   
48140000: system.cpu: T0 : 0x43e56d @__strlen_sse2+61    : ret	                      
48142000: system.cpu: T0 : 0x40a6ad @getenv+125    : mov	r12, DS:[rbx]         
48142000: system.cpu: T0 : 0x40a6b0 @getenv+128    : movzx	ebp, DS:[r15]       
48142000: system.cpu: T0 : 0x40a6b4 @getenv+132    : add	r15, 0x2              
48142000: system.cpu: T0 : 0x40a6b8 @getenv+136    : mov	rax                   
48142000: system.cpu: T0 : 0x40a6bb @getenv+139    : lea	r14, DS:[rax + 0xfffffffffffffffe]
48144000: system.cpu: T0 : 0x40a6bf @getenv+143    : test	r12                  
48144000: system.cpu: T0 : 0x40a6c2 @getenv+146    : jnz	0x19                  
48144000: system.cpu: T0 : 0x40a6c4 @getenv+148    : jmp	0xffffffffffffffca    
48146000: system.cpu: T0 : 0x40a690 @getenv+96    : add	rsp, 0x8              
48146000: system.cpu: T0 : 0x40a694 @getenv+100    : mov	r12                   
48146000: system.cpu: T0 : 0x40a697 @getenv+103    : pop	rbx                   
48146000: system.cpu: T0 : 0x40a698 @getenv+104    : pop	rbp                   
48147000: system.cpu: T0 : 0x40a699 @getenv+105    : pop	r12                   
48147000: system.cpu: T0 : 0x40a69b @getenv+107    : pop	r13                   
48147000: system.cpu: T0 : 0x40a69d @getenv+109    : pop	r14                   
48148000: system.cpu: T0 : 0x40a69f @getenv+111    : pop	r15                   
48148000: system.cpu: T0 : 0x40a6a1 @getenv+113    : ret	                      
48150000: system.cpu: T0 : 0x454572 @_dl_non_dynamic_init+1922    : xor	edx                   
48150000: system.cpu: T0 : 0x454574 @_dl_non_dynamic_init+1924    : test	rax                  
48150000: system.cpu: T0 : 0x454577 @_dl_non_dynamic_init+1927    : jz	0x8                    
48172000: system.cpu: T0 : 0x454581 @_dl_non_dynamic_init+1937    : lea	rdi, DS:[rip + 0x48909]
48172000: system.cpu: T0 : 0x454588 @_dl_non_dynamic_init+1944    : mov	DS:[rip + 0x76fda], edx
48172000: system.cpu: T0 : 0x45458e @_dl_non_dynamic_init+1950    : call	0xfffffffffffb609d   
48175000: system.cpu: T0 : 0x40a630 @getenv    : hint	                     
48175000: system.cpu: T0 : 0x40a634 @getenv+4    : push	r15                  
48175000: system.cpu: T0 : 0x40a636 @getenv+6    : push	r14                  
48175000: system.cpu: T0 : 0x40a638 @getenv+8    : push	r13                  
48175000: system.cpu: T0 : 0x40a63a @getenv+10    : push	r12                  
48176000: system.cpu: T0 : 0x40a63c @getenv+12    : push	rbp                  
48176000: system.cpu: T0 : 0x40a63d @getenv+13    : push	rbx                  
48178000: system.cpu: T0 : 0x40a63e @getenv+14    : sub	rsp, 0x8              
48178000: system.cpu: T0 : 0x40a642 @getenv+18    : mov	rbx, DS:[rip + 0xc0bf7]
48178000: system.cpu: T0 : 0x40a649 @getenv+25    : test	rbx                  
48178000: system.cpu: T0 : 0x40a64c @getenv+28    : jz	0xbe                   
48179000: system.cpu: T0 : 0x40a652 @getenv+34    : movzx	eax, DS:[rdi]       
48179000: system.cpu: T0 : 0x40a655 @getenv+37    : mov	rdi                   
48179000: system.cpu: T0 : 0x40a658 @getenv+40    : test	al                   
48179000: system.cpu: T0 : 0x40a65a @getenv+42    : jz	0xb0                   
48179000: system.cpu: T0 : 0x40a660 @getenv+48    : cmp	DS:[rdi + 0x1], 0     
48180000: system.cpu: T0 : 0x40a664 @getenv+52    : jnz	0x42                  
48182000: system.cpu: T0 : 0x40a6a8 @getenv+120    : call	0xffffffffffff6a23   
48184000: system.cpu: T0 : 0x4010d0 @_init+208    : jmp	DS:[rip + 0xc2ff2]    
48198000: system.cpu: T0 : 0x43e530 @__strlen_sse2    : hint	                     
48198000: system.cpu: T0 : 0x43e534 @__strlen_sse2+4    : pxor	XMM0                 
48198000: system.cpu: T0 : 0x43e538 @__strlen_sse2+8    : pxor	XMM1                 
48198000: system.cpu: T0 : 0x43e53c @__strlen_sse2+12    : pxor	XMM2                 
48200000: system.cpu: T0 : 0x43e540 @__strlen_sse2+16    : pxor	XMM3                 
48200000: system.cpu: T0 : 0x43e544 @__strlen_sse2+20    : mov	rdi                   
48200000: system.cpu: T0 : 0x43e547 @__strlen_sse2+23    : mov	rdi                   
48200000: system.cpu: T0 : 0x43e54a @__strlen_sse2+26    : and	rcx, 0xfff            
48200000: system.cpu: T0 : 0x43e551 @__strlen_sse2+33    : cmp	rcx, 0xfcf            
48201000: system.cpu: T0 : 0x43e558 @__strlen_sse2+40    : jnbe	0x66                 
48201000: system.cpu: T0 : 0x43e55a @__strlen_sse2+42    : movdqu	XMM4, DS:[rax]     
48201000: system.cpu: T0 : 0x43e55e @__strlen_sse2+46    : pcmpeqb	XMM4              
48201000: system.cpu: T0 : 0x43e562 @__strlen_sse2+50    : pmovmskb	edx, XMM4        
48202000: system.cpu: T0 : 0x43e566 @__strlen_sse2+54    : test	edx                  
48202000: system.cpu: T0 : 0x43e568 @__strlen_sse2+56    : jz	0x4                    
48202000: system.cpu: T0 : 0x43e56a @__strlen_sse2+58    : bsf	eax                   
48208000: system.cpu: T0 : 0x43e56d @__strlen_sse2+61    : ret	                      
48210000: system.cpu: T0 : 0x40a6ad @getenv+125    : mov	r12, DS:[rbx]         
48210000: system.cpu: T0 : 0x40a6b0 @getenv+128    : movzx	ebp, DS:[r15]       
48210000: system.cpu: T0 : 0x40a6b4 @getenv+132    : add	r15, 0x2              
48210000: system.cpu: T0 : 0x40a6b8 @getenv+136    : mov	rax                   
48210000: system.cpu: T0 : 0x40a6bb @getenv+139    : lea	r14, DS:[rax + 0xfffffffffffffffe]
48212000: system.cpu: T0 : 0x40a6bf @getenv+143    : test	r12                  
48212000: system.cpu: T0 : 0x40a6c2 @getenv+146    : jnz	0x19                  
48212000: system.cpu: T0 : 0x40a6c4 @getenv+148    : jmp	0xffffffffffffffca    
48214000: system.cpu: T0 : 0x40a690 @getenv+96    : add	rsp, 0x8              
48214000: system.cpu: T0 : 0x40a694 @getenv+100    : mov	r12                   
48214000: system.cpu: T0 : 0x40a697 @getenv+103    : pop	rbx                   
48214000: system.cpu: T0 : 0x40a698 @getenv+104    : pop	rbp                   
48215000: system.cpu: T0 : 0x40a699 @getenv+105    : pop	r12                   
48215000: system.cpu: T0 : 0x40a69b @getenv+107    : pop	r13                   
48215000: system.cpu: T0 : 0x40a69d @getenv+109    : pop	r14                   
48216000: system.cpu: T0 : 0x40a69f @getenv+111    : pop	r15                   
48216000: system.cpu: T0 : 0x40a6a1 @getenv+113    : ret	                      
48218000: system.cpu: T0 : 0x454593 @_dl_non_dynamic_init+1955    : mov	edx, 0x1              
48218000: system.cpu: T0 : 0x454598 @_dl_non_dynamic_init+1960    : test	rax                  
48218000: system.cpu: T0 : 0x45459b @_dl_non_dynamic_init+1963    : jz	0x8                    
48240000: system.cpu: T0 : 0x4545a5 @_dl_non_dynamic_init+1973    : lea	rdi, DS:[rip + 0x488f5]
48240000: system.cpu: T0 : 0x4545ac @_dl_non_dynamic_init+1980    : mov	DS:[rip + 0x76fea], edx
48240000: system.cpu: T0 : 0x4545b2 @_dl_non_dynamic_init+1986    : call	0xfffffffffffb6079   
48243000: system.cpu: T0 : 0x40a630 @getenv    : hint	                     
48243000: system.cpu: T0 : 0x40a634 @getenv+4    : push	r15                  
48243000: system.cpu: T0 : 0x40a636 @getenv+6    : push	r14                  
48243000: system.cpu: T0 : 0x40a638 @getenv+8    : push	r13                  
48243000: system.cpu: T0 : 0x40a63a @getenv+10    : push	r12                  
48244000: system.cpu: T0 : 0x40a63c @getenv+12    : push	rbp                  
48244000: system.cpu: T0 : 0x40a63d @getenv+13    : push	rbx                  
48246000: system.cpu: T0 : 0x40a63e @getenv+14    : sub	rsp, 0x8              
48246000: system.cpu: T0 : 0x40a642 @getenv+18    : mov	rbx, DS:[rip + 0xc0bf7]
48246000: system.cpu: T0 : 0x40a649 @getenv+25    : test	rbx                  
48246000: system.cpu: T0 : 0x40a64c @getenv+28    : jz	0xbe                   
48247000: system.cpu: T0 : 0x40a652 @getenv+34    : movzx	eax, DS:[rdi]       
48247000: system.cpu: T0 : 0x40a655 @getenv+37    : mov	rdi                   
48247000: system.cpu: T0 : 0x40a658 @getenv+40    : test	al                   
48247000: system.cpu: T0 : 0x40a65a @getenv+42    : jz	0xb0                   
48247000: system.cpu: T0 : 0x40a660 @getenv+48    : cmp	DS:[rdi + 0x1], 0     
48248000: system.cpu: T0 : 0x40a664 @getenv+52    : jnz	0x42                  
48250000: system.cpu: T0 : 0x40a6a8 @getenv+120    : call	0xffffffffffff6a23   
48252000: system.cpu: T0 : 0x4010d0 @_init+208    : jmp	DS:[rip + 0xc2ff2]    
48254000: system.cpu: T0 : 0x43e530 @__strlen_sse2    : hint	                     
48254000: system.cpu: T0 : 0x43e534 @__strlen_sse2+4    : pxor	XMM0                 
48254000: system.cpu: T0 : 0x43e538 @__strlen_sse2+8    : pxor	XMM1                 
48254000: system.cpu: T0 : 0x43e53c @__strlen_sse2+12    : pxor	XMM2                 
48256000: system.cpu: T0 : 0x43e540 @__strlen_sse2+16    : pxor	XMM3                 
48256000: system.cpu: T0 : 0x43e544 @__strlen_sse2+20    : mov	rdi                   
48256000: system.cpu: T0 : 0x43e547 @__strlen_sse2+23    : mov	rdi                   
48256000: system.cpu: T0 : 0x43e54a @__strlen_sse2+26    : and	rcx, 0xfff            
48256000: system.cpu: T0 : 0x43e551 @__strlen_sse2+33    : cmp	rcx, 0xfcf            
48257000: system.cpu: T0 : 0x43e558 @__strlen_sse2+40    : jnbe	0x66                 
48257000: system.cpu: T0 : 0x43e55a @__strlen_sse2+42    : movdqu	XMM4, DS:[rax]     
48257000: system.cpu: T0 : 0x43e55e @__strlen_sse2+46    : pcmpeqb	XMM4              
48257000: system.cpu: T0 : 0x43e562 @__strlen_sse2+50    : pmovmskb	edx, XMM4        
48258000: system.cpu: T0 : 0x43e566 @__strlen_sse2+54    : test	edx                  
48258000: system.cpu: T0 : 0x43e568 @__strlen_sse2+56    : jz	0x4                    
48274000: system.cpu: T0 : 0x43e56e @__strlen_sse2+62    : and	rax, 0xfffffffffffffff0
48274000: system.cpu: T0 : 0x43e572 @__strlen_sse2+66    : pcmpeqb	XMM1, DS:[rax + 0x10]
48274000: system.cpu: T0 : 0x43e577 @__strlen_sse2+71    : pcmpeqb	XMM2, DS:[rax + 0x20]
48384000: system.cpu: T0 : 0x43e57c @__strlen_sse2+76    : pcmpeqb	XMM3, DS:[rax + 0x30]
48384000: system.cpu: T0 : 0x43e581 @__strlen_sse2+81    : pmovmskb	edx, XMM1        
48384000: system.cpu: T0 : 0x43e585 @__strlen_sse2+85    : pmovmskb	r8d, XMM2        
48385000: system.cpu: T0 : 0x43e58a @__strlen_sse2+90    : pmovmskb	ecx, XMM3        
48385000: system.cpu: T0 : 0x43e58e @__strlen_sse2+94    : sal	0x10                  
48385000: system.cpu: T0 : 0x43e592 @__strlen_sse2+98    : sal	0x10                  
48385000: system.cpu: T0 : 0x43e596 @__strlen_sse2+102    : or	r8                     
48386000: system.cpu: T0 : 0x43e599 @__strlen_sse2+105    : sal	0x20                  
48386000: system.cpu: T0 : 0x43e59d @__strlen_sse2+109    : or	rcx                    
48386000: system.cpu: T0 : 0x43e5a0 @__strlen_sse2+112    : mov	rdi                   
48386000: system.cpu: T0 : 0x43e5a3 @__strlen_sse2+115    : xor	rax                   
48386000: system.cpu: T0 : 0x43e5a6 @__strlen_sse2+118    : and	rax, 0xffffffffffffffc0
48386000: system.cpu: T0 : 0x43e5aa @__strlen_sse2+122    : sar	rcx                   
48386000: system.cpu: T0 : 0x43e5ad @__strlen_sse2+125    : test	rdx                  
48387000: system.cpu: T0 : 0x43e5b0 @__strlen_sse2+128    : jz	0x7e                   
48387000: system.cpu: T0 : 0x43e5b2 @__strlen_sse2+130    : bsf	rax                   
48391000: system.cpu: T0 : 0x43e5b6 @__strlen_sse2+134    : ret	                      
48393000: system.cpu: T0 : 0x40a6ad @getenv+125    : mov	r12, DS:[rbx]         
48393000: system.cpu: T0 : 0x40a6b0 @getenv+128    : movzx	ebp, DS:[r15]       
48393000: system.cpu: T0 : 0x40a6b4 @getenv+132    : add	r15, 0x2              
48393000: system.cpu: T0 : 0x40a6b8 @getenv+136    : mov	rax                   
48393000: system.cpu: T0 : 0x40a6bb @getenv+139    : lea	r14, DS:[rax + 0xfffffffffffffffe]
48395000: system.cpu: T0 : 0x40a6bf @getenv+143    : test	r12                  
48395000: system.cpu: T0 : 0x40a6c2 @getenv+146    : jnz	0x19                  
48395000: system.cpu: T0 : 0x40a6c4 @getenv+148    : jmp	0xffffffffffffffca    
48397000: system.cpu: T0 : 0x40a690 @getenv+96    : add	rsp, 0x8              
48397000: system.cpu: T0 : 0x40a694 @getenv+100    : mov	r12                   
48397000: system.cpu: T0 : 0x40a697 @getenv+103    : pop	rbx                   
48397000: system.cpu: T0 : 0x40a698 @getenv+104    : pop	rbp                   
48398000: system.cpu: T0 : 0x40a699 @getenv+105    : pop	r12                   
48398000: system.cpu: T0 : 0x40a69b @getenv+107    : pop	r13                   
48398000: system.cpu: T0 : 0x40a69d @getenv+109    : pop	r14                   
48399000: system.cpu: T0 : 0x40a69f @getenv+111    : pop	r15                   
48399000: system.cpu: T0 : 0x40a6a1 @getenv+113    : ret	                      
48401000: system.cpu: T0 : 0x4545b7 @_dl_non_dynamic_init+1991    : mov	DS:[rip + 0x76fca], rax
48403000: system.cpu: T0 : 0x4545be @_dl_non_dynamic_init+1998    : test	rax                  
48403000: system.cpu: T0 : 0x4545c1 @_dl_non_dynamic_init+2001    : jz	0x1e1                  
48539000: system.cpu: T0 : 0x4547a8 @_dl_non_dynamic_init+2488    : mov	eax, DS:[rip + 0x6f2e2]
48539000: system.cpu: T0 : 0x4547ae @_dl_non_dynamic_init+2494    : lea	rdx, DS:[rip + 0x4848f]
48539000: system.cpu: T0 : 0x4547b5 @_dl_non_dynamic_init+2501    : lea	rcx, DS:[rdx + 0x9]   
48539000: system.cpu: T0 : 0x4547b9 @_dl_non_dynamic_init+2505    : test	eax                  
48539000: system.cpu: T0 : 0x4547bb @_dl_non_dynamic_init+2507    : cmovnz	rdx                
48542000: system.cpu: T0 : 0x4547bf @_dl_non_dynamic_init+2511    : mov	DS:[rip + 0x76dc2], rdx
48542000: system.cpu: T0 : 0x4547c6 @_dl_non_dynamic_init+2518    : jmp	0xfffffffffffffe0b    
48547000: system.cpu: T0 : 0x4545d6 @_dl_non_dynamic_init+2022    : test	eax                  
48547000: system.cpu: T0 : 0x4545d8 @_dl_non_dynamic_init+2024    : jz	0x31                   
48558000: system.cpu: T0 : 0x45460b @_dl_non_dynamic_init+2075    : mov	rax, DS:[rip + 0x76f9e]
48558000: system.cpu: T0 : 0x454612 @_dl_non_dynamic_init+2082    : test	rax                  
48558000: system.cpu: T0 : 0x454615 @_dl_non_dynamic_init+2085    : jz	0x10                   
48558000: system.cpu: T0 : 0x454617 @_dl_non_dynamic_init+2087    : cmp	DS:[rax], 0           
48559000: system.cpu: T0 : 0x45461a @_dl_non_dynamic_init+2090    : jnz	0xb                   
48577000: system.cpu: T0 : 0x454627 @_dl_non_dynamic_init+2103    : lea	rdi, DS:[rip + 0x48885]
48577000: system.cpu: T0 : 0x45462e @_dl_non_dynamic_init+2110    : call	0xfffffffffffb5ffd   
48579000: system.cpu: T0 : 0x40a630 @getenv    : hint	                     
48579000: system.cpu: T0 : 0x40a634 @getenv+4    : push	r15                  
48579000: system.cpu: T0 : 0x40a636 @getenv+6    : push	r14                  
48579000: system.cpu: T0 : 0x40a638 @getenv+8    : push	r13                  
48579000: system.cpu: T0 : 0x40a63a @getenv+10    : push	r12                  
48580000: system.cpu: T0 : 0x40a63c @getenv+12    : push	rbp                  
48580000: system.cpu: T0 : 0x40a63d @getenv+13    : push	rbx                  
48582000: system.cpu: T0 : 0x40a63e @getenv+14    : sub	rsp, 0x8              
48582000: system.cpu: T0 : 0x40a642 @getenv+18    : mov	rbx, DS:[rip + 0xc0bf7]
48582000: system.cpu: T0 : 0x40a649 @getenv+25    : test	rbx                  
48582000: system.cpu: T0 : 0x40a64c @getenv+28    : jz	0xbe                   
48583000: system.cpu: T0 : 0x40a652 @getenv+34    : movzx	eax, DS:[rdi]       
48583000: system.cpu: T0 : 0x40a655 @getenv+37    : mov	rdi                   
48583000: system.cpu: T0 : 0x40a658 @getenv+40    : test	al                   
48583000: system.cpu: T0 : 0x40a65a @getenv+42    : jz	0xb0                   
48583000: system.cpu: T0 : 0x40a660 @getenv+48    : cmp	DS:[rdi + 0x1], 0     
48584000: system.cpu: T0 : 0x40a664 @getenv+52    : jnz	0x42                  
48586000: system.cpu: T0 : 0x40a6a8 @getenv+120    : call	0xffffffffffff6a23   
48588000: system.cpu: T0 : 0x4010d0 @_init+208    : jmp	DS:[rip + 0xc2ff2]    
48602000: system.cpu: T0 : 0x43e530 @__strlen_sse2    : hint	                     
48602000: system.cpu: T0 : 0x43e534 @__strlen_sse2+4    : pxor	XMM0                 
48602000: system.cpu: T0 : 0x43e538 @__strlen_sse2+8    : pxor	XMM1                 
48602000: system.cpu: T0 : 0x43e53c @__strlen_sse2+12    : pxor	XMM2                 
48604000: system.cpu: T0 : 0x43e540 @__strlen_sse2+16    : pxor	XMM3                 
48604000: system.cpu: T0 : 0x43e544 @__strlen_sse2+20    : mov	rdi                   
48604000: system.cpu: T0 : 0x43e547 @__strlen_sse2+23    : mov	rdi                   
48604000: system.cpu: T0 : 0x43e54a @__strlen_sse2+26    : and	rcx, 0xfff            
48604000: system.cpu: T0 : 0x43e551 @__strlen_sse2+33    : cmp	rcx, 0xfcf            
48605000: system.cpu: T0 : 0x43e558 @__strlen_sse2+40    : jnbe	0x66                 
48605000: system.cpu: T0 : 0x43e55a @__strlen_sse2+42    : movdqu	XMM4, DS:[rax]     
48605000: system.cpu: T0 : 0x43e55e @__strlen_sse2+46    : pcmpeqb	XMM4              
48605000: system.cpu: T0 : 0x43e562 @__strlen_sse2+50    : pmovmskb	edx, XMM4        
48606000: system.cpu: T0 : 0x43e566 @__strlen_sse2+54    : test	edx                  
48606000: system.cpu: T0 : 0x43e568 @__strlen_sse2+56    : jz	0x4                    
48607000: system.cpu: T0 : 0x43e56e @__strlen_sse2+62    : and	rax, 0xfffffffffffffff0
48607000: system.cpu: T0 : 0x43e572 @__strlen_sse2+66    : pcmpeqb	XMM1, DS:[rax + 0x10]
48607000: system.cpu: T0 : 0x43e577 @__strlen_sse2+71    : pcmpeqb	XMM2, DS:[rax + 0x20]
48612000: system.cpu: T0 : 0x43e57c @__strlen_sse2+76    : pcmpeqb	XMM3, DS:[rax + 0x30]
48612000: system.cpu: T0 : 0x43e581 @__strlen_sse2+81    : pmovmskb	edx, XMM1        
48612000: system.cpu: T0 : 0x43e585 @__strlen_sse2+85    : pmovmskb	r8d, XMM2        
48613000: system.cpu: T0 : 0x43e58a @__strlen_sse2+90    : pmovmskb	ecx, XMM3        
48613000: system.cpu: T0 : 0x43e58e @__strlen_sse2+94    : sal	0x10                  
48613000: system.cpu: T0 : 0x43e592 @__strlen_sse2+98    : sal	0x10                  
48613000: system.cpu: T0 : 0x43e596 @__strlen_sse2+102    : or	r8                     
48614000: system.cpu: T0 : 0x43e599 @__strlen_sse2+105    : sal	0x20                  
48614000: system.cpu: T0 : 0x43e59d @__strlen_sse2+109    : or	rcx                    
48614000: system.cpu: T0 : 0x43e5a0 @__strlen_sse2+112    : mov	rdi                   
48614000: system.cpu: T0 : 0x43e5a3 @__strlen_sse2+115    : xor	rax                   
48614000: system.cpu: T0 : 0x43e5a6 @__strlen_sse2+118    : and	rax, 0xffffffffffffffc0
48614000: system.cpu: T0 : 0x43e5aa @__strlen_sse2+122    : sar	rcx                   
48614000: system.cpu: T0 : 0x43e5ad @__strlen_sse2+125    : test	rdx                  
48615000: system.cpu: T0 : 0x43e5b0 @__strlen_sse2+128    : jz	0x7e                   
48615000: system.cpu: T0 : 0x43e5b2 @__strlen_sse2+130    : bsf	rax                   
48619000: system.cpu: T0 : 0x43e5b6 @__strlen_sse2+134    : ret	                      
48621000: system.cpu: T0 : 0x40a6ad @getenv+125    : mov	r12, DS:[rbx]         
48621000: system.cpu: T0 : 0x40a6b0 @getenv+128    : movzx	ebp, DS:[r15]       
48621000: system.cpu: T0 : 0x40a6b4 @getenv+132    : add	r15, 0x2              
48621000: system.cpu: T0 : 0x40a6b8 @getenv+136    : mov	rax                   
48621000: system.cpu: T0 : 0x40a6bb @getenv+139    : lea	r14, DS:[rax + 0xfffffffffffffffe]
48623000: system.cpu: T0 : 0x40a6bf @getenv+143    : test	r12                  
48623000: system.cpu: T0 : 0x40a6c2 @getenv+146    : jnz	0x19                  
48623000: system.cpu: T0 : 0x40a6c4 @getenv+148    : jmp	0xffffffffffffffca    
48625000: system.cpu: T0 : 0x40a690 @getenv+96    : add	rsp, 0x8              
48625000: system.cpu: T0 : 0x40a694 @getenv+100    : mov	r12                   
48625000: system.cpu: T0 : 0x40a697 @getenv+103    : pop	rbx                   
48625000: system.cpu: T0 : 0x40a698 @getenv+104    : pop	rbp                   
48626000: system.cpu: T0 : 0x40a699 @getenv+105    : pop	r12                   
48626000: system.cpu: T0 : 0x40a69b @getenv+107    : pop	r13                   
48626000: system.cpu: T0 : 0x40a69d @getenv+109    : pop	r14                   
48627000: system.cpu: T0 : 0x40a69f @getenv+111    : pop	r15                   
48627000: system.cpu: T0 : 0x40a6a1 @getenv+113    : ret	                      
48629000: system.cpu: T0 : 0x454633 @_dl_non_dynamic_init+2115    : mov	rax                   
48629000: system.cpu: T0 : 0x454636 @_dl_non_dynamic_init+2118    : test	rax                  
48629000: system.cpu: T0 : 0x454639 @_dl_non_dynamic_init+2121    : jz	0x80                   
48849000: system.cpu: T0 : 0x4546bf @_dl_non_dynamic_init+2255    : mov	rdi, DS:[rip + 0x76eea]
48849000: system.cpu: T0 : 0x4546c6 @_dl_non_dynamic_init+2262    : test	rdi                  
48849000: system.cpu: T0 : 0x4546c9 @_dl_non_dynamic_init+2265    : jz	0xc                    
48849000: system.cpu: T0 : 0x4546cb @_dl_non_dynamic_init+2267    : call	0xfffffffffffaca00   
48855000: system.cpu: T0 : 0x4010d0 @_init+208    : jmp	DS:[rip + 0xc2ff2]    
48869000: system.cpu: T0 : 0x43e530 @__strlen_sse2    : hint	                     
48869000: system.cpu: T0 : 0x43e534 @__strlen_sse2+4    : pxor	XMM0                 
48869000: system.cpu: T0 : 0x43e538 @__strlen_sse2+8    : pxor	XMM1                 
48869000: system.cpu: T0 : 0x43e53c @__strlen_sse2+12    : pxor	XMM2                 
48871000: system.cpu: T0 : 0x43e540 @__strlen_sse2+16    : pxor	XMM3                 
48871000: system.cpu: T0 : 0x43e544 @__strlen_sse2+20    : mov	rdi                   
48871000: system.cpu: T0 : 0x43e547 @__strlen_sse2+23    : mov	rdi                   
48871000: system.cpu: T0 : 0x43e54a @__strlen_sse2+26    : and	rcx, 0xfff            
48871000: system.cpu: T0 : 0x43e551 @__strlen_sse2+33    : cmp	rcx, 0xfcf            
48872000: system.cpu: T0 : 0x43e558 @__strlen_sse2+40    : jnbe	0x66                 
48872000: system.cpu: T0 : 0x43e55a @__strlen_sse2+42    : movdqu	XMM4, DS:[rax]     
48872000: system.cpu: T0 : 0x43e55e @__strlen_sse2+46    : pcmpeqb	XMM4              
48872000: system.cpu: T0 : 0x43e562 @__strlen_sse2+50    : pmovmskb	edx, XMM4        
48873000: system.cpu: T0 : 0x43e566 @__strlen_sse2+54    : test	edx                  
48873000: system.cpu: T0 : 0x43e568 @__strlen_sse2+56    : jz	0x4                    
48894000: system.cpu: T0 : 0x43e56a @__strlen_sse2+58    : bsf	eax                   
48897000: system.cpu: T0 : 0x43e56d @__strlen_sse2+61    : ret	                      
48900000: system.cpu: T0 : 0x4546d0 @_dl_non_dynamic_init+2272    : mov	DS:[rip + 0x76ed1], rax
48900000: system.cpu: T0 : 0x4546d7 @_dl_non_dynamic_init+2279    : mov	rax, DS:[rip + 0x76c52]
48900000: system.cpu: T0 : 0x4546de @_dl_non_dynamic_init+2286    : test	rax                  
48900000: system.cpu: T0 : 0x4546e1 @_dl_non_dynamic_init+2289    : jz	0x92                   
48904000: system.cpu: T0 : 0x4546e7 @_dl_non_dynamic_init+2295    : mov	rcx, DS:[rip + 0x76c3a]
48904000: system.cpu: T0 : 0x4546ee @_dl_non_dynamic_init+2302    : lea	rdx, DS:[8*rcx + t0]  
48904000: system.cpu: T0 : 0x4546f6 @_dl_non_dynamic_init+2310    : sub	rcx                   
48904000: system.cpu: T0 : 0x4546f9 @_dl_non_dynamic_init+2313    : lea	rcx, DS:[8*rdx + rax] 
48904000: system.cpu: T0 : 0x4546fd @_dl_non_dynamic_init+2317    : cmp	rcx                   
48985000: system.cpu: T0 : 0x454700 @_dl_non_dynamic_init+2320    : jnb	0x77                  
48985000: system.cpu: T0 : 0x454702 @_dl_non_dynamic_init+2322    : mov	r8, SS:[t0 + rsp + 0x4]
48985000: system.cpu: T0 : 0x454707 @_dl_non_dynamic_init+2327    : mov	r9, SS:[t0 + rsp + 0x8]
48985000: system.cpu: T0 : 0x45470c @_dl_non_dynamic_init+2332    : xor	esi                   
48985000: system.cpu: T0 : 0x45470e @_dl_non_dynamic_init+2334    : xor	edi                   
48985000: system.cpu: T0 : 0x454710 @_dl_non_dynamic_init+2336    : jmp	0x24                  
48989000: system.cpu: T0 : 0x454736 @_dl_non_dynamic_init+2374    : mov	edx, DS:[rax]         
48989000: system.cpu: T0 : 0x454738 @_dl_non_dynamic_init+2376    : cmp	edx, 0x6474e551       
48989000: system.cpu: T0 : 0x45473e @_dl_non_dynamic_init+2382    : jnz	0xffffffffffffffd8    
49003000: system.cpu: T0 : 0x454718 @_dl_non_dynamic_init+2344    : cmp	edx, 0x6474e552       
49003000: system.cpu: T0 : 0x45471e @_dl_non_dynamic_init+2350    : jnz	0xd                   
49013000: system.cpu: T0 : 0x45472d @_dl_non_dynamic_init+2365    : add	rax, 0x38             
49013000: system.cpu: T0 : 0x454731 @_dl_non_dynamic_init+2369    : cmp	rcx                   
49013000: system.cpu: T0 : 0x454734 @_dl_non_dynamic_init+2372    : jnb	0x1c                  
49013000: system.cpu: T0 : 0x454736 @_dl_non_dynamic_init+2374    : mov	edx, DS:[rax]         
49013000: system.cpu: T0 : 0x454738 @_dl_non_dynamic_init+2376    : cmp	edx, 0x6474e551       
49014000: system.cpu: T0 : 0x45473e @_dl_non_dynamic_init+2382    : jnz	0xffffffffffffffd8    
49015000: system.cpu: T0 : 0x454718 @_dl_non_dynamic_init+2344    : cmp	edx, 0x6474e552       
49015000: system.cpu: T0 : 0x45471e @_dl_non_dynamic_init+2350    : jnz	0xd                   
49016000: system.cpu: T0 : 0x45472d @_dl_non_dynamic_init+2365    : add	rax, 0x38             
49016000: system.cpu: T0 : 0x454731 @_dl_non_dynamic_init+2369    : cmp	rcx                   
49016000: system.cpu: T0 : 0x454734 @_dl_non_dynamic_init+2372    : jnb	0x1c                  
49016000: system.cpu: T0 : 0x454736 @_dl_non_dynamic_init+2374    : mov	edx, DS:[rax]         
49016000: system.cpu: T0 : 0x454738 @_dl_non_dynamic_init+2376    : cmp	edx, 0x6474e551       
49017000: system.cpu: T0 : 0x45473e @_dl_non_dynamic_init+2382    : jnz	0xffffffffffffffd8    
49018000: system.cpu: T0 : 0x454718 @_dl_non_dynamic_init+2344    : cmp	edx, 0x6474e552       
49018000: system.cpu: T0 : 0x45471e @_dl_non_dynamic_init+2350    : jnz	0xd                   
49019000: system.cpu: T0 : 0x45472d @_dl_non_dynamic_init+2365    : add	rax, 0x38             
49019000: system.cpu: T0 : 0x454731 @_dl_non_dynamic_init+2369    : cmp	rcx                   
49019000: system.cpu: T0 : 0x454734 @_dl_non_dynamic_init+2372    : jnb	0x1c                  
49019000: system.cpu: T0 : 0x454736 @_dl_non_dynamic_init+2374    : mov	edx, DS:[rax]         
49019000: system.cpu: T0 : 0x454738 @_dl_non_dynamic_init+2376    : cmp	edx, 0x6474e551       
49020000: system.cpu: T0 : 0x45473e @_dl_non_dynamic_init+2382    : jnz	0xffffffffffffffd8    
49021000: system.cpu: T0 : 0x454718 @_dl_non_dynamic_init+2344    : cmp	edx, 0x6474e552       
49021000: system.cpu: T0 : 0x45471e @_dl_non_dynamic_init+2350    : jnz	0xd                   
49022000: system.cpu: T0 : 0x45472d @_dl_non_dynamic_init+2365    : add	rax, 0x38             
49022000: system.cpu: T0 : 0x454731 @_dl_non_dynamic_init+2369    : cmp	rcx                   
49022000: system.cpu: T0 : 0x454734 @_dl_non_dynamic_init+2372    : jnb	0x1c                  
49022000: system.cpu: T0 : 0x454736 @_dl_non_dynamic_init+2374    : mov	edx, DS:[rax]         
49022000: system.cpu: T0 : 0x454738 @_dl_non_dynamic_init+2376    : cmp	edx, 0x6474e551       
49023000: system.cpu: T0 : 0x45473e @_dl_non_dynamic_init+2382    : jnz	0xffffffffffffffd8    
49024000: system.cpu: T0 : 0x454718 @_dl_non_dynamic_init+2344    : cmp	edx, 0x6474e552       
49024000: system.cpu: T0 : 0x45471e @_dl_non_dynamic_init+2350    : jnz	0xd                   
49025000: system.cpu: T0 : 0x45472d @_dl_non_dynamic_init+2365    : add	rax, 0x38             
49025000: system.cpu: T0 : 0x454731 @_dl_non_dynamic_init+2369    : cmp	rcx                   
49025000: system.cpu: T0 : 0x454734 @_dl_non_dynamic_init+2372    : jnb	0x1c                  
49025000: system.cpu: T0 : 0x454736 @_dl_non_dynamic_init+2374    : mov	edx, DS:[rax]         
49025000: system.cpu: T0 : 0x454738 @_dl_non_dynamic_init+2376    : cmp	edx, 0x6474e551       
49026000: system.cpu: T0 : 0x45473e @_dl_non_dynamic_init+2382    : jnz	0xffffffffffffffd8    
49027000: system.cpu: T0 : 0x454718 @_dl_non_dynamic_init+2344    : cmp	edx, 0x6474e552       
49027000: system.cpu: T0 : 0x45471e @_dl_non_dynamic_init+2350    : jnz	0xd                   
49028000: system.cpu: T0 : 0x45472d @_dl_non_dynamic_init+2365    : add	rax, 0x38             
49028000: system.cpu: T0 : 0x454731 @_dl_non_dynamic_init+2369    : cmp	rcx                   
49028000: system.cpu: T0 : 0x454734 @_dl_non_dynamic_init+2372    : jnb	0x1c                  
49028000: system.cpu: T0 : 0x454736 @_dl_non_dynamic_init+2374    : mov	edx, DS:[rax]         
49028000: system.cpu: T0 : 0x454738 @_dl_non_dynamic_init+2376    : cmp	edx, 0x6474e551       
49029000: system.cpu: T0 : 0x45473e @_dl_non_dynamic_init+2382    : jnz	0xffffffffffffffd8    
49030000: system.cpu: T0 : 0x454718 @_dl_non_dynamic_init+2344    : cmp	edx, 0x6474e552       
49030000: system.cpu: T0 : 0x45471e @_dl_non_dynamic_init+2350    : jnz	0xd                   
49031000: system.cpu: T0 : 0x45472d @_dl_non_dynamic_init+2365    : add	rax, 0x38             
49031000: system.cpu: T0 : 0x454731 @_dl_non_dynamic_init+2369    : cmp	rcx                   
49031000: system.cpu: T0 : 0x454734 @_dl_non_dynamic_init+2372    : jnb	0x1c                  
49031000: system.cpu: T0 : 0x454736 @_dl_non_dynamic_init+2374    : mov	edx, DS:[rax]         
49031000: system.cpu: T0 : 0x454738 @_dl_non_dynamic_init+2376    : cmp	edx, 0x6474e551       
49032000: system.cpu: T0 : 0x45473e @_dl_non_dynamic_init+2382    : jnz	0xffffffffffffffd8    
49033000: system.cpu: T0 : 0x454718 @_dl_non_dynamic_init+2344    : cmp	edx, 0x6474e552       
49033000: system.cpu: T0 : 0x45471e @_dl_non_dynamic_init+2350    : jnz	0xd                   
49034000: system.cpu: T0 : 0x45472d @_dl_non_dynamic_init+2365    : add	rax, 0x38             
49034000: system.cpu: T0 : 0x454731 @_dl_non_dynamic_init+2369    : cmp	rcx                   
49034000: system.cpu: T0 : 0x454734 @_dl_non_dynamic_init+2372    : jnb	0x1c                  
49034000: system.cpu: T0 : 0x454736 @_dl_non_dynamic_init+2374    : mov	edx, DS:[rax]         
49034000: system.cpu: T0 : 0x454738 @_dl_non_dynamic_init+2376    : cmp	edx, 0x6474e551       
49035000: system.cpu: T0 : 0x45473e @_dl_non_dynamic_init+2382    : jnz	0xffffffffffffffd8    
49085000: system.cpu: T0 : 0x454740 @_dl_non_dynamic_init+2384    : mov	r8d, DS:[rax + 0x4]   
49085000: system.cpu: T0 : 0x454744 @_dl_non_dynamic_init+2388    : add	rax, 0x38             
49085000: system.cpu: T0 : 0x454748 @_dl_non_dynamic_init+2392    : mov	edi, 0x1              
49085000: system.cpu: T0 : 0x45474d @_dl_non_dynamic_init+2397    : cmp	rcx                   
49085000: system.cpu: T0 : 0x454750 @_dl_non_dynamic_init+2400    : jb	0xffffffffffffffe4     
49098000: system.cpu: T0 : 0x454736 @_dl_non_dynamic_init+2374    : mov	edx, DS:[rax]         
49098000: system.cpu: T0 : 0x454738 @_dl_non_dynamic_init+2376    : cmp	edx, 0x6474e551       
49098000: system.cpu: T0 : 0x45473e @_dl_non_dynamic_init+2382    : jnz	0xffffffffffffffd8    
49111000: system.cpu: T0 : 0x454718 @_dl_non_dynamic_init+2344    : cmp	edx, 0x6474e552       
49111000: system.cpu: T0 : 0x45471e @_dl_non_dynamic_init+2350    : jnz	0xd                   
49122000: system.cpu: T0 : 0x454720 @_dl_non_dynamic_init+2352    : mov	rbx, DS:[rax + 0x10]  
49122000: system.cpu: T0 : 0x454724 @_dl_non_dynamic_init+2356    : mov	r9, DS:[rax + 0x28]   
49122000: system.cpu: T0 : 0x454728 @_dl_non_dynamic_init+2360    : mov	esi, 0x1              
49122000: system.cpu: T0 : 0x45472d @_dl_non_dynamic_init+2365    : add	rax, 0x38             
49122000: system.cpu: T0 : 0x454731 @_dl_non_dynamic_init+2369    : cmp	rcx                   
49122000: system.cpu: T0 : 0x454734 @_dl_non_dynamic_init+2372    : jnb	0x1c                  
49135000: system.cpu: T0 : 0x454752 @_dl_non_dynamic_init+2402    : mov	SS:[t0 + rsp + 0x4], r8
49135000: system.cpu: T0 : 0x454757 @_dl_non_dynamic_init+2407    : test	sil                  
49135000: system.cpu: T0 : 0x45475a @_dl_non_dynamic_init+2410    : jz	0xe                    
49135000: system.cpu: T0 : 0x45475c @_dl_non_dynamic_init+2412    : mov	DS:[rip + 0x70f55], r9
49135000: system.cpu: T0 : 0x454763 @_dl_non_dynamic_init+2419    : mov	DS:[rip + 0x70f46], rbx
49136000: system.cpu: T0 : 0x45476a @_dl_non_dynamic_init+2426    : test	dil                  
49136000: system.cpu: T0 : 0x45476d @_dl_non_dynamic_init+2429    : jz	0xa                    
49136000: system.cpu: T0 : 0x45476f @_dl_non_dynamic_init+2431    : mov	rax, SS:[t0 + rsp + 0x4]
49136000: system.cpu: T0 : 0x454773 @_dl_non_dynamic_init+2435    : mov	DS:[rip + 0x709cf], eax
49139000: system.cpu: T0 : 0x454779 @_dl_non_dynamic_init+2441    : cmp	DS:[rip + 0x6f83f], 0 
49139000: system.cpu: T0 : 0x454781 @_dl_non_dynamic_init+2449    : jz	0x5                    
49139000: system.cpu: T0 : 0x454783 @_dl_non_dynamic_init+2451    : call	0x35668              
49204000: system.cpu: T0 : 0x489df0 @_dl_find_object_init    : hint	                     
49204000: system.cpu: T0 : 0x489df4 @_dl_find_object_init+4    : mov	rdi, DS:[rip + 0x3b3a5]
49204000: system.cpu: T0 : 0x489dfb @_dl_find_object_init+11    : push	r12                  
49204000: system.cpu: T0 : 0x489dfd @_dl_find_object_init+13    : push	rbp                  
49204000: system.cpu: T0 : 0x489dfe @_dl_find_object_init+14    : push	rbx                  
49300000: system.cpu: T0 : 0x489dff @_dl_find_object_init+15    : test	DS:[rdi + 0x31e], 0x4
49300000: system.cpu: T0 : 0x489e06 @_dl_find_object_init+22    : jnz	0x25c                 
49300000: system.cpu: T0 : 0x489e0c @_dl_find_object_init+28    : pcmpeqd	XMM0              
49301000: system.cpu: T0 : 0x489e10 @_dl_find_object_init+32    : movaps	DS:[rip + 0x3a0c9], XMM0
49301000: system.cpu: T0 : 0x489e17 @_dl_find_object_init+39    : call	0xfffffffffffffa44   
49399000: system.cpu: T0 : 0x489860 @_dlfo_process_initial    : sub	rsp, 0x28             
49399000: system.cpu: T0 : 0x489864 @_dlfo_process_initial+4    : mov	r8, DS:[rip + 0x3b935]
49399000: system.cpu: T0 : 0x48986b @_dlfo_process_initial+11    : test	DS:[r8 + 0x31e], 0x4 
49399000: system.cpu: T0 : 0x489873 @_dlfo_process_initial+19    : jz	0xc7                   
49510000: system.cpu: T0 : 0x489940 @_dlfo_process_initial+224    : mov	rsp                   
49510000: system.cpu: T0 : 0x489943 @_dlfo_process_initial+227    : mov	r8                    
49510000: system.cpu: T0 : 0x489946 @_dlfo_process_initial+230    : xor	r9d                   
49510000: system.cpu: T0 : 0x489949 @_dlfo_process_initial+233    : call	0xfffffffffffffea2   
49608000: system.cpu: T0 : 0x4897f0 @_dl_find_object_from_map    : mov	rax, DS:[rdi + 0x358] 
49608000: system.cpu: T0 : 0x4897f7 @_dl_find_object_from_map+7    : mov	DS:[rsi], rax         
49703000: system.cpu: T0 : 0x4897fa @_dl_find_object_from_map+10    : mov	rax, DS:[rdi + 0x360] 
49703000: system.cpu: T0 : 0x489801 @_dl_find_object_from_map+17    : mov	DS:[rsi + 0x8], rax   
49703000: system.cpu: T0 : 0x489805 @_dl_find_object_from_map+21    : mov	DS:[rsi + 0x10], rdi  
49703000: system.cpu: T0 : 0x489809 @_dl_find_object_from_map+25    : movzx	ecx, DS:[rdi + 0x2b8]
49703000: system.cpu: T0 : 0x489810 @_dl_find_object_from_map+32    : mov	rax, DS:[rdi + 0x2a8] 
49703000: system.cpu: T0 : 0x489817 @_dl_find_object_from_map+39    : lea	rdx, DS:[8*rcx + t0]  
49703000: system.cpu: T0 : 0x48981f @_dl_find_object_from_map+47    : sub	rcx                   
49704000: system.cpu: T0 : 0x489822 @_dl_find_object_from_map+50    : lea	rdx, DS:[8*rdx + rax] 
49704000: system.cpu: T0 : 0x489826 @_dl_find_object_from_map+54    : cmp	rdx                   
49704000: system.cpu: T0 : 0x489829 @_dl_find_object_from_map+57    : jb	0xe                    
49722000: system.cpu: T0 : 0x489839 @_dl_find_object_from_map+73    : cmp	DS:[rax], 0x6474e550  
49724000: system.cpu: T0 : 0x48983f @_dl_find_object_from_map+79    : jnz	0xffffffffffffffef    
49737000: system.cpu: T0 : 0x489830 @_dl_find_object_from_map+64    : add	rax, 0x38             
49737000: system.cpu: T0 : 0x489834 @_dl_find_object_from_map+68    : cmp	rax                   
49737000: system.cpu: T0 : 0x489837 @_dl_find_object_from_map+71    : jbe	0x17                  
49737000: system.cpu: T0 : 0x489839 @_dl_find_object_from_map+73    : cmp	DS:[rax], 0x6474e550  
49740000: system.cpu: T0 : 0x48983f @_dl_find_object_from_map+79    : jnz	0xffffffffffffffef    
49742000: system.cpu: T0 : 0x489830 @_dl_find_object_from_map+64    : add	rax, 0x38             
49742000: system.cpu: T0 : 0x489834 @_dl_find_object_from_map+68    : cmp	rax                   
49742000: system.cpu: T0 : 0x489837 @_dl_find_object_from_map+71    : jbe	0x17                  
49742000: system.cpu: T0 : 0x489839 @_dl_find_object_from_map+73    : cmp	DS:[rax], 0x6474e550  
49745000: system.cpu: T0 : 0x48983f @_dl_find_object_from_map+79    : jnz	0xffffffffffffffef    
49747000: system.cpu: T0 : 0x489830 @_dl_find_object_from_map+64    : add	rax, 0x38             
49747000: system.cpu: T0 : 0x489834 @_dl_find_object_from_map+68    : cmp	rax                   
49747000: system.cpu: T0 : 0x489837 @_dl_find_object_from_map+71    : jbe	0x17                  
49747000: system.cpu: T0 : 0x489839 @_dl_find_object_from_map+73    : cmp	DS:[rax], 0x6474e550  
49750000: system.cpu: T0 : 0x48983f @_dl_find_object_from_map+79    : jnz	0xffffffffffffffef    
49752000: system.cpu: T0 : 0x489830 @_dl_find_object_from_map+64    : add	rax, 0x38             
49752000: system.cpu: T0 : 0x489834 @_dl_find_object_from_map+68    : cmp	rax                   
49752000: system.cpu: T0 : 0x489837 @_dl_find_object_from_map+71    : jbe	0x17                  
49752000: system.cpu: T0 : 0x489839 @_dl_find_object_from_map+73    : cmp	DS:[rax], 0x6474e550  
49755000: system.cpu: T0 : 0x48983f @_dl_find_object_from_map+79    : jnz	0xffffffffffffffef    
49757000: system.cpu: T0 : 0x489830 @_dl_find_object_from_map+64    : add	rax, 0x38             
49757000: system.cpu: T0 : 0x489834 @_dl_find_object_from_map+68    : cmp	rax                   
49757000: system.cpu: T0 : 0x489837 @_dl_find_object_from_map+71    : jbe	0x17                  
49757000: system.cpu: T0 : 0x489839 @_dl_find_object_from_map+73    : cmp	DS:[rax], 0x6474e550  
49760000: system.cpu: T0 : 0x48983f @_dl_find_object_from_map+79    : jnz	0xffffffffffffffef    
49762000: system.cpu: T0 : 0x489830 @_dl_find_object_from_map+64    : add	rax, 0x38             
49762000: system.cpu: T0 : 0x489834 @_dl_find_object_from_map+68    : cmp	rax                   
49762000: system.cpu: T0 : 0x489837 @_dl_find_object_from_map+71    : jbe	0x17                  
49762000: system.cpu: T0 : 0x489839 @_dl_find_object_from_map+73    : cmp	DS:[rax], 0x6474e550  
49765000: system.cpu: T0 : 0x48983f @_dl_find_object_from_map+79    : jnz	0xffffffffffffffef    
49767000: system.cpu: T0 : 0x489830 @_dl_find_object_from_map+64    : add	rax, 0x38             
49767000: system.cpu: T0 : 0x489834 @_dl_find_object_from_map+68    : cmp	rax                   
49767000: system.cpu: T0 : 0x489837 @_dl_find_object_from_map+71    : jbe	0x17                  
49767000: system.cpu: T0 : 0x489839 @_dl_find_object_from_map+73    : cmp	DS:[rax], 0x6474e550  
49770000: system.cpu: T0 : 0x48983f @_dl_find_object_from_map+79    : jnz	0xffffffffffffffef    
49772000: system.cpu: T0 : 0x489830 @_dl_find_object_from_map+64    : add	rax, 0x38             
49772000: system.cpu: T0 : 0x489834 @_dl_find_object_from_map+68    : cmp	rax                   
49772000: system.cpu: T0 : 0x489837 @_dl_find_object_from_map+71    : jbe	0x17                  
49772000: system.cpu: T0 : 0x489839 @_dl_find_object_from_map+73    : cmp	DS:[rax], 0x6474e550  
49775000: system.cpu: T0 : 0x48983f @_dl_find_object_from_map+79    : jnz	0xffffffffffffffef    
49777000: system.cpu: T0 : 0x489830 @_dl_find_object_from_map+64    : add	rax, 0x38             
49777000: system.cpu: T0 : 0x489834 @_dl_find_object_from_map+68    : cmp	rax                   
49777000: system.cpu: T0 : 0x489837 @_dl_find_object_from_map+71    : jbe	0x17                  
49777000: system.cpu: T0 : 0x489839 @_dl_find_object_from_map+73    : cmp	DS:[rax], 0x6474e550  
49780000: system.cpu: T0 : 0x48983f @_dl_find_object_from_map+79    : jnz	0xffffffffffffffef    
49782000: system.cpu: T0 : 0x489830 @_dl_find_object_from_map+64    : add	rax, 0x38             
49782000: system.cpu: T0 : 0x489834 @_dl_find_object_from_map+68    : cmp	rax                   
49782000: system.cpu: T0 : 0x489837 @_dl_find_object_from_map+71    : jbe	0x17                  
49795000: system.cpu: T0 : 0x489850 @_dl_find_object_from_map+96    : mov	DS:[rsi + 0x18], 0    
49795000: system.cpu: T0 : 0x489858 @_dl_find_object_from_map+104    : ret	                      
49797000: system.cpu: T0 : 0x48994e @_dlfo_process_initial+238    : movzx	ecx, DS:[r8 + 0x2b8]
49797000: system.cpu: T0 : 0x489956 @_dlfo_process_initial+246    : mov	rax, DS:[r8 + 0x2a8]  
49797000: system.cpu: T0 : 0x48995d @_dlfo_process_initial+253    : lea	rdx, DS:[8*rcx + t0]  
49797000: system.cpu: T0 : 0x489965 @_dlfo_process_initial+261    : sub	rcx                   
49797000: system.cpu: T0 : 0x489968 @_dlfo_process_initial+264    : lea	rcx, DS:[8*rdx + rax] 
49797000: system.cpu: T0 : 0x48996c @_dlfo_process_initial+268    : cmp	rcx                   
49797000: system.cpu: T0 : 0x48996f @_dlfo_process_initial+271    : jb	0x1c                   
49816000: system.cpu: T0 : 0x48998d @_dlfo_process_initial+301    : cmp	DS:[rax], 0x1         
49816000: system.cpu: T0 : 0x489990 @_dlfo_process_initial+304    : jnz	0xffffffffffffffee    
49816000: system.cpu: T0 : 0x489992 @_dlfo_process_initial+306    : mov	rdx, DS:[rip + 0x3a527]
49817000: system.cpu: T0 : 0x489999 @_dlfo_process_initial+313    : test	rdx                  
49817000: system.cpu: T0 : 0x48999c @_dlfo_process_initial+316    : jz	0x47                   
49915000: system.cpu: T0 : 0x4899e5 @_dlfo_process_initial+389    : add	r9, 0x1               
49915000: system.cpu: T0 : 0x4899e9 @_dlfo_process_initial+393    : jmp	0xffffffffffffff95    
49920000: system.cpu: T0 : 0x489980 @_dlfo_process_initial+288    : add	rax, 0x38             
49920000: system.cpu: T0 : 0x489984 @_dlfo_process_initial+292    : cmp	rax                   
49920000: system.cpu: T0 : 0x489987 @_dlfo_process_initial+295    : jbe	0xffffffffffffff5b    
49920000: system.cpu: T0 : 0x48998d @_dlfo_process_initial+301    : cmp	DS:[rax], 0x1         
49921000: system.cpu: T0 : 0x489990 @_dlfo_process_initial+304    : jnz	0xffffffffffffffee    
49921000: system.cpu: T0 : 0x489992 @_dlfo_process_initial+306    : mov	rdx, DS:[rip + 0x3a527]
49921000: system.cpu: T0 : 0x489999 @_dlfo_process_initial+313    : test	rdx                  
49921000: system.cpu: T0 : 0x48999c @_dlfo_process_initial+316    : jz	0x47                   
49924000: system.cpu: T0 : 0x4899e5 @_dlfo_process_initial+389    : add	r9, 0x1               
49924000: system.cpu: T0 : 0x4899e9 @_dlfo_process_initial+393    : jmp	0xffffffffffffff95    
49926000: system.cpu: T0 : 0x489980 @_dlfo_process_initial+288    : add	rax, 0x38             
49926000: system.cpu: T0 : 0x489984 @_dlfo_process_initial+292    : cmp	rax                   
49926000: system.cpu: T0 : 0x489987 @_dlfo_process_initial+295    : jbe	0xffffffffffffff5b    
49926000: system.cpu: T0 : 0x48998d @_dlfo_process_initial+301    : cmp	DS:[rax], 0x1         
49927000: system.cpu: T0 : 0x489990 @_dlfo_process_initial+304    : jnz	0xffffffffffffffee    
49927000: system.cpu: T0 : 0x489992 @_dlfo_process_initial+306    : mov	rdx, DS:[rip + 0x3a527]
49927000: system.cpu: T0 : 0x489999 @_dlfo_process_initial+313    : test	rdx                  
49927000: system.cpu: T0 : 0x48999c @_dlfo_process_initial+316    : jz	0x47                   
49930000: system.cpu: T0 : 0x4899e5 @_dlfo_process_initial+389    : add	r9, 0x1               
49930000: system.cpu: T0 : 0x4899e9 @_dlfo_process_initial+393    : jmp	0xffffffffffffff95    
49932000: system.cpu: T0 : 0x489980 @_dlfo_process_initial+288    : add	rax, 0x38             
49932000: system.cpu: T0 : 0x489984 @_dlfo_process_initial+292    : cmp	rax                   
49932000: system.cpu: T0 : 0x489987 @_dlfo_process_initial+295    : jbe	0xffffffffffffff5b    
49932000: system.cpu: T0 : 0x48998d @_dlfo_process_initial+301    : cmp	DS:[rax], 0x1         
49933000: system.cpu: T0 : 0x489990 @_dlfo_process_initial+304    : jnz	0xffffffffffffffee    
49933000: system.cpu: T0 : 0x489992 @_dlfo_process_initial+306    : mov	rdx, DS:[rip + 0x3a527]
49933000: system.cpu: T0 : 0x489999 @_dlfo_process_initial+313    : test	rdx                  
49933000: system.cpu: T0 : 0x48999c @_dlfo_process_initial+316    : jz	0x47                   
49936000: system.cpu: T0 : 0x4899e5 @_dlfo_process_initial+389    : add	r9, 0x1               
49936000: system.cpu: T0 : 0x4899e9 @_dlfo_process_initial+393    : jmp	0xffffffffffffff95    
49938000: system.cpu: T0 : 0x489980 @_dlfo_process_initial+288    : add	rax, 0x38             
49938000: system.cpu: T0 : 0x489984 @_dlfo_process_initial+292    : cmp	rax                   
49938000: system.cpu: T0 : 0x489987 @_dlfo_process_initial+295    : jbe	0xffffffffffffff5b    
49938000: system.cpu: T0 : 0x48998d @_dlfo_process_initial+301    : cmp	DS:[rax], 0x1         
49939000: system.cpu: T0 : 0x489990 @_dlfo_process_initial+304    : jnz	0xffffffffffffffee    
49952000: system.cpu: T0 : 0x489980 @_dlfo_process_initial+288    : add	rax, 0x38             
49952000: system.cpu: T0 : 0x489984 @_dlfo_process_initial+292    : cmp	rax                   
49952000: system.cpu: T0 : 0x489987 @_dlfo_process_initial+295    : jbe	0xffffffffffffff5b    
49952000: system.cpu: T0 : 0x48998d @_dlfo_process_initial+301    : cmp	DS:[rax], 0x1         
49953000: system.cpu: T0 : 0x489990 @_dlfo_process_initial+304    : jnz	0xffffffffffffffee    
49954000: system.cpu: T0 : 0x489980 @_dlfo_process_initial+288    : add	rax, 0x38             
49954000: system.cpu: T0 : 0x489984 @_dlfo_process_initial+292    : cmp	rax                   
49954000: system.cpu: T0 : 0x489987 @_dlfo_process_initial+295    : jbe	0xffffffffffffff5b    
49954000: system.cpu: T0 : 0x48998d @_dlfo_process_initial+301    : cmp	DS:[rax], 0x1         
49955000: system.cpu: T0 : 0x489990 @_dlfo_process_initial+304    : jnz	0xffffffffffffffee    
49956000: system.cpu: T0 : 0x489980 @_dlfo_process_initial+288    : add	rax, 0x38             
49956000: system.cpu: T0 : 0x489984 @_dlfo_process_initial+292    : cmp	rax                   
49956000: system.cpu: T0 : 0x489987 @_dlfo_process_initial+295    : jbe	0xffffffffffffff5b    
49956000: system.cpu: T0 : 0x48998d @_dlfo_process_initial+301    : cmp	DS:[rax], 0x1         
49957000: system.cpu: T0 : 0x489990 @_dlfo_process_initial+304    : jnz	0xffffffffffffffee    
49958000: system.cpu: T0 : 0x489980 @_dlfo_process_initial+288    : add	rax, 0x38             
49958000: system.cpu: T0 : 0x489984 @_dlfo_process_initial+292    : cmp	rax                   
49958000: system.cpu: T0 : 0x489987 @_dlfo_process_initial+295    : jbe	0xffffffffffffff5b    
49958000: system.cpu: T0 : 0x48998d @_dlfo_process_initial+301    : cmp	DS:[rax], 0x1         
49959000: system.cpu: T0 : 0x489990 @_dlfo_process_initial+304    : jnz	0xffffffffffffffee    
49960000: system.cpu: T0 : 0x489980 @_dlfo_process_initial+288    : add	rax, 0x38             
49960000: system.cpu: T0 : 0x489984 @_dlfo_process_initial+292    : cmp	rax                   
49960000: system.cpu: T0 : 0x489987 @_dlfo_process_initial+295    : jbe	0xffffffffffffff5b    
49960000: system.cpu: T0 : 0x48998d @_dlfo_process_initial+301    : cmp	DS:[rax], 0x1         
49961000: system.cpu: T0 : 0x489990 @_dlfo_process_initial+304    : jnz	0xffffffffffffffee    
49962000: system.cpu: T0 : 0x489980 @_dlfo_process_initial+288    : add	rax, 0x38             
49962000: system.cpu: T0 : 0x489984 @_dlfo_process_initial+292    : cmp	rax                   
49962000: system.cpu: T0 : 0x489987 @_dlfo_process_initial+295    : jbe	0xffffffffffffff5b    
49977000: system.cpu: T0 : 0x4898e8 @_dlfo_process_initial+136    : mov	r10, DS:[rip + 0x3b879]
49977000: system.cpu: T0 : 0x4898ef @_dlfo_process_initial+143    : test	r10                  
49977000: system.cpu: T0 : 0x4898f2 @_dlfo_process_initial+146    : jz	0xf                    
49977000: system.cpu: T0 : 0x4898f4 @_dlfo_process_initial+148    : mov	rdi, DS:[rip + 0x3b8a5]
49978000: system.cpu: T0 : 0x4898fb @_dlfo_process_initial+155    : test	rdi                  
49978000: system.cpu: T0 : 0x4898fe @_dlfo_process_initial+158    : jnz	0xffffffffffffff8b    
49997000: system.cpu: T0 : 0x48988b @_dlfo_process_initial+43    : xor	r10d                  
49997000: system.cpu: T0 : 0x48988e @_dlfo_process_initial+46    : jmp	0x9                   
50000000: system.cpu: T0 : 0x489899 @_dlfo_process_initial+57    : cmp	rdi                   
50000000: system.cpu: T0 : 0x48989c @_dlfo_process_initial+60    : jz	0xfffffffffffffff2     
50012000: system.cpu: T0 : 0x489890 @_dlfo_process_initial+48    : mov	rdi, DS:[rdi + 0x18]  
50012000: system.cpu: T0 : 0x489894 @_dlfo_process_initial+52    : test	rdi                  
50012000: system.cpu: T0 : 0x489897 @_dlfo_process_initial+55    : jz	0x6a                   
50012000: system.cpu: T0 : 0x489899 @_dlfo_process_initial+57    : cmp	rdi                   
50012000: system.cpu: T0 : 0x48989c @_dlfo_process_initial+60    : jz	0xfffffffffffffff2     
50027000: system.cpu: T0 : 0x48989e @_dlfo_process_initial+62    : cmp	DS:[rdi + 0x28], rdi  
50027000: system.cpu: T0 : 0x4898a2 @_dlfo_process_initial+66    : jnz	0xffffffffffffffec    
50027000: system.cpu: T0 : 0x4898a4 @_dlfo_process_initial+68    : movzx	eax, DS:[rdi + 0x31c]
50027000: system.cpu: T0 : 0x4898ab @_dlfo_process_initial+75    : and	eax, 0x3              
50028000: system.cpu: T0 : 0x4898ae @_dlfo_process_initial+78    : cmp	al, 0x1               
50028000: system.cpu: T0 : 0x4898b0 @_dlfo_process_initial+80    : jz	0x66                   
50074000: system.cpu: T0 : 0x489918 @_dlfo_process_initial+184    : mov	rsi, DS:[rip + 0x3a5a1]
50074000: system.cpu: T0 : 0x48991f @_dlfo_process_initial+191    : test	rsi                  
50074000: system.cpu: T0 : 0x489922 @_dlfo_process_initial+194    : jz	0xf                    
50089000: system.cpu: T0 : 0x489933 @_dlfo_process_initial+211    : add	r9, 0x1               
50089000: system.cpu: T0 : 0x489937 @_dlfo_process_initial+215    : jmp	0xffffffffffffff54    
50094000: system.cpu: T0 : 0x489890 @_dlfo_process_initial+48    : mov	rdi, DS:[rdi + 0x18]  
50094000: system.cpu: T0 : 0x489894 @_dlfo_process_initial+52    : test	rdi                  
50094000: system.cpu: T0 : 0x489897 @_dlfo_process_initial+55    : jz	0x6a                   
50108000: system.cpu: T0 : 0x489903 @_dlfo_process_initial+163    : mov	DS:[rip + 0x3a5be], r9
50108000: system.cpu: T0 : 0x48990a @_dlfo_process_initial+170    : mov	r10                   
50108000: system.cpu: T0 : 0x48990d @_dlfo_process_initial+173    : add	rsp, 0x28             
50108000: system.cpu: T0 : 0x489911 @_dlfo_process_initial+177    : ret	                      
50110000: system.cpu: T0 : 0x489e1c @_dl_find_object_init+44    : mov	rdi, DS:[rip + 0x3a0a5]
50110000: system.cpu: T0 : 0x489e23 @_dl_find_object_init+51    : mov	rax                   
50110000: system.cpu: T0 : 0x489e26 @_dl_find_object_init+54    : sal	0x5                   
50110000: system.cpu: T0 : 0x489e2a @_dl_find_object_init+58    : call	0xfffffffffff956d1   
50119000: system.cpu: T0 : 0x41f500 @__libc_malloc    : hint	                     
50119000: system.cpu: T0 : 0x41f504 @__libc_malloc+4    : push	r12                  
50119000: system.cpu: T0 : 0x41f506 @__libc_malloc+6    : push	rbp                  
50119000: system.cpu: T0 : 0x41f507 @__libc_malloc+7    : mov	rdi                   
50119000: system.cpu: T0 : 0x41f50a @__libc_malloc+10    : sub	rsp, 0x18             
50120000: system.cpu: T0 : 0x41f50e @__libc_malloc+14    : cmp	DS:[rip + 0xabceb], 0 
50120000: system.cpu: T0 : 0x41f515 @__libc_malloc+21    : jz	0x215                  
50120000: system.cpu: T0 : 0x41f51b @__libc_malloc+27    : test	rbp                  
50121000: system.cpu: T0 : 0x41f51e @__libc_malloc+30    : js	0x21a                  
50121000: system.cpu: T0 : 0x41f524 @__libc_malloc+36    : lea	rax, SS:[rbp + 0x17]  
50121000: system.cpu: T0 : 0x41f528 @__libc_malloc+40    : xor	r12d                  
50121000: system.cpu: T0 : 0x41f52b @__libc_malloc+43    : cmp	rax, 0x1f             
50121000: system.cpu: T0 : 0x41f52f @__libc_malloc+47    : jnbe	0xdb                 
50133000: system.cpu: T0 : 0x41f610 @__libc_malloc+272    : and	rax, 0xfffffffffffffff0
50133000: system.cpu: T0 : 0x41f614 @__libc_malloc+276    : lea	r12, DS:[rax + 0xffffffffffffffef]
50133000: system.cpu: T0 : 0x41f618 @__libc_malloc+280    : shr	0x4                   
50133000: system.cpu: T0 : 0x41f61c @__libc_malloc+284    : jmp	0xffffffffffffff14    
50135000: system.cpu: T0 : 0x41f535 @__libc_malloc+53    : mov	rdx, FS:[t0 + t0 + 0xffffffffffffffc0]
50137000: system.cpu: T0 : 0x41f53e @__libc_malloc+62    : test	rdx                  
50137000: system.cpu: T0 : 0x41f541 @__libc_malloc+65    : jz	0xe1                   
50137000: system.cpu: T0 : 0x41f547 @__libc_malloc+71    : cmp	DS:[rip + 0xa525a], r12
50137000: system.cpu: T0 : 0x41f54e @__libc_malloc+78    : jnbe	0x10c                
50140000: system.cpu: T0 : 0x41f660 @__libc_malloc+352    : movzx	ecx, DS:[2*r12 + rdx]
50140000: system.cpu: T0 : 0x41f665 @__libc_malloc+357    : test	cx                   
50140000: system.cpu: T0 : 0x41f668 @__libc_malloc+360    : jz	0xfffffffffffffee6     
50142000: system.cpu: T0 : 0x41f554 @__libc_malloc+84    : mov	eax, FS:[t0 + t0 + 0x18]
50142000: system.cpu: T0 : 0x41f55c @__libc_malloc+92    : test	eax                  
50142000: system.cpu: T0 : 0x41f55e @__libc_malloc+94    : jz	0x144                  
50144000: system.cpu: T0 : 0x41f6a8 @__libc_malloc+424    : mov	rbp                   
50144000: system.cpu: T0 : 0x41f6ab @__libc_malloc+427    : lea	rbp, DS:[rip + 0xa512e]
50144000: system.cpu: T0 : 0x41f6b2 @__libc_malloc+434    : mov	rbp                   
50144000: system.cpu: T0 : 0x41f6b5 @__libc_malloc+437    : call	0xffffffffffffe776   
50147000: system.cpu: T0 : 0x41de30 @_int_malloc    : test	rsi                  
50147000: system.cpu: T0 : 0x41de33 @_int_malloc+3    : js	0x6b7                  
50147000: system.cpu: T0 : 0x41de39 @_int_malloc+9    : push	r15                  
50147000: system.cpu: T0 : 0x41de3b @_int_malloc+11    : lea	rax, DS:[rsi + 0x17]  
50149000: system.cpu: T0 : 0x41de3f @_int_malloc+15    : push	r14                  
50149000: system.cpu: T0 : 0x41de41 @_int_malloc+17    : push	r13                  
50149000: system.cpu: T0 : 0x41de43 @_int_malloc+19    : push	r12                  
50149000: system.cpu: T0 : 0x41de45 @_int_malloc+21    : push	rbp                  
50150000: system.cpu: T0 : 0x41de46 @_int_malloc+22    : mov	rsi                   
50150000: system.cpu: T0 : 0x41de49 @_int_malloc+25    : push	rbx                  
50150000: system.cpu: T0 : 0x41de4a @_int_malloc+26    : mov	rdi                   
50150000: system.cpu: T0 : 0x41de4d @_int_malloc+29    : sub	rsp, 0x98             
50150000: system.cpu: T0 : 0x41de54 @_int_malloc+36    : cmp	rax, 0x1f             
50151000: system.cpu: T0 : 0x41de58 @_int_malloc+40    : jnbe	0x11a                
50153000: system.cpu: T0 : 0x41df78 @_int_malloc+328    : and	rax, 0xfffffffffffffff0
50153000: system.cpu: T0 : 0x41df7c @_int_malloc+332    : mov	rax                   
50155000: system.cpu: T0 : 0x41df7f @_int_malloc+335    : test	rdi                  
50155000: system.cpu: T0 : 0x41df82 @_int_malloc+338    : jz	0x52e                  
50155000: system.cpu: T0 : 0x41df88 @_int_malloc+344    : mov	eax                   
50155000: system.cpu: T0 : 0x41df8b @_int_malloc+347    : shr	0x4                   
50155000: system.cpu: T0 : 0x41df8f @_int_malloc+351    : cmp	rax, DS:[rip + 0xad282]
50156000: system.cpu: T0 : 0x41df96 @_int_malloc+358    : jbe	0x234                 
50156000: system.cpu: T0 : 0x41df9c @_int_malloc+364    : cmp	rax, 0x3ff            
50156000: system.cpu: T0 : 0x41dfa2 @_int_malloc+370    : jbe	0xa00                 
50168000: system.cpu: T0 : 0x41e9a8 @_int_malloc+2936    : lea	eax, DS:[r14 + r14 + 0xfffffffffffffffe]
50168000: system.cpu: T0 : 0x41e9ad @_int_malloc+2941    : lea	rdx, DS:[8*rax + t0 + 0x70]
50168000: system.cpu: T0 : 0x41e9b5 @_int_malloc+2949    : jmp	0xfffffffffffff4cc    
50170000: system.cpu: T0 : 0x41de86 @_int_malloc+86    : add	rbx                   
50170000: system.cpu: T0 : 0x41de89 @_int_malloc+89    : mov	rax, DS:[rdx + 0x8]   
50170000: system.cpu: T0 : 0x41de8d @_int_malloc+93    : lea	rsi, DS:[rdx + 0xfffffffffffffff0]
50170000: system.cpu: T0 : 0x41de91 @_int_malloc+97    : cmp	rax                   
50170000: system.cpu: T0 : 0x41de94 @_int_malloc+100    : jz	0x3be                  
50172000: system.cpu: T0 : 0x41e258 @_int_malloc+1064    : mov	r13                   
50172000: system.cpu: T0 : 0x41e25b @_int_malloc+1067    : mov	r13                   
50172000: system.cpu: T0 : 0x41e25e @_int_malloc+1070    : mov	SS:[t0 + rsp + 0x1c], r14
50172000: system.cpu: T0 : 0x41e263 @_int_malloc+1075    : shr	0x9                   
50172000: system.cpu: T0 : 0x41e267 @_int_malloc+1079    : shr	0x6                   
50172000: system.cpu: T0 : 0x41e26b @_int_malloc+1083    : mov	SS:[t0 + rsp + 0x80], 0x6e
50172000: system.cpu: T0 : 0x41e276 @_int_malloc+1094    : mov	ecx                   
50173000: system.cpu: T0 : 0x41e278 @_int_malloc+1096    : mov	SS:[t0 + rsp + 0x50], rax
50173000: system.cpu: T0 : 0x41e27d @_int_malloc+1101    : add	eax, 0x30             
50175000: system.cpu: T0 : 0x41e280 @_int_malloc+1104    : add	edi, 0x5b             
50175000: system.cpu: T0 : 0x41e283 @_int_malloc+1107    : mov	SS:[t0 + rsp + 0x60], rcx
50175000: system.cpu: T0 : 0x41e288 @_int_malloc+1112    : mov	SS:[t0 + rsp + 0x84], rdi
50175000: system.cpu: T0 : 0x41e28f @_int_malloc+1119    : mov	SS:[t0 + rsp + 0x5c], rax
50175000: system.cpu: T0 : 0x41e293 @_int_malloc+1123    : mov	SS:[t0 + rsp + 0x7c], 0x77
50175000: system.cpu: T0 : 0x41e29b @_int_malloc+1131    : mov	SS:[t0 + rsp + 0x78], 0x7c
50176000: system.cpu: T0 : 0x41e2a3 @_int_malloc+1139    : mov	SS:[t0 + rsp + 0x70], 0
50176000: system.cpu: T0 : 0x41e2ac @_int_malloc+1148    : mov	SS:[t0 + rsp + 0x68], 0
50176000: system.cpu: T0 : 0x41e2b5 @_int_malloc+1157    : lea	rax, DS:[r13 + 0xffffffffffffffef]
50176000: system.cpu: T0 : 0x41e2b9 @_int_malloc+1161    : shr	0x4                   
50176000: system.cpu: T0 : 0x41e2bd @_int_malloc+1165    : mov	rax                   
50178000: system.cpu: T0 : 0x41e2c0 @_int_malloc+1168    : xor	eax                   
50178000: system.cpu: T0 : 0x41e2c2 @_int_malloc+1170    : mov	SS:[t0 + rsp + 0x10], rax
50178000: system.cpu: T0 : 0x41e2c7 @_int_malloc+1175    : cmp	FS:[t0 + t0 + 0xffffffffffffffc0], 0
50178000: system.cpu: T0 : 0x41e2d1 @_int_malloc+1185    : jz	0x10                   
50179000: system.cpu: T0 : 0x41e2d3 @_int_malloc+1187    : cmp	DS:[rip + 0xa64ce], r15
50179000: system.cpu: T0 : 0x41e2da @_int_malloc+1194    : cmovnbe	rax               
50179000: system.cpu: T0 : 0x41e2de @_int_malloc+1198    : mov	SS:[t0 + rsp + 0x10], rax
50179000: system.cpu: T0 : 0x41e2e3 @_int_malloc+1203    : lea	r11, DS:[rbx + 0x60]  
50179000: system.cpu: T0 : 0x41e2e7 @_int_malloc+1207    : mov	SS:[t0 + rsp + 0x58], r14
50180000: system.cpu: T0 : 0x41e2ec @_int_malloc+1212    : mov	SS:[t0 + rsp + 0x8], 0
50180000: system.cpu: T0 : 0x41e2f5 @_int_malloc+1221    : movd	XMM1                 
50180000: system.cpu: T0 : 0x41e2fa @_int_malloc+1226    : mov	SS:[t0 + rsp + 0x30], rbp
50182000: system.cpu: T0 : 0x41e2ff @_int_malloc+1231    : punpcklqdq	XMM1           
50182000: system.cpu: T0 : 0x41e303 @_int_malloc+1235    : mov	rdx, DS:[rbx + 0x78]  
50182000: system.cpu: T0 : 0x41e307 @_int_malloc+1239    : cmp	r11                   
50182000: system.cpu: T0 : 0x41e30a @_int_malloc+1242    : jz	0x378                  
50210000: system.cpu: T0 : 0x41e688 @_int_malloc+2136    : cmp	r13, 0x3ff            
50210000: system.cpu: T0 : 0x41e68f @_int_malloc+2143    : jbe	0x22                  
50222000: system.cpu: T0 : 0x41e6b3 @_int_malloc+2179    : mov	rax, SS:[t0 + rsp + 0x1c]
50222000: system.cpu: T0 : 0x41e6b7 @_int_malloc+2183    : lea	ecx, DS:[rax + 0x1]   
50222000: system.cpu: T0 : 0x41e6ba @_int_malloc+2186    : lea	eax, DS:[rax + rax + 0xe]
50222000: system.cpu: T0 : 0x41e6be @_int_malloc+2190    : mov	ecx                   
50239000: system.cpu: T0 : 0x41e6c0 @_int_malloc+2192    : lea	rdx, DS:[8*rax + rbx + 0xfffffffffffffff0]
50239000: system.cpu: T0 : 0x41e6c5 @_int_malloc+2197    : shr	0x5                   
50239000: system.cpu: T0 : 0x41e6c8 @_int_malloc+2200    : mov	edi                   
50239000: system.cpu: T0 : 0x41e6ca @_int_malloc+2202    : mov	esi, DS:[4*rax + rbx + 0x860]
50239000: system.cpu: T0 : 0x41e6d1 @_int_malloc+2209    : mov	eax, 0x1              
50239000: system.cpu: T0 : 0x41e6d6 @_int_malloc+2214    : sal	ecx                   
50239000: system.cpu: T0 : 0x41e6d8 @_int_malloc+2216    : hint	                     
50239000: system.cpu: T0 : 0x41e6e0 @_int_malloc+2224    : cmp	esi                   
50240000: system.cpu: T0 : 0x41e6e2 @_int_malloc+2226    : jnbe	0x1b8                
50255000: system.cpu: T0 : 0x41e8a0 @_int_malloc+2672    : lea	eax, DS:[rdi + 0x1]   
50255000: system.cpu: T0 : 0x41e8a3 @_int_malloc+2675    : cmp	edi, 0x3              
50255000: system.cpu: T0 : 0x41e8a6 @_int_malloc+2678    : jz	0x3d                   
50255000: system.cpu: T0 : 0x41e8a8 @_int_malloc+2680    : mov	eax                   
50255000: system.cpu: T0 : 0x41e8aa @_int_malloc+2682    : mov	esi, DS:[4*rdx + rbx + 0x860]
50256000: system.cpu: T0 : 0x41e8b1 @_int_malloc+2689    : test	esi                  
50256000: system.cpu: T0 : 0x41e8b3 @_int_malloc+2691    : jnz	0x266                 
50256000: system.cpu: T0 : 0x41e8b9 @_int_malloc+2697    : lea	eax, DS:[rdi + 0x2]   
50256000: system.cpu: T0 : 0x41e8bc @_int_malloc+2700    : cmp	edi, 0x2              
50258000: system.cpu: T0 : 0x41e8bf @_int_malloc+2703    : jz	0x24                   
50258000: system.cpu: T0 : 0x41e8c1 @_int_malloc+2705    : mov	eax                   
50258000: system.cpu: T0 : 0x41e8c3 @_int_malloc+2707    : mov	esi, DS:[4*rdx + rbx + 0x860]
50258000: system.cpu: T0 : 0x41e8ca @_int_malloc+2714    : test	esi                  
50258000: system.cpu: T0 : 0x41e8cc @_int_malloc+2716    : jnz	0x24d                 
50259000: system.cpu: T0 : 0x41e8d2 @_int_malloc+2722    : cmp	edi, 0x1              
50259000: system.cpu: T0 : 0x41e8d5 @_int_malloc+2725    : jz	0xe                    
50259000: system.cpu: T0 : 0x41e8d7 @_int_malloc+2727    : mov	esi, DS:[rbx + 0x86c] 
50259000: system.cpu: T0 : 0x41e8dd @_int_malloc+2733    : test	esi                  
50260000: system.cpu: T0 : 0x41e8df @_int_malloc+2735    : jnz	0x26b                 
50260000: system.cpu: T0 : 0x41e8e5 @_int_malloc+2741    : mov	rax, DS:[rbx + 0x60]  
50260000: system.cpu: T0 : 0x41e8e9 @_int_malloc+2745    : mov	rdx, DS:[rax + 0x8]   
50260000: system.cpu: T0 : 0x41e8ed @_int_malloc+2749    : and	rdx, 0xfffffffffffffff8
50260000: system.cpu: T0 : 0x41e8f1 @_int_malloc+2753    : cmp	DS:[rbx + 0x888], rdx 
50261000: system.cpu: T0 : 0x41e8f8 @_int_malloc+2760    : jb	0x23a                  
50263000: system.cpu: T0 : 0x41e8fe @_int_malloc+2766    : lea	rcx, DS:[r13 + 0x20]  
50263000: system.cpu: T0 : 0x41e902 @_int_malloc+2770    : cmp	rdx                   
50263000: system.cpu: T0 : 0x41e905 @_int_malloc+2773    : jbe	0x378                 
50265000: system.cpu: T0 : 0x41ec83 @_int_malloc+3667    : lea	rcx, DS:[rip + 0xa5b56]
50265000: system.cpu: T0 : 0x41ec8a @_int_malloc+3674    : lea	rsi, DS:[r13 + rax]   
50265000: system.cpu: T0 : 0x41ec8e @_int_malloc+3678    : mov	rbp, SS:[t0 + rsp + 0x30]
50265000: system.cpu: T0 : 0x41ec93 @_int_malloc+3683    : cmp	rcx                   
50265000: system.cpu: T0 : 0x41ec96 @_int_malloc+3686    : mov	DS:[rbx + 0x60], rsi  
50265000: system.cpu: T0 : 0x41ec9a @_int_malloc+3690    : lea	r9, DS:[rax + 0x10]   
50265000: system.cpu: T0 : 0x41ec9e @_int_malloc+3694    : setnz	                    
50266000: system.cpu: T0 : 0x41eca1 @_int_malloc+3697    : sub	r13                   
50266000: system.cpu: T0 : 0x41eca4 @_int_malloc+3700    : movzx	ecx                 
50266000: system.cpu: T0 : 0x41eca7 @_int_malloc+3703    : or	rdx, 0x1               
50266000: system.cpu: T0 : 0x41ecab @_int_malloc+3707    : sal	0x2                   
50266000: system.cpu: T0 : 0x41ecaf @_int_malloc+3711    : or	r13                    
50267000: system.cpu: T0 : 0x41ecb2 @_int_malloc+3714    : or	rcx, 0x1               
50267000: system.cpu: T0 : 0x41ecb6 @_int_malloc+3718    : mov	DS:[rax + 0x8], rcx   
50267000: system.cpu: T0 : 0x41ecba @_int_malloc+3722    : mov	eax, DS:[rip + 0xac554]
50269000: system.cpu: T0 : 0x41ecc0 @_int_malloc+3728    : mov	DS:[rsi + 0x8], rdx   
50269000: system.cpu: T0 : 0x41ecc4 @_int_malloc+3732    : test	eax                  
50269000: system.cpu: T0 : 0x41ecc6 @_int_malloc+3734    : jz	0xfffffffffffff80a     
50271000: system.cpu: T0 : 0x41e4d6 @_int_malloc+1702    : add	rsp, 0x98             
50271000: system.cpu: T0 : 0x41e4dd @_int_malloc+1709    : mov	r9                    
50271000: system.cpu: T0 : 0x41e4e0 @_int_malloc+1712    : pop	rbx                   
50271000: system.cpu: T0 : 0x41e4e1 @_int_malloc+1713    : pop	rbp                   
50272000: system.cpu: T0 : 0x41e4e2 @_int_malloc+1714    : pop	r12                   
50272000: system.cpu: T0 : 0x41e4e4 @_int_malloc+1716    : pop	r13                   
50272000: system.cpu: T0 : 0x41e4e6 @_int_malloc+1718    : pop	r14                   
50273000: system.cpu: T0 : 0x41e4e8 @_int_malloc+1720    : pop	r15                   
50273000: system.cpu: T0 : 0x41e4ea @_int_malloc+1722    : ret	                      
50275000: system.cpu: T0 : 0x41f6ba @__libc_malloc+442    : test	rax                  
50277000: system.cpu: T0 : 0x41f6bd @__libc_malloc+445    : jz	0x9d                   
50277000: system.cpu: T0 : 0x41f6c3 @__libc_malloc+451    : mov	rdx, DS:[rax + 0xfffffffffffffff8]
50277000: system.cpu: T0 : 0x41f6c7 @__libc_malloc+455    : test	dl, 0x2              
50277000: system.cpu: T0 : 0x41f6ca @__libc_malloc+458    : jnz	0xffffffffffffff2f    
50278000: system.cpu: T0 : 0x41f6d0 @__libc_malloc+464    : and	edx, 0x4              
50278000: system.cpu: T0 : 0x41f6d3 @__libc_malloc+467    : jz	0xffffffffffffff26     
50282000: system.cpu: T0 : 0x41f5ff @__libc_malloc+255    : add	rsp, 0x18             
50282000: system.cpu: T0 : 0x41f603 @__libc_malloc+259    : pop	rbp                   
50282000: system.cpu: T0 : 0x41f604 @__libc_malloc+260    : pop	r12                   
50283000: system.cpu: T0 : 0x41f606 @__libc_malloc+262    : ret	                      
50285000: system.cpu: T0 : 0x489e2f @_dl_find_object_init+63    : mov	DS:[rip + 0x3a08a], rax
50285000: system.cpu: T0 : 0x489e36 @_dl_find_object_init+70    : mov	rax                   
50285000: system.cpu: T0 : 0x489e39 @_dl_find_object_init+73    : test	rbx                  
50285000: system.cpu: T0 : 0x489e3c @_dl_find_object_init+76    : jnz	0x52                  
50287000: system.cpu: T0 : 0x489e3e @_dl_find_object_init+78    : test	rax                  
50287000: system.cpu: T0 : 0x489e41 @_dl_find_object_init+81    : jnz	0x15                  
50298000: system.cpu: T0 : 0x489e58 @_dl_find_object_init+104    : mov	DS:[rip + 0x3a065], 0 
50298000: system.cpu: T0 : 0x489e63 @_dl_find_object_init+115    : call	0xfffffffffffff9f8   
50303000: system.cpu: T0 : 0x489860 @_dlfo_process_initial    : sub	rsp, 0x28             
50303000: system.cpu: T0 : 0x489864 @_dlfo_process_initial+4    : mov	r8, DS:[rip + 0x3b935]
50303000: system.cpu: T0 : 0x48986b @_dlfo_process_initial+11    : test	DS:[r8 + 0x31e], 0x4 
50303000: system.cpu: T0 : 0x489873 @_dlfo_process_initial+19    : jz	0xc7                   
50321000: system.cpu: T0 : 0x489940 @_dlfo_process_initial+224    : mov	rsp                   
50321000: system.cpu: T0 : 0x489943 @_dlfo_process_initial+227    : mov	r8                    
50321000: system.cpu: T0 : 0x489946 @_dlfo_process_initial+230    : xor	r9d                   
50321000: system.cpu: T0 : 0x489949 @_dlfo_process_initial+233    : call	0xfffffffffffffea2   
50323000: system.cpu: T0 : 0x4897f0 @_dl_find_object_from_map    : mov	rax, DS:[rdi + 0x358] 
50323000: system.cpu: T0 : 0x4897f7 @_dl_find_object_from_map+7    : mov	DS:[rsi], rax         
50325000: system.cpu: T0 : 0x4897fa @_dl_find_object_from_map+10    : mov	rax, DS:[rdi + 0x360] 
50325000: system.cpu: T0 : 0x489801 @_dl_find_object_from_map+17    : mov	DS:[rsi + 0x8], rax   
50325000: system.cpu: T0 : 0x489805 @_dl_find_object_from_map+21    : mov	DS:[rsi + 0x10], rdi  
50325000: system.cpu: T0 : 0x489809 @_dl_find_object_from_map+25    : movzx	ecx, DS:[rdi + 0x2b8]
50325000: system.cpu: T0 : 0x489810 @_dl_find_object_from_map+32    : mov	rax, DS:[rdi + 0x2a8] 
50325000: system.cpu: T0 : 0x489817 @_dl_find_object_from_map+39    : lea	rdx, DS:[8*rcx + t0]  
50325000: system.cpu: T0 : 0x48981f @_dl_find_object_from_map+47    : sub	rcx                   
50326000: system.cpu: T0 : 0x489822 @_dl_find_object_from_map+50    : lea	rdx, DS:[8*rdx + rax] 
50326000: system.cpu: T0 : 0x489826 @_dl_find_object_from_map+54    : cmp	rdx                   
50326000: system.cpu: T0 : 0x489829 @_dl_find_object_from_map+57    : jb	0xe                    
50333000: system.cpu: T0 : 0x489839 @_dl_find_object_from_map+73    : cmp	DS:[rax], 0x6474e550  
50335000: system.cpu: T0 : 0x48983f @_dl_find_object_from_map+79    : jnz	0xffffffffffffffef    
50337000: system.cpu: T0 : 0x489830 @_dl_find_object_from_map+64    : add	rax, 0x38             
50337000: system.cpu: T0 : 0x489834 @_dl_find_object_from_map+68    : cmp	rax                   
50337000: system.cpu: T0 : 0x489837 @_dl_find_object_from_map+71    : jbe	0x17                  
50350000: system.cpu: T0 : 0x489839 @_dl_find_object_from_map+73    : cmp	DS:[rax], 0x6474e550  
50352000: system.cpu: T0 : 0x48983f @_dl_find_object_from_map+79    : jnz	0xffffffffffffffef    
50354000: system.cpu: T0 : 0x489830 @_dl_find_object_from_map+64    : add	rax, 0x38             
50354000: system.cpu: T0 : 0x489834 @_dl_find_object_from_map+68    : cmp	rax                   
50354000: system.cpu: T0 : 0x489837 @_dl_find_object_from_map+71    : jbe	0x17                  
50354000: system.cpu: T0 : 0x489839 @_dl_find_object_from_map+73    : cmp	DS:[rax], 0x6474e550  
50357000: system.cpu: T0 : 0x48983f @_dl_find_object_from_map+79    : jnz	0xffffffffffffffef    
50359000: system.cpu: T0 : 0x489830 @_dl_find_object_from_map+64    : add	rax, 0x38             
50359000: system.cpu: T0 : 0x489834 @_dl_find_object_from_map+68    : cmp	rax                   
50359000: system.cpu: T0 : 0x489837 @_dl_find_object_from_map+71    : jbe	0x17                  
50359000: system.cpu: T0 : 0x489839 @_dl_find_object_from_map+73    : cmp	DS:[rax], 0x6474e550  
50362000: system.cpu: T0 : 0x48983f @_dl_find_object_from_map+79    : jnz	0xffffffffffffffef    
50364000: system.cpu: T0 : 0x489830 @_dl_find_object_from_map+64    : add	rax, 0x38             
50364000: system.cpu: T0 : 0x489834 @_dl_find_object_from_map+68    : cmp	rax                   
50364000: system.cpu: T0 : 0x489837 @_dl_find_object_from_map+71    : jbe	0x17                  
50364000: system.cpu: T0 : 0x489839 @_dl_find_object_from_map+73    : cmp	DS:[rax], 0x6474e550  
50367000: system.cpu: T0 : 0x48983f @_dl_find_object_from_map+79    : jnz	0xffffffffffffffef    
50369000: system.cpu: T0 : 0x489830 @_dl_find_object_from_map+64    : add	rax, 0x38             
50369000: system.cpu: T0 : 0x489834 @_dl_find_object_from_map+68    : cmp	rax                   
50369000: system.cpu: T0 : 0x489837 @_dl_find_object_from_map+71    : jbe	0x17                  
50369000: system.cpu: T0 : 0x489839 @_dl_find_object_from_map+73    : cmp	DS:[rax], 0x6474e550  
50372000: system.cpu: T0 : 0x48983f @_dl_find_object_from_map+79    : jnz	0xffffffffffffffef    
50374000: system.cpu: T0 : 0x489830 @_dl_find_object_from_map+64    : add	rax, 0x38             
50374000: system.cpu: T0 : 0x489834 @_dl_find_object_from_map+68    : cmp	rax                   
50374000: system.cpu: T0 : 0x489837 @_dl_find_object_from_map+71    : jbe	0x17                  
50374000: system.cpu: T0 : 0x489839 @_dl_find_object_from_map+73    : cmp	DS:[rax], 0x6474e550  
50377000: system.cpu: T0 : 0x48983f @_dl_find_object_from_map+79    : jnz	0xffffffffffffffef    
50379000: system.cpu: T0 : 0x489830 @_dl_find_object_from_map+64    : add	rax, 0x38             
50379000: system.cpu: T0 : 0x489834 @_dl_find_object_from_map+68    : cmp	rax                   
50379000: system.cpu: T0 : 0x489837 @_dl_find_object_from_map+71    : jbe	0x17                  
50379000: system.cpu: T0 : 0x489839 @_dl_find_object_from_map+73    : cmp	DS:[rax], 0x6474e550  
50382000: system.cpu: T0 : 0x48983f @_dl_find_object_from_map+79    : jnz	0xffffffffffffffef    
50384000: system.cpu: T0 : 0x489830 @_dl_find_object_from_map+64    : add	rax, 0x38             
50384000: system.cpu: T0 : 0x489834 @_dl_find_object_from_map+68    : cmp	rax                   
50384000: system.cpu: T0 : 0x489837 @_dl_find_object_from_map+71    : jbe	0x17                  
50384000: system.cpu: T0 : 0x489839 @_dl_find_object_from_map+73    : cmp	DS:[rax], 0x6474e550  
50387000: system.cpu: T0 : 0x48983f @_dl_find_object_from_map+79    : jnz	0xffffffffffffffef    
50389000: system.cpu: T0 : 0x489830 @_dl_find_object_from_map+64    : add	rax, 0x38             
50389000: system.cpu: T0 : 0x489834 @_dl_find_object_from_map+68    : cmp	rax                   
50389000: system.cpu: T0 : 0x489837 @_dl_find_object_from_map+71    : jbe	0x17                  
50389000: system.cpu: T0 : 0x489839 @_dl_find_object_from_map+73    : cmp	DS:[rax], 0x6474e550  
50392000: system.cpu: T0 : 0x48983f @_dl_find_object_from_map+79    : jnz	0xffffffffffffffef    
50394000: system.cpu: T0 : 0x489830 @_dl_find_object_from_map+64    : add	rax, 0x38             
50394000: system.cpu: T0 : 0x489834 @_dl_find_object_from_map+68    : cmp	rax                   
50394000: system.cpu: T0 : 0x489837 @_dl_find_object_from_map+71    : jbe	0x17                  
50407000: system.cpu: T0 : 0x489850 @_dl_find_object_from_map+96    : mov	DS:[rsi + 0x18], 0    
50407000: system.cpu: T0 : 0x489858 @_dl_find_object_from_map+104    : ret	                      
50409000: system.cpu: T0 : 0x48994e @_dlfo_process_initial+238    : movzx	ecx, DS:[r8 + 0x2b8]
50409000: system.cpu: T0 : 0x489956 @_dlfo_process_initial+246    : mov	rax, DS:[r8 + 0x2a8]  
50409000: system.cpu: T0 : 0x48995d @_dlfo_process_initial+253    : lea	rdx, DS:[8*rcx + t0]  
50409000: system.cpu: T0 : 0x489965 @_dlfo_process_initial+261    : sub	rcx                   
50409000: system.cpu: T0 : 0x489968 @_dlfo_process_initial+264    : lea	rcx, DS:[8*rdx + rax] 
50409000: system.cpu: T0 : 0x48996c @_dlfo_process_initial+268    : cmp	rcx                   
50409000: system.cpu: T0 : 0x48996f @_dlfo_process_initial+271    : jb	0x1c                   
50412000: system.cpu: T0 : 0x48998d @_dlfo_process_initial+301    : cmp	DS:[rax], 0x1         
50412000: system.cpu: T0 : 0x489990 @_dlfo_process_initial+304    : jnz	0xffffffffffffffee    
50412000: system.cpu: T0 : 0x489992 @_dlfo_process_initial+306    : mov	rdx, DS:[rip + 0x3a527]
50413000: system.cpu: T0 : 0x489999 @_dlfo_process_initial+313    : test	rdx                  
50413000: system.cpu: T0 : 0x48999c @_dlfo_process_initial+316    : jz	0x47                   
50427000: system.cpu: T0 : 0x48999e @_dlfo_process_initial+318    : mov	r9                    
50427000: system.cpu: T0 : 0x4899a1 @_dlfo_process_initial+321    : movdqa	XMM2, SS:[t0 + rsp]
50427000: system.cpu: T0 : 0x4899a6 @_dlfo_process_initial+326    : movq	XMM1, DS:[r8]        
50427000: system.cpu: T0 : 0x4899ab @_dlfo_process_initial+331    : sal	0x5                   
50427000: system.cpu: T0 : 0x4899af @_dlfo_process_initial+335    : add	rsi                   
50427000: system.cpu: T0 : 0x4899b2 @_dlfo_process_initial+338    : mov	rsi, DS:[r8]          
50428000: system.cpu: T0 : 0x4899b5 @_dlfo_process_initial+341    : movups	DS:[rdx], XMM2     
50428000: system.cpu: T0 : 0x4899b8 @_dlfo_process_initial+344    : movdqa	XMM3, SS:[t0 + rsp + 0x10]
50430000: system.cpu: T0 : 0x4899be @_dlfo_process_initial+350    : movups	DS:[rdx + 0x10], XMM3
50430000: system.cpu: T0 : 0x4899c2 @_dlfo_process_initial+354    : add	rsi, DS:[rax + 0x10]  
50430000: system.cpu: T0 : 0x4899c6 @_dlfo_process_initial+358    : movdqu	XMM0, DS:[rax + 0x10]
50430000: system.cpu: T0 : 0x4899cb @_dlfo_process_initial+363    : movdqu	XMM4, DS:[rax + 0x20]
50431000: system.cpu: T0 : 0x4899d0 @_dlfo_process_initial+368    : movd	XMM5                 
50431000: system.cpu: T0 : 0x4899d5 @_dlfo_process_initial+373    : punpcklqdq	XMM1           
50431000: system.cpu: T0 : 0x4899d9 @_dlfo_process_initial+377    : shufpd	XMM0, 0x2          
50431000: system.cpu: T0 : 0x4899de @_dlfo_process_initial+382    : paddq	XMM0                
50432000: system.cpu: T0 : 0x4899e2 @_dlfo_process_initial+386    : movups	DS:[rdx], XMM0     
50432000: system.cpu: T0 : 0x4899e5 @_dlfo_process_initial+389    : add	r9, 0x1               
50432000: system.cpu: T0 : 0x4899e9 @_dlfo_process_initial+393    : jmp	0xffffffffffffff95    
50434000: system.cpu: T0 : 0x489980 @_dlfo_process_initial+288    : add	rax, 0x38             
50434000: system.cpu: T0 : 0x489984 @_dlfo_process_initial+292    : cmp	rax                   
50434000: system.cpu: T0 : 0x489987 @_dlfo_process_initial+295    : jbe	0xffffffffffffff5b    
50447000: system.cpu: T0 : 0x48998d @_dlfo_process_initial+301    : cmp	DS:[rax], 0x1         
50447000: system.cpu: T0 : 0x489990 @_dlfo_process_initial+304    : jnz	0xffffffffffffffee    
50447000: system.cpu: T0 : 0x489992 @_dlfo_process_initial+306    : mov	rdx, DS:[rip + 0x3a527]
50448000: system.cpu: T0 : 0x489999 @_dlfo_process_initial+313    : test	rdx                  
50448000: system.cpu: T0 : 0x48999c @_dlfo_process_initial+316    : jz	0x47                   
50448000: system.cpu: T0 : 0x48999e @_dlfo_process_initial+318    : mov	r9                    
50448000: system.cpu: T0 : 0x4899a1 @_dlfo_process_initial+321    : movdqa	XMM2, SS:[t0 + rsp]
50448000: system.cpu: T0 : 0x4899a6 @_dlfo_process_initial+326    : movq	XMM1, DS:[r8]        
50449000: system.cpu: T0 : 0x4899ab @_dlfo_process_initial+331    : sal	0x5                   
50449000: system.cpu: T0 : 0x4899af @_dlfo_process_initial+335    : add	rsi                   
50449000: system.cpu: T0 : 0x4899b2 @_dlfo_process_initial+338    : mov	rsi, DS:[r8]          
50449000: system.cpu: T0 : 0x4899b5 @_dlfo_process_initial+341    : movups	DS:[rdx], XMM2     
50449000: system.cpu: T0 : 0x4899b8 @_dlfo_process_initial+344    : movdqa	XMM3, SS:[t0 + rsp + 0x10]
50452000: system.cpu: T0 : 0x4899be @_dlfo_process_initial+350    : movups	DS:[rdx + 0x10], XMM3
50452000: system.cpu: T0 : 0x4899c2 @_dlfo_process_initial+354    : add	rsi, DS:[rax + 0x10]  
50452000: system.cpu: T0 : 0x4899c6 @_dlfo_process_initial+358    : movdqu	XMM0, DS:[rax + 0x10]
50452000: system.cpu: T0 : 0x4899cb @_dlfo_process_initial+363    : movdqu	XMM4, DS:[rax + 0x20]
50453000: system.cpu: T0 : 0x4899d0 @_dlfo_process_initial+368    : movd	XMM5                 
50453000: system.cpu: T0 : 0x4899d5 @_dlfo_process_initial+373    : punpcklqdq	XMM1           
50453000: system.cpu: T0 : 0x4899d9 @_dlfo_process_initial+377    : shufpd	XMM0, 0x2          
50453000: system.cpu: T0 : 0x4899de @_dlfo_process_initial+382    : paddq	XMM0                
50454000: system.cpu: T0 : 0x4899e2 @_dlfo_process_initial+386    : movups	DS:[rdx], XMM0     
50454000: system.cpu: T0 : 0x4899e5 @_dlfo_process_initial+389    : add	r9, 0x1               
50454000: system.cpu: T0 : 0x4899e9 @_dlfo_process_initial+393    : jmp	0xffffffffffffff95    
50456000: system.cpu: T0 : 0x489980 @_dlfo_process_initial+288    : add	rax, 0x38             
50456000: system.cpu: T0 : 0x489984 @_dlfo_process_initial+292    : cmp	rax                   
50456000: system.cpu: T0 : 0x489987 @_dlfo_process_initial+295    : jbe	0xffffffffffffff5b    
50456000: system.cpu: T0 : 0x48998d @_dlfo_process_initial+301    : cmp	DS:[rax], 0x1         
50457000: system.cpu: T0 : 0x489990 @_dlfo_process_initial+304    : jnz	0xffffffffffffffee    
50457000: system.cpu: T0 : 0x489992 @_dlfo_process_initial+306    : mov	rdx, DS:[rip + 0x3a527]
50457000: system.cpu: T0 : 0x489999 @_dlfo_process_initial+313    : test	rdx                  
50457000: system.cpu: T0 : 0x48999c @_dlfo_process_initial+316    : jz	0x47                   
50458000: system.cpu: T0 : 0x48999e @_dlfo_process_initial+318    : mov	r9                    
50458000: system.cpu: T0 : 0x4899a1 @_dlfo_process_initial+321    : movdqa	XMM2, SS:[t0 + rsp]
50458000: system.cpu: T0 : 0x4899a6 @_dlfo_process_initial+326    : movq	XMM1, DS:[r8]        
50458000: system.cpu: T0 : 0x4899ab @_dlfo_process_initial+331    : sal	0x5                   
50459000: system.cpu: T0 : 0x4899af @_dlfo_process_initial+335    : add	rsi                   
50459000: system.cpu: T0 : 0x4899b2 @_dlfo_process_initial+338    : mov	rsi, DS:[r8]          
50459000: system.cpu: T0 : 0x4899b5 @_dlfo_process_initial+341    : movups	DS:[rdx], XMM2     
50459000: system.cpu: T0 : 0x4899b8 @_dlfo_process_initial+344    : movdqa	XMM3, SS:[t0 + rsp + 0x10]
50461000: system.cpu: T0 : 0x4899be @_dlfo_process_initial+350    : movups	DS:[rdx + 0x10], XMM3
50461000: system.cpu: T0 : 0x4899c2 @_dlfo_process_initial+354    : add	rsi, DS:[rax + 0x10]  
50461000: system.cpu: T0 : 0x4899c6 @_dlfo_process_initial+358    : movdqu	XMM0, DS:[rax + 0x10]
50461000: system.cpu: T0 : 0x4899cb @_dlfo_process_initial+363    : movdqu	XMM4, DS:[rax + 0x20]
50462000: system.cpu: T0 : 0x4899d0 @_dlfo_process_initial+368    : movd	XMM5                 
50462000: system.cpu: T0 : 0x4899d5 @_dlfo_process_initial+373    : punpcklqdq	XMM1           
50462000: system.cpu: T0 : 0x4899d9 @_dlfo_process_initial+377    : shufpd	XMM0, 0x2          
50462000: system.cpu: T0 : 0x4899de @_dlfo_process_initial+382    : paddq	XMM0                
50463000: system.cpu: T0 : 0x4899e2 @_dlfo_process_initial+386    : movups	DS:[rdx], XMM0     
50463000: system.cpu: T0 : 0x4899e5 @_dlfo_process_initial+389    : add	r9, 0x1               
50463000: system.cpu: T0 : 0x4899e9 @_dlfo_process_initial+393    : jmp	0xffffffffffffff95    
50465000: system.cpu: T0 : 0x489980 @_dlfo_process_initial+288    : add	rax, 0x38             
50465000: system.cpu: T0 : 0x489984 @_dlfo_process_initial+292    : cmp	rax                   
50465000: system.cpu: T0 : 0x489987 @_dlfo_process_initial+295    : jbe	0xffffffffffffff5b    
50465000: system.cpu: T0 : 0x48998d @_dlfo_process_initial+301    : cmp	DS:[rax], 0x1         
50466000: system.cpu: T0 : 0x489990 @_dlfo_process_initial+304    : jnz	0xffffffffffffffee    
50466000: system.cpu: T0 : 0x489992 @_dlfo_process_initial+306    : mov	rdx, DS:[rip + 0x3a527]
50466000: system.cpu: T0 : 0x489999 @_dlfo_process_initial+313    : test	rdx                  
50466000: system.cpu: T0 : 0x48999c @_dlfo_process_initial+316    : jz	0x47                   
50467000: system.cpu: T0 : 0x48999e @_dlfo_process_initial+318    : mov	r9                    
50467000: system.cpu: T0 : 0x4899a1 @_dlfo_process_initial+321    : movdqa	XMM2, SS:[t0 + rsp]
50467000: system.cpu: T0 : 0x4899a6 @_dlfo_process_initial+326    : movq	XMM1, DS:[r8]        
50467000: system.cpu: T0 : 0x4899ab @_dlfo_process_initial+331    : sal	0x5                   
50468000: system.cpu: T0 : 0x4899af @_dlfo_process_initial+335    : add	rsi                   
50468000: system.cpu: T0 : 0x4899b2 @_dlfo_process_initial+338    : mov	rsi, DS:[r8]          
50468000: system.cpu: T0 : 0x4899b5 @_dlfo_process_initial+341    : movups	DS:[rdx], XMM2     
50468000: system.cpu: T0 : 0x4899b8 @_dlfo_process_initial+344    : movdqa	XMM3, SS:[t0 + rsp + 0x10]
50470000: system.cpu: T0 : 0x4899be @_dlfo_process_initial+350    : movups	DS:[rdx + 0x10], XMM3
50470000: system.cpu: T0 : 0x4899c2 @_dlfo_process_initial+354    : add	rsi, DS:[rax + 0x10]  
50470000: system.cpu: T0 : 0x4899c6 @_dlfo_process_initial+358    : movdqu	XMM0, DS:[rax + 0x10]
50470000: system.cpu: T0 : 0x4899cb @_dlfo_process_initial+363    : movdqu	XMM4, DS:[rax + 0x20]
50471000: system.cpu: T0 : 0x4899d0 @_dlfo_process_initial+368    : movd	XMM5                 
50471000: system.cpu: T0 : 0x4899d5 @_dlfo_process_initial+373    : punpcklqdq	XMM1           
50471000: system.cpu: T0 : 0x4899d9 @_dlfo_process_initial+377    : shufpd	XMM0, 0x2          
50471000: system.cpu: T0 : 0x4899de @_dlfo_process_initial+382    : paddq	XMM0                
50472000: system.cpu: T0 : 0x4899e2 @_dlfo_process_initial+386    : movups	DS:[rdx], XMM0     
50472000: system.cpu: T0 : 0x4899e5 @_dlfo_process_initial+389    : add	r9, 0x1               
50472000: system.cpu: T0 : 0x4899e9 @_dlfo_process_initial+393    : jmp	0xffffffffffffff95    
50474000: system.cpu: T0 : 0x489980 @_dlfo_process_initial+288    : add	rax, 0x38             
50474000: system.cpu: T0 : 0x489984 @_dlfo_process_initial+292    : cmp	rax                   
50474000: system.cpu: T0 : 0x489987 @_dlfo_process_initial+295    : jbe	0xffffffffffffff5b    
50474000: system.cpu: T0 : 0x48998d @_dlfo_process_initial+301    : cmp	DS:[rax], 0x1         
50475000: system.cpu: T0 : 0x489990 @_dlfo_process_initial+304    : jnz	0xffffffffffffffee    
50491000: system.cpu: T0 : 0x489980 @_dlfo_process_initial+288    : add	rax, 0x38             
50491000: system.cpu: T0 : 0x489984 @_dlfo_process_initial+292    : cmp	rax                   
50491000: system.cpu: T0 : 0x489987 @_dlfo_process_initial+295    : jbe	0xffffffffffffff5b    
50491000: system.cpu: T0 : 0x48998d @_dlfo_process_initial+301    : cmp	DS:[rax], 0x1         
50492000: system.cpu: T0 : 0x489990 @_dlfo_process_initial+304    : jnz	0xffffffffffffffee    
50512000: system.cpu: T0 : 0x489980 @_dlfo_process_initial+288    : add	rax, 0x38             
50512000: system.cpu: T0 : 0x489984 @_dlfo_process_initial+292    : cmp	rax                   
50512000: system.cpu: T0 : 0x489987 @_dlfo_process_initial+295    : jbe	0xffffffffffffff5b    
50512000: system.cpu: T0 : 0x48998d @_dlfo_process_initial+301    : cmp	DS:[rax], 0x1         
50513000: system.cpu: T0 : 0x489990 @_dlfo_process_initial+304    : jnz	0xffffffffffffffee    
50533000: system.cpu: T0 : 0x489980 @_dlfo_process_initial+288    : add	rax, 0x38             
50533000: system.cpu: T0 : 0x489984 @_dlfo_process_initial+292    : cmp	rax                   
50533000: system.cpu: T0 : 0x489987 @_dlfo_process_initial+295    : jbe	0xffffffffffffff5b    
50533000: system.cpu: T0 : 0x48998d @_dlfo_process_initial+301    : cmp	DS:[rax], 0x1         
50534000: system.cpu: T0 : 0x489990 @_dlfo_process_initial+304    : jnz	0xffffffffffffffee    
50554000: system.cpu: T0 : 0x489980 @_dlfo_process_initial+288    : add	rax, 0x38             
50554000: system.cpu: T0 : 0x489984 @_dlfo_process_initial+292    : cmp	rax                   
50554000: system.cpu: T0 : 0x489987 @_dlfo_process_initial+295    : jbe	0xffffffffffffff5b    
50554000: system.cpu: T0 : 0x48998d @_dlfo_process_initial+301    : cmp	DS:[rax], 0x1         
50555000: system.cpu: T0 : 0x489990 @_dlfo_process_initial+304    : jnz	0xffffffffffffffee    
50575000: system.cpu: T0 : 0x489980 @_dlfo_process_initial+288    : add	rax, 0x38             
50575000: system.cpu: T0 : 0x489984 @_dlfo_process_initial+292    : cmp	rax                   
50575000: system.cpu: T0 : 0x489987 @_dlfo_process_initial+295    : jbe	0xffffffffffffff5b    
50575000: system.cpu: T0 : 0x48998d @_dlfo_process_initial+301    : cmp	DS:[rax], 0x1         
50576000: system.cpu: T0 : 0x489990 @_dlfo_process_initial+304    : jnz	0xffffffffffffffee    
50596000: system.cpu: T0 : 0x489980 @_dlfo_process_initial+288    : add	rax, 0x38             
50596000: system.cpu: T0 : 0x489984 @_dlfo_process_initial+292    : cmp	rax                   
50596000: system.cpu: T0 : 0x489987 @_dlfo_process_initial+295    : jbe	0xffffffffffffff5b    
50614000: system.cpu: T0 : 0x4898e8 @_dlfo_process_initial+136    : mov	r10, DS:[rip + 0x3b879]
50614000: system.cpu: T0 : 0x4898ef @_dlfo_process_initial+143    : test	r10                  
50614000: system.cpu: T0 : 0x4898f2 @_dlfo_process_initial+146    : jz	0xf                    
50614000: system.cpu: T0 : 0x4898f4 @_dlfo_process_initial+148    : mov	rdi, DS:[rip + 0x3b8a5]
50615000: system.cpu: T0 : 0x4898fb @_dlfo_process_initial+155    : test	rdi                  
50615000: system.cpu: T0 : 0x4898fe @_dlfo_process_initial+158    : jnz	0xffffffffffffff8b    
50617000: system.cpu: T0 : 0x48988b @_dlfo_process_initial+43    : xor	r10d                  
50617000: system.cpu: T0 : 0x48988e @_dlfo_process_initial+46    : jmp	0x9                   
50618000: system.cpu: T0 : 0x489899 @_dlfo_process_initial+57    : cmp	rdi                   
50618000: system.cpu: T0 : 0x48989c @_dlfo_process_initial+60    : jz	0xfffffffffffffff2     
50633000: system.cpu: T0 : 0x489890 @_dlfo_process_initial+48    : mov	rdi, DS:[rdi + 0x18]  
50633000: system.cpu: T0 : 0x489894 @_dlfo_process_initial+52    : test	rdi                  
50633000: system.cpu: T0 : 0x489897 @_dlfo_process_initial+55    : jz	0x6a                   
50633000: system.cpu: T0 : 0x489899 @_dlfo_process_initial+57    : cmp	rdi                   
50633000: system.cpu: T0 : 0x48989c @_dlfo_process_initial+60    : jz	0xfffffffffffffff2     
50634000: system.cpu: T0 : 0x48989e @_dlfo_process_initial+62    : cmp	DS:[rdi + 0x28], rdi  
50634000: system.cpu: T0 : 0x4898a2 @_dlfo_process_initial+66    : jnz	0xffffffffffffffec    
50634000: system.cpu: T0 : 0x4898a4 @_dlfo_process_initial+68    : movzx	eax, DS:[rdi + 0x31c]
50635000: system.cpu: T0 : 0x4898ab @_dlfo_process_initial+75    : and	eax, 0x3              
50635000: system.cpu: T0 : 0x4898ae @_dlfo_process_initial+78    : cmp	al, 0x1               
50635000: system.cpu: T0 : 0x4898b0 @_dlfo_process_initial+80    : jz	0x66                   
50637000: system.cpu: T0 : 0x489918 @_dlfo_process_initial+184    : mov	rsi, DS:[rip + 0x3a5a1]
50637000: system.cpu: T0 : 0x48991f @_dlfo_process_initial+191    : test	rsi                  
50637000: system.cpu: T0 : 0x489922 @_dlfo_process_initial+194    : jz	0xf                    
50657000: system.cpu: T0 : 0x489924 @_dlfo_process_initial+196    : mov	r9                    
50657000: system.cpu: T0 : 0x489927 @_dlfo_process_initial+199    : sal	0x5                   
50657000: system.cpu: T0 : 0x48992b @_dlfo_process_initial+203    : add	rax                   
50657000: system.cpu: T0 : 0x48992e @_dlfo_process_initial+206    : call	0xfffffffffffffebd   
50659000: system.cpu: T0 : 0x4897f0 @_dl_find_object_from_map    : mov	rax, DS:[rdi + 0x358] 
50659000: system.cpu: T0 : 0x4897f7 @_dl_find_object_from_map+7    : mov	DS:[rsi], rax         
50661000: system.cpu: T0 : 0x4897fa @_dl_find_object_from_map+10    : mov	rax, DS:[rdi + 0x360] 
50661000: system.cpu: T0 : 0x489801 @_dl_find_object_from_map+17    : mov	DS:[rsi + 0x8], rax   
50661000: system.cpu: T0 : 0x489805 @_dl_find_object_from_map+21    : mov	DS:[rsi + 0x10], rdi  
50661000: system.cpu: T0 : 0x489809 @_dl_find_object_from_map+25    : movzx	ecx, DS:[rdi + 0x2b8]
50661000: system.cpu: T0 : 0x489810 @_dl_find_object_from_map+32    : mov	rax, DS:[rdi + 0x2a8] 
50661000: system.cpu: T0 : 0x489817 @_dl_find_object_from_map+39    : lea	rdx, DS:[8*rcx + t0]  
50661000: system.cpu: T0 : 0x48981f @_dl_find_object_from_map+47    : sub	rcx                   
50662000: system.cpu: T0 : 0x489822 @_dl_find_object_from_map+50    : lea	rdx, DS:[8*rdx + rax] 
50662000: system.cpu: T0 : 0x489826 @_dl_find_object_from_map+54    : cmp	rdx                   
50662000: system.cpu: T0 : 0x489829 @_dl_find_object_from_map+57    : jb	0xe                    
50682000: system.cpu: T0 : 0x48982b @_dl_find_object_from_map+59    : jmp	0x23                  
50689000: system.cpu: T0 : 0x489850 @_dl_find_object_from_map+96    : mov	DS:[rsi + 0x18], 0    
50689000: system.cpu: T0 : 0x489858 @_dl_find_object_from_map+104    : ret	                      
50691000: system.cpu: T0 : 0x489933 @_dlfo_process_initial+211    : add	r9, 0x1               
50691000: system.cpu: T0 : 0x489937 @_dlfo_process_initial+215    : jmp	0xffffffffffffff54    
50693000: system.cpu: T0 : 0x489890 @_dlfo_process_initial+48    : mov	rdi, DS:[rdi + 0x18]  
50693000: system.cpu: T0 : 0x489894 @_dlfo_process_initial+52    : test	rdi                  
50693000: system.cpu: T0 : 0x489897 @_dlfo_process_initial+55    : jz	0x6a                   
50707000: system.cpu: T0 : 0x489903 @_dlfo_process_initial+163    : mov	DS:[rip + 0x3a5be], r9
50707000: system.cpu: T0 : 0x48990a @_dlfo_process_initial+170    : mov	r10                   
50707000: system.cpu: T0 : 0x48990d @_dlfo_process_initial+173    : add	rsp, 0x28             
50707000: system.cpu: T0 : 0x489911 @_dlfo_process_initial+177    : ret	                      
50709000: system.cpu: T0 : 0x489e68 @_dl_find_object_init+120    : mov	rdi, DS:[rip + 0x3a059]
50709000: system.cpu: T0 : 0x489e6f @_dl_find_object_init+127    : test	rdi                  
50709000: system.cpu: T0 : 0x489e72 @_dl_find_object_init+130    : jz	0x15                   
50709000: system.cpu: T0 : 0x489e74 @_dl_find_object_init+132    : cmp	rdi, 0x1              
50710000: system.cpu: T0 : 0x489e78 @_dl_find_object_init+136    : jnz	0x83                  
50818000: system.cpu: T0 : 0x489f01 @_dl_find_object_init+273    : lea	r10, DS:[rdi + 0xffffffffffffffff]
50818000: system.cpu: T0 : 0x489f05 @_dl_find_object_init+277    : mov	rbp                   
50818000: system.cpu: T0 : 0x489f08 @_dl_find_object_init+280    : xor	r9d                   
50818000: system.cpu: T0 : 0x489f0b @_dl_find_object_init+283    : hint	                     
50818000: system.cpu: T0 : 0x489f10 @_dl_find_object_init+288    : mov	r9                    
50818000: system.cpu: T0 : 0x489f13 @_dl_find_object_init+291    : add	r9, 0x1               
50818000: system.cpu: T0 : 0x489f17 @_dl_find_object_init+295    : mov	rcx, DS:[r8]          
50819000: system.cpu: T0 : 0x489f1a @_dl_find_object_init+298    : cmp	rdi                   
50819000: system.cpu: T0 : 0x489f1d @_dl_find_object_init+301    : jnb	0x15d                 
50819000: system.cpu: T0 : 0x489f23 @_dl_find_object_init+307    : mov	r9                    
50819000: system.cpu: T0 : 0x489f26 @_dl_find_object_init+310    : hint	                     
50819000: system.cpu: T0 : 0x489f30 @_dl_find_object_init+320    : mov	rax                   
50819000: system.cpu: T0 : 0x489f33 @_dl_find_object_init+323    : sal	0x5                   
50820000: system.cpu: T0 : 0x489f37 @_dl_find_object_init+327    : mov	rdx, SS:[rdx + rbp]   
50820000: system.cpu: T0 : 0x489f3c @_dl_find_object_init+332    : cmp	rcx                   
50915000: system.cpu: T0 : 0x489f3f @_dl_find_object_init+335    : jnb	0x6                   
50926000: system.cpu: T0 : 0x489f47 @_dl_find_object_init+343    : add	rax, 0x1              
50926000: system.cpu: T0 : 0x489f4b @_dl_find_object_init+347    : cmp	rdi                   
50926000: system.cpu: T0 : 0x489f4e @_dl_find_object_init+350    : jnz	0xffffffffffffffe0    
50941000: system.cpu: T0 : 0x489f30 @_dl_find_object_init+320    : mov	rax                   
50941000: system.cpu: T0 : 0x489f33 @_dl_find_object_init+323    : sal	0x5                   
50941000: system.cpu: T0 : 0x489f37 @_dl_find_object_init+327    : mov	rdx, SS:[rdx + rbp]   
50941000: system.cpu: T0 : 0x489f3c @_dl_find_object_init+332    : cmp	rcx                   
50943000: system.cpu: T0 : 0x489f3f @_dl_find_object_init+335    : jnb	0x6                   
50944000: system.cpu: T0 : 0x489f47 @_dl_find_object_init+343    : add	rax, 0x1              
50944000: system.cpu: T0 : 0x489f4b @_dl_find_object_init+347    : cmp	rdi                   
50944000: system.cpu: T0 : 0x489f4e @_dl_find_object_init+350    : jnz	0xffffffffffffffe0    
50946000: system.cpu: T0 : 0x489f30 @_dl_find_object_init+320    : mov	rax                   
50946000: system.cpu: T0 : 0x489f33 @_dl_find_object_init+323    : sal	0x5                   
50946000: system.cpu: T0 : 0x489f37 @_dl_find_object_init+327    : mov	rdx, SS:[rdx + rbp]   
50946000: system.cpu: T0 : 0x489f3c @_dl_find_object_init+332    : cmp	rcx                   
50948000: system.cpu: T0 : 0x489f3f @_dl_find_object_init+335    : jnb	0x6                   
50949000: system.cpu: T0 : 0x489f47 @_dl_find_object_init+343    : add	rax, 0x1              
50949000: system.cpu: T0 : 0x489f4b @_dl_find_object_init+347    : cmp	rdi                   
50949000: system.cpu: T0 : 0x489f4e @_dl_find_object_init+350    : jnz	0xffffffffffffffe0    
50951000: system.cpu: T0 : 0x489f30 @_dl_find_object_init+320    : mov	rax                   
50951000: system.cpu: T0 : 0x489f33 @_dl_find_object_init+323    : sal	0x5                   
50951000: system.cpu: T0 : 0x489f37 @_dl_find_object_init+327    : mov	rdx, SS:[rdx + rbp]   
50951000: system.cpu: T0 : 0x489f3c @_dl_find_object_init+332    : cmp	rcx                   
50953000: system.cpu: T0 : 0x489f3f @_dl_find_object_init+335    : jnb	0x6                   
50954000: system.cpu: T0 : 0x489f47 @_dl_find_object_init+343    : add	rax, 0x1              
50954000: system.cpu: T0 : 0x489f4b @_dl_find_object_init+347    : cmp	rdi                   
50954000: system.cpu: T0 : 0x489f4e @_dl_find_object_init+350    : jnz	0xffffffffffffffe0    
50965000: system.cpu: T0 : 0x489f50 @_dl_find_object_init+352    : sal	0x5                   
50965000: system.cpu: T0 : 0x489f54 @_dl_find_object_init+356    : add	rbp                   
50965000: system.cpu: T0 : 0x489f57 @_dl_find_object_init+359    : mov	rcx, DS:[rsi]         
50965000: system.cpu: T0 : 0x489f5a @_dl_find_object_init+362    : movdqu	XMM2, DS:[r8]      
50965000: system.cpu: T0 : 0x489f5f @_dl_find_object_init+367    : movd	XMM0                 
50965000: system.cpu: T0 : 0x489f64 @_dl_find_object_init+372    : movdqu	XMM1, DS:[rsi + 0x10]
50966000: system.cpu: T0 : 0x489f69 @_dl_find_object_init+377    : add	r8, 0x20              
50966000: system.cpu: T0 : 0x489f6d @_dl_find_object_init+381    : movhps	XMM0, DS:[rsi + 0x8]
50966000: system.cpu: T0 : 0x489f71 @_dl_find_object_init+385    : movups	DS:[rsi], XMM2     
50966000: system.cpu: T0 : 0x489f74 @_dl_find_object_init+388    : movdqu	XMM3, DS:[r8 + 0xfffffffffffffff0]
50967000: system.cpu: T0 : 0x489f7a @_dl_find_object_init+394    : movups	DS:[rsi + 0x10], XMM3
51028000: system.cpu: T0 : 0x489f7e @_dl_find_object_init+398    : movups	DS:[r8 + 0xffffffffffffffe0], XMM0
51028000: system.cpu: T0 : 0x489f83 @_dl_find_object_init+403    : movups	DS:[r8 + 0xfffffffffffffff0], XMM1
51028000: system.cpu: T0 : 0x489f88 @_dl_find_object_init+408    : cmp	r9                    
51028000: system.cpu: T0 : 0x489f8b @_dl_find_object_init+411    : jnbe	0xffffffffffffff83   
51039000: system.cpu: T0 : 0x489f10 @_dl_find_object_init+288    : mov	r9                    
51039000: system.cpu: T0 : 0x489f13 @_dl_find_object_init+291    : add	r9, 0x1               
51039000: system.cpu: T0 : 0x489f17 @_dl_find_object_init+295    : mov	rcx, DS:[r8]          
51039000: system.cpu: T0 : 0x489f1a @_dl_find_object_init+298    : cmp	rdi                   
51039000: system.cpu: T0 : 0x489f1d @_dl_find_object_init+301    : jnb	0x15d                 
51040000: system.cpu: T0 : 0x489f23 @_dl_find_object_init+307    : mov	r9                    
51040000: system.cpu: T0 : 0x489f26 @_dl_find_object_init+310    : hint	                     
51040000: system.cpu: T0 : 0x489f30 @_dl_find_object_init+320    : mov	rax                   
51040000: system.cpu: T0 : 0x489f33 @_dl_find_object_init+323    : sal	0x5                   
51040000: system.cpu: T0 : 0x489f37 @_dl_find_object_init+327    : mov	rdx, SS:[rdx + rbp]   
51040000: system.cpu: T0 : 0x489f3c @_dl_find_object_init+332    : cmp	rcx                   
51042000: system.cpu: T0 : 0x489f3f @_dl_find_object_init+335    : jnb	0x6                   
51043000: system.cpu: T0 : 0x489f47 @_dl_find_object_init+343    : add	rax, 0x1              
51043000: system.cpu: T0 : 0x489f4b @_dl_find_object_init+347    : cmp	rdi                   
51043000: system.cpu: T0 : 0x489f4e @_dl_find_object_init+350    : jnz	0xffffffffffffffe0    
51056000: system.cpu: T0 : 0x489f30 @_dl_find_object_init+320    : mov	rax                   
51056000: system.cpu: T0 : 0x489f33 @_dl_find_object_init+323    : sal	0x5                   
51056000: system.cpu: T0 : 0x489f37 @_dl_find_object_init+327    : mov	rdx, SS:[rdx + rbp]   
51056000: system.cpu: T0 : 0x489f3c @_dl_find_object_init+332    : cmp	rcx                   
51058000: system.cpu: T0 : 0x489f3f @_dl_find_object_init+335    : jnb	0x6                   
51059000: system.cpu: T0 : 0x489f47 @_dl_find_object_init+343    : add	rax, 0x1              
51059000: system.cpu: T0 : 0x489f4b @_dl_find_object_init+347    : cmp	rdi                   
51059000: system.cpu: T0 : 0x489f4e @_dl_find_object_init+350    : jnz	0xffffffffffffffe0    
51073000: system.cpu: T0 : 0x489f30 @_dl_find_object_init+320    : mov	rax                   
51073000: system.cpu: T0 : 0x489f33 @_dl_find_object_init+323    : sal	0x5                   
51073000: system.cpu: T0 : 0x489f37 @_dl_find_object_init+327    : mov	rdx, SS:[rdx + rbp]   
51073000: system.cpu: T0 : 0x489f3c @_dl_find_object_init+332    : cmp	rcx                   
51075000: system.cpu: T0 : 0x489f3f @_dl_find_object_init+335    : jnb	0x6                   
51076000: system.cpu: T0 : 0x489f47 @_dl_find_object_init+343    : add	rax, 0x1              
51076000: system.cpu: T0 : 0x489f4b @_dl_find_object_init+347    : cmp	rdi                   
51076000: system.cpu: T0 : 0x489f4e @_dl_find_object_init+350    : jnz	0xffffffffffffffe0    
51076000: system.cpu: T0 : 0x489f50 @_dl_find_object_init+352    : sal	0x5                   
51076000: system.cpu: T0 : 0x489f54 @_dl_find_object_init+356    : add	rbp                   
51077000: system.cpu: T0 : 0x489f57 @_dl_find_object_init+359    : mov	rcx, DS:[rsi]         
51077000: system.cpu: T0 : 0x489f5a @_dl_find_object_init+362    : movdqu	XMM2, DS:[r8]      
51077000: system.cpu: T0 : 0x489f5f @_dl_find_object_init+367    : movd	XMM0                 
51077000: system.cpu: T0 : 0x489f64 @_dl_find_object_init+372    : movdqu	XMM1, DS:[rsi + 0x10]
51077000: system.cpu: T0 : 0x489f69 @_dl_find_object_init+377    : add	r8, 0x20              
51078000: system.cpu: T0 : 0x489f6d @_dl_find_object_init+381    : movhps	XMM0, DS:[rsi + 0x8]
51078000: system.cpu: T0 : 0x489f71 @_dl_find_object_init+385    : movups	DS:[rsi], XMM2     
51078000: system.cpu: T0 : 0x489f74 @_dl_find_object_init+388    : movdqu	XMM3, DS:[r8 + 0xfffffffffffffff0]
51078000: system.cpu: T0 : 0x489f7a @_dl_find_object_init+394    : movups	DS:[rsi + 0x10], XMM3
51081000: system.cpu: T0 : 0x489f7e @_dl_find_object_init+398    : movups	DS:[r8 + 0xffffffffffffffe0], XMM0
51081000: system.cpu: T0 : 0x489f83 @_dl_find_object_init+403    : movups	DS:[r8 + 0xfffffffffffffff0], XMM1
51081000: system.cpu: T0 : 0x489f88 @_dl_find_object_init+408    : cmp	r9                    
51081000: system.cpu: T0 : 0x489f8b @_dl_find_object_init+411    : jnbe	0xffffffffffffff83   
51083000: system.cpu: T0 : 0x489f10 @_dl_find_object_init+288    : mov	r9                    
51083000: system.cpu: T0 : 0x489f13 @_dl_find_object_init+291    : add	r9, 0x1               
51083000: system.cpu: T0 : 0x489f17 @_dl_find_object_init+295    : mov	rcx, DS:[r8]          
51083000: system.cpu: T0 : 0x489f1a @_dl_find_object_init+298    : cmp	rdi                   
51083000: system.cpu: T0 : 0x489f1d @_dl_find_object_init+301    : jnb	0x15d                 
51084000: system.cpu: T0 : 0x489f23 @_dl_find_object_init+307    : mov	r9                    
51084000: system.cpu: T0 : 0x489f26 @_dl_find_object_init+310    : hint	                     
51084000: system.cpu: T0 : 0x489f30 @_dl_find_object_init+320    : mov	rax                   
51084000: system.cpu: T0 : 0x489f33 @_dl_find_object_init+323    : sal	0x5                   
51084000: system.cpu: T0 : 0x489f37 @_dl_find_object_init+327    : mov	rdx, SS:[rdx + rbp]   
51084000: system.cpu: T0 : 0x489f3c @_dl_find_object_init+332    : cmp	rcx                   
51086000: system.cpu: T0 : 0x489f3f @_dl_find_object_init+335    : jnb	0x6                   
51087000: system.cpu: T0 : 0x489f47 @_dl_find_object_init+343    : add	rax, 0x1              
51087000: system.cpu: T0 : 0x489f4b @_dl_find_object_init+347    : cmp	rdi                   
51087000: system.cpu: T0 : 0x489f4e @_dl_find_object_init+350    : jnz	0xffffffffffffffe0    
51100000: system.cpu: T0 : 0x489f30 @_dl_find_object_init+320    : mov	rax                   
51100000: system.cpu: T0 : 0x489f33 @_dl_find_object_init+323    : sal	0x5                   
51100000: system.cpu: T0 : 0x489f37 @_dl_find_object_init+327    : mov	rdx, SS:[rdx + rbp]   
51100000: system.cpu: T0 : 0x489f3c @_dl_find_object_init+332    : cmp	rcx                   
51102000: system.cpu: T0 : 0x489f3f @_dl_find_object_init+335    : jnb	0x6                   
51103000: system.cpu: T0 : 0x489f47 @_dl_find_object_init+343    : add	rax, 0x1              
51103000: system.cpu: T0 : 0x489f4b @_dl_find_object_init+347    : cmp	rdi                   
51103000: system.cpu: T0 : 0x489f4e @_dl_find_object_init+350    : jnz	0xffffffffffffffe0    
51103000: system.cpu: T0 : 0x489f50 @_dl_find_object_init+352    : sal	0x5                   
51103000: system.cpu: T0 : 0x489f54 @_dl_find_object_init+356    : add	rbp                   
51104000: system.cpu: T0 : 0x489f57 @_dl_find_object_init+359    : mov	rcx, DS:[rsi]         
51104000: system.cpu: T0 : 0x489f5a @_dl_find_object_init+362    : movdqu	XMM2, DS:[r8]      
51104000: system.cpu: T0 : 0x489f5f @_dl_find_object_init+367    : movd	XMM0                 
51104000: system.cpu: T0 : 0x489f64 @_dl_find_object_init+372    : movdqu	XMM1, DS:[rsi + 0x10]
51104000: system.cpu: T0 : 0x489f69 @_dl_find_object_init+377    : add	r8, 0x20              
51105000: system.cpu: T0 : 0x489f6d @_dl_find_object_init+381    : movhps	XMM0, DS:[rsi + 0x8]
51105000: system.cpu: T0 : 0x489f71 @_dl_find_object_init+385    : movups	DS:[rsi], XMM2     
51105000: system.cpu: T0 : 0x489f74 @_dl_find_object_init+388    : movdqu	XMM3, DS:[r8 + 0xfffffffffffffff0]
51105000: system.cpu: T0 : 0x489f7a @_dl_find_object_init+394    : movups	DS:[rsi + 0x10], XMM3
51108000: system.cpu: T0 : 0x489f7e @_dl_find_object_init+398    : movups	DS:[r8 + 0xffffffffffffffe0], XMM0
51108000: system.cpu: T0 : 0x489f83 @_dl_find_object_init+403    : movups	DS:[r8 + 0xfffffffffffffff0], XMM1
51108000: system.cpu: T0 : 0x489f88 @_dl_find_object_init+408    : cmp	r9                    
51108000: system.cpu: T0 : 0x489f8b @_dl_find_object_init+411    : jnbe	0xffffffffffffff83   
51110000: system.cpu: T0 : 0x489f10 @_dl_find_object_init+288    : mov	r9                    
51110000: system.cpu: T0 : 0x489f13 @_dl_find_object_init+291    : add	r9, 0x1               
51110000: system.cpu: T0 : 0x489f17 @_dl_find_object_init+295    : mov	rcx, DS:[r8]          
51110000: system.cpu: T0 : 0x489f1a @_dl_find_object_init+298    : cmp	rdi                   
51110000: system.cpu: T0 : 0x489f1d @_dl_find_object_init+301    : jnb	0x15d                 
51111000: system.cpu: T0 : 0x489f23 @_dl_find_object_init+307    : mov	r9                    
51111000: system.cpu: T0 : 0x489f26 @_dl_find_object_init+310    : hint	                     
51111000: system.cpu: T0 : 0x489f30 @_dl_find_object_init+320    : mov	rax                   
51111000: system.cpu: T0 : 0x489f33 @_dl_find_object_init+323    : sal	0x5                   
51111000: system.cpu: T0 : 0x489f37 @_dl_find_object_init+327    : mov	rdx, SS:[rdx + rbp]   
51111000: system.cpu: T0 : 0x489f3c @_dl_find_object_init+332    : cmp	rcx                   
51113000: system.cpu: T0 : 0x489f3f @_dl_find_object_init+335    : jnb	0x6                   
51114000: system.cpu: T0 : 0x489f47 @_dl_find_object_init+343    : add	rax, 0x1              
51114000: system.cpu: T0 : 0x489f4b @_dl_find_object_init+347    : cmp	rdi                   
51114000: system.cpu: T0 : 0x489f4e @_dl_find_object_init+350    : jnz	0xffffffffffffffe0    
51114000: system.cpu: T0 : 0x489f50 @_dl_find_object_init+352    : sal	0x5                   
51114000: system.cpu: T0 : 0x489f54 @_dl_find_object_init+356    : add	rbp                   
51115000: system.cpu: T0 : 0x489f57 @_dl_find_object_init+359    : mov	rcx, DS:[rsi]         
51115000: system.cpu: T0 : 0x489f5a @_dl_find_object_init+362    : movdqu	XMM2, DS:[r8]      
51115000: system.cpu: T0 : 0x489f5f @_dl_find_object_init+367    : movd	XMM0                 
51115000: system.cpu: T0 : 0x489f64 @_dl_find_object_init+372    : movdqu	XMM1, DS:[rsi + 0x10]
51115000: system.cpu: T0 : 0x489f69 @_dl_find_object_init+377    : add	r8, 0x20              
51116000: system.cpu: T0 : 0x489f6d @_dl_find_object_init+381    : movhps	XMM0, DS:[rsi + 0x8]
51116000: system.cpu: T0 : 0x489f71 @_dl_find_object_init+385    : movups	DS:[rsi], XMM2     
51116000: system.cpu: T0 : 0x489f74 @_dl_find_object_init+388    : movdqu	XMM3, DS:[r8 + 0xfffffffffffffff0]
51116000: system.cpu: T0 : 0x489f7a @_dl_find_object_init+394    : movups	DS:[rsi + 0x10], XMM3
51119000: system.cpu: T0 : 0x489f7e @_dl_find_object_init+398    : movups	DS:[r8 + 0xffffffffffffffe0], XMM0
51119000: system.cpu: T0 : 0x489f83 @_dl_find_object_init+403    : movups	DS:[r8 + 0xfffffffffffffff0], XMM1
51119000: system.cpu: T0 : 0x489f88 @_dl_find_object_init+408    : cmp	r9                    
51119000: system.cpu: T0 : 0x489f8b @_dl_find_object_init+411    : jnbe	0xffffffffffffff83   
51130000: system.cpu: T0 : 0x489f8d @_dl_find_object_init+413    : sal	0x5                   
51130000: system.cpu: T0 : 0x489f91 @_dl_find_object_init+417    : mov	rax, SS:[r10 + rbp + 0x8]
51130000: system.cpu: T0 : 0x489f96 @_dl_find_object_init+422    : mov	DS:[rip + 0x39f33], rax
51130000: system.cpu: T0 : 0x489f9d @_dl_find_object_init+429    : test	rbx                  
51130000: system.cpu: T0 : 0x489fa0 @_dl_find_object_init+432    : jz	0xfffffffffffffee3     
51142000: system.cpu: T0 : 0x489e89 @_dl_find_object_init+153    : pop	rbx                   
51142000: system.cpu: T0 : 0x489e8a @_dl_find_object_init+154    : pop	rbp                   
51142000: system.cpu: T0 : 0x489e8b @_dl_find_object_init+155    : pop	r12                   
51143000: system.cpu: T0 : 0x489e8d @_dl_find_object_init+157    : ret	                      
51145000: system.cpu: T0 : 0x454788 @_dl_non_dynamic_init+2456    : cmp	DS:[rip + 0x70f28], 0 
51145000: system.cpu: T0 : 0x454790 @_dl_non_dynamic_init+2464    : jnz	0xa2                  
51161000: system.cpu: T0 : 0x454838 @_dl_non_dynamic_init+2632    : add	rsp, 0x68             
51163000: system.cpu: T0 : 0x45483c @_dl_non_dynamic_init+2636    : lea	rdi, DS:[rip + 0x709fd]
51163000: system.cpu: T0 : 0x454843 @_dl_non_dynamic_init+2643    : pop	rbx                   
51163000: system.cpu: T0 : 0x454844 @_dl_non_dynamic_init+2644    : pop	rbp                   
51164000: system.cpu: T0 : 0x454845 @_dl_non_dynamic_init+2645    : pop	r12                   
51164000: system.cpu: T0 : 0x454847 @_dl_non_dynamic_init+2647    : pop	r13                   
51164000: system.cpu: T0 : 0x454849 @_dl_non_dynamic_init+2649    : pop	r14                   
51165000: system.cpu: T0 : 0x45484b @_dl_non_dynamic_init+2651    : pop	r15                   
51165000: system.cpu: T0 : 0x45484d @_dl_non_dynamic_init+2653    : jmp	0x2d8ae               
51292000: system.cpu: T0 : 0x482100 @_dl_protect_relro    : hint	                     
51292000: system.cpu: T0 : 0x482104 @_dl_protect_relro+4    : mov	rax, DS:[rip + 0x4304d]
51292000: system.cpu: T0 : 0x48210b @_dl_protect_relro+11    : push	rbx                  
51292000: system.cpu: T0 : 0x48210c @_dl_protect_relro+12    : mov	rdi                   
51292000: system.cpu: T0 : 0x48210f @_dl_protect_relro+15    : mov	rsi, DS:[rdi + 0x470] 
51292000: system.cpu: T0 : 0x482116 @_dl_protect_relro+22    : add	rsi, DS:[rdi]         
51293000: system.cpu: T0 : 0x482119 @_dl_protect_relro+25    : neg	                      
51293000: system.cpu: T0 : 0x48211c @_dl_protect_relro+28    : mov	rsi                   
51293000: system.cpu: T0 : 0x48211f @_dl_protect_relro+31    : add	rsi, DS:[rbx + 0x478] 
51293000: system.cpu: T0 : 0x482126 @_dl_protect_relro+38    : and	rax                   
51293000: system.cpu: T0 : 0x482129 @_dl_protect_relro+41    : and	rax                   
51293000: system.cpu: T0 : 0x48212c @_dl_protect_relro+44    : cmp	rsi                   
51294000: system.cpu: T0 : 0x48212f @_dl_protect_relro+47    : jnz	0x7                   
51311000: system.cpu: T0 : 0x482138 @_dl_protect_relro+56    : sub	rdi                   
51311000: system.cpu: T0 : 0x48213b @_dl_protect_relro+59    : mov	edx, 0x1              
51431000: system.cpu: T0 : 0x482140 @_dl_protect_relro+64    : call	0xfffffffffffcdb1b   
51543000: system.cpu: T0 : 0x44fc60 @mprotect    : hint	                     
51543000: system.cpu: T0 : 0x44fc64 @mprotect+4    : mov	eax, 0xa              
51543000: system.cpu: T0 : 0x44fc69 @mprotect+9    :   syscall                  : IntAlu : 
51569000: system.cpu: T0 : 0x44fc6b @mprotect+11    : cmp	rax, 0xfffffffffffff001
51569000: system.cpu: T0 : 0x44fc71 @mprotect+17    : jnb	0x1                   
51569000: system.cpu: T0 : 0x44fc73 @mprotect+19    : ret	                      
51571000: system.cpu: T0 : 0x482145 @_dl_protect_relro+69    : test	eax                  
51571000: system.cpu: T0 : 0x482147 @_dl_protect_relro+71    : jns	0xffffffffffffffe8    
51583000: system.cpu: T0 : 0x482131 @_dl_protect_relro+49    : pop	rbx                   
51583000: system.cpu: T0 : 0x482132 @_dl_protect_relro+50    : ret	                      
51585000: system.cpu: T0 : 0x4557da @__libc_init_first+42    : mov	r13                   
51585000: system.cpu: T0 : 0x4557dd @__libc_init_first+45    : mov	r12                   
51585000: system.cpu: T0 : 0x4557e0 @__libc_init_first+48    : mov	ebp                   
51585000: system.cpu: T0 : 0x4557e2 @__libc_init_first+50    : pop	rbp                   
51585000: system.cpu: T0 : 0x4557e3 @__libc_init_first+51    : pop	r12                   
51586000: system.cpu: T0 : 0x4557e5 @__libc_init_first+53    : pop	r13                   
51586000: system.cpu: T0 : 0x4557e7 @__libc_init_first+55    : jmp	0xffffffffffffbca4    
51588000: system.cpu: T0 : 0x451490 @__init_misc    : hint	                     
51588000: system.cpu: T0 : 0x451494 @__init_misc+4    : test	rsi                  
51588000: system.cpu: T0 : 0x451497 @__init_misc+7    : jz	0x47                   
51588000: system.cpu: T0 : 0x451499 @__init_misc+9    : push	rbp                  
51588000: system.cpu: T0 : 0x45149a @__init_misc+10    : push	rbx                  
51589000: system.cpu: T0 : 0x45149b @__init_misc+11    : mov	rsi                   
51589000: system.cpu: T0 : 0x45149e @__init_misc+14    : sub	rsp, 0x8              
51589000: system.cpu: T0 : 0x4514a2 @__init_misc+18    : mov	rbp, DS:[rsi]         
51589000: system.cpu: T0 : 0x4514a5 @__init_misc+21    : test	rbp                  
51589000: system.cpu: T0 : 0x4514a8 @__init_misc+24    : jz	0x29                   
51590000: system.cpu: T0 : 0x4514aa @__init_misc+26    : mov	rbp                   
51590000: system.cpu: T0 : 0x4514ad @__init_misc+29    : mov	esi, 0x2f             
51590000: system.cpu: T0 : 0x4514b2 @__init_misc+34    : call	0xfffffffffffafb99   
51595000: system.cpu: T0 : 0x401050 @_init+80    : jmp	DS:[rip + 0xc2ff2]    
51730000: system.cpu: T0 : 0x475fb0 @__strrchr_sse2    : hint	                     
51730000: system.cpu: T0 : 0x475fb4 @__strrchr_sse2+4    : movd	XMM1                 
51730000: system.cpu: T0 : 0x475fb8 @__strrchr_sse2+8    : mov	rdi                   
51730000: system.cpu: T0 : 0x475fbb @__strrchr_sse2+11    : and	eax, 0xfff            
51825000: system.cpu: T0 : 0x475fc0 @__strrchr_sse2+16    : punpcklbw	XMM1            
51825000: system.cpu: T0 : 0x475fc4 @__strrchr_sse2+20    : cmp	rax, 0xfc0            
51825000: system.cpu: T0 : 0x475fca @__strrchr_sse2+26    : punpcklwd	XMM1            
51825000: system.cpu: T0 : 0x475fce @__strrchr_sse2+30    : pshufd	XMM1, 0            
51826000: system.cpu: T0 : 0x475fd3 @__strrchr_sse2+35    : jnbe	0x207                
51943000: system.cpu: T0 : 0x4761e0 @__strrchr_sse2+560    : mov	rdi                   
51943000: system.cpu: T0 : 0x4761e3 @__strrchr_sse2+563    : pxor	XMM0                 
51943000: system.cpu: T0 : 0x4761e7 @__strrchr_sse2+567    : and	rax, 0xffffffffffffffc0
51943000: system.cpu: T0 : 0x4761eb @__strrchr_sse2+571    : movdqu	XMM5, DS:[rax]     
51943000: system.cpu: T0 : 0x4761ef @__strrchr_sse2+575    : movdqa	XMM6               
51944000: system.cpu: T0 : 0x4761f3 @__strrchr_sse2+579    : movdqu	XMM4, DS:[rax + 0x10]
51944000: system.cpu: T0 : 0x4761f8 @__strrchr_sse2+584    : pcmpeqb	XMM5              
51944000: system.cpu: T0 : 0x4761fc @__strrchr_sse2+588    : pcmpeqb	XMM6              
52039000: system.cpu: T0 : 0x476200 @__strrchr_sse2+592    : movdqu	XMM3, DS:[rax + 0x20]
52039000: system.cpu: T0 : 0x476205 @__strrchr_sse2+597    : pmovmskb	esi, XMM6        
52039000: system.cpu: T0 : 0x476209 @__strrchr_sse2+601    : movdqa	XMM6               
52039000: system.cpu: T0 : 0x47620d @__strrchr_sse2+605    : movdqu	XMM2, DS:[rax + 0x30]
52040000: system.cpu: T0 : 0x476212 @__strrchr_sse2+610    : pcmpeqb	XMM4              
52040000: system.cpu: T0 : 0x476216 @__strrchr_sse2+614    : pcmpeqb	XMM6              
52040000: system.cpu: T0 : 0x47621a @__strrchr_sse2+618    : pmovmskb	edx, XMM6        
52041000: system.cpu: T0 : 0x47621e @__strrchr_sse2+622    : movdqa	XMM6               
52041000: system.cpu: T0 : 0x476222 @__strrchr_sse2+626    : pcmpeqb	XMM3              
52041000: system.cpu: T0 : 0x476226 @__strrchr_sse2+630    : pcmpeqb	XMM6              
52041000: system.cpu: T0 : 0x47622a @__strrchr_sse2+634    : pcmpeqb	XMM0              
52042000: system.cpu: T0 : 0x47622e @__strrchr_sse2+638    : sal	0x10                  
52042000: system.cpu: T0 : 0x476232 @__strrchr_sse2+642    : pmovmskb	r9d, XMM3        
52042000: system.cpu: T0 : 0x476237 @__strrchr_sse2+647    : pmovmskb	r8d, XMM6        
52042000: system.cpu: T0 : 0x47623c @__strrchr_sse2+652    : pmovmskb	ecx, XMM0        
52138000: system.cpu: T0 : 0x476240 @__strrchr_sse2+656    : sal	0x20                  
52138000: system.cpu: T0 : 0x476244 @__strrchr_sse2+660    : sal	0x20                  
52138000: system.cpu: T0 : 0x476248 @__strrchr_sse2+664    : pcmpeqb	XMM2              
52138000: system.cpu: T0 : 0x47624c @__strrchr_sse2+668    : or	r8                     
52138000: system.cpu: T0 : 0x47624f @__strrchr_sse2+671    : sal	0x30                  
52138000: system.cpu: T0 : 0x476253 @__strrchr_sse2+675    : pmovmskb	r8d, XMM5        
52139000: system.cpu: T0 : 0x476258 @__strrchr_sse2+680    : or	rsi                    
52139000: system.cpu: T0 : 0x47625b @__strrchr_sse2+683    : pmovmskb	esi, XMM4        
52139000: system.cpu: T0 : 0x47625f @__strrchr_sse2+687    : or	rcx                    
52139000: system.cpu: T0 : 0x476262 @__strrchr_sse2+690    : pmovmskb	ecx, XMM2        
52140000: system.cpu: T0 : 0x476266 @__strrchr_sse2+694    : sal	0x10                  
52140000: system.cpu: T0 : 0x47626a @__strrchr_sse2+698    : sal	0x30                  
52140000: system.cpu: T0 : 0x47626e @__strrchr_sse2+702    : or	r9                     
52140000: system.cpu: T0 : 0x476271 @__strrchr_sse2+705    : or	r8                     
52140000: system.cpu: T0 : 0x476274 @__strrchr_sse2+708    : or	rcx                    
52140000: system.cpu: T0 : 0x476277 @__strrchr_sse2+711    : mov	edi                   
52140000: system.cpu: T0 : 0x476279 @__strrchr_sse2+713    : sub	eax                   
52141000: system.cpu: T0 : 0x47627b @__strrchr_sse2+715    : shr	rcx                   
52236000: system.cpu: T0 : 0x47627e @__strrchr_sse2+718    : shr	rcx                   
52236000: system.cpu: T0 : 0x476281 @__strrchr_sse2+721    : test	rdx                  
52236000: system.cpu: T0 : 0x476284 @__strrchr_sse2+724    : jz	0xfffffffffffffe26     
52236000: system.cpu: T0 : 0x47628a @__strrchr_sse2+730    : lea	rax, DS:[rdx + 0xffffffffffffffff]
52236000: system.cpu: T0 : 0x47628e @__strrchr_sse2+734    : xor	rdx                   
52236000: system.cpu: T0 : 0x476291 @__strrchr_sse2+737    : and	rax                   
52237000: system.cpu: T0 : 0x476294 @__strrchr_sse2+740    : jz	0xffffffffffffff36     
52237000: system.cpu: T0 : 0x47629a @__strrchr_sse2+746    : bsr	rax                   
52240000: system.cpu: T0 : 0x47629e @__strrchr_sse2+750    : add	rdi                   
52241000: system.cpu: T0 : 0x4762a1 @__strrchr_sse2+753    : ret	                      
52243000: system.cpu: T0 : 0x4514b7 @__init_misc+39    : lea	rdx, DS:[rax + 0x1]   
52243000: system.cpu: T0 : 0x4514bb @__init_misc+43    : test	rax                  
52245000: system.cpu: T0 : 0x4514be @__init_misc+46    : cmovnz	rbp                
52245000: system.cpu: T0 : 0x4514c2 @__init_misc+50    : mov	DS:[rip + 0x73baf], rbp
52245000: system.cpu: T0 : 0x4514c9 @__init_misc+57    : mov	rax, DS:[rbx]         
52245000: system.cpu: T0 : 0x4514cc @__init_misc+60    : mov	DS:[rip + 0x73bad], rax
52245000: system.cpu: T0 : 0x4514d3 @__init_misc+67    : add	rsp, 0x8              
52246000: system.cpu: T0 : 0x4514d7 @__init_misc+71    : pop	rbx                   
52246000: system.cpu: T0 : 0x4514d8 @__init_misc+72    : pop	rbp                   
52246000: system.cpu: T0 : 0x4514d9 @__init_misc+73    : ret	                      
52249000: system.cpu: T0 : 0x403272 @__libc_start_main+2434    : xor	edx                   
52249000: system.cpu: T0 : 0x403274 @__libc_start_main+2436    : xor	esi                   
52249000: system.cpu: T0 : 0x403276 @__libc_start_main+2438    : lea	rdi, DS:[rip + 0xffffffffffffe753]
52251000: system.cpu: T0 : 0x40327d @__libc_start_main+2445    : call	0x790e               
52256000: system.cpu: T0 : 0x40ab90 @__cxa_atexit    : hint	                     
52256000: system.cpu: T0 : 0x40ab94 @__cxa_atexit+4    : push	r12                  
52256000: system.cpu: T0 : 0x40ab96 @__cxa_atexit+6    : movd	XMM0                 
52256000: system.cpu: T0 : 0x40ab9b @__cxa_atexit+11    : movd	XMM1                 
52256000: system.cpu: T0 : 0x40aba0 @__cxa_atexit+16    : push	rbx                  
52257000: system.cpu: T0 : 0x40aba1 @__cxa_atexit+17    : punpcklqdq	XMM0           
52257000: system.cpu: T0 : 0x40aba5 @__cxa_atexit+21    : sub	rsp, 0x18             
52257000: system.cpu: T0 : 0x40aba9 @__cxa_atexit+25    : movaps	SS:[t0 + rsp], XMM0
52257000: system.cpu: T0 : 0x40abad @__cxa_atexit+29    : test	rdi                  
52257000: system.cpu: T0 : 0x40abb0 @__cxa_atexit+32    : jz	0x98                   
52258000: system.cpu: T0 : 0x40abb6 @__cxa_atexit+38    : mov	rdi                   
52258000: system.cpu: T0 : 0x40abb9 @__cxa_atexit+41    : xor	eax                   
52258000: system.cpu: T0 : 0x40abbb @__cxa_atexit+43    : mov	edx, 0x1              
52381000: system.cpu: T0 : 0x40abc0 @__cxa_atexit+48    : cmpxchg	DS:[rip + 0xbc180], edx
52381000: system.cpu: T0 : 0x40abc0 @__cxa_atexit+48. 1 : 	CMPXCHG_LOCKED_P_R.mfence : IntAlu : 
52381000: system.cpu: T0 : 0x40abc0 @__cxa_atexit+48. 6 : 	CMPXCHG_LOCKED_P_R.mfence : IntAlu : 
52382000: system.cpu: T0 : 0x40abc8 @__cxa_atexit+56    : jnz	0x56                  
52382000: system.cpu: T0 : 0x40abca @__cxa_atexit+58    : lea	rdi, DS:[rip + 0xb9557]
52382000: system.cpu: T0 : 0x40abd1 @__cxa_atexit+65    : call	0xfffffffffffffdca   
52481000: system.cpu: T0 : 0x40a9a0 @__new_exitfn    : hint	                     
52481000: system.cpu: T0 : 0x40a9a4 @__new_exitfn+4    : cmp	DS:[rip + 0xbc379], 0 
52481000: system.cpu: T0 : 0x40a9ab @__new_exitfn+11    : jnz	0xec                  
52482000: system.cpu: T0 : 0x40a9b1 @__new_exitfn+17    : push	rbp                  
52482000: system.cpu: T0 : 0x40a9b2 @__new_exitfn+18    : push	rbx                  
52482000: system.cpu: T0 : 0x40a9b3 @__new_exitfn+19    : mov	rdi                   
52482000: system.cpu: T0 : 0x40a9b6 @__new_exitfn+22    : sub	rsp, 0x8              
52482000: system.cpu: T0 : 0x40a9ba @__new_exitfn+26    : mov	rbp, DS:[rdi]         
52483000: system.cpu: T0 : 0x40a9bd @__new_exitfn+29    : test	rbp                  
52578000: system.cpu: T0 : 0x40a9c0 @__new_exitfn+32    : jz	0xb8                   
52578000: system.cpu: T0 : 0x40a9c6 @__new_exitfn+38    : mov	rbp                   
52578000: system.cpu: T0 : 0x40a9c9 @__new_exitfn+41    : xor	edi                   
52578000: system.cpu: T0 : 0x40a9cb @__new_exitfn+43    : hint	                     
52578000: system.cpu: T0 : 0x40a9d0 @__new_exitfn+48    : mov	rax, DS:[rsi + 0x8]   
52578000: system.cpu: T0 : 0x40a9d4 @__new_exitfn+52    : jmp	0x20                  
52582000: system.cpu: T0 : 0x40a9f6 @__new_exitfn+86    : test	rax                  
52582000: system.cpu: T0 : 0x40a9f9 @__new_exitfn+89    : jnz	0xffffffffffffffe5    
52582000: system.cpu: T0 : 0x40a9fb @__new_exitfn+91    : mov	rax, DS:[rsi]         
52677000: system.cpu: T0 : 0x40a9fe @__new_exitfn+94    : mov	DS:[rsi + 0x8], 0     
52677000: system.cpu: T0 : 0x40aa06 @__new_exitfn+102    : mov	rsi                   
52677000: system.cpu: T0 : 0x40aa09 @__new_exitfn+105    : test	rax                  
52677000: system.cpu: T0 : 0x40aa0c @__new_exitfn+108    : jz	0x62                   
52781000: system.cpu: T0 : 0x40aa70 @__new_exitfn+208    : mov	DS:[rsi + 0x8], 0x1   
52781000: system.cpu: T0 : 0x40aa78 @__new_exitfn+216    : lea	r8, DS:[rsi + 0x10]   
52781000: system.cpu: T0 : 0x40aa7c @__new_exitfn+220    : jmp	0xffffffffffffffb4    
52786000: system.cpu: T0 : 0x40aa32 @__new_exitfn+146    : mov	DS:[r8], 0x1          
52786000: system.cpu: T0 : 0x40aa39 @__new_exitfn+153    : mov	r8                    
52788000: system.cpu: T0 : 0x40aa3c @__new_exitfn+156    : add	DS:[rip + 0xbc2fc], 0x1
52788000: system.cpu: T0 : 0x40aa44 @__new_exitfn+164    : add	rsp, 0x8              
52788000: system.cpu: T0 : 0x40aa48 @__new_exitfn+168    : pop	rbx                   
52789000: system.cpu: T0 : 0x40aa49 @__new_exitfn+169    : pop	rbp                   
52789000: system.cpu: T0 : 0x40aa4a @__new_exitfn+170    : ret	                      
52791000: system.cpu: T0 : 0x40abd6 @__cxa_atexit+70    : test	rax                  
52791000: system.cpu: T0 : 0x40abd9 @__cxa_atexit+73    : jz	0x53                   
52791000: system.cpu: T0 : 0x40abdb @__cxa_atexit+75    : movdqa	XMM2, SS:[t0 + rsp]
52791000: system.cpu: T0 : 0x40abe0 @__cxa_atexit+80    : mov	DS:[rax], 0x4         
52792000: system.cpu: T0 : 0x40abe7 @__cxa_atexit+87    : mov	rbx                   
52792000: system.cpu: T0 : 0x40abea @__cxa_atexit+90    : xor	rdi, FS:[t0 + t0 + 0x30]
52792000: system.cpu: T0 : 0x40abf3 @__cxa_atexit+99    : rol	0x11                  
52792000: system.cpu: T0 : 0x40abf7 @__cxa_atexit+103    : movups	DS:[rax + 0x10], XMM2
52792000: system.cpu: T0 : 0x40abfb @__cxa_atexit+107    : mov	DS:[rax + 0x8], rdi   
52887000: system.cpu: T0 : 0x40abff @__cxa_atexit+111    : xor	eax                   
52887000: system.cpu: T0 : 0x40ac01 @__cxa_atexit+113    : xchg	DS:[rip + 0xbc141], eax
52887000: system.cpu: T0 : 0x40ac01 @__cxa_atexit+113. 1 : 	XCHG_P_R.mfence           : IntAlu : 
52887000: system.cpu: T0 : 0x40ac01 @__cxa_atexit+113. 4 : 	XCHG_P_R.mfence           : IntAlu : 
52887000: system.cpu: T0 : 0x40ac07 @__cxa_atexit+119    : xor	r12d                  
52888000: system.cpu: T0 : 0x40ac0a @__cxa_atexit+122    : cmp	eax, 0x1              
52888000: system.cpu: T0 : 0x40ac0d @__cxa_atexit+125    : jnle	0x31                 
52888000: system.cpu: T0 : 0x40ac0f @__cxa_atexit+127    : add	rsp, 0x18             
52888000: system.cpu: T0 : 0x40ac13 @__cxa_atexit+131    : mov	r12d                  
52889000: system.cpu: T0 : 0x40ac16 @__cxa_atexit+134    : pop	rbx                   
52889000: system.cpu: T0 : 0x40ac17 @__cxa_atexit+135    : pop	r12                   
52889000: system.cpu: T0 : 0x40ac19 @__cxa_atexit+137    : ret	                      
52892000: system.cpu: T0 : 0x403282 @__libc_start_main+2450    : cmp	DS:[rip + 0xc0807], 0 
52892000: system.cpu: T0 : 0x403289 @__libc_start_main+2457    : jnz	0xa35                 
52892000: system.cpu: T0 : 0x40328f @__libc_start_main+2463    : lea	r14, DS:[rip + 0xbd53a]
52893000: system.cpu: T0 : 0x403296 @__libc_start_main+2470    : lea	rbp, DS:[rip + 0xbd533]
52893000: system.cpu: T0 : 0x40329d @__libc_start_main+2477    : xor	r15d                  
52893000: system.cpu: T0 : 0x4032a0 @__libc_start_main+2480    : mov	rbx, DS:[rip + 0xc7f99]
52893000: system.cpu: T0 : 0x4032a7 @__libc_start_main+2487    : sub	r14                   
52893000: system.cpu: T0 : 0x4032aa @__libc_start_main+2490    : sar	0x3                   
52894000: system.cpu: T0 : 0x4032ae @__libc_start_main+2494    : jz	0x16                   
53019000: system.cpu: T0 : 0x4032c6 @__libc_start_main+2518    : call	0xffffffffffffdd35   
53145000: system.cpu: T0 : 0x401000 @_init    : hint	                     
53145000: system.cpu: T0 : 0x401004 @_init+4    : sub	rsp, 0x8              
53145000: system.cpu: T0 : 0x401008 @_init+8    : mov	rdi, 0                
53145000: system.cpu: T0 : 0x40100f @_init+15    : test	rax                  
53145000: system.cpu: T0 : 0x401012 @_init+18    : jz	0x2                    
53158000: system.cpu: T0 : 0x401016 @_init+22    : add	rsp, 0x8              
53158000: system.cpu: T0 : 0x40101a @_init+26    : ret	                      
53160000: system.cpu: T0 : 0x4032cb @__libc_start_main+2523    : lea	r14, DS:[rip + 0xbd4fe]
53160000: system.cpu: T0 : 0x4032d2 @__libc_start_main+2530    : lea	rbp, DS:[rip + 0xbd4ff]
53160000: system.cpu: T0 : 0x4032d9 @__libc_start_main+2537    : xor	r15d                  
53160000: system.cpu: T0 : 0x4032dc @__libc_start_main+2540    : sub	r14                   
53160000: system.cpu: T0 : 0x4032df @__libc_start_main+2543    : sar	0x3                   
53160000: system.cpu: T0 : 0x4032e3 @__libc_start_main+2547    : jz	0x19                   
53161000: system.cpu: T0 : 0x4032e5 @__libc_start_main+2549    : hint	                     
53161000: system.cpu: T0 : 0x4032e8 @__libc_start_main+2552    : mov	rbx                   
53161000: system.cpu: T0 : 0x4032eb @__libc_start_main+2555    : mov	r13                   
53161000: system.cpu: T0 : 0x4032ee @__libc_start_main+2558    : mov	r12d                  
53161000: system.cpu: T0 : 0x4032f1 @__libc_start_main+2561    : call	DS:[8*r15 + r14]     
53268000: system.cpu: T0 : 0x4015b0 @frame_dummy    : mov	eax, 0x494f50         
53268000: system.cpu: T0 : 0x4015b5 @frame_dummy+5    : test	rax                  
53268000: system.cpu: T0 : 0x4015b8 @frame_dummy+8    : jz	0x1e                   
53268000: system.cpu: T0 : 0x4015ba @frame_dummy+10    : push	rbp                  
53268000: system.cpu: T0 : 0x4015bb @frame_dummy+11    : mov	esi, 0x4c62c0         
53363000: system.cpu: T0 : 0x4015c0 @frame_dummy+16    : mov	edi, 0x4b3d50         
53363000: system.cpu: T0 : 0x4015c5 @frame_dummy+21    : mov	rsp                   
53363000: system.cpu: T0 : 0x4015c8 @frame_dummy+24    : call	0x93983              
53489000: system.cpu: T0 : 0x494f50 @__register_frame_info    : test	rdi                  
53489000: system.cpu: T0 : 0x494f53 @__register_frame_info+3    : jz	0x6                    
53489000: system.cpu: T0 : 0x494f55 @__register_frame_info+5    : mov	eax, DS:[rdi]         
53489000: system.cpu: T0 : 0x494f57 @__register_frame_info+7    : test	eax                  
53489000: system.cpu: T0 : 0x494f59 @__register_frame_info+9    : jnz	0x5                   
53625000: system.cpu: T0 : 0x494f60 @__register_frame_info+16    : xor	ecx                   
53625000: system.cpu: T0 : 0x494f62 @__register_frame_info+18    : xor	edx                   
53625000: system.cpu: T0 : 0x494f64 @__register_frame_info+20    : jmp	0xffffffffffffff27    
53724000: system.cpu: T0 : 0x494e90 @__register_frame_info_bases.part.6    : cmp	DS:[rip + 0x2f0e8], 0 
53724000: system.cpu: T0 : 0x494e98 @__register_frame_info_bases.part.6+8    : mov	DS:[rsi], 0xffffffffffffffff
53724000: system.cpu: T0 : 0x494e9f @__register_frame_info_bases.part.6+15    : mov	DS:[rsi + 0x8], rdx   
53724000: system.cpu: T0 : 0x494ea3 @__register_frame_info_bases.part.6+19    : mov	DS:[rsi + 0x10], rcx  
53725000: system.cpu: T0 : 0x494ea7 @__register_frame_info_bases.part.6+23    : mov	DS:[rsi + 0x18], rdi  
53725000: system.cpu: T0 : 0x494eab @__register_frame_info_bases.part.6+27    : mov	DS:[rsi + 0x20], 0x7f8
53725000: system.cpu: T0 : 0x494eb3 @__register_frame_info_bases.part.6+35    : jz	0x4b                   
53832000: system.cpu: T0 : 0x494f00 @__register_frame_info_bases.part.6+112    : mov	rax, DS:[rip + 0x36d11]
53832000: system.cpu: T0 : 0x494f07 @__register_frame_info_bases.part.6+119    : mov	DS:[rip + 0x36d0a], rsi
53832000: system.cpu: T0 : 0x494f0e @__register_frame_info_bases.part.6+126    : mov	DS:[rsi + 0x28], rax  
53832000: system.cpu: T0 : 0x494f12 @__register_frame_info_bases.part.6+130    : mov	eax, DS:[rip + 0x36cf0]
53832000: system.cpu: T0 : 0x494f18 @__register_frame_info_bases.part.6+136    : test	eax                  
53833000: system.cpu: T0 : 0x494f1a @__register_frame_info_bases.part.6+138    : jz	0x4                    
53970000: system.cpu: T0 : 0x494f20 @__register_frame_info_bases.part.6+144    : mov	DS:[rip + 0x36cde], 0x1
53970000: system.cpu: T0 : 0x494f2a @__register_frame_info_bases.part.6+154    : ret	                      
53972000: system.cpu: T0 : 0x4015cd @frame_dummy+29    : pop	rbp                   
53972000: system.cpu: T0 : 0x4015ce @frame_dummy+30    : jmp	0xffffffffffffff5d    
53974000: system.cpu: T0 : 0x401530 @register_tm_clones    : mov	esi, 0x4c5ac0         
53974000: system.cpu: T0 : 0x401535 @register_tm_clones+5    : push	rbp                  
53974000: system.cpu: T0 : 0x401536 @register_tm_clones+6    : sub	rsi, 0x4c5ac0         
53974000: system.cpu: T0 : 0x40153d @register_tm_clones+13    : mov	rsp                   
53976000: system.cpu: T0 : 0x401540 @register_tm_clones+16    : sar	0x3                   
53976000: system.cpu: T0 : 0x401544 @register_tm_clones+20    : mov	rsi                   
53976000: system.cpu: T0 : 0x401547 @register_tm_clones+23    : shr	0x3f                  
53976000: system.cpu: T0 : 0x40154b @register_tm_clones+27    : add	rax                   
53976000: system.cpu: T0 : 0x40154e @register_tm_clones+30    : sar	                      
53976000: system.cpu: T0 : 0x401551 @register_tm_clones+33    : jz	0x15                   
53992000: system.cpu: T0 : 0x401568 @register_tm_clones+56    : pop	rbp                   
53992000: system.cpu: T0 : 0x401569 @register_tm_clones+57    : ret	                      
53994000: system.cpu: T0 : 0x4032f5 @__libc_start_main+2565    : add	r15, 0x1              
53994000: system.cpu: T0 : 0x4032f9 @__libc_start_main+2569    : cmp	r15                   
53994000: system.cpu: T0 : 0x4032fc @__libc_start_main+2572    : jnz	0xffffffffffffffea    
53994000: system.cpu: T0 : 0x4032fe @__libc_start_main+2574    : xor	esi                   
53996000: system.cpu: T0 : 0x403300 @__libc_start_main+2576    : xor	edi                   
53996000: system.cpu: T0 : 0x403302 @__libc_start_main+2578    : call	0x4ea69              
54091000: system.cpu: T0 : 0x451d70 @_dl_debug_initialize    : hint	                     
54091000: system.cpu: T0 : 0x451d74 @_dl_debug_initialize+4    : test	rsi                  
54091000: system.cpu: T0 : 0x451d77 @_dl_debug_initialize+7    : jnz	0xa                   
54091000: system.cpu: T0 : 0x451d79 @_dl_debug_initialize+9    : mov	eax, DS:[rip + 0x794d1]
54186000: system.cpu: T0 : 0x451d7f @_dl_debug_initialize+15    : test	eax                  
54186000: system.cpu: T0 : 0x451d81 @_dl_debug_initialize+17    : jz	0x4d                   
54285000: system.cpu: T0 : 0x451dd0 @_dl_debug_initialize+96    : mov	DS:[rip + 0x79476], 0x1
54285000: system.cpu: T0 : 0x451dda @_dl_debug_initialize+106    : jmp	0xffffffffffffffa7    
54290000: system.cpu: T0 : 0x451d83 @_dl_debug_initialize+19    : cmp	DS:[rip + 0x794d5], 0 
54290000: system.cpu: T0 : 0x451d8b @_dl_debug_initialize+27    : jnz	0x2b                  
54290000: system.cpu: T0 : 0x451d8d @_dl_debug_initialize+29    : test	rdi                  
54291000: system.cpu: T0 : 0x451d90 @_dl_debug_initialize+32    : cmovz	rdi, DS:[rip + 0x794d8]
54291000: system.cpu: T0 : 0x451d98 @_dl_debug_initialize+40    : lea	rax, DS:[rip + 0xffffffffffffff71]
54291000: system.cpu: T0 : 0x451d9f @_dl_debug_initialize+47    : mov	DS:[rip + 0x794ce], 0 
54292000: system.cpu: T0 : 0x451daa @_dl_debug_initialize+58    : mov	DS:[rip + 0x794af], rax
54292000: system.cpu: T0 : 0x451db1 @_dl_debug_initialize+65    : mov	DS:[rip + 0x794b8], rdi
54292000: system.cpu: T0 : 0x451db8 @_dl_debug_initialize+72    : cmp	DS:[rip + 0x79498], 0 
54295000: system.cpu: T0 : 0x451dc0 @_dl_debug_initialize+80    : jz	0x1e                   
54307000: system.cpu: T0 : 0x451de0 @_dl_debug_initialize+112    : lea	rax, DS:[4*rsi + rsi] 
54307000: system.cpu: T0 : 0x451de4 @_dl_debug_initialize+116    : lea	rdx, DS:[rip + 0x733b5]
54307000: system.cpu: T0 : 0x451deb @_dl_debug_initialize+123    : sal	0x5                   
54307000: system.cpu: T0 : 0x451def @_dl_debug_initialize+127    : mov	rax, DS:[rax + rdx]   
54307000: system.cpu: T0 : 0x451df3 @_dl_debug_initialize+131    : mov	DS:[rip + 0x7945e], rax
54382000: system.cpu: T0 : 0x451dfa @_dl_debug_initialize+138    : lea	rax, DS:[rip + 0x7944f]
54382000: system.cpu: T0 : 0x451e01 @_dl_debug_initialize+145    : ret	                      
54384000: system.cpu: T0 : 0x403307 @__libc_start_main+2583    : mov	rdi, SS:[t0 + rsp + 0x70]
54384000: system.cpu: T0 : 0x40330c @__libc_start_main+2588    : mov	r13                   
54384000: system.cpu: T0 : 0x40330f @__libc_start_main+2591    : mov	r12d                  
54384000: system.cpu: T0 : 0x403312 @__libc_start_main+2594    : call	0xffffffffffffe6f9   
54396000: system.cpu: T0 : 0x401a10 @__libc_start_call_main    : push	rax                  
54396000: system.cpu: T0 : 0x401a11 @__libc_start_call_main+1    : pop	rax                   
54396000: system.cpu: T0 : 0x401a12 @__libc_start_call_main+2    : sub	rsp, 0x98             
54396000: system.cpu: T0 : 0x401a19 @__libc_start_call_main+9    : mov	SS:[t0 + rsp + 0x8], rdi
54397000: system.cpu: T0 : 0x401a1e @__libc_start_call_main+14    : lea	rdi, SS:[t0 + rsp + 0x20]
54397000: system.cpu: T0 : 0x401a23 @__libc_start_call_main+19    : mov	SS:[t0 + rsp + 0x14], rsi
54397000: system.cpu: T0 : 0x401a27 @__libc_start_call_main+23    : mov	SS:[t0 + rsp + 0x18], rdx
54397000: system.cpu: T0 : 0x401a2c @__libc_start_call_main+28    : call	0x839f               
54523000: system.cpu: T0 : 0x409dd0 @_setjmp    : hint	                     
54523000: system.cpu: T0 : 0x409dd4 @_setjmp+4    : xor	esi                   
54523000: system.cpu: T0 : 0x409dd6 @_setjmp+6    : jmp	0x59ca5               
54863000: system.cpu: T0 : 0x463a80 @__sigsetjmp    : hint	                     
54863000: system.cpu: T0 : 0x463a84 @__sigsetjmp+4    : mov	DS:[rdi], rbx         
54863000: system.cpu: T0 : 0x463a87 @__sigsetjmp+7    : mov	rbp                   
54863000: system.cpu: T0 : 0x463a8a @__sigsetjmp+10    : xor	rax, FS:[t0 + t0 + 0x30]
54863000: system.cpu: T0 : 0x463a93 @__sigsetjmp+19    : rol	0x11                  
54863000: system.cpu: T0 : 0x463a97 @__sigsetjmp+23    : mov	DS:[rdi + 0x8], rax   
54863000: system.cpu: T0 : 0x463a9b @__sigsetjmp+27    : mov	DS:[rdi + 0x10], r12  
54864000: system.cpu: T0 : 0x463a9f @__sigsetjmp+31    : mov	DS:[rdi + 0x18], r13  
54864000: system.cpu: T0 : 0x463aa3 @__sigsetjmp+35    : mov	DS:[rdi + 0x20], r14  
54864000: system.cpu: T0 : 0x463aa7 @__sigsetjmp+39    : mov	DS:[rdi + 0x28], r15  
54864000: system.cpu: T0 : 0x463aab @__sigsetjmp+43    : lea	rdx, SS:[t0 + rsp + 0x8]
54864000: system.cpu: T0 : 0x463ab0 @__sigsetjmp+48    : xor	rdx, FS:[t0 + t0 + 0x30]
54864000: system.cpu: T0 : 0x463ab9 @__sigsetjmp+57    : rol	0x11                  
54959000: system.cpu: T0 : 0x463abd @__sigsetjmp+61    : mov	DS:[rdi + 0x30], rdx  
54959000: system.cpu: T0 : 0x463ac1 @__sigsetjmp+65    : mov	rax, SS:[t0 + rsp]    
54959000: system.cpu: T0 : 0x463ac5 @__sigsetjmp+69    :   NOP                      : IntAlu : 
54959000: system.cpu: T0 : 0x463ac6 @__sigsetjmp+70    : xor	rax, FS:[t0 + t0 + 0x30]
54959000: system.cpu: T0 : 0x463acf @__sigsetjmp+79    : rol	0x11                  
54959000: system.cpu: T0 : 0x463ad3 @__sigsetjmp+83    : mov	DS:[rdi + 0x38], rax  
54959000: system.cpu: T0 : 0x463ad7 @__sigsetjmp+87    : xor	eax                   
54960000: system.cpu: T0 : 0x463ad9 @__sigsetjmp+89    : hint	                     
54960000: system.cpu: T0 : 0x463ade @__sigsetjmp+94    : mov	DS:[rdi + 0x58], rax  
54960000: system.cpu: T0 : 0x463ae2 @__sigsetjmp+98    : jmp	0x9                   
54965000: system.cpu: T0 : 0x463af0 @__sigjmp_save    : hint	                     
54965000: system.cpu: T0 : 0x463af4 @__sigjmp_save+4    : push	rbx                  
54965000: system.cpu: T0 : 0x463af5 @__sigjmp_save+5    : mov	rdi                   
54965000: system.cpu: T0 : 0x463af8 @__sigjmp_save+8    : test	esi                  
54965000: system.cpu: T0 : 0x463afa @__sigjmp_save+10    : jnz	0xc                   
54966000: system.cpu: T0 : 0x463afc @__sigjmp_save+12    : mov	DS:[rbx + 0x40], esi  
55057000: system.cpu: T0 : 0x463aff @__sigjmp_save+15    : xor	eax                   
55057000: system.cpu: T0 : 0x463b01 @__sigjmp_save+17    : pop	rbx                   
55057000: system.cpu: T0 : 0x463b02 @__sigjmp_save+18    : ret	                      
55059000: system.cpu: T0 : 0x401a31 @__libc_start_call_main+33    : hint	                     
55059000: system.cpu: T0 : 0x401a35 @__libc_start_call_main+37    : test	eax                  
55059000: system.cpu: T0 : 0x401a37 @__libc_start_call_main+39    : jnz	0x48                  
55061000: system.cpu: T0 : 0x401a39 @__libc_start_call_main+41    : mov	rax, FS:[t0 + t0 + 0x300]
55061000: system.cpu: T0 : 0x401a42 @__libc_start_call_main+50    : mov	SS:[t0 + rsp + 0x68], rax
55061000: system.cpu: T0 : 0x401a47 @__libc_start_call_main+55    : mov	rax, FS:[t0 + t0 + 0x2f8]
55061000: system.cpu: T0 : 0x401a50 @__libc_start_call_main+64    : mov	SS:[t0 + rsp + 0x70], rax
55061000: system.cpu: T0 : 0x401a55 @__libc_start_call_main+69    : lea	rax, SS:[t0 + rsp + 0x20]
55061000: system.cpu: T0 : 0x401a5a @__libc_start_call_main+74    : mov	FS:[t0 + t0 + 0x300], rax
55061000: system.cpu: T0 : 0x401a63 @__libc_start_call_main+83    : mov	rdx, DS:[rip + 0xc97d6]
55062000: system.cpu: T0 : 0x401a6a @__libc_start_call_main+90    : mov	rdi, SS:[t0 + rsp + 0x14]
55062000: system.cpu: T0 : 0x401a6e @__libc_start_call_main+94    : mov	rsi, SS:[t0 + rsp + 0x18]
55062000: system.cpu: T0 : 0x401a73 @__libc_start_call_main+99    : mov	rax, SS:[t0 + rsp + 0x8]
55062000: system.cpu: T0 : 0x401a78 @__libc_start_call_main+104    : call	                     
55183000: system.cpu: T0 : 0x40161b @main    : push	rbp                  
55183000: system.cpu: T0 : 0x40161c @main+1    : mov	rsp                   
55183000: system.cpu: T0 : 0x40161f @main+4    : sub	rsp, 0x10             
55183000: system.cpu: T0 : 0x401623 @main+8    : mov	edi, 0xa              
55183000: system.cpu: T0 : 0x401628 @main+13    : call	0xffffffffffffffb0   
55189000: system.cpu: T0 : 0x4015dd @fib    : push	rbp                  
55189000: system.cpu: T0 : 0x4015de @fib+1    : mov	rsp                   
55189000: system.cpu: T0 : 0x4015e1 @fib+4    : push	rbx                  
55189000: system.cpu: T0 : 0x4015e2 @fib+5    : sub	rsp, 0x18             
55189000: system.cpu: T0 : 0x4015e6 @fib+9    : mov	SS:[rbp + 0xffffffffffffffec], edi
55190000: system.cpu: T0 : 0x4015e9 @fib+12    : cmp	SS:[rbp + 0xffffffffffffffec], 0x2
55190000: system.cpu: T0 : 0x4015ed @fib+16    : jnle	0x7                  
55204000: system.cpu: T0 : 0x4015f6 @fib+25    : mov	eax, SS:[rbp + 0xffffffffffffffec]
55204000: system.cpu: T0 : 0x4015f9 @fib+28    : sub	eax, 0x1              
55204000: system.cpu: T0 : 0x4015fc @fib+31    : mov	eax                   
55206000: system.cpu: T0 : 0x4015fe @fib+33    : call	0xffffffffffffffda   
55212000: system.cpu: T0 : 0x4015dd @fib    : push	rbp                  
55212000: system.cpu: T0 : 0x4015de @fib+1    : mov	rsp                   
55212000: system.cpu: T0 : 0x4015e1 @fib+4    : push	rbx                  
55212000: system.cpu: T0 : 0x4015e2 @fib+5    : sub	rsp, 0x18             
55212000: system.cpu: T0 : 0x4015e6 @fib+9    : mov	SS:[rbp + 0xffffffffffffffec], edi
55213000: system.cpu: T0 : 0x4015e9 @fib+12    : cmp	SS:[rbp + 0xffffffffffffffec], 0x2
55213000: system.cpu: T0 : 0x4015ed @fib+16    : jnle	0x7                  
55214000: system.cpu: T0 : 0x4015f6 @fib+25    : mov	eax, SS:[rbp + 0xffffffffffffffec]
55214000: system.cpu: T0 : 0x4015f9 @fib+28    : sub	eax, 0x1              
55214000: system.cpu: T0 : 0x4015fc @fib+31    : mov	eax                   
55216000: system.cpu: T0 : 0x4015fe @fib+33    : call	0xffffffffffffffda   
55218000: system.cpu: T0 : 0x4015dd @fib    : push	rbp                  
55218000: system.cpu: T0 : 0x4015de @fib+1    : mov	rsp                   
55218000: system.cpu: T0 : 0x4015e1 @fib+4    : push	rbx                  
55218000: system.cpu: T0 : 0x4015e2 @fib+5    : sub	rsp, 0x18             
55218000: system.cpu: T0 : 0x4015e6 @fib+9    : mov	SS:[rbp + 0xffffffffffffffec], edi
55219000: system.cpu: T0 : 0x4015e9 @fib+12    : cmp	SS:[rbp + 0xffffffffffffffec], 0x2
55219000: system.cpu: T0 : 0x4015ed @fib+16    : jnle	0x7                  
55220000: system.cpu: T0 : 0x4015f6 @fib+25    : mov	eax, SS:[rbp + 0xffffffffffffffec]
55220000: system.cpu: T0 : 0x4015f9 @fib+28    : sub	eax, 0x1              
55220000: system.cpu: T0 : 0x4015fc @fib+31    : mov	eax                   
55222000: system.cpu: T0 : 0x4015fe @fib+33    : call	0xffffffffffffffda   
55224000: system.cpu: T0 : 0x4015dd @fib    : push	rbp                  
55224000: system.cpu: T0 : 0x4015de @fib+1    : mov	rsp                   
55224000: system.cpu: T0 : 0x4015e1 @fib+4    : push	rbx                  
55224000: system.cpu: T0 : 0x4015e2 @fib+5    : sub	rsp, 0x18             
55224000: system.cpu: T0 : 0x4015e6 @fib+9    : mov	SS:[rbp + 0xffffffffffffffec], edi
55225000: system.cpu: T0 : 0x4015e9 @fib+12    : cmp	SS:[rbp + 0xffffffffffffffec], 0x2
55225000: system.cpu: T0 : 0x4015ed @fib+16    : jnle	0x7                  
55237000: system.cpu: T0 : 0x4015f6 @fib+25    : mov	eax, SS:[rbp + 0xffffffffffffffec]
55237000: system.cpu: T0 : 0x4015f9 @fib+28    : sub	eax, 0x1              
55237000: system.cpu: T0 : 0x4015fc @fib+31    : mov	eax                   
55239000: system.cpu: T0 : 0x4015fe @fib+33    : call	0xffffffffffffffda   
55241000: system.cpu: T0 : 0x4015dd @fib    : push	rbp                  
55241000: system.cpu: T0 : 0x4015de @fib+1    : mov	rsp                   
55241000: system.cpu: T0 : 0x4015e1 @fib+4    : push	rbx                  
55241000: system.cpu: T0 : 0x4015e2 @fib+5    : sub	rsp, 0x18             
55241000: system.cpu: T0 : 0x4015e6 @fib+9    : mov	SS:[rbp + 0xffffffffffffffec], edi
55242000: system.cpu: T0 : 0x4015e9 @fib+12    : cmp	SS:[rbp + 0xffffffffffffffec], 0x2
55242000: system.cpu: T0 : 0x4015ed @fib+16    : jnle	0x7                  
55243000: system.cpu: T0 : 0x4015f6 @fib+25    : mov	eax, SS:[rbp + 0xffffffffffffffec]
55243000: system.cpu: T0 : 0x4015f9 @fib+28    : sub	eax, 0x1              
55243000: system.cpu: T0 : 0x4015fc @fib+31    : mov	eax                   
55245000: system.cpu: T0 : 0x4015fe @fib+33    : call	0xffffffffffffffda   
55247000: system.cpu: T0 : 0x4015dd @fib    : push	rbp                  
55247000: system.cpu: T0 : 0x4015de @fib+1    : mov	rsp                   
55247000: system.cpu: T0 : 0x4015e1 @fib+4    : push	rbx                  
55247000: system.cpu: T0 : 0x4015e2 @fib+5    : sub	rsp, 0x18             
55247000: system.cpu: T0 : 0x4015e6 @fib+9    : mov	SS:[rbp + 0xffffffffffffffec], edi
55248000: system.cpu: T0 : 0x4015e9 @fib+12    : cmp	SS:[rbp + 0xffffffffffffffec], 0x2
55248000: system.cpu: T0 : 0x4015ed @fib+16    : jnle	0x7                  
55249000: system.cpu: T0 : 0x4015f6 @fib+25    : mov	eax, SS:[rbp + 0xffffffffffffffec]
55249000: system.cpu: T0 : 0x4015f9 @fib+28    : sub	eax, 0x1              
55249000: system.cpu: T0 : 0x4015fc @fib+31    : mov	eax                   
55251000: system.cpu: T0 : 0x4015fe @fib+33    : call	0xffffffffffffffda   
55253000: system.cpu: T0 : 0x4015dd @fib    : push	rbp                  
55253000: system.cpu: T0 : 0x4015de @fib+1    : mov	rsp                   
55253000: system.cpu: T0 : 0x4015e1 @fib+4    : push	rbx                  
55253000: system.cpu: T0 : 0x4015e2 @fib+5    : sub	rsp, 0x18             
55253000: system.cpu: T0 : 0x4015e6 @fib+9    : mov	SS:[rbp + 0xffffffffffffffec], edi
55254000: system.cpu: T0 : 0x4015e9 @fib+12    : cmp	SS:[rbp + 0xffffffffffffffec], 0x2
55254000: system.cpu: T0 : 0x4015ed @fib+16    : jnle	0x7                  
55255000: system.cpu: T0 : 0x4015f6 @fib+25    : mov	eax, SS:[rbp + 0xffffffffffffffec]
55255000: system.cpu: T0 : 0x4015f9 @fib+28    : sub	eax, 0x1              
55255000: system.cpu: T0 : 0x4015fc @fib+31    : mov	eax                   
55257000: system.cpu: T0 : 0x4015fe @fib+33    : call	0xffffffffffffffda   
55259000: system.cpu: T0 : 0x4015dd @fib    : push	rbp                  
55259000: system.cpu: T0 : 0x4015de @fib+1    : mov	rsp                   
55259000: system.cpu: T0 : 0x4015e1 @fib+4    : push	rbx                  
55259000: system.cpu: T0 : 0x4015e2 @fib+5    : sub	rsp, 0x18             
55259000: system.cpu: T0 : 0x4015e6 @fib+9    : mov	SS:[rbp + 0xffffffffffffffec], edi
55260000: system.cpu: T0 : 0x4015e9 @fib+12    : cmp	SS:[rbp + 0xffffffffffffffec], 0x2
55260000: system.cpu: T0 : 0x4015ed @fib+16    : jnle	0x7                  
55261000: system.cpu: T0 : 0x4015f6 @fib+25    : mov	eax, SS:[rbp + 0xffffffffffffffec]
55261000: system.cpu: T0 : 0x4015f9 @fib+28    : sub	eax, 0x1              
55261000: system.cpu: T0 : 0x4015fc @fib+31    : mov	eax                   
55263000: system.cpu: T0 : 0x4015fe @fib+33    : call	0xffffffffffffffda   
55265000: system.cpu: T0 : 0x4015dd @fib    : push	rbp                  
55265000: system.cpu: T0 : 0x4015de @fib+1    : mov	rsp                   
55265000: system.cpu: T0 : 0x4015e1 @fib+4    : push	rbx                  
55265000: system.cpu: T0 : 0x4015e2 @fib+5    : sub	rsp, 0x18             
55265000: system.cpu: T0 : 0x4015e6 @fib+9    : mov	SS:[rbp + 0xffffffffffffffec], edi
55266000: system.cpu: T0 : 0x4015e9 @fib+12    : cmp	SS:[rbp + 0xffffffffffffffec], 0x2
55266000: system.cpu: T0 : 0x4015ed @fib+16    : jnle	0x7                  
55278000: system.cpu: T0 : 0x4015ef @fib+18    : mov	eax, 0x1              
55278000: system.cpu: T0 : 0x4015f4 @fib+23    : jmp	0x1e                  
55281000: system.cpu: T0 : 0x401614 @fib+55    : add	rsp, 0x18             
55281000: system.cpu: T0 : 0x401618 @fib+59    : pop	rbx                   
55281000: system.cpu: T0 : 0x401619 @fib+60    : pop	rbp                   
55282000: system.cpu: T0 : 0x40161a @fib+61    : ret	                      
55283000: system.cpu: T0 : 0x401603 @fib+38    : mov	eax                   
55283000: system.cpu: T0 : 0x401605 @fib+40    : mov	eax, SS:[rbp + 0xffffffffffffffec]
55283000: system.cpu: T0 : 0x401608 @fib+43    : sub	eax, 0x2              
55283000: system.cpu: T0 : 0x40160b @fib+46    : mov	eax                   
55283000: system.cpu: T0 : 0x40160d @fib+48    : call	0xffffffffffffffcb   
55286000: system.cpu: T0 : 0x4015dd @fib    : push	rbp                  
55286000: system.cpu: T0 : 0x4015de @fib+1    : mov	rsp                   
55286000: system.cpu: T0 : 0x4015e1 @fib+4    : push	rbx                  
55286000: system.cpu: T0 : 0x4015e2 @fib+5    : sub	rsp, 0x18             
55286000: system.cpu: T0 : 0x4015e6 @fib+9    : mov	SS:[rbp + 0xffffffffffffffec], edi
55287000: system.cpu: T0 : 0x4015e9 @fib+12    : cmp	SS:[rbp + 0xffffffffffffffec], 0x2
55305000: system.cpu: T0 : 0x4015ed @fib+16    : jnle	0x7                  
55305000: system.cpu: T0 : 0x4015ef @fib+18    : mov	eax, 0x1              
55305000: system.cpu: T0 : 0x4015f4 @fib+23    : jmp	0x1e                  
55307000: system.cpu: T0 : 0x401614 @fib+55    : add	rsp, 0x18             
55307000: system.cpu: T0 : 0x401618 @fib+59    : pop	rbx                   
55307000: system.cpu: T0 : 0x401619 @fib+60    : pop	rbp                   
55308000: system.cpu: T0 : 0x40161a @fib+61    : ret	                      
55309000: system.cpu: T0 : 0x401612 @fib+53    : add	ebx                   
55309000: system.cpu: T0 : 0x401614 @fib+55    : add	rsp, 0x18             
55309000: system.cpu: T0 : 0x401618 @fib+59    : pop	rbx                   
55309000: system.cpu: T0 : 0x401619 @fib+60    : pop	rbp                   
55310000: system.cpu: T0 : 0x40161a @fib+61    : ret	                      
55311000: system.cpu: T0 : 0x401603 @fib+38    : mov	eax                   
55311000: system.cpu: T0 : 0x401605 @fib+40    : mov	eax, SS:[rbp + 0xffffffffffffffec]
55311000: system.cpu: T0 : 0x401608 @fib+43    : sub	eax, 0x2              
55311000: system.cpu: T0 : 0x40160b @fib+46    : mov	eax                   
55311000: system.cpu: T0 : 0x40160d @fib+48    : call	0xffffffffffffffcb   
55315000: system.cpu: T0 : 0x4015dd @fib    : push	rbp                  
55315000: system.cpu: T0 : 0x4015de @fib+1    : mov	rsp                   
55315000: system.cpu: T0 : 0x4015e1 @fib+4    : push	rbx                  
55315000: system.cpu: T0 : 0x4015e2 @fib+5    : sub	rsp, 0x18             
55315000: system.cpu: T0 : 0x4015e6 @fib+9    : mov	SS:[rbp + 0xffffffffffffffec], edi
55316000: system.cpu: T0 : 0x4015e9 @fib+12    : cmp	SS:[rbp + 0xffffffffffffffec], 0x2
55316000: system.cpu: T0 : 0x4015ed @fib+16    : jnle	0x7                  
55316000: system.cpu: T0 : 0x4015ef @fib+18    : mov	eax, 0x1              
55316000: system.cpu: T0 : 0x4015f4 @fib+23    : jmp	0x1e                  
55319000: system.cpu: T0 : 0x401614 @fib+55    : add	rsp, 0x18             
55319000: system.cpu: T0 : 0x401618 @fib+59    : pop	rbx                   
55319000: system.cpu: T0 : 0x401619 @fib+60    : pop	rbp                   
55320000: system.cpu: T0 : 0x40161a @fib+61    : ret	                      
55321000: system.cpu: T0 : 0x401612 @fib+53    : add	ebx                   
55321000: system.cpu: T0 : 0x401614 @fib+55    : add	rsp, 0x18             
55321000: system.cpu: T0 : 0x401618 @fib+59    : pop	rbx                   
55321000: system.cpu: T0 : 0x401619 @fib+60    : pop	rbp                   
55322000: system.cpu: T0 : 0x40161a @fib+61    : ret	                      
55323000: system.cpu: T0 : 0x401603 @fib+38    : mov	eax                   
55323000: system.cpu: T0 : 0x401605 @fib+40    : mov	eax, SS:[rbp + 0xffffffffffffffec]
55323000: system.cpu: T0 : 0x401608 @fib+43    : sub	eax, 0x2              
55323000: system.cpu: T0 : 0x40160b @fib+46    : mov	eax                   
55323000: system.cpu: T0 : 0x40160d @fib+48    : call	0xffffffffffffffcb   
55326000: system.cpu: T0 : 0x4015dd @fib    : push	rbp                  
55326000: system.cpu: T0 : 0x4015de @fib+1    : mov	rsp                   
55326000: system.cpu: T0 : 0x4015e1 @fib+4    : push	rbx                  
55326000: system.cpu: T0 : 0x4015e2 @fib+5    : sub	rsp, 0x18             
55326000: system.cpu: T0 : 0x4015e6 @fib+9    : mov	SS:[rbp + 0xffffffffffffffec], edi
55327000: system.cpu: T0 : 0x4015e9 @fib+12    : cmp	SS:[rbp + 0xffffffffffffffec], 0x2
55327000: system.cpu: T0 : 0x4015ed @fib+16    : jnle	0x7                  
55354000: system.cpu: T0 : 0x4015f6 @fib+25    : mov	eax, SS:[rbp + 0xffffffffffffffec]
55354000: system.cpu: T0 : 0x4015f9 @fib+28    : sub	eax, 0x1              
55354000: system.cpu: T0 : 0x4015fc @fib+31    : mov	eax                   
55356000: system.cpu: T0 : 0x4015fe @fib+33    : call	0xffffffffffffffda   
55358000: system.cpu: T0 : 0x4015dd @fib    : push	rbp                  
55358000: system.cpu: T0 : 0x4015de @fib+1    : mov	rsp                   
55358000: system.cpu: T0 : 0x4015e1 @fib+4    : push	rbx                  
55358000: system.cpu: T0 : 0x4015e2 @fib+5    : sub	rsp, 0x18             
55358000: system.cpu: T0 : 0x4015e6 @fib+9    : mov	SS:[rbp + 0xffffffffffffffec], edi
55359000: system.cpu: T0 : 0x4015e9 @fib+12    : cmp	SS:[rbp + 0xffffffffffffffec], 0x2
55359000: system.cpu: T0 : 0x4015ed @fib+16    : jnle	0x7                  
55359000: system.cpu: T0 : 0x4015ef @fib+18    : mov	eax, 0x1              
55359000: system.cpu: T0 : 0x4015f4 @fib+23    : jmp	0x1e                  
55362000: system.cpu: T0 : 0x401614 @fib+55    : add	rsp, 0x18             
55362000: system.cpu: T0 : 0x401618 @fib+59    : pop	rbx                   
55362000: system.cpu: T0 : 0x401619 @fib+60    : pop	rbp                   
55363000: system.cpu: T0 : 0x40161a @fib+61    : ret	                      
55367000: system.cpu: T0 : 0x401603 @fib+38    : mov	eax                   
55367000: system.cpu: T0 : 0x401605 @fib+40    : mov	eax, SS:[rbp + 0xffffffffffffffec]
55367000: system.cpu: T0 : 0x401608 @fib+43    : sub	eax, 0x2              
55367000: system.cpu: T0 : 0x40160b @fib+46    : mov	eax                   
55367000: system.cpu: T0 : 0x40160d @fib+48    : call	0xffffffffffffffcb   
55370000: system.cpu: T0 : 0x4015dd @fib    : push	rbp                  
55370000: system.cpu: T0 : 0x4015de @fib+1    : mov	rsp                   
55370000: system.cpu: T0 : 0x4015e1 @fib+4    : push	rbx                  
55370000: system.cpu: T0 : 0x4015e2 @fib+5    : sub	rsp, 0x18             
55370000: system.cpu: T0 : 0x4015e6 @fib+9    : mov	SS:[rbp + 0xffffffffffffffec], edi
55371000: system.cpu: T0 : 0x4015e9 @fib+12    : cmp	SS:[rbp + 0xffffffffffffffec], 0x2
55371000: system.cpu: T0 : 0x4015ed @fib+16    : jnle	0x7                  
55371000: system.cpu: T0 : 0x4015ef @fib+18    : mov	eax, 0x1              
55371000: system.cpu: T0 : 0x4015f4 @fib+23    : jmp	0x1e                  
55374000: system.cpu: T0 : 0x401614 @fib+55    : add	rsp, 0x18             
55374000: system.cpu: T0 : 0x401618 @fib+59    : pop	rbx                   
55374000: system.cpu: T0 : 0x401619 @fib+60    : pop	rbp                   
55375000: system.cpu: T0 : 0x40161a @fib+61    : ret	                      
55376000: system.cpu: T0 : 0x401612 @fib+53    : add	ebx                   
55376000: system.cpu: T0 : 0x401614 @fib+55    : add	rsp, 0x18             
55376000: system.cpu: T0 : 0x401618 @fib+59    : pop	rbx                   
55376000: system.cpu: T0 : 0x401619 @fib+60    : pop	rbp                   
55377000: system.cpu: T0 : 0x40161a @fib+61    : ret	                      
55378000: system.cpu: T0 : 0x401612 @fib+53    : add	ebx                   
55378000: system.cpu: T0 : 0x401614 @fib+55    : add	rsp, 0x18             
55378000: system.cpu: T0 : 0x401618 @fib+59    : pop	rbx                   
55378000: system.cpu: T0 : 0x401619 @fib+60    : pop	rbp                   
55379000: system.cpu: T0 : 0x40161a @fib+61    : ret	                      
55380000: system.cpu: T0 : 0x401603 @fib+38    : mov	eax                   
55380000: system.cpu: T0 : 0x401605 @fib+40    : mov	eax, SS:[rbp + 0xffffffffffffffec]
55380000: system.cpu: T0 : 0x401608 @fib+43    : sub	eax, 0x2              
55380000: system.cpu: T0 : 0x40160b @fib+46    : mov	eax                   
55380000: system.cpu: T0 : 0x40160d @fib+48    : call	0xffffffffffffffcb   
55383000: system.cpu: T0 : 0x4015dd @fib    : push	rbp                  
55383000: system.cpu: T0 : 0x4015de @fib+1    : mov	rsp                   
55383000: system.cpu: T0 : 0x4015e1 @fib+4    : push	rbx                  
55383000: system.cpu: T0 : 0x4015e2 @fib+5    : sub	rsp, 0x18             
55383000: system.cpu: T0 : 0x4015e6 @fib+9    : mov	SS:[rbp + 0xffffffffffffffec], edi
55384000: system.cpu: T0 : 0x4015e9 @fib+12    : cmp	SS:[rbp + 0xffffffffffffffec], 0x2
55384000: system.cpu: T0 : 0x4015ed @fib+16    : jnle	0x7                  
55410000: system.cpu: T0 : 0x4015f6 @fib+25    : mov	eax, SS:[rbp + 0xffffffffffffffec]
55410000: system.cpu: T0 : 0x4015f9 @fib+28    : sub	eax, 0x1              
55410000: system.cpu: T0 : 0x4015fc @fib+31    : mov	eax                   
55412000: system.cpu: T0 : 0x4015fe @fib+33    : call	0xffffffffffffffda   
55414000: system.cpu: T0 : 0x4015dd @fib    : push	rbp                  
55414000: system.cpu: T0 : 0x4015de @fib+1    : mov	rsp                   
55414000: system.cpu: T0 : 0x4015e1 @fib+4    : push	rbx                  
55414000: system.cpu: T0 : 0x4015e2 @fib+5    : sub	rsp, 0x18             
55414000: system.cpu: T0 : 0x4015e6 @fib+9    : mov	SS:[rbp + 0xffffffffffffffec], edi
55415000: system.cpu: T0 : 0x4015e9 @fib+12    : cmp	SS:[rbp + 0xffffffffffffffec], 0x2
55415000: system.cpu: T0 : 0x4015ed @fib+16    : jnle	0x7                  
55437000: system.cpu: T0 : 0x4015f6 @fib+25    : mov	eax, SS:[rbp + 0xffffffffffffffec]
55437000: system.cpu: T0 : 0x4015f9 @fib+28    : sub	eax, 0x1              
55437000: system.cpu: T0 : 0x4015fc @fib+31    : mov	eax                   
55439000: system.cpu: T0 : 0x4015fe @fib+33    : call	0xffffffffffffffda   
55441000: system.cpu: T0 : 0x4015dd @fib    : push	rbp                  
55441000: system.cpu: T0 : 0x4015de @fib+1    : mov	rsp                   
55441000: system.cpu: T0 : 0x4015e1 @fib+4    : push	rbx                  
55441000: system.cpu: T0 : 0x4015e2 @fib+5    : sub	rsp, 0x18             
55441000: system.cpu: T0 : 0x4015e6 @fib+9    : mov	SS:[rbp + 0xffffffffffffffec], edi
55442000: system.cpu: T0 : 0x4015e9 @fib+12    : cmp	SS:[rbp + 0xffffffffffffffec], 0x2
55442000: system.cpu: T0 : 0x4015ed @fib+16    : jnle	0x7                  
55442000: system.cpu: T0 : 0x4015ef @fib+18    : mov	eax, 0x1              
55442000: system.cpu: T0 : 0x4015f4 @fib+23    : jmp	0x1e                  
55445000: system.cpu: T0 : 0x401614 @fib+55    : add	rsp, 0x18             
55445000: system.cpu: T0 : 0x401618 @fib+59    : pop	rbx                   
55445000: system.cpu: T0 : 0x401619 @fib+60    : pop	rbp                   
55446000: system.cpu: T0 : 0x40161a @fib+61    : ret	                      
55447000: system.cpu: T0 : 0x401603 @fib+38    : mov	eax                   
55447000: system.cpu: T0 : 0x401605 @fib+40    : mov	eax, SS:[rbp + 0xffffffffffffffec]
55447000: system.cpu: T0 : 0x401608 @fib+43    : sub	eax, 0x2              
55447000: system.cpu: T0 : 0x40160b @fib+46    : mov	eax                   
55447000: system.cpu: T0 : 0x40160d @fib+48    : call	0xffffffffffffffcb   
55450000: system.cpu: T0 : 0x4015dd @fib    : push	rbp                  
55450000: system.cpu: T0 : 0x4015de @fib+1    : mov	rsp                   
55450000: system.cpu: T0 : 0x4015e1 @fib+4    : push	rbx                  
55450000: system.cpu: T0 : 0x4015e2 @fib+5    : sub	rsp, 0x18             
55450000: system.cpu: T0 : 0x4015e6 @fib+9    : mov	SS:[rbp + 0xffffffffffffffec], edi
55451000: system.cpu: T0 : 0x4015e9 @fib+12    : cmp	SS:[rbp + 0xffffffffffffffec], 0x2
55451000: system.cpu: T0 : 0x4015ed @fib+16    : jnle	0x7                  
55451000: system.cpu: T0 : 0x4015ef @fib+18    : mov	eax, 0x1              
55451000: system.cpu: T0 : 0x4015f4 @fib+23    : jmp	0x1e                  
55454000: system.cpu: T0 : 0x401614 @fib+55    : add	rsp, 0x18             
55454000: system.cpu: T0 : 0x401618 @fib+59    : pop	rbx                   
55454000: system.cpu: T0 : 0x401619 @fib+60    : pop	rbp                   
55455000: system.cpu: T0 : 0x40161a @fib+61    : ret	                      
55456000: system.cpu: T0 : 0x401612 @fib+53    : add	ebx                   
55456000: system.cpu: T0 : 0x401614 @fib+55    : add	rsp, 0x18             
55456000: system.cpu: T0 : 0x401618 @fib+59    : pop	rbx                   
55456000: system.cpu: T0 : 0x401619 @fib+60    : pop	rbp                   
55457000: system.cpu: T0 : 0x40161a @fib+61    : ret	                      
55458000: system.cpu: T0 : 0x401603 @fib+38    : mov	eax                   
55458000: system.cpu: T0 : 0x401605 @fib+40    : mov	eax, SS:[rbp + 0xffffffffffffffec]
55458000: system.cpu: T0 : 0x401608 @fib+43    : sub	eax, 0x2              
55458000: system.cpu: T0 : 0x40160b @fib+46    : mov	eax                   
55458000: system.cpu: T0 : 0x40160d @fib+48    : call	0xffffffffffffffcb   
55461000: system.cpu: T0 : 0x4015dd @fib    : push	rbp                  
55461000: system.cpu: T0 : 0x4015de @fib+1    : mov	rsp                   
55461000: system.cpu: T0 : 0x4015e1 @fib+4    : push	rbx                  
55461000: system.cpu: T0 : 0x4015e2 @fib+5    : sub	rsp, 0x18             
55461000: system.cpu: T0 : 0x4015e6 @fib+9    : mov	SS:[rbp + 0xffffffffffffffec], edi
55462000: system.cpu: T0 : 0x4015e9 @fib+12    : cmp	SS:[rbp + 0xffffffffffffffec], 0x2
55462000: system.cpu: T0 : 0x4015ed @fib+16    : jnle	0x7                  
55462000: system.cpu: T0 : 0x4015ef @fib+18    : mov	eax, 0x1              
55462000: system.cpu: T0 : 0x4015f4 @fib+23    : jmp	0x1e                  
55465000: system.cpu: T0 : 0x401614 @fib+55    : add	rsp, 0x18             
55465000: system.cpu: T0 : 0x401618 @fib+59    : pop	rbx                   
55465000: system.cpu: T0 : 0x401619 @fib+60    : pop	rbp                   
55466000: system.cpu: T0 : 0x40161a @fib+61    : ret	                      
55467000: system.cpu: T0 : 0x401612 @fib+53    : add	ebx                   
55467000: system.cpu: T0 : 0x401614 @fib+55    : add	rsp, 0x18             
55467000: system.cpu: T0 : 0x401618 @fib+59    : pop	rbx                   
55467000: system.cpu: T0 : 0x401619 @fib+60    : pop	rbp                   
55468000: system.cpu: T0 : 0x40161a @fib+61    : ret	                      
55469000: system.cpu: T0 : 0x401612 @fib+53    : add	ebx                   
55469000: system.cpu: T0 : 0x401614 @fib+55    : add	rsp, 0x18             
55469000: system.cpu: T0 : 0x401618 @fib+59    : pop	rbx                   
55469000: system.cpu: T0 : 0x401619 @fib+60    : pop	rbp                   
55470000: system.cpu: T0 : 0x40161a @fib+61    : ret	                      
55471000: system.cpu: T0 : 0x401603 @fib+38    : mov	eax                   
55471000: system.cpu: T0 : 0x401605 @fib+40    : mov	eax, SS:[rbp + 0xffffffffffffffec]
55471000: system.cpu: T0 : 0x401608 @fib+43    : sub	eax, 0x2              
55471000: system.cpu: T0 : 0x40160b @fib+46    : mov	eax                   
55471000: system.cpu: T0 : 0x40160d @fib+48    : call	0xffffffffffffffcb   
55474000: system.cpu: T0 : 0x4015dd @fib    : push	rbp                  
55474000: system.cpu: T0 : 0x4015de @fib+1    : mov	rsp                   
55474000: system.cpu: T0 : 0x4015e1 @fib+4    : push	rbx                  
55474000: system.cpu: T0 : 0x4015e2 @fib+5    : sub	rsp, 0x18             
55474000: system.cpu: T0 : 0x4015e6 @fib+9    : mov	SS:[rbp + 0xffffffffffffffec], edi
55475000: system.cpu: T0 : 0x4015e9 @fib+12    : cmp	SS:[rbp + 0xffffffffffffffec], 0x2
55475000: system.cpu: T0 : 0x4015ed @fib+16    : jnle	0x7                  
55500000: system.cpu: T0 : 0x4015f6 @fib+25    : mov	eax, SS:[rbp + 0xffffffffffffffec]
55500000: system.cpu: T0 : 0x4015f9 @fib+28    : sub	eax, 0x1              
55500000: system.cpu: T0 : 0x4015fc @fib+31    : mov	eax                   
55502000: system.cpu: T0 : 0x4015fe @fib+33    : call	0xffffffffffffffda   
55504000: system.cpu: T0 : 0x4015dd @fib    : push	rbp                  
55504000: system.cpu: T0 : 0x4015de @fib+1    : mov	rsp                   
55504000: system.cpu: T0 : 0x4015e1 @fib+4    : push	rbx                  
55504000: system.cpu: T0 : 0x4015e2 @fib+5    : sub	rsp, 0x18             
55504000: system.cpu: T0 : 0x4015e6 @fib+9    : mov	SS:[rbp + 0xffffffffffffffec], edi
55505000: system.cpu: T0 : 0x4015e9 @fib+12    : cmp	SS:[rbp + 0xffffffffffffffec], 0x2
55505000: system.cpu: T0 : 0x4015ed @fib+16    : jnle	0x7                  
55527000: system.cpu: T0 : 0x4015f6 @fib+25    : mov	eax, SS:[rbp + 0xffffffffffffffec]
55527000: system.cpu: T0 : 0x4015f9 @fib+28    : sub	eax, 0x1              
55527000: system.cpu: T0 : 0x4015fc @fib+31    : mov	eax                   
55529000: system.cpu: T0 : 0x4015fe @fib+33    : call	0xffffffffffffffda   
55531000: system.cpu: T0 : 0x4015dd @fib    : push	rbp                  
55531000: system.cpu: T0 : 0x4015de @fib+1    : mov	rsp                   
55531000: system.cpu: T0 : 0x4015e1 @fib+4    : push	rbx                  
55531000: system.cpu: T0 : 0x4015e2 @fib+5    : sub	rsp, 0x18             
55531000: system.cpu: T0 : 0x4015e6 @fib+9    : mov	SS:[rbp + 0xffffffffffffffec], edi
55532000: system.cpu: T0 : 0x4015e9 @fib+12    : cmp	SS:[rbp + 0xffffffffffffffec], 0x2
55532000: system.cpu: T0 : 0x4015ed @fib+16    : jnle	0x7                  
55550000: system.cpu: T0 : 0x4015f6 @fib+25    : mov	eax, SS:[rbp + 0xffffffffffffffec]
55550000: system.cpu: T0 : 0x4015f9 @fib+28    : sub	eax, 0x1              
55550000: system.cpu: T0 : 0x4015fc @fib+31    : mov	eax                   
55552000: system.cpu: T0 : 0x4015fe @fib+33    : call	0xffffffffffffffda   
55554000: system.cpu: T0 : 0x4015dd @fib    : push	rbp                  
55554000: system.cpu: T0 : 0x4015de @fib+1    : mov	rsp                   
55554000: system.cpu: T0 : 0x4015e1 @fib+4    : push	rbx                  
55554000: system.cpu: T0 : 0x4015e2 @fib+5    : sub	rsp, 0x18             
55554000: system.cpu: T0 : 0x4015e6 @fib+9    : mov	SS:[rbp + 0xffffffffffffffec], edi
55555000: system.cpu: T0 : 0x4015e9 @fib+12    : cmp	SS:[rbp + 0xffffffffffffffec], 0x2
55555000: system.cpu: T0 : 0x4015ed @fib+16    : jnle	0x7                  
55555000: system.cpu: T0 : 0x4015ef @fib+18    : mov	eax, 0x1              
55555000: system.cpu: T0 : 0x4015f4 @fib+23    : jmp	0x1e                  
55558000: system.cpu: T0 : 0x401614 @fib+55    : add	rsp, 0x18             
55558000: system.cpu: T0 : 0x401618 @fib+59    : pop	rbx                   
55558000: system.cpu: T0 : 0x401619 @fib+60    : pop	rbp                   
55559000: system.cpu: T0 : 0x40161a @fib+61    : ret	                      
55560000: system.cpu: T0 : 0x401603 @fib+38    : mov	eax                   
55560000: system.cpu: T0 : 0x401605 @fib+40    : mov	eax, SS:[rbp + 0xffffffffffffffec]
55560000: system.cpu: T0 : 0x401608 @fib+43    : sub	eax, 0x2              
55560000: system.cpu: T0 : 0x40160b @fib+46    : mov	eax                   
55560000: system.cpu: T0 : 0x40160d @fib+48    : call	0xffffffffffffffcb   
55563000: system.cpu: T0 : 0x4015dd @fib    : push	rbp                  
55563000: system.cpu: T0 : 0x4015de @fib+1    : mov	rsp                   
55563000: system.cpu: T0 : 0x4015e1 @fib+4    : push	rbx                  
55563000: system.cpu: T0 : 0x4015e2 @fib+5    : sub	rsp, 0x18             
55563000: system.cpu: T0 : 0x4015e6 @fib+9    : mov	SS:[rbp + 0xffffffffffffffec], edi
55564000: system.cpu: T0 : 0x4015e9 @fib+12    : cmp	SS:[rbp + 0xffffffffffffffec], 0x2
55564000: system.cpu: T0 : 0x4015ed @fib+16    : jnle	0x7                  
55564000: system.cpu: T0 : 0x4015ef @fib+18    : mov	eax, 0x1              
55564000: system.cpu: T0 : 0x4015f4 @fib+23    : jmp	0x1e                  
55567000: system.cpu: T0 : 0x401614 @fib+55    : add	rsp, 0x18             
55567000: system.cpu: T0 : 0x401618 @fib+59    : pop	rbx                   
55567000: system.cpu: T0 : 0x401619 @fib+60    : pop	rbp                   
55568000: system.cpu: T0 : 0x40161a @fib+61    : ret	                      
55569000: system.cpu: T0 : 0x401612 @fib+53    : add	ebx                   
55569000: system.cpu: T0 : 0x401614 @fib+55    : add	rsp, 0x18             
55569000: system.cpu: T0 : 0x401618 @fib+59    : pop	rbx                   
55569000: system.cpu: T0 : 0x401619 @fib+60    : pop	rbp                   
55570000: system.cpu: T0 : 0x40161a @fib+61    : ret	                      
55571000: system.cpu: T0 : 0x401603 @fib+38    : mov	eax                   
55571000: system.cpu: T0 : 0x401605 @fib+40    : mov	eax, SS:[rbp + 0xffffffffffffffec]
55571000: system.cpu: T0 : 0x401608 @fib+43    : sub	eax, 0x2              
55571000: system.cpu: T0 : 0x40160b @fib+46    : mov	eax                   
55571000: system.cpu: T0 : 0x40160d @fib+48    : call	0xffffffffffffffcb   
55574000: system.cpu: T0 : 0x4015dd @fib    : push	rbp                  
55574000: system.cpu: T0 : 0x4015de @fib+1    : mov	rsp                   
55574000: system.cpu: T0 : 0x4015e1 @fib+4    : push	rbx                  
55574000: system.cpu: T0 : 0x4015e2 @fib+5    : sub	rsp, 0x18             
55574000: system.cpu: T0 : 0x4015e6 @fib+9    : mov	SS:[rbp + 0xffffffffffffffec], edi
55575000: system.cpu: T0 : 0x4015e9 @fib+12    : cmp	SS:[rbp + 0xffffffffffffffec], 0x2
55575000: system.cpu: T0 : 0x4015ed @fib+16    : jnle	0x7                  
55575000: system.cpu: T0 : 0x4015ef @fib+18    : mov	eax, 0x1              
55575000: system.cpu: T0 : 0x4015f4 @fib+23    : jmp	0x1e                  
55578000: system.cpu: T0 : 0x401614 @fib+55    : add	rsp, 0x18             
55578000: system.cpu: T0 : 0x401618 @fib+59    : pop	rbx                   
55578000: system.cpu: T0 : 0x401619 @fib+60    : pop	rbp                   
55579000: system.cpu: T0 : 0x40161a @fib+61    : ret	                      
55580000: system.cpu: T0 : 0x401612 @fib+53    : add	ebx                   
55580000: system.cpu: T0 : 0x401614 @fib+55    : add	rsp, 0x18             
55580000: system.cpu: T0 : 0x401618 @fib+59    : pop	rbx                   
55580000: system.cpu: T0 : 0x401619 @fib+60    : pop	rbp                   
55581000: system.cpu: T0 : 0x40161a @fib+61    : ret	                      
55582000: system.cpu: T0 : 0x401603 @fib+38    : mov	eax                   
55582000: system.cpu: T0 : 0x401605 @fib+40    : mov	eax, SS:[rbp + 0xffffffffffffffec]
55582000: system.cpu: T0 : 0x401608 @fib+43    : sub	eax, 0x2              
55582000: system.cpu: T0 : 0x40160b @fib+46    : mov	eax                   
55582000: system.cpu: T0 : 0x40160d @fib+48    : call	0xffffffffffffffcb   
55585000: system.cpu: T0 : 0x4015dd @fib    : push	rbp                  
55585000: system.cpu: T0 : 0x4015de @fib+1    : mov	rsp                   
55585000: system.cpu: T0 : 0x4015e1 @fib+4    : push	rbx                  
55585000: system.cpu: T0 : 0x4015e2 @fib+5    : sub	rsp, 0x18             
55585000: system.cpu: T0 : 0x4015e6 @fib+9    : mov	SS:[rbp + 0xffffffffffffffec], edi
55586000: system.cpu: T0 : 0x4015e9 @fib+12    : cmp	SS:[rbp + 0xffffffffffffffec], 0x2
55586000: system.cpu: T0 : 0x4015ed @fib+16    : jnle	0x7                  
55609000: system.cpu: T0 : 0x4015f6 @fib+25    : mov	eax, SS:[rbp + 0xffffffffffffffec]
55609000: system.cpu: T0 : 0x4015f9 @fib+28    : sub	eax, 0x1              
55609000: system.cpu: T0 : 0x4015fc @fib+31    : mov	eax                   
55611000: system.cpu: T0 : 0x4015fe @fib+33    : call	0xffffffffffffffda   
55613000: system.cpu: T0 : 0x4015dd @fib    : push	rbp                  
55613000: system.cpu: T0 : 0x4015de @fib+1    : mov	rsp                   
55613000: system.cpu: T0 : 0x4015e1 @fib+4    : push	rbx                  
55613000: system.cpu: T0 : 0x4015e2 @fib+5    : sub	rsp, 0x18             
55613000: system.cpu: T0 : 0x4015e6 @fib+9    : mov	SS:[rbp + 0xffffffffffffffec], edi
55614000: system.cpu: T0 : 0x4015e9 @fib+12    : cmp	SS:[rbp + 0xffffffffffffffec], 0x2
55614000: system.cpu: T0 : 0x4015ed @fib+16    : jnle	0x7                  
55614000: system.cpu: T0 : 0x4015ef @fib+18    : mov	eax, 0x1              
55614000: system.cpu: T0 : 0x4015f4 @fib+23    : jmp	0x1e                  
55617000: system.cpu: T0 : 0x401614 @fib+55    : add	rsp, 0x18             
55617000: system.cpu: T0 : 0x401618 @fib+59    : pop	rbx                   
55617000: system.cpu: T0 : 0x401619 @fib+60    : pop	rbp                   
55618000: system.cpu: T0 : 0x40161a @fib+61    : ret	                      
55620000: system.cpu: T0 : 0x401603 @fib+38    : mov	eax                   
55620000: system.cpu: T0 : 0x401605 @fib+40    : mov	eax, SS:[rbp + 0xffffffffffffffec]
55620000: system.cpu: T0 : 0x401608 @fib+43    : sub	eax, 0x2              
55620000: system.cpu: T0 : 0x40160b @fib+46    : mov	eax                   
55620000: system.cpu: T0 : 0x40160d @fib+48    : call	0xffffffffffffffcb   
55623000: system.cpu: T0 : 0x4015dd @fib    : push	rbp                  
55623000: system.cpu: T0 : 0x4015de @fib+1    : mov	rsp                   
55623000: system.cpu: T0 : 0x4015e1 @fib+4    : push	rbx                  
55623000: system.cpu: T0 : 0x4015e2 @fib+5    : sub	rsp, 0x18             
55623000: system.cpu: T0 : 0x4015e6 @fib+9    : mov	SS:[rbp + 0xffffffffffffffec], edi
55624000: system.cpu: T0 : 0x4015e9 @fib+12    : cmp	SS:[rbp + 0xffffffffffffffec], 0x2
55624000: system.cpu: T0 : 0x4015ed @fib+16    : jnle	0x7                  
55624000: system.cpu: T0 : 0x4015ef @fib+18    : mov	eax, 0x1              
55624000: system.cpu: T0 : 0x4015f4 @fib+23    : jmp	0x1e                  
55627000: system.cpu: T0 : 0x401614 @fib+55    : add	rsp, 0x18             
55627000: system.cpu: T0 : 0x401618 @fib+59    : pop	rbx                   
55627000: system.cpu: T0 : 0x401619 @fib+60    : pop	rbp                   
55628000: system.cpu: T0 : 0x40161a @fib+61    : ret	                      
55629000: system.cpu: T0 : 0x401612 @fib+53    : add	ebx                   
55629000: system.cpu: T0 : 0x401614 @fib+55    : add	rsp, 0x18             
55629000: system.cpu: T0 : 0x401618 @fib+59    : pop	rbx                   
55629000: system.cpu: T0 : 0x401619 @fib+60    : pop	rbp                   
55630000: system.cpu: T0 : 0x40161a @fib+61    : ret	                      
55631000: system.cpu: T0 : 0x401612 @fib+53    : add	ebx                   
55631000: system.cpu: T0 : 0x401614 @fib+55    : add	rsp, 0x18             
55631000: system.cpu: T0 : 0x401618 @fib+59    : pop	rbx                   
55631000: system.cpu: T0 : 0x401619 @fib+60    : pop	rbp                   
55632000: system.cpu: T0 : 0x40161a @fib+61    : ret	                      
55633000: system.cpu: T0 : 0x401612 @fib+53    : add	ebx                   
55633000: system.cpu: T0 : 0x401614 @fib+55    : add	rsp, 0x18             
55633000: system.cpu: T0 : 0x401618 @fib+59    : pop	rbx                   
55633000: system.cpu: T0 : 0x401619 @fib+60    : pop	rbp                   
55634000: system.cpu: T0 : 0x40161a @fib+61    : ret	                      
55635000: system.cpu: T0 : 0x401603 @fib+38    : mov	eax                   
55635000: system.cpu: T0 : 0x401605 @fib+40    : mov	eax, SS:[rbp + 0xffffffffffffffec]
55635000: system.cpu: T0 : 0x401608 @fib+43    : sub	eax, 0x2              
55635000: system.cpu: T0 : 0x40160b @fib+46    : mov	eax                   
55635000: system.cpu: T0 : 0x40160d @fib+48    : call	0xffffffffffffffcb   
55638000: system.cpu: T0 : 0x4015dd @fib    : push	rbp                  
55638000: system.cpu: T0 : 0x4015de @fib+1    : mov	rsp                   
55638000: system.cpu: T0 : 0x4015e1 @fib+4    : push	rbx                  
55638000: system.cpu: T0 : 0x4015e2 @fib+5    : sub	rsp, 0x18             
55638000: system.cpu: T0 : 0x4015e6 @fib+9    : mov	SS:[rbp + 0xffffffffffffffec], edi
55639000: system.cpu: T0 : 0x4015e9 @fib+12    : cmp	SS:[rbp + 0xffffffffffffffec], 0x2
55639000: system.cpu: T0 : 0x4015ed @fib+16    : jnle	0x7                  
55667000: system.cpu: T0 : 0x4015f6 @fib+25    : mov	eax, SS:[rbp + 0xffffffffffffffec]
55667000: system.cpu: T0 : 0x4015f9 @fib+28    : sub	eax, 0x1              
55667000: system.cpu: T0 : 0x4015fc @fib+31    : mov	eax                   
55669000: system.cpu: T0 : 0x4015fe @fib+33    : call	0xffffffffffffffda   
55671000: system.cpu: T0 : 0x4015dd @fib    : push	rbp                  
55671000: system.cpu: T0 : 0x4015de @fib+1    : mov	rsp                   
55671000: system.cpu: T0 : 0x4015e1 @fib+4    : push	rbx                  
55671000: system.cpu: T0 : 0x4015e2 @fib+5    : sub	rsp, 0x18             
55671000: system.cpu: T0 : 0x4015e6 @fib+9    : mov	SS:[rbp + 0xffffffffffffffec], edi
55672000: system.cpu: T0 : 0x4015e9 @fib+12    : cmp	SS:[rbp + 0xffffffffffffffec], 0x2
55672000: system.cpu: T0 : 0x4015ed @fib+16    : jnle	0x7                  
55695000: system.cpu: T0 : 0x4015f6 @fib+25    : mov	eax, SS:[rbp + 0xffffffffffffffec]
55695000: system.cpu: T0 : 0x4015f9 @fib+28    : sub	eax, 0x1              
55695000: system.cpu: T0 : 0x4015fc @fib+31    : mov	eax                   
55697000: system.cpu: T0 : 0x4015fe @fib+33    : call	0xffffffffffffffda   
55699000: system.cpu: T0 : 0x4015dd @fib    : push	rbp                  
55699000: system.cpu: T0 : 0x4015de @fib+1    : mov	rsp                   
55699000: system.cpu: T0 : 0x4015e1 @fib+4    : push	rbx                  
55699000: system.cpu: T0 : 0x4015e2 @fib+5    : sub	rsp, 0x18             
55699000: system.cpu: T0 : 0x4015e6 @fib+9    : mov	SS:[rbp + 0xffffffffffffffec], edi
55700000: system.cpu: T0 : 0x4015e9 @fib+12    : cmp	SS:[rbp + 0xffffffffffffffec], 0x2
55700000: system.cpu: T0 : 0x4015ed @fib+16    : jnle	0x7                  
55719000: system.cpu: T0 : 0x4015f6 @fib+25    : mov	eax, SS:[rbp + 0xffffffffffffffec]
55719000: system.cpu: T0 : 0x4015f9 @fib+28    : sub	eax, 0x1              
55719000: system.cpu: T0 : 0x4015fc @fib+31    : mov	eax                   
55721000: system.cpu: T0 : 0x4015fe @fib+33    : call	0xffffffffffffffda   
55723000: system.cpu: T0 : 0x4015dd @fib    : push	rbp                  
55723000: system.cpu: T0 : 0x4015de @fib+1    : mov	rsp                   
55723000: system.cpu: T0 : 0x4015e1 @fib+4    : push	rbx                  
55723000: system.cpu: T0 : 0x4015e2 @fib+5    : sub	rsp, 0x18             
55723000: system.cpu: T0 : 0x4015e6 @fib+9    : mov	SS:[rbp + 0xffffffffffffffec], edi
55724000: system.cpu: T0 : 0x4015e9 @fib+12    : cmp	SS:[rbp + 0xffffffffffffffec], 0x2
55724000: system.cpu: T0 : 0x4015ed @fib+16    : jnle	0x7                  
55742000: system.cpu: T0 : 0x4015f6 @fib+25    : mov	eax, SS:[rbp + 0xffffffffffffffec]
55742000: system.cpu: T0 : 0x4015f9 @fib+28    : sub	eax, 0x1              
55742000: system.cpu: T0 : 0x4015fc @fib+31    : mov	eax                   
55744000: system.cpu: T0 : 0x4015fe @fib+33    : call	0xffffffffffffffda   
55746000: system.cpu: T0 : 0x4015dd @fib    : push	rbp                  
55746000: system.cpu: T0 : 0x4015de @fib+1    : mov	rsp                   
55746000: system.cpu: T0 : 0x4015e1 @fib+4    : push	rbx                  
55746000: system.cpu: T0 : 0x4015e2 @fib+5    : sub	rsp, 0x18             
55746000: system.cpu: T0 : 0x4015e6 @fib+9    : mov	SS:[rbp + 0xffffffffffffffec], edi
55747000: system.cpu: T0 : 0x4015e9 @fib+12    : cmp	SS:[rbp + 0xffffffffffffffec], 0x2
55747000: system.cpu: T0 : 0x4015ed @fib+16    : jnle	0x7                  
55747000: system.cpu: T0 : 0x4015ef @fib+18    : mov	eax, 0x1              
55747000: system.cpu: T0 : 0x4015f4 @fib+23    : jmp	0x1e                  
55750000: system.cpu: T0 : 0x401614 @fib+55    : add	rsp, 0x18             
55750000: system.cpu: T0 : 0x401618 @fib+59    : pop	rbx                   
55750000: system.cpu: T0 : 0x401619 @fib+60    : pop	rbp                   
55751000: system.cpu: T0 : 0x40161a @fib+61    : ret	                      
55752000: system.cpu: T0 : 0x401603 @fib+38    : mov	eax                   
55752000: system.cpu: T0 : 0x401605 @fib+40    : mov	eax, SS:[rbp + 0xffffffffffffffec]
55752000: system.cpu: T0 : 0x401608 @fib+43    : sub	eax, 0x2              
55752000: system.cpu: T0 : 0x40160b @fib+46    : mov	eax                   
55752000: system.cpu: T0 : 0x40160d @fib+48    : call	0xffffffffffffffcb   
55755000: system.cpu: T0 : 0x4015dd @fib    : push	rbp                  
55755000: system.cpu: T0 : 0x4015de @fib+1    : mov	rsp                   
55755000: system.cpu: T0 : 0x4015e1 @fib+4    : push	rbx                  
55755000: system.cpu: T0 : 0x4015e2 @fib+5    : sub	rsp, 0x18             
55755000: system.cpu: T0 : 0x4015e6 @fib+9    : mov	SS:[rbp + 0xffffffffffffffec], edi
55756000: system.cpu: T0 : 0x4015e9 @fib+12    : cmp	SS:[rbp + 0xffffffffffffffec], 0x2
55756000: system.cpu: T0 : 0x4015ed @fib+16    : jnle	0x7                  
55756000: system.cpu: T0 : 0x4015ef @fib+18    : mov	eax, 0x1              
55756000: system.cpu: T0 : 0x4015f4 @fib+23    : jmp	0x1e                  
55759000: system.cpu: T0 : 0x401614 @fib+55    : add	rsp, 0x18             
55759000: system.cpu: T0 : 0x401618 @fib+59    : pop	rbx                   
55759000: system.cpu: T0 : 0x401619 @fib+60    : pop	rbp                   
55760000: system.cpu: T0 : 0x40161a @fib+61    : ret	                      
55761000: system.cpu: T0 : 0x401612 @fib+53    : add	ebx                   
55761000: system.cpu: T0 : 0x401614 @fib+55    : add	rsp, 0x18             
55761000: system.cpu: T0 : 0x401618 @fib+59    : pop	rbx                   
55761000: system.cpu: T0 : 0x401619 @fib+60    : pop	rbp                   
55762000: system.cpu: T0 : 0x40161a @fib+61    : ret	                      
55763000: system.cpu: T0 : 0x401603 @fib+38    : mov	eax                   
55763000: system.cpu: T0 : 0x401605 @fib+40    : mov	eax, SS:[rbp + 0xffffffffffffffec]
55763000: system.cpu: T0 : 0x401608 @fib+43    : sub	eax, 0x2              
55763000: system.cpu: T0 : 0x40160b @fib+46    : mov	eax                   
55763000: system.cpu: T0 : 0x40160d @fib+48    : call	0xffffffffffffffcb   
55766000: system.cpu: T0 : 0x4015dd @fib    : push	rbp                  
55766000: system.cpu: T0 : 0x4015de @fib+1    : mov	rsp                   
55766000: system.cpu: T0 : 0x4015e1 @fib+4    : push	rbx                  
55766000: system.cpu: T0 : 0x4015e2 @fib+5    : sub	rsp, 0x18             
55766000: system.cpu: T0 : 0x4015e6 @fib+9    : mov	SS:[rbp + 0xffffffffffffffec], edi
55767000: system.cpu: T0 : 0x4015e9 @fib+12    : cmp	SS:[rbp + 0xffffffffffffffec], 0x2
55767000: system.cpu: T0 : 0x4015ed @fib+16    : jnle	0x7                  
55767000: system.cpu: T0 : 0x4015ef @fib+18    : mov	eax, 0x1              
55767000: system.cpu: T0 : 0x4015f4 @fib+23    : jmp	0x1e                  
55770000: system.cpu: T0 : 0x401614 @fib+55    : add	rsp, 0x18             
55770000: system.cpu: T0 : 0x401618 @fib+59    : pop	rbx                   
55770000: system.cpu: T0 : 0x401619 @fib+60    : pop	rbp                   
55771000: system.cpu: T0 : 0x40161a @fib+61    : ret	                      
55772000: system.cpu: T0 : 0x401612 @fib+53    : add	ebx                   
55772000: system.cpu: T0 : 0x401614 @fib+55    : add	rsp, 0x18             
55772000: system.cpu: T0 : 0x401618 @fib+59    : pop	rbx                   
55772000: system.cpu: T0 : 0x401619 @fib+60    : pop	rbp                   
55773000: system.cpu: T0 : 0x40161a @fib+61    : ret	                      
55774000: system.cpu: T0 : 0x401603 @fib+38    : mov	eax                   
55774000: system.cpu: T0 : 0x401605 @fib+40    : mov	eax, SS:[rbp + 0xffffffffffffffec]
55774000: system.cpu: T0 : 0x401608 @fib+43    : sub	eax, 0x2              
55774000: system.cpu: T0 : 0x40160b @fib+46    : mov	eax                   
55774000: system.cpu: T0 : 0x40160d @fib+48    : call	0xffffffffffffffcb   
55777000: system.cpu: T0 : 0x4015dd @fib    : push	rbp                  
55777000: system.cpu: T0 : 0x4015de @fib+1    : mov	rsp                   
55777000: system.cpu: T0 : 0x4015e1 @fib+4    : push	rbx                  
55777000: system.cpu: T0 : 0x4015e2 @fib+5    : sub	rsp, 0x18             
55777000: system.cpu: T0 : 0x4015e6 @fib+9    : mov	SS:[rbp + 0xffffffffffffffec], edi
55778000: system.cpu: T0 : 0x4015e9 @fib+12    : cmp	SS:[rbp + 0xffffffffffffffec], 0x2
55778000: system.cpu: T0 : 0x4015ed @fib+16    : jnle	0x7                  
55801000: system.cpu: T0 : 0x4015f6 @fib+25    : mov	eax, SS:[rbp + 0xffffffffffffffec]
55801000: system.cpu: T0 : 0x4015f9 @fib+28    : sub	eax, 0x1              
55801000: system.cpu: T0 : 0x4015fc @fib+31    : mov	eax                   
55803000: system.cpu: T0 : 0x4015fe @fib+33    : call	0xffffffffffffffda   
55805000: system.cpu: T0 : 0x4015dd @fib    : push	rbp                  
55805000: system.cpu: T0 : 0x4015de @fib+1    : mov	rsp                   
55805000: system.cpu: T0 : 0x4015e1 @fib+4    : push	rbx                  
55805000: system.cpu: T0 : 0x4015e2 @fib+5    : sub	rsp, 0x18             
55805000: system.cpu: T0 : 0x4015e6 @fib+9    : mov	SS:[rbp + 0xffffffffffffffec], edi
55806000: system.cpu: T0 : 0x4015e9 @fib+12    : cmp	SS:[rbp + 0xffffffffffffffec], 0x2
55806000: system.cpu: T0 : 0x4015ed @fib+16    : jnle	0x7                  
55806000: system.cpu: T0 : 0x4015ef @fib+18    : mov	eax, 0x1              
55806000: system.cpu: T0 : 0x4015f4 @fib+23    : jmp	0x1e                  
55809000: system.cpu: T0 : 0x401614 @fib+55    : add	rsp, 0x18             
55809000: system.cpu: T0 : 0x401618 @fib+59    : pop	rbx                   
55809000: system.cpu: T0 : 0x401619 @fib+60    : pop	rbp                   
55810000: system.cpu: T0 : 0x40161a @fib+61    : ret	                      
55812000: system.cpu: T0 : 0x401603 @fib+38    : mov	eax                   
55812000: system.cpu: T0 : 0x401605 @fib+40    : mov	eax, SS:[rbp + 0xffffffffffffffec]
55812000: system.cpu: T0 : 0x401608 @fib+43    : sub	eax, 0x2              
55812000: system.cpu: T0 : 0x40160b @fib+46    : mov	eax                   
55812000: system.cpu: T0 : 0x40160d @fib+48    : call	0xffffffffffffffcb   
55815000: system.cpu: T0 : 0x4015dd @fib    : push	rbp                  
55815000: system.cpu: T0 : 0x4015de @fib+1    : mov	rsp                   
55815000: system.cpu: T0 : 0x4015e1 @fib+4    : push	rbx                  
55815000: system.cpu: T0 : 0x4015e2 @fib+5    : sub	rsp, 0x18             
55815000: system.cpu: T0 : 0x4015e6 @fib+9    : mov	SS:[rbp + 0xffffffffffffffec], edi
55816000: system.cpu: T0 : 0x4015e9 @fib+12    : cmp	SS:[rbp + 0xffffffffffffffec], 0x2
55816000: system.cpu: T0 : 0x4015ed @fib+16    : jnle	0x7                  
55816000: system.cpu: T0 : 0x4015ef @fib+18    : mov	eax, 0x1              
55816000: system.cpu: T0 : 0x4015f4 @fib+23    : jmp	0x1e                  
55819000: system.cpu: T0 : 0x401614 @fib+55    : add	rsp, 0x18             
55819000: system.cpu: T0 : 0x401618 @fib+59    : pop	rbx                   
55819000: system.cpu: T0 : 0x401619 @fib+60    : pop	rbp                   
55820000: system.cpu: T0 : 0x40161a @fib+61    : ret	                      
55821000: system.cpu: T0 : 0x401612 @fib+53    : add	ebx                   
55821000: system.cpu: T0 : 0x401614 @fib+55    : add	rsp, 0x18             
55821000: system.cpu: T0 : 0x401618 @fib+59    : pop	rbx                   
55821000: system.cpu: T0 : 0x401619 @fib+60    : pop	rbp                   
55822000: system.cpu: T0 : 0x40161a @fib+61    : ret	                      
55823000: system.cpu: T0 : 0x401612 @fib+53    : add	ebx                   
55823000: system.cpu: T0 : 0x401614 @fib+55    : add	rsp, 0x18             
55823000: system.cpu: T0 : 0x401618 @fib+59    : pop	rbx                   
55823000: system.cpu: T0 : 0x401619 @fib+60    : pop	rbp                   
55824000: system.cpu: T0 : 0x40161a @fib+61    : ret	                      
55825000: system.cpu: T0 : 0x401603 @fib+38    : mov	eax                   
55825000: system.cpu: T0 : 0x401605 @fib+40    : mov	eax, SS:[rbp + 0xffffffffffffffec]
55825000: system.cpu: T0 : 0x401608 @fib+43    : sub	eax, 0x2              
55825000: system.cpu: T0 : 0x40160b @fib+46    : mov	eax                   
55825000: system.cpu: T0 : 0x40160d @fib+48    : call	0xffffffffffffffcb   
55828000: system.cpu: T0 : 0x4015dd @fib    : push	rbp                  
55828000: system.cpu: T0 : 0x4015de @fib+1    : mov	rsp                   
55828000: system.cpu: T0 : 0x4015e1 @fib+4    : push	rbx                  
55828000: system.cpu: T0 : 0x4015e2 @fib+5    : sub	rsp, 0x18             
55828000: system.cpu: T0 : 0x4015e6 @fib+9    : mov	SS:[rbp + 0xffffffffffffffec], edi
55829000: system.cpu: T0 : 0x4015e9 @fib+12    : cmp	SS:[rbp + 0xffffffffffffffec], 0x2
55829000: system.cpu: T0 : 0x4015ed @fib+16    : jnle	0x7                  
55853000: system.cpu: T0 : 0x4015f6 @fib+25    : mov	eax, SS:[rbp + 0xffffffffffffffec]
55853000: system.cpu: T0 : 0x4015f9 @fib+28    : sub	eax, 0x1              
55853000: system.cpu: T0 : 0x4015fc @fib+31    : mov	eax                   
55855000: system.cpu: T0 : 0x4015fe @fib+33    : call	0xffffffffffffffda   
55857000: system.cpu: T0 : 0x4015dd @fib    : push	rbp                  
55857000: system.cpu: T0 : 0x4015de @fib+1    : mov	rsp                   
55857000: system.cpu: T0 : 0x4015e1 @fib+4    : push	rbx                  
55857000: system.cpu: T0 : 0x4015e2 @fib+5    : sub	rsp, 0x18             
55857000: system.cpu: T0 : 0x4015e6 @fib+9    : mov	SS:[rbp + 0xffffffffffffffec], edi
55858000: system.cpu: T0 : 0x4015e9 @fib+12    : cmp	SS:[rbp + 0xffffffffffffffec], 0x2
55858000: system.cpu: T0 : 0x4015ed @fib+16    : jnle	0x7                  
55882000: system.cpu: T0 : 0x4015f6 @fib+25    : mov	eax, SS:[rbp + 0xffffffffffffffec]
55882000: system.cpu: T0 : 0x4015f9 @fib+28    : sub	eax, 0x1              
55882000: system.cpu: T0 : 0x4015fc @fib+31    : mov	eax                   
55884000: system.cpu: T0 : 0x4015fe @fib+33    : call	0xffffffffffffffda   
55886000: system.cpu: T0 : 0x4015dd @fib    : push	rbp                  
55886000: system.cpu: T0 : 0x4015de @fib+1    : mov	rsp                   
55886000: system.cpu: T0 : 0x4015e1 @fib+4    : push	rbx                  
55886000: system.cpu: T0 : 0x4015e2 @fib+5    : sub	rsp, 0x18             
55886000: system.cpu: T0 : 0x4015e6 @fib+9    : mov	SS:[rbp + 0xffffffffffffffec], edi
55887000: system.cpu: T0 : 0x4015e9 @fib+12    : cmp	SS:[rbp + 0xffffffffffffffec], 0x2
55887000: system.cpu: T0 : 0x4015ed @fib+16    : jnle	0x7                  
55887000: system.cpu: T0 : 0x4015ef @fib+18    : mov	eax, 0x1              
55887000: system.cpu: T0 : 0x4015f4 @fib+23    : jmp	0x1e                  
55890000: system.cpu: T0 : 0x401614 @fib+55    : add	rsp, 0x18             
55890000: system.cpu: T0 : 0x401618 @fib+59    : pop	rbx                   
55890000: system.cpu: T0 : 0x401619 @fib+60    : pop	rbp                   
55891000: system.cpu: T0 : 0x40161a @fib+61    : ret	                      
55892000: system.cpu: T0 : 0x401603 @fib+38    : mov	eax                   
55892000: system.cpu: T0 : 0x401605 @fib+40    : mov	eax, SS:[rbp + 0xffffffffffffffec]
55892000: system.cpu: T0 : 0x401608 @fib+43    : sub	eax, 0x2              
55892000: system.cpu: T0 : 0x40160b @fib+46    : mov	eax                   
55892000: system.cpu: T0 : 0x40160d @fib+48    : call	0xffffffffffffffcb   
55895000: system.cpu: T0 : 0x4015dd @fib    : push	rbp                  
55895000: system.cpu: T0 : 0x4015de @fib+1    : mov	rsp                   
55895000: system.cpu: T0 : 0x4015e1 @fib+4    : push	rbx                  
55895000: system.cpu: T0 : 0x4015e2 @fib+5    : sub	rsp, 0x18             
55895000: system.cpu: T0 : 0x4015e6 @fib+9    : mov	SS:[rbp + 0xffffffffffffffec], edi
55896000: system.cpu: T0 : 0x4015e9 @fib+12    : cmp	SS:[rbp + 0xffffffffffffffec], 0x2
55896000: system.cpu: T0 : 0x4015ed @fib+16    : jnle	0x7                  
55896000: system.cpu: T0 : 0x4015ef @fib+18    : mov	eax, 0x1              
55896000: system.cpu: T0 : 0x4015f4 @fib+23    : jmp	0x1e                  
55899000: system.cpu: T0 : 0x401614 @fib+55    : add	rsp, 0x18             
55899000: system.cpu: T0 : 0x401618 @fib+59    : pop	rbx                   
55899000: system.cpu: T0 : 0x401619 @fib+60    : pop	rbp                   
55900000: system.cpu: T0 : 0x40161a @fib+61    : ret	                      
55901000: system.cpu: T0 : 0x401612 @fib+53    : add	ebx                   
55901000: system.cpu: T0 : 0x401614 @fib+55    : add	rsp, 0x18             
55901000: system.cpu: T0 : 0x401618 @fib+59    : pop	rbx                   
55901000: system.cpu: T0 : 0x401619 @fib+60    : pop	rbp                   
55902000: system.cpu: T0 : 0x40161a @fib+61    : ret	                      
55903000: system.cpu: T0 : 0x401603 @fib+38    : mov	eax                   
55903000: system.cpu: T0 : 0x401605 @fib+40    : mov	eax, SS:[rbp + 0xffffffffffffffec]
55903000: system.cpu: T0 : 0x401608 @fib+43    : sub	eax, 0x2              
55903000: system.cpu: T0 : 0x40160b @fib+46    : mov	eax                   
55903000: system.cpu: T0 : 0x40160d @fib+48    : call	0xffffffffffffffcb   
55906000: system.cpu: T0 : 0x4015dd @fib    : push	rbp                  
55906000: system.cpu: T0 : 0x4015de @fib+1    : mov	rsp                   
55906000: system.cpu: T0 : 0x4015e1 @fib+4    : push	rbx                  
55906000: system.cpu: T0 : 0x4015e2 @fib+5    : sub	rsp, 0x18             
55906000: system.cpu: T0 : 0x4015e6 @fib+9    : mov	SS:[rbp + 0xffffffffffffffec], edi
55907000: system.cpu: T0 : 0x4015e9 @fib+12    : cmp	SS:[rbp + 0xffffffffffffffec], 0x2
55907000: system.cpu: T0 : 0x4015ed @fib+16    : jnle	0x7                  
55907000: system.cpu: T0 : 0x4015ef @fib+18    : mov	eax, 0x1              
55907000: system.cpu: T0 : 0x4015f4 @fib+23    : jmp	0x1e                  
55910000: system.cpu: T0 : 0x401614 @fib+55    : add	rsp, 0x18             
55910000: system.cpu: T0 : 0x401618 @fib+59    : pop	rbx                   
55910000: system.cpu: T0 : 0x401619 @fib+60    : pop	rbp                   
55911000: system.cpu: T0 : 0x40161a @fib+61    : ret	                      
55912000: system.cpu: T0 : 0x401612 @fib+53    : add	ebx                   
55912000: system.cpu: T0 : 0x401614 @fib+55    : add	rsp, 0x18             
55912000: system.cpu: T0 : 0x401618 @fib+59    : pop	rbx                   
55912000: system.cpu: T0 : 0x401619 @fib+60    : pop	rbp                   
55913000: system.cpu: T0 : 0x40161a @fib+61    : ret	                      
55914000: system.cpu: T0 : 0x401612 @fib+53    : add	ebx                   
55914000: system.cpu: T0 : 0x401614 @fib+55    : add	rsp, 0x18             
55914000: system.cpu: T0 : 0x401618 @fib+59    : pop	rbx                   
55914000: system.cpu: T0 : 0x401619 @fib+60    : pop	rbp                   
55915000: system.cpu: T0 : 0x40161a @fib+61    : ret	                      
55916000: system.cpu: T0 : 0x401612 @fib+53    : add	ebx                   
55916000: system.cpu: T0 : 0x401614 @fib+55    : add	rsp, 0x18             
55916000: system.cpu: T0 : 0x401618 @fib+59    : pop	rbx                   
55916000: system.cpu: T0 : 0x401619 @fib+60    : pop	rbp                   
55917000: system.cpu: T0 : 0x40161a @fib+61    : ret	                      
55918000: system.cpu: T0 : 0x401603 @fib+38    : mov	eax                   
55918000: system.cpu: T0 : 0x401605 @fib+40    : mov	eax, SS:[rbp + 0xffffffffffffffec]
55918000: system.cpu: T0 : 0x401608 @fib+43    : sub	eax, 0x2              
55918000: system.cpu: T0 : 0x40160b @fib+46    : mov	eax                   
55918000: system.cpu: T0 : 0x40160d @fib+48    : call	0xffffffffffffffcb   
55921000: system.cpu: T0 : 0x4015dd @fib    : push	rbp                  
55921000: system.cpu: T0 : 0x4015de @fib+1    : mov	rsp                   
55921000: system.cpu: T0 : 0x4015e1 @fib+4    : push	rbx                  
55921000: system.cpu: T0 : 0x4015e2 @fib+5    : sub	rsp, 0x18             
55921000: system.cpu: T0 : 0x4015e6 @fib+9    : mov	SS:[rbp + 0xffffffffffffffec], edi
55922000: system.cpu: T0 : 0x4015e9 @fib+12    : cmp	SS:[rbp + 0xffffffffffffffec], 0x2
55922000: system.cpu: T0 : 0x4015ed @fib+16    : jnle	0x7                  
55949000: system.cpu: T0 : 0x4015f6 @fib+25    : mov	eax, SS:[rbp + 0xffffffffffffffec]
55949000: system.cpu: T0 : 0x4015f9 @fib+28    : sub	eax, 0x1              
55949000: system.cpu: T0 : 0x4015fc @fib+31    : mov	eax                   
55951000: system.cpu: T0 : 0x4015fe @fib+33    : call	0xffffffffffffffda   
55953000: system.cpu: T0 : 0x4015dd @fib    : push	rbp                  
55953000: system.cpu: T0 : 0x4015de @fib+1    : mov	rsp                   
55953000: system.cpu: T0 : 0x4015e1 @fib+4    : push	rbx                  
55953000: system.cpu: T0 : 0x4015e2 @fib+5    : sub	rsp, 0x18             
55953000: system.cpu: T0 : 0x4015e6 @fib+9    : mov	SS:[rbp + 0xffffffffffffffec], edi
55954000: system.cpu: T0 : 0x4015e9 @fib+12    : cmp	SS:[rbp + 0xffffffffffffffec], 0x2
55954000: system.cpu: T0 : 0x4015ed @fib+16    : jnle	0x7                  
55977000: system.cpu: T0 : 0x4015f6 @fib+25    : mov	eax, SS:[rbp + 0xffffffffffffffec]
55977000: system.cpu: T0 : 0x4015f9 @fib+28    : sub	eax, 0x1              
55977000: system.cpu: T0 : 0x4015fc @fib+31    : mov	eax                   
55979000: system.cpu: T0 : 0x4015fe @fib+33    : call	0xffffffffffffffda   
55981000: system.cpu: T0 : 0x4015dd @fib    : push	rbp                  
55981000: system.cpu: T0 : 0x4015de @fib+1    : mov	rsp                   
55981000: system.cpu: T0 : 0x4015e1 @fib+4    : push	rbx                  
55981000: system.cpu: T0 : 0x4015e2 @fib+5    : sub	rsp, 0x18             
55981000: system.cpu: T0 : 0x4015e6 @fib+9    : mov	SS:[rbp + 0xffffffffffffffec], edi
55982000: system.cpu: T0 : 0x4015e9 @fib+12    : cmp	SS:[rbp + 0xffffffffffffffec], 0x2
55982000: system.cpu: T0 : 0x4015ed @fib+16    : jnle	0x7                  
56001000: system.cpu: T0 : 0x4015f6 @fib+25    : mov	eax, SS:[rbp + 0xffffffffffffffec]
56001000: system.cpu: T0 : 0x4015f9 @fib+28    : sub	eax, 0x1              
56001000: system.cpu: T0 : 0x4015fc @fib+31    : mov	eax                   
56003000: system.cpu: T0 : 0x4015fe @fib+33    : call	0xffffffffffffffda   
56005000: system.cpu: T0 : 0x4015dd @fib    : push	rbp                  
56005000: system.cpu: T0 : 0x4015de @fib+1    : mov	rsp                   
56005000: system.cpu: T0 : 0x4015e1 @fib+4    : push	rbx                  
56005000: system.cpu: T0 : 0x4015e2 @fib+5    : sub	rsp, 0x18             
56005000: system.cpu: T0 : 0x4015e6 @fib+9    : mov	SS:[rbp + 0xffffffffffffffec], edi
56006000: system.cpu: T0 : 0x4015e9 @fib+12    : cmp	SS:[rbp + 0xffffffffffffffec], 0x2
56006000: system.cpu: T0 : 0x4015ed @fib+16    : jnle	0x7                  
56024000: system.cpu: T0 : 0x4015f6 @fib+25    : mov	eax, SS:[rbp + 0xffffffffffffffec]
56024000: system.cpu: T0 : 0x4015f9 @fib+28    : sub	eax, 0x1              
56024000: system.cpu: T0 : 0x4015fc @fib+31    : mov	eax                   
56026000: system.cpu: T0 : 0x4015fe @fib+33    : call	0xffffffffffffffda   
56028000: system.cpu: T0 : 0x4015dd @fib    : push	rbp                  
56028000: system.cpu: T0 : 0x4015de @fib+1    : mov	rsp                   
56028000: system.cpu: T0 : 0x4015e1 @fib+4    : push	rbx                  
56028000: system.cpu: T0 : 0x4015e2 @fib+5    : sub	rsp, 0x18             
56028000: system.cpu: T0 : 0x4015e6 @fib+9    : mov	SS:[rbp + 0xffffffffffffffec], edi
56029000: system.cpu: T0 : 0x4015e9 @fib+12    : cmp	SS:[rbp + 0xffffffffffffffec], 0x2
56029000: system.cpu: T0 : 0x4015ed @fib+16    : jnle	0x7                  
56047000: system.cpu: T0 : 0x4015f6 @fib+25    : mov	eax, SS:[rbp + 0xffffffffffffffec]
56047000: system.cpu: T0 : 0x4015f9 @fib+28    : sub	eax, 0x1              
56047000: system.cpu: T0 : 0x4015fc @fib+31    : mov	eax                   
56049000: system.cpu: T0 : 0x4015fe @fib+33    : call	0xffffffffffffffda   
56051000: system.cpu: T0 : 0x4015dd @fib    : push	rbp                  
56051000: system.cpu: T0 : 0x4015de @fib+1    : mov	rsp                   
56051000: system.cpu: T0 : 0x4015e1 @fib+4    : push	rbx                  
56051000: system.cpu: T0 : 0x4015e2 @fib+5    : sub	rsp, 0x18             
56051000: system.cpu: T0 : 0x4015e6 @fib+9    : mov	SS:[rbp + 0xffffffffffffffec], edi
56052000: system.cpu: T0 : 0x4015e9 @fib+12    : cmp	SS:[rbp + 0xffffffffffffffec], 0x2
56052000: system.cpu: T0 : 0x4015ed @fib+16    : jnle	0x7                  
56052000: system.cpu: T0 : 0x4015ef @fib+18    : mov	eax, 0x1              
56052000: system.cpu: T0 : 0x4015f4 @fib+23    : jmp	0x1e                  
56055000: system.cpu: T0 : 0x401614 @fib+55    : add	rsp, 0x18             
56055000: system.cpu: T0 : 0x401618 @fib+59    : pop	rbx                   
56055000: system.cpu: T0 : 0x401619 @fib+60    : pop	rbp                   
56056000: system.cpu: T0 : 0x40161a @fib+61    : ret	                      
56057000: system.cpu: T0 : 0x401603 @fib+38    : mov	eax                   
56057000: system.cpu: T0 : 0x401605 @fib+40    : mov	eax, SS:[rbp + 0xffffffffffffffec]
56057000: system.cpu: T0 : 0x401608 @fib+43    : sub	eax, 0x2              
56057000: system.cpu: T0 : 0x40160b @fib+46    : mov	eax                   
56057000: system.cpu: T0 : 0x40160d @fib+48    : call	0xffffffffffffffcb   
56060000: system.cpu: T0 : 0x4015dd @fib    : push	rbp                  
56060000: system.cpu: T0 : 0x4015de @fib+1    : mov	rsp                   
56060000: system.cpu: T0 : 0x4015e1 @fib+4    : push	rbx                  
56060000: system.cpu: T0 : 0x4015e2 @fib+5    : sub	rsp, 0x18             
56060000: system.cpu: T0 : 0x4015e6 @fib+9    : mov	SS:[rbp + 0xffffffffffffffec], edi
56061000: system.cpu: T0 : 0x4015e9 @fib+12    : cmp	SS:[rbp + 0xffffffffffffffec], 0x2
56061000: system.cpu: T0 : 0x4015ed @fib+16    : jnle	0x7                  
56061000: system.cpu: T0 : 0x4015ef @fib+18    : mov	eax, 0x1              
56061000: system.cpu: T0 : 0x4015f4 @fib+23    : jmp	0x1e                  
56064000: system.cpu: T0 : 0x401614 @fib+55    : add	rsp, 0x18             
56064000: system.cpu: T0 : 0x401618 @fib+59    : pop	rbx                   
56064000: system.cpu: T0 : 0x401619 @fib+60    : pop	rbp                   
56065000: system.cpu: T0 : 0x40161a @fib+61    : ret	                      
56066000: system.cpu: T0 : 0x401612 @fib+53    : add	ebx                   
56066000: system.cpu: T0 : 0x401614 @fib+55    : add	rsp, 0x18             
56066000: system.cpu: T0 : 0x401618 @fib+59    : pop	rbx                   
56066000: system.cpu: T0 : 0x401619 @fib+60    : pop	rbp                   
56067000: system.cpu: T0 : 0x40161a @fib+61    : ret	                      
56068000: system.cpu: T0 : 0x401603 @fib+38    : mov	eax                   
56068000: system.cpu: T0 : 0x401605 @fib+40    : mov	eax, SS:[rbp + 0xffffffffffffffec]
56068000: system.cpu: T0 : 0x401608 @fib+43    : sub	eax, 0x2              
56068000: system.cpu: T0 : 0x40160b @fib+46    : mov	eax                   
56068000: system.cpu: T0 : 0x40160d @fib+48    : call	0xffffffffffffffcb   
56071000: system.cpu: T0 : 0x4015dd @fib    : push	rbp                  
56071000: system.cpu: T0 : 0x4015de @fib+1    : mov	rsp                   
56071000: system.cpu: T0 : 0x4015e1 @fib+4    : push	rbx                  
56071000: system.cpu: T0 : 0x4015e2 @fib+5    : sub	rsp, 0x18             
56071000: system.cpu: T0 : 0x4015e6 @fib+9    : mov	SS:[rbp + 0xffffffffffffffec], edi
56072000: system.cpu: T0 : 0x4015e9 @fib+12    : cmp	SS:[rbp + 0xffffffffffffffec], 0x2
56072000: system.cpu: T0 : 0x4015ed @fib+16    : jnle	0x7                  
56072000: system.cpu: T0 : 0x4015ef @fib+18    : mov	eax, 0x1              
56072000: system.cpu: T0 : 0x4015f4 @fib+23    : jmp	0x1e                  
56075000: system.cpu: T0 : 0x401614 @fib+55    : add	rsp, 0x18             
56075000: system.cpu: T0 : 0x401618 @fib+59    : pop	rbx                   
56075000: system.cpu: T0 : 0x401619 @fib+60    : pop	rbp                   
56076000: system.cpu: T0 : 0x40161a @fib+61    : ret	                      
56077000: system.cpu: T0 : 0x401612 @fib+53    : add	ebx                   
56077000: system.cpu: T0 : 0x401614 @fib+55    : add	rsp, 0x18             
56077000: system.cpu: T0 : 0x401618 @fib+59    : pop	rbx                   
56077000: system.cpu: T0 : 0x401619 @fib+60    : pop	rbp                   
56078000: system.cpu: T0 : 0x40161a @fib+61    : ret	                      
56079000: system.cpu: T0 : 0x401603 @fib+38    : mov	eax                   
56079000: system.cpu: T0 : 0x401605 @fib+40    : mov	eax, SS:[rbp + 0xffffffffffffffec]
56079000: system.cpu: T0 : 0x401608 @fib+43    : sub	eax, 0x2              
56079000: system.cpu: T0 : 0x40160b @fib+46    : mov	eax                   
56079000: system.cpu: T0 : 0x40160d @fib+48    : call	0xffffffffffffffcb   
56082000: system.cpu: T0 : 0x4015dd @fib    : push	rbp                  
56082000: system.cpu: T0 : 0x4015de @fib+1    : mov	rsp                   
56082000: system.cpu: T0 : 0x4015e1 @fib+4    : push	rbx                  
56082000: system.cpu: T0 : 0x4015e2 @fib+5    : sub	rsp, 0x18             
56082000: system.cpu: T0 : 0x4015e6 @fib+9    : mov	SS:[rbp + 0xffffffffffffffec], edi
56083000: system.cpu: T0 : 0x4015e9 @fib+12    : cmp	SS:[rbp + 0xffffffffffffffec], 0x2
56083000: system.cpu: T0 : 0x4015ed @fib+16    : jnle	0x7                  
56100000: system.cpu: T0 : 0x4015f6 @fib+25    : mov	eax, SS:[rbp + 0xffffffffffffffec]
56100000: system.cpu: T0 : 0x4015f9 @fib+28    : sub	eax, 0x1              
56100000: system.cpu: T0 : 0x4015fc @fib+31    : mov	eax                   
56102000: system.cpu: T0 : 0x4015fe @fib+33    : call	0xffffffffffffffda   
56104000: system.cpu: T0 : 0x4015dd @fib    : push	rbp                  
56104000: system.cpu: T0 : 0x4015de @fib+1    : mov	rsp                   
56104000: system.cpu: T0 : 0x4015e1 @fib+4    : push	rbx                  
56104000: system.cpu: T0 : 0x4015e2 @fib+5    : sub	rsp, 0x18             
56104000: system.cpu: T0 : 0x4015e6 @fib+9    : mov	SS:[rbp + 0xffffffffffffffec], edi
56105000: system.cpu: T0 : 0x4015e9 @fib+12    : cmp	SS:[rbp + 0xffffffffffffffec], 0x2
56105000: system.cpu: T0 : 0x4015ed @fib+16    : jnle	0x7                  
56105000: system.cpu: T0 : 0x4015ef @fib+18    : mov	eax, 0x1              
56105000: system.cpu: T0 : 0x4015f4 @fib+23    : jmp	0x1e                  
56108000: system.cpu: T0 : 0x401614 @fib+55    : add	rsp, 0x18             
56108000: system.cpu: T0 : 0x401618 @fib+59    : pop	rbx                   
56108000: system.cpu: T0 : 0x401619 @fib+60    : pop	rbp                   
56109000: system.cpu: T0 : 0x40161a @fib+61    : ret	                      
56110000: system.cpu: T0 : 0x401603 @fib+38    : mov	eax                   
56110000: system.cpu: T0 : 0x401605 @fib+40    : mov	eax, SS:[rbp + 0xffffffffffffffec]
56110000: system.cpu: T0 : 0x401608 @fib+43    : sub	eax, 0x2              
56110000: system.cpu: T0 : 0x40160b @fib+46    : mov	eax                   
56110000: system.cpu: T0 : 0x40160d @fib+48    : call	0xffffffffffffffcb   
56113000: system.cpu: T0 : 0x4015dd @fib    : push	rbp                  
56113000: system.cpu: T0 : 0x4015de @fib+1    : mov	rsp                   
56113000: system.cpu: T0 : 0x4015e1 @fib+4    : push	rbx                  
56113000: system.cpu: T0 : 0x4015e2 @fib+5    : sub	rsp, 0x18             
56113000: system.cpu: T0 : 0x4015e6 @fib+9    : mov	SS:[rbp + 0xffffffffffffffec], edi
56114000: system.cpu: T0 : 0x4015e9 @fib+12    : cmp	SS:[rbp + 0xffffffffffffffec], 0x2
56114000: system.cpu: T0 : 0x4015ed @fib+16    : jnle	0x7                  
56114000: system.cpu: T0 : 0x4015ef @fib+18    : mov	eax, 0x1              
56114000: system.cpu: T0 : 0x4015f4 @fib+23    : jmp	0x1e                  
56117000: system.cpu: T0 : 0x401614 @fib+55    : add	rsp, 0x18             
56117000: system.cpu: T0 : 0x401618 @fib+59    : pop	rbx                   
56117000: system.cpu: T0 : 0x401619 @fib+60    : pop	rbp                   
56118000: system.cpu: T0 : 0x40161a @fib+61    : ret	                      
56119000: system.cpu: T0 : 0x401612 @fib+53    : add	ebx                   
56119000: system.cpu: T0 : 0x401614 @fib+55    : add	rsp, 0x18             
56119000: system.cpu: T0 : 0x401618 @fib+59    : pop	rbx                   
56119000: system.cpu: T0 : 0x401619 @fib+60    : pop	rbp                   
56120000: system.cpu: T0 : 0x40161a @fib+61    : ret	                      
56121000: system.cpu: T0 : 0x401612 @fib+53    : add	ebx                   
56121000: system.cpu: T0 : 0x401614 @fib+55    : add	rsp, 0x18             
56121000: system.cpu: T0 : 0x401618 @fib+59    : pop	rbx                   
56121000: system.cpu: T0 : 0x401619 @fib+60    : pop	rbp                   
56122000: system.cpu: T0 : 0x40161a @fib+61    : ret	                      
56123000: system.cpu: T0 : 0x401603 @fib+38    : mov	eax                   
56123000: system.cpu: T0 : 0x401605 @fib+40    : mov	eax, SS:[rbp + 0xffffffffffffffec]
56123000: system.cpu: T0 : 0x401608 @fib+43    : sub	eax, 0x2              
56123000: system.cpu: T0 : 0x40160b @fib+46    : mov	eax                   
56123000: system.cpu: T0 : 0x40160d @fib+48    : call	0xffffffffffffffcb   
56126000: system.cpu: T0 : 0x4015dd @fib    : push	rbp                  
56126000: system.cpu: T0 : 0x4015de @fib+1    : mov	rsp                   
56126000: system.cpu: T0 : 0x4015e1 @fib+4    : push	rbx                  
56126000: system.cpu: T0 : 0x4015e2 @fib+5    : sub	rsp, 0x18             
56126000: system.cpu: T0 : 0x4015e6 @fib+9    : mov	SS:[rbp + 0xffffffffffffffec], edi
56127000: system.cpu: T0 : 0x4015e9 @fib+12    : cmp	SS:[rbp + 0xffffffffffffffec], 0x2
56127000: system.cpu: T0 : 0x4015ed @fib+16    : jnle	0x7                  
56152000: system.cpu: T0 : 0x4015f6 @fib+25    : mov	eax, SS:[rbp + 0xffffffffffffffec]
56152000: system.cpu: T0 : 0x4015f9 @fib+28    : sub	eax, 0x1              
56152000: system.cpu: T0 : 0x4015fc @fib+31    : mov	eax                   
56154000: system.cpu: T0 : 0x4015fe @fib+33    : call	0xffffffffffffffda   
56156000: system.cpu: T0 : 0x4015dd @fib    : push	rbp                  
56156000: system.cpu: T0 : 0x4015de @fib+1    : mov	rsp                   
56156000: system.cpu: T0 : 0x4015e1 @fib+4    : push	rbx                  
56156000: system.cpu: T0 : 0x4015e2 @fib+5    : sub	rsp, 0x18             
56156000: system.cpu: T0 : 0x4015e6 @fib+9    : mov	SS:[rbp + 0xffffffffffffffec], edi
56157000: system.cpu: T0 : 0x4015e9 @fib+12    : cmp	SS:[rbp + 0xffffffffffffffec], 0x2
56157000: system.cpu: T0 : 0x4015ed @fib+16    : jnle	0x7                  
56158000: system.cpu: T0 : 0x4015f6 @fib+25    : mov	eax, SS:[rbp + 0xffffffffffffffec]
56158000: system.cpu: T0 : 0x4015f9 @fib+28    : sub	eax, 0x1              
56158000: system.cpu: T0 : 0x4015fc @fib+31    : mov	eax                   
56160000: system.cpu: T0 : 0x4015fe @fib+33    : call	0xffffffffffffffda   
56162000: system.cpu: T0 : 0x4015dd @fib    : push	rbp                  
56162000: system.cpu: T0 : 0x4015de @fib+1    : mov	rsp                   
56162000: system.cpu: T0 : 0x4015e1 @fib+4    : push	rbx                  
56163000: system.cpu: T0 : 0x4015e2 @fib+5    : sub	rsp, 0x18             
56163000: system.cpu: T0 : 0x4015e6 @fib+9    : mov	SS:[rbp + 0xffffffffffffffec], edi
56163000: system.cpu: T0 : 0x4015e9 @fib+12    : cmp	SS:[rbp + 0xffffffffffffffec], 0x2
56163000: system.cpu: T0 : 0x4015ed @fib+16    : jnle	0x7                  
56164000: system.cpu: T0 : 0x4015ef @fib+18    : mov	eax, 0x1              
56164000: system.cpu: T0 : 0x4015f4 @fib+23    : jmp	0x1e                  
56166000: system.cpu: T0 : 0x401614 @fib+55    : add	rsp, 0x18             
56166000: system.cpu: T0 : 0x401618 @fib+59    : pop	rbx                   
56166000: system.cpu: T0 : 0x401619 @fib+60    : pop	rbp                   
56167000: system.cpu: T0 : 0x40161a @fib+61    : ret	                      
56168000: system.cpu: T0 : 0x401603 @fib+38    : mov	eax                   
56168000: system.cpu: T0 : 0x401605 @fib+40    : mov	eax, SS:[rbp + 0xffffffffffffffec]
56168000: system.cpu: T0 : 0x401608 @fib+43    : sub	eax, 0x2              
56168000: system.cpu: T0 : 0x40160b @fib+46    : mov	eax                   
56168000: system.cpu: T0 : 0x40160d @fib+48    : call	0xffffffffffffffcb   
56171000: system.cpu: T0 : 0x4015dd @fib    : push	rbp                  
56171000: system.cpu: T0 : 0x4015de @fib+1    : mov	rsp                   
56171000: system.cpu: T0 : 0x4015e1 @fib+4    : push	rbx                  
56171000: system.cpu: T0 : 0x4015e2 @fib+5    : sub	rsp, 0x18             
56171000: system.cpu: T0 : 0x4015e6 @fib+9    : mov	SS:[rbp + 0xffffffffffffffec], edi
56172000: system.cpu: T0 : 0x4015e9 @fib+12    : cmp	SS:[rbp + 0xffffffffffffffec], 0x2
56172000: system.cpu: T0 : 0x4015ed @fib+16    : jnle	0x7                  
56172000: system.cpu: T0 : 0x4015ef @fib+18    : mov	eax, 0x1              
56172000: system.cpu: T0 : 0x4015f4 @fib+23    : jmp	0x1e                  
56175000: system.cpu: T0 : 0x401614 @fib+55    : add	rsp, 0x18             
56175000: system.cpu: T0 : 0x401618 @fib+59    : pop	rbx                   
56175000: system.cpu: T0 : 0x401619 @fib+60    : pop	rbp                   
56176000: system.cpu: T0 : 0x40161a @fib+61    : ret	                      
56177000: system.cpu: T0 : 0x401612 @fib+53    : add	ebx                   
56177000: system.cpu: T0 : 0x401614 @fib+55    : add	rsp, 0x18             
56177000: system.cpu: T0 : 0x401618 @fib+59    : pop	rbx                   
56177000: system.cpu: T0 : 0x401619 @fib+60    : pop	rbp                   
56178000: system.cpu: T0 : 0x40161a @fib+61    : ret	                      
56179000: system.cpu: T0 : 0x401603 @fib+38    : mov	eax                   
56179000: system.cpu: T0 : 0x401605 @fib+40    : mov	eax, SS:[rbp + 0xffffffffffffffec]
56179000: system.cpu: T0 : 0x401608 @fib+43    : sub	eax, 0x2              
56179000: system.cpu: T0 : 0x40160b @fib+46    : mov	eax                   
56179000: system.cpu: T0 : 0x40160d @fib+48    : call	0xffffffffffffffcb   
56182000: system.cpu: T0 : 0x4015dd @fib    : push	rbp                  
56182000: system.cpu: T0 : 0x4015de @fib+1    : mov	rsp                   
56182000: system.cpu: T0 : 0x4015e1 @fib+4    : push	rbx                  
56182000: system.cpu: T0 : 0x4015e2 @fib+5    : sub	rsp, 0x18             
56182000: system.cpu: T0 : 0x4015e6 @fib+9    : mov	SS:[rbp + 0xffffffffffffffec], edi
56183000: system.cpu: T0 : 0x4015e9 @fib+12    : cmp	SS:[rbp + 0xffffffffffffffec], 0x2
56183000: system.cpu: T0 : 0x4015ed @fib+16    : jnle	0x7                  
56183000: system.cpu: T0 : 0x4015ef @fib+18    : mov	eax, 0x1              
56183000: system.cpu: T0 : 0x4015f4 @fib+23    : jmp	0x1e                  
56186000: system.cpu: T0 : 0x401614 @fib+55    : add	rsp, 0x18             
56186000: system.cpu: T0 : 0x401618 @fib+59    : pop	rbx                   
56186000: system.cpu: T0 : 0x401619 @fib+60    : pop	rbp                   
56187000: system.cpu: T0 : 0x40161a @fib+61    : ret	                      
56188000: system.cpu: T0 : 0x401612 @fib+53    : add	ebx                   
56188000: system.cpu: T0 : 0x401614 @fib+55    : add	rsp, 0x18             
56188000: system.cpu: T0 : 0x401618 @fib+59    : pop	rbx                   
56188000: system.cpu: T0 : 0x401619 @fib+60    : pop	rbp                   
56189000: system.cpu: T0 : 0x40161a @fib+61    : ret	                      
56190000: system.cpu: T0 : 0x401612 @fib+53    : add	ebx                   
56190000: system.cpu: T0 : 0x401614 @fib+55    : add	rsp, 0x18             
56190000: system.cpu: T0 : 0x401618 @fib+59    : pop	rbx                   
56190000: system.cpu: T0 : 0x401619 @fib+60    : pop	rbp                   
56191000: system.cpu: T0 : 0x40161a @fib+61    : ret	                      
56192000: system.cpu: T0 : 0x401603 @fib+38    : mov	eax                   
56192000: system.cpu: T0 : 0x401605 @fib+40    : mov	eax, SS:[rbp + 0xffffffffffffffec]
56192000: system.cpu: T0 : 0x401608 @fib+43    : sub	eax, 0x2              
56192000: system.cpu: T0 : 0x40160b @fib+46    : mov	eax                   
56192000: system.cpu: T0 : 0x40160d @fib+48    : call	0xffffffffffffffcb   
56195000: system.cpu: T0 : 0x4015dd @fib    : push	rbp                  
56195000: system.cpu: T0 : 0x4015de @fib+1    : mov	rsp                   
56195000: system.cpu: T0 : 0x4015e1 @fib+4    : push	rbx                  
56195000: system.cpu: T0 : 0x4015e2 @fib+5    : sub	rsp, 0x18             
56195000: system.cpu: T0 : 0x4015e6 @fib+9    : mov	SS:[rbp + 0xffffffffffffffec], edi
56196000: system.cpu: T0 : 0x4015e9 @fib+12    : cmp	SS:[rbp + 0xffffffffffffffec], 0x2
56196000: system.cpu: T0 : 0x4015ed @fib+16    : jnle	0x7                  
56197000: system.cpu: T0 : 0x4015f6 @fib+25    : mov	eax, SS:[rbp + 0xffffffffffffffec]
56197000: system.cpu: T0 : 0x4015f9 @fib+28    : sub	eax, 0x1              
56197000: system.cpu: T0 : 0x4015fc @fib+31    : mov	eax                   
56199000: system.cpu: T0 : 0x4015fe @fib+33    : call	0xffffffffffffffda   
56201000: system.cpu: T0 : 0x4015dd @fib    : push	rbp                  
56201000: system.cpu: T0 : 0x4015de @fib+1    : mov	rsp                   
56201000: system.cpu: T0 : 0x4015e1 @fib+4    : push	rbx                  
56201000: system.cpu: T0 : 0x4015e2 @fib+5    : sub	rsp, 0x18             
56201000: system.cpu: T0 : 0x4015e6 @fib+9    : mov	SS:[rbp + 0xffffffffffffffec], edi
56202000: system.cpu: T0 : 0x4015e9 @fib+12    : cmp	SS:[rbp + 0xffffffffffffffec], 0x2
56202000: system.cpu: T0 : 0x4015ed @fib+16    : jnle	0x7                  
56203000: system.cpu: T0 : 0x4015f6 @fib+25    : mov	eax, SS:[rbp + 0xffffffffffffffec]
56203000: system.cpu: T0 : 0x4015f9 @fib+28    : sub	eax, 0x1              
56203000: system.cpu: T0 : 0x4015fc @fib+31    : mov	eax                   
56205000: system.cpu: T0 : 0x4015fe @fib+33    : call	0xffffffffffffffda   
56207000: system.cpu: T0 : 0x4015dd @fib    : push	rbp                  
56207000: system.cpu: T0 : 0x4015de @fib+1    : mov	rsp                   
56207000: system.cpu: T0 : 0x4015e1 @fib+4    : push	rbx                  
56207000: system.cpu: T0 : 0x4015e2 @fib+5    : sub	rsp, 0x18             
56207000: system.cpu: T0 : 0x4015e6 @fib+9    : mov	SS:[rbp + 0xffffffffffffffec], edi
56208000: system.cpu: T0 : 0x4015e9 @fib+12    : cmp	SS:[rbp + 0xffffffffffffffec], 0x2
56208000: system.cpu: T0 : 0x4015ed @fib+16    : jnle	0x7                  
56209000: system.cpu: T0 : 0x4015f6 @fib+25    : mov	eax, SS:[rbp + 0xffffffffffffffec]
56209000: system.cpu: T0 : 0x4015f9 @fib+28    : sub	eax, 0x1              
56209000: system.cpu: T0 : 0x4015fc @fib+31    : mov	eax                   
56211000: system.cpu: T0 : 0x4015fe @fib+33    : call	0xffffffffffffffda   
56213000: system.cpu: T0 : 0x4015dd @fib    : push	rbp                  
56213000: system.cpu: T0 : 0x4015de @fib+1    : mov	rsp                   
56213000: system.cpu: T0 : 0x4015e1 @fib+4    : push	rbx                  
56213000: system.cpu: T0 : 0x4015e2 @fib+5    : sub	rsp, 0x18             
56213000: system.cpu: T0 : 0x4015e6 @fib+9    : mov	SS:[rbp + 0xffffffffffffffec], edi
56214000: system.cpu: T0 : 0x4015e9 @fib+12    : cmp	SS:[rbp + 0xffffffffffffffec], 0x2
56214000: system.cpu: T0 : 0x4015ed @fib+16    : jnle	0x7                  
56214000: system.cpu: T0 : 0x4015ef @fib+18    : mov	eax, 0x1              
56214000: system.cpu: T0 : 0x4015f4 @fib+23    : jmp	0x1e                  
56217000: system.cpu: T0 : 0x401614 @fib+55    : add	rsp, 0x18             
56217000: system.cpu: T0 : 0x401618 @fib+59    : pop	rbx                   
56217000: system.cpu: T0 : 0x401619 @fib+60    : pop	rbp                   
56218000: system.cpu: T0 : 0x40161a @fib+61    : ret	                      
56219000: system.cpu: T0 : 0x401603 @fib+38    : mov	eax                   
56219000: system.cpu: T0 : 0x401605 @fib+40    : mov	eax, SS:[rbp + 0xffffffffffffffec]
56219000: system.cpu: T0 : 0x401608 @fib+43    : sub	eax, 0x2              
56219000: system.cpu: T0 : 0x40160b @fib+46    : mov	eax                   
56219000: system.cpu: T0 : 0x40160d @fib+48    : call	0xffffffffffffffcb   
56222000: system.cpu: T0 : 0x4015dd @fib    : push	rbp                  
56222000: system.cpu: T0 : 0x4015de @fib+1    : mov	rsp                   
56222000: system.cpu: T0 : 0x4015e1 @fib+4    : push	rbx                  
56222000: system.cpu: T0 : 0x4015e2 @fib+5    : sub	rsp, 0x18             
56222000: system.cpu: T0 : 0x4015e6 @fib+9    : mov	SS:[rbp + 0xffffffffffffffec], edi
56223000: system.cpu: T0 : 0x4015e9 @fib+12    : cmp	SS:[rbp + 0xffffffffffffffec], 0x2
56223000: system.cpu: T0 : 0x4015ed @fib+16    : jnle	0x7                  
56223000: system.cpu: T0 : 0x4015ef @fib+18    : mov	eax, 0x1              
56223000: system.cpu: T0 : 0x4015f4 @fib+23    : jmp	0x1e                  
56226000: system.cpu: T0 : 0x401614 @fib+55    : add	rsp, 0x18             
56226000: system.cpu: T0 : 0x401618 @fib+59    : pop	rbx                   
56226000: system.cpu: T0 : 0x401619 @fib+60    : pop	rbp                   
56227000: system.cpu: T0 : 0x40161a @fib+61    : ret	                      
56228000: system.cpu: T0 : 0x401612 @fib+53    : add	ebx                   
56228000: system.cpu: T0 : 0x401614 @fib+55    : add	rsp, 0x18             
56228000: system.cpu: T0 : 0x401618 @fib+59    : pop	rbx                   
56228000: system.cpu: T0 : 0x401619 @fib+60    : pop	rbp                   
56229000: system.cpu: T0 : 0x40161a @fib+61    : ret	                      
56230000: system.cpu: T0 : 0x401603 @fib+38    : mov	eax                   
56230000: system.cpu: T0 : 0x401605 @fib+40    : mov	eax, SS:[rbp + 0xffffffffffffffec]
56230000: system.cpu: T0 : 0x401608 @fib+43    : sub	eax, 0x2              
56230000: system.cpu: T0 : 0x40160b @fib+46    : mov	eax                   
56230000: system.cpu: T0 : 0x40160d @fib+48    : call	0xffffffffffffffcb   
56233000: system.cpu: T0 : 0x4015dd @fib    : push	rbp                  
56233000: system.cpu: T0 : 0x4015de @fib+1    : mov	rsp                   
56233000: system.cpu: T0 : 0x4015e1 @fib+4    : push	rbx                  
56233000: system.cpu: T0 : 0x4015e2 @fib+5    : sub	rsp, 0x18             
56233000: system.cpu: T0 : 0x4015e6 @fib+9    : mov	SS:[rbp + 0xffffffffffffffec], edi
56234000: system.cpu: T0 : 0x4015e9 @fib+12    : cmp	SS:[rbp + 0xffffffffffffffec], 0x2
56234000: system.cpu: T0 : 0x4015ed @fib+16    : jnle	0x7                  
56234000: system.cpu: T0 : 0x4015ef @fib+18    : mov	eax, 0x1              
56234000: system.cpu: T0 : 0x4015f4 @fib+23    : jmp	0x1e                  
56237000: system.cpu: T0 : 0x401614 @fib+55    : add	rsp, 0x18             
56237000: system.cpu: T0 : 0x401618 @fib+59    : pop	rbx                   
56237000: system.cpu: T0 : 0x401619 @fib+60    : pop	rbp                   
56238000: system.cpu: T0 : 0x40161a @fib+61    : ret	                      
56239000: system.cpu: T0 : 0x401612 @fib+53    : add	ebx                   
56239000: system.cpu: T0 : 0x401614 @fib+55    : add	rsp, 0x18             
56239000: system.cpu: T0 : 0x401618 @fib+59    : pop	rbx                   
56239000: system.cpu: T0 : 0x401619 @fib+60    : pop	rbp                   
56240000: system.cpu: T0 : 0x40161a @fib+61    : ret	                      
56241000: system.cpu: T0 : 0x401603 @fib+38    : mov	eax                   
56241000: system.cpu: T0 : 0x401605 @fib+40    : mov	eax, SS:[rbp + 0xffffffffffffffec]
56241000: system.cpu: T0 : 0x401608 @fib+43    : sub	eax, 0x2              
56241000: system.cpu: T0 : 0x40160b @fib+46    : mov	eax                   
56241000: system.cpu: T0 : 0x40160d @fib+48    : call	0xffffffffffffffcb   
56244000: system.cpu: T0 : 0x4015dd @fib    : push	rbp                  
56244000: system.cpu: T0 : 0x4015de @fib+1    : mov	rsp                   
56244000: system.cpu: T0 : 0x4015e1 @fib+4    : push	rbx                  
56244000: system.cpu: T0 : 0x4015e2 @fib+5    : sub	rsp, 0x18             
56244000: system.cpu: T0 : 0x4015e6 @fib+9    : mov	SS:[rbp + 0xffffffffffffffec], edi
56245000: system.cpu: T0 : 0x4015e9 @fib+12    : cmp	SS:[rbp + 0xffffffffffffffec], 0x2
56245000: system.cpu: T0 : 0x4015ed @fib+16    : jnle	0x7                  
56246000: system.cpu: T0 : 0x4015f6 @fib+25    : mov	eax, SS:[rbp + 0xffffffffffffffec]
56246000: system.cpu: T0 : 0x4015f9 @fib+28    : sub	eax, 0x1              
56246000: system.cpu: T0 : 0x4015fc @fib+31    : mov	eax                   
56248000: system.cpu: T0 : 0x4015fe @fib+33    : call	0xffffffffffffffda   
56250000: system.cpu: T0 : 0x4015dd @fib    : push	rbp                  
56250000: system.cpu: T0 : 0x4015de @fib+1    : mov	rsp                   
56250000: system.cpu: T0 : 0x4015e1 @fib+4    : push	rbx                  
56250000: system.cpu: T0 : 0x4015e2 @fib+5    : sub	rsp, 0x18             
56250000: system.cpu: T0 : 0x4015e6 @fib+9    : mov	SS:[rbp + 0xffffffffffffffec], edi
56251000: system.cpu: T0 : 0x4015e9 @fib+12    : cmp	SS:[rbp + 0xffffffffffffffec], 0x2
56251000: system.cpu: T0 : 0x4015ed @fib+16    : jnle	0x7                  
56251000: system.cpu: T0 : 0x4015ef @fib+18    : mov	eax, 0x1              
56251000: system.cpu: T0 : 0x4015f4 @fib+23    : jmp	0x1e                  
56254000: system.cpu: T0 : 0x401614 @fib+55    : add	rsp, 0x18             
56254000: system.cpu: T0 : 0x401618 @fib+59    : pop	rbx                   
56254000: system.cpu: T0 : 0x401619 @fib+60    : pop	rbp                   
56255000: system.cpu: T0 : 0x40161a @fib+61    : ret	                      
56256000: system.cpu: T0 : 0x401603 @fib+38    : mov	eax                   
56256000: system.cpu: T0 : 0x401605 @fib+40    : mov	eax, SS:[rbp + 0xffffffffffffffec]
56256000: system.cpu: T0 : 0x401608 @fib+43    : sub	eax, 0x2              
56256000: system.cpu: T0 : 0x40160b @fib+46    : mov	eax                   
56256000: system.cpu: T0 : 0x40160d @fib+48    : call	0xffffffffffffffcb   
56259000: system.cpu: T0 : 0x4015dd @fib    : push	rbp                  
56259000: system.cpu: T0 : 0x4015de @fib+1    : mov	rsp                   
56259000: system.cpu: T0 : 0x4015e1 @fib+4    : push	rbx                  
56259000: system.cpu: T0 : 0x4015e2 @fib+5    : sub	rsp, 0x18             
56259000: system.cpu: T0 : 0x4015e6 @fib+9    : mov	SS:[rbp + 0xffffffffffffffec], edi
56260000: system.cpu: T0 : 0x4015e9 @fib+12    : cmp	SS:[rbp + 0xffffffffffffffec], 0x2
56260000: system.cpu: T0 : 0x4015ed @fib+16    : jnle	0x7                  
56260000: system.cpu: T0 : 0x4015ef @fib+18    : mov	eax, 0x1              
56260000: system.cpu: T0 : 0x4015f4 @fib+23    : jmp	0x1e                  
56263000: system.cpu: T0 : 0x401614 @fib+55    : add	rsp, 0x18             
56263000: system.cpu: T0 : 0x401618 @fib+59    : pop	rbx                   
56263000: system.cpu: T0 : 0x401619 @fib+60    : pop	rbp                   
56264000: system.cpu: T0 : 0x40161a @fib+61    : ret	                      
56265000: system.cpu: T0 : 0x401612 @fib+53    : add	ebx                   
56265000: system.cpu: T0 : 0x401614 @fib+55    : add	rsp, 0x18             
56265000: system.cpu: T0 : 0x401618 @fib+59    : pop	rbx                   
56265000: system.cpu: T0 : 0x401619 @fib+60    : pop	rbp                   
56266000: system.cpu: T0 : 0x40161a @fib+61    : ret	                      
56267000: system.cpu: T0 : 0x401612 @fib+53    : add	ebx                   
56267000: system.cpu: T0 : 0x401614 @fib+55    : add	rsp, 0x18             
56267000: system.cpu: T0 : 0x401618 @fib+59    : pop	rbx                   
56267000: system.cpu: T0 : 0x401619 @fib+60    : pop	rbp                   
56268000: system.cpu: T0 : 0x40161a @fib+61    : ret	                      
56269000: system.cpu: T0 : 0x401612 @fib+53    : add	ebx                   
56269000: system.cpu: T0 : 0x401614 @fib+55    : add	rsp, 0x18             
56269000: system.cpu: T0 : 0x401618 @fib+59    : pop	rbx                   
56269000: system.cpu: T0 : 0x401619 @fib+60    : pop	rbp                   
56270000: system.cpu: T0 : 0x40161a @fib+61    : ret	                      
56271000: system.cpu: T0 : 0x401612 @fib+53    : add	ebx                   
56271000: system.cpu: T0 : 0x401614 @fib+55    : add	rsp, 0x18             
56271000: system.cpu: T0 : 0x401618 @fib+59    : pop	rbx                   
56271000: system.cpu: T0 : 0x401619 @fib+60    : pop	rbp                   
56272000: system.cpu: T0 : 0x40161a @fib+61    : ret	                      
56273000: system.cpu: T0 : 0x401603 @fib+38    : mov	eax                   
56273000: system.cpu: T0 : 0x401605 @fib+40    : mov	eax, SS:[rbp + 0xffffffffffffffec]
56273000: system.cpu: T0 : 0x401608 @fib+43    : sub	eax, 0x2              
56273000: system.cpu: T0 : 0x40160b @fib+46    : mov	eax                   
56273000: system.cpu: T0 : 0x40160d @fib+48    : call	0xffffffffffffffcb   
56276000: system.cpu: T0 : 0x4015dd @fib    : push	rbp                  
56276000: system.cpu: T0 : 0x4015de @fib+1    : mov	rsp                   
56276000: system.cpu: T0 : 0x4015e1 @fib+4    : push	rbx                  
56276000: system.cpu: T0 : 0x4015e2 @fib+5    : sub	rsp, 0x18             
56276000: system.cpu: T0 : 0x4015e6 @fib+9    : mov	SS:[rbp + 0xffffffffffffffec], edi
56277000: system.cpu: T0 : 0x4015e9 @fib+12    : cmp	SS:[rbp + 0xffffffffffffffec], 0x2
56277000: system.cpu: T0 : 0x4015ed @fib+16    : jnle	0x7                  
56305000: system.cpu: T0 : 0x4015f6 @fib+25    : mov	eax, SS:[rbp + 0xffffffffffffffec]
56305000: system.cpu: T0 : 0x4015f9 @fib+28    : sub	eax, 0x1              
56305000: system.cpu: T0 : 0x4015fc @fib+31    : mov	eax                   
56307000: system.cpu: T0 : 0x4015fe @fib+33    : call	0xffffffffffffffda   
56309000: system.cpu: T0 : 0x4015dd @fib    : push	rbp                  
56309000: system.cpu: T0 : 0x4015de @fib+1    : mov	rsp                   
56309000: system.cpu: T0 : 0x4015e1 @fib+4    : push	rbx                  
56309000: system.cpu: T0 : 0x4015e2 @fib+5    : sub	rsp, 0x18             
56309000: system.cpu: T0 : 0x4015e6 @fib+9    : mov	SS:[rbp + 0xffffffffffffffec], edi
56310000: system.cpu: T0 : 0x4015e9 @fib+12    : cmp	SS:[rbp + 0xffffffffffffffec], 0x2
56310000: system.cpu: T0 : 0x4015ed @fib+16    : jnle	0x7                  
56328000: system.cpu: T0 : 0x4015f6 @fib+25    : mov	eax, SS:[rbp + 0xffffffffffffffec]
56328000: system.cpu: T0 : 0x4015f9 @fib+28    : sub	eax, 0x1              
56328000: system.cpu: T0 : 0x4015fc @fib+31    : mov	eax                   
56330000: system.cpu: T0 : 0x4015fe @fib+33    : call	0xffffffffffffffda   
56332000: system.cpu: T0 : 0x4015dd @fib    : push	rbp                  
56332000: system.cpu: T0 : 0x4015de @fib+1    : mov	rsp                   
56332000: system.cpu: T0 : 0x4015e1 @fib+4    : push	rbx                  
56332000: system.cpu: T0 : 0x4015e2 @fib+5    : sub	rsp, 0x18             
56332000: system.cpu: T0 : 0x4015e6 @fib+9    : mov	SS:[rbp + 0xffffffffffffffec], edi
56333000: system.cpu: T0 : 0x4015e9 @fib+12    : cmp	SS:[rbp + 0xffffffffffffffec], 0x2
56333000: system.cpu: T0 : 0x4015ed @fib+16    : jnle	0x7                  
56351000: system.cpu: T0 : 0x4015f6 @fib+25    : mov	eax, SS:[rbp + 0xffffffffffffffec]
56351000: system.cpu: T0 : 0x4015f9 @fib+28    : sub	eax, 0x1              
56351000: system.cpu: T0 : 0x4015fc @fib+31    : mov	eax                   
56353000: system.cpu: T0 : 0x4015fe @fib+33    : call	0xffffffffffffffda   
56355000: system.cpu: T0 : 0x4015dd @fib    : push	rbp                  
56355000: system.cpu: T0 : 0x4015de @fib+1    : mov	rsp                   
56355000: system.cpu: T0 : 0x4015e1 @fib+4    : push	rbx                  
56355000: system.cpu: T0 : 0x4015e2 @fib+5    : sub	rsp, 0x18             
56355000: system.cpu: T0 : 0x4015e6 @fib+9    : mov	SS:[rbp + 0xffffffffffffffec], edi
56356000: system.cpu: T0 : 0x4015e9 @fib+12    : cmp	SS:[rbp + 0xffffffffffffffec], 0x2
56356000: system.cpu: T0 : 0x4015ed @fib+16    : jnle	0x7                  
56374000: system.cpu: T0 : 0x4015f6 @fib+25    : mov	eax, SS:[rbp + 0xffffffffffffffec]
56374000: system.cpu: T0 : 0x4015f9 @fib+28    : sub	eax, 0x1              
56374000: system.cpu: T0 : 0x4015fc @fib+31    : mov	eax                   
56376000: system.cpu: T0 : 0x4015fe @fib+33    : call	0xffffffffffffffda   
56378000: system.cpu: T0 : 0x4015dd @fib    : push	rbp                  
56378000: system.cpu: T0 : 0x4015de @fib+1    : mov	rsp                   
56378000: system.cpu: T0 : 0x4015e1 @fib+4    : push	rbx                  
56378000: system.cpu: T0 : 0x4015e2 @fib+5    : sub	rsp, 0x18             
56378000: system.cpu: T0 : 0x4015e6 @fib+9    : mov	SS:[rbp + 0xffffffffffffffec], edi
56379000: system.cpu: T0 : 0x4015e9 @fib+12    : cmp	SS:[rbp + 0xffffffffffffffec], 0x2
56379000: system.cpu: T0 : 0x4015ed @fib+16    : jnle	0x7                  
56397000: system.cpu: T0 : 0x4015f6 @fib+25    : mov	eax, SS:[rbp + 0xffffffffffffffec]
56397000: system.cpu: T0 : 0x4015f9 @fib+28    : sub	eax, 0x1              
56397000: system.cpu: T0 : 0x4015fc @fib+31    : mov	eax                   
56399000: system.cpu: T0 : 0x4015fe @fib+33    : call	0xffffffffffffffda   
56401000: system.cpu: T0 : 0x4015dd @fib    : push	rbp                  
56401000: system.cpu: T0 : 0x4015de @fib+1    : mov	rsp                   
56401000: system.cpu: T0 : 0x4015e1 @fib+4    : push	rbx                  
56401000: system.cpu: T0 : 0x4015e2 @fib+5    : sub	rsp, 0x18             
56401000: system.cpu: T0 : 0x4015e6 @fib+9    : mov	SS:[rbp + 0xffffffffffffffec], edi
56402000: system.cpu: T0 : 0x4015e9 @fib+12    : cmp	SS:[rbp + 0xffffffffffffffec], 0x2
56402000: system.cpu: T0 : 0x4015ed @fib+16    : jnle	0x7                  
56403000: system.cpu: T0 : 0x4015f6 @fib+25    : mov	eax, SS:[rbp + 0xffffffffffffffec]
56403000: system.cpu: T0 : 0x4015f9 @fib+28    : sub	eax, 0x1              
56403000: system.cpu: T0 : 0x4015fc @fib+31    : mov	eax                   
56405000: system.cpu: T0 : 0x4015fe @fib+33    : call	0xffffffffffffffda   
56407000: system.cpu: T0 : 0x4015dd @fib    : push	rbp                  
56407000: system.cpu: T0 : 0x4015de @fib+1    : mov	rsp                   
56407000: system.cpu: T0 : 0x4015e1 @fib+4    : push	rbx                  
56407000: system.cpu: T0 : 0x4015e2 @fib+5    : sub	rsp, 0x18             
56407000: system.cpu: T0 : 0x4015e6 @fib+9    : mov	SS:[rbp + 0xffffffffffffffec], edi
56408000: system.cpu: T0 : 0x4015e9 @fib+12    : cmp	SS:[rbp + 0xffffffffffffffec], 0x2
56408000: system.cpu: T0 : 0x4015ed @fib+16    : jnle	0x7                  
56425000: system.cpu: T0 : 0x4015ef @fib+18    : mov	eax, 0x1              
56425000: system.cpu: T0 : 0x4015f4 @fib+23    : jmp	0x1e                  
56427000: system.cpu: T0 : 0x401614 @fib+55    : add	rsp, 0x18             
56427000: system.cpu: T0 : 0x401618 @fib+59    : pop	rbx                   
56427000: system.cpu: T0 : 0x401619 @fib+60    : pop	rbp                   
56428000: system.cpu: T0 : 0x40161a @fib+61    : ret	                      
56429000: system.cpu: T0 : 0x401603 @fib+38    : mov	eax                   
56429000: system.cpu: T0 : 0x401605 @fib+40    : mov	eax, SS:[rbp + 0xffffffffffffffec]
56429000: system.cpu: T0 : 0x401608 @fib+43    : sub	eax, 0x2              
56429000: system.cpu: T0 : 0x40160b @fib+46    : mov	eax                   
56429000: system.cpu: T0 : 0x40160d @fib+48    : call	0xffffffffffffffcb   
56432000: system.cpu: T0 : 0x4015dd @fib    : push	rbp                  
56432000: system.cpu: T0 : 0x4015de @fib+1    : mov	rsp                   
56432000: system.cpu: T0 : 0x4015e1 @fib+4    : push	rbx                  
56432000: system.cpu: T0 : 0x4015e2 @fib+5    : sub	rsp, 0x18             
56432000: system.cpu: T0 : 0x4015e6 @fib+9    : mov	SS:[rbp + 0xffffffffffffffec], edi
56433000: system.cpu: T0 : 0x4015e9 @fib+12    : cmp	SS:[rbp + 0xffffffffffffffec], 0x2
56433000: system.cpu: T0 : 0x4015ed @fib+16    : jnle	0x7                  
56433000: system.cpu: T0 : 0x4015ef @fib+18    : mov	eax, 0x1              
56433000: system.cpu: T0 : 0x4015f4 @fib+23    : jmp	0x1e                  
56436000: system.cpu: T0 : 0x401614 @fib+55    : add	rsp, 0x18             
56436000: system.cpu: T0 : 0x401618 @fib+59    : pop	rbx                   
56436000: system.cpu: T0 : 0x401619 @fib+60    : pop	rbp                   
56437000: system.cpu: T0 : 0x40161a @fib+61    : ret	                      
56438000: system.cpu: T0 : 0x401612 @fib+53    : add	ebx                   
56438000: system.cpu: T0 : 0x401614 @fib+55    : add	rsp, 0x18             
56438000: system.cpu: T0 : 0x401618 @fib+59    : pop	rbx                   
56438000: system.cpu: T0 : 0x401619 @fib+60    : pop	rbp                   
56439000: system.cpu: T0 : 0x40161a @fib+61    : ret	                      
56440000: system.cpu: T0 : 0x401603 @fib+38    : mov	eax                   
56440000: system.cpu: T0 : 0x401605 @fib+40    : mov	eax, SS:[rbp + 0xffffffffffffffec]
56440000: system.cpu: T0 : 0x401608 @fib+43    : sub	eax, 0x2              
56440000: system.cpu: T0 : 0x40160b @fib+46    : mov	eax                   
56440000: system.cpu: T0 : 0x40160d @fib+48    : call	0xffffffffffffffcb   
56443000: system.cpu: T0 : 0x4015dd @fib    : push	rbp                  
56443000: system.cpu: T0 : 0x4015de @fib+1    : mov	rsp                   
56443000: system.cpu: T0 : 0x4015e1 @fib+4    : push	rbx                  
56443000: system.cpu: T0 : 0x4015e2 @fib+5    : sub	rsp, 0x18             
56443000: system.cpu: T0 : 0x4015e6 @fib+9    : mov	SS:[rbp + 0xffffffffffffffec], edi
56444000: system.cpu: T0 : 0x4015e9 @fib+12    : cmp	SS:[rbp + 0xffffffffffffffec], 0x2
56444000: system.cpu: T0 : 0x4015ed @fib+16    : jnle	0x7                  
56444000: system.cpu: T0 : 0x4015ef @fib+18    : mov	eax, 0x1              
56444000: system.cpu: T0 : 0x4015f4 @fib+23    : jmp	0x1e                  
56447000: system.cpu: T0 : 0x401614 @fib+55    : add	rsp, 0x18             
56447000: system.cpu: T0 : 0x401618 @fib+59    : pop	rbx                   
56447000: system.cpu: T0 : 0x401619 @fib+60    : pop	rbp                   
56448000: system.cpu: T0 : 0x40161a @fib+61    : ret	                      
56449000: system.cpu: T0 : 0x401612 @fib+53    : add	ebx                   
56449000: system.cpu: T0 : 0x401614 @fib+55    : add	rsp, 0x18             
56449000: system.cpu: T0 : 0x401618 @fib+59    : pop	rbx                   
56449000: system.cpu: T0 : 0x401619 @fib+60    : pop	rbp                   
56450000: system.cpu: T0 : 0x40161a @fib+61    : ret	                      
56451000: system.cpu: T0 : 0x401603 @fib+38    : mov	eax                   
56451000: system.cpu: T0 : 0x401605 @fib+40    : mov	eax, SS:[rbp + 0xffffffffffffffec]
56451000: system.cpu: T0 : 0x401608 @fib+43    : sub	eax, 0x2              
56451000: system.cpu: T0 : 0x40160b @fib+46    : mov	eax                   
56451000: system.cpu: T0 : 0x40160d @fib+48    : call	0xffffffffffffffcb   
56454000: system.cpu: T0 : 0x4015dd @fib    : push	rbp                  
56454000: system.cpu: T0 : 0x4015de @fib+1    : mov	rsp                   
56454000: system.cpu: T0 : 0x4015e1 @fib+4    : push	rbx                  
56454000: system.cpu: T0 : 0x4015e2 @fib+5    : sub	rsp, 0x18             
56454000: system.cpu: T0 : 0x4015e6 @fib+9    : mov	SS:[rbp + 0xffffffffffffffec], edi
56455000: system.cpu: T0 : 0x4015e9 @fib+12    : cmp	SS:[rbp + 0xffffffffffffffec], 0x2
56455000: system.cpu: T0 : 0x4015ed @fib+16    : jnle	0x7                  
56456000: system.cpu: T0 : 0x4015f6 @fib+25    : mov	eax, SS:[rbp + 0xffffffffffffffec]
56456000: system.cpu: T0 : 0x4015f9 @fib+28    : sub	eax, 0x1              
56456000: system.cpu: T0 : 0x4015fc @fib+31    : mov	eax                   
56458000: system.cpu: T0 : 0x4015fe @fib+33    : call	0xffffffffffffffda   
56460000: system.cpu: T0 : 0x4015dd @fib    : push	rbp                  
56460000: system.cpu: T0 : 0x4015de @fib+1    : mov	rsp                   
56460000: system.cpu: T0 : 0x4015e1 @fib+4    : push	rbx                  
56460000: system.cpu: T0 : 0x4015e2 @fib+5    : sub	rsp, 0x18             
56460000: system.cpu: T0 : 0x4015e6 @fib+9    : mov	SS:[rbp + 0xffffffffffffffec], edi
56461000: system.cpu: T0 : 0x4015e9 @fib+12    : cmp	SS:[rbp + 0xffffffffffffffec], 0x2
56461000: system.cpu: T0 : 0x4015ed @fib+16    : jnle	0x7                  
56461000: system.cpu: T0 : 0x4015ef @fib+18    : mov	eax, 0x1              
56461000: system.cpu: T0 : 0x4015f4 @fib+23    : jmp	0x1e                  
56464000: system.cpu: T0 : 0x401614 @fib+55    : add	rsp, 0x18             
56464000: system.cpu: T0 : 0x401618 @fib+59    : pop	rbx                   
56464000: system.cpu: T0 : 0x401619 @fib+60    : pop	rbp                   
56465000: system.cpu: T0 : 0x40161a @fib+61    : ret	                      
56466000: system.cpu: T0 : 0x401603 @fib+38    : mov	eax                   
56466000: system.cpu: T0 : 0x401605 @fib+40    : mov	eax, SS:[rbp + 0xffffffffffffffec]
56466000: system.cpu: T0 : 0x401608 @fib+43    : sub	eax, 0x2              
56466000: system.cpu: T0 : 0x40160b @fib+46    : mov	eax                   
56466000: system.cpu: T0 : 0x40160d @fib+48    : call	0xffffffffffffffcb   
56469000: system.cpu: T0 : 0x4015dd @fib    : push	rbp                  
56469000: system.cpu: T0 : 0x4015de @fib+1    : mov	rsp                   
56469000: system.cpu: T0 : 0x4015e1 @fib+4    : push	rbx                  
56469000: system.cpu: T0 : 0x4015e2 @fib+5    : sub	rsp, 0x18             
56469000: system.cpu: T0 : 0x4015e6 @fib+9    : mov	SS:[rbp + 0xffffffffffffffec], edi
56470000: system.cpu: T0 : 0x4015e9 @fib+12    : cmp	SS:[rbp + 0xffffffffffffffec], 0x2
56470000: system.cpu: T0 : 0x4015ed @fib+16    : jnle	0x7                  
56470000: system.cpu: T0 : 0x4015ef @fib+18    : mov	eax, 0x1              
56470000: system.cpu: T0 : 0x4015f4 @fib+23    : jmp	0x1e                  
56473000: system.cpu: T0 : 0x401614 @fib+55    : add	rsp, 0x18             
56473000: system.cpu: T0 : 0x401618 @fib+59    : pop	rbx                   
56473000: system.cpu: T0 : 0x401619 @fib+60    : pop	rbp                   
56474000: system.cpu: T0 : 0x40161a @fib+61    : ret	                      
56475000: system.cpu: T0 : 0x401612 @fib+53    : add	ebx                   
56475000: system.cpu: T0 : 0x401614 @fib+55    : add	rsp, 0x18             
56475000: system.cpu: T0 : 0x401618 @fib+59    : pop	rbx                   
56475000: system.cpu: T0 : 0x401619 @fib+60    : pop	rbp                   
56476000: system.cpu: T0 : 0x40161a @fib+61    : ret	                      
56477000: system.cpu: T0 : 0x401612 @fib+53    : add	ebx                   
56477000: system.cpu: T0 : 0x401614 @fib+55    : add	rsp, 0x18             
56477000: system.cpu: T0 : 0x401618 @fib+59    : pop	rbx                   
56477000: system.cpu: T0 : 0x401619 @fib+60    : pop	rbp                   
56478000: system.cpu: T0 : 0x40161a @fib+61    : ret	                      
56479000: system.cpu: T0 : 0x401603 @fib+38    : mov	eax                   
56479000: system.cpu: T0 : 0x401605 @fib+40    : mov	eax, SS:[rbp + 0xffffffffffffffec]
56479000: system.cpu: T0 : 0x401608 @fib+43    : sub	eax, 0x2              
56479000: system.cpu: T0 : 0x40160b @fib+46    : mov	eax                   
56479000: system.cpu: T0 : 0x40160d @fib+48    : call	0xffffffffffffffcb   
56482000: system.cpu: T0 : 0x4015dd @fib    : push	rbp                  
56482000: system.cpu: T0 : 0x4015de @fib+1    : mov	rsp                   
56482000: system.cpu: T0 : 0x4015e1 @fib+4    : push	rbx                  
56482000: system.cpu: T0 : 0x4015e2 @fib+5    : sub	rsp, 0x18             
56482000: system.cpu: T0 : 0x4015e6 @fib+9    : mov	SS:[rbp + 0xffffffffffffffec], edi
56483000: system.cpu: T0 : 0x4015e9 @fib+12    : cmp	SS:[rbp + 0xffffffffffffffec], 0x2
56483000: system.cpu: T0 : 0x4015ed @fib+16    : jnle	0x7                  
56484000: system.cpu: T0 : 0x4015f6 @fib+25    : mov	eax, SS:[rbp + 0xffffffffffffffec]
56484000: system.cpu: T0 : 0x4015f9 @fib+28    : sub	eax, 0x1              
56484000: system.cpu: T0 : 0x4015fc @fib+31    : mov	eax                   
56486000: system.cpu: T0 : 0x4015fe @fib+33    : call	0xffffffffffffffda   
56488000: system.cpu: T0 : 0x4015dd @fib    : push	rbp                  
56488000: system.cpu: T0 : 0x4015de @fib+1    : mov	rsp                   
56488000: system.cpu: T0 : 0x4015e1 @fib+4    : push	rbx                  
56488000: system.cpu: T0 : 0x4015e2 @fib+5    : sub	rsp, 0x18             
56488000: system.cpu: T0 : 0x4015e6 @fib+9    : mov	SS:[rbp + 0xffffffffffffffec], edi
56489000: system.cpu: T0 : 0x4015e9 @fib+12    : cmp	SS:[rbp + 0xffffffffffffffec], 0x2
56489000: system.cpu: T0 : 0x4015ed @fib+16    : jnle	0x7                  
56490000: system.cpu: T0 : 0x4015f6 @fib+25    : mov	eax, SS:[rbp + 0xffffffffffffffec]
56490000: system.cpu: T0 : 0x4015f9 @fib+28    : sub	eax, 0x1              
56490000: system.cpu: T0 : 0x4015fc @fib+31    : mov	eax                   
56492000: system.cpu: T0 : 0x4015fe @fib+33    : call	0xffffffffffffffda   
56494000: system.cpu: T0 : 0x4015dd @fib    : push	rbp                  
56494000: system.cpu: T0 : 0x4015de @fib+1    : mov	rsp                   
56494000: system.cpu: T0 : 0x4015e1 @fib+4    : push	rbx                  
56494000: system.cpu: T0 : 0x4015e2 @fib+5    : sub	rsp, 0x18             
56494000: system.cpu: T0 : 0x4015e6 @fib+9    : mov	SS:[rbp + 0xffffffffffffffec], edi
56495000: system.cpu: T0 : 0x4015e9 @fib+12    : cmp	SS:[rbp + 0xffffffffffffffec], 0x2
56495000: system.cpu: T0 : 0x4015ed @fib+16    : jnle	0x7                  
56495000: system.cpu: T0 : 0x4015ef @fib+18    : mov	eax, 0x1              
56495000: system.cpu: T0 : 0x4015f4 @fib+23    : jmp	0x1e                  
56498000: system.cpu: T0 : 0x401614 @fib+55    : add	rsp, 0x18             
56498000: system.cpu: T0 : 0x401618 @fib+59    : pop	rbx                   
56498000: system.cpu: T0 : 0x401619 @fib+60    : pop	rbp                   
56499000: system.cpu: T0 : 0x40161a @fib+61    : ret	                      
56500000: system.cpu: T0 : 0x401603 @fib+38    : mov	eax                   
56500000: system.cpu: T0 : 0x401605 @fib+40    : mov	eax, SS:[rbp + 0xffffffffffffffec]
56500000: system.cpu: T0 : 0x401608 @fib+43    : sub	eax, 0x2              
56500000: system.cpu: T0 : 0x40160b @fib+46    : mov	eax                   
56500000: system.cpu: T0 : 0x40160d @fib+48    : call	0xffffffffffffffcb   
56503000: system.cpu: T0 : 0x4015dd @fib    : push	rbp                  
56503000: system.cpu: T0 : 0x4015de @fib+1    : mov	rsp                   
56503000: system.cpu: T0 : 0x4015e1 @fib+4    : push	rbx                  
56503000: system.cpu: T0 : 0x4015e2 @fib+5    : sub	rsp, 0x18             
56503000: system.cpu: T0 : 0x4015e6 @fib+9    : mov	SS:[rbp + 0xffffffffffffffec], edi
56504000: system.cpu: T0 : 0x4015e9 @fib+12    : cmp	SS:[rbp + 0xffffffffffffffec], 0x2
56504000: system.cpu: T0 : 0x4015ed @fib+16    : jnle	0x7                  
56504000: system.cpu: T0 : 0x4015ef @fib+18    : mov	eax, 0x1              
56504000: system.cpu: T0 : 0x4015f4 @fib+23    : jmp	0x1e                  
56507000: system.cpu: T0 : 0x401614 @fib+55    : add	rsp, 0x18             
56507000: system.cpu: T0 : 0x401618 @fib+59    : pop	rbx                   
56507000: system.cpu: T0 : 0x401619 @fib+60    : pop	rbp                   
56508000: system.cpu: T0 : 0x40161a @fib+61    : ret	                      
56509000: system.cpu: T0 : 0x401612 @fib+53    : add	ebx                   
56509000: system.cpu: T0 : 0x401614 @fib+55    : add	rsp, 0x18             
56509000: system.cpu: T0 : 0x401618 @fib+59    : pop	rbx                   
56509000: system.cpu: T0 : 0x401619 @fib+60    : pop	rbp                   
56510000: system.cpu: T0 : 0x40161a @fib+61    : ret	                      
56511000: system.cpu: T0 : 0x401603 @fib+38    : mov	eax                   
56511000: system.cpu: T0 : 0x401605 @fib+40    : mov	eax, SS:[rbp + 0xffffffffffffffec]
56511000: system.cpu: T0 : 0x401608 @fib+43    : sub	eax, 0x2              
56511000: system.cpu: T0 : 0x40160b @fib+46    : mov	eax                   
56511000: system.cpu: T0 : 0x40160d @fib+48    : call	0xffffffffffffffcb   
56514000: system.cpu: T0 : 0x4015dd @fib    : push	rbp                  
56514000: system.cpu: T0 : 0x4015de @fib+1    : mov	rsp                   
56514000: system.cpu: T0 : 0x4015e1 @fib+4    : push	rbx                  
56514000: system.cpu: T0 : 0x4015e2 @fib+5    : sub	rsp, 0x18             
56514000: system.cpu: T0 : 0x4015e6 @fib+9    : mov	SS:[rbp + 0xffffffffffffffec], edi
56515000: system.cpu: T0 : 0x4015e9 @fib+12    : cmp	SS:[rbp + 0xffffffffffffffec], 0x2
56515000: system.cpu: T0 : 0x4015ed @fib+16    : jnle	0x7                  
56515000: system.cpu: T0 : 0x4015ef @fib+18    : mov	eax, 0x1              
56515000: system.cpu: T0 : 0x4015f4 @fib+23    : jmp	0x1e                  
56518000: system.cpu: T0 : 0x401614 @fib+55    : add	rsp, 0x18             
56518000: system.cpu: T0 : 0x401618 @fib+59    : pop	rbx                   
56518000: system.cpu: T0 : 0x401619 @fib+60    : pop	rbp                   
56519000: system.cpu: T0 : 0x40161a @fib+61    : ret	                      
56520000: system.cpu: T0 : 0x401612 @fib+53    : add	ebx                   
56520000: system.cpu: T0 : 0x401614 @fib+55    : add	rsp, 0x18             
56520000: system.cpu: T0 : 0x401618 @fib+59    : pop	rbx                   
56520000: system.cpu: T0 : 0x401619 @fib+60    : pop	rbp                   
56521000: system.cpu: T0 : 0x40161a @fib+61    : ret	                      
56522000: system.cpu: T0 : 0x401612 @fib+53    : add	ebx                   
56522000: system.cpu: T0 : 0x401614 @fib+55    : add	rsp, 0x18             
56522000: system.cpu: T0 : 0x401618 @fib+59    : pop	rbx                   
56522000: system.cpu: T0 : 0x401619 @fib+60    : pop	rbp                   
56523000: system.cpu: T0 : 0x40161a @fib+61    : ret	                      
56524000: system.cpu: T0 : 0x401603 @fib+38    : mov	eax                   
56524000: system.cpu: T0 : 0x401605 @fib+40    : mov	eax, SS:[rbp + 0xffffffffffffffec]
56524000: system.cpu: T0 : 0x401608 @fib+43    : sub	eax, 0x2              
56524000: system.cpu: T0 : 0x40160b @fib+46    : mov	eax                   
56524000: system.cpu: T0 : 0x40160d @fib+48    : call	0xffffffffffffffcb   
56527000: system.cpu: T0 : 0x4015dd @fib    : push	rbp                  
56527000: system.cpu: T0 : 0x4015de @fib+1    : mov	rsp                   
56527000: system.cpu: T0 : 0x4015e1 @fib+4    : push	rbx                  
56527000: system.cpu: T0 : 0x4015e2 @fib+5    : sub	rsp, 0x18             
56527000: system.cpu: T0 : 0x4015e6 @fib+9    : mov	SS:[rbp + 0xffffffffffffffec], edi
56528000: system.cpu: T0 : 0x4015e9 @fib+12    : cmp	SS:[rbp + 0xffffffffffffffec], 0x2
56528000: system.cpu: T0 : 0x4015ed @fib+16    : jnle	0x7                  
56529000: system.cpu: T0 : 0x4015f6 @fib+25    : mov	eax, SS:[rbp + 0xffffffffffffffec]
56529000: system.cpu: T0 : 0x4015f9 @fib+28    : sub	eax, 0x1              
56529000: system.cpu: T0 : 0x4015fc @fib+31    : mov	eax                   
56531000: system.cpu: T0 : 0x4015fe @fib+33    : call	0xffffffffffffffda   
56533000: system.cpu: T0 : 0x4015dd @fib    : push	rbp                  
56533000: system.cpu: T0 : 0x4015de @fib+1    : mov	rsp                   
56533000: system.cpu: T0 : 0x4015e1 @fib+4    : push	rbx                  
56533000: system.cpu: T0 : 0x4015e2 @fib+5    : sub	rsp, 0x18             
56533000: system.cpu: T0 : 0x4015e6 @fib+9    : mov	SS:[rbp + 0xffffffffffffffec], edi
56534000: system.cpu: T0 : 0x4015e9 @fib+12    : cmp	SS:[rbp + 0xffffffffffffffec], 0x2
56534000: system.cpu: T0 : 0x4015ed @fib+16    : jnle	0x7                  
56535000: system.cpu: T0 : 0x4015f6 @fib+25    : mov	eax, SS:[rbp + 0xffffffffffffffec]
56535000: system.cpu: T0 : 0x4015f9 @fib+28    : sub	eax, 0x1              
56535000: system.cpu: T0 : 0x4015fc @fib+31    : mov	eax                   
56537000: system.cpu: T0 : 0x4015fe @fib+33    : call	0xffffffffffffffda   
56539000: system.cpu: T0 : 0x4015dd @fib    : push	rbp                  
56539000: system.cpu: T0 : 0x4015de @fib+1    : mov	rsp                   
56539000: system.cpu: T0 : 0x4015e1 @fib+4    : push	rbx                  
56539000: system.cpu: T0 : 0x4015e2 @fib+5    : sub	rsp, 0x18             
56539000: system.cpu: T0 : 0x4015e6 @fib+9    : mov	SS:[rbp + 0xffffffffffffffec], edi
56540000: system.cpu: T0 : 0x4015e9 @fib+12    : cmp	SS:[rbp + 0xffffffffffffffec], 0x2
56540000: system.cpu: T0 : 0x4015ed @fib+16    : jnle	0x7                  
56541000: system.cpu: T0 : 0x4015f6 @fib+25    : mov	eax, SS:[rbp + 0xffffffffffffffec]
56541000: system.cpu: T0 : 0x4015f9 @fib+28    : sub	eax, 0x1              
56541000: system.cpu: T0 : 0x4015fc @fib+31    : mov	eax                   
56543000: system.cpu: T0 : 0x4015fe @fib+33    : call	0xffffffffffffffda   
56545000: system.cpu: T0 : 0x4015dd @fib    : push	rbp                  
56545000: system.cpu: T0 : 0x4015de @fib+1    : mov	rsp                   
56545000: system.cpu: T0 : 0x4015e1 @fib+4    : push	rbx                  
56545000: system.cpu: T0 : 0x4015e2 @fib+5    : sub	rsp, 0x18             
56545000: system.cpu: T0 : 0x4015e6 @fib+9    : mov	SS:[rbp + 0xffffffffffffffec], edi
56546000: system.cpu: T0 : 0x4015e9 @fib+12    : cmp	SS:[rbp + 0xffffffffffffffec], 0x2
56546000: system.cpu: T0 : 0x4015ed @fib+16    : jnle	0x7                  
56546000: system.cpu: T0 : 0x4015ef @fib+18    : mov	eax, 0x1              
56546000: system.cpu: T0 : 0x4015f4 @fib+23    : jmp	0x1e                  
56549000: system.cpu: T0 : 0x401614 @fib+55    : add	rsp, 0x18             
56549000: system.cpu: T0 : 0x401618 @fib+59    : pop	rbx                   
56549000: system.cpu: T0 : 0x401619 @fib+60    : pop	rbp                   
56550000: system.cpu: T0 : 0x40161a @fib+61    : ret	                      
56551000: system.cpu: T0 : 0x401603 @fib+38    : mov	eax                   
56551000: system.cpu: T0 : 0x401605 @fib+40    : mov	eax, SS:[rbp + 0xffffffffffffffec]
56551000: system.cpu: T0 : 0x401608 @fib+43    : sub	eax, 0x2              
56551000: system.cpu: T0 : 0x40160b @fib+46    : mov	eax                   
56551000: system.cpu: T0 : 0x40160d @fib+48    : call	0xffffffffffffffcb   
56554000: system.cpu: T0 : 0x4015dd @fib    : push	rbp                  
56554000: system.cpu: T0 : 0x4015de @fib+1    : mov	rsp                   
56554000: system.cpu: T0 : 0x4015e1 @fib+4    : push	rbx                  
56554000: system.cpu: T0 : 0x4015e2 @fib+5    : sub	rsp, 0x18             
56554000: system.cpu: T0 : 0x4015e6 @fib+9    : mov	SS:[rbp + 0xffffffffffffffec], edi
56555000: system.cpu: T0 : 0x4015e9 @fib+12    : cmp	SS:[rbp + 0xffffffffffffffec], 0x2
56555000: system.cpu: T0 : 0x4015ed @fib+16    : jnle	0x7                  
56555000: system.cpu: T0 : 0x4015ef @fib+18    : mov	eax, 0x1              
56555000: system.cpu: T0 : 0x4015f4 @fib+23    : jmp	0x1e                  
56558000: system.cpu: T0 : 0x401614 @fib+55    : add	rsp, 0x18             
56558000: system.cpu: T0 : 0x401618 @fib+59    : pop	rbx                   
56558000: system.cpu: T0 : 0x401619 @fib+60    : pop	rbp                   
56559000: system.cpu: T0 : 0x40161a @fib+61    : ret	                      
56560000: system.cpu: T0 : 0x401612 @fib+53    : add	ebx                   
56560000: system.cpu: T0 : 0x401614 @fib+55    : add	rsp, 0x18             
56560000: system.cpu: T0 : 0x401618 @fib+59    : pop	rbx                   
56560000: system.cpu: T0 : 0x401619 @fib+60    : pop	rbp                   
56561000: system.cpu: T0 : 0x40161a @fib+61    : ret	                      
56562000: system.cpu: T0 : 0x401603 @fib+38    : mov	eax                   
56562000: system.cpu: T0 : 0x401605 @fib+40    : mov	eax, SS:[rbp + 0xffffffffffffffec]
56562000: system.cpu: T0 : 0x401608 @fib+43    : sub	eax, 0x2              
56562000: system.cpu: T0 : 0x40160b @fib+46    : mov	eax                   
56562000: system.cpu: T0 : 0x40160d @fib+48    : call	0xffffffffffffffcb   
56565000: system.cpu: T0 : 0x4015dd @fib    : push	rbp                  
56565000: system.cpu: T0 : 0x4015de @fib+1    : mov	rsp                   
56565000: system.cpu: T0 : 0x4015e1 @fib+4    : push	rbx                  
56565000: system.cpu: T0 : 0x4015e2 @fib+5    : sub	rsp, 0x18             
56565000: system.cpu: T0 : 0x4015e6 @fib+9    : mov	SS:[rbp + 0xffffffffffffffec], edi
56566000: system.cpu: T0 : 0x4015e9 @fib+12    : cmp	SS:[rbp + 0xffffffffffffffec], 0x2
56566000: system.cpu: T0 : 0x4015ed @fib+16    : jnle	0x7                  
56566000: system.cpu: T0 : 0x4015ef @fib+18    : mov	eax, 0x1              
56566000: system.cpu: T0 : 0x4015f4 @fib+23    : jmp	0x1e                  
56569000: system.cpu: T0 : 0x401614 @fib+55    : add	rsp, 0x18             
56569000: system.cpu: T0 : 0x401618 @fib+59    : pop	rbx                   
56569000: system.cpu: T0 : 0x401619 @fib+60    : pop	rbp                   
56570000: system.cpu: T0 : 0x40161a @fib+61    : ret	                      
56571000: system.cpu: T0 : 0x401612 @fib+53    : add	ebx                   
56571000: system.cpu: T0 : 0x401614 @fib+55    : add	rsp, 0x18             
56571000: system.cpu: T0 : 0x401618 @fib+59    : pop	rbx                   
56571000: system.cpu: T0 : 0x401619 @fib+60    : pop	rbp                   
56572000: system.cpu: T0 : 0x40161a @fib+61    : ret	                      
56573000: system.cpu: T0 : 0x401603 @fib+38    : mov	eax                   
56573000: system.cpu: T0 : 0x401605 @fib+40    : mov	eax, SS:[rbp + 0xffffffffffffffec]
56573000: system.cpu: T0 : 0x401608 @fib+43    : sub	eax, 0x2              
56573000: system.cpu: T0 : 0x40160b @fib+46    : mov	eax                   
56573000: system.cpu: T0 : 0x40160d @fib+48    : call	0xffffffffffffffcb   
56576000: system.cpu: T0 : 0x4015dd @fib    : push	rbp                  
56576000: system.cpu: T0 : 0x4015de @fib+1    : mov	rsp                   
56576000: system.cpu: T0 : 0x4015e1 @fib+4    : push	rbx                  
56576000: system.cpu: T0 : 0x4015e2 @fib+5    : sub	rsp, 0x18             
56576000: system.cpu: T0 : 0x4015e6 @fib+9    : mov	SS:[rbp + 0xffffffffffffffec], edi
56577000: system.cpu: T0 : 0x4015e9 @fib+12    : cmp	SS:[rbp + 0xffffffffffffffec], 0x2
56577000: system.cpu: T0 : 0x4015ed @fib+16    : jnle	0x7                  
56578000: system.cpu: T0 : 0x4015f6 @fib+25    : mov	eax, SS:[rbp + 0xffffffffffffffec]
56578000: system.cpu: T0 : 0x4015f9 @fib+28    : sub	eax, 0x1              
56578000: system.cpu: T0 : 0x4015fc @fib+31    : mov	eax                   
56580000: system.cpu: T0 : 0x4015fe @fib+33    : call	0xffffffffffffffda   
56582000: system.cpu: T0 : 0x4015dd @fib    : push	rbp                  
56582000: system.cpu: T0 : 0x4015de @fib+1    : mov	rsp                   
56582000: system.cpu: T0 : 0x4015e1 @fib+4    : push	rbx                  
56582000: system.cpu: T0 : 0x4015e2 @fib+5    : sub	rsp, 0x18             
56582000: system.cpu: T0 : 0x4015e6 @fib+9    : mov	SS:[rbp + 0xffffffffffffffec], edi
56583000: system.cpu: T0 : 0x4015e9 @fib+12    : cmp	SS:[rbp + 0xffffffffffffffec], 0x2
56583000: system.cpu: T0 : 0x4015ed @fib+16    : jnle	0x7                  
56583000: system.cpu: T0 : 0x4015ef @fib+18    : mov	eax, 0x1              
56583000: system.cpu: T0 : 0x4015f4 @fib+23    : jmp	0x1e                  
56586000: system.cpu: T0 : 0x401614 @fib+55    : add	rsp, 0x18             
56586000: system.cpu: T0 : 0x401618 @fib+59    : pop	rbx                   
56586000: system.cpu: T0 : 0x401619 @fib+60    : pop	rbp                   
56587000: system.cpu: T0 : 0x40161a @fib+61    : ret	                      
56588000: system.cpu: T0 : 0x401603 @fib+38    : mov	eax                   
56588000: system.cpu: T0 : 0x401605 @fib+40    : mov	eax, SS:[rbp + 0xffffffffffffffec]
56588000: system.cpu: T0 : 0x401608 @fib+43    : sub	eax, 0x2              
56588000: system.cpu: T0 : 0x40160b @fib+46    : mov	eax                   
56588000: system.cpu: T0 : 0x40160d @fib+48    : call	0xffffffffffffffcb   
56591000: system.cpu: T0 : 0x4015dd @fib    : push	rbp                  
56591000: system.cpu: T0 : 0x4015de @fib+1    : mov	rsp                   
56591000: system.cpu: T0 : 0x4015e1 @fib+4    : push	rbx                  
56591000: system.cpu: T0 : 0x4015e2 @fib+5    : sub	rsp, 0x18             
56591000: system.cpu: T0 : 0x4015e6 @fib+9    : mov	SS:[rbp + 0xffffffffffffffec], edi
56592000: system.cpu: T0 : 0x4015e9 @fib+12    : cmp	SS:[rbp + 0xffffffffffffffec], 0x2
56592000: system.cpu: T0 : 0x4015ed @fib+16    : jnle	0x7                  
56592000: system.cpu: T0 : 0x4015ef @fib+18    : mov	eax, 0x1              
56592000: system.cpu: T0 : 0x4015f4 @fib+23    : jmp	0x1e                  
56595000: system.cpu: T0 : 0x401614 @fib+55    : add	rsp, 0x18             
56595000: system.cpu: T0 : 0x401618 @fib+59    : pop	rbx                   
56595000: system.cpu: T0 : 0x401619 @fib+60    : pop	rbp                   
56596000: system.cpu: T0 : 0x40161a @fib+61    : ret	                      
56597000: system.cpu: T0 : 0x401612 @fib+53    : add	ebx                   
56597000: system.cpu: T0 : 0x401614 @fib+55    : add	rsp, 0x18             
56597000: system.cpu: T0 : 0x401618 @fib+59    : pop	rbx                   
56597000: system.cpu: T0 : 0x401619 @fib+60    : pop	rbp                   
56598000: system.cpu: T0 : 0x40161a @fib+61    : ret	                      
56599000: system.cpu: T0 : 0x401612 @fib+53    : add	ebx                   
56599000: system.cpu: T0 : 0x401614 @fib+55    : add	rsp, 0x18             
56599000: system.cpu: T0 : 0x401618 @fib+59    : pop	rbx                   
56599000: system.cpu: T0 : 0x401619 @fib+60    : pop	rbp                   
56600000: system.cpu: T0 : 0x40161a @fib+61    : ret	                      
56601000: system.cpu: T0 : 0x401612 @fib+53    : add	ebx                   
56601000: system.cpu: T0 : 0x401614 @fib+55    : add	rsp, 0x18             
56601000: system.cpu: T0 : 0x401618 @fib+59    : pop	rbx                   
56601000: system.cpu: T0 : 0x401619 @fib+60    : pop	rbp                   
56602000: system.cpu: T0 : 0x40161a @fib+61    : ret	                      
56603000: system.cpu: T0 : 0x401603 @fib+38    : mov	eax                   
56603000: system.cpu: T0 : 0x401605 @fib+40    : mov	eax, SS:[rbp + 0xffffffffffffffec]
56603000: system.cpu: T0 : 0x401608 @fib+43    : sub	eax, 0x2              
56603000: system.cpu: T0 : 0x40160b @fib+46    : mov	eax                   
56603000: system.cpu: T0 : 0x40160d @fib+48    : call	0xffffffffffffffcb   
56606000: system.cpu: T0 : 0x4015dd @fib    : push	rbp                  
56606000: system.cpu: T0 : 0x4015de @fib+1    : mov	rsp                   
56606000: system.cpu: T0 : 0x4015e1 @fib+4    : push	rbx                  
56606000: system.cpu: T0 : 0x4015e2 @fib+5    : sub	rsp, 0x18             
56606000: system.cpu: T0 : 0x4015e6 @fib+9    : mov	SS:[rbp + 0xffffffffffffffec], edi
56607000: system.cpu: T0 : 0x4015e9 @fib+12    : cmp	SS:[rbp + 0xffffffffffffffec], 0x2
56607000: system.cpu: T0 : 0x4015ed @fib+16    : jnle	0x7                  
56608000: system.cpu: T0 : 0x4015f6 @fib+25    : mov	eax, SS:[rbp + 0xffffffffffffffec]
56608000: system.cpu: T0 : 0x4015f9 @fib+28    : sub	eax, 0x1              
56608000: system.cpu: T0 : 0x4015fc @fib+31    : mov	eax                   
56610000: system.cpu: T0 : 0x4015fe @fib+33    : call	0xffffffffffffffda   
56612000: system.cpu: T0 : 0x4015dd @fib    : push	rbp                  
56612000: system.cpu: T0 : 0x4015de @fib+1    : mov	rsp                   
56612000: system.cpu: T0 : 0x4015e1 @fib+4    : push	rbx                  
56612000: system.cpu: T0 : 0x4015e2 @fib+5    : sub	rsp, 0x18             
56612000: system.cpu: T0 : 0x4015e6 @fib+9    : mov	SS:[rbp + 0xffffffffffffffec], edi
56613000: system.cpu: T0 : 0x4015e9 @fib+12    : cmp	SS:[rbp + 0xffffffffffffffec], 0x2
56613000: system.cpu: T0 : 0x4015ed @fib+16    : jnle	0x7                  
56614000: system.cpu: T0 : 0x4015f6 @fib+25    : mov	eax, SS:[rbp + 0xffffffffffffffec]
56614000: system.cpu: T0 : 0x4015f9 @fib+28    : sub	eax, 0x1              
56614000: system.cpu: T0 : 0x4015fc @fib+31    : mov	eax                   
56616000: system.cpu: T0 : 0x4015fe @fib+33    : call	0xffffffffffffffda   
56618000: system.cpu: T0 : 0x4015dd @fib    : push	rbp                  
56618000: system.cpu: T0 : 0x4015de @fib+1    : mov	rsp                   
56618000: system.cpu: T0 : 0x4015e1 @fib+4    : push	rbx                  
56618000: system.cpu: T0 : 0x4015e2 @fib+5    : sub	rsp, 0x18             
56618000: system.cpu: T0 : 0x4015e6 @fib+9    : mov	SS:[rbp + 0xffffffffffffffec], edi
56619000: system.cpu: T0 : 0x4015e9 @fib+12    : cmp	SS:[rbp + 0xffffffffffffffec], 0x2
56619000: system.cpu: T0 : 0x4015ed @fib+16    : jnle	0x7                  
56620000: system.cpu: T0 : 0x4015f6 @fib+25    : mov	eax, SS:[rbp + 0xffffffffffffffec]
56620000: system.cpu: T0 : 0x4015f9 @fib+28    : sub	eax, 0x1              
56620000: system.cpu: T0 : 0x4015fc @fib+31    : mov	eax                   
56622000: system.cpu: T0 : 0x4015fe @fib+33    : call	0xffffffffffffffda   
56624000: system.cpu: T0 : 0x4015dd @fib    : push	rbp                  
56624000: system.cpu: T0 : 0x4015de @fib+1    : mov	rsp                   
56624000: system.cpu: T0 : 0x4015e1 @fib+4    : push	rbx                  
56624000: system.cpu: T0 : 0x4015e2 @fib+5    : sub	rsp, 0x18             
56624000: system.cpu: T0 : 0x4015e6 @fib+9    : mov	SS:[rbp + 0xffffffffffffffec], edi
56625000: system.cpu: T0 : 0x4015e9 @fib+12    : cmp	SS:[rbp + 0xffffffffffffffec], 0x2
56625000: system.cpu: T0 : 0x4015ed @fib+16    : jnle	0x7                  
56626000: system.cpu: T0 : 0x4015f6 @fib+25    : mov	eax, SS:[rbp + 0xffffffffffffffec]
56626000: system.cpu: T0 : 0x4015f9 @fib+28    : sub	eax, 0x1              
56626000: system.cpu: T0 : 0x4015fc @fib+31    : mov	eax                   
56628000: system.cpu: T0 : 0x4015fe @fib+33    : call	0xffffffffffffffda   
56630000: system.cpu: T0 : 0x4015dd @fib    : push	rbp                  
56630000: system.cpu: T0 : 0x4015de @fib+1    : mov	rsp                   
56630000: system.cpu: T0 : 0x4015e1 @fib+4    : push	rbx                  
56630000: system.cpu: T0 : 0x4015e2 @fib+5    : sub	rsp, 0x18             
56630000: system.cpu: T0 : 0x4015e6 @fib+9    : mov	SS:[rbp + 0xffffffffffffffec], edi
56631000: system.cpu: T0 : 0x4015e9 @fib+12    : cmp	SS:[rbp + 0xffffffffffffffec], 0x2
56631000: system.cpu: T0 : 0x4015ed @fib+16    : jnle	0x7                  
56651000: system.cpu: T0 : 0x4015ef @fib+18    : mov	eax, 0x1              
56651000: system.cpu: T0 : 0x4015f4 @fib+23    : jmp	0x1e                  
56653000: system.cpu: T0 : 0x401614 @fib+55    : add	rsp, 0x18             
56653000: system.cpu: T0 : 0x401618 @fib+59    : pop	rbx                   
56653000: system.cpu: T0 : 0x401619 @fib+60    : pop	rbp                   
56654000: system.cpu: T0 : 0x40161a @fib+61    : ret	                      
56655000: system.cpu: T0 : 0x401603 @fib+38    : mov	eax                   
56655000: system.cpu: T0 : 0x401605 @fib+40    : mov	eax, SS:[rbp + 0xffffffffffffffec]
56655000: system.cpu: T0 : 0x401608 @fib+43    : sub	eax, 0x2              
56655000: system.cpu: T0 : 0x40160b @fib+46    : mov	eax                   
56655000: system.cpu: T0 : 0x40160d @fib+48    : call	0xffffffffffffffcb   
56658000: system.cpu: T0 : 0x4015dd @fib    : push	rbp                  
56658000: system.cpu: T0 : 0x4015de @fib+1    : mov	rsp                   
56658000: system.cpu: T0 : 0x4015e1 @fib+4    : push	rbx                  
56658000: system.cpu: T0 : 0x4015e2 @fib+5    : sub	rsp, 0x18             
56658000: system.cpu: T0 : 0x4015e6 @fib+9    : mov	SS:[rbp + 0xffffffffffffffec], edi
56659000: system.cpu: T0 : 0x4015e9 @fib+12    : cmp	SS:[rbp + 0xffffffffffffffec], 0x2
56659000: system.cpu: T0 : 0x4015ed @fib+16    : jnle	0x7                  
56659000: system.cpu: T0 : 0x4015ef @fib+18    : mov	eax, 0x1              
56659000: system.cpu: T0 : 0x4015f4 @fib+23    : jmp	0x1e                  
56662000: system.cpu: T0 : 0x401614 @fib+55    : add	rsp, 0x18             
56662000: system.cpu: T0 : 0x401618 @fib+59    : pop	rbx                   
56662000: system.cpu: T0 : 0x401619 @fib+60    : pop	rbp                   
56663000: system.cpu: T0 : 0x40161a @fib+61    : ret	                      
56664000: system.cpu: T0 : 0x401612 @fib+53    : add	ebx                   
56664000: system.cpu: T0 : 0x401614 @fib+55    : add	rsp, 0x18             
56664000: system.cpu: T0 : 0x401618 @fib+59    : pop	rbx                   
56664000: system.cpu: T0 : 0x401619 @fib+60    : pop	rbp                   
56665000: system.cpu: T0 : 0x40161a @fib+61    : ret	                      
56666000: system.cpu: T0 : 0x401603 @fib+38    : mov	eax                   
56666000: system.cpu: T0 : 0x401605 @fib+40    : mov	eax, SS:[rbp + 0xffffffffffffffec]
56666000: system.cpu: T0 : 0x401608 @fib+43    : sub	eax, 0x2              
56666000: system.cpu: T0 : 0x40160b @fib+46    : mov	eax                   
56666000: system.cpu: T0 : 0x40160d @fib+48    : call	0xffffffffffffffcb   
56669000: system.cpu: T0 : 0x4015dd @fib    : push	rbp                  
56669000: system.cpu: T0 : 0x4015de @fib+1    : mov	rsp                   
56669000: system.cpu: T0 : 0x4015e1 @fib+4    : push	rbx                  
56669000: system.cpu: T0 : 0x4015e2 @fib+5    : sub	rsp, 0x18             
56669000: system.cpu: T0 : 0x4015e6 @fib+9    : mov	SS:[rbp + 0xffffffffffffffec], edi
56670000: system.cpu: T0 : 0x4015e9 @fib+12    : cmp	SS:[rbp + 0xffffffffffffffec], 0x2
56670000: system.cpu: T0 : 0x4015ed @fib+16    : jnle	0x7                  
56670000: system.cpu: T0 : 0x4015ef @fib+18    : mov	eax, 0x1              
56670000: system.cpu: T0 : 0x4015f4 @fib+23    : jmp	0x1e                  
56673000: system.cpu: T0 : 0x401614 @fib+55    : add	rsp, 0x18             
56673000: system.cpu: T0 : 0x401618 @fib+59    : pop	rbx                   
56673000: system.cpu: T0 : 0x401619 @fib+60    : pop	rbp                   
56674000: system.cpu: T0 : 0x40161a @fib+61    : ret	                      
56675000: system.cpu: T0 : 0x401612 @fib+53    : add	ebx                   
56675000: system.cpu: T0 : 0x401614 @fib+55    : add	rsp, 0x18             
56675000: system.cpu: T0 : 0x401618 @fib+59    : pop	rbx                   
56675000: system.cpu: T0 : 0x401619 @fib+60    : pop	rbp                   
56676000: system.cpu: T0 : 0x40161a @fib+61    : ret	                      
56677000: system.cpu: T0 : 0x401603 @fib+38    : mov	eax                   
56677000: system.cpu: T0 : 0x401605 @fib+40    : mov	eax, SS:[rbp + 0xffffffffffffffec]
56677000: system.cpu: T0 : 0x401608 @fib+43    : sub	eax, 0x2              
56677000: system.cpu: T0 : 0x40160b @fib+46    : mov	eax                   
56677000: system.cpu: T0 : 0x40160d @fib+48    : call	0xffffffffffffffcb   
56680000: system.cpu: T0 : 0x4015dd @fib    : push	rbp                  
56680000: system.cpu: T0 : 0x4015de @fib+1    : mov	rsp                   
56680000: system.cpu: T0 : 0x4015e1 @fib+4    : push	rbx                  
56680000: system.cpu: T0 : 0x4015e2 @fib+5    : sub	rsp, 0x18             
56680000: system.cpu: T0 : 0x4015e6 @fib+9    : mov	SS:[rbp + 0xffffffffffffffec], edi
56681000: system.cpu: T0 : 0x4015e9 @fib+12    : cmp	SS:[rbp + 0xffffffffffffffec], 0x2
56681000: system.cpu: T0 : 0x4015ed @fib+16    : jnle	0x7                  
56682000: system.cpu: T0 : 0x4015f6 @fib+25    : mov	eax, SS:[rbp + 0xffffffffffffffec]
56682000: system.cpu: T0 : 0x4015f9 @fib+28    : sub	eax, 0x1              
56682000: system.cpu: T0 : 0x4015fc @fib+31    : mov	eax                   
56684000: system.cpu: T0 : 0x4015fe @fib+33    : call	0xffffffffffffffda   
56686000: system.cpu: T0 : 0x4015dd @fib    : push	rbp                  
56686000: system.cpu: T0 : 0x4015de @fib+1    : mov	rsp                   
56686000: system.cpu: T0 : 0x4015e1 @fib+4    : push	rbx                  
56686000: system.cpu: T0 : 0x4015e2 @fib+5    : sub	rsp, 0x18             
56686000: system.cpu: T0 : 0x4015e6 @fib+9    : mov	SS:[rbp + 0xffffffffffffffec], edi
56687000: system.cpu: T0 : 0x4015e9 @fib+12    : cmp	SS:[rbp + 0xffffffffffffffec], 0x2
56687000: system.cpu: T0 : 0x4015ed @fib+16    : jnle	0x7                  
56687000: system.cpu: T0 : 0x4015ef @fib+18    : mov	eax, 0x1              
56687000: system.cpu: T0 : 0x4015f4 @fib+23    : jmp	0x1e                  
56690000: system.cpu: T0 : 0x401614 @fib+55    : add	rsp, 0x18             
56690000: system.cpu: T0 : 0x401618 @fib+59    : pop	rbx                   
56690000: system.cpu: T0 : 0x401619 @fib+60    : pop	rbp                   
56691000: system.cpu: T0 : 0x40161a @fib+61    : ret	                      
56692000: system.cpu: T0 : 0x401603 @fib+38    : mov	eax                   
56692000: system.cpu: T0 : 0x401605 @fib+40    : mov	eax, SS:[rbp + 0xffffffffffffffec]
56692000: system.cpu: T0 : 0x401608 @fib+43    : sub	eax, 0x2              
56692000: system.cpu: T0 : 0x40160b @fib+46    : mov	eax                   
56692000: system.cpu: T0 : 0x40160d @fib+48    : call	0xffffffffffffffcb   
56695000: system.cpu: T0 : 0x4015dd @fib    : push	rbp                  
56695000: system.cpu: T0 : 0x4015de @fib+1    : mov	rsp                   
56695000: system.cpu: T0 : 0x4015e1 @fib+4    : push	rbx                  
56695000: system.cpu: T0 : 0x4015e2 @fib+5    : sub	rsp, 0x18             
56695000: system.cpu: T0 : 0x4015e6 @fib+9    : mov	SS:[rbp + 0xffffffffffffffec], edi
56696000: system.cpu: T0 : 0x4015e9 @fib+12    : cmp	SS:[rbp + 0xffffffffffffffec], 0x2
56696000: system.cpu: T0 : 0x4015ed @fib+16    : jnle	0x7                  
56696000: system.cpu: T0 : 0x4015ef @fib+18    : mov	eax, 0x1              
56696000: system.cpu: T0 : 0x4015f4 @fib+23    : jmp	0x1e                  
56699000: system.cpu: T0 : 0x401614 @fib+55    : add	rsp, 0x18             
56699000: system.cpu: T0 : 0x401618 @fib+59    : pop	rbx                   
56699000: system.cpu: T0 : 0x401619 @fib+60    : pop	rbp                   
56700000: system.cpu: T0 : 0x40161a @fib+61    : ret	                      
56701000: system.cpu: T0 : 0x401612 @fib+53    : add	ebx                   
56701000: system.cpu: T0 : 0x401614 @fib+55    : add	rsp, 0x18             
56701000: system.cpu: T0 : 0x401618 @fib+59    : pop	rbx                   
56701000: system.cpu: T0 : 0x401619 @fib+60    : pop	rbp                   
56702000: system.cpu: T0 : 0x40161a @fib+61    : ret	                      
56703000: system.cpu: T0 : 0x401612 @fib+53    : add	ebx                   
56703000: system.cpu: T0 : 0x401614 @fib+55    : add	rsp, 0x18             
56703000: system.cpu: T0 : 0x401618 @fib+59    : pop	rbx                   
56703000: system.cpu: T0 : 0x401619 @fib+60    : pop	rbp                   
56704000: system.cpu: T0 : 0x40161a @fib+61    : ret	                      
56705000: system.cpu: T0 : 0x401603 @fib+38    : mov	eax                   
56705000: system.cpu: T0 : 0x401605 @fib+40    : mov	eax, SS:[rbp + 0xffffffffffffffec]
56705000: system.cpu: T0 : 0x401608 @fib+43    : sub	eax, 0x2              
56705000: system.cpu: T0 : 0x40160b @fib+46    : mov	eax                   
56705000: system.cpu: T0 : 0x40160d @fib+48    : call	0xffffffffffffffcb   
56708000: system.cpu: T0 : 0x4015dd @fib    : push	rbp                  
56708000: system.cpu: T0 : 0x4015de @fib+1    : mov	rsp                   
56708000: system.cpu: T0 : 0x4015e1 @fib+4    : push	rbx                  
56708000: system.cpu: T0 : 0x4015e2 @fib+5    : sub	rsp, 0x18             
56708000: system.cpu: T0 : 0x4015e6 @fib+9    : mov	SS:[rbp + 0xffffffffffffffec], edi
56709000: system.cpu: T0 : 0x4015e9 @fib+12    : cmp	SS:[rbp + 0xffffffffffffffec], 0x2
56709000: system.cpu: T0 : 0x4015ed @fib+16    : jnle	0x7                  
56710000: system.cpu: T0 : 0x4015f6 @fib+25    : mov	eax, SS:[rbp + 0xffffffffffffffec]
56710000: system.cpu: T0 : 0x4015f9 @fib+28    : sub	eax, 0x1              
56710000: system.cpu: T0 : 0x4015fc @fib+31    : mov	eax                   
56712000: system.cpu: T0 : 0x4015fe @fib+33    : call	0xffffffffffffffda   
56714000: system.cpu: T0 : 0x4015dd @fib    : push	rbp                  
56714000: system.cpu: T0 : 0x4015de @fib+1    : mov	rsp                   
56714000: system.cpu: T0 : 0x4015e1 @fib+4    : push	rbx                  
56714000: system.cpu: T0 : 0x4015e2 @fib+5    : sub	rsp, 0x18             
56714000: system.cpu: T0 : 0x4015e6 @fib+9    : mov	SS:[rbp + 0xffffffffffffffec], edi
56715000: system.cpu: T0 : 0x4015e9 @fib+12    : cmp	SS:[rbp + 0xffffffffffffffec], 0x2
56715000: system.cpu: T0 : 0x4015ed @fib+16    : jnle	0x7                  
56716000: system.cpu: T0 : 0x4015f6 @fib+25    : mov	eax, SS:[rbp + 0xffffffffffffffec]
56716000: system.cpu: T0 : 0x4015f9 @fib+28    : sub	eax, 0x1              
56716000: system.cpu: T0 : 0x4015fc @fib+31    : mov	eax                   
56718000: system.cpu: T0 : 0x4015fe @fib+33    : call	0xffffffffffffffda   
56720000: system.cpu: T0 : 0x4015dd @fib    : push	rbp                  
56720000: system.cpu: T0 : 0x4015de @fib+1    : mov	rsp                   
56720000: system.cpu: T0 : 0x4015e1 @fib+4    : push	rbx                  
56720000: system.cpu: T0 : 0x4015e2 @fib+5    : sub	rsp, 0x18             
56720000: system.cpu: T0 : 0x4015e6 @fib+9    : mov	SS:[rbp + 0xffffffffffffffec], edi
56721000: system.cpu: T0 : 0x4015e9 @fib+12    : cmp	SS:[rbp + 0xffffffffffffffec], 0x2
56721000: system.cpu: T0 : 0x4015ed @fib+16    : jnle	0x7                  
56721000: system.cpu: T0 : 0x4015ef @fib+18    : mov	eax, 0x1              
56721000: system.cpu: T0 : 0x4015f4 @fib+23    : jmp	0x1e                  
56724000: system.cpu: T0 : 0x401614 @fib+55    : add	rsp, 0x18             
56724000: system.cpu: T0 : 0x401618 @fib+59    : pop	rbx                   
56724000: system.cpu: T0 : 0x401619 @fib+60    : pop	rbp                   
56725000: system.cpu: T0 : 0x40161a @fib+61    : ret	                      
56726000: system.cpu: T0 : 0x401603 @fib+38    : mov	eax                   
56726000: system.cpu: T0 : 0x401605 @fib+40    : mov	eax, SS:[rbp + 0xffffffffffffffec]
56726000: system.cpu: T0 : 0x401608 @fib+43    : sub	eax, 0x2              
56726000: system.cpu: T0 : 0x40160b @fib+46    : mov	eax                   
56726000: system.cpu: T0 : 0x40160d @fib+48    : call	0xffffffffffffffcb   
56729000: system.cpu: T0 : 0x4015dd @fib    : push	rbp                  
56729000: system.cpu: T0 : 0x4015de @fib+1    : mov	rsp                   
56729000: system.cpu: T0 : 0x4015e1 @fib+4    : push	rbx                  
56729000: system.cpu: T0 : 0x4015e2 @fib+5    : sub	rsp, 0x18             
56729000: system.cpu: T0 : 0x4015e6 @fib+9    : mov	SS:[rbp + 0xffffffffffffffec], edi
56730000: system.cpu: T0 : 0x4015e9 @fib+12    : cmp	SS:[rbp + 0xffffffffffffffec], 0x2
56730000: system.cpu: T0 : 0x4015ed @fib+16    : jnle	0x7                  
56730000: system.cpu: T0 : 0x4015ef @fib+18    : mov	eax, 0x1              
56730000: system.cpu: T0 : 0x4015f4 @fib+23    : jmp	0x1e                  
56733000: system.cpu: T0 : 0x401614 @fib+55    : add	rsp, 0x18             
56733000: system.cpu: T0 : 0x401618 @fib+59    : pop	rbx                   
56733000: system.cpu: T0 : 0x401619 @fib+60    : pop	rbp                   
56734000: system.cpu: T0 : 0x40161a @fib+61    : ret	                      
56735000: system.cpu: T0 : 0x401612 @fib+53    : add	ebx                   
56735000: system.cpu: T0 : 0x401614 @fib+55    : add	rsp, 0x18             
56735000: system.cpu: T0 : 0x401618 @fib+59    : pop	rbx                   
56735000: system.cpu: T0 : 0x401619 @fib+60    : pop	rbp                   
56736000: system.cpu: T0 : 0x40161a @fib+61    : ret	                      
56737000: system.cpu: T0 : 0x401603 @fib+38    : mov	eax                   
56737000: system.cpu: T0 : 0x401605 @fib+40    : mov	eax, SS:[rbp + 0xffffffffffffffec]
56737000: system.cpu: T0 : 0x401608 @fib+43    : sub	eax, 0x2              
56737000: system.cpu: T0 : 0x40160b @fib+46    : mov	eax                   
56737000: system.cpu: T0 : 0x40160d @fib+48    : call	0xffffffffffffffcb   
56740000: system.cpu: T0 : 0x4015dd @fib    : push	rbp                  
56740000: system.cpu: T0 : 0x4015de @fib+1    : mov	rsp                   
56740000: system.cpu: T0 : 0x4015e1 @fib+4    : push	rbx                  
56740000: system.cpu: T0 : 0x4015e2 @fib+5    : sub	rsp, 0x18             
56740000: system.cpu: T0 : 0x4015e6 @fib+9    : mov	SS:[rbp + 0xffffffffffffffec], edi
56741000: system.cpu: T0 : 0x4015e9 @fib+12    : cmp	SS:[rbp + 0xffffffffffffffec], 0x2
56741000: system.cpu: T0 : 0x4015ed @fib+16    : jnle	0x7                  
56741000: system.cpu: T0 : 0x4015ef @fib+18    : mov	eax, 0x1              
56741000: system.cpu: T0 : 0x4015f4 @fib+23    : jmp	0x1e                  
56744000: system.cpu: T0 : 0x401614 @fib+55    : add	rsp, 0x18             
56744000: system.cpu: T0 : 0x401618 @fib+59    : pop	rbx                   
56744000: system.cpu: T0 : 0x401619 @fib+60    : pop	rbp                   
56745000: system.cpu: T0 : 0x40161a @fib+61    : ret	                      
56746000: system.cpu: T0 : 0x401612 @fib+53    : add	ebx                   
56746000: system.cpu: T0 : 0x401614 @fib+55    : add	rsp, 0x18             
56746000: system.cpu: T0 : 0x401618 @fib+59    : pop	rbx                   
56746000: system.cpu: T0 : 0x401619 @fib+60    : pop	rbp                   
56747000: system.cpu: T0 : 0x40161a @fib+61    : ret	                      
56748000: system.cpu: T0 : 0x401612 @fib+53    : add	ebx                   
56748000: system.cpu: T0 : 0x401614 @fib+55    : add	rsp, 0x18             
56748000: system.cpu: T0 : 0x401618 @fib+59    : pop	rbx                   
56748000: system.cpu: T0 : 0x401619 @fib+60    : pop	rbp                   
56749000: system.cpu: T0 : 0x40161a @fib+61    : ret	                      
56750000: system.cpu: T0 : 0x401612 @fib+53    : add	ebx                   
56750000: system.cpu: T0 : 0x401614 @fib+55    : add	rsp, 0x18             
56750000: system.cpu: T0 : 0x401618 @fib+59    : pop	rbx                   
56750000: system.cpu: T0 : 0x401619 @fib+60    : pop	rbp                   
56751000: system.cpu: T0 : 0x40161a @fib+61    : ret	                      
56752000: system.cpu: T0 : 0x401612 @fib+53    : add	ebx                   
56752000: system.cpu: T0 : 0x401614 @fib+55    : add	rsp, 0x18             
56752000: system.cpu: T0 : 0x401618 @fib+59    : pop	rbx                   
56752000: system.cpu: T0 : 0x401619 @fib+60    : pop	rbp                   
56753000: system.cpu: T0 : 0x40161a @fib+61    : ret	                      
56754000: system.cpu: T0 : 0x40162d @main+18    : mov	SS:[rbp + 0xfffffffffffffffc], eax
56754000: system.cpu: T0 : 0x401630 @main+21    : mov	eax, SS:[rbp + 0xfffffffffffffffc]
56754000: system.cpu: T0 : 0x401633 @main+24    : mov	eax                   
56754000: system.cpu: T0 : 0x401635 @main+26    : lea	rdi, DS:[rip + 0x959c8]
56756000: system.cpu: T0 : 0x40163c @main+33    : mov	eax, 0                
56756000: system.cpu: T0 : 0x401641 @main+38    : call	0x9e6a               
56758000: system.cpu: T0 : 0x40b4b0 @_IO_printf    : hint	                     
56758000: system.cpu: T0 : 0x40b4b4 @_IO_printf+4    : sub	rsp, 0xd8             
56758000: system.cpu: T0 : 0x40b4bb @_IO_printf+11    : mov	rdi                   
56760000: system.cpu: T0 : 0x40b4be @_IO_printf+14    : mov	SS:[t0 + rsp + 0x28], rsi
56760000: system.cpu: T0 : 0x40b4c3 @_IO_printf+19    : mov	SS:[t0 + rsp + 0x30], rdx
56760000: system.cpu: T0 : 0x40b4c8 @_IO_printf+24    : mov	SS:[t0 + rsp + 0x38], rcx
56760000: system.cpu: T0 : 0x40b4cd @_IO_printf+29    : mov	SS:[t0 + rsp + 0x40], r8
56760000: system.cpu: T0 : 0x40b4d2 @_IO_printf+34    : mov	SS:[t0 + rsp + 0x48], r9
56760000: system.cpu: T0 : 0x40b4d7 @_IO_printf+39    : test	al                   
56760000: system.cpu: T0 : 0x40b4d9 @_IO_printf+41    : jz	0x37                   
56858000: system.cpu: T0 : 0x40b512 @_IO_printf+98    : mov	rax, FS:[t0 + t0 + 0x28]
56858000: system.cpu: T0 : 0x40b51b @_IO_printf+107    : mov	SS:[t0 + rsp + 0x18], rax
56858000: system.cpu: T0 : 0x40b520 @_IO_printf+112    : xor	eax                   
56858000: system.cpu: T0 : 0x40b522 @_IO_printf+114    : mov	rdi, DS:[rip + 0xb91c7]
56858000: system.cpu: T0 : 0x40b529 @_IO_printf+121    : mov	rsp                   
56858000: system.cpu: T0 : 0x40b52c @_IO_printf+124    : xor	ecx                   
56858000: system.cpu: T0 : 0x40b52e @_IO_printf+126    : lea	rax, SS:[t0 + rsp + 0xe0]
56859000: system.cpu: T0 : 0x40b536 @_IO_printf+134    : mov	r10                   
56859000: system.cpu: T0 : 0x40b539 @_IO_printf+137    : mov	SS:[t0 + rsp], 0x8    
56954000: system.cpu: T0 : 0x40b540 @_IO_printf+144    : mov	SS:[t0 + rsp + 0x8], rax
56954000: system.cpu: T0 : 0x40b545 @_IO_printf+149    : lea	rax, SS:[t0 + rsp + 0x20]
56954000: system.cpu: T0 : 0x40b54a @_IO_printf+154    : mov	SS:[t0 + rsp + 0x4], 0x30
56954000: system.cpu: T0 : 0x40b552 @_IO_printf+162    : mov	SS:[t0 + rsp + 0x10], rax
56954000: system.cpu: T0 : 0x40b557 @_IO_printf+167    : call	0x3074               
57081000: system.cpu: T0 : 0x40e5d0 @__vfprintf_internal    : hint	                     
57081000: system.cpu: T0 : 0x40e5d4 @__vfprintf_internal+4    : push	r15                  
57081000: system.cpu: T0 : 0x40e5d6 @__vfprintf_internal+6    : push	r14                  
57081000: system.cpu: T0 : 0x40e5d8 @__vfprintf_internal+8    : push	r13                  
57081000: system.cpu: T0 : 0x40e5da @__vfprintf_internal+10    : push	r12                  
57082000: system.cpu: T0 : 0x40e5dc @__vfprintf_internal+12    : push	rbp                  
57082000: system.cpu: T0 : 0x40e5dd @__vfprintf_internal+13    : mov	rdi                   
57082000: system.cpu: T0 : 0x40e5e0 @__vfprintf_internal+16    : push	rbx                  
57082000: system.cpu: T0 : 0x40e5e1 @__vfprintf_internal+17    : sub	rsp, 0x538            
57083000: system.cpu: T0 : 0x40e5e8 @__vfprintf_internal+24    : mov	SS:[t0 + rsp + 0x8], rsi
57083000: system.cpu: T0 : 0x40e5ed @__vfprintf_internal+29    : mov	SS:[t0 + rsp + 0x20], rdx
57083000: system.cpu: T0 : 0x40e5f2 @__vfprintf_internal+34    : mov	SS:[t0 + rsp + 0x6c], rcx
57083000: system.cpu: T0 : 0x40e5f6 @__vfprintf_internal+38    : mov	rax, FS:[t0 + t0 + 0x28]
57178000: system.cpu: T0 : 0x40e5ff @__vfprintf_internal+47    : mov	SS:[t0 + rsp + 0x528], rax
57178000: system.cpu: T0 : 0x40e607 @__vfprintf_internal+55    : mov	rdi, 0xffffffffffffffb8
57178000: system.cpu: T0 : 0x40e60e @__vfprintf_internal+62    : mov	eax, FS:[rax]         
57178000: system.cpu: T0 : 0x40e611 @__vfprintf_internal+65    : mov	SS:[t0 + rsp + 0x7c], rax
57178000: system.cpu: T0 : 0x40e615 @__vfprintf_internal+69    : mov	eax, DS:[rdi + 0xc0]  
57178000: system.cpu: T0 : 0x40e61b @__vfprintf_internal+75    : test	eax                  
57178000: system.cpu: T0 : 0x40e61d @__vfprintf_internal+77    : jnz	0x445                 
57179000: system.cpu: T0 : 0x40e623 @__vfprintf_internal+83    : mov	DS:[rdi + 0xc0], 0xffffffffffffffff
57179000: system.cpu: T0 : 0x40e62d @__vfprintf_internal+93    : mov	ebx, SS:[rbp]         
57179000: system.cpu: T0 : 0x40e630 @__vfprintf_internal+96    : test	bl, 0x8              
57179000: system.cpu: T0 : 0x40e633 @__vfprintf_internal+99    : jnz	0x20e7                
57180000: system.cpu: T0 : 0x40e639 @__vfprintf_internal+105    : cmp	SS:[t0 + rsp + 0x8], 0
57275000: system.cpu: T0 : 0x40e63f @__vfprintf_internal+111    : jz	0x21a7                 
57275000: system.cpu: T0 : 0x40e645 @__vfprintf_internal+117    : test	bl, 0x2              
57275000: system.cpu: T0 : 0x40e648 @__vfprintf_internal+120    : jnz	0x1472                
57276000: system.cpu: T0 : 0x40e64e @__vfprintf_internal+126    : mov	rax, SS:[t0 + rsp + 0x20]
57276000: system.cpu: T0 : 0x40e653 @__vfprintf_internal+131    : mov	rdi, SS:[t0 + rsp + 0x8]
57276000: system.cpu: T0 : 0x40e658 @__vfprintf_internal+136    : mov	esi, 0x25             
57276000: system.cpu: T0 : 0x40e65d @__vfprintf_internal+141    : movdqu	XMM1, DS:[rax]     
57276000: system.cpu: T0 : 0x40e661 @__vfprintf_internal+145    : movups	SS:[t0 + rsp + 0x118], XMM1
57276000: system.cpu: T0 : 0x40e669 @__vfprintf_internal+153    : mov	rax, DS:[rax + 0x10]  
57277000: system.cpu: T0 : 0x40e66d @__vfprintf_internal+157    : movaps	SS:[t0 + rsp + 0x10], XMM1
57277000: system.cpu: T0 : 0x40e672 @__vfprintf_internal+162    : mov	SS:[t0 + rsp + 0x128], rax
57277000: system.cpu: T0 : 0x40e67a @__vfprintf_internal+170    : call	0xffffffffffff29e1   
57282000: system.cpu: T0 : 0x401060 @_init+96    : jmp	DS:[rip + 0xc2ff2]    
57403000: system.cpu: T0 : 0x43de90 @__strchrnul_sse2    : hint	                     
57403000: system.cpu: T0 : 0x43de94 @__strchrnul_sse2+4    : movd	XMM1                 
57403000: system.cpu: T0 : 0x43de98 @__strchrnul_sse2+8    : mov	edi                   
57403000: system.cpu: T0 : 0x43de9a @__strchrnul_sse2+10    : and	eax, 0xfff            
57403000: system.cpu: T0 : 0x43de9f @__strchrnul_sse2+15    : punpcklbw	XMM1            
57404000: system.cpu: T0 : 0x43dea3 @__strchrnul_sse2+19    : cmp	eax, 0xfc0            
57404000: system.cpu: T0 : 0x43dea8 @__strchrnul_sse2+24    : punpcklwd	XMM1            
57404000: system.cpu: T0 : 0x43deac @__strchrnul_sse2+28    : pshufd	XMM1, 0            
57404000: system.cpu: T0 : 0x43deb1 @__strchrnul_sse2+33    : jnle	0x149                
57405000: system.cpu: T0 : 0x43deb7 @__strchrnul_sse2+39    : movdqu	XMM0, DS:[rdi]     
57405000: system.cpu: T0 : 0x43debb @__strchrnul_sse2+43    : pxor	XMM3                 
57500000: system.cpu: T0 : 0x43debf @__strchrnul_sse2+47    : movdqa	XMM4               
57500000: system.cpu: T0 : 0x43dec3 @__strchrnul_sse2+51    : pcmpeqb	XMM0              
57500000: system.cpu: T0 : 0x43dec7 @__strchrnul_sse2+55    : pcmpeqb	XMM4              
57500000: system.cpu: T0 : 0x43decb @__strchrnul_sse2+59    : por	XMM0                  
57501000: system.cpu: T0 : 0x43decf @__strchrnul_sse2+63    : pmovmskb	eax, XMM0        
57501000: system.cpu: T0 : 0x43ded3 @__strchrnul_sse2+67    : test	eax                  
57501000: system.cpu: T0 : 0x43ded5 @__strchrnul_sse2+69    : jz	0x9                    
57501000: system.cpu: T0 : 0x43ded7 @__strchrnul_sse2+71    : bsf	eax                   
57505000: system.cpu: T0 : 0x43deda @__strchrnul_sse2+74    : lea	rax, DS:[rax + rdi]   
57505000: system.cpu: T0 : 0x43dede @__strchrnul_sse2+78    : ret	                      
57510000: system.cpu: T0 : 0x40e67f @__vfprintf_internal+175    : mov	SS:[t0 + rsp + 0xf8], rbp
57510000: system.cpu: T0 : 0x40e687 @__vfprintf_internal+183    : mov	SS:[t0 + rsp + 0x48], rax
57510000: system.cpu: T0 : 0x40e68c @__vfprintf_internal+188    : mov	SS:[t0 + rsp + 0xa6], 0
57510000: system.cpu: T0 : 0x40e694 @__vfprintf_internal+196    : and	dil, 0xffffffffffffff80
57510000: system.cpu: T0 : 0x40e697 @__vfprintf_internal+199    : jz	0x3e3                  
57623000: system.cpu: T0 : 0x40ea80 @__vfprintf_internal+1200    : mov	rdi, 0x46af30         
57623000: system.cpu: T0 : 0x40ea87 @__vfprintf_internal+1207    : lea	rdi, SS:[t0 + rsp + 0xf0]
57623000: system.cpu: T0 : 0x40ea8f @__vfprintf_internal+1215    : mov	SS:[t0 + rsp + 0xf0], rax
57623000: system.cpu: T0 : 0x40ea97 @__vfprintf_internal+1223    : call	0xb854               
57735000: system.cpu: T0 : 0x41a2f0 @__libc_cleanup_push_defer    : hint	                     
57735000: system.cpu: T0 : 0x41a2f4 @__libc_cleanup_push_defer+4    : mov	rax, FS:[t0 + t0 + 0x2f8]
57830000: system.cpu: T0 : 0x41a2fd @__libc_cleanup_push_defer+13    : mov	DS:[rdi + 0x18], rax  
57830000: system.cpu: T0 : 0x41a301 @__libc_cleanup_push_defer+17    : xor	eax                   
57830000: system.cpu: T0 : 0x41a303 @__libc_cleanup_push_defer+19    : mov	al, FS:[t0 + t0 + 0x972]
57830000: system.cpu: T0 : 0x41a30b @__libc_cleanup_push_defer+27    : movzx	eax                 
57830000: system.cpu: T0 : 0x41a30e @__libc_cleanup_push_defer+30    : mov	DS:[rdi + 0x10], eax  
57830000: system.cpu: T0 : 0x41a311 @__libc_cleanup_push_defer+33    : mov	FS:[t0 + t0 + 0x972], 0
57831000: system.cpu: T0 : 0x41a31a @__libc_cleanup_push_defer+42    : mov	FS:[t0 + t0 + 0x2f8], rdi
57831000: system.cpu: T0 : 0x41a323 @__libc_cleanup_push_defer+51    : ret	                      
57833000: system.cpu: T0 : 0x40ea9c @__vfprintf_internal+1228    : mov	eax, SS:[rbp]         
57833000: system.cpu: T0 : 0x40ea9f @__vfprintf_internal+1231    : and	eax, 0x8000           
57833000: system.cpu: T0 : 0x40eaa4 @__vfprintf_internal+1236    : jnz	0x1e4c                
57833000: system.cpu: T0 : 0x40eaaa @__vfprintf_internal+1242    : mov	rbx, FS:[t0 + t0 + 0x10]
57833000: system.cpu: T0 : 0x40eab3 @__vfprintf_internal+1251    : mov	rdi, SS:[rbp + 0x88]  
57834000: system.cpu: T0 : 0x40eaba @__vfprintf_internal+1258    : cmp	DS:[rdi + 0x8], rbx   
57834000: system.cpu: T0 : 0x40eabe @__vfprintf_internal+1262    : jz	0x1a                   
57929000: system.cpu: T0 : 0x40eac0 @__vfprintf_internal+1264    : mov	edx, 0x1              
57929000: system.cpu: T0 : 0x40eac5 @__vfprintf_internal+1269    : cmpxchg	DS:[rdi], edx     
57929000: system.cpu: T0 : 0x40eac5 @__vfprintf_internal+1269. 0 : 	CMPXCHG_LOCKED_M_R.mfence : IntAlu : 
57929000: system.cpu: T0 : 0x40eac5 @__vfprintf_internal+1269. 5 : 	CMPXCHG_LOCKED_M_R.mfence : IntAlu : 
57930000: system.cpu: T0 : 0x40eac9 @__vfprintf_internal+1273    : jnz	0x1731                
57930000: system.cpu: T0 : 0x40eacf @__vfprintf_internal+1279    : mov	rdi, SS:[rbp + 0x88]  
57930000: system.cpu: T0 : 0x40ead6 @__vfprintf_internal+1286    : mov	DS:[rdi + 0x8], rbx   
57930000: system.cpu: T0 : 0x40eada @__vfprintf_internal+1290    : add	DS:[rdi + 0x4], 0x1   
57931000: system.cpu: T0 : 0x40eade @__vfprintf_internal+1294    : mov	SS:[t0 + rsp + 0xa6], 0x1
57931000: system.cpu: T0 : 0x40eae6 @__vfprintf_internal+1302    : jmp	0xfffffffffffffbb2    
57936000: system.cpu: T0 : 0x40e69d @__vfprintf_internal+205    : mov	r12, SS:[rbp + 0xd8]  
57936000: system.cpu: T0 : 0x40e6a4 @__vfprintf_internal+212    : mov	rdi, 0x4c6288         
57936000: system.cpu: T0 : 0x40e6ab @__vfprintf_internal+219    : sub	rsi, 0x4c5b20         
57936000: system.cpu: T0 : 0x40e6b2 @__vfprintf_internal+226    : mov	rbx, SS:[t0 + rsp + 0x48]
57936000: system.cpu: T0 : 0x40e6b7 @__vfprintf_internal+231    : mov	r12                   
57938000: system.cpu: T0 : 0x40e6ba @__vfprintf_internal+234    : sub	rax, 0x4c5b20         
57938000: system.cpu: T0 : 0x40e6c1 @__vfprintf_internal+241    : mov	SS:[t0 + rsp + 0x10], rsi
57938000: system.cpu: T0 : 0x40e6c6 @__vfprintf_internal+246    : sub	rbx, SS:[t0 + rsp + 0x8]
57938000: system.cpu: T0 : 0x40e6cb @__vfprintf_internal+251    : cmp	rax                   
57938000: system.cpu: T0 : 0x40e6ce @__vfprintf_internal+254    : jbe	0x176c                
57939000: system.cpu: T0 : 0x40e6d4 @__vfprintf_internal+260    : mov	rsi, SS:[t0 + rsp + 0x8]
57939000: system.cpu: T0 : 0x40e6d9 @__vfprintf_internal+265    : mov	rbx                   
57939000: system.cpu: T0 : 0x40e6dc @__vfprintf_internal+268    : mov	rbp                   
57939000: system.cpu: T0 : 0x40e6df @__vfprintf_internal+271    : call	DS:[t0 + r12 + 0x38] 
58316000: system.cpu: T0 : 0x415a70 @_IO_file_xsputn    : hint	                     
58316000: system.cpu: T0 : 0x415a74 @_IO_file_xsputn+4    : push	r15                  
58316000: system.cpu: T0 : 0x415a76 @_IO_file_xsputn+6    : push	r14                  
58316000: system.cpu: T0 : 0x415a78 @_IO_file_xsputn+8    : push	r13                  
58316000: system.cpu: T0 : 0x415a7a @_IO_file_xsputn+10    : push	r12                  
58317000: system.cpu: T0 : 0x415a7c @_IO_file_xsputn+12    : xor	r12d                  
58317000: system.cpu: T0 : 0x415a7f @_IO_file_xsputn+15    : push	rbp                  
58412000: system.cpu: T0 : 0x415a80 @_IO_file_xsputn+16    : push	rbx                  
58412000: system.cpu: T0 : 0x415a81 @_IO_file_xsputn+17    : sub	rsp, 0x18             
58412000: system.cpu: T0 : 0x415a85 @_IO_file_xsputn+21    : test	rdx                  
58412000: system.cpu: T0 : 0x415a88 @_IO_file_xsputn+24    : jz	0x54                   
58413000: system.cpu: T0 : 0x415a8a @_IO_file_xsputn+26    : mov	rdi                   
58413000: system.cpu: T0 : 0x415a8d @_IO_file_xsputn+29    : mov	rsi                   
58413000: system.cpu: T0 : 0x415a90 @_IO_file_xsputn+32    : mov	rdi, DS:[rdi + 0x28]  
58413000: system.cpu: T0 : 0x415a94 @_IO_file_xsputn+36    : mov	rdx                   
58413000: system.cpu: T0 : 0x415a97 @_IO_file_xsputn+39    : mov	eax, SS:[rbp]         
58413000: system.cpu: T0 : 0x415a9a @_IO_file_xsputn+42    : and	eax, 0xa00            
58413000: system.cpu: T0 : 0x415a9f @_IO_file_xsputn+47    : cmp	eax, 0xa00            
58414000: system.cpu: T0 : 0x415aa4 @_IO_file_xsputn+52    : jz	0x4a                   
58414000: system.cpu: T0 : 0x415aa6 @_IO_file_xsputn+54    : mov	r12, SS:[rbp + 0x30]  
58414000: system.cpu: T0 : 0x415aaa @_IO_file_xsputn+58    : cmp	rdi                   
58414000: system.cpu: T0 : 0x415aad @_IO_file_xsputn+61    : jbe	0x61                  
58522000: system.cpu: T0 : 0x415b10 @_IO_file_xsputn+160    : mov	rbx                   
58522000: system.cpu: T0 : 0x415b13 @_IO_file_xsputn+163    : mov	r14, SS:[rbp + 0xd8]  
58522000: system.cpu: T0 : 0x415b1a @_IO_file_xsputn+170    : mov	r15, 0x4c6288         
58522000: system.cpu: T0 : 0x415b21 @_IO_file_xsputn+177    : sub	r12, 0x4c5b20         
58522000: system.cpu: T0 : 0x415b28 @_IO_file_xsputn+184    : mov	r14                   
58522000: system.cpu: T0 : 0x415b2b @_IO_file_xsputn+187    : sub	rax, 0x4c5b20         
58523000: system.cpu: T0 : 0x415b32 @_IO_file_xsputn+194    : cmp	rax                   
58523000: system.cpu: T0 : 0x415b35 @_IO_file_xsputn+197    : jbe	0x1a5                 
58523000: system.cpu: T0 : 0x415b3b @_IO_file_xsputn+203    : mov	esi, 0xffffffffffffffff
58618000: system.cpu: T0 : 0x415b40 @_IO_file_xsputn+208    : mov	rbp                   
58618000: system.cpu: T0 : 0x415b43 @_IO_file_xsputn+211    : call	DS:[r14 + 0x18]      
58831000: system.cpu: T0 : 0x416ed0 @_IO_new_file_overflow    : hint	                     
58831000: system.cpu: T0 : 0x416ed4 @_IO_new_file_overflow+4    : push	r12                  
58831000: system.cpu: T0 : 0x416ed6 @_IO_new_file_overflow+6    : push	rbp                  
58831000: system.cpu: T0 : 0x416ed7 @_IO_new_file_overflow+7    : mov	rdi                   
58831000: system.cpu: T0 : 0x416eda @_IO_new_file_overflow+10    : push	rbx                  
58832000: system.cpu: T0 : 0x416edb @_IO_new_file_overflow+11    : mov	eax, DS:[rdi]         
58832000: system.cpu: T0 : 0x416edd @_IO_new_file_overflow+13    : test	al, 0x8              
58832000: system.cpu: T0 : 0x416edf @_IO_new_file_overflow+15    : jnz	0x1eb                 
58832000: system.cpu: T0 : 0x416ee5 @_IO_new_file_overflow+21    : mov	esi                   
58832000: system.cpu: T0 : 0x416ee7 @_IO_new_file_overflow+23    : mov	rsi, DS:[rdi + 0x20]  
58833000: system.cpu: T0 : 0x416eeb @_IO_new_file_overflow+27    : test	spl, 0x8             
58833000: system.cpu: T0 : 0x416eee @_IO_new_file_overflow+30    : jz	0x50                   
58945000: system.cpu: T0 : 0x416f40 @_IO_new_file_overflow+112    : test	rsi                  
58945000: system.cpu: T0 : 0x416f43 @_IO_new_file_overflow+115    : jz	0x11f                  
59049000: system.cpu: T0 : 0x417068 @_IO_new_file_overflow+408    : mov	rbp                   
59049000: system.cpu: T0 : 0x41706b @_IO_new_file_overflow+411    : call	0xe70                
59150000: system.cpu: T0 : 0x417ee0 @_IO_doallocbuf    : hint	                     
59150000: system.cpu: T0 : 0x417ee4 @_IO_doallocbuf+4    : cmp	DS:[rdi + 0x38], 0    
59150000: system.cpu: T0 : 0x417ee9 @_IO_doallocbuf+9    : jz	0x5                    
59164000: system.cpu: T0 : 0x417ef0 @_IO_doallocbuf+16    : push	r12                  
59164000: system.cpu: T0 : 0x417ef2 @_IO_doallocbuf+18    : push	rbp                  
59164000: system.cpu: T0 : 0x417ef3 @_IO_doallocbuf+19    : push	rbx                  
59164000: system.cpu: T0 : 0x417ef4 @_IO_doallocbuf+20    : mov	eax, DS:[rdi]         
59164000: system.cpu: T0 : 0x417ef6 @_IO_doallocbuf+22    : mov	rdi                   
59165000: system.cpu: T0 : 0x417ef9 @_IO_doallocbuf+25    : test	al, 0x2              
59165000: system.cpu: T0 : 0x417efb @_IO_doallocbuf+27    : jz	0xa                    
59261000: system.cpu: T0 : 0x417f07 @_IO_doallocbuf+39    : mov	rbp, DS:[rbx + 0xd8]  
59261000: system.cpu: T0 : 0x417f0e @_IO_doallocbuf+46    : mov	rdi, 0x4c6288         
59261000: system.cpu: T0 : 0x417f15 @_IO_doallocbuf+53    : sub	rax, 0x4c5b20         
59261000: system.cpu: T0 : 0x417f1c @_IO_doallocbuf+60    : mov	rbp                   
59261000: system.cpu: T0 : 0x417f1f @_IO_doallocbuf+63    : sub	rdx, 0x4c5b20         
59261000: system.cpu: T0 : 0x417f26 @_IO_doallocbuf+70    : cmp	rdx                   
59262000: system.cpu: T0 : 0x417f29 @_IO_doallocbuf+73    : jbe	0x65                  
59262000: system.cpu: T0 : 0x417f2b @_IO_doallocbuf+75    : mov	rbx                   
59262000: system.cpu: T0 : 0x417f2e @_IO_doallocbuf+78    : call	SS:[rbp + 0x68]      
59480000: system.cpu: T0 : 0x4711f0 @_IO_file_doallocate    : hint	                     
59480000: system.cpu: T0 : 0x4711f4 @_IO_file_doallocate+4    : push	r12                  
59480000: system.cpu: T0 : 0x4711f6 @_IO_file_doallocate+6    : push	rbp                  
59480000: system.cpu: T0 : 0x4711f7 @_IO_file_doallocate+7    : mov	rdi                   
59480000: system.cpu: T0 : 0x4711fa @_IO_file_doallocate+10    : push	rbx                  
59576000: system.cpu: T0 : 0x4711fb @_IO_file_doallocate+11    : sub	rsp, 0xa0             
59576000: system.cpu: T0 : 0x471202 @_IO_file_doallocate+18    : mov	rax, FS:[t0 + t0 + 0x28]
59576000: system.cpu: T0 : 0x47120b @_IO_file_doallocate+27    : mov	SS:[t0 + rsp + 0x98], rax
59576000: system.cpu: T0 : 0x471213 @_IO_file_doallocate+35    : xor	eax                   
59576000: system.cpu: T0 : 0x471215 @_IO_file_doallocate+37    : mov	eax, DS:[rdi + 0x70]  
59576000: system.cpu: T0 : 0x471218 @_IO_file_doallocate+40    : test	eax                  
59576000: system.cpu: T0 : 0x47121a @_IO_file_doallocate+42    : js	0xb0                   
59577000: system.cpu: T0 : 0x471220 @_IO_file_doallocate+48    : mov	rbx, DS:[rdi + 0xd8]  
59577000: system.cpu: T0 : 0x471227 @_IO_file_doallocate+55    : mov	rdi, 0x4c6288         
59577000: system.cpu: T0 : 0x47122e @_IO_file_doallocate+62    : sub	rax, 0x4c5b20         
59577000: system.cpu: T0 : 0x471235 @_IO_file_doallocate+69    : mov	rbx                   
59577000: system.cpu: T0 : 0x471238 @_IO_file_doallocate+72    : sub	rdx, 0x4c5b20         
59673000: system.cpu: T0 : 0x47123f @_IO_file_doallocate+79    : cmp	rdx                   
59673000: system.cpu: T0 : 0x471242 @_IO_file_doallocate+82    : jbe	0x108                 
59673000: system.cpu: T0 : 0x471248 @_IO_file_doallocate+88    : mov	rsp                   
59673000: system.cpu: T0 : 0x47124b @_IO_file_doallocate+91    : mov	rbp                   
59673000: system.cpu: T0 : 0x47124e @_IO_file_doallocate+94    : call	DS:[rbx + 0x90]      
59791000: system.cpu: T0 : 0x415350 @_IO_file_stat    : hint	                     
59791000: system.cpu: T0 : 0x415354 @_IO_file_stat+4    : mov	edi, DS:[rdi + 0x70]  
59791000: system.cpu: T0 : 0x415357 @_IO_file_stat+7    : jmp	0x39a14               
59917000: system.cpu: T0 : 0x44ed70 @__fstat    : hint	                     
59917000: system.cpu: T0 : 0x44ed74 @__fstat+4    : mov	rsi                   
59917000: system.cpu: T0 : 0x44ed77 @__fstat+7    : test	edi                  
59917000: system.cpu: T0 : 0x44ed79 @__fstat+9    : js	0x15                   
59917000: system.cpu: T0 : 0x44ed7b @__fstat+11    : mov	ecx, 0x1000           
60012000: system.cpu: T0 : 0x44ed80 @__fstat+16    : lea	rsi, DS:[rip + 0x5f796]
60012000: system.cpu: T0 : 0x44ed87 @__fstat+23    : jmp	0x24                  
60017000: system.cpu: T0 : 0x44edb0 @__GI___fstatat    : hint	                     
60017000: system.cpu: T0 : 0x44edb4 @__GI___fstatat+4    : mov	ecx                   
60017000: system.cpu: T0 : 0x44edb7 @__GI___fstatat+7    : mov	eax, 0x106            
60017000: system.cpu: T0 : 0x44edbc @__GI___fstatat+12    :   syscall                  : IntAlu : 
60113000: system.cpu: T0 : 0x44edbe @__GI___fstatat+14    : cmp	eax, 0xfffffffffffff000
60113000: system.cpu: T0 : 0x44edc3 @__GI___fstatat+19    : jnbe	0xb                  
60125000: system.cpu: T0 : 0x44edd0 @__GI___fstatat+32    : mov	rdi, 0xffffffffffffffb8
60125000: system.cpu: T0 : 0x44edd7 @__GI___fstatat+39    : neg	                      
60125000: system.cpu: T0 : 0x44edd9 @__GI___fstatat+41    : mov	FS:[rdx], eax         
60125000: system.cpu: T0 : 0x44eddc @__GI___fstatat+44    : mov	eax, 0xffffffffffffffff
60125000: system.cpu: T0 : 0x44ede1 @__GI___fstatat+49    : ret	                      
60127000: system.cpu: T0 : 0x471254 @_IO_file_doallocate+100    : test	eax                  
60127000: system.cpu: T0 : 0x471256 @_IO_file_doallocate+102    : js	0x78                   
60232000: system.cpu: T0 : 0x4712d0 @_IO_file_doallocate+224    : mov	ebx, 0x2000           
60232000: system.cpu: T0 : 0x4712d5 @_IO_file_doallocate+229    : mov	rbx                   
60232000: system.cpu: T0 : 0x4712d8 @_IO_file_doallocate+232    : call	0xfffffffffffae223   
60237000: system.cpu: T0 : 0x41f500 @__libc_malloc    : hint	                     
60237000: system.cpu: T0 : 0x41f504 @__libc_malloc+4    : push	r12                  
60237000: system.cpu: T0 : 0x41f506 @__libc_malloc+6    : push	rbp                  
60237000: system.cpu: T0 : 0x41f507 @__libc_malloc+7    : mov	rdi                   
60237000: system.cpu: T0 : 0x41f50a @__libc_malloc+10    : sub	rsp, 0x18             
60238000: system.cpu: T0 : 0x41f50e @__libc_malloc+14    : cmp	DS:[rip + 0xabceb], 0 
60238000: system.cpu: T0 : 0x41f515 @__libc_malloc+21    : jz	0x215                  
60238000: system.cpu: T0 : 0x41f51b @__libc_malloc+27    : test	rbp                  
60239000: system.cpu: T0 : 0x41f51e @__libc_malloc+30    : js	0x21a                  
60239000: system.cpu: T0 : 0x41f524 @__libc_malloc+36    : lea	rax, SS:[rbp + 0x17]  
60239000: system.cpu: T0 : 0x41f528 @__libc_malloc+40    : xor	r12d                  
60239000: system.cpu: T0 : 0x41f52b @__libc_malloc+43    : cmp	rax, 0x1f             
60239000: system.cpu: T0 : 0x41f52f @__libc_malloc+47    : jnbe	0xdb                 
60251000: system.cpu: T0 : 0x41f610 @__libc_malloc+272    : and	rax, 0xfffffffffffffff0
60251000: system.cpu: T0 : 0x41f614 @__libc_malloc+276    : lea	r12, DS:[rax + 0xffffffffffffffef]
60251000: system.cpu: T0 : 0x41f618 @__libc_malloc+280    : shr	0x4                   
60251000: system.cpu: T0 : 0x41f61c @__libc_malloc+284    : jmp	0xffffffffffffff14    
60253000: system.cpu: T0 : 0x41f535 @__libc_malloc+53    : mov	rdx, FS:[t0 + t0 + 0xffffffffffffffc0]
60267000: system.cpu: T0 : 0x41f53e @__libc_malloc+62    : test	rdx                  
60267000: system.cpu: T0 : 0x41f541 @__libc_malloc+65    : jz	0xe1                   
60267000: system.cpu: T0 : 0x41f547 @__libc_malloc+71    : cmp	DS:[rip + 0xa525a], r12
60267000: system.cpu: T0 : 0x41f54e @__libc_malloc+78    : jnbe	0x10c                
60282000: system.cpu: T0 : 0x41f554 @__libc_malloc+84    : mov	eax, FS:[t0 + t0 + 0x18]
60282000: system.cpu: T0 : 0x41f55c @__libc_malloc+92    : test	eax                  
60282000: system.cpu: T0 : 0x41f55e @__libc_malloc+94    : jz	0x144                  
60284000: system.cpu: T0 : 0x41f6a8 @__libc_malloc+424    : mov	rbp                   
60284000: system.cpu: T0 : 0x41f6ab @__libc_malloc+427    : lea	rbp, DS:[rip + 0xa512e]
60284000: system.cpu: T0 : 0x41f6b2 @__libc_malloc+434    : mov	rbp                   
60284000: system.cpu: T0 : 0x41f6b5 @__libc_malloc+437    : call	0xffffffffffffe776   
60302000: system.cpu: T0 : 0x41de30 @_int_malloc    : test	rsi                  
60302000: system.cpu: T0 : 0x41de33 @_int_malloc+3    : js	0x6b7                  
60302000: system.cpu: T0 : 0x41de39 @_int_malloc+9    : push	r15                  
60302000: system.cpu: T0 : 0x41de3b @_int_malloc+11    : lea	rax, DS:[rsi + 0x17]  
60304000: system.cpu: T0 : 0x41de3f @_int_malloc+15    : push	r14                  
60304000: system.cpu: T0 : 0x41de41 @_int_malloc+17    : push	r13                  
60304000: system.cpu: T0 : 0x41de43 @_int_malloc+19    : push	r12                  
60304000: system.cpu: T0 : 0x41de45 @_int_malloc+21    : push	rbp                  
60305000: system.cpu: T0 : 0x41de46 @_int_malloc+22    : mov	rsi                   
60305000: system.cpu: T0 : 0x41de49 @_int_malloc+25    : push	rbx                  
60305000: system.cpu: T0 : 0x41de4a @_int_malloc+26    : mov	rdi                   
60305000: system.cpu: T0 : 0x41de4d @_int_malloc+29    : sub	rsp, 0x98             
60305000: system.cpu: T0 : 0x41de54 @_int_malloc+36    : cmp	rax, 0x1f             
60306000: system.cpu: T0 : 0x41de58 @_int_malloc+40    : jnbe	0x11a                
60332000: system.cpu: T0 : 0x41df78 @_int_malloc+328    : and	rax, 0xfffffffffffffff0
60332000: system.cpu: T0 : 0x41df7c @_int_malloc+332    : mov	rax                   
60358000: system.cpu: T0 : 0x41df7f @_int_malloc+335    : test	rdi                  
60358000: system.cpu: T0 : 0x41df82 @_int_malloc+338    : jz	0x52e                  
60358000: system.cpu: T0 : 0x41df88 @_int_malloc+344    : mov	eax                   
60358000: system.cpu: T0 : 0x41df8b @_int_malloc+347    : shr	0x4                   
60358000: system.cpu: T0 : 0x41df8f @_int_malloc+351    : cmp	rax, DS:[rip + 0xad282]
60359000: system.cpu: T0 : 0x41df96 @_int_malloc+358    : jbe	0x234                 
60359000: system.cpu: T0 : 0x41df9c @_int_malloc+364    : cmp	rax, 0x3ff            
60359000: system.cpu: T0 : 0x41dfa2 @_int_malloc+370    : jbe	0xa00                 
60360000: system.cpu: T0 : 0x41dfa8 @_int_malloc+376    : mov	edx, 0x2              
60360000: system.cpu: T0 : 0x41dfad @_int_malloc+381    : mov	rax                   
60360000: system.cpu: T0 : 0x41dfb0 @_int_malloc+384    : mov	rax                   
60360000: system.cpu: T0 : 0x41dfb3 @_int_malloc+387    : mov	rax                   
60360000: system.cpu: T0 : 0x41dfb6 @_int_malloc+390    : shr	0xc                   
60360000: system.cpu: T0 : 0x41dfba @_int_malloc+394    : mov	rax                   
60386000: system.cpu: T0 : 0x41dfbd @_int_malloc+397    : shr	0x12                  
60386000: system.cpu: T0 : 0x41dfc1 @_int_malloc+401    : shr	0xf                   
60386000: system.cpu: T0 : 0x41dfc5 @_int_malloc+405    : shr	0x6                   
60386000: system.cpu: T0 : 0x41dfc9 @_int_malloc+409    : lea	r10d, DS:[rsi + 0x6e] 
60386000: system.cpu: T0 : 0x41dfcd @_int_malloc+413    : mov	SS:[t0 + rsp + 0x68], rsi
60386000: system.cpu: T0 : 0x41dfd2 @_int_malloc+418    : shr	0x9                   
60386000: system.cpu: T0 : 0x41dfd6 @_int_malloc+422    : cmp	rdx                   
60386000: system.cpu: T0 : 0x41dfd9 @_int_malloc+425    : lea	r9d, DS:[r15 + 0x77]  
60387000: system.cpu: T0 : 0x41dfdd @_int_malloc+429    : mov	SS:[t0 + rsp + 0x70], r15
60387000: system.cpu: T0 : 0x41dfe2 @_int_malloc+434    : cmovnbe	rax               
60387000: system.cpu: T0 : 0x41dfe6 @_int_malloc+438    : mov	r15                   
60387000: system.cpu: T0 : 0x41dfe9 @_int_malloc+441    : lea	r15d, DS:[rcx + 0x5b] 
60387000: system.cpu: T0 : 0x41dfed @_int_malloc+445    : mov	SS:[t0 + rsp + 0x50], rdi
60387000: system.cpu: T0 : 0x41dff2 @_int_malloc+450    : mov	SS:[t0 + rsp + 0x60], rcx
60387000: system.cpu: T0 : 0x41dff7 @_int_malloc+455    : lea	r11d, DS:[rax + 0x7c] 
60388000: system.cpu: T0 : 0x41dffb @_int_malloc+459    : mov	rsi                   
60388000: system.cpu: T0 : 0x41dffe @_int_malloc+462    : mov	edi                   
60414000: system.cpu: T0 : 0x41e000 @_int_malloc+464    : mov	SS:[t0 + rsp + 0x7c], r9
60414000: system.cpu: T0 : 0x41e005 @_int_malloc+469    : add	esi, 0x30             
60414000: system.cpu: T0 : 0x41e008 @_int_malloc+472    : mov	SS:[t0 + rsp + 0x78], r11
60414000: system.cpu: T0 : 0x41e00d @_int_malloc+477    : mov	SS:[t0 + rsp + 0x80], r10
60414000: system.cpu: T0 : 0x41e015 @_int_malloc+485    : mov	SS:[t0 + rsp + 0x84], r15
60414000: system.cpu: T0 : 0x41e01d @_int_malloc+493    : mov	SS:[t0 + rsp + 0x5c], rsi
60414000: system.cpu: T0 : 0x41e021 @_int_malloc+497    : mov	SS:[t0 + rsp + 0x1c], rsi
60415000: system.cpu: T0 : 0x41e025 @_int_malloc+501    : cmp	rdi, 0x30             
60415000: system.cpu: T0 : 0x41e029 @_int_malloc+505    : jbe	0x1d                  
60427000: system.cpu: T0 : 0x41e02b @_int_malloc+507    : mov	SS:[t0 + rsp + 0x1c], r15
60427000: system.cpu: T0 : 0x41e030 @_int_malloc+512    : cmp	rcx, 0x14             
60427000: system.cpu: T0 : 0x41e034 @_int_malloc+516    : jbe	0x12                  
60439000: system.cpu: T0 : 0x41e048 @_int_malloc+536    : mov	eax, DS:[rbx + 0x8]   
60439000: system.cpu: T0 : 0x41e04b @_int_malloc+539    : test	eax                  
60439000: system.cpu: T0 : 0x41e04d @_int_malloc+541    : jz	0x262                  
60454000: system.cpu: T0 : 0x41e2b5 @_int_malloc+1157    : lea	rax, DS:[r13 + 0xffffffffffffffef]
60454000: system.cpu: T0 : 0x41e2b9 @_int_malloc+1161    : shr	0x4                   
60454000: system.cpu: T0 : 0x41e2bd @_int_malloc+1165    : mov	rax                   
60456000: system.cpu: T0 : 0x41e2c0 @_int_malloc+1168    : xor	eax                   
60456000: system.cpu: T0 : 0x41e2c2 @_int_malloc+1170    : mov	SS:[t0 + rsp + 0x10], rax
60456000: system.cpu: T0 : 0x41e2c7 @_int_malloc+1175    : cmp	FS:[t0 + t0 + 0xffffffffffffffc0], 0
60456000: system.cpu: T0 : 0x41e2d1 @_int_malloc+1185    : jz	0x10                   
60457000: system.cpu: T0 : 0x41e2d3 @_int_malloc+1187    : cmp	DS:[rip + 0xa64ce], r15
60457000: system.cpu: T0 : 0x41e2da @_int_malloc+1194    : cmovnbe	rax               
60457000: system.cpu: T0 : 0x41e2de @_int_malloc+1198    : mov	SS:[t0 + rsp + 0x10], rax
60457000: system.cpu: T0 : 0x41e2e3 @_int_malloc+1203    : lea	r11, DS:[rbx + 0x60]  
60457000: system.cpu: T0 : 0x41e2e7 @_int_malloc+1207    : mov	SS:[t0 + rsp + 0x58], r14
60458000: system.cpu: T0 : 0x41e2ec @_int_malloc+1212    : mov	SS:[t0 + rsp + 0x8], 0
60458000: system.cpu: T0 : 0x41e2f5 @_int_malloc+1221    : movd	XMM1                 
60458000: system.cpu: T0 : 0x41e2fa @_int_malloc+1226    : mov	SS:[t0 + rsp + 0x30], rbp
60460000: system.cpu: T0 : 0x41e2ff @_int_malloc+1231    : punpcklqdq	XMM1           
60460000: system.cpu: T0 : 0x41e303 @_int_malloc+1235    : mov	rdx, DS:[rbx + 0x78]  
60460000: system.cpu: T0 : 0x41e307 @_int_malloc+1239    : cmp	r11                   
60460000: system.cpu: T0 : 0x41e30a @_int_malloc+1242    : jz	0x378                  
60462000: system.cpu: T0 : 0x41e688 @_int_malloc+2136    : cmp	r13, 0x3ff            
60462000: system.cpu: T0 : 0x41e68f @_int_malloc+2143    : jbe	0x22                  
60462000: system.cpu: T0 : 0x41e691 @_int_malloc+2145    : mov	rax, SS:[t0 + rsp + 0x1c]
60462000: system.cpu: T0 : 0x41e695 @_int_malloc+2149    : lea	eax, DS:[rax + rax + 0xc]
60462000: system.cpu: T0 : 0x41e699 @_int_malloc+2153    : lea	rdx, DS:[8*rax + rbx] 
60463000: system.cpu: T0 : 0x41e69d @_int_malloc+2157    : mov	rax, DS:[rdx]         
60463000: system.cpu: T0 : 0x41e6a0 @_int_malloc+2160    : lea	rcx, DS:[rdx + 0xfffffffffffffff0]
60463000: system.cpu: T0 : 0x41e6a4 @_int_malloc+2164    : cmp	rcx                   
60463000: system.cpu: T0 : 0x41e6a7 @_int_malloc+2167    : jz	0xa                    
60464000: system.cpu: T0 : 0x41e6b3 @_int_malloc+2179    : mov	rax, SS:[t0 + rsp + 0x1c]
60464000: system.cpu: T0 : 0x41e6b7 @_int_malloc+2183    : lea	ecx, DS:[rax + 0x1]   
60464000: system.cpu: T0 : 0x41e6ba @_int_malloc+2186    : lea	eax, DS:[rax + rax + 0xe]
60464000: system.cpu: T0 : 0x41e6be @_int_malloc+2190    : mov	ecx                   
60466000: system.cpu: T0 : 0x41e6c0 @_int_malloc+2192    : lea	rdx, DS:[8*rax + rbx + 0xfffffffffffffff0]
60466000: system.cpu: T0 : 0x41e6c5 @_int_malloc+2197    : shr	0x5                   
60466000: system.cpu: T0 : 0x41e6c8 @_int_malloc+2200    : mov	edi                   
60466000: system.cpu: T0 : 0x41e6ca @_int_malloc+2202    : mov	esi, DS:[4*rax + rbx + 0x860]
60466000: system.cpu: T0 : 0x41e6d1 @_int_malloc+2209    : mov	eax, 0x1              
60466000: system.cpu: T0 : 0x41e6d6 @_int_malloc+2214    : sal	ecx                   
60466000: system.cpu: T0 : 0x41e6d8 @_int_malloc+2216    : hint	                     
60466000: system.cpu: T0 : 0x41e6e0 @_int_malloc+2224    : cmp	esi                   
60467000: system.cpu: T0 : 0x41e6e2 @_int_malloc+2226    : jnbe	0x1b8                
60492000: system.cpu: T0 : 0x41e8a0 @_int_malloc+2672    : lea	eax, DS:[rdi + 0x1]   
60492000: system.cpu: T0 : 0x41e8a3 @_int_malloc+2675    : cmp	edi, 0x3              
60492000: system.cpu: T0 : 0x41e8a6 @_int_malloc+2678    : jz	0x3d                   
60510000: system.cpu: T0 : 0x41e8e5 @_int_malloc+2741    : mov	rax, DS:[rbx + 0x60]  
60510000: system.cpu: T0 : 0x41e8e9 @_int_malloc+2745    : mov	rdx, DS:[rax + 0x8]   
60510000: system.cpu: T0 : 0x41e8ed @_int_malloc+2749    : and	rdx, 0xfffffffffffffff8
60510000: system.cpu: T0 : 0x41e8f1 @_int_malloc+2753    : cmp	DS:[rbx + 0x888], rdx 
60510000: system.cpu: T0 : 0x41e8f8 @_int_malloc+2760    : jb	0x23a                  
60513000: system.cpu: T0 : 0x41e8fe @_int_malloc+2766    : lea	rcx, DS:[r13 + 0x20]  
60513000: system.cpu: T0 : 0x41e902 @_int_malloc+2770    : cmp	rdx                   
60513000: system.cpu: T0 : 0x41e905 @_int_malloc+2773    : jbe	0x378                 
60515000: system.cpu: T0 : 0x41ec83 @_int_malloc+3667    : lea	rcx, DS:[rip + 0xa5b56]
60515000: system.cpu: T0 : 0x41ec8a @_int_malloc+3674    : lea	rsi, DS:[r13 + rax]   
60515000: system.cpu: T0 : 0x41ec8e @_int_malloc+3678    : mov	rbp, SS:[t0 + rsp + 0x30]
60515000: system.cpu: T0 : 0x41ec93 @_int_malloc+3683    : cmp	rcx                   
60515000: system.cpu: T0 : 0x41ec96 @_int_malloc+3686    : mov	DS:[rbx + 0x60], rsi  
60515000: system.cpu: T0 : 0x41ec9a @_int_malloc+3690    : lea	r9, DS:[rax + 0x10]   
60515000: system.cpu: T0 : 0x41ec9e @_int_malloc+3694    : setnz	                    
60516000: system.cpu: T0 : 0x41eca1 @_int_malloc+3697    : sub	r13                   
60516000: system.cpu: T0 : 0x41eca4 @_int_malloc+3700    : movzx	ecx                 
60516000: system.cpu: T0 : 0x41eca7 @_int_malloc+3703    : or	rdx, 0x1               
60516000: system.cpu: T0 : 0x41ecab @_int_malloc+3707    : sal	0x2                   
60516000: system.cpu: T0 : 0x41ecaf @_int_malloc+3711    : or	r13                    
60517000: system.cpu: T0 : 0x41ecb2 @_int_malloc+3714    : or	rcx, 0x1               
60517000: system.cpu: T0 : 0x41ecb6 @_int_malloc+3718    : mov	DS:[rax + 0x8], rcx   
60517000: system.cpu: T0 : 0x41ecba @_int_malloc+3722    : mov	eax, DS:[rip + 0xac554]
60519000: system.cpu: T0 : 0x41ecc0 @_int_malloc+3728    : mov	DS:[rsi + 0x8], rdx   
60690000: system.cpu: T0 : 0x41ecc0 @_int_malloc+3728    : mov	DS:[rsi + 0x8], rdx   
60690000: system.cpu: T0 : 0x41ecc4 @_int_malloc+3732    : test	eax                  
60690000: system.cpu: T0 : 0x41ecc6 @_int_malloc+3734    : jz	0xfffffffffffff80a     
60692000: system.cpu: T0 : 0x41e4d6 @_int_malloc+1702    : add	rsp, 0x98             
60692000: system.cpu: T0 : 0x41e4dd @_int_malloc+1709    : mov	r9                    
60692000: system.cpu: T0 : 0x41e4e0 @_int_malloc+1712    : pop	rbx                   
60692000: system.cpu: T0 : 0x41e4e1 @_int_malloc+1713    : pop	rbp                   
60693000: system.cpu: T0 : 0x41e4e2 @_int_malloc+1714    : pop	r12                   
60693000: system.cpu: T0 : 0x41e4e4 @_int_malloc+1716    : pop	r13                   
60693000: system.cpu: T0 : 0x41e4e6 @_int_malloc+1718    : pop	r14                   
60694000: system.cpu: T0 : 0x41e4e8 @_int_malloc+1720    : pop	r15                   
60694000: system.cpu: T0 : 0x41e4ea @_int_malloc+1722    : ret	                      
60696000: system.cpu: T0 : 0x41f6ba @__libc_malloc+442    : test	rax                  
60698000: system.cpu: T0 : 0x41f6bd @__libc_malloc+445    : jz	0x9d                   
60698000: system.cpu: T0 : 0x41f6c3 @__libc_malloc+451    : mov	rdx, DS:[rax + 0xfffffffffffffff8]
60698000: system.cpu: T0 : 0x41f6c7 @__libc_malloc+455    : test	dl, 0x2              
60698000: system.cpu: T0 : 0x41f6ca @__libc_malloc+458    : jnz	0xffffffffffffff2f    
60701000: system.cpu: T0 : 0x41f6d0 @__libc_malloc+464    : and	edx, 0x4              
60701000: system.cpu: T0 : 0x41f6d3 @__libc_malloc+467    : jz	0xffffffffffffff26     
60705000: system.cpu: T0 : 0x41f5ff @__libc_malloc+255    : add	rsp, 0x18             
60705000: system.cpu: T0 : 0x41f603 @__libc_malloc+259    : pop	rbp                   
60705000: system.cpu: T0 : 0x41f604 @__libc_malloc+260    : pop	r12                   
60706000: system.cpu: T0 : 0x41f606 @__libc_malloc+262    : ret	                      
60708000: system.cpu: T0 : 0x4712dd @_IO_file_doallocate+237    : mov	rax                   
60708000: system.cpu: T0 : 0x4712e0 @_IO_file_doallocate+240    : test	rax                  
60708000: system.cpu: T0 : 0x4712e3 @_IO_file_doallocate+243    : jnz	0xffffffffffffffa8    
60721000: system.cpu: T0 : 0x47128d @_IO_file_doallocate+157    : lea	rdx, DS:[rbx + rax]   
60721000: system.cpu: T0 : 0x471291 @_IO_file_doallocate+161    : mov	ecx, 0x1              
60721000: system.cpu: T0 : 0x471296 @_IO_file_doallocate+166    : mov	rbp                   
60721000: system.cpu: T0 : 0x471299 @_IO_file_doallocate+169    : call	0xfffffffffffa6bd2   
60723000: system.cpu: T0 : 0x417e70 @_IO_setb    : hint	                     
60723000: system.cpu: T0 : 0x417e74 @_IO_setb+4    : push	rbp                  
60723000: system.cpu: T0 : 0x417e75 @_IO_setb+5    : movd	XMM0                 
60723000: system.cpu: T0 : 0x417e7a @_IO_setb+10    : movd	XMM1                 
60740000: system.cpu: T0 : 0x417e7f @_IO_setb+15    : mov	ecx                   
60740000: system.cpu: T0 : 0x417e81 @_IO_setb+17    : push	rbx                  
60740000: system.cpu: T0 : 0x417e82 @_IO_setb+18    : mov	rdi                   
60740000: system.cpu: T0 : 0x417e85 @_IO_setb+21    : punpcklqdq	XMM0           
60740000: system.cpu: T0 : 0x417e89 @_IO_setb+25    : sub	rsp, 0x18             
60740000: system.cpu: T0 : 0x417e8d @_IO_setb+29    : mov	rdi, DS:[rdi + 0x38]  
60741000: system.cpu: T0 : 0x417e91 @_IO_setb+33    : mov	eax, DS:[rbx]         
60741000: system.cpu: T0 : 0x417e93 @_IO_setb+35    : test	rdi                  
60741000: system.cpu: T0 : 0x417e96 @_IO_setb+38    : jz	0x4                    
60754000: system.cpu: T0 : 0x417e9c @_IO_setb+44    : mov	eax                   
60754000: system.cpu: T0 : 0x417e9e @_IO_setb+46    : or	eax, 0x1               
60754000: system.cpu: T0 : 0x417ea1 @_IO_setb+49    : movups	DS:[rbx + 0x38], XMM0
60754000: system.cpu: T0 : 0x417ea5 @_IO_setb+53    : and	edx, 0xfffffffffffffffe
60754000: system.cpu: T0 : 0x417ea8 @_IO_setb+56    : test	ebp                  
60755000: system.cpu: T0 : 0x417eaa @_IO_setb+58    : cmovnz	eax                
60755000: system.cpu: T0 : 0x417ead @_IO_setb+61    : mov	DS:[rbx], eax         
60755000: system.cpu: T0 : 0x417eaf @_IO_setb+63    : add	rsp, 0x18             
60755000: system.cpu: T0 : 0x417eb3 @_IO_setb+67    : pop	rbx                   
60756000: system.cpu: T0 : 0x417eb4 @_IO_setb+68    : pop	rbp                   
60756000: system.cpu: T0 : 0x417eb5 @_IO_setb+69    : ret	                      
60758000: system.cpu: T0 : 0x47129e @_IO_file_doallocate+174    : mov	eax, 0x1              
60758000: system.cpu: T0 : 0x4712a3 @_IO_file_doallocate+179    : mov	rdx, SS:[t0 + rsp + 0x98]
60758000: system.cpu: T0 : 0x4712ab @_IO_file_doallocate+187    : sub	rdx, FS:[t0 + t0 + 0x28]
60758000: system.cpu: T0 : 0x4712b4 @_IO_file_doallocate+196    : jnz	0xa0                  
60760000: system.cpu: T0 : 0x4712ba @_IO_file_doallocate+202    : add	rsp, 0xa0             
60760000: system.cpu: T0 : 0x4712c1 @_IO_file_doallocate+209    : pop	rbx                   
60760000: system.cpu: T0 : 0x4712c2 @_IO_file_doallocate+210    : pop	rbp                   
60761000: system.cpu: T0 : 0x4712c3 @_IO_file_doallocate+211    : pop	r12                   
60761000: system.cpu: T0 : 0x4712c5 @_IO_file_doallocate+213    : ret	                      
60763000: system.cpu: T0 : 0x417f31 @_IO_doallocbuf+81    : cmp	eax, 0xffffffffffffffff
60763000: system.cpu: T0 : 0x417f34 @_IO_doallocbuf+84    : jnz	0x34                  
60775000: system.cpu: T0 : 0x417f6a @_IO_doallocbuf+138    : pop	rbx                   
60775000: system.cpu: T0 : 0x417f6b @_IO_doallocbuf+139    : pop	rbp                   
60775000: system.cpu: T0 : 0x417f6c @_IO_doallocbuf+140    : pop	r12                   
60776000: system.cpu: T0 : 0x417f6e @_IO_doallocbuf+142    : ret	                      
60778000: system.cpu: T0 : 0x417070 @_IO_new_file_overflow+416    : mov	rdx, SS:[rbp + 0x38]  
60778000: system.cpu: T0 : 0x417074 @_IO_new_file_overflow+420    : mov	eax, SS:[rbp]         
60778000: system.cpu: T0 : 0x417077 @_IO_new_file_overflow+423    : movd	XMM0                 
60778000: system.cpu: T0 : 0x41707c @_IO_new_file_overflow+428    : mov	SS:[rbp + 0x18], rdx  
60780000: system.cpu: T0 : 0x417080 @_IO_new_file_overflow+432    : punpcklqdq	XMM0           
60780000: system.cpu: T0 : 0x417084 @_IO_new_file_overflow+436    : movups	SS:[rbp + 0x8], XMM0
60780000: system.cpu: T0 : 0x417088 @_IO_new_file_overflow+440    : jmp	0xfffffffffffffec0    
60782000: system.cpu: T0 : 0x416f4d @_IO_new_file_overflow+125    : test	spl, 0x1             
60782000: system.cpu: T0 : 0x416f50 @_IO_new_file_overflow+128    : jnz	0x13a                 
60782000: system.cpu: T0 : 0x416f56 @_IO_new_file_overflow+134    : mov	rsi, SS:[rbp + 0x40]  
60782000: system.cpu: T0 : 0x416f5a @_IO_new_file_overflow+138    : cmp	rdx                   
60782000: system.cpu: T0 : 0x416f5d @_IO_new_file_overflow+141    : jz	0xcd                   
60794000: system.cpu: T0 : 0x416f63 @_IO_new_file_overflow+147    : mov	rcx, SS:[rbp + 0x10]  
60794000: system.cpu: T0 : 0x416f67 @_IO_new_file_overflow+151    : mov	SS:[rbp + 0x8], rcx   
60794000: system.cpu: T0 : 0x416f6b @_IO_new_file_overflow+155    : mov	SS:[rbp + 0x18], rcx  
60794000: system.cpu: T0 : 0x416f6f @_IO_new_file_overflow+159    : mov	eax                   
60794000: system.cpu: T0 : 0x416f71 @_IO_new_file_overflow+161    : or	bpl, 0x8               
60794000: system.cpu: T0 : 0x416f74 @_IO_new_file_overflow+164    : mov	SS:[rbp + 0x30], rsi  
60794000: system.cpu: T0 : 0x416f78 @_IO_new_file_overflow+168    : mov	rdx                   
60795000: system.cpu: T0 : 0x416f7b @_IO_new_file_overflow+171    : mov	SS:[rbp], ecx         
60797000: system.cpu: T0 : 0x416f7e @_IO_new_file_overflow+174    : mov	ecx, SS:[rbp + 0xc0]  
60797000: system.cpu: T0 : 0x416f84 @_IO_new_file_overflow+180    : mov	SS:[rbp + 0x28], rdx  
60797000: system.cpu: T0 : 0x416f88 @_IO_new_file_overflow+184    : mov	SS:[rbp + 0x20], rdx  
60797000: system.cpu: T0 : 0x416f8c @_IO_new_file_overflow+188    : test	ecx                  
60797000: system.cpu: T0 : 0x416f8e @_IO_new_file_overflow+190    : jnle	0xffffffffffffff69   
60797000: system.cpu: T0 : 0x416f94 @_IO_new_file_overflow+196    : test	eax, 0x202           
60798000: system.cpu: T0 : 0x416f99 @_IO_new_file_overflow+201    : jz	0xffffffffffffff5e     
60812000: system.cpu: T0 : 0x416efd @_IO_new_file_overflow+45    : cmp	ebx, 0xffffffffffffffff
60814000: system.cpu: T0 : 0x416f00 @_IO_new_file_overflow+48    : jz	0xa6                   
60826000: system.cpu: T0 : 0x416fac @_IO_new_file_overflow+220    : pop	rbx                   
60826000: system.cpu: T0 : 0x416fad @_IO_new_file_overflow+221    : mov	rbp                   
60826000: system.cpu: T0 : 0x416fb0 @_IO_new_file_overflow+224    : sub	rsi                   
60826000: system.cpu: T0 : 0x416fb3 @_IO_new_file_overflow+227    : pop	rbp                   
60827000: system.cpu: T0 : 0x416fb4 @_IO_new_file_overflow+228    : pop	r12                   
60827000: system.cpu: T0 : 0x416fb6 @_IO_new_file_overflow+230    : jmp	0xfffffffffffff495    
60900000: system.cpu: T0 : 0x416450 @_IO_do_write    : hint	                     
60900000: system.cpu: T0 : 0x416454 @_IO_do_write+4    : xor	eax                   
60900000: system.cpu: T0 : 0x416456 @_IO_do_write+6    : test	rdx                  
60900000: system.cpu: T0 : 0x416459 @_IO_do_write+9    : jnz	0x5                   
60900000: system.cpu: T0 : 0x41645b @_IO_do_write+11    : ret	                      
60903000: system.cpu: T0 : 0x415b47 @_IO_file_xsputn+215    : cmp	eax, 0xffffffffffffffff
60903000: system.cpu: T0 : 0x415b4a @_IO_file_xsputn+218    : jz	0x140                  
60903000: system.cpu: T0 : 0x415b50 @_IO_file_xsputn+224    : mov	rcx, SS:[rbp + 0x40]  
60903000: system.cpu: T0 : 0x415b54 @_IO_file_xsputn+228    : sub	rcx, SS:[rbp + 0x38]  
60904000: system.cpu: T0 : 0x415b58 @_IO_file_xsputn+232    : mov	r15                   
60904000: system.cpu: T0 : 0x415b5b @_IO_file_xsputn+235    : cmp	rcx, 0x7f             
60904000: system.cpu: T0 : 0x415b5f @_IO_file_xsputn+239    : jbe	0xb                   
60904000: system.cpu: T0 : 0x415b61 @_IO_file_xsputn+241    : mov	r15                   
60904000: system.cpu: T0 : 0x415b64 @_IO_file_xsputn+244    : xor	edx                   
60905000: system.cpu: T0 : 0x415b66 @_IO_file_xsputn+246    : div	                      
60906000: system.cpu: T0 : 0x415b69 @_IO_file_xsputn+249    : sub	rdx                   
60906000: system.cpu: T0 : 0x415b6c @_IO_file_xsputn+252    : test	r14                  
60906000: system.cpu: T0 : 0x415b6f @_IO_file_xsputn+255    : jnz	0x4f                  
60906000: system.cpu: T0 : 0x415b71 @_IO_file_xsputn+257    : mov	rbx                   
60907000: system.cpu: T0 : 0x415b74 @_IO_file_xsputn+260    : test	r15                  
60907000: system.cpu: T0 : 0x415b77 @_IO_file_xsputn+263    : jz	0xffffffffffffff61     
60909000: system.cpu: T0 : 0x415b7d @_IO_file_xsputn+269    : lea	rsi, DS:[r14 + r13]   
60909000: system.cpu: T0 : 0x415b82 @_IO_file_xsputn+274    : mov	r15                   
60909000: system.cpu: T0 : 0x415b85 @_IO_file_xsputn+277    : mov	rbp                   
60909000: system.cpu: T0 : 0x415b88 @_IO_file_xsputn+280    : call	0x2483               
61021000: system.cpu: T0 : 0x418010 @_IO_default_xsputn    : hint	                     
61021000: system.cpu: T0 : 0x418014 @_IO_default_xsputn+4    : test	rdx                  
61021000: system.cpu: T0 : 0x418017 @_IO_default_xsputn+7    : jz	0x1a3                  
61021000: system.cpu: T0 : 0x41801d @_IO_default_xsputn+13    : push	r15                  
61021000: system.cpu: T0 : 0x41801f @_IO_default_xsputn+15    : push	r14                  
61022000: system.cpu: T0 : 0x418021 @_IO_default_xsputn+17    : mov	rsi                   
61022000: system.cpu: T0 : 0x418024 @_IO_default_xsputn+20    : push	r13                  
61022000: system.cpu: T0 : 0x418026 @_IO_default_xsputn+22    : mov	rdx                   
61022000: system.cpu: T0 : 0x418029 @_IO_default_xsputn+25    : push	r12                  
61022000: system.cpu: T0 : 0x41802b @_IO_default_xsputn+27    : mov	rdi                   
61023000: system.cpu: T0 : 0x41802e @_IO_default_xsputn+30    : push	rbp                  
61023000: system.cpu: T0 : 0x41802f @_IO_default_xsputn+31    : mov	rdx                   
61023000: system.cpu: T0 : 0x418032 @_IO_default_xsputn+34    : push	rbx                  
61023000: system.cpu: T0 : 0x418033 @_IO_default_xsputn+35    : sub	rsp, 0x8              
61023000: system.cpu: T0 : 0x418037 @_IO_default_xsputn+39    : jmp	0x57                  
61124000: system.cpu: T0 : 0x418090 @_IO_default_xsputn+128    : mov	rdi, DS:[t0 + r12 + 0x28]
61124000: system.cpu: T0 : 0x418095 @_IO_default_xsputn+133    : mov	rbx, DS:[t0 + r12 + 0x30]
61124000: system.cpu: T0 : 0x41809a @_IO_default_xsputn+138    : cmp	rbx                   
61124000: system.cpu: T0 : 0x41809d @_IO_default_xsputn+141    : jnb	0xffffffffffffffad    
61124000: system.cpu: T0 : 0x41809f @_IO_default_xsputn+143    : sub	rdi                   
61124000: system.cpu: T0 : 0x4180a2 @_IO_default_xsputn+146    : cmp	rbp                   
61125000: system.cpu: T0 : 0x4180a5 @_IO_default_xsputn+149    : cmovnbe	rbx               
61125000: system.cpu: T0 : 0x4180a9 @_IO_default_xsputn+153    : cmp	rbx, 0x14             
61125000: system.cpu: T0 : 0x4180ad @_IO_default_xsputn+157    : jbe	0xffffffffffffff91    
61143000: system.cpu: T0 : 0x418040 @_IO_default_xsputn+48    : test	rbx                  
61143000: system.cpu: T0 : 0x418043 @_IO_default_xsputn+51    : jnz	0xa7                  
61222000: system.cpu: T0 : 0x4180f0 @_IO_default_xsputn+224    : lea	rcx, DS:[r14 + 0x1]   
61222000: system.cpu: T0 : 0x4180f4 @_IO_default_xsputn+228    : mov	rdi                   
61222000: system.cpu: T0 : 0x4180f7 @_IO_default_xsputn+231    : lea	rax, DS:[rbx + 0xffffffffffffffff]
61222000: system.cpu: T0 : 0x4180fb @_IO_default_xsputn+235    : sub	rcx                   
61317000: system.cpu: T0 : 0x4180fe @_IO_default_xsputn+238    : cmp	rdx, 0xe              
61317000: system.cpu: T0 : 0x418102 @_IO_default_xsputn+242    : jbe	0xc0                  
61317000: system.cpu: T0 : 0x418108 @_IO_default_xsputn+248    : cmp	rax, 0x6              
61317000: system.cpu: T0 : 0x41810c @_IO_default_xsputn+252    : jbe	0xb6                  
61318000: system.cpu: T0 : 0x418112 @_IO_default_xsputn+258    : cmp	rax, 0xe              
61318000: system.cpu: T0 : 0x418116 @_IO_default_xsputn+262    : jbe	0x82                  
61423000: system.cpu: T0 : 0x41819e @_IO_default_xsputn+398    : mov	rax, DS:[r14]         
61423000: system.cpu: T0 : 0x4181a1 @_IO_default_xsputn+401    : lea	rdx, DS:[r14 + 0x8]   
61423000: system.cpu: T0 : 0x4181a5 @_IO_default_xsputn+405    : lea	rcx, DS:[rbx + 0xfffffffffffffff7]
61423000: system.cpu: T0 : 0x4181a9 @_IO_default_xsputn+409    : mov	DS:[rdi], rax         
61423000: system.cpu: T0 : 0x4181ac @_IO_default_xsputn+412    : lea	rax, DS:[rdi + 0x8]   
61423000: system.cpu: T0 : 0x4181b0 @_IO_default_xsputn+416    : cmp	rbx, 0x8              
61423000: system.cpu: T0 : 0x4181b4 @_IO_default_xsputn+420    : jnz	0xffffffffffffff80    
61424000: system.cpu: T0 : 0x4181b6 @_IO_default_xsputn+422    : jmp	0xffffffffffffffd6    
61429000: system.cpu: T0 : 0x41818e @_IO_default_xsputn+382    : add	rbx                   
61429000: system.cpu: T0 : 0x418191 @_IO_default_xsputn+385    : add	rbx                   
61429000: system.cpu: T0 : 0x418194 @_IO_default_xsputn+388    : mov	DS:[t0 + r12 + 0x28], rdi
61429000: system.cpu: T0 : 0x418199 @_IO_default_xsputn+393    : jmp	0xfffffffffffffeab    
61434000: system.cpu: T0 : 0x418049 @_IO_default_xsputn+57    : sub	rbx                   
61434000: system.cpu: T0 : 0x41804c @_IO_default_xsputn+60    : test	rbp                  
61434000: system.cpu: T0 : 0x41804f @_IO_default_xsputn+63    : jz	0x7a                   
61446000: system.cpu: T0 : 0x4180cb @_IO_default_xsputn+187    : add	rsp, 0x8              
61446000: system.cpu: T0 : 0x4180cf @_IO_default_xsputn+191    : mov	r13                   
61446000: system.cpu: T0 : 0x4180d2 @_IO_default_xsputn+194    : pop	rbx                   
61446000: system.cpu: T0 : 0x4180d3 @_IO_default_xsputn+195    : pop	rbp                   
61447000: system.cpu: T0 : 0x4180d4 @_IO_default_xsputn+196    : pop	r12                   
61447000: system.cpu: T0 : 0x4180d6 @_IO_default_xsputn+198    : pop	r13                   
61447000: system.cpu: T0 : 0x4180d8 @_IO_default_xsputn+200    : pop	r14                   
61448000: system.cpu: T0 : 0x4180da @_IO_default_xsputn+202    : pop	r15                   
61448000: system.cpu: T0 : 0x4180dc @_IO_default_xsputn+204    : ret	                      
61450000: system.cpu: T0 : 0x415b8d @_IO_file_xsputn+285    : sub	r15                   
61450000: system.cpu: T0 : 0x415b90 @_IO_file_xsputn+288    : add	rax                   
61450000: system.cpu: T0 : 0x415b93 @_IO_file_xsputn+291    : jmp	0xffffffffffffff46    
61456000: system.cpu: T0 : 0x415ade @_IO_file_xsputn+110    : add	rsp, 0x18             
61456000: system.cpu: T0 : 0x415ae2 @_IO_file_xsputn+114    : mov	r12                   
61456000: system.cpu: T0 : 0x415ae5 @_IO_file_xsputn+117    : pop	rbx                   
61456000: system.cpu: T0 : 0x415ae6 @_IO_file_xsputn+118    : pop	rbp                   
61457000: system.cpu: T0 : 0x415ae7 @_IO_file_xsputn+119    : pop	r12                   
61457000: system.cpu: T0 : 0x415ae9 @_IO_file_xsputn+121    : pop	r13                   
61457000: system.cpu: T0 : 0x415aeb @_IO_file_xsputn+123    : pop	r14                   
61458000: system.cpu: T0 : 0x415aed @_IO_file_xsputn+125    : pop	r15                   
61458000: system.cpu: T0 : 0x415aef @_IO_file_xsputn+127    : ret	                      
61460000: system.cpu: T0 : 0x40e6e4 @__vfprintf_internal+276    : cmp	rax                   
61460000: system.cpu: T0 : 0x40e6e7 @__vfprintf_internal+279    : jnz	0x14db                
61520000: system.cpu: T0 : 0x40e6ed @__vfprintf_internal+285    : movsxd	rdx                
61520000: system.cpu: T0 : 0x40e6f0 @__vfprintf_internal+288    : mov	rbx                   
61520000: system.cpu: T0 : 0x40e6f3 @__vfprintf_internal+291    : mov	ebx                   
61520000: system.cpu: T0 : 0x40e6f6 @__vfprintf_internal+294    : shr	0x3f                  
61520000: system.cpu: T0 : 0x40e6fa @__vfprintf_internal+298    : cmp	rdx                   
61522000: system.cpu: T0 : 0x40e6fd @__vfprintf_internal+301    : mov	edx, 0x1              
61522000: system.cpu: T0 : 0x40e702 @__vfprintf_internal+306    : cmovnz	eax                
61522000: system.cpu: T0 : 0x40e705 @__vfprintf_internal+309    : test	eax                  
61522000: system.cpu: T0 : 0x40e707 @__vfprintf_internal+311    : jnz	0x703                 
61522000: system.cpu: T0 : 0x40e70d @__vfprintf_internal+317    : test	ebx                  
61523000: system.cpu: T0 : 0x40e70f @__vfprintf_internal+319    : js	0x103                  
61523000: system.cpu: T0 : 0x40e715 @__vfprintf_internal+325    : mov	r13, SS:[t0 + rsp + 0x48]
61523000: system.cpu: T0 : 0x40e71a @__vfprintf_internal+330    : cmp	DS:[r13], 0           
61523000: system.cpu: T0 : 0x40e71f @__vfprintf_internal+335    : jz	0xf3                   
61524000: system.cpu: T0 : 0x40e725 @__vfprintf_internal+341    : mov	rsi, DS:[rip + 0xbd0bc]
61524000: system.cpu: T0 : 0x40e72c @__vfprintf_internal+348    : mov	SS:[t0 + rsp + 0x98], rsi
61524000: system.cpu: T0 : 0x40e734 @__vfprintf_internal+356    : test	rsi                  
61524000: system.cpu: T0 : 0x40e737 @__vfprintf_internal+359    : jnz	0x1d5b                
61527000: system.cpu: T0 : 0x40e73d @__vfprintf_internal+365    : cmp	DS:[rip + 0xbd0b3], 0 
61527000: system.cpu: T0 : 0x40e745 @__vfprintf_internal+373    : jnz	0x1735                
61527000: system.cpu: T0 : 0x40e74b @__vfprintf_internal+379    : cmp	DS:[rip + 0xbd4e5], 0 
61528000: system.cpu: T0 : 0x40e753 @__vfprintf_internal+387    : jnz	0x1727                
61528000: system.cpu: T0 : 0x40e759 @__vfprintf_internal+393    : mov	rax, SS:[t0 + rsp + 0x6c]
61528000: system.cpu: T0 : 0x40e75d @__vfprintf_internal+397    : mov	SS:[t0 + rsp + 0xa0], 0
61529000: system.cpu: T0 : 0x40e768 @__vfprintf_internal+408    : mov	SS:[t0 + rsp + 0x68], 0
61529000: system.cpu: T0 : 0x40e770 @__vfprintf_internal+416    : mov	SS:[t0 + rsp + 0x80], 0xffffffffffffffff
61529000: system.cpu: T0 : 0x40e77c @__vfprintf_internal+428    : mov	eax                   
61624000: system.cpu: T0 : 0x40e77e @__vfprintf_internal+430    : and	edi, 0x1              
61624000: system.cpu: T0 : 0x40e781 @__vfprintf_internal+433    : mov	SS:[t0 + rsp + 0xa7], rdi
61624000: system.cpu: T0 : 0x40e789 @__vfprintf_internal+441    : mov	eax                   
61624000: system.cpu: T0 : 0x40e78b @__vfprintf_internal+443    : and	eax, 0x2              
61624000: system.cpu: T0 : 0x40e78e @__vfprintf_internal+446    : and	edi, 0x8              
61625000: system.cpu: T0 : 0x40e791 @__vfprintf_internal+449    : mov	SS:[t0 + rsp + 0xa8], rax
61625000: system.cpu: T0 : 0x40e798 @__vfprintf_internal+456    : mov	SS:[t0 + rsp + 0xac], rdi
61625000: system.cpu: T0 : 0x40e79f @__vfprintf_internal+463    :   NOP                      : IntAlu : 
61625000: system.cpu: T0 : 0x40e7a0 @__vfprintf_internal+464    : movzx	ebx, DS:[r13 + 0x1] 
61625000: system.cpu: T0 : 0x40e7a5 @__vfprintf_internal+469    : lea	eax, DS:[rbx + 0xffffffffffffffe0]
61625000: system.cpu: T0 : 0x40e7a8 @__vfprintf_internal+472    : cmp	al, 0x5a              
61626000: system.cpu: T0 : 0x40e7aa @__vfprintf_internal+474    : jbe	0xe0                  
61734000: system.cpu: T0 : 0x40e890 @__vfprintf_internal+704    : movsx	edx                 
61734000: system.cpu: T0 : 0x40e893 @__vfprintf_internal+707    : lea	rax, DS:[rip + 0x89826]
61734000: system.cpu: T0 : 0x40e89a @__vfprintf_internal+714    : xor	r15d                  
61734000: system.cpu: T0 : 0x40e89d @__vfprintf_internal+717    : xor	r9d                   
61734000: system.cpu: T0 : 0x40e8a0 @__vfprintf_internal+720    : sub	edx, 0x20             
61735000: system.cpu: T0 : 0x40e8a3 @__vfprintf_internal+723    : mov	rdi, 0xffffffffffffffa0
61735000: system.cpu: T0 : 0x40e8aa @__vfprintf_internal+730    : xor	r8d                   
61735000: system.cpu: T0 : 0x40e8ad @__vfprintf_internal+733    : xor	r10d                  
61735000: system.cpu: T0 : 0x40e8b0 @__vfprintf_internal+736    : movsxd	rdx                
61735000: system.cpu: T0 : 0x40e8b3 @__vfprintf_internal+739    : lea	rdi, DS:[rip + 0xb2546]
61735000: system.cpu: T0 : 0x40e8ba @__vfprintf_internal+746    : lea	r14, DS:[r13 + 0x1]   
61830000: system.cpu: T0 : 0x40e8be @__vfprintf_internal+750    : mov	r13d, 0xffffffffffffffff
61830000: system.cpu: T0 : 0x40e8c4 @__vfprintf_internal+756    : movzx	edx, DS:[rdx + rax] 
61830000: system.cpu: T0 : 0x40e8c8 @__vfprintf_internal+760    : mov	rsi, FS:[rcx]         
61830000: system.cpu: T0 : 0x40e8cc @__vfprintf_internal+764    : lea	r11, DS:[rip + 0xb212d]
61830000: system.cpu: T0 : 0x40e8d3 @__vfprintf_internal+771    : mov	SS:[t0 + rsp + 0x78], 0
61831000: system.cpu: T0 : 0x40e8db @__vfprintf_internal+779    : mov	SS:[t0 + rsp + 0x28], 0
61831000: system.cpu: T0 : 0x40e8e3 @__vfprintf_internal+787    : mov	rdx, DS:[8*rdx + rdi] 
61831000: system.cpu: T0 : 0x40e8e7 @__vfprintf_internal+791    : mov	SS:[t0 + rsp + 0x38], rsi
61831000: system.cpu: T0 : 0x40e8ec @__vfprintf_internal+796    : mov	SS:[t0 + rsp + 0x70], 0
61831000: system.cpu: T0 : 0x40e8f4 @__vfprintf_internal+804    : mov	SS:[t0 + rsp + 0x54], 0
61927000: system.cpu: T0 : 0x40e8fc @__vfprintf_internal+812    : mov	SS:[t0 + rsp + 0x30], 0
61927000: system.cpu: T0 : 0x40e904 @__vfprintf_internal+820    : mov	SS:[t0 + rsp + 0x5c], 0
61927000: system.cpu: T0 : 0x40e90c @__vfprintf_internal+828    : mov	SS:[t0 + rsp + 0x58], 0
61927000: system.cpu: T0 : 0x40e914 @__vfprintf_internal+836    : mov	SS:[t0 + rsp + 0x40], 0x20
61928000: system.cpu: T0 : 0x40e919 @__vfprintf_internal+841    : jmp	                      
62182000: system.cpu: T0 : 0x40f360 @__vfprintf_internal+3472    : hint	                     
62182000: system.cpu: T0 : 0x40f364 @__vfprintf_internal+3476    : test	r9d                  
62182000: system.cpu: T0 : 0x40f367 @__vfprintf_internal+3479    : jz	0xba3                  
62286000: system.cpu: T0 : 0x40ff10 @__vfprintf_internal+6464    : mov	rsi, SS:[t0 + rsp + 0x20]
62286000: system.cpu: T0 : 0x40ff15 @__vfprintf_internal+6469    : mov	eax, DS:[rsi]         
62286000: system.cpu: T0 : 0x40ff17 @__vfprintf_internal+6471    : test	r15d                 
62286000: system.cpu: T0 : 0x40ff1a @__vfprintf_internal+6474    : jnz	0x1a1                 
62286000: system.cpu: T0 : 0x40ff20 @__vfprintf_internal+6480    : test	r8d                  
62286000: system.cpu: T0 : 0x40ff23 @__vfprintf_internal+6483    : jnz	0x6c5                 
62287000: system.cpu: T0 : 0x40ff29 @__vfprintf_internal+6489    : cmp	eax, 0x2f             
62287000: system.cpu: T0 : 0x40ff2c @__vfprintf_internal+6492    : jnbe	0x850                
62287000: system.cpu: T0 : 0x40ff32 @__vfprintf_internal+6498    : mov	eax                   
62288000: system.cpu: T0 : 0x40ff34 @__vfprintf_internal+6500    : add	eax, 0x8              
62288000: system.cpu: T0 : 0x40ff37 @__vfprintf_internal+6503    : add	rdx, DS:[rsi + 0x10]  
62288000: system.cpu: T0 : 0x40ff3b @__vfprintf_internal+6507    : mov	DS:[rsi], eax         
62288000: system.cpu: T0 : 0x40ff3d @__vfprintf_internal+6509    : movsxd	r9, DS:[rdx]       
62650000: system.cpu: T0 : 0x40ff40 @__vfprintf_internal+6512    : mov	r9                    
62650000: system.cpu: T0 : 0x40ff43 @__vfprintf_internal+6515    : test	r9                   
62650000: system.cpu: T0 : 0x40ff46 @__vfprintf_internal+6518    : js	0x39c                  
62650000: system.cpu: T0 : 0x40ff4c @__vfprintf_internal+6524    : xor	r9d                   
62650000: system.cpu: T0 : 0x40ff4f @__vfprintf_internal+6527    : mov	r10d, 0xa             
62650000: system.cpu: T0 : 0x40ff55 @__vfprintf_internal+6533    : jmp	0xfffffffffffff076    
62749000: system.cpu: T0 : 0x40efd0 @__vfprintf_internal+2560    : cmp	r13d, 0xffffffffffffffff
62749000: system.cpu: T0 : 0x40efd4 @__vfprintf_internal+2564    : jz	0x300                  
62854000: system.cpu: T0 : 0x40f2da @__vfprintf_internal+3338    : mov	SS:[t0 + rsp + 0x60], 0x1
62854000: system.cpu: T0 : 0x40f2e3 @__vfprintf_internal+3347    : jmp	0xfffffffffffffd08    
62859000: system.cpu: T0 : 0x40eff0 @__vfprintf_internal+2592    : xor	ecx                   
62859000: system.cpu: T0 : 0x40eff2 @__vfprintf_internal+2594    : lea	r13, SS:[t0 + rsp + 0x528]
62859000: system.cpu: T0 : 0x40effa @__vfprintf_internal+2602    : cmp	bl, 0x58              
62859000: system.cpu: T0 : 0x40effd @__vfprintf_internal+2605    : mov	r10d                  
62861000: system.cpu: T0 : 0x40f000 @__vfprintf_internal+2608    : setz	                     
62861000: system.cpu: T0 : 0x40f003 @__vfprintf_internal+2611    : mov	r11                   
62861000: system.cpu: T0 : 0x40f006 @__vfprintf_internal+2614    : mov	r13                   
62861000: system.cpu: T0 : 0x40f009 @__vfprintf_internal+2617    : mov	SS:[t0 + rsp + 0x94], r9
62861000: system.cpu: T0 : 0x40f011 @__vfprintf_internal+2625    : mov	SS:[t0 + rsp + 0x90], r10
62861000: system.cpu: T0 : 0x40f019 @__vfprintf_internal+2633    : lea	r15, SS:[t0 + rsp + 0x140]
62861000: system.cpu: T0 : 0x40f021 @__vfprintf_internal+2641    : mov	SS:[t0 + rsp + 0x88], r11
62862000: system.cpu: T0 : 0x40f029 @__vfprintf_internal+2649    : call	0x56642              
62974000: system.cpu: T0 : 0x465670 @_itoa_word    : hint	                     
62974000: system.cpu: T0 : 0x465674 @_itoa_word+4    : mov	rsi                   
62974000: system.cpu: T0 : 0x465677 @_itoa_word+7    : test	ecx                  
62974000: system.cpu: T0 : 0x465679 @_itoa_word+9    : lea	rsi, DS:[rip + 0x47120]
63069000: system.cpu: T0 : 0x465680 @_itoa_word+16    : lea	rax, DS:[rip + 0x470d9]
63069000: system.cpu: T0 : 0x465687 @_itoa_word+23    : cmovz	rsi                 
63069000: system.cpu: T0 : 0x46568b @_itoa_word+27    : cmp	edx, 0xa              
63069000: system.cpu: T0 : 0x46568e @_itoa_word+30    : jz	0x70                   
63174000: system.cpu: T0 : 0x465700 @_itoa_word+144    : mov	r9, 0xcccccccccccccccd
63174000: system.cpu: T0 : 0x46570a @_itoa_word+154    : hint	                     
63174000: system.cpu: T0 : 0x465710 @_itoa_word+160    : mov	rdi                   
63174000: system.cpu: T0 : 0x465713 @_itoa_word+163    : mov	rdi                   
63174000: system.cpu: T0 : 0x465716 @_itoa_word+166    : sub	r8, 0x1               
63174000: system.cpu: T0 : 0x46571a @_itoa_word+170    : mul	                      
63175000: system.cpu: T0 : 0x46571d @_itoa_word+173    : shr	0x3                   
63175000: system.cpu: T0 : 0x465721 @_itoa_word+177    : lea	rax, DS:[4*rdx + rdx] 
63175000: system.cpu: T0 : 0x465725 @_itoa_word+181    : add	rax                   
63175000: system.cpu: T0 : 0x465728 @_itoa_word+184    : sub	rax                   
63175000: system.cpu: T0 : 0x46572b @_itoa_word+187    : movzx	eax, DS:[rcx + rsi] 
63175000: system.cpu: T0 : 0x46572f @_itoa_word+191    : mov	DS:[r8], al           
63176000: system.cpu: T0 : 0x465732 @_itoa_word+194    : mov	rdi                   
63176000: system.cpu: T0 : 0x465735 @_itoa_word+197    : mov	rdx                   
63176000: system.cpu: T0 : 0x465738 @_itoa_word+200    : cmp	rax, 0x9              
63176000: system.cpu: T0 : 0x46573c @_itoa_word+204    : jnbe	0xffffffffffffffd2   
63306000: system.cpu: T0 : 0x465710 @_itoa_word+160    : mov	rdi                   
63306000: system.cpu: T0 : 0x465713 @_itoa_word+163    : mov	rdi                   
63306000: system.cpu: T0 : 0x465716 @_itoa_word+166    : sub	r8, 0x1               
63306000: system.cpu: T0 : 0x46571a @_itoa_word+170    : mul	                      
63306000: system.cpu: T0 : 0x46571d @_itoa_word+173    : shr	0x3                   
63307000: system.cpu: T0 : 0x465721 @_itoa_word+177    : lea	rax, DS:[4*rdx + rdx] 
63307000: system.cpu: T0 : 0x465725 @_itoa_word+181    : add	rax                   
63307000: system.cpu: T0 : 0x465728 @_itoa_word+184    : sub	rax                   
63307000: system.cpu: T0 : 0x46572b @_itoa_word+187    : movzx	eax, DS:[rcx + rsi] 
63307000: system.cpu: T0 : 0x46572f @_itoa_word+191    : mov	DS:[r8], al           
63307000: system.cpu: T0 : 0x465732 @_itoa_word+194    : mov	rdi                   
63307000: system.cpu: T0 : 0x465735 @_itoa_word+197    : mov	rdx                   
63308000: system.cpu: T0 : 0x465738 @_itoa_word+200    : cmp	rax, 0x9              
63308000: system.cpu: T0 : 0x46573c @_itoa_word+204    : jnbe	0xffffffffffffffd2   
63310000: system.cpu: T0 : 0x46573e @_itoa_word+206    : mov	r8                    
63310000: system.cpu: T0 : 0x465741 @_itoa_word+209    : ret	                      
63312000: system.cpu: T0 : 0x40f02e @__vfprintf_internal+2654    : mov	rcx, SS:[t0 + rsp + 0x80]
63312000: system.cpu: T0 : 0x40f036 @__vfprintf_internal+2662    : mov	r11, SS:[t0 + rsp + 0x88]
63314000: system.cpu: T0 : 0x40f03e @__vfprintf_internal+2670    : mov	SS:[t0 + rsp + 0x38], rax
63314000: system.cpu: T0 : 0x40f043 @__vfprintf_internal+2675    : mov	r10, SS:[t0 + rsp + 0x90]
63314000: system.cpu: T0 : 0x40f04b @__vfprintf_internal+2683    : test	rcx                  
63314000: system.cpu: T0 : 0x40f04e @__vfprintf_internal+2686    : mov	r9, SS:[t0 + rsp + 0x94]
63314000: system.cpu: T0 : 0x40f056 @__vfprintf_internal+2694    : jz	0x4d                   
63314000: system.cpu: T0 : 0x40f058 @__vfprintf_internal+2696    : mov	rdx, SS:[t0 + rsp + 0x70]
63315000: system.cpu: T0 : 0x40f05c @__vfprintf_internal+2700    : test	edx                  
63315000: system.cpu: T0 : 0x40f05e @__vfprintf_internal+2702    : jz	0x45                   
63373000: system.cpu: T0 : 0x40f0a5 @__vfprintf_internal+2773    : cmp	r10d, 0xa             
63373000: system.cpu: T0 : 0x40f0a9 @__vfprintf_internal+2777    : jnz	0x41                  
63373000: system.cpu: T0 : 0x40f0ab @__vfprintf_internal+2779    : mov	rax, SS:[t0 + rsp + 0x78]
63373000: system.cpu: T0 : 0x40f0af @__vfprintf_internal+2783    : test	eax                  
63373000: system.cpu: T0 : 0x40f0b1 @__vfprintf_internal+2785    : jz	0x39                   
63470000: system.cpu: T0 : 0x40f0ec @__vfprintf_internal+2844    : mov	r13                   
63470000: system.cpu: T0 : 0x40f0ef @__vfprintf_internal+2847    : sub	r15, SS:[t0 + rsp + 0x38]
63470000: system.cpu: T0 : 0x40f0f4 @__vfprintf_internal+2852    : cmp	r15, SS:[t0 + rsp + 0x60]
63470000: system.cpu: T0 : 0x40f0f9 @__vfprintf_internal+2857    : jnl	0x961                 
63578000: system.cpu: T0 : 0x40fa60 @__vfprintf_internal+5264    : test	r11                  
63578000: system.cpu: T0 : 0x40fa63 @__vfprintf_internal+5267    : jz	0x8e7                  
63578000: system.cpu: T0 : 0x40fa69 @__vfprintf_internal+5273    : cmp	r10d, 0x8             
63578000: system.cpu: T0 : 0x40fa6d @__vfprintf_internal+5277    : jnz	0x20                  
63676000: system.cpu: T0 : 0x40fa8f @__vfprintf_internal+5311    : mov	rdx, SS:[t0 + rsp + 0x60]
63676000: system.cpu: T0 : 0x40fa94 @__vfprintf_internal+5316    : mov	eax, 0                
63676000: system.cpu: T0 : 0x40fa99 @__vfprintf_internal+5321    : mov	rcx, SS:[t0 + rsp + 0x30]
63676000: system.cpu: T0 : 0x40fa9d @__vfprintf_internal+5325    : sub	r15                   
63676000: system.cpu: T0 : 0x40faa0 @__vfprintf_internal+5328    : cmovs	rdx                 
63676000: system.cpu: T0 : 0x40faa4 @__vfprintf_internal+5332    : mov	edx                   
63676000: system.cpu: T0 : 0x40faa7 @__vfprintf_internal+5335    : test	ecx                  
63677000: system.cpu: T0 : 0x40faa9 @__vfprintf_internal+5337    : jnz	0xfffffffffffffe01    
63677000: system.cpu: T0 : 0x40faaf @__vfprintf_internal+5343    : mov	r8, SS:[t0 + rsp + 0x28]
63677000: system.cpu: T0 : 0x40fab4 @__vfprintf_internal+5348    : sub	r15d                  
63677000: system.cpu: T0 : 0x40fab7 @__vfprintf_internal+5351    : sub	edx                   
63677000: system.cpu: T0 : 0x40faba @__vfprintf_internal+5354    : jmp	0xfffffffffffff672    
63683000: system.cpu: T0 : 0x40f131 @__vfprintf_internal+2913    : mov	rdi, SS:[t0 + rsp + 0x58]
63683000: system.cpu: T0 : 0x40f135 @__vfprintf_internal+2917    : test	edi                  
63683000: system.cpu: T0 : 0x40f137 @__vfprintf_internal+2919    : jz	0x15                   
63779000: system.cpu: T0 : 0x40f14e @__vfprintf_internal+2942    : mov	rax, SS:[t0 + rsp + 0x5c]
63779000: system.cpu: T0 : 0x40f152 @__vfprintf_internal+2946    : or	r9d                    
63779000: system.cpu: T0 : 0x40f155 @__vfprintf_internal+2949    : or	rax, SS:[t0 + rsp + 0x54]
63779000: system.cpu: T0 : 0x40f159 @__vfprintf_internal+2953    : jz	0x9a1                  
63887000: system.cpu: T0 : 0x40fb00 @__vfprintf_internal+5424    : cmp	SS:[t0 + rsp + 0x40], 0x20
63887000: system.cpu: T0 : 0x40fb05 @__vfprintf_internal+5429    : jnz	0xfffffffffffff696    
63887000: system.cpu: T0 : 0x40fb0b @__vfprintf_internal+5435    : test	r8d                  
63887000: system.cpu: T0 : 0x40fb0e @__vfprintf_internal+5438    : jle	0xdbc                 
64006000: system.cpu: T0 : 0x4108d0 @__vfprintf_internal+8960    : xor	r8d                   
64006000: system.cpu: T0 : 0x4108d3 @__vfprintf_internal+8963    : jmp	0xffffffffffffe8c9    
64011000: system.cpu: T0 : 0x40f1a1 @__vfprintf_internal+3025    : test	r11                  
64011000: system.cpu: T0 : 0x40f1a4 @__vfprintf_internal+3028    : jz	0x6a                   
64011000: system.cpu: T0 : 0x40f1a6 @__vfprintf_internal+3030    : mov	rdx, SS:[t0 + rsp + 0x58]
64011000: system.cpu: T0 : 0x40f1aa @__vfprintf_internal+3034    : test	edx                  
64011000: system.cpu: T0 : 0x40f1ac @__vfprintf_internal+3036    : jz	0x62                   
64126000: system.cpu: T0 : 0x40f210 @__vfprintf_internal+3136    : lea	ebx, DS:[r13 + r8]    
64126000: system.cpu: T0 : 0x40f214 @__vfprintf_internal+3140    : test	ebx                  
64126000: system.cpu: T0 : 0x40f216 @__vfprintf_internal+3142    : jnle	0xa04                
64126000: system.cpu: T0 : 0x40f21c @__vfprintf_internal+3148    : mov	rbx, SS:[rbp + 0xd8]  
64126000: system.cpu: T0 : 0x40f223 @__vfprintf_internal+3155    : mov	rbx                   
64126000: system.cpu: T0 : 0x40f226 @__vfprintf_internal+3158    : sub	rax, 0x4c5b20         
64127000: system.cpu: T0 : 0x40f22d @__vfprintf_internal+3165    : cmp	SS:[t0 + rsp + 0x10], rax
64127000: system.cpu: T0 : 0x40f232 @__vfprintf_internal+3170    : jbe	0x1319                
64127000: system.cpu: T0 : 0x40f238 @__vfprintf_internal+3176    : mov	rsi, SS:[t0 + rsp + 0x38]
64127000: system.cpu: T0 : 0x40f23d @__vfprintf_internal+3181    : mov	r15                   
64222000: system.cpu: T0 : 0x40f240 @__vfprintf_internal+3184    : mov	rbp                   
64222000: system.cpu: T0 : 0x40f243 @__vfprintf_internal+3187    : call	DS:[rbx + 0x38]      
64235000: system.cpu: T0 : 0x415a70 @_IO_file_xsputn    : hint	                     
64235000: system.cpu: T0 : 0x415a74 @_IO_file_xsputn+4    : push	r15                  
64235000: system.cpu: T0 : 0x415a76 @_IO_file_xsputn+6    : push	r14                  
64235000: system.cpu: T0 : 0x415a78 @_IO_file_xsputn+8    : push	r13                  
64235000: system.cpu: T0 : 0x415a7a @_IO_file_xsputn+10    : push	r12                  
64236000: system.cpu: T0 : 0x415a7c @_IO_file_xsputn+12    : xor	r12d                  
64236000: system.cpu: T0 : 0x415a7f @_IO_file_xsputn+15    : push	rbp                  
64238000: system.cpu: T0 : 0x415a80 @_IO_file_xsputn+16    : push	rbx                  
64238000: system.cpu: T0 : 0x415a81 @_IO_file_xsputn+17    : sub	rsp, 0x18             
64238000: system.cpu: T0 : 0x415a85 @_IO_file_xsputn+21    : test	rdx                  
64238000: system.cpu: T0 : 0x415a88 @_IO_file_xsputn+24    : jz	0x54                   
64239000: system.cpu: T0 : 0x415a8a @_IO_file_xsputn+26    : mov	rdi                   
64239000: system.cpu: T0 : 0x415a8d @_IO_file_xsputn+29    : mov	rsi                   
64239000: system.cpu: T0 : 0x415a90 @_IO_file_xsputn+32    : mov	rdi, DS:[rdi + 0x28]  
64239000: system.cpu: T0 : 0x415a94 @_IO_file_xsputn+36    : mov	rdx                   
64239000: system.cpu: T0 : 0x415a97 @_IO_file_xsputn+39    : mov	eax, SS:[rbp]         
64239000: system.cpu: T0 : 0x415a9a @_IO_file_xsputn+42    : and	eax, 0xa00            
64239000: system.cpu: T0 : 0x415a9f @_IO_file_xsputn+47    : cmp	eax, 0xa00            
64240000: system.cpu: T0 : 0x415aa4 @_IO_file_xsputn+52    : jz	0x4a                   
64240000: system.cpu: T0 : 0x415aa6 @_IO_file_xsputn+54    : mov	r12, SS:[rbp + 0x30]  
64240000: system.cpu: T0 : 0x415aaa @_IO_file_xsputn+58    : cmp	rdi                   
64240000: system.cpu: T0 : 0x415aad @_IO_file_xsputn+61    : jbe	0x61                  
64241000: system.cpu: T0 : 0x415aaf @_IO_file_xsputn+63    : sub	rdi                   
64241000: system.cpu: T0 : 0x415ab2 @_IO_file_xsputn+66    : xor	r14d                  
64241000: system.cpu: T0 : 0x415ab5 @_IO_file_xsputn+69    : test	r12                  
64241000: system.cpu: T0 : 0x415ab8 @_IO_file_xsputn+72    : jz	0x56                   
64241000: system.cpu: T0 : 0x415aba @_IO_file_xsputn+74    : cmp	rbx                   
64242000: system.cpu: T0 : 0x415abd @_IO_file_xsputn+77    : mov	r13                   
64244000: system.cpu: T0 : 0x415ac0 @_IO_file_xsputn+80    : mov	rbx                   
64244000: system.cpu: T0 : 0x415ac3 @_IO_file_xsputn+83    : cmovnbe	r12               
64244000: system.cpu: T0 : 0x415ac7 @_IO_file_xsputn+87    : mov	r12                   
64244000: system.cpu: T0 : 0x415aca @_IO_file_xsputn+90    : add	r12                   
64244000: system.cpu: T0 : 0x415acd @_IO_file_xsputn+93    : sub	r12                   
64244000: system.cpu: T0 : 0x415ad0 @_IO_file_xsputn+96    : call	0xfffffffffffeb5e3   
64250000: system.cpu: T0 : 0x4010b8 @_init+184    : jmp	DS:[rip + 0xc2ff2]    
64288000: system.cpu: T0 : 0x42b350 @__mempcpy_ssse3    : hint	                     
64288000: system.cpu: T0 : 0x42b354 @__mempcpy_ssse3+4    : mov	rdi                   
64288000: system.cpu: T0 : 0x42b357 @__mempcpy_ssse3+7    : add	rdx                   
64288000: system.cpu: T0 : 0x42b35a @__mempcpy_ssse3+10    : jmp	0x1b                  
64289000: system.cpu: T0 : 0x42b377 @__memcpy_ssse3+7    : cmp	rdx, 0x4f             
64291000: system.cpu: T0 : 0x42b37b @__memcpy_ssse3+11    : lea	r11, DS:[rip + 0x6fbb6]
64291000: system.cpu: T0 : 0x42b382 @__memcpy_ssse3+18    : jnbe	0x1c                 
64291000: system.cpu: T0 : 0x42b384 @__memcpy_ssse3+20    : movsxd	r9, DS:[4*rdx + r11]
64291000: system.cpu: T0 : 0x42b388 @__memcpy_ssse3+24    : add	rdx                   
64292000: system.cpu: T0 : 0x42b38b @__memcpy_ssse3+27    : add	rdx                   
64292000: system.cpu: T0 : 0x42b38e @__memcpy_ssse3+30    : add	r11                   
64292000: system.cpu: T0 : 0x42b391 @__memcpy_ssse3+33    : jmp	                      
64508000: system.cpu: T0 : 0x42d1b0 @__memcpy_ssse3+7744    : mov	dx, DS:[rsi + 0xfffffffffffffffe]
64508000: system.cpu: T0 : 0x42d1b4 @__memcpy_ssse3+7748    : mov	DS:[rdi + 0xfffffffffffffffe], dx
64508000: system.cpu: T0 : 0x42d1b8 @__memcpy_ssse3+7752    : ret	                      
64510000: system.cpu: T0 : 0x415ad5 @_IO_file_xsputn+101    : mov	SS:[rbp + 0x28], rax  
64510000: system.cpu: T0 : 0x415ad9 @_IO_file_xsputn+105    : add	r15                   
64510000: system.cpu: T0 : 0x415adc @_IO_file_xsputn+108    : jnz	0x35                  
64510000: system.cpu: T0 : 0x415ade @_IO_file_xsputn+110    : add	rsp, 0x18             
64510000: system.cpu: T0 : 0x415ae2 @_IO_file_xsputn+114    : mov	r12                   
64511000: system.cpu: T0 : 0x415ae5 @_IO_file_xsputn+117    : pop	rbx                   
64511000: system.cpu: T0 : 0x415ae6 @_IO_file_xsputn+118    : pop	rbp                   
64511000: system.cpu: T0 : 0x415ae7 @_IO_file_xsputn+119    : pop	r12                   
64512000: system.cpu: T0 : 0x415ae9 @_IO_file_xsputn+121    : pop	r13                   
64512000: system.cpu: T0 : 0x415aeb @_IO_file_xsputn+123    : pop	r14                   
64512000: system.cpu: T0 : 0x415aed @_IO_file_xsputn+125    : pop	r15                   
64513000: system.cpu: T0 : 0x415aef @_IO_file_xsputn+127    : ret	                      
64515000: system.cpu: T0 : 0x40f246 @__vfprintf_internal+3190    : cmp	rax                   
64515000: system.cpu: T0 : 0x40f249 @__vfprintf_internal+3193    : jnz	0x979                 
64515000: system.cpu: T0 : 0x40f24f @__vfprintf_internal+3199    : movsxd	rax                
64515000: system.cpu: T0 : 0x40f252 @__vfprintf_internal+3202    : xor	edx                   
64515000: system.cpu: T0 : 0x40f254 @__vfprintf_internal+3204    : add	r15                   
64515000: system.cpu: T0 : 0x40f257 @__vfprintf_internal+3207    : js	0x10e7                 
64516000: system.cpu: T0 : 0x40f25d @__vfprintf_internal+3213    : cmp	r15                   
64516000: system.cpu: T0 : 0x40f260 @__vfprintf_internal+3216    : jb	0x10de                 
64516000: system.cpu: T0 : 0x40f266 @__vfprintf_internal+3222    : movsxd	rcx                
64516000: system.cpu: T0 : 0x40f269 @__vfprintf_internal+3225    : mov	eax                   
64517000: system.cpu: T0 : 0x40f26c @__vfprintf_internal+3228    : cmp	rcx                   
64517000: system.cpu: T0 : 0x40f26f @__vfprintf_internal+3231    : mov	ecx, 0x1              
64517000: system.cpu: T0 : 0x40f274 @__vfprintf_internal+3236    : cmovnz	edx                
64517000: system.cpu: T0 : 0x40f277 @__vfprintf_internal+3239    : test	edx                  
64517000: system.cpu: T0 : 0x40f279 @__vfprintf_internal+3241    : jnz	0xfffffffffffffb91    
64520000: system.cpu: T0 : 0x40f27f @__vfprintf_internal+3247    : test	eax                  
64520000: system.cpu: T0 : 0x40f281 @__vfprintf_internal+3249    : jns	0xfffffffffffff9c9    
64631000: system.cpu: T0 : 0x40ec50 @__vfprintf_internal+1664    : add	r14, 0x1              
64631000: system.cpu: T0 : 0x40ec54 @__vfprintf_internal+1668    : mov	esi, 0x25             
64631000: system.cpu: T0 : 0x40ec59 @__vfprintf_internal+1673    : add	SS:[t0 + rsp + 0x68], 0x1
64631000: system.cpu: T0 : 0x40ec5e @__vfprintf_internal+1678    : mov	r14                   
64632000: system.cpu: T0 : 0x40ec61 @__vfprintf_internal+1681    : call	0xffffffffffff23fa   
64661000: system.cpu: T0 : 0x401060 @_init+96    : jmp	DS:[rip + 0xc2ff2]    
64675000: system.cpu: T0 : 0x43de90 @__strchrnul_sse2    : hint	                     
64675000: system.cpu: T0 : 0x43de94 @__strchrnul_sse2+4    : movd	XMM1                 
64675000: system.cpu: T0 : 0x43de98 @__strchrnul_sse2+8    : mov	edi                   
64675000: system.cpu: T0 : 0x43de9a @__strchrnul_sse2+10    : and	eax, 0xfff            
64675000: system.cpu: T0 : 0x43de9f @__strchrnul_sse2+15    : punpcklbw	XMM1            
64676000: system.cpu: T0 : 0x43dea3 @__strchrnul_sse2+19    : cmp	eax, 0xfc0            
64676000: system.cpu: T0 : 0x43dea8 @__strchrnul_sse2+24    : punpcklwd	XMM1            
64676000: system.cpu: T0 : 0x43deac @__strchrnul_sse2+28    : pshufd	XMM1, 0            
64676000: system.cpu: T0 : 0x43deb1 @__strchrnul_sse2+33    : jnle	0x149                
64677000: system.cpu: T0 : 0x43deb7 @__strchrnul_sse2+39    : movdqu	XMM0, DS:[rdi]     
64677000: system.cpu: T0 : 0x43debb @__strchrnul_sse2+43    : pxor	XMM3                 
64679000: system.cpu: T0 : 0x43debf @__strchrnul_sse2+47    : movdqa	XMM4               
64679000: system.cpu: T0 : 0x43dec3 @__strchrnul_sse2+51    : pcmpeqb	XMM0              
64679000: system.cpu: T0 : 0x43dec7 @__strchrnul_sse2+55    : pcmpeqb	XMM4              
64679000: system.cpu: T0 : 0x43decb @__strchrnul_sse2+59    : por	XMM0                  
64680000: system.cpu: T0 : 0x43decf @__strchrnul_sse2+63    : pmovmskb	eax, XMM0        
64680000: system.cpu: T0 : 0x43ded3 @__strchrnul_sse2+67    : test	eax                  
64680000: system.cpu: T0 : 0x43ded5 @__strchrnul_sse2+69    : jz	0x9                    
64680000: system.cpu: T0 : 0x43ded7 @__strchrnul_sse2+71    : bsf	eax                   
64685000: system.cpu: T0 : 0x43deda @__strchrnul_sse2+74    : lea	rax, DS:[rax + rdi]   
64685000: system.cpu: T0 : 0x43dede @__strchrnul_sse2+78    : ret	                      
64687000: system.cpu: T0 : 0x40ec66 @__vfprintf_internal+1686    : mov	r15, SS:[rbp + 0xd8]  
64687000: system.cpu: T0 : 0x40ec6d @__vfprintf_internal+1693    : mov	rax                   
64687000: system.cpu: T0 : 0x40ec70 @__vfprintf_internal+1696    : mov	rax                   
64687000: system.cpu: T0 : 0x40ec73 @__vfprintf_internal+1699    : sub	r14                   
64687000: system.cpu: T0 : 0x40ec76 @__vfprintf_internal+1702    : mov	r15                   
64687000: system.cpu: T0 : 0x40ec79 @__vfprintf_internal+1705    : sub	rax, 0x4c5b20         
64729000: system.cpu: T0 : 0x40ec80 @__vfprintf_internal+1712    : cmp	SS:[t0 + rsp + 0x10], rax
64729000: system.cpu: T0 : 0x40ec85 @__vfprintf_internal+1717    : jbe	0xf85                 
64729000: system.cpu: T0 : 0x40ec8b @__vfprintf_internal+1723    : mov	rbx                   
64729000: system.cpu: T0 : 0x40ec8e @__vfprintf_internal+1726    : mov	r14                   
64729000: system.cpu: T0 : 0x40ec91 @__vfprintf_internal+1729    : mov	rbp                   
64730000: system.cpu: T0 : 0x40ec94 @__vfprintf_internal+1732    : call	DS:[r15 + 0x38]      
64743000: system.cpu: T0 : 0x415a70 @_IO_file_xsputn    : hint	                     
64743000: system.cpu: T0 : 0x415a74 @_IO_file_xsputn+4    : push	r15                  
64743000: system.cpu: T0 : 0x415a76 @_IO_file_xsputn+6    : push	r14                  
64743000: system.cpu: T0 : 0x415a78 @_IO_file_xsputn+8    : push	r13                  
64743000: system.cpu: T0 : 0x415a7a @_IO_file_xsputn+10    : push	r12                  
64744000: system.cpu: T0 : 0x415a7c @_IO_file_xsputn+12    : xor	r12d                  
64744000: system.cpu: T0 : 0x415a7f @_IO_file_xsputn+15    : push	rbp                  
64746000: system.cpu: T0 : 0x415a80 @_IO_file_xsputn+16    : push	rbx                  
64746000: system.cpu: T0 : 0x415a81 @_IO_file_xsputn+17    : sub	rsp, 0x18             
64746000: system.cpu: T0 : 0x415a85 @_IO_file_xsputn+21    : test	rdx                  
64746000: system.cpu: T0 : 0x415a88 @_IO_file_xsputn+24    : jz	0x54                   
64747000: system.cpu: T0 : 0x415a8a @_IO_file_xsputn+26    : mov	rdi                   
64747000: system.cpu: T0 : 0x415a8d @_IO_file_xsputn+29    : mov	rsi                   
64747000: system.cpu: T0 : 0x415a90 @_IO_file_xsputn+32    : mov	rdi, DS:[rdi + 0x28]  
64747000: system.cpu: T0 : 0x415a94 @_IO_file_xsputn+36    : mov	rdx                   
64747000: system.cpu: T0 : 0x415a97 @_IO_file_xsputn+39    : mov	eax, SS:[rbp]         
64747000: system.cpu: T0 : 0x415a9a @_IO_file_xsputn+42    : and	eax, 0xa00            
64747000: system.cpu: T0 : 0x415a9f @_IO_file_xsputn+47    : cmp	eax, 0xa00            
64748000: system.cpu: T0 : 0x415aa4 @_IO_file_xsputn+52    : jz	0x4a                   
64748000: system.cpu: T0 : 0x415aa6 @_IO_file_xsputn+54    : mov	r12, SS:[rbp + 0x30]  
64748000: system.cpu: T0 : 0x415aaa @_IO_file_xsputn+58    : cmp	rdi                   
64748000: system.cpu: T0 : 0x415aad @_IO_file_xsputn+61    : jbe	0x61                  
64749000: system.cpu: T0 : 0x415aaf @_IO_file_xsputn+63    : sub	rdi                   
64749000: system.cpu: T0 : 0x415ab2 @_IO_file_xsputn+66    : xor	r14d                  
64749000: system.cpu: T0 : 0x415ab5 @_IO_file_xsputn+69    : test	r12                  
64749000: system.cpu: T0 : 0x415ab8 @_IO_file_xsputn+72    : jz	0x56                   
64749000: system.cpu: T0 : 0x415aba @_IO_file_xsputn+74    : cmp	rbx                   
64750000: system.cpu: T0 : 0x415abd @_IO_file_xsputn+77    : mov	r13                   
64752000: system.cpu: T0 : 0x415ac0 @_IO_file_xsputn+80    : mov	rbx                   
64752000: system.cpu: T0 : 0x415ac3 @_IO_file_xsputn+83    : cmovnbe	r12               
64752000: system.cpu: T0 : 0x415ac7 @_IO_file_xsputn+87    : mov	r12                   
64752000: system.cpu: T0 : 0x415aca @_IO_file_xsputn+90    : add	r12                   
64752000: system.cpu: T0 : 0x415acd @_IO_file_xsputn+93    : sub	r12                   
64752000: system.cpu: T0 : 0x415ad0 @_IO_file_xsputn+96    : call	0xfffffffffffeb5e3   
64755000: system.cpu: T0 : 0x4010b8 @_init+184    : jmp	DS:[rip + 0xc2ff2]    
64769000: system.cpu: T0 : 0x42b350 @__mempcpy_ssse3    : hint	                     
64769000: system.cpu: T0 : 0x42b354 @__mempcpy_ssse3+4    : mov	rdi                   
64769000: system.cpu: T0 : 0x42b357 @__mempcpy_ssse3+7    : add	rdx                   
64769000: system.cpu: T0 : 0x42b35a @__mempcpy_ssse3+10    : jmp	0x1b                  
64770000: system.cpu: T0 : 0x42b377 @__memcpy_ssse3+7    : cmp	rdx, 0x4f             
64772000: system.cpu: T0 : 0x42b37b @__memcpy_ssse3+11    : lea	r11, DS:[rip + 0x6fbb6]
64772000: system.cpu: T0 : 0x42b382 @__memcpy_ssse3+18    : jnbe	0x1c                 
64772000: system.cpu: T0 : 0x42b384 @__memcpy_ssse3+20    : movsxd	r9, DS:[4*rdx + r11]
64772000: system.cpu: T0 : 0x42b388 @__memcpy_ssse3+24    : add	rdx                   
64773000: system.cpu: T0 : 0x42b38b @__memcpy_ssse3+27    : add	rdx                   
64773000: system.cpu: T0 : 0x42b38e @__memcpy_ssse3+30    : add	r11                   
64773000: system.cpu: T0 : 0x42b391 @__memcpy_ssse3+33    : jmp	                      
64816000: system.cpu: T0 : 0x42cfd0 @__memcpy_ssse3+7264    : mov	dl, DS:[rsi + 0xffffffffffffffff]
64816000: system.cpu: T0 : 0x42cfd3 @__memcpy_ssse3+7267    : mov	DS:[rdi + 0xffffffffffffffff], dl
64816000: system.cpu: T0 : 0x42cfd6 @__memcpy_ssse3+7270    : ret	                      
64818000: system.cpu: T0 : 0x415ad5 @_IO_file_xsputn+101    : mov	SS:[rbp + 0x28], rax  
64818000: system.cpu: T0 : 0x415ad9 @_IO_file_xsputn+105    : add	r15                   
64818000: system.cpu: T0 : 0x415adc @_IO_file_xsputn+108    : jnz	0x35                  
64818000: system.cpu: T0 : 0x415ade @_IO_file_xsputn+110    : add	rsp, 0x18             
64818000: system.cpu: T0 : 0x415ae2 @_IO_file_xsputn+114    : mov	r12                   
64819000: system.cpu: T0 : 0x415ae5 @_IO_file_xsputn+117    : pop	rbx                   
64819000: system.cpu: T0 : 0x415ae6 @_IO_file_xsputn+118    : pop	rbp                   
64819000: system.cpu: T0 : 0x415ae7 @_IO_file_xsputn+119    : pop	r12                   
64820000: system.cpu: T0 : 0x415ae9 @_IO_file_xsputn+121    : pop	r13                   
64820000: system.cpu: T0 : 0x415aeb @_IO_file_xsputn+123    : pop	r14                   
64820000: system.cpu: T0 : 0x415aed @_IO_file_xsputn+125    : pop	r15                   
64821000: system.cpu: T0 : 0x415aef @_IO_file_xsputn+127    : ret	                      
64823000: system.cpu: T0 : 0x40ec98 @__vfprintf_internal+1736    : cmp	rbx                   
64823000: system.cpu: T0 : 0x40ec9b @__vfprintf_internal+1739    : jnz	0xf27                 
64823000: system.cpu: T0 : 0x40eca1 @__vfprintf_internal+1745    : movsxd	rax                
64823000: system.cpu: T0 : 0x40eca4 @__vfprintf_internal+1748    : xor	edx                   
64823000: system.cpu: T0 : 0x40eca6 @__vfprintf_internal+1750    : add	rbx                   
64823000: system.cpu: T0 : 0x40eca9 @__vfprintf_internal+1753    : js	0x1bd9                 
64824000: system.cpu: T0 : 0x40ecaf @__vfprintf_internal+1759    : cmp	rbx                   
64824000: system.cpu: T0 : 0x40ecb2 @__vfprintf_internal+1762    : jb	0x1bd0                 
64824000: system.cpu: T0 : 0x40ecb8 @__vfprintf_internal+1768    : movsxd	rcx                
64824000: system.cpu: T0 : 0x40ecbb @__vfprintf_internal+1771    : mov	eax                   
64831000: system.cpu: T0 : 0x40ecbe @__vfprintf_internal+1774    : cmp	rcx                   
64831000: system.cpu: T0 : 0x40ecc1 @__vfprintf_internal+1777    : mov	ecx, 0x1              
64831000: system.cpu: T0 : 0x40ecc6 @__vfprintf_internal+1782    : cmovnz	edx                
64831000: system.cpu: T0 : 0x40ecc9 @__vfprintf_internal+1785    : test	edx                  
64831000: system.cpu: T0 : 0x40eccb @__vfprintf_internal+1787    : jnz	0x13f                 
64832000: system.cpu: T0 : 0x40ecd1 @__vfprintf_internal+1793    : test	eax                  
64832000: system.cpu: T0 : 0x40ecd3 @__vfprintf_internal+1795    : js	0xfffffffffffffb3f     
64832000: system.cpu: T0 : 0x40ecd9 @__vfprintf_internal+1801    : cmp	DS:[r13], 0           
64832000: system.cpu: T0 : 0x40ecde @__vfprintf_internal+1806    : jnz	0xfffffffffffffabc    
64833000: system.cpu: T0 : 0x40ece4 @__vfprintf_internal+1812    : jmp	0xfffffffffffffb2f    
64838000: system.cpu: T0 : 0x40e818 @__vfprintf_internal+584    : test	SS:[rbp], 0x8000     
64838000: system.cpu: T0 : 0x40e81f @__vfprintf_internal+591    : jz	0x3f                   
64852000: system.cpu: T0 : 0x40e860 @__vfprintf_internal+656    : mov	rdi, SS:[rbp + 0x88]  
64852000: system.cpu: T0 : 0x40e867 @__vfprintf_internal+663    : mov	eax, DS:[rdi + 0x4]   
64852000: system.cpu: T0 : 0x40e86a @__vfprintf_internal+666    : sub	eax, 0x1              
64852000: system.cpu: T0 : 0x40e86d @__vfprintf_internal+669    : mov	DS:[rdi + 0x4], eax   
64852000: system.cpu: T0 : 0x40e870 @__vfprintf_internal+672    : jnz	0xffffffffffffffaf    
64853000: system.cpu: T0 : 0x40e872 @__vfprintf_internal+674    : mov	DS:[rdi + 0x8], 0     
64853000: system.cpu: T0 : 0x40e87a @__vfprintf_internal+682    : xchg	DS:[rdi], eax        
64853000: system.cpu: T0 : 0x40e87a @__vfprintf_internal+682. 0 : 	XCHG_M_R.mfence           : IntAlu : 
64853000: system.cpu: T0 : 0x40e87a @__vfprintf_internal+682. 3 : 	XCHG_M_R.mfence           : IntAlu : 
64853000: system.cpu: T0 : 0x40e87c @__vfprintf_internal+684    : cmp	eax, 0x1              
64856000: system.cpu: T0 : 0x40e87f @__vfprintf_internal+687    : jle	0xffffffffffffffa0    
64894000: system.cpu: T0 : 0x40e821 @__vfprintf_internal+593    : cmp	SS:[t0 + rsp + 0xa6], 0
64894000: system.cpu: T0 : 0x40e829 @__vfprintf_internal+601    : jnz	0x2c1                 
64908000: system.cpu: T0 : 0x40eaf0 @__vfprintf_internal+1312    : lea	rdi, SS:[t0 + rsp + 0xf0]
64908000: system.cpu: T0 : 0x40eaf8 @__vfprintf_internal+1320    : call	0xb833               
64915000: system.cpu: T0 : 0x41a330 @__libc_cleanup_pop_restore    : hint	                     
64915000: system.cpu: T0 : 0x41a334 @__libc_cleanup_pop_restore+4    : mov	rax, DS:[rdi + 0x18]  
65010000: system.cpu: T0 : 0x41a338 @__libc_cleanup_pop_restore+8    : mov	FS:[t0 + t0 + 0x2f8], rax
65010000: system.cpu: T0 : 0x41a341 @__libc_cleanup_pop_restore+17    : mov	eax, DS:[rdi + 0x10]  
65010000: system.cpu: T0 : 0x41a344 @__libc_cleanup_pop_restore+20    : mov	FS:[t0 + t0 + 0x972], al
65010000: system.cpu: T0 : 0x41a34c @__libc_cleanup_pop_restore+28    : cmp	eax, 0x1              
65010000: system.cpu: T0 : 0x41a34f @__libc_cleanup_pop_restore+31    : jz	0x7                    
65011000: system.cpu: T0 : 0x41a351 @__libc_cleanup_pop_restore+33    : ret	                      
65015000: system.cpu: T0 : 0x40eafd @__vfprintf_internal+1325    : jmp	0xfffffffffffffd2d    
65020000: system.cpu: T0 : 0x40e82f @__vfprintf_internal+607    : mov	rax, SS:[t0 + rsp + 0x528]
65020000: system.cpu: T0 : 0x40e837 @__vfprintf_internal+615    : sub	rax, FS:[t0 + t0 + 0x28]
65022000: system.cpu: T0 : 0x40e840 @__vfprintf_internal+624    : jnz	0x2056                
65022000: system.cpu: T0 : 0x40e846 @__vfprintf_internal+630    : add	rsp, 0x538            
65022000: system.cpu: T0 : 0x40e84d @__vfprintf_internal+637    : mov	r12d                  
65022000: system.cpu: T0 : 0x40e850 @__vfprintf_internal+640    : pop	rbx                   
65023000: system.cpu: T0 : 0x40e851 @__vfprintf_internal+641    : pop	rbp                   
65023000: system.cpu: T0 : 0x40e852 @__vfprintf_internal+642    : pop	r12                   
65023000: system.cpu: T0 : 0x40e854 @__vfprintf_internal+644    : pop	r13                   
65024000: system.cpu: T0 : 0x40e856 @__vfprintf_internal+646    : pop	r14                   
65024000: system.cpu: T0 : 0x40e858 @__vfprintf_internal+648    : pop	r15                   
65025000: system.cpu: T0 : 0x40e85a @__vfprintf_internal+650    : ret	                      
65027000: system.cpu: T0 : 0x40b55c @_IO_printf+172    : mov	rdx, SS:[t0 + rsp + 0x18]
65027000: system.cpu: T0 : 0x40b561 @_IO_printf+177    : sub	rdx, FS:[t0 + t0 + 0x28]
65027000: system.cpu: T0 : 0x40b56a @_IO_printf+186    : jnz	0x8                   
65027000: system.cpu: T0 : 0x40b56c @_IO_printf+188    : add	rsp, 0xd8             
65028000: system.cpu: T0 : 0x40b573 @_IO_printf+195    : ret	                      
65030000: system.cpu: T0 : 0x401646 @main+43    : mov	eax, 0                
65030000: system.cpu: T0 : 0x40164b @main+48    : leave	                    
65030000: system.cpu: T0 : 0x40164c @main+49    : ret	                      
65056000: system.cpu: T0 : 0x401a7a @__libc_start_call_main+106    : mov	eax                   
65082000: system.cpu: T0 : 0x401a7c @__libc_start_call_main+108    : call	0x8eff               
65087000: system.cpu: T0 : 0x40a980 @exit    : hint	                     
65087000: system.cpu: T0 : 0x40a984 @exit+4    : push	rax                  
65087000: system.cpu: T0 : 0x40a985 @exit+5    : pop	rax                   
65087000: system.cpu: T0 : 0x40a986 @exit+6    : mov	ecx, 0x1              
65087000: system.cpu: T0 : 0x40a98b @exit+11    : mov	edx, 0x1              
65088000: system.cpu: T0 : 0x40a990 @exit+16    : lea	rsi, DS:[rip + 0xb9791]
65088000: system.cpu: T0 : 0x40a997 @exit+23    : sub	rsp, 0x8              
65088000: system.cpu: T0 : 0x40a99b @exit+27    : call	0xfffffffffffffd80   
65201000: system.cpu: T0 : 0x40a720 @__run_exit_handlers    : hint	                     
65201000: system.cpu: T0 : 0x40a724 @__run_exit_handlers+4    : push	r15                  
65201000: system.cpu: T0 : 0x40a726 @__run_exit_handlers+6    : push	r14                  
65201000: system.cpu: T0 : 0x40a728 @__run_exit_handlers+8    : push	r13                  
65201000: system.cpu: T0 : 0x40a72a @__run_exit_handlers+10    : push	r12                  
65202000: system.cpu: T0 : 0x40a72c @__run_exit_handlers+12    : push	rbp                  
65202000: system.cpu: T0 : 0x40a72d @__run_exit_handlers+13    : mov	edi                   
65202000: system.cpu: T0 : 0x40a72f @__run_exit_handlers+15    : push	rbx                  
65202000: system.cpu: T0 : 0x40a730 @__run_exit_handlers+16    : mov	rsi                   
65202000: system.cpu: T0 : 0x40a733 @__run_exit_handlers+19    : sub	rsp, 0x18             
65203000: system.cpu: T0 : 0x40a737 @__run_exit_handlers+23    : cmp	DS:[rip + 0xb98b1], 0 
65298000: system.cpu: T0 : 0x40a73f @__run_exit_handlers+31    : mov	SS:[t0 + rsp + 0xc], rdx
65298000: system.cpu: T0 : 0x40a743 @__run_exit_handlers+35    : jz	0x8                    
65309000: system.cpu: T0 : 0x40a74d @__run_exit_handlers+45    : xor	eax                   
65309000: system.cpu: T0 : 0x40a74f @__run_exit_handlers+47    : mov	edx, 0x1              
65309000: system.cpu: T0 : 0x40a754 @__run_exit_handlers+52    : cmpxchg	DS:[rip + 0xbc5ec], edx
65309000: system.cpu: T0 : 0x40a754 @__run_exit_handlers+52. 1 : 	CMPXCHG_LOCKED_P_R.mfence : IntAlu : 
65310000: system.cpu: T0 : 0x40a754 @__run_exit_handlers+52. 6 : 	CMPXCHG_LOCKED_P_R.mfence : IntAlu : 
65310000: system.cpu: T0 : 0x40a75c @__run_exit_handlers+60    : jnz	0x20b                 
65310000: system.cpu: T0 : 0x40a762 @__run_exit_handlers+66    : lea	r12, DS:[rip + 0xbc5df]
65310000: system.cpu: T0 : 0x40a769 @__run_exit_handlers+73    : mov	r14, DS:[rbx]         
65311000: system.cpu: T0 : 0x40a76c @__run_exit_handlers+76    : test	r14                  
65311000: system.cpu: T0 : 0x40a76f @__run_exit_handlers+79    : jz	0x14a                  
65311000: system.cpu: T0 : 0x40a775 @__run_exit_handlers+85    : hint	                     
65311000: system.cpu: T0 : 0x40a778 @__run_exit_handlers+88    : mov	rax, DS:[r14 + 0x8]   
65311000: system.cpu: T0 : 0x40a77c @__run_exit_handlers+92    : test	rax                  
65397000: system.cpu: T0 : 0x40a77f @__run_exit_handlers+95    : jz	0x12b                  
65397000: system.cpu: T0 : 0x40a785 @__run_exit_handlers+101    : sub	rax, 0x1              
65397000: system.cpu: T0 : 0x40a789 @__run_exit_handlers+105    : mov	rax                   
65397000: system.cpu: T0 : 0x40a78c @__run_exit_handlers+108    : mov	DS:[r14 + 0x8], rax   
65397000: system.cpu: T0 : 0x40a790 @__run_exit_handlers+112    : sal	0x5                   
65398000: system.cpu: T0 : 0x40a794 @__run_exit_handlers+116    : mov	rcx, DS:[rdx + r14 + 0x10]
65398000: system.cpu: T0 : 0x40a799 @__run_exit_handlers+121    : cmp	rcx, 0x3              
65398000: system.cpu: T0 : 0x40a79d @__run_exit_handlers+125    : jz	0xbd                   
65398000: system.cpu: T0 : 0x40a7a3 @__run_exit_handlers+131    : cmp	rcx, 0x4              
65399000: system.cpu: T0 : 0x40a7a7 @__run_exit_handlers+135    : jz	0x57                   
65508000: system.cpu: T0 : 0x40a800 @__run_exit_handlers+224    : add	r14                   
65508000: system.cpu: T0 : 0x40a803 @__run_exit_handlers+227    : xor	eax                   
65508000: system.cpu: T0 : 0x40a805 @__run_exit_handlers+229    : mov	r15, DS:[rdx + 0x18]  
65508000: system.cpu: T0 : 0x40a809 @__run_exit_handlers+233    : mov	r13, DS:[rdx + 0x20]  
65508000: system.cpu: T0 : 0x40a80d @__run_exit_handlers+237    : mov	DS:[rdx + 0x10], 0    
65508000: system.cpu: T0 : 0x40a815 @__run_exit_handlers+245    : ror	0x11                  
65508000: system.cpu: T0 : 0x40a819 @__run_exit_handlers+249    : xor	r15, FS:[t0 + t0 + 0x30]
65509000: system.cpu: T0 : 0x40a822 @__run_exit_handlers+258    : xchg	DS:[rip + 0xbc520], eax
65509000: system.cpu: T0 : 0x40a822 @__run_exit_handlers+258. 1 : 	XCHG_P_R.mfence           : IntAlu : 
65509000: system.cpu: T0 : 0x40a822 @__run_exit_handlers+258. 4 : 	XCHG_P_R.mfence           : IntAlu : 
65509000: system.cpu: T0 : 0x40a828 @__run_exit_handlers+264    : cmp	eax, 0x1              
65510000: system.cpu: T0 : 0x40a82b @__run_exit_handlers+267    : jnle	0x107                
65510000: system.cpu: T0 : 0x40a831 @__run_exit_handlers+273    : mov	ebp                   
65510000: system.cpu: T0 : 0x40a833 @__run_exit_handlers+275    : mov	r13                   
65510000: system.cpu: T0 : 0x40a836 @__run_exit_handlers+278    : call	                     
65548000: system.cpu: T0 : 0x4019d0 @call_fini    : hint	                     
65548000: system.cpu: T0 : 0x4019d4 @call_fini+4    : push	rbp                  
65548000: system.cpu: T0 : 0x4019d5 @call_fini+5    : lea	rax, DS:[rip + 0xbedfc]
65548000: system.cpu: T0 : 0x4019dc @call_fini+12    : push	rbx                  
65548000: system.cpu: T0 : 0x4019dd @call_fini+13    : lea	rbx, DS:[rip + 0xbedfc]
65549000: system.cpu: T0 : 0x4019e4 @call_fini+20    : sub	rax                   
65549000: system.cpu: T0 : 0x4019e7 @call_fini+23    : sub	rsp, 0x8              
65549000: system.cpu: T0 : 0x4019eb @call_fini+27    : sar	0x3                   
65549000: system.cpu: T0 : 0x4019ef @call_fini+31    : jz	0x11                   
65550000: system.cpu: T0 : 0x4019f1 @call_fini+33    : lea	rbp, DS:[rax + 0xfffffffffffffff8]
65550000: system.cpu: T0 : 0x4019f5 @call_fini+37    : hint	                     
65550000: system.cpu: T0 : 0x4019f8 @call_fini+40    : call	SS:[8*rbx + rbp]     
65589000: system.cpu: T0 : 0x401570 @__do_global_dtors_aux    : cmp	DS:[rip + 0xc4d29], 0 
65589000: system.cpu: T0 : 0x401577 @__do_global_dtors_aux+7    : jnz	0x27                  
65589000: system.cpu: T0 : 0x401579 @__do_global_dtors_aux+9    : push	rbp                  
65590000: system.cpu: T0 : 0x40157a @__do_global_dtors_aux+10    : mov	rsp                   
65592000: system.cpu: T0 : 0x40157d @__do_global_dtors_aux+13    : call	0xffffffffffffff7e   
65622000: system.cpu: T0 : 0x401500 @deregister_tm_clones    : push	rbp                  
65622000: system.cpu: T0 : 0x401501 @deregister_tm_clones+1    : mov	eax, 0x4c5ac0         
65622000: system.cpu: T0 : 0x401506 @deregister_tm_clones+6    : cmp	rax, 0x4c5ac0         
65622000: system.cpu: T0 : 0x40150c @deregister_tm_clones+12    : mov	rsp                   
65622000: system.cpu: T0 : 0x40150f @deregister_tm_clones+15    : jz	0x17                   
65634000: system.cpu: T0 : 0x401528 @deregister_tm_clones+40    : pop	rbp                   
65634000: system.cpu: T0 : 0x401529 @deregister_tm_clones+41    : ret	                      
65636000: system.cpu: T0 : 0x401582 @__do_global_dtors_aux+18    : mov	eax, 0x495190         
65636000: system.cpu: T0 : 0x401587 @__do_global_dtors_aux+23    : test	rax                  
65636000: system.cpu: T0 : 0x40158a @__do_global_dtors_aux+26    : jz	0xa                    
65636000: system.cpu: T0 : 0x40158c @__do_global_dtors_aux+28    : mov	edi, 0x4b3d50         
65636000: system.cpu: T0 : 0x401591 @__do_global_dtors_aux+33    : call	0x93bfa              
65746000: system.cpu: T0 : 0x495190 @__deregister_frame_info    : jmp	0xfffffffffffffedb    
65844000: system.cpu: T0 : 0x495070 @__deregister_frame_info_bases    : test	rdi                  
65844000: system.cpu: T0 : 0x495073 @__deregister_frame_info_bases+3    : push	r12                  
65844000: system.cpu: T0 : 0x495075 @__deregister_frame_info_bases+5    : push	rbp                  
65844000: system.cpu: T0 : 0x495076 @__deregister_frame_info_bases+6    : push	rbx                  
65844000: system.cpu: T0 : 0x495077 @__deregister_frame_info_bases+7    : jz	0xe3                   
65845000: system.cpu: T0 : 0x49507d @__deregister_frame_info_bases+13    : mov	eax, DS:[rdi]         
65940000: system.cpu: T0 : 0x49507f @__deregister_frame_info_bases+15    : test	eax                  
65940000: system.cpu: T0 : 0x495081 @__deregister_frame_info_bases+17    : jz	0xd9                   
65940000: system.cpu: T0 : 0x495087 @__deregister_frame_info_bases+23    : mov	r15, 0                
65940000: system.cpu: T0 : 0x49508e @__deregister_frame_info_bases+30    : mov	rdi                   
65940000: system.cpu: T0 : 0x495091 @__deregister_frame_info_bases+33    : test	r12                  
65940000: system.cpu: T0 : 0x495094 @__deregister_frame_info_bases+36    : jz	0xc                    
65952000: system.cpu: T0 : 0x4950a2 @__deregister_frame_info_bases+50    : mov	rax, DS:[rip + 0x36b6f]
65952000: system.cpu: T0 : 0x4950a9 @__deregister_frame_info_bases+57    : test	rax                  
65952000: system.cpu: T0 : 0x4950ac @__deregister_frame_info_bases+60    : jz	0x24                   
65952000: system.cpu: T0 : 0x4950ae @__deregister_frame_info_bases+62    : cmp	rbp, DS:[rax + 0x18]  
65953000: system.cpu: T0 : 0x4950b2 @__deregister_frame_info_bases+66    : jnz	0x15                  
65953000: system.cpu: T0 : 0x4950b4 @__deregister_frame_info_bases+68    : jmp	0xc7                  
65958000: system.cpu: T0 : 0x495180 @__deregister_frame_info_bases+272    : mov	rax                   
65958000: system.cpu: T0 : 0x495183 @__deregister_frame_info_bases+275    : lea	rax, DS:[rip + 0x36a8e]
65958000: system.cpu: T0 : 0x49518a @__deregister_frame_info_bases+282    : jmp	0xffffffffffffff85    
66056000: system.cpu: T0 : 0x495111 @__deregister_frame_info_bases+161    : mov	rdx, DS:[rbx + 0x28]  
66056000: system.cpu: T0 : 0x495115 @__deregister_frame_info_bases+165    : mov	DS:[rax], rdx         
66056000: system.cpu: T0 : 0x495118 @__deregister_frame_info_bases+168    : test	r12                  
66056000: system.cpu: T0 : 0x49511b @__deregister_frame_info_bases+171    : jz	0xc                    
66067000: system.cpu: T0 : 0x495129 @__deregister_frame_info_bases+185    : mov	rbx                   
66067000: system.cpu: T0 : 0x49512c @__deregister_frame_info_bases+188    : pop	rbx                   
66067000: system.cpu: T0 : 0x49512d @__deregister_frame_info_bases+189    : pop	rbp                   
66067000: system.cpu: T0 : 0x49512e @__deregister_frame_info_bases+190    : pop	r12                   
66068000: system.cpu: T0 : 0x495130 @__deregister_frame_info_bases+192    : ret	                      
66070000: system.cpu: T0 : 0x401596 @__do_global_dtors_aux+38    : mov	DS:[rip + 0xc4d03], 0x1
66070000: system.cpu: T0 : 0x40159d @__do_global_dtors_aux+45    : pop	rbp                   
66070000: system.cpu: T0 : 0x40159e @__do_global_dtors_aux+46    : ret	                      
66073000: system.cpu: T0 : 0x4019fc @call_fini+44    : sub	rbx, 0x1              
66075000: system.cpu: T0 : 0x401a00 @call_fini+48    : jnz	0xfffffffffffffff6    
66075000: system.cpu: T0 : 0x401a02 @call_fini+50    : add	rsp, 0x8              
66075000: system.cpu: T0 : 0x401a06 @call_fini+54    : pop	rbx                   
66076000: system.cpu: T0 : 0x401a07 @call_fini+55    : pop	rbp                   
66076000: system.cpu: T0 : 0x401a08 @call_fini+56    : jmp	0x95423               
66078000: system.cpu: T0 : 0x496e30 @_fini    : hint	                     
66078000: system.cpu: T0 : 0x496e34 @_fini+4    : sub	rsp, 0x8              
66078000: system.cpu: T0 : 0x496e38 @_fini+8    : add	rsp, 0x8              
66078000: system.cpu: T0 : 0x496e3c @_fini+12    : ret	                      
66080000: system.cpu: T0 : 0x40a839 @__run_exit_handlers+281    : xor	eax                   
66080000: system.cpu: T0 : 0x40a83b @__run_exit_handlers+283    : mov	edx, 0x1              
66082000: system.cpu: T0 : 0x40a840 @__run_exit_handlers+288    : cmpxchg	DS:[rip + 0xbc500], edx
66082000: system.cpu: T0 : 0x40a840 @__run_exit_handlers+288. 1 : 	CMPXCHG_LOCKED_P_R.mfence : IntAlu : 
66082000: system.cpu: T0 : 0x40a840 @__run_exit_handlers+288. 6 : 	CMPXCHG_LOCKED_P_R.mfence : IntAlu : 
66083000: system.cpu: T0 : 0x40a848 @__run_exit_handlers+296    : jz	0xffffffffffffff2a     
66110000: system.cpu: T0 : 0x40a778 @__run_exit_handlers+88    : mov	rax, DS:[r14 + 0x8]   
66110000: system.cpu: T0 : 0x40a77c @__run_exit_handlers+92    : test	rax                  
66112000: system.cpu: T0 : 0x40a77f @__run_exit_handlers+95    : jz	0x12b                  
66220000: system.cpu: T0 : 0x40a8b0 @__run_exit_handlers+400    : mov	rax, DS:[r14]         
66220000: system.cpu: T0 : 0x40a8b3 @__run_exit_handlers+403    : mov	DS:[rbx], rax         
66220000: system.cpu: T0 : 0x40a8b6 @__run_exit_handlers+406    : test	rax                  
66220000: system.cpu: T0 : 0x40a8b9 @__run_exit_handlers+409    : jnz	0x86                  
66315000: system.cpu: T0 : 0x40a8bf @__run_exit_handlers+415    : mov	DS:[rip + 0xbc45e], 0x1
66315000: system.cpu: T0 : 0x40a8c6 @__run_exit_handlers+422    : xor	eax                   
66315000: system.cpu: T0 : 0x40a8c8 @__run_exit_handlers+424    : xchg	DS:[rip + 0xbc47a], eax
66315000: system.cpu: T0 : 0x40a8c8 @__run_exit_handlers+424. 1 : 	XCHG_P_R.mfence           : IntAlu : 
66316000: system.cpu: T0 : 0x40a8c8 @__run_exit_handlers+424. 4 : 	XCHG_P_R.mfence           : IntAlu : 
66316000: system.cpu: T0 : 0x40a8ce @__run_exit_handlers+430    : cmp	eax, 0x1              
66316000: system.cpu: T0 : 0x40a8d1 @__run_exit_handlers+433    : jnle	0x85                 
66316000: system.cpu: T0 : 0x40a8d7 @__run_exit_handlers+439    : cmp	SS:[t0 + rsp + 0xc], 0
66317000: system.cpu: T0 : 0x40a8dc @__run_exit_handlers+444    : jz	0x25                   
66317000: system.cpu: T0 : 0x40a8de @__run_exit_handlers+446    : mov	rdi, 0x4c6288         
66317000: system.cpu: T0 : 0x40a8e5 @__run_exit_handlers+453    : mov	r15, 0x4c6290         
66317000: system.cpu: T0 : 0x40a8ec @__run_exit_handlers+460    : cmp	r12                   
66318000: system.cpu: T0 : 0x40a8ef @__run_exit_handlers+463    : jnb	0x12                  
66318000: system.cpu: T0 : 0x40a8f1 @__run_exit_handlers+465    : hint	                     
66318000: system.cpu: T0 : 0x40a8f8 @__run_exit_handlers+472    : call	DS:[rbx]             
66464000: system.cpu: T0 : 0x418e60 @_IO_cleanup    : hint	                     
66464000: system.cpu: T0 : 0x418e64 @_IO_cleanup+4    : push	r15                  
66464000: system.cpu: T0 : 0x418e66 @_IO_cleanup+6    : xor	edi                   
66464000: system.cpu: T0 : 0x418e68 @_IO_cleanup+8    : push	r14                  
66464000: system.cpu: T0 : 0x418e6a @_IO_cleanup+10    : lea	r14, DS:[rip + 0xae31f]
66465000: system.cpu: T0 : 0x418e71 @_IO_cleanup+17    : push	r13                  
66465000: system.cpu: T0 : 0x418e73 @_IO_cleanup+19    : push	r12                  
66465000: system.cpu: T0 : 0x418e75 @_IO_cleanup+21    : push	rbp                  
66465000: system.cpu: T0 : 0x418e76 @_IO_cleanup+22    : push	rbx                  
66466000: system.cpu: T0 : 0x418e77 @_IO_cleanup+23    : sub	rsp, 0x48             
66561000: system.cpu: T0 : 0x418e7b @_IO_cleanup+27    : mov	rax, FS:[t0 + t0 + 0x28]
66561000: system.cpu: T0 : 0x418e84 @_IO_cleanup+36    : mov	SS:[t0 + rsp + 0x38], rax
66561000: system.cpu: T0 : 0x418e89 @_IO_cleanup+41    : xor	eax                   
66561000: system.cpu: T0 : 0x418e8b @_IO_cleanup+43    : lea	r13, SS:[t0 + rsp + 0x10]
66561000: system.cpu: T0 : 0x418e90 @_IO_cleanup+48    : call	0xfffffffffffffd5b   
66663000: system.cpu: T0 : 0x418bf0 @_IO_flush_all_lockp    : hint	                     
66663000: system.cpu: T0 : 0x418bf4 @_IO_flush_all_lockp+4    : push	r15                  
66663000: system.cpu: T0 : 0x418bf6 @_IO_flush_all_lockp+6    : lea	r15, DS:[rip + 0xae593]
66663000: system.cpu: T0 : 0x418bfd @_IO_flush_all_lockp+13    : push	r14                  
66758000: system.cpu: T0 : 0x418bff @_IO_flush_all_lockp+15    : push	r13                  
66758000: system.cpu: T0 : 0x418c01 @_IO_flush_all_lockp+17    : push	r12                  
66758000: system.cpu: T0 : 0x418c03 @_IO_flush_all_lockp+19    : push	rbp                  
66758000: system.cpu: T0 : 0x418c04 @_IO_flush_all_lockp+20    : mov	edi                   
66758000: system.cpu: T0 : 0x418c06 @_IO_flush_all_lockp+22    : push	rbx                  
66759000: system.cpu: T0 : 0x418c07 @_IO_flush_all_lockp+23    : sub	rsp, 0x48             
66759000: system.cpu: T0 : 0x418c0b @_IO_flush_all_lockp+27    : mov	rax, FS:[t0 + t0 + 0x28]
66759000: system.cpu: T0 : 0x418c14 @_IO_flush_all_lockp+36    : mov	SS:[t0 + rsp + 0x38], rax
66759000: system.cpu: T0 : 0x418c19 @_IO_flush_all_lockp+41    : xor	eax                   
66759000: system.cpu: T0 : 0x418c1b @_IO_flush_all_lockp+43    : lea	r13, SS:[t0 + rsp + 0x10]
66759000: system.cpu: T0 : 0x418c20 @_IO_flush_all_lockp+48    : lea	rax, DS:[rip + 0xffffffffffffe799]
66760000: system.cpu: T0 : 0x418c27 @_IO_flush_all_lockp+55    : mov	SS:[t0 + rsp + 0x18], 0
66760000: system.cpu: T0 : 0x418c30 @_IO_flush_all_lockp+64    : mov	r13                   
66760000: system.cpu: T0 : 0x418c33 @_IO_flush_all_lockp+67    : mov	SS:[t0 + rsp + 0x10], rax
66760000: system.cpu: T0 : 0x418c38 @_IO_flush_all_lockp+72    : call	0x16b3               
66766000: system.cpu: T0 : 0x41a2f0 @__libc_cleanup_push_defer    : hint	                     
66766000: system.cpu: T0 : 0x41a2f4 @__libc_cleanup_push_defer+4    : mov	rax, FS:[t0 + t0 + 0x2f8]
66768000: system.cpu: T0 : 0x41a2fd @__libc_cleanup_push_defer+13    : mov	DS:[rdi + 0x18], rax  
66768000: system.cpu: T0 : 0x41a301 @__libc_cleanup_push_defer+17    : xor	eax                   
66768000: system.cpu: T0 : 0x41a303 @__libc_cleanup_push_defer+19    : mov	al, FS:[t0 + t0 + 0x972]
66768000: system.cpu: T0 : 0x41a30b @__libc_cleanup_push_defer+27    : movzx	eax                 
66768000: system.cpu: T0 : 0x41a30e @__libc_cleanup_push_defer+30    : mov	DS:[rdi + 0x10], eax  
66768000: system.cpu: T0 : 0x41a311 @__libc_cleanup_push_defer+33    : mov	FS:[t0 + t0 + 0x972], 0
66769000: system.cpu: T0 : 0x41a31a @__libc_cleanup_push_defer+42    : mov	FS:[t0 + t0 + 0x2f8], rdi
66769000: system.cpu: T0 : 0x41a323 @__libc_cleanup_push_defer+51    : ret	                      
66857000: system.cpu: T0 : 0x418c3d @_IO_flush_all_lockp+77    : mov	rbx, FS:[t0 + t0 + 0x10]
66857000: system.cpu: T0 : 0x418c46 @_IO_flush_all_lockp+86    : cmp	DS:[rip + 0xae54b], rbx
66857000: system.cpu: T0 : 0x418c4d @_IO_flush_all_lockp+93    : jz	0x1c                   
66857000: system.cpu: T0 : 0x418c4f @_IO_flush_all_lockp+95    : xor	eax                   
66858000: system.cpu: T0 : 0x418c51 @_IO_flush_all_lockp+97    : mov	edx, 0x1              
66858000: system.cpu: T0 : 0x418c56 @_IO_flush_all_lockp+102    : cmpxchg	DS:[rip + 0xae532], edx
66858000: system.cpu: T0 : 0x418c56 @_IO_flush_all_lockp+102. 1 : 	CMPXCHG_LOCKED_P_R.mfence : IntAlu : 
66858000: system.cpu: T0 : 0x418c56 @_IO_flush_all_lockp+102. 6 : 	CMPXCHG_LOCKED_P_R.mfence : IntAlu : 
66859000: system.cpu: T0 : 0x418c5e @_IO_flush_all_lockp+110    : jnz	0x1b0                 
66859000: system.cpu: T0 : 0x418c64 @_IO_flush_all_lockp+116    : mov	DS:[rip + 0xae52d], rbx
66859000: system.cpu: T0 : 0x418c6b @_IO_flush_all_lockp+123    : mov	eax, DS:[rip + 0xae523]
66860000: system.cpu: T0 : 0x418c71 @_IO_flush_all_lockp+129    : mov	rbx, DS:[rip + 0xab4c8]
66860000: system.cpu: T0 : 0x418c78 @_IO_flush_all_lockp+136    : xor	r12d                  
66860000: system.cpu: T0 : 0x418c7b @_IO_flush_all_lockp+139    : lea	edx, DS:[rax + 0x1]   
66955000: system.cpu: T0 : 0x418c7e @_IO_flush_all_lockp+142    : mov	DS:[rip + 0xae510], edx
66955000: system.cpu: T0 : 0x418c84 @_IO_flush_all_lockp+148    : test	rbx                  
66955000: system.cpu: T0 : 0x418c87 @_IO_flush_all_lockp+151    : jz	0x124                  
66955000: system.cpu: T0 : 0x418c8d @_IO_flush_all_lockp+157    : mov	r14d, 0x1             
66955000: system.cpu: T0 : 0x418c93 @_IO_flush_all_lockp+163    : jmp	0xa4                  
67152000: system.cpu: T0 : 0x418d3c @_IO_flush_all_lockp+332    : mov	DS:[rip + 0xae43d], rbx
67152000: system.cpu: T0 : 0x418d43 @_IO_flush_all_lockp+339    : test	ebp                  
67152000: system.cpu: T0 : 0x418d45 @_IO_flush_all_lockp+341    : jz	0x39                   
67252000: system.cpu: T0 : 0x418d80 @_IO_flush_all_lockp+400    : mov	eax, DS:[rbx + 0xc0]  
67252000: system.cpu: T0 : 0x418d86 @_IO_flush_all_lockp+406    : test	eax                  
67252000: system.cpu: T0 : 0x418d88 @_IO_flush_all_lockp+408    : jnle	0xffffffffffffff12   
67252000: system.cpu: T0 : 0x418d8e @_IO_flush_all_lockp+414    : mov	rax, DS:[rbx + 0x20]  
67252000: system.cpu: T0 : 0x418d92 @_IO_flush_all_lockp+418    : cmp	DS:[rbx + 0x28], rax  
67253000: system.cpu: T0 : 0x418d96 @_IO_flush_all_lockp+422    : jnbe	0xffffffffffffff15   
67253000: system.cpu: T0 : 0x418d9c @_IO_flush_all_lockp+428    : jmp	0xffffffffffffff4f    
67258000: system.cpu: T0 : 0x418cf0 @_IO_flush_all_lockp+256    : test	ebp                  
67258000: system.cpu: T0 : 0x418cf2 @_IO_flush_all_lockp+258    : jz	0x34                   
67367000: system.cpu: T0 : 0x418d28 @_IO_flush_all_lockp+312    : mov	DS:[rip + 0xae44d], 0 
67367000: system.cpu: T0 : 0x418d33 @_IO_flush_all_lockp+323    : mov	rbx, DS:[rbx + 0x68]  
67367000: system.cpu: T0 : 0x418d37 @_IO_flush_all_lockp+327    : test	rbx                  
67367000: system.cpu: T0 : 0x418d3a @_IO_flush_all_lockp+330    : jz	0x6c                   
67370000: system.cpu: T0 : 0x418d3c @_IO_flush_all_lockp+332    : mov	DS:[rip + 0xae43d], rbx
67370000: system.cpu: T0 : 0x418d43 @_IO_flush_all_lockp+339    : test	ebp                  
67370000: system.cpu: T0 : 0x418d45 @_IO_flush_all_lockp+341    : jz	0x39                   
67405000: system.cpu: T0 : 0x418d80 @_IO_flush_all_lockp+400    : mov	eax, DS:[rbx + 0xc0]  
67405000: system.cpu: T0 : 0x418d86 @_IO_flush_all_lockp+406    : test	eax                  
67405000: system.cpu: T0 : 0x418d88 @_IO_flush_all_lockp+408    : jnle	0xffffffffffffff12   
67405000: system.cpu: T0 : 0x418d8e @_IO_flush_all_lockp+414    : mov	rax, DS:[rbx + 0x20]  
67405000: system.cpu: T0 : 0x418d92 @_IO_flush_all_lockp+418    : cmp	DS:[rbx + 0x28], rax  
67406000: system.cpu: T0 : 0x418d96 @_IO_flush_all_lockp+422    : jnbe	0xffffffffffffff15   
67425000: system.cpu: T0 : 0x418cb1 @_IO_flush_all_lockp+193    : mov	rdx, DS:[rbx + 0xd8]  
67425000: system.cpu: T0 : 0x418cb8 @_IO_flush_all_lockp+200    : mov	rdi, 0x4c6288         
67427000: system.cpu: T0 : 0x418cbf @_IO_flush_all_lockp+207    : sub	rax, 0x4c5b20         
67427000: system.cpu: T0 : 0x418cc6 @_IO_flush_all_lockp+214    : mov	rdx                   
67427000: system.cpu: T0 : 0x418cc9 @_IO_flush_all_lockp+217    : sub	rcx, 0x4c5b20         
67427000: system.cpu: T0 : 0x418cd0 @_IO_flush_all_lockp+224    : cmp	rcx                   
67427000: system.cpu: T0 : 0x418cd3 @_IO_flush_all_lockp+227    : jbe	0x127                 
67428000: system.cpu: T0 : 0x418cd9 @_IO_flush_all_lockp+233    : mov	esi, 0xffffffffffffffff
67428000: system.cpu: T0 : 0x418cde @_IO_flush_all_lockp+238    : mov	rbx                   
67428000: system.cpu: T0 : 0x418ce1 @_IO_flush_all_lockp+241    : call	DS:[rdx + 0x18]      
67445000: system.cpu: T0 : 0x416ed0 @_IO_new_file_overflow    : hint	                     
67445000: system.cpu: T0 : 0x416ed4 @_IO_new_file_overflow+4    : push	r12                  
67445000: system.cpu: T0 : 0x416ed6 @_IO_new_file_overflow+6    : push	rbp                  
67445000: system.cpu: T0 : 0x416ed7 @_IO_new_file_overflow+7    : mov	rdi                   
67445000: system.cpu: T0 : 0x416eda @_IO_new_file_overflow+10    : push	rbx                  
67446000: system.cpu: T0 : 0x416edb @_IO_new_file_overflow+11    : mov	eax, DS:[rdi]         
67446000: system.cpu: T0 : 0x416edd @_IO_new_file_overflow+13    : test	al, 0x8              
67446000: system.cpu: T0 : 0x416edf @_IO_new_file_overflow+15    : jnz	0x1eb                 
67446000: system.cpu: T0 : 0x416ee5 @_IO_new_file_overflow+21    : mov	esi                   
67446000: system.cpu: T0 : 0x416ee7 @_IO_new_file_overflow+23    : mov	rsi, DS:[rdi + 0x20]  
67447000: system.cpu: T0 : 0x416eeb @_IO_new_file_overflow+27    : test	spl, 0x8             
67447000: system.cpu: T0 : 0x416eee @_IO_new_file_overflow+30    : jz	0x50                   
67447000: system.cpu: T0 : 0x416ef0 @_IO_new_file_overflow+32    : test	rsi                  
67447000: system.cpu: T0 : 0x416ef3 @_IO_new_file_overflow+35    : jz	0x16f                  
67448000: system.cpu: T0 : 0x416ef9 @_IO_new_file_overflow+41    : mov	rdx, DS:[rdi + 0x28]  
67448000: system.cpu: T0 : 0x416efd @_IO_new_file_overflow+45    : cmp	ebx, 0xffffffffffffffff
67450000: system.cpu: T0 : 0x416f00 @_IO_new_file_overflow+48    : jz	0xa6                   
67464000: system.cpu: T0 : 0x416fac @_IO_new_file_overflow+220    : pop	rbx                   
67464000: system.cpu: T0 : 0x416fad @_IO_new_file_overflow+221    : mov	rbp                   
67464000: system.cpu: T0 : 0x416fb0 @_IO_new_file_overflow+224    : sub	rsi                   
67464000: system.cpu: T0 : 0x416fb3 @_IO_new_file_overflow+227    : pop	rbp                   
67465000: system.cpu: T0 : 0x416fb4 @_IO_new_file_overflow+228    : pop	r12                   
67465000: system.cpu: T0 : 0x416fb6 @_IO_new_file_overflow+230    : jmp	0xfffffffffffff495    
67467000: system.cpu: T0 : 0x416450 @_IO_do_write    : hint	                     
67467000: system.cpu: T0 : 0x416454 @_IO_do_write+4    : xor	eax                   
67467000: system.cpu: T0 : 0x416456 @_IO_do_write+6    : test	rdx                  
67467000: system.cpu: T0 : 0x416459 @_IO_do_write+9    : jnz	0x5                   
67481000: system.cpu: T0 : 0x416460 @_IO_do_write+16    : push	r14                  
67481000: system.cpu: T0 : 0x416462 @_IO_do_write+18    : push	r13                  
67481000: system.cpu: T0 : 0x416464 @_IO_do_write+20    : mov	r15, 0x4c6288         
67481000: system.cpu: T0 : 0x41646b @_IO_do_write+27    : push	r12                  
67481000: system.cpu: T0 : 0x41646d @_IO_do_write+29    : sub	r13, 0x4c5b20         
67482000: system.cpu: T0 : 0x416474 @_IO_do_write+36    : mov	rsi                   
67482000: system.cpu: T0 : 0x416477 @_IO_do_write+39    : push	rbp                  
67482000: system.cpu: T0 : 0x416478 @_IO_do_write+40    : mov	rdx                   
67482000: system.cpu: T0 : 0x41647b @_IO_do_write+43    : push	rbx                  
67482000: system.cpu: T0 : 0x41647c @_IO_do_write+44    : mov	rdi                   
67606000: system.cpu: T0 : 0x41647f @_IO_do_write+47    : mov	r14, DS:[rdi + 0xd8]  
67606000: system.cpu: T0 : 0x416486 @_IO_do_write+54    : test	DS:[rdi], 0x1000     
67606000: system.cpu: T0 : 0x41648c @_IO_do_write+60    : jnz	0xc6                  
67606000: system.cpu: T0 : 0x416492 @_IO_do_write+66    : mov	rax, DS:[rdi + 0x10]  
67607000: system.cpu: T0 : 0x416496 @_IO_do_write+70    : mov	rsi, DS:[rdi + 0x20]  
67607000: system.cpu: T0 : 0x41649a @_IO_do_write+74    : cmp	rsi                   
67607000: system.cpu: T0 : 0x41649d @_IO_do_write+77    : jz	0x41                   
67704000: system.cpu: T0 : 0x4164e0 @_IO_do_write+144    : mov	r14                   
67704000: system.cpu: T0 : 0x4164e3 @_IO_do_write+147    : sub	rax, 0x4c5b20         
67704000: system.cpu: T0 : 0x4164ea @_IO_do_write+154    : cmp	r13                   
67704000: system.cpu: T0 : 0x4164ed @_IO_do_write+157    : jnb	0xad                  
67704000: system.cpu: T0 : 0x4164f3 @_IO_do_write+163    : mov	rbp                   
67705000: system.cpu: T0 : 0x4164f6 @_IO_do_write+166    : mov	r12                   
67705000: system.cpu: T0 : 0x4164f9 @_IO_do_write+169    : mov	rbx                   
67705000: system.cpu: T0 : 0x4164fc @_IO_do_write+172    : call	DS:[r14 + 0x78]      
67742000: system.cpu: T0 : 0x415360 @_IO_new_file_write    : hint	                     
67742000: system.cpu: T0 : 0x415364 @_IO_new_file_write+4    : push	r13                  
67742000: system.cpu: T0 : 0x415366 @_IO_new_file_write+6    : mov	rdi                   
67742000: system.cpu: T0 : 0x415369 @_IO_new_file_write+9    : push	r12                  
67742000: system.cpu: T0 : 0x41536b @_IO_new_file_write+11    : push	rbp                  
67743000: system.cpu: T0 : 0x41536c @_IO_new_file_write+12    : push	rbx                  
67743000: system.cpu: T0 : 0x41536d @_IO_new_file_write+13    : sub	rsp, 0x8              
67743000: system.cpu: T0 : 0x415371 @_IO_new_file_write+17    : test	rdx                  
67743000: system.cpu: T0 : 0x415374 @_IO_new_file_write+20    : jle	0x7e                  
67744000: system.cpu: T0 : 0x41537a @_IO_new_file_write+26    : mov	rsi                   
67744000: system.cpu: T0 : 0x41537d @_IO_new_file_write+29    : mov	rdx                   
67867000: system.cpu: T0 : 0x415380 @_IO_new_file_write+32    : mov	rdx                   
67867000: system.cpu: T0 : 0x415383 @_IO_new_file_write+35    : jmp	0x18                  
67870000: system.cpu: T0 : 0x41539d @_IO_new_file_write+61    : mov	edi, DS:[r13 + 0x70]  
67870000: system.cpu: T0 : 0x4153a1 @_IO_new_file_write+65    : mov	rbx                   
67870000: system.cpu: T0 : 0x4153a4 @_IO_new_file_write+68    : mov	rbp                   
67870000: system.cpu: T0 : 0x4153a7 @_IO_new_file_write+71    : test	DS:[r13 + 0x74], 0x2 
67870000: system.cpu: T0 : 0x4153ac @_IO_new_file_write+76    : jz	0xffffffffffffffda     
67885000: system.cpu: T0 : 0x415388 @_IO_new_file_write+40    : call	0x39c33              
68011000: system.cpu: T0 : 0x44efc0 @__libc_write    : hint	                     
68011000: system.cpu: T0 : 0x44efc4 @__libc_write+4    : mov	eax, FS:[t0 + t0 + 0x18]
68011000: system.cpu: T0 : 0x44efcc @__libc_write+12    : test	eax                  
68011000: system.cpu: T0 : 0x44efce @__libc_write+14    : jnz	0x10                  
68011000: system.cpu: T0 : 0x44efd0 @__libc_write+16    : mov	eax, 0x1              
68011000: system.cpu: T0 : 0x44efd5 @__libc_write+21    :   syscall                  : IntAlu : 
68041000: system.cpu: T0 : 0x44efd7 @__libc_write+23    : cmp	rax, 0xfffffffffffff000
68041000: system.cpu: T0 : 0x44efdd @__libc_write+29    : jnbe	0x51                 
68041000: system.cpu: T0 : 0x44efdf @__libc_write+31    : ret	                      
68043000: system.cpu: T0 : 0x41538d @_IO_new_file_write+45    : test	rax                  
68043000: system.cpu: T0 : 0x415390 @_IO_new_file_write+48    : js	0x2e                   
68043000: system.cpu: T0 : 0x415392 @_IO_new_file_write+50    : sub	rax                   
68043000: system.cpu: T0 : 0x415395 @_IO_new_file_write+53    : add	rax                   
68043000: system.cpu: T0 : 0x415398 @_IO_new_file_write+56    : test	rbx                  
68043000: system.cpu: T0 : 0x41539b @_IO_new_file_write+59    : jle	0x53                  
68056000: system.cpu: T0 : 0x4153f0 @_IO_new_file_write+144    : mov	r12                   
68056000: system.cpu: T0 : 0x4153f3 @_IO_new_file_write+147    : sub	rbx                   
68056000: system.cpu: T0 : 0x4153f6 @_IO_new_file_write+150    : jmp	0xffffffffffffffd3    
68061000: system.cpu: T0 : 0x4153cb @_IO_new_file_write+107    : mov	rdx, DS:[r13 + 0x90]  
68061000: system.cpu: T0 : 0x4153d2 @_IO_new_file_write+114    : test	rdx                  
68061000: system.cpu: T0 : 0x4153d5 @_IO_new_file_write+117    : js	0xa                    
68076000: system.cpu: T0 : 0x4153e1 @_IO_new_file_write+129    : add	rsp, 0x8              
68076000: system.cpu: T0 : 0x4153e5 @_IO_new_file_write+133    : pop	rbx                   
68076000: system.cpu: T0 : 0x4153e6 @_IO_new_file_write+134    : pop	rbp                   
68077000: system.cpu: T0 : 0x4153e7 @_IO_new_file_write+135    : pop	r12                   
68077000: system.cpu: T0 : 0x4153e9 @_IO_new_file_write+137    : pop	r13                   
68077000: system.cpu: T0 : 0x4153eb @_IO_new_file_write+139    : ret	                      
68080000: system.cpu: T0 : 0x416500 @_IO_do_write+176    : mov	rax                   
68080000: system.cpu: T0 : 0x416503 @_IO_do_write+179    : movzx	eax, DS:[rbx + 0x80]
68080000: system.cpu: T0 : 0x41650a @_IO_do_write+186    : test	r13                  
68080000: system.cpu: T0 : 0x41650d @_IO_do_write+189    : jz	0x5                    
68080000: system.cpu: T0 : 0x41650f @_IO_do_write+191    : test	ax                   
68081000: system.cpu: T0 : 0x416512 @_IO_do_write+194    : jnz	0x6c                  
68081000: system.cpu: T0 : 0x416514 @_IO_do_write+196    : mov	rax, DS:[rbx + 0x38]  
68081000: system.cpu: T0 : 0x416518 @_IO_do_write+200    : mov	edx, DS:[rbx + 0xc0]  
68081000: system.cpu: T0 : 0x41651e @_IO_do_write+206    : movd	XMM0                 
68081000: system.cpu: T0 : 0x416523 @_IO_do_write+211    : mov	DS:[rbx + 0x28], rax  
68082000: system.cpu: T0 : 0x416527 @_IO_do_write+215    : punpcklqdq	XMM0           
68082000: system.cpu: T0 : 0x41652b @_IO_do_write+219    : movups	DS:[rbx + 0x8], XMM0
68082000: system.cpu: T0 : 0x41652f @_IO_do_write+223    : movups	DS:[rbx + 0x18], XMM0
68082000: system.cpu: T0 : 0x416533 @_IO_do_write+227    : test	edx                  
68082000: system.cpu: T0 : 0x416535 @_IO_do_write+229    : jle	0x39                  
68130000: system.cpu: T0 : 0x416570 @_IO_do_write+288    : test	DS:[rbx], 0x202      
68130000: system.cpu: T0 : 0x416576 @_IO_do_write+294    : jnz	0xffffffffffffffc3    
68130000: system.cpu: T0 : 0x416578 @_IO_do_write+296    : jmp	0xffffffffffffffbd    
68136000: system.cpu: T0 : 0x416537 @_IO_do_write+231    : mov	rax, DS:[rbx + 0x40]  
68136000: system.cpu: T0 : 0x41653b @_IO_do_write+235    : mov	DS:[rbx + 0x30], rax  
68138000: system.cpu: T0 : 0x41653f @_IO_do_write+239    : xor	eax                   
68138000: system.cpu: T0 : 0x416541 @_IO_do_write+241    : cmp	r13                   
68138000: system.cpu: T0 : 0x416544 @_IO_do_write+244    : setnz	                    
68138000: system.cpu: T0 : 0x416547 @_IO_do_write+247    : neg	                      
68138000: system.cpu: T0 : 0x416549 @_IO_do_write+249    : pop	rbx                   
68139000: system.cpu: T0 : 0x41654a @_IO_do_write+250    : pop	rbp                   
68139000: system.cpu: T0 : 0x41654b @_IO_do_write+251    : pop	r12                   
68139000: system.cpu: T0 : 0x41654d @_IO_do_write+253    : pop	r13                   
68140000: system.cpu: T0 : 0x41654f @_IO_do_write+255    : pop	r14                   
68140000: system.cpu: T0 : 0x416551 @_IO_do_write+257    : ret	                      
68142000: system.cpu: T0 : 0x418ce4 @_IO_flush_all_lockp+244    : cmp	eax, 0xffffffffffffffff
68142000: system.cpu: T0 : 0x418ce7 @_IO_flush_all_lockp+247    : mov	eax, 0xffffffffffffffff
68142000: system.cpu: T0 : 0x418cec @_IO_flush_all_lockp+252    : cmovz	r12d                
68142000: system.cpu: T0 : 0x418cf0 @_IO_flush_all_lockp+256    : test	ebp                  
68142000: system.cpu: T0 : 0x418cf2 @_IO_flush_all_lockp+258    : jz	0x34                   
68155000: system.cpu: T0 : 0x418d28 @_IO_flush_all_lockp+312    : mov	DS:[rip + 0xae44d], 0 
68155000: system.cpu: T0 : 0x418d33 @_IO_flush_all_lockp+323    : mov	rbx, DS:[rbx + 0x68]  
68155000: system.cpu: T0 : 0x418d37 @_IO_flush_all_lockp+327    : test	rbx                  
68155000: system.cpu: T0 : 0x418d3a @_IO_flush_all_lockp+330    : jz	0x6c                   
68158000: system.cpu: T0 : 0x418d3c @_IO_flush_all_lockp+332    : mov	DS:[rip + 0xae43d], rbx
68158000: system.cpu: T0 : 0x418d43 @_IO_flush_all_lockp+339    : test	ebp                  
68158000: system.cpu: T0 : 0x418d45 @_IO_flush_all_lockp+341    : jz	0x39                   
68160000: system.cpu: T0 : 0x418d80 @_IO_flush_all_lockp+400    : mov	eax, DS:[rbx + 0xc0]  
68160000: system.cpu: T0 : 0x418d86 @_IO_flush_all_lockp+406    : test	eax                  
68160000: system.cpu: T0 : 0x418d88 @_IO_flush_all_lockp+408    : jnle	0xffffffffffffff12   
68160000: system.cpu: T0 : 0x418d8e @_IO_flush_all_lockp+414    : mov	rax, DS:[rbx + 0x20]  
68160000: system.cpu: T0 : 0x418d92 @_IO_flush_all_lockp+418    : cmp	DS:[rbx + 0x28], rax  
68161000: system.cpu: T0 : 0x418d96 @_IO_flush_all_lockp+422    : jnbe	0xffffffffffffff15   
68161000: system.cpu: T0 : 0x418d9c @_IO_flush_all_lockp+428    : jmp	0xffffffffffffff4f    
68163000: system.cpu: T0 : 0x418cf0 @_IO_flush_all_lockp+256    : test	ebp                  
68163000: system.cpu: T0 : 0x418cf2 @_IO_flush_all_lockp+258    : jz	0x34                   
68165000: system.cpu: T0 : 0x418d28 @_IO_flush_all_lockp+312    : mov	DS:[rip + 0xae44d], 0 
68165000: system.cpu: T0 : 0x418d33 @_IO_flush_all_lockp+323    : mov	rbx, DS:[rbx + 0x68]  
68165000: system.cpu: T0 : 0x418d37 @_IO_flush_all_lockp+327    : test	rbx                  
68165000: system.cpu: T0 : 0x418d3a @_IO_flush_all_lockp+330    : jz	0x6c                   
68277000: system.cpu: T0 : 0x418da8 @_IO_flush_all_lockp+440    : mov	eax, DS:[rip + 0xae3e6]
68277000: system.cpu: T0 : 0x418dae @_IO_flush_all_lockp+446    : sub	eax, 0x1              
68277000: system.cpu: T0 : 0x418db1 @_IO_flush_all_lockp+449    : mov	DS:[rip + 0xae3dd], eax
68277000: system.cpu: T0 : 0x418db7 @_IO_flush_all_lockp+455    : test	eax                  
68277000: system.cpu: T0 : 0x418db9 @_IO_flush_all_lockp+457    : jnz	0x16                  
68373000: system.cpu: T0 : 0x418dbb @_IO_flush_all_lockp+459    : mov	DS:[rip + 0xae3d2], 0 
68373000: system.cpu: T0 : 0x418dc6 @_IO_flush_all_lockp+470    : xchg	DS:[rip + 0xae3c4], eax
68373000: system.cpu: T0 : 0x418dc6 @_IO_flush_all_lockp+470. 1 : 	XCHG_P_R.mfence           : IntAlu : 
68373000: system.cpu: T0 : 0x418dc6 @_IO_flush_all_lockp+470. 4 : 	XCHG_P_R.mfence           : IntAlu : 
68374000: system.cpu: T0 : 0x418dcc @_IO_flush_all_lockp+476    : cmp	eax, 0x1              
68374000: system.cpu: T0 : 0x418dcf @_IO_flush_all_lockp+479    : jnle	0x50                 
68374000: system.cpu: T0 : 0x418dd1 @_IO_flush_all_lockp+481    : mov	r13                   
68374000: system.cpu: T0 : 0x418dd4 @_IO_flush_all_lockp+484    : call	0x1557               
68380000: system.cpu: T0 : 0x41a330 @__libc_cleanup_pop_restore    : hint	                     
68380000: system.cpu: T0 : 0x41a334 @__libc_cleanup_pop_restore+4    : mov	rax, DS:[rdi + 0x18]  
68382000: system.cpu: T0 : 0x41a338 @__libc_cleanup_pop_restore+8    : mov	FS:[t0 + t0 + 0x2f8], rax
68382000: system.cpu: T0 : 0x41a341 @__libc_cleanup_pop_restore+17    : mov	eax, DS:[rdi + 0x10]  
68382000: system.cpu: T0 : 0x41a344 @__libc_cleanup_pop_restore+20    : mov	FS:[t0 + t0 + 0x972], al
68382000: system.cpu: T0 : 0x41a34c @__libc_cleanup_pop_restore+28    : cmp	eax, 0x1              
68382000: system.cpu: T0 : 0x41a34f @__libc_cleanup_pop_restore+31    : jz	0x7                    
68383000: system.cpu: T0 : 0x41a351 @__libc_cleanup_pop_restore+33    : ret	                      
68385000: system.cpu: T0 : 0x418dd9 @_IO_flush_all_lockp+489    : mov	rax, SS:[t0 + rsp + 0x38]
68385000: system.cpu: T0 : 0x418dde @_IO_flush_all_lockp+494    : sub	rax, FS:[t0 + t0 + 0x28]
68385000: system.cpu: T0 : 0x418de7 @_IO_flush_all_lockp+503    : jnz	0x69                  
68385000: system.cpu: T0 : 0x418de9 @_IO_flush_all_lockp+505    : add	rsp, 0x48             
68386000: system.cpu: T0 : 0x418ded @_IO_flush_all_lockp+509    : mov	r12d                  
68386000: system.cpu: T0 : 0x418df0 @_IO_flush_all_lockp+512    : pop	rbx                   
68386000: system.cpu: T0 : 0x418df1 @_IO_flush_all_lockp+513    : pop	rbp                   
68386000: system.cpu: T0 : 0x418df2 @_IO_flush_all_lockp+514    : pop	r12                   
68387000: system.cpu: T0 : 0x418df4 @_IO_flush_all_lockp+516    : pop	r13                   
68387000: system.cpu: T0 : 0x418df6 @_IO_flush_all_lockp+518    : pop	r14                   
68388000: system.cpu: T0 : 0x418df8 @_IO_flush_all_lockp+520    : pop	r15                   
68388000: system.cpu: T0 : 0x418dfa @_IO_flush_all_lockp+522    : ret	                      
68390000: system.cpu: T0 : 0x418e95 @_IO_cleanup+53    : mov	r13                   
68390000: system.cpu: T0 : 0x418e98 @_IO_cleanup+56    : mov	SS:[t0 + rsp + 0x18], 0
68390000: system.cpu: T0 : 0x418ea1 @_IO_cleanup+65    : mov	eax                   
68390000: system.cpu: T0 : 0x418ea4 @_IO_cleanup+68    : lea	rax, DS:[rip + 0xffffffffffffe515]
68390000: system.cpu: T0 : 0x418eab @_IO_cleanup+75    : mov	SS:[t0 + rsp + 0x10], rax
68390000: system.cpu: T0 : 0x418eb0 @_IO_cleanup+80    : call	0x143b               
68396000: system.cpu: T0 : 0x41a2f0 @__libc_cleanup_push_defer    : hint	                     
68396000: system.cpu: T0 : 0x41a2f4 @__libc_cleanup_push_defer+4    : mov	rax, FS:[t0 + t0 + 0x2f8]
68398000: system.cpu: T0 : 0x41a2fd @__libc_cleanup_push_defer+13    : mov	DS:[rdi + 0x18], rax  
68398000: system.cpu: T0 : 0x41a301 @__libc_cleanup_push_defer+17    : xor	eax                   
68398000: system.cpu: T0 : 0x41a303 @__libc_cleanup_push_defer+19    : mov	al, FS:[t0 + t0 + 0x972]
68398000: system.cpu: T0 : 0x41a30b @__libc_cleanup_push_defer+27    : movzx	eax                 
68398000: system.cpu: T0 : 0x41a30e @__libc_cleanup_push_defer+30    : mov	DS:[rdi + 0x10], eax  
68398000: system.cpu: T0 : 0x41a311 @__libc_cleanup_push_defer+33    : mov	FS:[t0 + t0 + 0x972], 0
68399000: system.cpu: T0 : 0x41a31a @__libc_cleanup_push_defer+42    : mov	FS:[t0 + t0 + 0x2f8], rdi
68399000: system.cpu: T0 : 0x41a323 @__libc_cleanup_push_defer+51    : ret	                      
68401000: system.cpu: T0 : 0x418eb5 @_IO_cleanup+85    : mov	rbx, FS:[t0 + t0 + 0x10]
68403000: system.cpu: T0 : 0x418ebe @_IO_cleanup+94    : cmp	rbx, DS:[rip + 0xae2d3]
68403000: system.cpu: T0 : 0x418ec5 @_IO_cleanup+101    : jz	0x1c                   
68403000: system.cpu: T0 : 0x418ec7 @_IO_cleanup+103    : xor	eax                   
68403000: system.cpu: T0 : 0x418ec9 @_IO_cleanup+105    : mov	edx, 0x1              
68404000: system.cpu: T0 : 0x418ece @_IO_cleanup+110    : cmpxchg	DS:[rip + 0xae2ba], edx
68404000: system.cpu: T0 : 0x418ece @_IO_cleanup+110. 1 : 	CMPXCHG_LOCKED_P_R.mfence : IntAlu : 
68404000: system.cpu: T0 : 0x418ece @_IO_cleanup+110. 6 : 	CMPXCHG_LOCKED_P_R.mfence : IntAlu : 
68405000: system.cpu: T0 : 0x418ed6 @_IO_cleanup+118    : jnz	0x1dc                 
68405000: system.cpu: T0 : 0x418edc @_IO_cleanup+124    : mov	DS:[rip + 0xae2b5], rbx
68405000: system.cpu: T0 : 0x418ee3 @_IO_cleanup+131    : mov	eax, DS:[rip + 0xae2ab]
68405000: system.cpu: T0 : 0x418ee9 @_IO_cleanup+137    : mov	rbx, DS:[rip + 0xab250]
68406000: system.cpu: T0 : 0x418ef0 @_IO_cleanup+144    : lea	edx, DS:[rax + 0x1]   
68406000: system.cpu: T0 : 0x418ef3 @_IO_cleanup+147    : mov	DS:[rip + 0xae29b], edx
68406000: system.cpu: T0 : 0x418ef9 @_IO_cleanup+153    : test	rbx                  
68501000: system.cpu: T0 : 0x418efc @_IO_cleanup+156    : jz	0x127                  
68501000: system.cpu: T0 : 0x418f02 @_IO_cleanup+162    : xor	r15d                  
68501000: system.cpu: T0 : 0x418f05 @_IO_cleanup+165    : jmp	0x20                  
68504000: system.cpu: T0 : 0x418f27 @_IO_cleanup+199    : mov	ebp, DS:[rbx]         
68504000: system.cpu: T0 : 0x418f29 @_IO_cleanup+201    : and	ebp, 0x2              
68504000: system.cpu: T0 : 0x418f2c @_IO_cleanup+204    : jnz	0xffffffffffffffe2    
68518000: system.cpu: T0 : 0x418f10 @_IO_cleanup+176    : mov	DS:[rbx + 0xc0], 0xffffffffffffffff
68518000: system.cpu: T0 : 0x418f1a @_IO_cleanup+186    : mov	rbx, DS:[rbx + 0x68]  
68518000: system.cpu: T0 : 0x418f1e @_IO_cleanup+190    : test	rbx                  
68518000: system.cpu: T0 : 0x418f21 @_IO_cleanup+193    : jz	0xf9                   
68518000: system.cpu: T0 : 0x418f27 @_IO_cleanup+199    : mov	ebp, DS:[rbx]         
68519000: system.cpu: T0 : 0x418f29 @_IO_cleanup+201    : and	ebp, 0x2              
68519000: system.cpu: T0 : 0x418f2c @_IO_cleanup+204    : jnz	0xffffffffffffffe2    
68519000: system.cpu: T0 : 0x418f2e @_IO_cleanup+206    : mov	edx, DS:[rbx + 0xc0]  
68519000: system.cpu: T0 : 0x418f34 @_IO_cleanup+212    : test	edx                  
68519000: system.cpu: T0 : 0x418f36 @_IO_cleanup+214    : jz	0xffffffffffffffd8     
68520000: system.cpu: T0 : 0x418f38 @_IO_cleanup+216    : mov	rdx, DS:[rbx + 0x88]  
68601000: system.cpu: T0 : 0x418f3f @_IO_cleanup+223    : test	rdx                  
68601000: system.cpu: T0 : 0x418f42 @_IO_cleanup+226    : jz	0x37                   
68601000: system.cpu: T0 : 0x418f44 @_IO_cleanup+228    : mov	rcx, FS:[t0 + t0 + 0x10]
68601000: system.cpu: T0 : 0x418f4d @_IO_cleanup+237    : cmp	rcx, DS:[rdx + 0x8]   
68601000: system.cpu: T0 : 0x418f51 @_IO_cleanup+241    : jz	0x195                  
68602000: system.cpu: T0 : 0x418f57 @_IO_cleanup+247    : mov	esi, 0x1              
68602000: system.cpu: T0 : 0x418f5c @_IO_cleanup+252    : mov	r15d                  
68602000: system.cpu: T0 : 0x418f5f @_IO_cleanup+255    : cmpxchg	DS:[rdx], esi     
68602000: system.cpu: T0 : 0x418f5f @_IO_cleanup+255. 0 : 	CMPXCHG_LOCKED_M_R.mfence : IntAlu : 
68603000: system.cpu: T0 : 0x418f5f @_IO_cleanup+255. 5 : 	CMPXCHG_LOCKED_M_R.mfence : IntAlu : 
68603000: system.cpu: T0 : 0x418f63 @_IO_cleanup+259    : jnz	0x13b                 
68603000: system.cpu: T0 : 0x418f69 @_IO_cleanup+265    : mov	rax, DS:[rbx + 0x88]  
68603000: system.cpu: T0 : 0x418f70 @_IO_cleanup+272    : mov	DS:[rax + 0x8], rcx   
68604000: system.cpu: T0 : 0x418f74 @_IO_cleanup+276    : mov	DS:[rax + 0x4], 0x1   
68699000: system.cpu: T0 : 0x418f7b @_IO_cleanup+283    : cmp	DS:[rip + 0xae1f6], 0 
68699000: system.cpu: T0 : 0x418f82 @_IO_cleanup+290    : jnz	0xa                   
68699000: system.cpu: T0 : 0x418f84 @_IO_cleanup+292    : mov	eax, DS:[rbx]         
68700000: system.cpu: T0 : 0x418f86 @_IO_cleanup+294    : test	al, 0x1              
68700000: system.cpu: T0 : 0x418f88 @_IO_cleanup+296    : jz	0xf2                   
68920000: system.cpu: T0 : 0x419080 @_IO_cleanup+544    : movq	XMM0, DS:[rip + 0xae0e8]
68920000: system.cpu: T0 : 0x419088 @_IO_cleanup+552    : or	eax, 0x1               
68920000: system.cpu: T0 : 0x41908b @_IO_cleanup+555    : mov	DS:[rip + 0xae0de], rbx
68920000: system.cpu: T0 : 0x419092 @_IO_cleanup+562    : mov	DS:[rbx], eax         
68921000: system.cpu: T0 : 0x419094 @_IO_cleanup+564    : movhps	XMM0, DS:[rbx + 0x38]
68921000: system.cpu: T0 : 0x419098 @_IO_cleanup+568    : movups	DS:[rbx + 0xa8], XMM0
68921000: system.cpu: T0 : 0x41909f @_IO_cleanup+575    : jmp	0xfffffffffffffeea    
68926000: system.cpu: T0 : 0x418f8e @_IO_cleanup+302    : mov	rcx, DS:[rbx + 0xd8]  
68926000: system.cpu: T0 : 0x418f95 @_IO_cleanup+309    : mov	rdi, 0x4c6288         
68926000: system.cpu: T0 : 0x418f9c @_IO_cleanup+316    : sub	rax, 0x4c5b20         
68926000: system.cpu: T0 : 0x418fa3 @_IO_cleanup+323    : mov	rcx                   
68926000: system.cpu: T0 : 0x418fa6 @_IO_cleanup+326    : sub	rdx, 0x4c5b20         
68926000: system.cpu: T0 : 0x418fad @_IO_cleanup+333    : cmp	rdx                   
68927000: system.cpu: T0 : 0x418fb0 @_IO_cleanup+336    : jbe	0x122                 
68927000: system.cpu: T0 : 0x418fb6 @_IO_cleanup+342    : xor	edx                   
68927000: system.cpu: T0 : 0x418fb8 @_IO_cleanup+344    : xor	esi                   
68927000: system.cpu: T0 : 0x418fba @_IO_cleanup+346    : mov	rbx                   
68927000: system.cpu: T0 : 0x418fbd @_IO_cleanup+349    : call	DS:[rcx + 0x58]      
68942000: system.cpu: T0 : 0x414740 @_IO_new_file_setbuf    : hint	                     
68942000: system.cpu: T0 : 0x414744 @_IO_new_file_setbuf+4    : push	rbx                  
68942000: system.cpu: T0 : 0x414745 @_IO_new_file_setbuf+5    : mov	rdi                   
68942000: system.cpu: T0 : 0x414748 @_IO_new_file_setbuf+8    : call	0x3e53               
69062000: system.cpu: T0 : 0x4185a0 @_IO_default_setbuf    : hint	                     
69062000: system.cpu: T0 : 0x4185a4 @_IO_default_setbuf+4    : push	r13                  
69062000: system.cpu: T0 : 0x4185a6 @_IO_default_setbuf+6    : push	r12                  
69062000: system.cpu: T0 : 0x4185a8 @_IO_default_setbuf+8    : mov	rdx                   
69062000: system.cpu: T0 : 0x4185ab @_IO_default_setbuf+11    : push	rbp                  
69063000: system.cpu: T0 : 0x4185ac @_IO_default_setbuf+12    : mov	rsi                   
69063000: system.cpu: T0 : 0x4185af @_IO_default_setbuf+15    : push	rbx                  
69063000: system.cpu: T0 : 0x4185b0 @_IO_default_setbuf+16    : mov	rdi                   
69063000: system.cpu: T0 : 0x4185b3 @_IO_default_setbuf+19    : sub	rsp, 0x8              
69063000: system.cpu: T0 : 0x4185b7 @_IO_default_setbuf+23    : mov	r13, DS:[rdi + 0xd8]  
69158000: system.cpu: T0 : 0x4185be @_IO_default_setbuf+30    : mov	rdi, 0x4c6288         
69158000: system.cpu: T0 : 0x4185c5 @_IO_default_setbuf+37    : sub	rax, 0x4c5b20         
69158000: system.cpu: T0 : 0x4185cc @_IO_default_setbuf+44    : mov	r13                   
69158000: system.cpu: T0 : 0x4185cf @_IO_default_setbuf+47    : sub	rdx, 0x4c5b20         
69158000: system.cpu: T0 : 0x4185d6 @_IO_default_setbuf+54    : cmp	rdx                   
69158000: system.cpu: T0 : 0x4185d9 @_IO_default_setbuf+57    : jbe	0xa1                  
69159000: system.cpu: T0 : 0x4185df @_IO_default_setbuf+63    : mov	rbx                   
69159000: system.cpu: T0 : 0x4185e2 @_IO_default_setbuf+66    : call	DS:[r13 + 0x60]      
69265000: system.cpu: T0 : 0x4170f0 @_IO_new_file_sync    : hint	                     
69265000: system.cpu: T0 : 0x4170f4 @_IO_new_file_sync+4    : push	rbp                  
69265000: system.cpu: T0 : 0x4170f5 @_IO_new_file_sync+5    : push	rbx                  
69265000: system.cpu: T0 : 0x4170f6 @_IO_new_file_sync+6    : mov	rdi                   
69265000: system.cpu: T0 : 0x4170f9 @_IO_new_file_sync+9    : sub	rsp, 0x18             
69361000: system.cpu: T0 : 0x4170fd @_IO_new_file_sync+13    : mov	rdx, DS:[rdi + 0x28]  
69361000: system.cpu: T0 : 0x417101 @_IO_new_file_sync+17    : mov	rsi, DS:[rdi + 0x20]  
69361000: system.cpu: T0 : 0x417105 @_IO_new_file_sync+21    : cmp	rsi                   
69361000: system.cpu: T0 : 0x417108 @_IO_new_file_sync+24    : jbe	0x2d                  
69376000: system.cpu: T0 : 0x417137 @_IO_new_file_sync+71    : mov	rsi, DS:[rbx + 0x8]   
69376000: system.cpu: T0 : 0x41713b @_IO_new_file_sync+75    : sub	rsi, DS:[rbx + 0x10]  
69460000: system.cpu: T0 : 0x41713f @_IO_new_file_sync+79    : jz	0x40                   
69559000: system.cpu: T0 : 0x417181 @_IO_new_file_sync+145    : mov	DS:[rbx + 0x90], 0xffffffffffffffff
69559000: system.cpu: T0 : 0x41718c @_IO_new_file_sync+156    : xor	eax                   
69559000: system.cpu: T0 : 0x41718e @_IO_new_file_sync+158    : add	rsp, 0x18             
69559000: system.cpu: T0 : 0x417192 @_IO_new_file_sync+162    : pop	rbx                   
69560000: system.cpu: T0 : 0x417193 @_IO_new_file_sync+163    : pop	rbp                   
69560000: system.cpu: T0 : 0x417194 @_IO_new_file_sync+164    : ret	                      
69562000: system.cpu: T0 : 0x4185e6 @_IO_default_setbuf+70    : cmp	eax, 0xffffffffffffffff
69562000: system.cpu: T0 : 0x4185e9 @_IO_default_setbuf+73    : jz	0xa1                   
69562000: system.cpu: T0 : 0x4185ef @_IO_default_setbuf+79    : mov	edx, DS:[rbx]         
69562000: system.cpu: T0 : 0x4185f1 @_IO_default_setbuf+81    : mov	rdi, DS:[rbx + 0x38]  
69562000: system.cpu: T0 : 0x4185f5 @_IO_default_setbuf+85    : mov	edx                   
69563000: system.cpu: T0 : 0x4185f7 @_IO_default_setbuf+87    : test	rbp                  
69563000: system.cpu: T0 : 0x4185fa @_IO_default_setbuf+90    : jz	0x54                   
69665000: system.cpu: T0 : 0x418650 @_IO_default_setbuf+176    : or	eax, 0x2               
69665000: system.cpu: T0 : 0x418653 @_IO_default_setbuf+179    : lea	r12, DS:[rbx + 0x84]  
69665000: system.cpu: T0 : 0x41865a @_IO_default_setbuf+186    : lea	rbp, DS:[rbx + 0x83]  
69665000: system.cpu: T0 : 0x418661 @_IO_default_setbuf+193    : mov	DS:[rbx], eax         
69665000: system.cpu: T0 : 0x418663 @_IO_default_setbuf+195    : test	rdi                  
69665000: system.cpu: T0 : 0x418666 @_IO_default_setbuf+198    : jz	0xffffffffffffffab     
69666000: system.cpu: T0 : 0x418668 @_IO_default_setbuf+200    : and	edx, 0x1              
69666000: system.cpu: T0 : 0x41866b @_IO_default_setbuf+203    : jnz	0xffffffffffffffa6    
69679000: system.cpu: T0 : 0x418613 @_IO_default_setbuf+115    : movd	XMM0                 
69679000: system.cpu: T0 : 0x418618 @_IO_default_setbuf+120    : movd	XMM1                 
69679000: system.cpu: T0 : 0x41861d @_IO_default_setbuf+125    : or	eax, 0x1               
69679000: system.cpu: T0 : 0x418620 @_IO_default_setbuf+128    : punpcklqdq	XMM0           
69679000: system.cpu: T0 : 0x418624 @_IO_default_setbuf+132    : mov	DS:[rbx], eax         
69680000: system.cpu: T0 : 0x418626 @_IO_default_setbuf+134    : mov	rbx                   
69680000: system.cpu: T0 : 0x418629 @_IO_default_setbuf+137    : movups	DS:[rbx + 0x38], XMM0
69680000: system.cpu: T0 : 0x41862d @_IO_default_setbuf+141    : pxor	XMM0                 
69680000: system.cpu: T0 : 0x418631 @_IO_default_setbuf+145    : movups	DS:[rbx + 0x8], XMM0
69680000: system.cpu: T0 : 0x418635 @_IO_default_setbuf+149    : movups	DS:[rbx + 0x18], XMM0
69681000: system.cpu: T0 : 0x418639 @_IO_default_setbuf+153    : movups	DS:[rbx + 0x28], XMM0
69683000: system.cpu: T0 : 0x41863d @_IO_default_setbuf+157    : add	rsp, 0x8              
69683000: system.cpu: T0 : 0x418641 @_IO_default_setbuf+161    : pop	rbx                   
69683000: system.cpu: T0 : 0x418642 @_IO_default_setbuf+162    : pop	rbp                   
69684000: system.cpu: T0 : 0x418643 @_IO_default_setbuf+163    : pop	r12                   
69684000: system.cpu: T0 : 0x418645 @_IO_default_setbuf+165    : pop	r13                   
69684000: system.cpu: T0 : 0x418647 @_IO_default_setbuf+167    : ret	                      
69687000: system.cpu: T0 : 0x41474d @_IO_new_file_setbuf+13    : test	rax                  
69687000: system.cpu: T0 : 0x414750 @_IO_new_file_setbuf+16    : jz	0x18                   
69687000: system.cpu: T0 : 0x414752 @_IO_new_file_setbuf+18    : movq	XMM0, DS:[rbx + 0x38]
69687000: system.cpu: T0 : 0x414757 @_IO_new_file_setbuf+23    : mov	rbx                   
69687000: system.cpu: T0 : 0x41475a @_IO_new_file_setbuf+26    : punpcklqdq	XMM0           
69688000: system.cpu: T0 : 0x41475e @_IO_new_file_setbuf+30    : movups	DS:[rbx + 0x8], XMM0
69688000: system.cpu: T0 : 0x414762 @_IO_new_file_setbuf+34    : movups	DS:[rbx + 0x18], XMM0
69688000: system.cpu: T0 : 0x414766 @_IO_new_file_setbuf+38    : movups	DS:[rbx + 0x28], XMM0
69688000: system.cpu: T0 : 0x41476a @_IO_new_file_setbuf+42    : pop	rbx                   
69689000: system.cpu: T0 : 0x41476b @_IO_new_file_setbuf+43    : ret	                      
69691000: system.cpu: T0 : 0x418fc0 @_IO_cleanup+352    : mov	eax, DS:[rbx + 0xc0]  
69691000: system.cpu: T0 : 0x418fc6 @_IO_cleanup+358    : test	eax                  
69691000: system.cpu: T0 : 0x418fc8 @_IO_cleanup+360    : jle	0xe                   
69708000: system.cpu: T0 : 0x418fd8 @_IO_cleanup+376    : cmp	ebp, 0x2              
69708000: system.cpu: T0 : 0x418fdb @_IO_cleanup+379    : jz	0xffffffffffffff2f     
69708000: system.cpu: T0 : 0x418fe1 @_IO_cleanup+385    : mov	rdi, DS:[rbx + 0x88]  
69708000: system.cpu: T0 : 0x418fe8 @_IO_cleanup+392    : test	rdi                  
69708000: system.cpu: T0 : 0x418feb @_IO_cleanup+395    : jz	0xffffffffffffff1f     
69709000: system.cpu: T0 : 0x418ff1 @_IO_cleanup+401    : mov	eax, DS:[rdi + 0x4]   
69709000: system.cpu: T0 : 0x418ff4 @_IO_cleanup+404    : sub	eax, 0x1              
69709000: system.cpu: T0 : 0x418ff7 @_IO_cleanup+407    : mov	DS:[rdi + 0x4], eax   
69709000: system.cpu: T0 : 0x418ffa @_IO_cleanup+410    : jnz	0xffffffffffffff10    
69805000: system.cpu: T0 : 0x419000 @_IO_cleanup+416    : mov	DS:[rdi + 0x8], 0     
69805000: system.cpu: T0 : 0x419008 @_IO_cleanup+424    : xchg	DS:[rdi], eax        
69805000: system.cpu: T0 : 0x419008 @_IO_cleanup+424. 0 : 	XCHG_M_R.mfence           : IntAlu : 
69805000: system.cpu: T0 : 0x419008 @_IO_cleanup+424. 3 : 	XCHG_M_R.mfence           : IntAlu : 
69805000: system.cpu: T0 : 0x41900a @_IO_cleanup+426    : cmp	eax, 0x1              
69806000: system.cpu: T0 : 0x41900d @_IO_cleanup+429    : jle	0xfffffffffffffefd    
69836000: system.cpu: T0 : 0x418f10 @_IO_cleanup+176    : mov	DS:[rbx + 0xc0], 0xffffffffffffffff
69836000: system.cpu: T0 : 0x418f1a @_IO_cleanup+186    : mov	rbx, DS:[rbx + 0x68]  
69836000: system.cpu: T0 : 0x418f1e @_IO_cleanup+190    : test	rbx                  
69836000: system.cpu: T0 : 0x418f21 @_IO_cleanup+193    : jz	0xf9                   
69836000: system.cpu: T0 : 0x418f27 @_IO_cleanup+199    : mov	ebp, DS:[rbx]         
69837000: system.cpu: T0 : 0x418f29 @_IO_cleanup+201    : and	ebp, 0x2              
69837000: system.cpu: T0 : 0x418f2c @_IO_cleanup+204    : jnz	0xffffffffffffffe2    
69837000: system.cpu: T0 : 0x418f2e @_IO_cleanup+206    : mov	edx, DS:[rbx + 0xc0]  
69837000: system.cpu: T0 : 0x418f34 @_IO_cleanup+212    : test	edx                  
69837000: system.cpu: T0 : 0x418f36 @_IO_cleanup+214    : jz	0xffffffffffffffd8     
69947000: system.cpu: T0 : 0x418f10 @_IO_cleanup+176    : mov	DS:[rbx + 0xc0], 0xffffffffffffffff
69947000: system.cpu: T0 : 0x418f1a @_IO_cleanup+186    : mov	rbx, DS:[rbx + 0x68]  
69947000: system.cpu: T0 : 0x418f1e @_IO_cleanup+190    : test	rbx                  
69947000: system.cpu: T0 : 0x418f21 @_IO_cleanup+193    : jz	0xf9                   
69974000: system.cpu: T0 : 0x419020 @_IO_cleanup+448    : mov	eax, DS:[rip + 0xae16e]
69974000: system.cpu: T0 : 0x419026 @_IO_cleanup+454    : sub	eax, 0x1              
69974000: system.cpu: T0 : 0x419029 @_IO_cleanup+457    : mov	DS:[rip + 0xae165], eax
69974000: system.cpu: T0 : 0x41902f @_IO_cleanup+463    : test	eax                  
69974000: system.cpu: T0 : 0x419031 @_IO_cleanup+465    : jnz	0x16                  
69975000: system.cpu: T0 : 0x419033 @_IO_cleanup+467    : mov	DS:[rip + 0xae15a], 0 
70070000: system.cpu: T0 : 0x41903e @_IO_cleanup+478    : xchg	DS:[rip + 0xae14c], eax
70070000: system.cpu: T0 : 0x41903e @_IO_cleanup+478. 1 : 	XCHG_P_R.mfence           : IntAlu : 
70070000: system.cpu: T0 : 0x41903e @_IO_cleanup+478. 4 : 	XCHG_P_R.mfence           : IntAlu : 
70070000: system.cpu: T0 : 0x419044 @_IO_cleanup+484    : cmp	eax, 0x1              
70071000: system.cpu: T0 : 0x419047 @_IO_cleanup+487    : jnle	0x7c                 
70071000: system.cpu: T0 : 0x419049 @_IO_cleanup+489    : mov	r13                   
70071000: system.cpu: T0 : 0x41904c @_IO_cleanup+492    : call	0x12df               
70077000: system.cpu: T0 : 0x41a330 @__libc_cleanup_pop_restore    : hint	                     
70077000: system.cpu: T0 : 0x41a334 @__libc_cleanup_pop_restore+4    : mov	rax, DS:[rdi + 0x18]  
70079000: system.cpu: T0 : 0x41a338 @__libc_cleanup_pop_restore+8    : mov	FS:[t0 + t0 + 0x2f8], rax
70079000: system.cpu: T0 : 0x41a341 @__libc_cleanup_pop_restore+17    : mov	eax, DS:[rdi + 0x10]  
70079000: system.cpu: T0 : 0x41a344 @__libc_cleanup_pop_restore+20    : mov	FS:[t0 + t0 + 0x972], al
70079000: system.cpu: T0 : 0x41a34c @__libc_cleanup_pop_restore+28    : cmp	eax, 0x1              
70079000: system.cpu: T0 : 0x41a34f @__libc_cleanup_pop_restore+31    : jz	0x7                    
70080000: system.cpu: T0 : 0x41a351 @__libc_cleanup_pop_restore+33    : ret	                      
70082000: system.cpu: T0 : 0x419051 @_IO_cleanup+497    : mov	rax, SS:[t0 + rsp + 0x38]
70082000: system.cpu: T0 : 0x419056 @_IO_cleanup+502    : sub	rax, FS:[t0 + t0 + 0x28]
70082000: system.cpu: T0 : 0x41905f @_IO_cleanup+511    : jnz	0x90                  
70082000: system.cpu: T0 : 0x419065 @_IO_cleanup+517    : add	rsp, 0x48             
70083000: system.cpu: T0 : 0x419069 @_IO_cleanup+521    : mov	r12d                  
70083000: system.cpu: T0 : 0x41906c @_IO_cleanup+524    : pop	rbx                   
70083000: system.cpu: T0 : 0x41906d @_IO_cleanup+525    : pop	rbp                   
70083000: system.cpu: T0 : 0x41906e @_IO_cleanup+526    : pop	r12                   
70084000: system.cpu: T0 : 0x419070 @_IO_cleanup+528    : pop	r13                   
70084000: system.cpu: T0 : 0x419072 @_IO_cleanup+530    : pop	r14                   
70085000: system.cpu: T0 : 0x419074 @_IO_cleanup+532    : pop	r15                   
70085000: system.cpu: T0 : 0x419076 @_IO_cleanup+534    : ret	                      
70087000: system.cpu: T0 : 0x40a8fa @__run_exit_handlers+474    : add	rbx, 0x8              
70089000: system.cpu: T0 : 0x40a8fe @__run_exit_handlers+478    : cmp	r12                   
70089000: system.cpu: T0 : 0x40a901 @__run_exit_handlers+481    : jb	0xfffffffffffffff5     
70089000: system.cpu: T0 : 0x40a903 @__run_exit_handlers+483    : mov	ebp                   
70089000: system.cpu: T0 : 0x40a905 @__run_exit_handlers+485    : call	0x43c36              
70436000: system.cpu: T0 : 0x44e540 @_exit    : hint	                     
70436000: system.cpu: T0 : 0x44e544 @_exit+4    : mov	r15, 0xffffffffffffffb8
70436000: system.cpu: T0 : 0x44e54b @_exit+11    : mov	esi, 0xe7             
70436000: system.cpu: T0 : 0x44e550 @_exit+16    : mov	edx, 0x3c             
70436000: system.cpu: T0 : 0x44e555 @_exit+21    : jmp	0x16                  
70439000: system.cpu: T0 : 0x44e56d @_exit+45    : mov	esi                   
70439000: system.cpu: T0 : 0x44e56f @_exit+47    :   syscall                  : IntAlu : 
